2.500000000000000000e+01 2.500000000000000000e+01 1.499999999999999944e-01 8.000000000000000167e-02 1.164350646596662955e+02
2.500000000000000000e+01 2.500000000000000000e+01 1.499999999999999944e-01 1.199999999999999956e-01 1.161181031187821446e+02
2.500000000000000000e+01 2.500000000000000000e+01 1.499999999999999944e-01 1.807999999999999885e-01 2.302762139080719583e-01
2.500000000000000000e+01 2.500000000000000000e+01 1.000000000000000056e-01 8.160000000000000586e-02 1.020717478286260871e+02
2.500000000000000000e+01 2.500000000000000000e+01 1.000000000000000056e-01 1.295999999999999930e-01 2.798873811065218575e+01
2.500000000000000000e+01 2.500000000000000000e+01 2.500000000000000000e-01 8.319999999999999618e-02 1.234559701869650894e+02
2.500000000000000000e+01 2.500000000000000000e+01 2.500000000000000000e-01 1.391999999999999904e-01 1.487983184714753975e+02
2.500000000000000000e+01 2.500000000000000000e+01 2.500000000000000000e-01 1.839999999999999969e-01 1.562916180780327977e+02
2.500000000000000000e+01 2.500000000000000000e+01 2.500000000000000000e-01 2.336000000000000021e-01 6.114660514176847528e+01
2.500000000000000000e+01 2.500000000000000000e+01 2.000000000000000111e-01 8.959999999999999909e-02 1.282548058784906289e+02
2.500000000000000000e+01 2.500000000000000000e+01 2.000000000000000111e-01 1.328000000000000014e-01 1.284549222375005968e+02
2.500000000000000000e+01 2.500000000000000000e+01 2.000000000000000111e-01 1.680000000000000104e-01 1.459876857270179471e+02
2.500000000000000000e+01 2.500000000000000000e+01 3.499999999999999778e-01 8.000000000000000167e-02 1.346856855066018284e+02
2.500000000000000000e+01 2.500000000000000000e+01 3.499999999999999778e-01 1.328000000000000014e-01 1.668988134135251755e+02
2.500000000000000000e+01 2.500000000000000000e+01 3.499999999999999778e-01 1.711999999999999911e-01 1.755255719835014077e+02
2.500000000000000000e+01 2.500000000000000000e+01 3.499999999999999778e-01 2.207999999999999963e-01 1.168725706379402851e+02
2.500000000000000000e+01 2.500000000000000000e+01 3.499999999999999778e-01 2.720000000000000195e-01 6.117666018362278635e+01
2.500000000000000000e+01 2.500000000000000000e+01 3.499999999999999778e-01 3.215999999999999970e-01 5.971010866795052152e+01
2.500000000000000000e+01 2.500000000000000000e+01 2.999999999999999889e-01 8.160000000000000586e-02 1.305270462536393268e+02
2.500000000000000000e+01 2.500000000000000000e+01 2.999999999999999889e-01 1.280000000000000027e-01 1.552994784480416399e+02
2.500000000000000000e+01 2.500000000000000000e+01 2.999999999999999889e-01 1.776000000000000079e-01 1.528606518345308984e+02
2.500000000000000000e+01 2.500000000000000000e+01 2.999999999999999889e-01 2.272000000000000131e-01 9.491340636715001722e+01
2.500000000000000000e+01 2.500000000000000000e+01 2.999999999999999889e-01 2.816000000000000170e-01 7.161570730801537366e+01
2.500000000000000000e+01 2.500000000000000000e+01 4.500000000000000111e-01 8.160000000000000586e-02 1.380586880701218604e+02
2.500000000000000000e+01 2.500000000000000000e+01 4.500000000000000111e-01 1.232000000000000040e-01 1.618769625835776083e+02
2.500000000000000000e+01 2.500000000000000000e+01 4.500000000000000111e-01 1.855999999999999872e-01 1.805987569561732471e+02
2.500000000000000000e+01 2.500000000000000000e+01 4.500000000000000111e-01 2.159999999999999976e-01 2.009035527954503664e+02
2.500000000000000000e+01 2.500000000000000000e+01 4.500000000000000111e-01 2.671999999999999931e-01 2.047013315514868452e+02
2.500000000000000000e+01 2.500000000000000000e+01 4.500000000000000111e-01 3.168000000000000260e-01 9.225608154502980085e+01
2.500000000000000000e+01 2.500000000000000000e+01 4.500000000000000111e-01 3.840000000000000080e-01 5.701169074603707543e+01
2.500000000000000000e+01 2.500000000000000000e+01 4.500000000000000111e-01 4.239999999999999880e-01 6.413443973238405249e+01
2.500000000000000000e+01 2.500000000000000000e+01 4.000000000000000222e-01 7.839999999999999747e-02 1.365712528870143387e+02
2.500000000000000000e+01 2.500000000000000000e+01 4.000000000000000222e-01 1.232000000000000040e-01 1.533116615237145481e+02
2.500000000000000000e+01 2.500000000000000000e+01 4.000000000000000222e-01 2.031999999999999917e-01 1.088590419480622131e+02
2.500000000000000000e+01 2.500000000000000000e+01 4.000000000000000222e-01 2.288000000000000034e-01 2.053200736742335550e+02
2.500000000000000000e+01 2.500000000000000000e+01 4.000000000000000222e-01 2.720000000000000195e-01 2.032021013453069429e+02
2.500000000000000000e+01 2.500000000000000000e+01 4.000000000000000222e-01 3.311999999999999944e-01 9.305404876634679567e+01
2.500000000000000000e+01 2.500000000000000000e+01 4.000000000000000222e-01 3.711999999999999744e-01 5.211809125648602503e+01
2.500000000000000000e+01 2.500000000000000000e+01 5.500000000000000444e-01 9.919999999999999651e-02 1.498806132334458425e+02
2.500000000000000000e+01 2.500000000000000000e+01 5.500000000000000444e-01 1.247999999999999943e-01 1.666890921437855866e+02
2.500000000000000000e+01 2.500000000000000000e+01 5.500000000000000444e-01 1.839999999999999969e-01 1.939595920376248159e+02
2.500000000000000000e+01 2.500000000000000000e+01 5.500000000000000444e-01 2.303999999999999937e-01 2.219838828005591438e+02
2.500000000000000000e+01 2.500000000000000000e+01 5.500000000000000444e-01 3.024000000000000021e-01 2.375544361902971957e+02
2.500000000000000000e+01 2.500000000000000000e+01 5.500000000000000444e-01 3.343999999999999750e-01 1.346113722444995062e+02
2.500000000000000000e+01 2.500000000000000000e+01 5.500000000000000444e-01 3.824000000000000177e-01 1.519562736518752502e+02
2.500000000000000000e+01 2.500000000000000000e+01 5.500000000000000444e-01 4.176000000000000267e-01 8.280797399194480590e+01
2.500000000000000000e+01 2.500000000000000000e+01 5.000000000000000000e-01 9.120000000000000329e-02 1.454240726353700381e+02
2.500000000000000000e+01 2.500000000000000000e+01 5.000000000000000000e-01 1.247999999999999943e-01 1.650203583771661613e+02
2.500000000000000000e+01 2.500000000000000000e+01 5.000000000000000000e-01 1.743999999999999995e-01 1.826592094049253774e+02
2.500000000000000000e+01 2.500000000000000000e+01 5.000000000000000000e-01 2.495999999999999885e-01 2.069009024517525006e+02
2.500000000000000000e+01 2.500000000000000000e+01 5.000000000000000000e-01 2.928000000000000047e-01 1.218862938327580849e+02
2.500000000000000000e+01 2.500000000000000000e+01 5.000000000000000000e-01 3.200000000000000067e-01 9.846366177892693372e+01
2.500000000000000000e+01 2.500000000000000000e+01 5.000000000000000000e-01 3.824000000000000177e-01 8.394997916353402445e+01
2.500000000000000000e+01 2.500000000000000000e+01 5.000000000000000000e-01 4.159999999999999809e-01 1.074063872301124718e+02
2.500000000000000000e+01 2.500000000000000000e+01 5.999999999999999778e-01 1.199999999999999956e-01 1.621874888618424961e+02
2.500000000000000000e+01 2.500000000000000000e+01 5.999999999999999778e-01 1.600000000000000033e-01 1.761131735602276933e+02
2.500000000000000000e+01 2.500000000000000000e+01 5.999999999999999778e-01 2.048000000000000098e-01 2.067085362050444814e+02
2.500000000000000000e+01 2.500000000000000000e+01 5.999999999999999778e-01 3.168000000000000260e-01 2.395681593291947991e+02
2.500000000000000000e+01 2.500000000000000000e+01 5.999999999999999778e-01 3.711999999999999744e-01 1.483210306318504195e+02
2.500000000000000000e+01 2.500000000000000000e+01 5.999999999999999778e-01 4.400000000000000022e-01 9.256952527326602365e+01
