2.500000000000000000e+01 2.500000000000000000e+01 1.499999999999999944e-01 8.000000000000000167e-02 2.480330197059120110e+02
2.500000000000000000e+01 2.500000000000000000e+01 1.499999999999999944e-01 1.199999999999999956e-01 1.873795318832718522e+02
2.500000000000000000e+01 2.500000000000000000e+01 1.499999999999999944e-01 1.807999999999999885e-01 2.841118270541336255e-01
2.500000000000000000e+01 2.500000000000000000e+01 1.000000000000000056e-01 8.160000000000000586e-02 1.331658495846357937e+02
2.500000000000000000e+01 2.500000000000000000e+01 1.000000000000000056e-01 1.295999999999999930e-01 1.301048588693388979e+02
2.500000000000000000e+01 2.500000000000000000e+01 2.500000000000000000e-01 8.319999999999999618e-02 1.539389786441554691e+02
2.500000000000000000e+01 2.500000000000000000e+01 2.500000000000000000e-01 1.391999999999999904e-01 2.350677434820833867e+02
2.500000000000000000e+01 2.500000000000000000e+01 2.500000000000000000e-01 1.839999999999999969e-01 4.138697349853296146e+02
2.500000000000000000e+01 2.500000000000000000e+01 2.500000000000000000e-01 2.336000000000000021e-01 1.303192577052294325e+02
2.500000000000000000e+01 2.500000000000000000e+01 2.000000000000000111e-01 8.959999999999999909e-02 1.157239365766249648e+02
2.500000000000000000e+01 2.500000000000000000e+01 2.000000000000000111e-01 1.328000000000000014e-01 2.698016993444698528e+02
2.500000000000000000e+01 2.500000000000000000e+01 2.000000000000000111e-01 1.680000000000000104e-01 3.916929362981077247e+02
2.500000000000000000e+01 2.500000000000000000e+01 3.499999999999999778e-01 8.000000000000000167e-02 3.076612485588485129e+02
2.500000000000000000e+01 2.500000000000000000e+01 3.499999999999999778e-01 1.328000000000000014e-01 3.930244118841440013e+02
2.500000000000000000e+01 2.500000000000000000e+01 3.499999999999999778e-01 1.711999999999999911e-01 4.895857535945078780e+02
2.500000000000000000e+01 2.500000000000000000e+01 3.499999999999999778e-01 2.207999999999999963e-01 2.180559848495516064e+02
2.500000000000000000e+01 2.500000000000000000e+01 3.499999999999999778e-01 2.720000000000000195e-01 1.092237935509360511e+02
2.500000000000000000e+01 2.500000000000000000e+01 3.499999999999999778e-01 3.215999999999999970e-01 9.257062691326449055e+01
2.500000000000000000e+01 2.500000000000000000e+01 2.999999999999999889e-01 8.160000000000000586e-02 1.966916751051982430e+02
2.500000000000000000e+01 2.500000000000000000e+01 2.999999999999999889e-01 1.280000000000000027e-01 4.122296410333918288e+02
2.500000000000000000e+01 2.500000000000000000e+01 2.999999999999999889e-01 1.776000000000000079e-01 4.181369804717439251e+02
2.500000000000000000e+01 2.500000000000000000e+01 2.999999999999999889e-01 2.272000000000000131e-01 2.013821215105602391e+02
2.500000000000000000e+01 2.500000000000000000e+01 2.999999999999999889e-01 2.816000000000000170e-01 1.312203185493830802e+02
2.500000000000000000e+01 2.500000000000000000e+01 4.500000000000000111e-01 8.160000000000000586e-02 4.263365123803187657e+02
2.500000000000000000e+01 2.500000000000000000e+01 4.500000000000000111e-01 1.232000000000000040e-01 3.830985908519588179e+02
2.500000000000000000e+01 2.500000000000000000e+01 4.500000000000000111e-01 1.855999999999999872e-01 2.683798629305880468e+02
2.500000000000000000e+01 2.500000000000000000e+01 4.500000000000000111e-01 2.159999999999999976e-01 4.974031275111568675e+02
2.500000000000000000e+01 2.500000000000000000e+01 4.500000000000000111e-01 2.671999999999999931e-01 4.582437671224668634e+02
2.500000000000000000e+01 2.500000000000000000e+01 4.500000000000000111e-01 3.168000000000000260e-01 1.499817908677223386e+02
2.500000000000000000e+01 2.500000000000000000e+01 4.500000000000000111e-01 3.840000000000000080e-01 8.394129695925650481e+01
2.500000000000000000e+01 2.500000000000000000e+01 4.500000000000000111e-01 4.239999999999999880e-01 9.256941676839753086e+01
2.500000000000000000e+01 2.500000000000000000e+01 4.000000000000000222e-01 7.839999999999999747e-02 2.530880695615640548e+02
2.500000000000000000e+01 2.500000000000000000e+01 4.000000000000000222e-01 1.232000000000000040e-01 1.927788825366698120e+02
2.500000000000000000e+01 2.500000000000000000e+01 4.000000000000000222e-01 2.031999999999999917e-01 1.825335114277119999e+02
2.500000000000000000e+01 2.500000000000000000e+01 4.000000000000000222e-01 2.288000000000000034e-01 4.839940955822170849e+02
2.500000000000000000e+01 2.500000000000000000e+01 4.000000000000000222e-01 2.720000000000000195e-01 4.540908448862115847e+02
2.500000000000000000e+01 2.500000000000000000e+01 4.000000000000000222e-01 3.311999999999999944e-01 1.467210781967487492e+02
2.500000000000000000e+01 2.500000000000000000e+01 4.000000000000000222e-01 3.711999999999999744e-01 7.905590820082647951e+01
2.500000000000000000e+01 2.500000000000000000e+01 5.500000000000000444e-01 9.919999999999999651e-02 3.732018838935066469e+02
2.500000000000000000e+01 2.500000000000000000e+01 5.500000000000000444e-01 1.247999999999999943e-01 3.913441304001710819e+02
2.500000000000000000e+01 2.500000000000000000e+01 5.500000000000000444e-01 1.839999999999999969e-01 3.452104346704161912e+02
2.500000000000000000e+01 2.500000000000000000e+01 5.500000000000000444e-01 2.303999999999999937e-01 5.093741303812338970e+02
2.500000000000000000e+01 2.500000000000000000e+01 5.500000000000000444e-01 3.024000000000000021e-01 4.953802710243664933e+02
2.500000000000000000e+01 2.500000000000000000e+01 5.500000000000000444e-01 3.343999999999999750e-01 2.294546068803721255e+02
2.500000000000000000e+01 2.500000000000000000e+01 5.500000000000000444e-01 3.824000000000000177e-01 2.307871937460874108e+02
2.500000000000000000e+01 2.500000000000000000e+01 5.500000000000000444e-01 4.176000000000000267e-01 1.272490013602308636e+02
2.500000000000000000e+01 2.500000000000000000e+01 5.000000000000000000e-01 9.120000000000000329e-02 3.697039515048485896e+02
2.500000000000000000e+01 2.500000000000000000e+01 5.000000000000000000e-01 1.247999999999999943e-01 2.937809565807580725e+02
2.500000000000000000e+01 2.500000000000000000e+01 5.000000000000000000e-01 1.743999999999999995e-01 2.554054099372524433e+02
2.500000000000000000e+01 2.500000000000000000e+01 5.000000000000000000e-01 2.495999999999999885e-01 4.597648132362689921e+02
2.500000000000000000e+01 2.500000000000000000e+01 5.000000000000000000e-01 2.928000000000000047e-01 2.205106956471274771e+02
2.500000000000000000e+01 2.500000000000000000e+01 5.000000000000000000e-01 3.200000000000000067e-01 1.524544542323735641e+02
2.500000000000000000e+01 2.500000000000000000e+01 5.000000000000000000e-01 3.824000000000000177e-01 1.193431360708030979e+02
2.500000000000000000e+01 2.500000000000000000e+01 5.000000000000000000e-01 4.159999999999999809e-01 1.496841981820307694e+02
2.500000000000000000e+01 2.500000000000000000e+01 5.999999999999999778e-01 1.199999999999999956e-01 3.970143240859816274e+02
2.500000000000000000e+01 2.500000000000000000e+01 5.999999999999999778e-01 1.600000000000000033e-01 5.312985859691071937e+02
2.500000000000000000e+01 2.500000000000000000e+01 5.999999999999999778e-01 2.048000000000000098e-01 5.287554386257569377e+02
2.500000000000000000e+01 2.500000000000000000e+01 5.999999999999999778e-01 3.168000000000000260e-01 4.910546745102741397e+02
2.500000000000000000e+01 2.500000000000000000e+01 5.999999999999999778e-01 3.711999999999999744e-01 2.329067915187681876e+02
2.500000000000000000e+01 2.500000000000000000e+01 5.999999999999999778e-01 4.400000000000000022e-01 1.253643365926186419e+02
