# File created on Mon Mar 23 11:50:45 2020

25 25 0.15 0.1808 0.965862068965517 0.0441379310344828 1 1 0.01 1 

25 25 0.1 0.1296 0.965862068965517 0.0441379310344828 1 1 0.01 1 

25 25 0.25 0.184 0.965862068965517 0.0441379310344828 0.96 1 0.01 0.98 

25 25 0.25 0.2336 0.965862068965517 0.0441379310344828 1 1 0.01 1 

25 25 0.2 0.168 0.965862068965517 0.0441379310344828 1 1 0.01 1 

25 25 0.35 0.2208 0.965862068965517 0.0441379310344828 1 1 0.01 0.97 

25 25 0.35 0.272 0.965862068965517 0.0441379310344828 1 1 0.01 1 

25 25 0.35 0.3216 0.965862068965517 0.0441379310344828 0.97 1 0.01 1 

25 25 0.3 0.2272 0.965862068965517 0.0441379310344828 1 1 0.01 1 

25 25 0.3 0.2816 0.965862068965517 0.0441379310344828 1 1 0.01 1 

25 25 0.45 0.2672 0.965862068965517 0.0441379310344828 0.99 1 0.01 0.99 

25 25 0.45 0.3168 0.965862068965517 0.0441379310344828 0.99 1 0.01 1 

25 25 0.45 0.384 0.965862068965517 0.0441379310344828 1 1 0.01 0.99 

25 25 0.45 0.424 0.965862068965517 0.0441379310344828 1 1 0.01 1 

25 25 0.4 0.272 0.965862068965517 0.0441379310344828 0.99 1 0.01 1 

25 25 0.4 0.3312 0.965862068965517 0.0441379310344828 1 1 0.01 0.98 

25 25 0.4 0.3712 0.965862068965517 0.0441379310344828 1 1 0.01 1 

25 25 0.55 0.3344 0.965862068965517 0.0441379310344828 0.99 1 0.01 0.99 

25 25 0.55 0.3824 0.965862068965517 0.0441379310344828 0.98 1 0.01 0.95 

25 25 0.55 0.4176 0.965862068965517 0.0441379310344828 0.99 1 0.01 0.98 

25 25 0.5 0.32 0.965862068965517 0.0441379310344828 0.98 1 0.01 1 

25 25 0.5 0.3824 0.965862068965517 0.0441379310344828 0.99 1 0.01 0.97 

25 25 0.5 0.416 0.965862068965517 0.0441379310344828 1 1 0.01 0.97 

25 25 0.6 0.3168 0.965862068965517 0.0441379310344828 1 1 0.01 1 

25 25 0.6 0.3712 0.965862068965517 0.0441379310344828 1 1 0.01 0.99 

25 25 0.6 0.4176 0.965862068965517 0.0441379310344828 0.97 1 0.01 0.97 

