5.000000000000000000e+01 2.500000000000000000e+01 1.499999999999999944e-01 8.480000000000000038e-02 1.615827573558086101e+02
5.000000000000000000e+01 2.500000000000000000e+01 1.499999999999999944e-01 1.199999999999999956e-01 8.861574220537337965e+01
5.000000000000000000e+01 2.500000000000000000e+01 1.000000000000000056e-01 8.319999999999999618e-02 1.423165006093830698e+02
5.000000000000000000e+01 2.500000000000000000e+01 2.500000000000000000e-01 1.223999999999999949e-01 1.983172346156570427e+02
5.000000000000000000e+01 2.500000000000000000e+01 2.500000000000000000e-01 1.655999999999999972e-01 1.192555017551640475e+02
5.000000000000000000e+01 2.500000000000000000e+01 2.500000000000000000e-01 2.223999999999999866e-01 4.258868955256197353e+01
5.000000000000000000e+01 2.500000000000000000e+01 2.000000000000000111e-01 1.192000000000000004e-01 1.812399951000392946e+02
5.000000000000000000e+01 2.500000000000000000e+01 2.000000000000000111e-01 1.680000000000000104e-01 5.832625725298234443e+01
5.000000000000000000e+01 2.500000000000000000e+01 3.499999999999999778e-01 1.807999999999999885e-01 1.000691174672023607e+02
5.000000000000000000e+01 2.500000000000000000e+01 3.499999999999999778e-01 2.295999999999999985e-01 1.102623282925444244e+02
5.000000000000000000e+01 2.500000000000000000e+01 3.499999999999999778e-01 2.792000000000000037e-01 6.933711733407881184e+01
5.000000000000000000e+01 2.500000000000000000e+01 3.499999999999999778e-01 3.320000000000000173e-01 4.752800830915764152e+01
5.000000000000000000e+01 2.500000000000000000e+01 2.999999999999999889e-01 1.791999999999999982e-01 1.015258606609703236e+02
5.000000000000000000e+01 2.500000000000000000e+01 2.999999999999999889e-01 2.295999999999999985e-01 8.778385904480050783e+01
5.000000000000000000e+01 2.500000000000000000e+01 2.999999999999999889e-01 2.792000000000000037e-01 3.352395952228063436e+01
5.000000000000000000e+01 2.500000000000000000e+01 4.500000000000000111e-01 1.703999999999999959e-01 1.331994139150167200e+02
5.000000000000000000e+01 2.500000000000000000e+01 4.500000000000000111e-01 2.295999999999999985e-01 3.120850788436223979e+02
5.000000000000000000e+01 2.500000000000000000e+01 4.500000000000000111e-01 2.767999999999999905e-01 1.219574354531249725e+02
5.000000000000000000e+01 2.500000000000000000e+01 4.500000000000000111e-01 3.327999999999999847e-01 6.935483053487585892e+01
5.000000000000000000e+01 2.500000000000000000e+01 4.500000000000000111e-01 3.824000000000000177e-01 4.730269980727211987e+01
5.000000000000000000e+01 2.500000000000000000e+01 4.500000000000000111e-01 4.335999999999999854e-01 3.750209454192349767e+01
5.000000000000000000e+01 2.500000000000000000e+01 4.000000000000000222e-01 1.759999999999999898e-01 2.499534642239314906e+02
5.000000000000000000e+01 2.500000000000000000e+01 4.000000000000000222e-01 2.200000000000000011e-01 1.457032381215500436e+02
5.000000000000000000e+01 2.500000000000000000e+01 4.000000000000000222e-01 2.752000000000000002e-01 9.821399558089673576e+01
5.000000000000000000e+01 2.500000000000000000e+01 4.000000000000000222e-01 3.200000000000000067e-01 7.400280202640469440e+01
5.000000000000000000e+01 2.500000000000000000e+01 4.000000000000000222e-01 3.847999999999999754e-01 4.511815149186705298e+01
5.000000000000000000e+01 2.500000000000000000e+01 5.500000000000000444e-01 2.175999999999999879e-01 3.059655218712771330e+02
5.000000000000000000e+01 2.500000000000000000e+01 5.500000000000000444e-01 2.776000000000000134e-01 1.034216634528775387e+02
5.000000000000000000e+01 2.500000000000000000e+01 5.500000000000000444e-01 3.320000000000000173e-01 9.632204029916049137e+01
5.000000000000000000e+01 2.500000000000000000e+01 5.500000000000000444e-01 3.679999999999999938e-01 1.038567637815274338e+02
5.000000000000000000e+01 2.500000000000000000e+01 5.500000000000000444e-01 4.344000000000000083e-01 5.100186874809016757e+01
5.000000000000000000e+01 2.500000000000000000e+01 5.000000000000000000e-01 2.240000000000000047e-01 1.593267670605420676e+02
5.000000000000000000e+01 2.500000000000000000e+01 5.000000000000000000e-01 2.736000000000000099e-01 1.261723864649402458e+02
5.000000000000000000e+01 2.500000000000000000e+01 5.000000000000000000e-01 3.287999999999999812e-01 7.007457407648792014e+01
5.000000000000000000e+01 2.500000000000000000e+01 5.000000000000000000e-01 3.672000000000000264e-01 1.192811519057655971e+02
5.000000000000000000e+01 2.500000000000000000e+01 5.000000000000000000e-01 4.272000000000000242e-01 4.454746041533390155e+01
5.000000000000000000e+01 2.500000000000000000e+01 5.999999999999999778e-01 2.343999999999999972e-01 3.164498733764645522e+02
5.000000000000000000e+01 2.500000000000000000e+01 5.999999999999999778e-01 2.680000000000000160e-01 1.302893572237447302e+02
5.000000000000000000e+01 2.500000000000000000e+01 5.999999999999999778e-01 3.343999999999999750e-01 1.155458968219130043e+02
5.000000000000000000e+01 2.500000000000000000e+01 5.999999999999999778e-01 3.831999999999999851e-01 1.519704133957208398e+02
5.000000000000000000e+01 2.500000000000000000e+01 5.999999999999999778e-01 4.272000000000000242e-01 6.530773886906213477e+01
