# File created on Mon Mar 23 11:50:45 2020

25 25 0.15 0.1808 

25 25 0.1 0.1296 

25 25 0.25 0.184 

25 25 0.25 0.2336 

25 25 0.2 0.168 

25 25 0.35 0.2208 

25 25 0.35 0.272 

25 25 0.35 0.3216 

25 25 0.3 0.2272 

25 25 0.3 0.2816 

25 25 0.45 0.2672 

25 25 0.45 0.3168 

25 25 0.45 0.384 

25 25 0.45 0.424 

25 25 0.4 0.272 

25 25 0.4 0.3312 

25 25 0.4 0.3712 

25 25 0.55 0.3344 

25 25 0.55 0.3824 

25 25 0.55 0.4176 

25 25 0.5 0.32 

25 25 0.5 0.3824 

25 25 0.5 0.416 

25 25 0.6 0.3168 

25 25 0.6 0.3712 

25 25 0.6 0.4176 

