5.000000000000000000e+01 2.500000000000000000e+01 1.499999999999999944e-01 8.480000000000000038e-02 7.604957601494169239e+02
5.000000000000000000e+01 2.500000000000000000e+01 1.499999999999999944e-01 1.199999999999999956e-01 3.640373288479217422e+02
5.000000000000000000e+01 2.500000000000000000e+01 1.000000000000000056e-01 8.319999999999999618e-02 7.175304503239167389e+02
5.000000000000000000e+01 2.500000000000000000e+01 2.500000000000000000e-01 1.223999999999999949e-01 7.940406106466743950e+02
5.000000000000000000e+01 2.500000000000000000e+01 2.500000000000000000e-01 1.655999999999999972e-01 3.988935063773947149e+02
5.000000000000000000e+01 2.500000000000000000e+01 2.500000000000000000e-01 2.223999999999999866e-01 9.502703229016800890e+01
5.000000000000000000e+01 2.500000000000000000e+01 2.000000000000000111e-01 1.192000000000000004e-01 7.604957601494169239e+02
5.000000000000000000e+01 2.500000000000000000e+01 2.000000000000000111e-01 1.680000000000000104e-01 1.753951010015153997e+02
5.000000000000000000e+01 2.500000000000000000e+01 3.499999999999999778e-01 1.807999999999999885e-01 2.680514397405416958e+02
5.000000000000000000e+01 2.500000000000000000e+01 3.499999999999999778e-01 2.295999999999999985e-01 2.744134601382963865e+02
5.000000000000000000e+01 2.500000000000000000e+01 3.499999999999999778e-01 2.792000000000000037e-01 1.295180724106375578e+02
5.000000000000000000e+01 2.500000000000000000e+01 3.499999999999999778e-01 3.320000000000000173e-01 8.236244414326138497e+01
5.000000000000000000e+01 2.500000000000000000e+01 2.999999999999999889e-01 1.791999999999999982e-01 2.773735904733355255e+02
5.000000000000000000e+01 2.500000000000000000e+01 2.999999999999999889e-01 2.295999999999999985e-01 2.005734322227299344e+02
5.000000000000000000e+01 2.500000000000000000e+01 2.999999999999999889e-01 2.792000000000000037e-01 8.550230407204489325e+01
5.000000000000000000e+01 2.500000000000000000e+01 4.500000000000000111e-01 1.703999999999999959e-01 4.402537467935064228e+02
5.000000000000000000e+01 2.500000000000000000e+01 4.500000000000000111e-01 2.295999999999999985e-01 8.867001017945775629e+02
5.000000000000000000e+01 2.500000000000000000e+01 4.500000000000000111e-01 2.767999999999999905e-01 2.684905369715157235e+02
5.000000000000000000e+01 2.500000000000000000e+01 4.500000000000000111e-01 3.327999999999999847e-01 1.207972577169798853e+02
5.000000000000000000e+01 2.500000000000000000e+01 4.500000000000000111e-01 3.824000000000000177e-01 7.376710122891041976e+01
5.000000000000000000e+01 2.500000000000000000e+01 4.500000000000000111e-01 4.335999999999999854e-01 4.664028586878942662e+01
5.000000000000000000e+01 2.500000000000000000e+01 4.000000000000000222e-01 1.759999999999999898e-01 8.527075747900901206e+02
5.000000000000000000e+01 2.500000000000000000e+01 4.000000000000000222e-01 2.200000000000000011e-01 4.199545230936287226e+02
5.000000000000000000e+01 2.500000000000000000e+01 4.000000000000000222e-01 2.752000000000000002e-01 2.021698841608877046e+02
5.000000000000000000e+01 2.500000000000000000e+01 4.000000000000000222e-01 3.200000000000000067e-01 1.315442071825935670e+02
5.000000000000000000e+01 2.500000000000000000e+01 4.000000000000000222e-01 3.847999999999999754e-01 6.893627488191157227e+01
5.000000000000000000e+01 2.500000000000000000e+01 5.500000000000000444e-01 2.175999999999999879e-01 9.005052917178611551e+02
5.000000000000000000e+01 2.500000000000000000e+01 5.500000000000000444e-01 2.776000000000000134e-01 2.029798254193175922e+02
5.000000000000000000e+01 2.500000000000000000e+01 5.500000000000000444e-01 3.320000000000000173e-01 1.646575997742534980e+02
5.000000000000000000e+01 2.500000000000000000e+01 5.500000000000000444e-01 3.679999999999999938e-01 1.648182086829145874e+02
5.000000000000000000e+01 2.500000000000000000e+01 5.500000000000000444e-01 4.344000000000000083e-01 6.912165766973781444e+01
5.000000000000000000e+01 2.500000000000000000e+01 5.000000000000000000e-01 2.240000000000000047e-01 4.490371190050415180e+02
5.000000000000000000e+01 2.500000000000000000e+01 5.000000000000000000e-01 2.736000000000000099e-01 2.793866994924933351e+02
5.000000000000000000e+01 2.500000000000000000e+01 5.000000000000000000e-01 3.287999999999999812e-01 1.196337554654434143e+02
5.000000000000000000e+01 2.500000000000000000e+01 5.000000000000000000e-01 3.672000000000000264e-01 2.034972003069150048e+02
5.000000000000000000e+01 2.500000000000000000e+01 5.000000000000000000e-01 4.272000000000000242e-01 6.478126155180892454e+01
5.000000000000000000e+01 2.500000000000000000e+01 5.999999999999999778e-01 2.343999999999999972e-01 8.846716462784031592e+02
5.000000000000000000e+01 2.500000000000000000e+01 5.999999999999999778e-01 2.680000000000000160e-01 2.805620581274306460e+02
5.000000000000000000e+01 2.500000000000000000e+01 5.999999999999999778e-01 3.343999999999999750e-01 2.055080156639022846e+02
5.000000000000000000e+01 2.500000000000000000e+01 5.999999999999999778e-01 3.831999999999999851e-01 2.940985796105926511e+02
5.000000000000000000e+01 2.500000000000000000e+01 5.999999999999999778e-01 4.272000000000000242e-01 9.314221410159612446e+01
