# File created on Mon Mar 23 11:50:45 2020

25 25 0.15 0.1808 1 0.01 1 

25 25 0.1 0.1296 1 0.01 1 

25 25 0.25 0.184 1 0.01 0.99 

25 25 0.25 0.2336 1 0.01 1 

25 25 0.2 0.168 1 0.01 1 

25 25 0.35 0.2208 1 0.01 0.97 

25 25 0.35 0.272 1 0.01 1 

25 25 0.35 0.3216 1 0.01 1 

25 25 0.3 0.2272 1 0.01 1 

25 25 0.3 0.2816 1 0.01 1 

25 25 0.45 0.2672 1 0.01 1 

25 25 0.45 0.3168 1 0.01 1 

25 25 0.45 0.384 1 0.01 1 

25 25 0.45 0.424 1 0.01 1 

25 25 0.4 0.272 1 0.01 1 

25 25 0.4 0.3312 1 0.01 1 

25 25 0.4 0.3712 1 0.01 1 

25 25 0.55 0.3344 1 0.01 1 

25 25 0.55 0.3824 1 0.01 0.98 

25 25 0.55 0.4176 1 0.01 0.97 

25 25 0.5 0.32 1 0.01 0.99 

25 25 0.5 0.3824 1 0.01 1 

25 25 0.5 0.416 1 0.01 1 

25 25 0.6 0.3168 1 0.01 1 

25 25 0.6 0.3712 1 0.01 1 

25 25 0.6 0.4176 1 0.01 0.97 

