# File created on Mon Mar 23 11:50:45 2020
optimal_matrices/consumption/Nr25_Nc25/RandTrix_Nr25_Nc25_Nest0.15_Conn0.1808.txt 0.965862068965517 0.01 1 1 0.01 1 
optimal_matrices/consumption/Nr25_Nc25/RandTrix_Nr25_Nc25_Nest0.1_Conn0.1296.txt 0.965862068965517 0.01 0.99 1 0.01 0.98 
optimal_matrices/consumption/Nr25_Nc25/RandTrix_Nr25_Nc25_Nest0.25_Conn0.184.txt 0.965862068965517 0.01 0.99 1 0.01 0.97 
optimal_matrices/consumption/Nr25_Nc25/RandTrix_Nr25_Nc25_Nest0.25_Conn0.2336.txt 0.965862068965517 0.01 1 1 0.01 1 
optimal_matrices/consumption/Nr25_Nc25/RandTrix_Nr25_Nc25_Nest0.2_Conn0.168.txt 0.965862068965517 0.01 1 1 0.01 1 
optimal_matrices/consumption/Nr25_Nc25/RandTrix_Nr25_Nc25_Nest0.35_Conn0.2208.txt 0.965862068965517 0.01 0.96 1 0.01 0.99 
optimal_matrices/consumption/Nr25_Nc25/RandTrix_Nr25_Nc25_Nest0.35_Conn0.272.txt 0.965862068965517 0.01 1 1 0.01 1 
optimal_matrices/consumption/Nr25_Nc25/RandTrix_Nr25_Nc25_Nest0.35_Conn0.3216.txt 0.965862068965517 0.01 1 1 0.01 1 
optimal_matrices/consumption/Nr25_Nc25/RandTrix_Nr25_Nc25_Nest0.3_Conn0.2272.txt 0.965862068965517 0.01 1 1 0.01 1 
optimal_matrices/consumption/Nr25_Nc25/RandTrix_Nr25_Nc25_Nest0.3_Conn0.2816.txt 0.965862068965517 0.01 1 1 0.01 0.99 
optimal_matrices/consumption/Nr25_Nc25/RandTrix_Nr25_Nc25_Nest0.45_Conn0.2672.txt 0.965862068965517 0.01 0.97 1 0.01 0.99 
optimal_matrices/consumption/Nr25_Nc25/RandTrix_Nr25_Nc25_Nest0.45_Conn0.3168.txt 0.965862068965517 0.01 0.97 1 0.01 0.99 
optimal_matrices/consumption/Nr25_Nc25/RandTrix_Nr25_Nc25_Nest0.45_Conn0.384.txt 0.965862068965517 0.01 1 1 0.01 1 
optimal_matrices/consumption/Nr25_Nc25/RandTrix_Nr25_Nc25_Nest0.45_Conn0.424.txt 0.965862068965517 0.01 1 1 0.01 1 
optimal_matrices/consumption/Nr25_Nc25/RandTrix_Nr25_Nc25_Nest0.4_Conn0.272.txt 0.965862068965517 0.01 1 1 0.01 1 
optimal_matrices/consumption/Nr25_Nc25/RandTrix_Nr25_Nc25_Nest0.4_Conn0.3312.txt 0.965862068965517 0.01 1 1 0.01 0.99 
optimal_matrices/consumption/Nr25_Nc25/RandTrix_Nr25_Nc25_Nest0.4_Conn0.3712.txt 0.965862068965517 0.01 1 1 0.01 1 
optimal_matrices/consumption/Nr25_Nc25/RandTrix_Nr25_Nc25_Nest0.55_Conn0.3344.txt 0.965862068965517 0.01 1 1 0.01 1 
optimal_matrices/consumption/Nr25_Nc25/RandTrix_Nr25_Nc25_Nest0.55_Conn0.3824.txt 0.965862068965517 0.01 0.98 1 0.01 0.97 
optimal_matrices/consumption/Nr25_Nc25/RandTrix_Nr25_Nc25_Nest0.55_Conn0.4176.txt 0.965862068965517 0.01 0.95 1 0.01 0.95 
optimal_matrices/consumption/Nr25_Nc25/RandTrix_Nr25_Nc25_Nest0.5_Conn0.32.txt 0.965862068965517 0.01 1 1 0.01 1 
optimal_matrices/consumption/Nr25_Nc25/RandTrix_Nr25_Nc25_Nest0.5_Conn0.3824.txt 0.965862068965517 0.01 1 1 0.01 0.99 
optimal_matrices/consumption/Nr25_Nc25/RandTrix_Nr25_Nc25_Nest0.5_Conn0.416.txt 0.965862068965517 0.01 1 1 0.01 1 
optimal_matrices/consumption/Nr25_Nc25/RandTrix_Nr25_Nc25_Nest0.6_Conn0.3168.txt 0.965862068965517 0.01 1 1 0.01 1 
optimal_matrices/consumption/Nr25_Nc25/RandTrix_Nr25_Nc25_Nest0.6_Conn0.3712.txt 0.965862068965517 0.01 0.98 1 0.01 0.98 
optimal_matrices/consumption/Nr25_Nc25/RandTrix_Nr25_Nc25_Nest0.6_Conn0.4176.txt 0.965862068965517 0.01 0.96 1 0.01 0.9 
