5.000000000000000000e+01 2.500000000000000000e+01 1.499999999999999944e-01 8.480000000000000038e-02 7.731518693832786084e+02
5.000000000000000000e+01 2.500000000000000000e+01 1.499999999999999944e-01 1.199999999999999956e-01 3.661938997554872799e+02
5.000000000000000000e+01 2.500000000000000000e+01 1.000000000000000056e-01 8.319999999999999618e-02 7.264480281302367075e+02
5.000000000000000000e+01 2.500000000000000000e+01 2.500000000000000000e-01 1.223999999999999949e-01 8.204617893966444626e+02
5.000000000000000000e+01 2.500000000000000000e+01 2.500000000000000000e-01 1.655999999999999972e-01 3.976271269529905794e+02
5.000000000000000000e+01 2.500000000000000000e+01 2.500000000000000000e-01 2.223999999999999866e-01 9.610790569177022746e+01
5.000000000000000000e+01 2.500000000000000000e+01 2.000000000000000111e-01 1.192000000000000004e-01 7.512137231481306117e+02
5.000000000000000000e+01 2.500000000000000000e+01 2.000000000000000111e-01 1.680000000000000104e-01 1.799929908548623416e+02
5.000000000000000000e+01 2.500000000000000000e+01 3.499999999999999778e-01 1.807999999999999885e-01 2.686934402599837313e+02
5.000000000000000000e+01 2.500000000000000000e+01 3.499999999999999778e-01 2.295999999999999985e-01 2.737385612261894607e+02
5.000000000000000000e+01 2.500000000000000000e+01 3.499999999999999778e-01 2.792000000000000037e-01 1.341132579776787850e+02
5.000000000000000000e+01 2.500000000000000000e+01 3.499999999999999778e-01 3.320000000000000173e-01 8.586982130663425039e+01
5.000000000000000000e+01 2.500000000000000000e+01 2.999999999999999889e-01 1.791999999999999982e-01 2.828631661026326469e+02
5.000000000000000000e+01 2.500000000000000000e+01 2.999999999999999889e-01 2.295999999999999985e-01 2.054308297151378326e+02
5.000000000000000000e+01 2.500000000000000000e+01 2.999999999999999889e-01 2.792000000000000037e-01 9.111154351739322976e+01
5.000000000000000000e+01 2.500000000000000000e+01 4.500000000000000111e-01 1.703999999999999959e-01 4.367057247370223081e+02
5.000000000000000000e+01 2.500000000000000000e+01 4.500000000000000111e-01 2.295999999999999985e-01 9.125484311079918598e+02
5.000000000000000000e+01 2.500000000000000000e+01 4.500000000000000111e-01 2.767999999999999905e-01 2.697086169342519497e+02
5.000000000000000000e+01 2.500000000000000000e+01 4.500000000000000111e-01 3.327999999999999847e-01 1.237473323361542015e+02
5.000000000000000000e+01 2.500000000000000000e+01 4.500000000000000111e-01 3.824000000000000177e-01 7.777852455241433915e+01
5.000000000000000000e+01 2.500000000000000000e+01 4.500000000000000111e-01 4.335999999999999854e-01 5.232351578311695306e+01
5.000000000000000000e+01 2.500000000000000000e+01 4.000000000000000222e-01 1.759999999999999898e-01 8.669629224574780437e+02
5.000000000000000000e+01 2.500000000000000000e+01 4.000000000000000222e-01 2.200000000000000011e-01 4.334347059146899710e+02
5.000000000000000000e+01 2.500000000000000000e+01 4.000000000000000222e-01 2.752000000000000002e-01 2.066783941145393442e+02
5.000000000000000000e+01 2.500000000000000000e+01 4.000000000000000222e-01 3.200000000000000067e-01 1.339349842626425300e+02
5.000000000000000000e+01 2.500000000000000000e+01 4.000000000000000222e-01 3.847999999999999754e-01 7.202920497475444961e+01
5.000000000000000000e+01 2.500000000000000000e+01 5.500000000000000444e-01 2.175999999999999879e-01 8.947066505985852700e+02
5.000000000000000000e+01 2.500000000000000000e+01 5.500000000000000444e-01 2.776000000000000134e-01 2.096223123375810928e+02
5.000000000000000000e+01 2.500000000000000000e+01 5.500000000000000444e-01 3.320000000000000173e-01 1.706708047178551908e+02
5.000000000000000000e+01 2.500000000000000000e+01 5.500000000000000444e-01 3.679999999999999938e-01 1.706175885566503894e+02
5.000000000000000000e+01 2.500000000000000000e+01 5.500000000000000444e-01 4.344000000000000083e-01 7.711823702061461461e+01
5.000000000000000000e+01 2.500000000000000000e+01 5.000000000000000000e-01 2.240000000000000047e-01 4.576982066530224529e+02
5.000000000000000000e+01 2.500000000000000000e+01 5.000000000000000000e-01 2.736000000000000099e-01 2.782519934040117846e+02
5.000000000000000000e+01 2.500000000000000000e+01 5.000000000000000000e-01 3.287999999999999812e-01 1.245386644030234038e+02
5.000000000000000000e+01 2.500000000000000000e+01 5.000000000000000000e-01 3.672000000000000264e-01 2.128374583378694354e+02
5.000000000000000000e+01 2.500000000000000000e+01 5.000000000000000000e-01 4.272000000000000242e-01 6.890833710056742234e+01
5.000000000000000000e+01 2.500000000000000000e+01 5.999999999999999778e-01 2.343999999999999972e-01 9.192169506782756798e+02
5.000000000000000000e+01 2.500000000000000000e+01 5.999999999999999778e-01 2.680000000000000160e-01 2.871811002674909332e+02
5.000000000000000000e+01 2.500000000000000000e+01 5.999999999999999778e-01 3.343999999999999750e-01 2.105807560034247103e+02
5.000000000000000000e+01 2.500000000000000000e+01 5.999999999999999778e-01 3.831999999999999851e-01 2.911244382141105689e+02
5.000000000000000000e+01 2.500000000000000000e+01 5.999999999999999778e-01 4.272000000000000242e-01 9.722967771246588597e+01
