Metaparameters loaded : gamma0 = 0.75; alpha0 = 0.0001; sigma0 = 0.25; l0 = 1;p = 1; R0 = 1; S0 = 0.05; NR = 50; NS = 25; matrix path = matrix_list/full_rank_opt_consumption_mat_NR50_NS25_2.in; convergence threshold = 1e-08
Initiated random engine with seed 0
Random engine initialized
Created initial alpha guess with nestedness 0.776343
	 Step 0, T=4.95, cost function=112984, nestedness=0.776343, connectance=0.7136
	 Step 10000, T=9.04677, cost function=100725, nestedness=0.903025, connectance=0.7136
	 Step 20000, T=8.86674, cost function=100392, nestedness=0.916467, connectance=0.7136
	 Step 30000, T=8.77807, cost function=100404, nestedness=0.906383, connectance=0.7136
	 Step 40000, T=8.77807, cost function=100212, nestedness=0.916934, connectance=0.7136
	 Step 50000, T=8.77807, cost function=100397, nestedness=0.922401, connectance=0.7136
	 Step 60000, T=8.77807, cost function=100377, nestedness=0.913468, connectance=0.7136
	 Step 70000, T=8.86674, cost function=100513, nestedness=0.908397, connectance=0.7136
	 Step 80000, T=8.77807, cost function=100521, nestedness=0.90579, connectance=0.7136
	 Step 90000, T=8.77807, cost function=100336, nestedness=0.912051, connectance=0.7136
	 Step 100000, T=8.77807, cost function=100280, nestedness=0.915524, connectance=0.7136
	 Step 110000, T=8.86674, cost function=100467, nestedness=0.909973, connectance=0.7136
	 Step 120000, T=8.77807, cost function=100422, nestedness=0.912128, connectance=0.7136
	 Step 130000, T=8.86674, cost function=100316, nestedness=0.918369, connectance=0.7136
	 Step 140000, T=8.77807, cost function=100415, nestedness=0.910893, connectance=0.7136
	 Step 150000, T=8.86674, cost function=100383, nestedness=0.912858, connectance=0.7136
	 Step 160000, T=8.86674, cost function=100424, nestedness=0.913404, connectance=0.7136
	 Step 170000, T=8.86674, cost function=100369, nestedness=0.915561, connectance=0.7136
	 Step 180000, T=8.77807, cost function=100479, nestedness=0.908716, connectance=0.7136
	 Step 190000, T=8.86674, cost function=100476, nestedness=0.909095, connectance=0.7136
	 Step 200000, T=8.77807, cost function=100308, nestedness=0.919384, connectance=0.7136
	 Step 210000, T=8.77807, cost function=100374, nestedness=0.917608, connectance=0.7136
	 Step 220000, T=8.77807, cost function=100379, nestedness=0.909334, connectance=0.7136
	 Step 230000, T=8.86674, cost function=100537, nestedness=0.905243, connectance=0.7136
	 Step 240000, T=8.77807, cost function=100376, nestedness=0.914879, connectance=0.7136
	 Step 250000, T=8.86674, cost function=100382, nestedness=0.909979, connectance=0.7136
	 Step 260000, T=8.77807, cost function=100444, nestedness=0.917171, connectance=0.7136
	 Step 270000, T=8.86674, cost function=100244, nestedness=0.921151, connectance=0.7136
	 Step 280000, T=8.86674, cost function=100335, nestedness=0.910956, connectance=0.7136
	 Step 290000, T=8.86674, cost function=100170, nestedness=0.92647, connectance=0.7136
	 Step 300000, T=8.77807, cost function=100260, nestedness=0.925586, connectance=0.7136
	 Step 310000, T=8.77807, cost function=100284, nestedness=0.912365, connectance=0.7136
	 Step 320000, T=8.86674, cost function=100444, nestedness=0.912299, connectance=0.7136
	 Step 330000, T=8.77807, cost function=100135, nestedness=0.922033, connectance=0.7136
	 Step 340000, T=8.86674, cost function=100325, nestedness=0.907485, connectance=0.7136
	 Step 350000, T=8.86674, cost function=100624, nestedness=0.896239, connectance=0.7136
	 Step 360000, T=8.86674, cost function=100538, nestedness=0.91149, connectance=0.7136
	 Step 370000, T=8.86674, cost function=100385, nestedness=0.914596, connectance=0.7136
	 Step 380000, T=8.86674, cost function=100354, nestedness=0.913703, connectance=0.7136
	 Step 390000, T=8.86674, cost function=100268, nestedness=0.920856, connectance=0.7136
	 Step 400000, T=8.86674, cost function=100526, nestedness=0.909479, connectance=0.7136
	 Step 410000, T=8.86674, cost function=100304, nestedness=0.910701, connectance=0.7136
	 Step 420000, T=8.77807, cost function=100466, nestedness=0.913253, connectance=0.7136
	 Step 430000, T=8.77807, cost function=100413, nestedness=0.908952, connectance=0.7136
	 Step 440000, T=8.86674, cost function=100491, nestedness=0.92053, connectance=0.7136
	 Step 450000, T=8.86674, cost function=100412, nestedness=0.914781, connectance=0.7136
	 Step 460000, T=8.77807, cost function=100400, nestedness=0.920129, connectance=0.7136
	 Step 470000, T=8.77807, cost function=100480, nestedness=0.91149, connectance=0.7136
	 Step 480000, T=8.77807, cost function=100423, nestedness=0.909321, connectance=0.7136
	 Step 490000, T=8.86674, cost function=100321, nestedness=0.916778, connectance=0.7136
	 Step 500000, T=8.86674, cost function=100150, nestedness=0.927544, connectance=0.7136
	 Step 510000, T=8.77807, cost function=100273, nestedness=0.921598, connectance=0.7136
	 Step 520000, T=8.69029, cost function=100054, nestedness=0.926665, connectance=0.7136
	 Step 530000, T=8.86674, cost function=100357, nestedness=0.929383, connectance=0.7136
	 Step 540000, T=8.86674, cost function=100386, nestedness=0.910365, connectance=0.7136
	 Step 550000, T=8.77807, cost function=100355, nestedness=0.91788, connectance=0.7136
	 Step 560000, T=8.77807, cost function=100157, nestedness=0.926952, connectance=0.7136
	 Step 570000, T=8.77807, cost function=100458, nestedness=0.92189, connectance=0.7136
	 Step 580000, T=8.77807, cost function=100399, nestedness=0.912995, connectance=0.7136
	 Step 590000, T=8.77807, cost function=100408, nestedness=0.913758, connectance=0.7136
	 Step 600000, T=8.86674, cost function=100461, nestedness=0.911135, connectance=0.7136
	 Step 610000, T=8.86674, cost function=100588, nestedness=0.898187, connectance=0.7136
	 Step 620000, T=8.77807, cost function=100305, nestedness=0.927548, connectance=0.7136
	 Step 630000, T=8.77807, cost function=100254, nestedness=0.919728, connectance=0.7136
	 Step 640000, T=8.77807, cost function=100499, nestedness=0.915792, connectance=0.7136
	 Step 650000, T=8.77807, cost function=100388, nestedness=0.908507, connectance=0.7136
	 Step 660000, T=8.86674, cost function=100566, nestedness=0.903979, connectance=0.7136
	 Step 670000, T=8.77807, cost function=100287, nestedness=0.914096, connectance=0.7136
	 Step 680000, T=8.86674, cost function=100207, nestedness=0.92583, connectance=0.7136
	 Step 690000, T=8.77807, cost function=100431, nestedness=0.912193, connectance=0.7136
	 Step 700000, T=8.86674, cost function=100583, nestedness=0.914468, connectance=0.7136
	 Step 710000, T=8.86674, cost function=100393, nestedness=0.913152, connectance=0.7136
	 Step 720000, T=8.77807, cost function=100448, nestedness=0.91514, connectance=0.7136
	 Step 730000, T=8.77807, cost function=100332, nestedness=0.90397, connectance=0.7136
	 Step 740000, T=8.77807, cost function=100372, nestedness=0.912477, connectance=0.7136
	 Step 750000, T=8.77807, cost function=100315, nestedness=0.918871, connectance=0.7136
	 Step 760000, T=8.77807, cost function=100756, nestedness=0.900902, connectance=0.7136
	 Step 770000, T=8.77807, cost function=100294, nestedness=0.916071, connectance=0.7136
	 Step 780000, T=8.77807, cost function=100346, nestedness=0.910154, connectance=0.7136
	 Step 790000, T=8.77807, cost function=100152, nestedness=0.918422, connectance=0.7136
	 Step 800000, T=8.86674, cost function=100624, nestedness=0.906531, connectance=0.7136
	 Step 810000, T=8.77807, cost function=100556, nestedness=0.913702, connectance=0.7136
	 Step 820000, T=8.86674, cost function=100435, nestedness=0.91937, connectance=0.7136
	 Step 830000, T=8.86674, cost function=100469, nestedness=0.910229, connectance=0.7136
	 Step 840000, T=8.77807, cost function=100527, nestedness=0.924262, connectance=0.7136
	 Step 850000, T=8.77807, cost function=100439, nestedness=0.921136, connectance=0.7136
	 Step 860000, T=8.77807, cost function=100683, nestedness=0.899785, connectance=0.7136
	 Step 870000, T=8.77807, cost function=100229, nestedness=0.927716, connectance=0.7136
	 Step 880000, T=8.86674, cost function=100442, nestedness=0.911992, connectance=0.7136
	 Step 890000, T=8.77807, cost function=100579, nestedness=0.89645, connectance=0.7136
	 Step 900000, T=8.77807, cost function=100287, nestedness=0.927496, connectance=0.7136
	 Step 910000, T=8.86674, cost function=100362, nestedness=0.922208, connectance=0.7136
	 Step 920000, T=8.86674, cost function=100490, nestedness=0.912945, connectance=0.7136
	 Step 930000, T=8.86674, cost function=100327, nestedness=0.912492, connectance=0.7136
	 Step 940000, T=8.77807, cost function=100162, nestedness=0.918398, connectance=0.7136
	 Step 950000, T=8.69029, cost function=100052, nestedness=0.927086, connectance=0.7136
	 Step 960000, T=8.77807, cost function=100502, nestedness=0.916546, connectance=0.7136
	 Step 970000, T=8.86674, cost function=100449, nestedness=0.915809, connectance=0.7136
	 Step 980000, T=8.77807, cost function=100438, nestedness=0.912952, connectance=0.7136
	 Step 990000, T=8.77807, cost function=100374, nestedness=0.914076, connectance=0.7136
	 Step 1000000, T=8.77807, cost function=100184, nestedness=0.932974, connectance=0.7136
Created initial alpha guess with nestedness 0.737733
	 Step 0, T=4.95, cost function=126310, nestedness=0.737733, connectance=0.6752
	 Step 10000, T=10.3095, cost function=118114, nestedness=0.880427, connectance=0.6752
	 Step 20000, T=10.4136, cost function=118090, nestedness=0.864649, connectance=0.6752
	 Step 30000, T=10.3095, cost function=118185, nestedness=0.860276, connectance=0.6752
	 Step 40000, T=10.3095, cost function=118185, nestedness=0.853161, connectance=0.6752
	 Step 50000, T=10.4136, cost function=118390, nestedness=0.851395, connectance=0.6752
	 Step 60000, T=10.3095, cost function=118140, nestedness=0.858312, connectance=0.6752
	 Step 70000, T=10.4136, cost function=118230, nestedness=0.866205, connectance=0.6752
	 Step 80000, T=10.3095, cost function=118276, nestedness=0.86666, connectance=0.6752
	 Step 90000, T=10.3095, cost function=118214, nestedness=0.865892, connectance=0.6752
	 Step 100000, T=10.3095, cost function=118143, nestedness=0.869527, connectance=0.6752
	 Step 110000, T=10.4136, cost function=118365, nestedness=0.857055, connectance=0.6752
	 Step 120000, T=10.3095, cost function=117959, nestedness=0.865988, connectance=0.6752
	 Step 130000, T=10.3095, cost function=118156, nestedness=0.861689, connectance=0.6752
	 Step 140000, T=10.4136, cost function=118349, nestedness=0.855767, connectance=0.6752
	 Step 150000, T=10.4136, cost function=118157, nestedness=0.862567, connectance=0.6752
	 Step 160000, T=10.3095, cost function=118066, nestedness=0.878041, connectance=0.6752
	 Step 170000, T=10.3095, cost function=118317, nestedness=0.854382, connectance=0.6752
	 Step 180000, T=10.5188, cost function=118100, nestedness=0.868688, connectance=0.6752
	 Step 190000, T=10.3095, cost function=118285, nestedness=0.850938, connectance=0.6752
	 Step 200000, T=10.4136, cost function=118149, nestedness=0.863576, connectance=0.6752
	 Step 210000, T=10.3095, cost function=118198, nestedness=0.858899, connectance=0.6752
	 Step 220000, T=10.3095, cost function=118216, nestedness=0.855858, connectance=0.6752
	 Step 230000, T=10.3095, cost function=118090, nestedness=0.868783, connectance=0.6752
	 Step 240000, T=10.3095, cost function=117940, nestedness=0.866895, connectance=0.6752
	 Step 250000, T=10.4136, cost function=118135, nestedness=0.864105, connectance=0.6752
	 Step 260000, T=10.4136, cost function=118195, nestedness=0.856575, connectance=0.6752
	 Step 270000, T=10.3095, cost function=118259, nestedness=0.852529, connectance=0.6752
	 Step 280000, T=10.3095, cost function=118246, nestedness=0.860505, connectance=0.6752
	 Step 290000, T=10.4136, cost function=118062, nestedness=0.867583, connectance=0.6752
	 Step 300000, T=10.4136, cost function=117893, nestedness=0.882238, connectance=0.6752
	 Step 310000, T=10.3095, cost function=118250, nestedness=0.873447, connectance=0.6752
	 Step 320000, T=10.3095, cost function=118177, nestedness=0.867245, connectance=0.6752
	 Step 330000, T=10.4136, cost function=118096, nestedness=0.874144, connectance=0.6752
	 Step 340000, T=10.3095, cost function=118203, nestedness=0.858565, connectance=0.6752
	 Step 350000, T=10.3095, cost function=118207, nestedness=0.866317, connectance=0.6752
	 Step 360000, T=10.4136, cost function=118454, nestedness=0.85509, connectance=0.6752
	 Step 370000, T=10.3095, cost function=118082, nestedness=0.866506, connectance=0.6752
	 Step 380000, T=10.3095, cost function=118498, nestedness=0.843155, connectance=0.6752
	 Step 390000, T=10.3095, cost function=118101, nestedness=0.868957, connectance=0.6752
	 Step 400000, T=10.3095, cost function=118235, nestedness=0.857267, connectance=0.6752
	 Step 410000, T=10.4136, cost function=118207, nestedness=0.865655, connectance=0.6752
	 Step 420000, T=10.3095, cost function=118237, nestedness=0.864335, connectance=0.6752
	 Step 430000, T=10.4136, cost function=117754, nestedness=0.879671, connectance=0.6752
	 Step 440000, T=10.3095, cost function=118095, nestedness=0.867209, connectance=0.6752
	 Step 450000, T=10.3095, cost function=117982, nestedness=0.868332, connectance=0.6752
	 Step 460000, T=10.3095, cost function=118057, nestedness=0.861045, connectance=0.6752
	 Step 470000, T=10.4136, cost function=118026, nestedness=0.873249, connectance=0.6752
	 Step 480000, T=10.4136, cost function=118299, nestedness=0.854247, connectance=0.6752
	 Step 490000, T=10.3095, cost function=118292, nestedness=0.850579, connectance=0.6752
	 Step 500000, T=10.4136, cost function=118012, nestedness=0.876135, connectance=0.6752
	 Step 510000, T=10.3095, cost function=118048, nestedness=0.859448, connectance=0.6752
	 Step 520000, T=10.4136, cost function=118448, nestedness=0.866207, connectance=0.6752
	 Step 530000, T=10.3095, cost function=118290, nestedness=0.864021, connectance=0.6752
	 Step 540000, T=10.4136, cost function=118213, nestedness=0.86254, connectance=0.6752
	 Step 550000, T=10.4136, cost function=118360, nestedness=0.864452, connectance=0.6752
	 Step 560000, T=10.3095, cost function=118098, nestedness=0.880461, connectance=0.6752
	 Step 570000, T=10.3095, cost function=118066, nestedness=0.863971, connectance=0.6752
	 Step 580000, T=10.3095, cost function=117926, nestedness=0.873466, connectance=0.6752
	 Step 590000, T=10.3095, cost function=118195, nestedness=0.860838, connectance=0.6752
	 Step 600000, T=10.4136, cost function=118041, nestedness=0.867123, connectance=0.6752
	 Step 610000, T=10.4136, cost function=118212, nestedness=0.869705, connectance=0.6752
	 Step 620000, T=10.4136, cost function=118379, nestedness=0.862966, connectance=0.6752
	 Step 630000, T=10.3095, cost function=117981, nestedness=0.86843, connectance=0.6752
	 Step 640000, T=10.3095, cost function=118321, nestedness=0.85511, connectance=0.6752
	 Step 650000, T=10.4136, cost function=118096, nestedness=0.864716, connectance=0.6752
	 Step 660000, T=10.4136, cost function=117879, nestedness=0.875423, connectance=0.6752
	 Step 670000, T=10.3095, cost function=118165, nestedness=0.852539, connectance=0.6752
	 Step 680000, T=10.3095, cost function=118036, nestedness=0.873827, connectance=0.6752
	 Step 690000, T=10.4136, cost function=118272, nestedness=0.869258, connectance=0.6752
	 Step 700000, T=10.3095, cost function=118224, nestedness=0.860646, connectance=0.6752
	 Step 710000, T=10.3095, cost function=118224, nestedness=0.86432, connectance=0.6752
	 Step 720000, T=10.3095, cost function=118431, nestedness=0.84604, connectance=0.6752
	 Step 730000, T=10.4136, cost function=118306, nestedness=0.860193, connectance=0.6752
	 Step 740000, T=10.4136, cost function=117976, nestedness=0.87516, connectance=0.6752
	 Step 750000, T=10.3095, cost function=118006, nestedness=0.871617, connectance=0.6752
	 Step 760000, T=10.3095, cost function=118017, nestedness=0.876238, connectance=0.6752
	 Step 770000, T=10.4136, cost function=118090, nestedness=0.848479, connectance=0.6752
	 Step 780000, T=10.3095, cost function=118313, nestedness=0.862954, connectance=0.6752
	 Step 790000, T=10.3095, cost function=118190, nestedness=0.869956, connectance=0.6752
	 Step 800000, T=10.3095, cost function=117890, nestedness=0.866986, connectance=0.6752
	 Step 810000, T=10.3095, cost function=118020, nestedness=0.870614, connectance=0.6752
	 Step 820000, T=10.3095, cost function=118167, nestedness=0.877947, connectance=0.6752
	 Step 830000, T=10.4136, cost function=118118, nestedness=0.869852, connectance=0.6752
	 Step 840000, T=10.3095, cost function=118488, nestedness=0.85314, connectance=0.6752
	 Step 850000, T=10.3095, cost function=118515, nestedness=0.853786, connectance=0.6752
	 Step 860000, T=10.3095, cost function=118470, nestedness=0.852044, connectance=0.6752
	 Step 870000, T=10.4136, cost function=118229, nestedness=0.859762, connectance=0.6752
	 Step 880000, T=10.3095, cost function=118041, nestedness=0.874452, connectance=0.6752
	 Step 890000, T=10.3095, cost function=118113, nestedness=0.862857, connectance=0.6752
	 Step 900000, T=10.4136, cost function=117932, nestedness=0.871021, connectance=0.6752
	 Step 910000, T=10.3095, cost function=118444, nestedness=0.853669, connectance=0.6752
	 Step 920000, T=10.4136, cost function=118285, nestedness=0.862826, connectance=0.6752
	 Step 930000, T=10.4136, cost function=117954, nestedness=0.86748, connectance=0.6752
	 Step 940000, T=10.3095, cost function=118195, nestedness=0.872479, connectance=0.6752
	 Step 950000, T=10.4136, cost function=118426, nestedness=0.858179, connectance=0.6752
	 Step 960000, T=10.4136, cost function=118061, nestedness=0.875188, connectance=0.6752
	 Step 970000, T=10.3095, cost function=117888, nestedness=0.864329, connectance=0.6752
	 Step 980000, T=10.3095, cost function=118296, nestedness=0.863575, connectance=0.6752
	 Step 990000, T=10.4136, cost function=117956, nestedness=0.861331, connectance=0.6752
	 Step 1000000, T=10.3095, cost function=118325, nestedness=0.856278, connectance=0.6752
Created initial alpha guess with nestedness 0.871923
	 Step 0, T=4.95, cost function=85984.1, nestedness=0.871923, connectance=0.8344
	 Step 10000, T=6.82777, cost function=73658.6, nestedness=0.97511, connectance=0.8344
	 Step 20000, T=6.42821, cost function=73162.9, nestedness=0.982681, connectance=0.8344
	 Step 30000, T=6.42821, cost function=73246.9, nestedness=0.985682, connectance=0.8344
	 Step 40000, T=6.42821, cost function=73262.2, nestedness=0.979228, connectance=0.8344
	 Step 50000, T=6.42821, cost function=73220.6, nestedness=0.983985, connectance=0.8344
	 Step 60000, T=6.42821, cost function=73261.1, nestedness=0.980709, connectance=0.8344
	 Step 70000, T=6.42821, cost function=73237.5, nestedness=0.978971, connectance=0.8344
	 Step 80000, T=6.42821, cost function=73195.1, nestedness=0.976794, connectance=0.8344
	 Step 90000, T=6.42821, cost function=73164, nestedness=0.983246, connectance=0.8344
	 Step 100000, T=6.42821, cost function=73248.4, nestedness=0.986038, connectance=0.8344
	 Step 110000, T=6.42821, cost function=73208.2, nestedness=0.982055, connectance=0.8344
	 Step 120000, T=6.42821, cost function=73178.2, nestedness=0.979692, connectance=0.8344
	 Step 130000, T=6.42821, cost function=73190.6, nestedness=0.986187, connectance=0.8344
	 Step 140000, T=6.42821, cost function=73203.4, nestedness=0.982294, connectance=0.8344
	 Step 150000, T=6.42821, cost function=73225.1, nestedness=0.982353, connectance=0.8344
	 Step 160000, T=6.42821, cost function=73142.2, nestedness=0.987108, connectance=0.8344
	 Step 170000, T=6.36393, cost function=73237.5, nestedness=0.98462, connectance=0.8344
	 Step 180000, T=6.36393, cost function=73271.6, nestedness=0.985493, connectance=0.8344
	 Step 190000, T=6.36393, cost function=73184.6, nestedness=0.984456, connectance=0.8344
	 Step 200000, T=6.62498, cost function=73318.5, nestedness=0.98129, connectance=0.8344
	 Step 210000, T=6.36393, cost function=73139.2, nestedness=0.986856, connectance=0.8344
	 Step 220000, T=6.36393, cost function=73206.4, nestedness=0.984881, connectance=0.8344
	 Step 230000, T=6.36393, cost function=73273.5, nestedness=0.981603, connectance=0.8344
	 Step 240000, T=6.36393, cost function=73246.9, nestedness=0.980337, connectance=0.8344
	 Step 250000, T=6.36393, cost function=73209.4, nestedness=0.984895, connectance=0.8344
	 Step 260000, T=6.36393, cost function=73211.2, nestedness=0.983817, connectance=0.8344
	 Step 270000, T=6.36393, cost function=73220.2, nestedness=0.981367, connectance=0.8344
	 Step 280000, T=6.36393, cost function=73194, nestedness=0.981929, connectance=0.8344
	 Step 290000, T=6.42821, cost function=73159.1, nestedness=0.985183, connectance=0.8344
	 Step 300000, T=6.42821, cost function=73153.1, nestedness=0.988436, connectance=0.8344
	 Step 310000, T=6.42821, cost function=73187.6, nestedness=0.982467, connectance=0.8344
	 Step 320000, T=6.42821, cost function=73443.8, nestedness=0.976372, connectance=0.8344
	 Step 330000, T=6.42821, cost function=73237.9, nestedness=0.980798, connectance=0.8344
	 Step 340000, T=6.42821, cost function=73270.1, nestedness=0.981891, connectance=0.8344
	 Step 350000, T=6.42821, cost function=73279.9, nestedness=0.987181, connectance=0.8344
	 Step 360000, T=6.36393, cost function=73240.5, nestedness=0.983021, connectance=0.8344
	 Step 370000, T=6.36393, cost function=73231.5, nestedness=0.984479, connectance=0.8344
	 Step 380000, T=6.49314, cost function=73251.8, nestedness=0.983654, connectance=0.8344
	 Step 390000, T=6.36393, cost function=73213.1, nestedness=0.980834, connectance=0.8344
	 Step 400000, T=6.36393, cost function=73173.8, nestedness=0.982328, connectance=0.8344
	 Step 410000, T=6.36393, cost function=73114.5, nestedness=0.983158, connectance=0.8344
	 Step 420000, T=6.36393, cost function=73097.2, nestedness=0.984746, connectance=0.8344
	 Step 430000, T=6.36393, cost function=73142.2, nestedness=0.990829, connectance=0.8344
	 Step 440000, T=6.36393, cost function=73159.5, nestedness=0.982524, connectance=0.8344
	 Step 450000, T=6.36393, cost function=73230, nestedness=0.976668, connectance=0.8344
	 Step 460000, T=6.36393, cost function=73246.9, nestedness=0.978977, connectance=0.8344
	 Step 470000, T=6.36393, cost function=73226.6, nestedness=0.978977, connectance=0.8344
	 Step 480000, T=6.49314, cost function=73197, nestedness=0.985562, connectance=0.8344
	 Step 490000, T=6.36393, cost function=73190.6, nestedness=0.985106, connectance=0.8344
	 Step 500000, T=6.36393, cost function=73267.1, nestedness=0.981352, connectance=0.8344
	 Step 510000, T=6.42821, cost function=73184.6, nestedness=0.985296, connectance=0.8344
	 Step 520000, T=6.42821, cost function=73245.4, nestedness=0.984094, connectance=0.8344
	 Step 530000, T=6.42821, cost function=73178.2, nestedness=0.986501, connectance=0.8344
	 Step 540000, T=6.36393, cost function=73251.8, nestedness=0.984368, connectance=0.8344
	 Step 550000, T=6.49314, cost function=73231.5, nestedness=0.979748, connectance=0.8344
	 Step 560000, T=6.36393, cost function=73264.1, nestedness=0.979692, connectance=0.8344
	 Step 570000, T=6.36393, cost function=73171.9, nestedness=0.981447, connectance=0.8344
	 Step 580000, T=6.42821, cost function=73277.2, nestedness=0.980491, connectance=0.8344
	 Step 590000, T=6.42821, cost function=73228.1, nestedness=0.980885, connectance=0.8344
	 Step 600000, T=6.42821, cost function=73262.2, nestedness=0.972744, connectance=0.8344
	 Step 610000, T=6.42821, cost function=73237.9, nestedness=0.987306, connectance=0.8344
	 Step 620000, T=6.42821, cost function=73195.5, nestedness=0.984689, connectance=0.8344
	 Step 630000, T=6.42821, cost function=73210.9, nestedness=0.985457, connectance=0.8344
	 Step 640000, T=6.42821, cost function=73140.8, nestedness=0.988888, connectance=0.8344
	 Step 650000, T=6.42821, cost function=73181.6, nestedness=0.983697, connectance=0.8344
	 Step 660000, T=6.42821, cost function=73193.6, nestedness=0.985946, connectance=0.8344
	 Step 670000, T=6.42821, cost function=73115.6, nestedness=0.986557, connectance=0.8344
	 Step 680000, T=6.42821, cost function=73109.6, nestedness=0.984192, connectance=0.8344
	 Step 690000, T=6.36393, cost function=73184.6, nestedness=0.983862, connectance=0.8344
	 Step 700000, T=6.36393, cost function=73200.4, nestedness=0.986465, connectance=0.8344
	 Step 710000, T=6.36393, cost function=73272, nestedness=0.979979, connectance=0.8344
	 Step 720000, T=6.36393, cost function=73187.6, nestedness=0.979541, connectance=0.8344
	 Step 730000, T=6.36393, cost function=73093.9, nestedness=0.989104, connectance=0.8344
	 Step 740000, T=6.36393, cost function=73139.2, nestedness=0.986969, connectance=0.8344
	 Step 750000, T=6.42821, cost function=73235.6, nestedness=0.982121, connectance=0.8344
	 Step 760000, T=6.42821, cost function=73200, nestedness=0.982904, connectance=0.8344
	 Step 770000, T=6.42821, cost function=73220.2, nestedness=0.98226, connectance=0.8344
	 Step 780000, T=6.36393, cost function=73092, nestedness=0.989388, connectance=0.8344
	 Step 790000, T=6.36393, cost function=73186.1, nestedness=0.986432, connectance=0.8344
	 Step 800000, T=6.36393, cost function=73167.4, nestedness=0.987379, connectance=0.8344
	 Step 810000, T=6.36393, cost function=73209.4, nestedness=0.98451, connectance=0.8344
	 Step 820000, T=6.36393, cost function=73197, nestedness=0.982868, connectance=0.8344
	 Step 830000, T=6.42821, cost function=73299.8, nestedness=0.985956, connectance=0.8344
	 Step 840000, T=6.36393, cost function=73240.5, nestedness=0.984336, connectance=0.8344
	 Step 850000, T=6.36393, cost function=73217.6, nestedness=0.981155, connectance=0.8344
	 Step 860000, T=6.36393, cost function=73134.4, nestedness=0.982019, connectance=0.8344
	 Step 870000, T=6.36393, cost function=73197, nestedness=0.985984, connectance=0.8344
	 Step 880000, T=6.49314, cost function=73315.5, nestedness=0.976547, connectance=0.8344
	 Step 890000, T=6.42821, cost function=73250.2, nestedness=0.978397, connectance=0.8344
	 Step 900000, T=6.42821, cost function=73198.9, nestedness=0.984022, connectance=0.8344
	 Step 910000, T=6.36393, cost function=73226.6, nestedness=0.984468, connectance=0.8344
	 Step 920000, T=6.36393, cost function=73259.2, nestedness=0.982992, connectance=0.8344
	 Step 930000, T=6.36393, cost function=73259.6, nestedness=0.981271, connectance=0.8344
	 Step 940000, T=6.36393, cost function=73212.8, nestedness=0.979567, connectance=0.8344
	 Step 950000, T=6.62498, cost function=73317, nestedness=0.977415, connectance=0.8344
	 Step 960000, T=6.36393, cost function=73200.4, nestedness=0.982683, connectance=0.8344
	 Step 970000, T=6.42821, cost function=73221, nestedness=0.984225, connectance=0.8344
	 Step 980000, T=6.42821, cost function=73206.4, nestedness=0.983917, connectance=0.8344
	 Step 990000, T=6.42821, cost function=73195.1, nestedness=0.984514, connectance=0.8344
	 Step 1000000, T=6.36393, cost function=73142.2, nestedness=0.982568, connectance=0.8344
Created initial alpha guess with nestedness 0.813183
	 Step 0, T=4.95, cost function=101013, nestedness=0.813183, connectance=0.7672
	 Step 10000, T=8.01892, cost function=88752, nestedness=0.939703, connectance=0.7672
	 Step 20000, T=7.78075, cost function=88344.8, nestedness=0.951535, connectance=0.7672
	 Step 30000, T=7.70294, cost function=88317.4, nestedness=0.956483, connectance=0.7672
	 Step 40000, T=7.78075, cost function=88380.4, nestedness=0.955466, connectance=0.7672
	 Step 50000, T=7.78075, cost function=88227.8, nestedness=0.948383, connectance=0.7672
	 Step 60000, T=7.78075, cost function=88194.8, nestedness=0.949982, connectance=0.7672
	 Step 70000, T=7.78075, cost function=88435.9, nestedness=0.953398, connectance=0.7672
	 Step 80000, T=7.70294, cost function=88356, nestedness=0.955746, connectance=0.7672
	 Step 90000, T=7.78075, cost function=88251, nestedness=0.943517, connectance=0.7672
	 Step 100000, T=7.70294, cost function=88316.6, nestedness=0.946774, connectance=0.7672
	 Step 110000, T=7.85934, cost function=88324.9, nestedness=0.950242, connectance=0.7672
	 Step 120000, T=7.70294, cost function=88508.6, nestedness=0.945771, connectance=0.7672
	 Step 130000, T=7.70294, cost function=88444.9, nestedness=0.943579, connectance=0.7672
	 Step 140000, T=7.78075, cost function=88428.8, nestedness=0.949876, connectance=0.7672
	 Step 150000, T=7.78075, cost function=88351.5, nestedness=0.941457, connectance=0.7672
	 Step 160000, T=7.70294, cost function=88477.5, nestedness=0.94918, connectance=0.7672
	 Step 170000, T=7.70294, cost function=88232.6, nestedness=0.949976, connectance=0.7672
	 Step 180000, T=7.70294, cost function=88237.5, nestedness=0.953533, connectance=0.7672
	 Step 190000, T=7.70294, cost function=88111.9, nestedness=0.960484, connectance=0.7672
	 Step 200000, T=7.70294, cost function=88354.5, nestedness=0.948251, connectance=0.7672
	 Step 210000, T=7.70294, cost function=88401.4, nestedness=0.948252, connectance=0.7672
	 Step 220000, T=7.70294, cost function=88329, nestedness=0.953224, connectance=0.7672
	 Step 230000, T=7.70294, cost function=88308.4, nestedness=0.954475, connectance=0.7672
	 Step 240000, T=7.78075, cost function=88329.4, nestedness=0.941943, connectance=0.7672
	 Step 250000, T=7.70294, cost function=88081.9, nestedness=0.957547, connectance=0.7672
	 Step 260000, T=7.78075, cost function=88209, nestedness=0.958335, connectance=0.7672
	 Step 270000, T=7.78075, cost function=88274.6, nestedness=0.953992, connectance=0.7672
	 Step 280000, T=7.78075, cost function=88433.6, nestedness=0.943809, connectance=0.7672
	 Step 290000, T=7.70294, cost function=88507.9, nestedness=0.943982, connectance=0.7672
	 Step 300000, T=7.70294, cost function=88214.6, nestedness=0.951041, connectance=0.7672
	 Step 310000, T=7.70294, cost function=88313.2, nestedness=0.945894, connectance=0.7672
	 Step 320000, T=7.78075, cost function=88353.8, nestedness=0.945862, connectance=0.7672
	 Step 330000, T=7.78075, cost function=88278.8, nestedness=0.954119, connectance=0.7672
	 Step 340000, T=7.78075, cost function=88354.1, nestedness=0.948529, connectance=0.7672
	 Step 350000, T=7.78075, cost function=88666.9, nestedness=0.939911, connectance=0.7672
	 Step 360000, T=7.93873, cost function=88393.9, nestedness=0.942294, connectance=0.7672
	 Step 370000, T=7.78075, cost function=88514.2, nestedness=0.946123, connectance=0.7672
	 Step 380000, T=7.70294, cost function=88318.9, nestedness=0.94767, connectance=0.7672
	 Step 390000, T=7.70294, cost function=88381.1, nestedness=0.947663, connectance=0.7672
	 Step 400000, T=7.78075, cost function=88363.5, nestedness=0.948362, connectance=0.7672
	 Step 410000, T=7.78075, cost function=88280.2, nestedness=0.955465, connectance=0.7672
	 Step 420000, T=7.78075, cost function=88369.9, nestedness=0.947477, connectance=0.7672
	 Step 430000, T=7.70294, cost function=88322.6, nestedness=0.959852, connectance=0.7672
	 Step 440000, T=7.70294, cost function=88414.1, nestedness=0.944444, connectance=0.7672
	 Step 450000, T=7.70294, cost function=88348.1, nestedness=0.953259, connectance=0.7672
	 Step 460000, T=7.70294, cost function=88481.2, nestedness=0.942315, connectance=0.7672
	 Step 470000, T=7.70294, cost function=88601.6, nestedness=0.933512, connectance=0.7672
	 Step 480000, T=7.70294, cost function=88458.4, nestedness=0.943846, connectance=0.7672
	 Step 490000, T=7.70294, cost function=88435.5, nestedness=0.943406, connectance=0.7672
	 Step 500000, T=7.78075, cost function=88315.5, nestedness=0.947988, connectance=0.7672
	 Step 510000, T=7.78075, cost function=88485, nestedness=0.954266, connectance=0.7672
	 Step 520000, T=7.70294, cost function=88467, nestedness=0.946214, connectance=0.7672
	 Step 530000, T=7.70294, cost function=88211.2, nestedness=0.957264, connectance=0.7672
	 Step 540000, T=7.70294, cost function=88401, nestedness=0.951089, connectance=0.7672
	 Step 550000, T=7.70294, cost function=88313.2, nestedness=0.950258, connectance=0.7672
	 Step 560000, T=7.70294, cost function=88330.5, nestedness=0.945617, connectance=0.7672
	 Step 570000, T=7.70294, cost function=88650, nestedness=0.942059, connectance=0.7672
	 Step 580000, T=7.70294, cost function=88272.4, nestedness=0.952665, connectance=0.7672
	 Step 590000, T=7.78075, cost function=88432.5, nestedness=0.945718, connectance=0.7672
	 Step 600000, T=7.70294, cost function=88296.4, nestedness=0.956147, connectance=0.7672
	 Step 610000, T=7.70294, cost function=88263.4, nestedness=0.954712, connectance=0.7672
	 Step 620000, T=7.70294, cost function=88395, nestedness=0.951717, connectance=0.7672
	 Step 630000, T=7.78075, cost function=88447.9, nestedness=0.943599, connectance=0.7672
	 Step 640000, T=7.70294, cost function=88263, nestedness=0.957192, connectance=0.7672
	 Step 650000, T=7.70294, cost function=88279.5, nestedness=0.950487, connectance=0.7672
	 Step 660000, T=7.70294, cost function=88343.2, nestedness=0.95344, connectance=0.7672
	 Step 670000, T=7.78075, cost function=88366.5, nestedness=0.951345, connectance=0.7672
	 Step 680000, T=7.78075, cost function=88530.8, nestedness=0.941088, connectance=0.7672
	 Step 690000, T=7.70294, cost function=88463.6, nestedness=0.948051, connectance=0.7672
	 Step 700000, T=7.70294, cost function=88354.5, nestedness=0.946237, connectance=0.7672
	 Step 710000, T=7.78075, cost function=88313.6, nestedness=0.948837, connectance=0.7672
	 Step 720000, T=7.78075, cost function=88480.9, nestedness=0.944099, connectance=0.7672
	 Step 730000, T=7.70294, cost function=88304.2, nestedness=0.953126, connectance=0.7672
	 Step 740000, T=7.78075, cost function=88419.8, nestedness=0.949001, connectance=0.7672
	 Step 750000, T=7.70294, cost function=88422.4, nestedness=0.949639, connectance=0.7672
	 Step 760000, T=7.70294, cost function=88546.5, nestedness=0.948247, connectance=0.7672
	 Step 770000, T=7.70294, cost function=88258.5, nestedness=0.954517, connectance=0.7672
	 Step 780000, T=7.70294, cost function=88564.9, nestedness=0.948185, connectance=0.7672
	 Step 790000, T=7.70294, cost function=88374.4, nestedness=0.947582, connectance=0.7672
	 Step 800000, T=7.78075, cost function=88216.9, nestedness=0.949045, connectance=0.7672
	 Step 810000, T=7.70294, cost function=88441.5, nestedness=0.950172, connectance=0.7672
	 Step 820000, T=7.70294, cost function=88475.2, nestedness=0.941706, connectance=0.7672
	 Step 830000, T=7.70294, cost function=88673.6, nestedness=0.942362, connectance=0.7672
	 Step 840000, T=7.78075, cost function=88336.9, nestedness=0.954348, connectance=0.7672
	 Step 850000, T=7.93873, cost function=88672.1, nestedness=0.9448, connectance=0.7672
	 Step 860000, T=7.78075, cost function=88258.9, nestedness=0.954662, connectance=0.7672
	 Step 870000, T=7.78075, cost function=88257, nestedness=0.958335, connectance=0.7672
	 Step 880000, T=7.70294, cost function=88178.2, nestedness=0.956965, connectance=0.7672
	 Step 890000, T=7.78075, cost function=88492.9, nestedness=0.952189, connectance=0.7672
	 Step 900000, T=7.93873, cost function=88374.4, nestedness=0.950108, connectance=0.7672
	 Step 910000, T=7.70294, cost function=88387.1, nestedness=0.949114, connectance=0.7672
	 Step 920000, T=7.78075, cost function=88486.9, nestedness=0.944205, connectance=0.7672
	 Step 930000, T=7.78075, cost function=88296.4, nestedness=0.952983, connectance=0.7672
	 Step 940000, T=7.70294, cost function=88335.8, nestedness=0.954292, connectance=0.7672
	 Step 950000, T=7.78075, cost function=88465.1, nestedness=0.943695, connectance=0.7672
	 Step 960000, T=7.93873, cost function=88609.5, nestedness=0.942092, connectance=0.7672
	 Step 970000, T=7.78075, cost function=88453.5, nestedness=0.941422, connectance=0.7672
	 Step 980000, T=7.78075, cost function=88246.9, nestedness=0.958491, connectance=0.7672
	 Step 990000, T=7.70294, cost function=88336.9, nestedness=0.953727, connectance=0.7672
	 Step 1000000, T=7.78075, cost function=88434, nestedness=0.948765, connectance=0.7672
Created initial alpha guess with nestedness 0.782121
	 Step 0, T=4.95, cost function=114226, nestedness=0.782121, connectance=0.7168
	 Step 10000, T=9.32369, cost function=106297, nestedness=0.869808, connectance=0.7168
	 Step 20000, T=9.23046, cost function=106058, nestedness=0.885538, connectance=0.7168
	 Step 30000, T=9.32369, cost function=106095, nestedness=0.877081, connectance=0.7168
	 Step 40000, T=9.32369, cost function=106168, nestedness=0.880502, connectance=0.7168
	 Step 50000, T=9.23046, cost function=106228, nestedness=0.875156, connectance=0.7168
	 Step 60000, T=9.32369, cost function=106149, nestedness=0.883849, connectance=0.7168
	 Step 70000, T=9.32369, cost function=106267, nestedness=0.871952, connectance=0.7168
	 Step 80000, T=9.23046, cost function=105889, nestedness=0.893898, connectance=0.7168
	 Step 90000, T=9.23046, cost function=106116, nestedness=0.874976, connectance=0.7168
	 Step 100000, T=9.23046, cost function=106161, nestedness=0.885601, connectance=0.7168
	 Step 110000, T=9.32369, cost function=106445, nestedness=0.8807, connectance=0.7168
	 Step 120000, T=9.32369, cost function=106008, nestedness=0.885472, connectance=0.7168
	 Step 130000, T=9.23046, cost function=106200, nestedness=0.867086, connectance=0.7168
	 Step 140000, T=9.32369, cost function=106297, nestedness=0.871374, connectance=0.7168
	 Step 150000, T=9.23046, cost function=106100, nestedness=0.890598, connectance=0.7168
	 Step 160000, T=9.23046, cost function=106226, nestedness=0.882533, connectance=0.7168
	 Step 170000, T=9.23046, cost function=106119, nestedness=0.879809, connectance=0.7168
	 Step 180000, T=9.23046, cost function=106086, nestedness=0.8785, connectance=0.7168
	 Step 190000, T=9.32369, cost function=106145, nestedness=0.87896, connectance=0.7168
	 Step 200000, T=9.32369, cost function=106025, nestedness=0.885852, connectance=0.7168
	 Step 210000, T=9.32369, cost function=106297, nestedness=0.873309, connectance=0.7168
	 Step 220000, T=9.32369, cost function=106143, nestedness=0.887301, connectance=0.7168
	 Step 230000, T=9.23046, cost function=106155, nestedness=0.86845, connectance=0.7168
	 Step 240000, T=9.32369, cost function=106270, nestedness=0.88833, connectance=0.7168
	 Step 250000, T=9.23046, cost function=106128, nestedness=0.874689, connectance=0.7168
	 Step 260000, T=9.23046, cost function=106253, nestedness=0.881255, connectance=0.7168
	 Step 270000, T=9.32369, cost function=106328, nestedness=0.876881, connectance=0.7168
	 Step 280000, T=9.23046, cost function=106188, nestedness=0.88081, connectance=0.7168
	 Step 290000, T=9.23046, cost function=106259, nestedness=0.87696, connectance=0.7168
	 Step 300000, T=9.32369, cost function=106160, nestedness=0.871212, connectance=0.7168
	 Step 310000, T=9.23046, cost function=106236, nestedness=0.869885, connectance=0.7168
	 Step 320000, T=9.23046, cost function=106195, nestedness=0.872013, connectance=0.7168
	 Step 330000, T=9.23046, cost function=105916, nestedness=0.884111, connectance=0.7168
	 Step 340000, T=9.32369, cost function=106330, nestedness=0.876318, connectance=0.7168
	 Step 350000, T=9.32369, cost function=106311, nestedness=0.869011, connectance=0.7168
	 Step 360000, T=9.23046, cost function=106078, nestedness=0.879898, connectance=0.7168
	 Step 370000, T=9.23046, cost function=106161, nestedness=0.875228, connectance=0.7168
	 Step 380000, T=9.23046, cost function=106094, nestedness=0.893823, connectance=0.7168
	 Step 390000, T=9.23046, cost function=106106, nestedness=0.885401, connectance=0.7168
	 Step 400000, T=9.32369, cost function=106175, nestedness=0.875072, connectance=0.7168
	 Step 410000, T=9.23046, cost function=106167, nestedness=0.87287, connectance=0.7168
	 Step 420000, T=9.23046, cost function=106258, nestedness=0.871633, connectance=0.7168
	 Step 430000, T=9.23046, cost function=106092, nestedness=0.881939, connectance=0.7168
	 Step 440000, T=9.32369, cost function=106197, nestedness=0.882515, connectance=0.7168
	 Step 450000, T=9.23046, cost function=106266, nestedness=0.858045, connectance=0.7168
	 Step 460000, T=9.32369, cost function=106042, nestedness=0.889431, connectance=0.7168
	 Step 470000, T=9.23046, cost function=106170, nestedness=0.876432, connectance=0.7168
	 Step 480000, T=9.23046, cost function=106144, nestedness=0.886513, connectance=0.7168
	 Step 490000, T=9.23046, cost function=106079, nestedness=0.883142, connectance=0.7168
	 Step 500000, T=9.23046, cost function=105949, nestedness=0.889816, connectance=0.7168
	 Step 510000, T=9.23046, cost function=105873, nestedness=0.895356, connectance=0.7168
	 Step 520000, T=9.32369, cost function=106128, nestedness=0.880643, connectance=0.7168
	 Step 530000, T=9.32369, cost function=106110, nestedness=0.886248, connectance=0.7168
	 Step 540000, T=9.23046, cost function=106092, nestedness=0.880515, connectance=0.7168
	 Step 550000, T=9.32369, cost function=106094, nestedness=0.887383, connectance=0.7168
	 Step 560000, T=9.32369, cost function=106308, nestedness=0.855655, connectance=0.7168
	 Step 570000, T=9.32369, cost function=106220, nestedness=0.879688, connectance=0.7168
	 Step 580000, T=9.32369, cost function=106300, nestedness=0.88011, connectance=0.7168
	 Step 590000, T=9.23046, cost function=106155, nestedness=0.872368, connectance=0.7168
	 Step 600000, T=9.32369, cost function=105890, nestedness=0.901962, connectance=0.7168
	 Step 610000, T=9.23046, cost function=106164, nestedness=0.880984, connectance=0.7168
	 Step 620000, T=9.23046, cost function=106208, nestedness=0.88949, connectance=0.7168
	 Step 630000, T=9.23046, cost function=106090, nestedness=0.879631, connectance=0.7168
	 Step 640000, T=9.23046, cost function=106225, nestedness=0.884552, connectance=0.7168
	 Step 650000, T=9.23046, cost function=106160, nestedness=0.880319, connectance=0.7168
	 Step 660000, T=9.23046, cost function=106211, nestedness=0.862759, connectance=0.7168
	 Step 670000, T=9.32369, cost function=106139, nestedness=0.875971, connectance=0.7168
	 Step 680000, T=9.23046, cost function=106033, nestedness=0.892991, connectance=0.7168
	 Step 690000, T=9.23046, cost function=105957, nestedness=0.891985, connectance=0.7168
	 Step 700000, T=9.23046, cost function=106250, nestedness=0.870117, connectance=0.7168
	 Step 710000, T=9.23046, cost function=105928, nestedness=0.8854, connectance=0.7168
	 Step 720000, T=9.32369, cost function=106098, nestedness=0.881207, connectance=0.7168
	 Step 730000, T=9.32369, cost function=106144, nestedness=0.877236, connectance=0.7168
	 Step 740000, T=9.32369, cost function=106128, nestedness=0.874018, connectance=0.7168
	 Step 750000, T=9.23046, cost function=105969, nestedness=0.8886, connectance=0.7168
	 Step 760000, T=9.23046, cost function=106113, nestedness=0.882549, connectance=0.7168
	 Step 770000, T=9.23046, cost function=106125, nestedness=0.882336, connectance=0.7168
	 Step 780000, T=9.23046, cost function=106267, nestedness=0.877897, connectance=0.7168
	 Step 790000, T=9.23046, cost function=106025, nestedness=0.884412, connectance=0.7168
	 Step 800000, T=9.23046, cost function=106197, nestedness=0.888343, connectance=0.7168
	 Step 810000, T=9.32369, cost function=106068, nestedness=0.893461, connectance=0.7168
	 Step 820000, T=9.23046, cost function=105917, nestedness=0.894499, connectance=0.7168
	 Step 830000, T=9.32369, cost function=106016, nestedness=0.884623, connectance=0.7168
	 Step 840000, T=9.23046, cost function=106234, nestedness=0.875222, connectance=0.7168
	 Step 850000, T=9.23046, cost function=106221, nestedness=0.878632, connectance=0.7168
	 Step 860000, T=9.23046, cost function=106122, nestedness=0.880695, connectance=0.7168
	 Step 870000, T=9.23046, cost function=106095, nestedness=0.879857, connectance=0.7168
	 Step 880000, T=9.23046, cost function=106281, nestedness=0.878064, connectance=0.7168
	 Step 890000, T=9.23046, cost function=106182, nestedness=0.882472, connectance=0.7168
	 Step 900000, T=9.23046, cost function=106145, nestedness=0.881506, connectance=0.7168
	 Step 910000, T=9.23046, cost function=106124, nestedness=0.878631, connectance=0.7168
	 Step 920000, T=9.23046, cost function=106113, nestedness=0.884654, connectance=0.7168
	 Step 930000, T=9.23046, cost function=105933, nestedness=0.885307, connectance=0.7168
	 Step 940000, T=9.32369, cost function=106181, nestedness=0.874389, connectance=0.7168
	 Step 950000, T=9.32369, cost function=106173, nestedness=0.87008, connectance=0.7168
	 Step 960000, T=9.32369, cost function=106203, nestedness=0.876264, connectance=0.7168
	 Step 970000, T=9.23046, cost function=106222, nestedness=0.875427, connectance=0.7168
	 Step 980000, T=9.32369, cost function=105944, nestedness=0.876745, connectance=0.7168
	 Step 990000, T=9.32369, cost function=106064, nestedness=0.890831, connectance=0.7168
	 Step 1000000, T=9.23046, cost function=106240, nestedness=0.883729, connectance=0.7168
Created initial alpha guess with nestedness 0.861895
	 Step 0, T=4.95, cost function=80107.1, nestedness=0.861895, connectance=0.8192
	 Step 10000, T=6.36393, cost function=58638.4, nestedness=0.972546, connectance=0.8192
	 Step 20000, T=5.75542, cost function=57969.8, nestedness=0.988068, connectance=0.8192
	 Step 30000, T=5.2051, cost function=57825.4, nestedness=0.992972, connectance=0.8192
	 Step 40000, T=5.10152, cost function=57792.4, nestedness=0.993558, connectance=0.8192
	 Step 50000, T=5.10152, cost function=57823.1, nestedness=0.991341, connectance=0.8192
	 Step 60000, T=5.10152, cost function=57789.4, nestedness=0.993675, connectance=0.8192
	 Step 70000, T=5.10152, cost function=57816, nestedness=0.995003, connectance=0.8192
	 Step 80000, T=5.10152, cost function=57780.4, nestedness=0.992714, connectance=0.8192
	 Step 90000, T=5.2051, cost function=57780.4, nestedness=0.993881, connectance=0.8192
	 Step 100000, T=5.10152, cost function=57820.5, nestedness=0.99468, connectance=0.8192
	 Step 110000, T=5.2051, cost function=57760.5, nestedness=0.991961, connectance=0.8192
	 Step 120000, T=5.10152, cost function=57703.1, nestedness=0.997324, connectance=0.8192
	 Step 130000, T=5.10152, cost function=57751.9, nestedness=0.995222, connectance=0.8192
	 Step 140000, T=5.31079, cost function=57727.1, nestedness=0.994905, connectance=0.8192
	 Step 150000, T=5.2051, cost function=57750.8, nestedness=0.995341, connectance=0.8192
	 Step 160000, T=5.2051, cost function=57786.4, nestedness=0.995495, connectance=0.8192
	 Step 170000, T=5.2051, cost function=57784.5, nestedness=0.994972, connectance=0.8192
	 Step 180000, T=5.10152, cost function=57726.4, nestedness=0.995748, connectance=0.8192
	 Step 190000, T=5.2051, cost function=57739.9, nestedness=0.993496, connectance=0.8192
	 Step 200000, T=5.10152, cost function=57763.5, nestedness=0.994169, connectance=0.8192
	 Step 210000, T=5.10152, cost function=57762.4, nestedness=0.992595, connectance=0.8192
	 Step 220000, T=5.05051, cost function=57793.5, nestedness=0.994436, connectance=0.8192
	 Step 230000, T=5.05051, cost function=57789, nestedness=0.994679, connectance=0.8192
	 Step 240000, T=5.05051, cost function=57823.1, nestedness=0.993506, connectance=0.8192
	 Step 250000, T=5.05051, cost function=57885, nestedness=0.990666, connectance=0.8192
	 Step 260000, T=5.15305, cost function=57832.9, nestedness=0.991843, connectance=0.8192
	 Step 270000, T=5.05051, cost function=57798, nestedness=0.993912, connectance=0.8192
	 Step 280000, T=5.05051, cost function=57737.2, nestedness=0.994534, connectance=0.8192
	 Step 290000, T=5.05051, cost function=57857.6, nestedness=0.991761, connectance=0.8192
	 Step 300000, T=5.05051, cost function=57793.5, nestedness=0.993227, connectance=0.8192
	 Step 310000, T=5.05051, cost function=57847.1, nestedness=0.991783, connectance=0.8192
	 Step 320000, T=5.15305, cost function=57819, nestedness=0.992254, connectance=0.8192
	 Step 330000, T=5.10152, cost function=57853.1, nestedness=0.992767, connectance=0.8192
	 Step 340000, T=5.10152, cost function=57869.2, nestedness=0.993855, connectance=0.8192
	 Step 350000, T=5.10152, cost function=57846.8, nestedness=0.991815, connectance=0.8192
	 Step 360000, T=5.10152, cost function=57825.4, nestedness=0.991601, connectance=0.8192
	 Step 370000, T=5.2051, cost function=57747.8, nestedness=0.996511, connectance=0.8192
	 Step 380000, T=5.10152, cost function=57789.4, nestedness=0.995979, connectance=0.8192
	 Step 390000, T=5.10152, cost function=57774.4, nestedness=0.992599, connectance=0.8192
	 Step 400000, T=5.2051, cost function=57774.4, nestedness=0.994288, connectance=0.8192
	 Step 410000, T=5.31079, cost function=57793.5, nestedness=0.993728, connectance=0.8192
	 Step 420000, T=5.2051, cost function=57778.1, nestedness=0.994122, connectance=0.8192
	 Step 430000, T=5.10152, cost function=57754.9, nestedness=0.994769, connectance=0.8192
	 Step 440000, T=5.10152, cost function=57750.8, nestedness=0.995178, connectance=0.8192
	 Step 450000, T=5.10152, cost function=57777.4, nestedness=0.996629, connectance=0.8192
	 Step 460000, T=5.10152, cost function=57751.5, nestedness=0.995419, connectance=0.8192
	 Step 470000, T=5.10152, cost function=57791.2, nestedness=0.995176, connectance=0.8192
	 Step 480000, T=5.2051, cost function=57801.8, nestedness=0.995082, connectance=0.8192
	 Step 490000, T=5.10152, cost function=57765.4, nestedness=0.995091, connectance=0.8192
	 Step 500000, T=5.15305, cost function=57732.8, nestedness=0.995743, connectance=0.8192
	 Step 510000, T=5.05051, cost function=57738.8, nestedness=0.992243, connectance=0.8192
	 Step 520000, T=5.25768, cost function=57796.9, nestedness=0.994239, connectance=0.8192
	 Step 530000, T=5.05051, cost function=57753.8, nestedness=0.994214, connectance=0.8192
	 Step 540000, T=5.05051, cost function=57764.2, nestedness=0.992439, connectance=0.8192
	 Step 550000, T=5.05051, cost function=57778.1, nestedness=0.994728, connectance=0.8192
	 Step 560000, T=5.2051, cost function=57754.9, nestedness=0.99175, connectance=0.8192
	 Step 570000, T=5.10152, cost function=57750.8, nestedness=0.994212, connectance=0.8192
	 Step 580000, T=5.10152, cost function=57729.4, nestedness=0.994339, connectance=0.8192
	 Step 590000, T=5.10152, cost function=57794.6, nestedness=0.994162, connectance=0.8192
	 Step 600000, T=5.10152, cost function=57723.4, nestedness=0.992573, connectance=0.8192
	 Step 610000, T=5.2051, cost function=57786, nestedness=0.994195, connectance=0.8192
	 Step 620000, T=5.10152, cost function=57832.1, nestedness=0.990884, connectance=0.8192
	 Step 630000, T=5.10152, cost function=57864.8, nestedness=0.990548, connectance=0.8192
	 Step 640000, T=5.10152, cost function=57823.1, nestedness=0.992977, connectance=0.8192
	 Step 650000, T=5.10152, cost function=57788.6, nestedness=0.991386, connectance=0.8192
	 Step 660000, T=5.10152, cost function=57738.8, nestedness=0.994329, connectance=0.8192
	 Step 670000, T=5.41862, cost function=57737.6, nestedness=0.994942, connectance=0.8192
	 Step 680000, T=5.2051, cost function=57722.6, nestedness=0.996599, connectance=0.8192
	 Step 690000, T=5.10152, cost function=57726.4, nestedness=0.995789, connectance=0.8192
	 Step 700000, T=5.10152, cost function=57747.8, nestedness=0.995139, connectance=0.8192
	 Step 710000, T=5.10152, cost function=57790.1, nestedness=0.993959, connectance=0.8192
	 Step 720000, T=5.41862, cost function=57775.1, nestedness=0.99396, connectance=0.8192
	 Step 730000, T=5.10152, cost function=57727.1, nestedness=0.994258, connectance=0.8192
	 Step 740000, T=5.31079, cost function=57753, nestedness=0.99425, connectance=0.8192
	 Step 750000, T=5.10152, cost function=57739.9, nestedness=0.995789, connectance=0.8192
	 Step 760000, T=5.2051, cost function=57712.1, nestedness=0.996113, connectance=0.8192
	 Step 770000, T=5.10152, cost function=57749.2, nestedness=0.996351, connectance=0.8192
	 Step 780000, T=5.10152, cost function=57735.8, nestedness=0.995743, connectance=0.8192
	 Step 790000, T=5.2051, cost function=57743.2, nestedness=0.997363, connectance=0.8192
	 Step 800000, T=5.10152, cost function=57756.8, nestedness=0.997118, connectance=0.8192
	 Step 810000, T=5.31079, cost function=57783, nestedness=0.996265, connectance=0.8192
	 Step 820000, T=5.10152, cost function=57749.2, nestedness=0.995139, connectance=0.8192
	 Step 830000, T=5.10152, cost function=57768.4, nestedness=0.995939, connectance=0.8192
	 Step 840000, T=5.10152, cost function=57793.1, nestedness=0.994644, connectance=0.8192
	 Step 850000, T=5.2051, cost function=57778.9, nestedness=0.993639, connectance=0.8192
	 Step 860000, T=5.2051, cost function=57818.2, nestedness=0.993588, connectance=0.8192
	 Step 870000, T=5.10152, cost function=57888.8, nestedness=0.991144, connectance=0.8192
	 Step 880000, T=5.2051, cost function=57837.4, nestedness=0.991403, connectance=0.8192
	 Step 890000, T=5.10152, cost function=57762.8, nestedness=0.995865, connectance=0.8192
	 Step 900000, T=5.2051, cost function=57903.8, nestedness=0.990414, connectance=0.8192
	 Step 910000, T=5.10152, cost function=57801, nestedness=0.992019, connectance=0.8192
	 Step 920000, T=5.10152, cost function=57807, nestedness=0.990094, connectance=0.8192
	 Step 930000, T=5.10152, cost function=57756, nestedness=0.993566, connectance=0.8192
	 Step 940000, T=5.10152, cost function=57753.8, nestedness=0.99289, connectance=0.8192
	 Step 950000, T=5.10152, cost function=57790.1, nestedness=0.991186, connectance=0.8192
	 Step 960000, T=5.10152, cost function=57788.6, nestedness=0.996747, connectance=0.8192
	 Step 970000, T=5.10152, cost function=57755.2, nestedness=0.994977, connectance=0.8192
	 Step 980000, T=5.41862, cost function=57766.5, nestedness=0.995379, connectance=0.8192
	 Step 990000, T=5.10152, cost function=57795.8, nestedness=0.988053, connectance=0.8192
	 Step 1000000, T=5.05051, cost function=57777.4, nestedness=0.996182, connectance=0.8192
Created initial alpha guess with nestedness 0.812294
	 Step 0, T=4.95, cost function=97944.4, nestedness=0.812294, connectance=0.7488
	 Step 10000, T=7.85934, cost function=72524.2, nestedness=0.968671, connectance=0.7488
	 Step 20000, T=7.10785, cost function=71835, nestedness=0.97751, connectance=0.7488
	 Step 30000, T=6.42821, cost function=71806.1, nestedness=0.979634, connectance=0.7488
	 Step 40000, T=6.30029, cost function=71759.6, nestedness=0.980993, connectance=0.7488
	 Step 50000, T=6.30029, cost function=71645.2, nestedness=0.979708, connectance=0.7488
	 Step 60000, T=6.30029, cost function=71562.4, nestedness=0.989019, connectance=0.7488
	 Step 70000, T=6.30029, cost function=71595.8, nestedness=0.982767, connectance=0.7488
	 Step 80000, T=6.23729, cost function=71572.1, nestedness=0.987691, connectance=0.7488
	 Step 90000, T=6.23729, cost function=71579.6, nestedness=0.985586, connectance=0.7488
	 Step 100000, T=6.23729, cost function=71603.2, nestedness=0.98196, connectance=0.7488
	 Step 110000, T=6.30029, cost function=71661.4, nestedness=0.978519, connectance=0.7488
	 Step 120000, T=6.30029, cost function=71628.8, nestedness=0.983348, connectance=0.7488
	 Step 130000, T=6.30029, cost function=71520.4, nestedness=0.987636, connectance=0.7488
	 Step 140000, T=6.23729, cost function=71578.5, nestedness=0.989763, connectance=0.7488
	 Step 150000, T=6.23729, cost function=71630.2, nestedness=0.979824, connectance=0.7488
	 Step 160000, T=6.23729, cost function=71597.2, nestedness=0.983258, connectance=0.7488
	 Step 170000, T=6.30029, cost function=71628.8, nestedness=0.982942, connectance=0.7488
	 Step 180000, T=6.23729, cost function=71589.4, nestedness=0.985924, connectance=0.7488
	 Step 190000, T=6.23729, cost function=71616, nestedness=0.985591, connectance=0.7488
	 Step 200000, T=6.23729, cost function=71672.2, nestedness=0.979953, connectance=0.7488
	 Step 210000, T=6.36393, cost function=71606.6, nestedness=0.983659, connectance=0.7488
	 Step 220000, T=6.23729, cost function=71674.1, nestedness=0.98196, connectance=0.7488
	 Step 230000, T=6.23729, cost function=71692.9, nestedness=0.98155, connectance=0.7488
	 Step 240000, T=6.36393, cost function=71730, nestedness=0.97522, connectance=0.7488
	 Step 250000, T=6.23729, cost function=71666.2, nestedness=0.981837, connectance=0.7488
	 Step 260000, T=6.36393, cost function=71584.9, nestedness=0.984519, connectance=0.7488
	 Step 270000, T=6.23729, cost function=71564.2, nestedness=0.985247, connectance=0.7488
	 Step 280000, T=6.23729, cost function=71569.1, nestedness=0.985661, connectance=0.7488
	 Step 290000, T=6.23729, cost function=71548.9, nestedness=0.982323, connectance=0.7488
	 Step 300000, T=6.23729, cost function=71708.2, nestedness=0.98342, connectance=0.7488
	 Step 310000, T=6.23729, cost function=71695.9, nestedness=0.980606, connectance=0.7488
	 Step 320000, T=6.23729, cost function=71577.4, nestedness=0.983191, connectance=0.7488
	 Step 330000, T=6.23729, cost function=71494.5, nestedness=0.985885, connectance=0.7488
	 Step 340000, T=6.23729, cost function=71503.5, nestedness=0.988085, connectance=0.7488
	 Step 350000, T=6.30029, cost function=71460, nestedness=0.990637, connectance=0.7488
	 Step 360000, T=6.30029, cost function=71561.6, nestedness=0.98243, connectance=0.7488
	 Step 370000, T=6.30029, cost function=71550.4, nestedness=0.987777, connectance=0.7488
	 Step 380000, T=6.30029, cost function=71574.4, nestedness=0.986688, connectance=0.7488
	 Step 390000, T=6.30029, cost function=71599.9, nestedness=0.984556, connectance=0.7488
	 Step 400000, T=6.30029, cost function=71674.9, nestedness=0.975529, connectance=0.7488
	 Step 410000, T=6.30029, cost function=71660.6, nestedness=0.977801, connectance=0.7488
	 Step 420000, T=6.30029, cost function=71619, nestedness=0.986293, connectance=0.7488
	 Step 430000, T=6.30029, cost function=71634.8, nestedness=0.979823, connectance=0.7488
	 Step 440000, T=6.42821, cost function=71586, nestedness=0.984697, connectance=0.7488
	 Step 450000, T=6.42821, cost function=71581.5, nestedness=0.983521, connectance=0.7488
	 Step 460000, T=6.42821, cost function=71659.9, nestedness=0.981669, connectance=0.7488
	 Step 470000, T=6.30029, cost function=71586.4, nestedness=0.983444, connectance=0.7488
	 Step 480000, T=6.30029, cost function=71568.8, nestedness=0.980646, connectance=0.7488
	 Step 490000, T=6.30029, cost function=71545.5, nestedness=0.9836, connectance=0.7488
	 Step 500000, T=6.30029, cost function=71531.2, nestedness=0.989708, connectance=0.7488
	 Step 510000, T=6.42821, cost function=71552.2, nestedness=0.984887, connectance=0.7488
	 Step 520000, T=6.30029, cost function=71603.6, nestedness=0.982542, connectance=0.7488
	 Step 530000, T=6.30029, cost function=71628.8, nestedness=0.977848, connectance=0.7488
	 Step 540000, T=6.30029, cost function=71598, nestedness=0.984639, connectance=0.7488
	 Step 550000, T=6.55873, cost function=71698.9, nestedness=0.982225, connectance=0.7488
	 Step 560000, T=6.30029, cost function=71597.6, nestedness=0.981805, connectance=0.7488
	 Step 570000, T=6.30029, cost function=71607, nestedness=0.986679, connectance=0.7488
	 Step 580000, T=6.30029, cost function=71543.2, nestedness=0.988228, connectance=0.7488
	 Step 590000, T=6.30029, cost function=71554.5, nestedness=0.984898, connectance=0.7488
	 Step 600000, T=6.30029, cost function=71574.8, nestedness=0.985026, connectance=0.7488
	 Step 610000, T=6.30029, cost function=71548.9, nestedness=0.984335, connectance=0.7488
	 Step 620000, T=6.55873, cost function=71576.6, nestedness=0.986827, connectance=0.7488
	 Step 630000, T=6.42821, cost function=71514, nestedness=0.992206, connectance=0.7488
	 Step 640000, T=6.30029, cost function=71531.2, nestedness=0.986439, connectance=0.7488
	 Step 650000, T=6.30029, cost function=71601.4, nestedness=0.980866, connectance=0.7488
	 Step 660000, T=6.30029, cost function=71575.1, nestedness=0.984935, connectance=0.7488
	 Step 670000, T=6.30029, cost function=71647.9, nestedness=0.977361, connectance=0.7488
	 Step 680000, T=6.30029, cost function=71721, nestedness=0.98244, connectance=0.7488
	 Step 690000, T=6.30029, cost function=71636.2, nestedness=0.982593, connectance=0.7488
	 Step 700000, T=6.30029, cost function=71661.4, nestedness=0.984412, connectance=0.7488
	 Step 710000, T=6.23729, cost function=71728.5, nestedness=0.97914, connectance=0.7488
	 Step 720000, T=6.36393, cost function=71663.2, nestedness=0.978992, connectance=0.7488
	 Step 730000, T=6.23729, cost function=71629.1, nestedness=0.981256, connectance=0.7488
	 Step 740000, T=6.23729, cost function=71564.2, nestedness=0.985776, connectance=0.7488
	 Step 750000, T=6.23729, cost function=71514.8, nestedness=0.985071, connectance=0.7488
	 Step 760000, T=6.23729, cost function=71567.6, nestedness=0.989598, connectance=0.7488
	 Step 770000, T=6.23729, cost function=71588.2, nestedness=0.980549, connectance=0.7488
	 Step 780000, T=6.36393, cost function=71605.1, nestedness=0.983637, connectance=0.7488
	 Step 790000, T=6.23729, cost function=71627.2, nestedness=0.983301, connectance=0.7488
	 Step 800000, T=6.42821, cost function=71617.1, nestedness=0.979792, connectance=0.7488
	 Step 810000, T=6.23729, cost function=71614.9, nestedness=0.988392, connectance=0.7488
	 Step 820000, T=6.23729, cost function=71614.9, nestedness=0.983837, connectance=0.7488
	 Step 830000, T=6.23729, cost function=71589.8, nestedness=0.983443, connectance=0.7488
	 Step 840000, T=6.23729, cost function=71605.1, nestedness=0.978787, connectance=0.7488
	 Step 850000, T=6.36393, cost function=71658.4, nestedness=0.977061, connectance=0.7488
	 Step 860000, T=6.23729, cost function=71525.6, nestedness=0.988675, connectance=0.7488
	 Step 870000, T=6.23729, cost function=71595.4, nestedness=0.984553, connectance=0.7488
	 Step 880000, T=6.23729, cost function=71623.5, nestedness=0.983465, connectance=0.7488
	 Step 890000, T=6.30029, cost function=71640, nestedness=0.979909, connectance=0.7488
	 Step 900000, T=6.30029, cost function=71617.9, nestedness=0.983763, connectance=0.7488
	 Step 910000, T=6.30029, cost function=71631.8, nestedness=0.987566, connectance=0.7488
	 Step 920000, T=6.30029, cost function=71667.8, nestedness=0.976425, connectance=0.7488
	 Step 930000, T=6.30029, cost function=71564.6, nestedness=0.984046, connectance=0.7488
	 Step 940000, T=6.30029, cost function=71602.1, nestedness=0.982336, connectance=0.7488
	 Step 950000, T=6.30029, cost function=71564.6, nestedness=0.981898, connectance=0.7488
	 Step 960000, T=6.30029, cost function=71661.4, nestedness=0.981461, connectance=0.7488
	 Step 970000, T=6.30029, cost function=71641.5, nestedness=0.980388, connectance=0.7488
	 Step 980000, T=6.30029, cost function=71616.4, nestedness=0.983572, connectance=0.7488
	 Step 990000, T=6.23729, cost function=71649, nestedness=0.986172, connectance=0.7488
	 Step 1000000, T=6.36393, cost function=71594.6, nestedness=0.982264, connectance=0.7488
Created initial alpha guess with nestedness 0.783659
	 Step 0, T=4.95, cost function=113695, nestedness=0.783659, connectance=0.7288
	 Step 10000, T=9.04677, cost function=90346.5, nestedness=0.948161, connectance=0.7288
	 Step 20000, T=8.18174, cost function=89293.1, nestedness=0.970964, connectance=0.7288
	 Step 30000, T=7.85934, cost function=89250, nestedness=0.968674, connectance=0.7288
	 Step 40000, T=7.85934, cost function=89120.6, nestedness=0.974714, connectance=0.7288
	 Step 50000, T=7.85934, cost function=89060.6, nestedness=0.982015, connectance=0.7288
	 Step 60000, T=7.93873, cost function=89047.5, nestedness=0.977697, connectance=0.7288
	 Step 70000, T=7.78075, cost function=89070.4, nestedness=0.973465, connectance=0.7288
	 Step 80000, T=7.78075, cost function=89146.9, nestedness=0.978439, connectance=0.7288
	 Step 90000, T=7.78075, cost function=89066.2, nestedness=0.973112, connectance=0.7288
	 Step 100000, T=7.78075, cost function=89064, nestedness=0.974994, connectance=0.7288
	 Step 110000, T=7.93873, cost function=89112, nestedness=0.976034, connectance=0.7288
	 Step 120000, T=7.85934, cost function=89086.5, nestedness=0.980317, connectance=0.7288
	 Step 130000, T=7.85934, cost function=89114.2, nestedness=0.978228, connectance=0.7288
	 Step 140000, T=7.85934, cost function=89094.4, nestedness=0.980948, connectance=0.7288
	 Step 150000, T=7.85934, cost function=89167.1, nestedness=0.973381, connectance=0.7288
	 Step 160000, T=7.85934, cost function=89164.1, nestedness=0.974163, connectance=0.7288
	 Step 170000, T=7.85934, cost function=89154.8, nestedness=0.973988, connectance=0.7288
	 Step 180000, T=7.85934, cost function=89104.5, nestedness=0.972934, connectance=0.7288
	 Step 190000, T=7.85934, cost function=89101.5, nestedness=0.975047, connectance=0.7288
	 Step 200000, T=7.85934, cost function=89056.9, nestedness=0.978316, connectance=0.7288
	 Step 210000, T=7.85934, cost function=89079, nestedness=0.977821, connectance=0.7288
	 Step 220000, T=7.85934, cost function=89259, nestedness=0.974511, connectance=0.7288
	 Step 230000, T=7.85934, cost function=89079, nestedness=0.97875, connectance=0.7288
	 Step 240000, T=8.01892, cost function=89165.6, nestedness=0.9708, connectance=0.7288
	 Step 250000, T=7.78075, cost function=89238, nestedness=0.97647, connectance=0.7288
	 Step 260000, T=7.93873, cost function=89205, nestedness=0.97124, connectance=0.7288
	 Step 270000, T=7.78075, cost function=89068.1, nestedness=0.981038, connectance=0.7288
	 Step 280000, T=7.78075, cost function=89112.4, nestedness=0.976435, connectance=0.7288
	 Step 290000, T=7.78075, cost function=89182.9, nestedness=0.976516, connectance=0.7288
	 Step 300000, T=7.78075, cost function=89098.9, nestedness=0.974488, connectance=0.7288
	 Step 310000, T=7.93873, cost function=89175.8, nestedness=0.974095, connectance=0.7288
	 Step 320000, T=7.78075, cost function=89345.6, nestedness=0.972942, connectance=0.7288
	 Step 330000, T=7.78075, cost function=89317.9, nestedness=0.96355, connectance=0.7288
	 Step 340000, T=7.78075, cost function=89151.8, nestedness=0.967889, connectance=0.7288
	 Step 350000, T=7.78075, cost function=89196.4, nestedness=0.970485, connectance=0.7288
	 Step 360000, T=7.78075, cost function=88976.2, nestedness=0.98241, connectance=0.7288
	 Step 370000, T=7.78075, cost function=89046, nestedness=0.975152, connectance=0.7288
	 Step 380000, T=7.78075, cost function=89031.8, nestedness=0.980949, connectance=0.7288
	 Step 390000, T=7.78075, cost function=88968.8, nestedness=0.981135, connectance=0.7288
	 Step 400000, T=7.78075, cost function=89130.8, nestedness=0.973942, connectance=0.7288
	 Step 410000, T=7.78075, cost function=89062.5, nestedness=0.972752, connectance=0.7288
	 Step 420000, T=7.78075, cost function=89014.5, nestedness=0.980545, connectance=0.7288
	 Step 430000, T=7.85934, cost function=89097.8, nestedness=0.977687, connectance=0.7288
	 Step 440000, T=7.85934, cost function=89114.2, nestedness=0.97614, connectance=0.7288
	 Step 450000, T=7.85934, cost function=88992.4, nestedness=0.975062, connectance=0.7288
	 Step 460000, T=7.85934, cost function=89002.5, nestedness=0.981315, connectance=0.7288
	 Step 470000, T=7.85934, cost function=89037.4, nestedness=0.976243, connectance=0.7288
	 Step 480000, T=7.85934, cost function=89043.8, nestedness=0.979804, connectance=0.7288
	 Step 490000, T=8.18174, cost function=89126.6, nestedness=0.975823, connectance=0.7288
	 Step 500000, T=7.85934, cost function=89040, nestedness=0.977667, connectance=0.7288
	 Step 510000, T=7.85934, cost function=89124.4, nestedness=0.97498, connectance=0.7288
	 Step 520000, T=7.85934, cost function=89100.8, nestedness=0.974748, connectance=0.7288
	 Step 530000, T=7.85934, cost function=89198.2, nestedness=0.972327, connectance=0.7288
	 Step 540000, T=7.78075, cost function=89107.1, nestedness=0.976691, connectance=0.7288
	 Step 550000, T=7.85934, cost function=89137.1, nestedness=0.979726, connectance=0.7288
	 Step 560000, T=7.78075, cost function=89144.6, nestedness=0.982349, connectance=0.7288
	 Step 570000, T=7.78075, cost function=89272.5, nestedness=0.971373, connectance=0.7288
	 Step 580000, T=7.78075, cost function=89082.4, nestedness=0.974324, connectance=0.7288
	 Step 590000, T=7.93873, cost function=89036.2, nestedness=0.980297, connectance=0.7288
	 Step 600000, T=7.78075, cost function=88963.9, nestedness=0.977462, connectance=0.7288
	 Step 610000, T=7.78075, cost function=89047.9, nestedness=0.985873, connectance=0.7288
	 Step 620000, T=7.78075, cost function=89098.5, nestedness=0.971402, connectance=0.7288
	 Step 630000, T=7.78075, cost function=89026.1, nestedness=0.978636, connectance=0.7288
	 Step 640000, T=7.78075, cost function=89073.4, nestedness=0.979625, connectance=0.7288
	 Step 650000, T=7.78075, cost function=89015.2, nestedness=0.983515, connectance=0.7288
	 Step 660000, T=7.78075, cost function=89068.1, nestedness=0.97811, connectance=0.7288
	 Step 670000, T=7.78075, cost function=89061, nestedness=0.979084, connectance=0.7288
	 Step 680000, T=7.78075, cost function=88953.4, nestedness=0.979767, connectance=0.7288
	 Step 690000, T=7.78075, cost function=89052.8, nestedness=0.980051, connectance=0.7288
	 Step 700000, T=7.78075, cost function=89046.4, nestedness=0.973588, connectance=0.7288
	 Step 710000, T=8.18174, cost function=89183.6, nestedness=0.972527, connectance=0.7288
	 Step 720000, T=7.85934, cost function=89214.8, nestedness=0.974143, connectance=0.7288
	 Step 730000, T=7.85934, cost function=89113.1, nestedness=0.977229, connectance=0.7288
	 Step 740000, T=7.78075, cost function=89093.6, nestedness=0.976414, connectance=0.7288
	 Step 750000, T=7.78075, cost function=89050.9, nestedness=0.978148, connectance=0.7288
	 Step 760000, T=7.78075, cost function=89307, nestedness=0.966797, connectance=0.7288
	 Step 770000, T=7.78075, cost function=89248.1, nestedness=0.97219, connectance=0.7288
	 Step 780000, T=7.78075, cost function=89275.5, nestedness=0.971989, connectance=0.7288
	 Step 790000, T=7.78075, cost function=89189.2, nestedness=0.974096, connectance=0.7288
	 Step 800000, T=7.85934, cost function=89247.4, nestedness=0.974892, connectance=0.7288
	 Step 810000, T=7.85934, cost function=88971.8, nestedness=0.977891, connectance=0.7288
	 Step 820000, T=7.85934, cost function=89158.9, nestedness=0.972927, connectance=0.7288
	 Step 830000, T=7.85934, cost function=89213.6, nestedness=0.975058, connectance=0.7288
	 Step 840000, T=7.85934, cost function=89199.4, nestedness=0.970152, connectance=0.7288
	 Step 850000, T=8.01892, cost function=88996.1, nestedness=0.975779, connectance=0.7288
	 Step 860000, T=7.85934, cost function=88974, nestedness=0.982733, connectance=0.7288
	 Step 870000, T=7.85934, cost function=89131.5, nestedness=0.975695, connectance=0.7288
	 Step 880000, T=7.85934, cost function=89107.5, nestedness=0.974889, connectance=0.7288
	 Step 890000, T=7.85934, cost function=89210.2, nestedness=0.97632, connectance=0.7288
	 Step 900000, T=7.85934, cost function=89084.2, nestedness=0.974262, connectance=0.7288
	 Step 910000, T=7.85934, cost function=89089.9, nestedness=0.974876, connectance=0.7288
	 Step 920000, T=7.78075, cost function=89032.9, nestedness=0.978349, connectance=0.7288
	 Step 930000, T=7.78075, cost function=89125.9, nestedness=0.974601, connectance=0.7288
	 Step 940000, T=7.78075, cost function=89018.2, nestedness=0.979445, connectance=0.7288
	 Step 950000, T=7.78075, cost function=88888.5, nestedness=0.984033, connectance=0.7288
	 Step 960000, T=7.78075, cost function=89143.5, nestedness=0.977347, connectance=0.7288
	 Step 970000, T=7.85934, cost function=89114.6, nestedness=0.977669, connectance=0.7288
	 Step 980000, T=7.85934, cost function=89055.4, nestedness=0.977569, connectance=0.7288
	 Step 990000, T=7.78075, cost function=89175.4, nestedness=0.977282, connectance=0.7288
	 Step 1000000, T=7.93873, cost function=89035.9, nestedness=0.976568, connectance=0.7288
Created initial alpha guess with nestedness 0.755253
	 Step 0, T=4.95, cost function=131335, nestedness=0.755253, connectance=0.6968
	 Step 10000, T=10.625, cost function=110715, nestedness=0.920744, connectance=0.6968
	 Step 20000, T=9.60909, cost function=110410, nestedness=0.926153, connectance=0.6968
	 Step 30000, T=9.60909, cost function=110421, nestedness=0.920701, connectance=0.6968
	 Step 40000, T=9.60909, cost function=110385, nestedness=0.922997, connectance=0.6968
	 Step 50000, T=9.90323, cost function=110470, nestedness=0.924608, connectance=0.6968
	 Step 60000, T=9.70615, cost function=110342, nestedness=0.915614, connectance=0.6968
	 Step 70000, T=9.60909, cost function=110424, nestedness=0.924296, connectance=0.6968
	 Step 80000, T=9.60909, cost function=110475, nestedness=0.917497, connectance=0.6968
	 Step 90000, T=9.60909, cost function=110403, nestedness=0.922725, connectance=0.6968
	 Step 100000, T=9.90323, cost function=110447, nestedness=0.915834, connectance=0.6968
	 Step 110000, T=9.70615, cost function=110498, nestedness=0.921779, connectance=0.6968
	 Step 120000, T=9.70615, cost function=110309, nestedness=0.928543, connectance=0.6968
	 Step 130000, T=9.60909, cost function=110360, nestedness=0.917837, connectance=0.6968
	 Step 140000, T=9.60909, cost function=110427, nestedness=0.913325, connectance=0.6968
	 Step 150000, T=9.70615, cost function=110375, nestedness=0.922628, connectance=0.6968
	 Step 160000, T=9.70615, cost function=110367, nestedness=0.922929, connectance=0.6968
	 Step 170000, T=9.60909, cost function=110446, nestedness=0.928236, connectance=0.6968
	 Step 180000, T=9.70615, cost function=110380, nestedness=0.921612, connectance=0.6968
	 Step 190000, T=9.60909, cost function=110509, nestedness=0.912077, connectance=0.6968
	 Step 200000, T=9.60909, cost function=110409, nestedness=0.922419, connectance=0.6968
	 Step 210000, T=9.70615, cost function=110561, nestedness=0.920438, connectance=0.6968
	 Step 220000, T=9.70615, cost function=110582, nestedness=0.910999, connectance=0.6968
	 Step 230000, T=9.60909, cost function=110448, nestedness=0.918851, connectance=0.6968
	 Step 240000, T=9.70615, cost function=110355, nestedness=0.926684, connectance=0.6968
	 Step 250000, T=9.60909, cost function=110567, nestedness=0.917884, connectance=0.6968
	 Step 260000, T=9.60909, cost function=110272, nestedness=0.921101, connectance=0.6968
	 Step 270000, T=9.60909, cost function=110348, nestedness=0.924998, connectance=0.6968
	 Step 280000, T=9.70615, cost function=110435, nestedness=0.920616, connectance=0.6968
	 Step 290000, T=9.60909, cost function=110360, nestedness=0.927629, connectance=0.6968
	 Step 300000, T=9.70615, cost function=110321, nestedness=0.922877, connectance=0.6968
	 Step 310000, T=9.70615, cost function=110617, nestedness=0.91206, connectance=0.6968
	 Step 320000, T=9.70615, cost function=110703, nestedness=0.914351, connectance=0.6968
	 Step 330000, T=9.60909, cost function=110360, nestedness=0.921407, connectance=0.6968
	 Step 340000, T=9.60909, cost function=110338, nestedness=0.926274, connectance=0.6968
	 Step 350000, T=9.60909, cost function=110436, nestedness=0.922971, connectance=0.6968
	 Step 360000, T=9.60909, cost function=110599, nestedness=0.915322, connectance=0.6968
	 Step 370000, T=9.60909, cost function=110338, nestedness=0.92227, connectance=0.6968
	 Step 380000, T=9.60909, cost function=110318, nestedness=0.923364, connectance=0.6968
	 Step 390000, T=9.60909, cost function=110544, nestedness=0.922369, connectance=0.6968
	 Step 400000, T=9.70615, cost function=110286, nestedness=0.925478, connectance=0.6968
	 Step 410000, T=9.60909, cost function=110493, nestedness=0.915653, connectance=0.6968
	 Step 420000, T=9.60909, cost function=110376, nestedness=0.92861, connectance=0.6968
	 Step 430000, T=9.60909, cost function=110334, nestedness=0.922047, connectance=0.6968
	 Step 440000, T=9.60909, cost function=110434, nestedness=0.920551, connectance=0.6968
	 Step 450000, T=9.60909, cost function=110082, nestedness=0.930352, connectance=0.6968
	 Step 460000, T=9.60909, cost function=110343, nestedness=0.91663, connectance=0.6968
	 Step 470000, T=9.70615, cost function=110512, nestedness=0.92375, connectance=0.6968
	 Step 480000, T=9.70615, cost function=110470, nestedness=0.918795, connectance=0.6968
	 Step 490000, T=9.60909, cost function=110272, nestedness=0.925274, connectance=0.6968
	 Step 500000, T=9.60909, cost function=110388, nestedness=0.928842, connectance=0.6968
	 Step 510000, T=9.60909, cost function=110324, nestedness=0.926339, connectance=0.6968
	 Step 520000, T=9.70615, cost function=110372, nestedness=0.917767, connectance=0.6968
	 Step 530000, T=9.70615, cost function=110343, nestedness=0.91784, connectance=0.6968
	 Step 540000, T=9.60909, cost function=110338, nestedness=0.918671, connectance=0.6968
	 Step 550000, T=9.60909, cost function=110280, nestedness=0.930541, connectance=0.6968
	 Step 560000, T=9.70615, cost function=110372, nestedness=0.926068, connectance=0.6968
	 Step 570000, T=9.70615, cost function=110343, nestedness=0.921596, connectance=0.6968
	 Step 580000, T=9.60909, cost function=110460, nestedness=0.914904, connectance=0.6968
	 Step 590000, T=9.60909, cost function=110267, nestedness=0.925167, connectance=0.6968
	 Step 600000, T=9.60909, cost function=110327, nestedness=0.922818, connectance=0.6968
	 Step 610000, T=9.60909, cost function=110304, nestedness=0.9264, connectance=0.6968
	 Step 620000, T=9.60909, cost function=110543, nestedness=0.913802, connectance=0.6968
	 Step 630000, T=9.8042, cost function=110519, nestedness=0.912543, connectance=0.6968
	 Step 640000, T=9.60909, cost function=110437, nestedness=0.927998, connectance=0.6968
	 Step 650000, T=9.70615, cost function=110454, nestedness=0.925458, connectance=0.6968
	 Step 660000, T=9.90323, cost function=110411, nestedness=0.923421, connectance=0.6968
	 Step 670000, T=9.60909, cost function=110566, nestedness=0.919342, connectance=0.6968
	 Step 680000, T=9.60909, cost function=110334, nestedness=0.927231, connectance=0.6968
	 Step 690000, T=9.8042, cost function=110577, nestedness=0.925428, connectance=0.6968
	 Step 700000, T=9.70615, cost function=110283, nestedness=0.933742, connectance=0.6968
	 Step 710000, T=9.60909, cost function=110396, nestedness=0.926442, connectance=0.6968
	 Step 720000, T=9.60909, cost function=110251, nestedness=0.924829, connectance=0.6968
	 Step 730000, T=9.60909, cost function=110409, nestedness=0.923202, connectance=0.6968
	 Step 740000, T=9.70615, cost function=110264, nestedness=0.919902, connectance=0.6968
	 Step 750000, T=9.70615, cost function=110278, nestedness=0.931963, connectance=0.6968
	 Step 760000, T=9.60909, cost function=110376, nestedness=0.914144, connectance=0.6968
	 Step 770000, T=9.60909, cost function=110316, nestedness=0.926043, connectance=0.6968
	 Step 780000, T=9.60909, cost function=110342, nestedness=0.916634, connectance=0.6968
	 Step 790000, T=9.70615, cost function=110397, nestedness=0.921946, connectance=0.6968
	 Step 800000, T=9.90323, cost function=110413, nestedness=0.920725, connectance=0.6968
	 Step 810000, T=9.60909, cost function=110628, nestedness=0.911356, connectance=0.6968
	 Step 820000, T=9.70615, cost function=110511, nestedness=0.925924, connectance=0.6968
	 Step 830000, T=9.60909, cost function=110542, nestedness=0.921944, connectance=0.6968
	 Step 840000, T=9.60909, cost function=110509, nestedness=0.913432, connectance=0.6968
	 Step 850000, T=9.60909, cost function=110539, nestedness=0.921102, connectance=0.6968
	 Step 860000, T=9.60909, cost function=110642, nestedness=0.92641, connectance=0.6968
	 Step 870000, T=9.60909, cost function=110307, nestedness=0.921644, connectance=0.6968
	 Step 880000, T=9.60909, cost function=110545, nestedness=0.921685, connectance=0.6968
	 Step 890000, T=9.60909, cost function=110532, nestedness=0.913614, connectance=0.6968
	 Step 900000, T=9.60909, cost function=110382, nestedness=0.921309, connectance=0.6968
	 Step 910000, T=9.60909, cost function=110498, nestedness=0.918424, connectance=0.6968
	 Step 920000, T=9.70615, cost function=110267, nestedness=0.925151, connectance=0.6968
	 Step 930000, T=9.60909, cost function=110615, nestedness=0.920293, connectance=0.6968
	 Step 940000, T=9.60909, cost function=110333, nestedness=0.92227, connectance=0.6968
	 Step 950000, T=9.70615, cost function=110460, nestedness=0.913806, connectance=0.6968
	 Step 960000, T=9.90323, cost function=110288, nestedness=0.927784, connectance=0.6968
	 Step 970000, T=9.70615, cost function=110396, nestedness=0.916155, connectance=0.6968
	 Step 980000, T=9.60909, cost function=110562, nestedness=0.911671, connectance=0.6968
	 Step 990000, T=10.0033, cost function=110540, nestedness=0.916367, connectance=0.6968
	 Step 1000000, T=9.60909, cost function=110529, nestedness=0.908245, connectance=0.6968
Created initial alpha guess with nestedness 0.686898
	 Step 0, T=4.95, cost function=133210, nestedness=0.686898, connectance=0.6256
	 Step 10000, T=10.625, cost function=117465, nestedness=0.878182, connectance=0.6256
	 Step 20000, T=10.2064, cost function=117250, nestedness=0.895432, connectance=0.6256
	 Step 30000, T=10.2064, cost function=117028, nestedness=0.904523, connectance=0.6256
	 Step 40000, T=10.2064, cost function=116755, nestedness=0.898994, connectance=0.6256
	 Step 50000, T=10.2064, cost function=117237, nestedness=0.890121, connectance=0.6256
	 Step 60000, T=10.3095, cost function=116681, nestedness=0.911881, connectance=0.6256
	 Step 70000, T=10.3095, cost function=116639, nestedness=0.906802, connectance=0.6256
	 Step 80000, T=10.2064, cost function=116816, nestedness=0.903226, connectance=0.6256
	 Step 90000, T=10.3095, cost function=116950, nestedness=0.905494, connectance=0.6256
	 Step 100000, T=10.3095, cost function=116742, nestedness=0.906341, connectance=0.6256
	 Step 110000, T=10.2064, cost function=116697, nestedness=0.904798, connectance=0.6256
	 Step 120000, T=10.3095, cost function=116810, nestedness=0.906098, connectance=0.6256
	 Step 130000, T=10.2064, cost function=116761, nestedness=0.905428, connectance=0.6256
	 Step 140000, T=10.3095, cost function=116563, nestedness=0.901598, connectance=0.6256
	 Step 150000, T=10.2064, cost function=116733, nestedness=0.899809, connectance=0.6256
	 Step 160000, T=10.2064, cost function=116734, nestedness=0.913152, connectance=0.6256
	 Step 170000, T=10.2064, cost function=117006, nestedness=0.898902, connectance=0.6256
	 Step 180000, T=10.2064, cost function=116724, nestedness=0.906262, connectance=0.6256
	 Step 190000, T=10.3095, cost function=116942, nestedness=0.904446, connectance=0.6256
	 Step 200000, T=10.2064, cost function=116775, nestedness=0.908216, connectance=0.6256
	 Step 210000, T=10.2064, cost function=116912, nestedness=0.9051, connectance=0.6256
	 Step 220000, T=10.2064, cost function=116897, nestedness=0.898534, connectance=0.6256
	 Step 230000, T=10.2064, cost function=116846, nestedness=0.898583, connectance=0.6256
	 Step 240000, T=10.2064, cost function=116784, nestedness=0.902813, connectance=0.6256
	 Step 250000, T=10.2064, cost function=116758, nestedness=0.90392, connectance=0.6256
	 Step 260000, T=10.2064, cost function=116634, nestedness=0.909842, connectance=0.6256
	 Step 270000, T=10.2064, cost function=116996, nestedness=0.90057, connectance=0.6256
	 Step 280000, T=10.3095, cost function=116666, nestedness=0.905972, connectance=0.6256
	 Step 290000, T=10.3095, cost function=117018, nestedness=0.902583, connectance=0.6256
	 Step 300000, T=10.5188, cost function=116739, nestedness=0.910115, connectance=0.6256
	 Step 310000, T=10.3095, cost function=116961, nestedness=0.895677, connectance=0.6256
	 Step 320000, T=10.3095, cost function=116885, nestedness=0.902227, connectance=0.6256
	 Step 330000, T=10.3095, cost function=116933, nestedness=0.892681, connectance=0.6256
	 Step 340000, T=10.2064, cost function=116787, nestedness=0.906424, connectance=0.6256
	 Step 350000, T=10.3095, cost function=116871, nestedness=0.891187, connectance=0.6256
	 Step 360000, T=10.2064, cost function=116571, nestedness=0.91746, connectance=0.6256
	 Step 370000, T=10.3095, cost function=116753, nestedness=0.909422, connectance=0.6256
	 Step 380000, T=10.3095, cost function=117069, nestedness=0.902111, connectance=0.6256
	 Step 390000, T=10.5188, cost function=117015, nestedness=0.889443, connectance=0.6256
	 Step 400000, T=10.3095, cost function=117187, nestedness=0.89673, connectance=0.6256
	 Step 410000, T=10.3095, cost function=116820, nestedness=0.905529, connectance=0.6256
	 Step 420000, T=10.2064, cost function=116868, nestedness=0.891379, connectance=0.6256
	 Step 430000, T=10.3095, cost function=116839, nestedness=0.901446, connectance=0.6256
	 Step 440000, T=10.3095, cost function=116892, nestedness=0.890834, connectance=0.6256
	 Step 450000, T=10.5188, cost function=116979, nestedness=0.89565, connectance=0.6256
	 Step 460000, T=10.3095, cost function=117058, nestedness=0.905801, connectance=0.6256
	 Step 470000, T=10.4136, cost function=116680, nestedness=0.914264, connectance=0.6256
	 Step 480000, T=10.2064, cost function=116744, nestedness=0.911136, connectance=0.6256
	 Step 490000, T=10.2064, cost function=116608, nestedness=0.916199, connectance=0.6256
	 Step 500000, T=10.5188, cost function=116806, nestedness=0.899536, connectance=0.6256
	 Step 510000, T=10.3095, cost function=116938, nestedness=0.900692, connectance=0.6256
	 Step 520000, T=10.2064, cost function=116787, nestedness=0.913068, connectance=0.6256
	 Step 530000, T=10.2064, cost function=116962, nestedness=0.908258, connectance=0.6256
	 Step 540000, T=10.3095, cost function=116872, nestedness=0.905118, connectance=0.6256
	 Step 550000, T=10.2064, cost function=116896, nestedness=0.896657, connectance=0.6256
	 Step 560000, T=10.3095, cost function=116821, nestedness=0.900055, connectance=0.6256
	 Step 570000, T=10.3095, cost function=116950, nestedness=0.904136, connectance=0.6256
	 Step 580000, T=10.3095, cost function=116991, nestedness=0.895893, connectance=0.6256
	 Step 590000, T=10.2064, cost function=116792, nestedness=0.913294, connectance=0.6256
	 Step 600000, T=10.3095, cost function=116727, nestedness=0.908347, connectance=0.6256
	 Step 610000, T=10.2064, cost function=116571, nestedness=0.911045, connectance=0.6256
	 Step 620000, T=10.2064, cost function=116815, nestedness=0.901471, connectance=0.6256
	 Step 630000, T=10.2064, cost function=116817, nestedness=0.894438, connectance=0.6256
	 Step 640000, T=10.2064, cost function=116880, nestedness=0.907369, connectance=0.6256
	 Step 650000, T=10.2064, cost function=116826, nestedness=0.902253, connectance=0.6256
	 Step 660000, T=10.2064, cost function=116637, nestedness=0.915868, connectance=0.6256
	 Step 670000, T=10.2064, cost function=116714, nestedness=0.908771, connectance=0.6256
	 Step 680000, T=10.2064, cost function=116526, nestedness=0.908728, connectance=0.6256
	 Step 690000, T=10.2064, cost function=116810, nestedness=0.909715, connectance=0.6256
	 Step 700000, T=10.3095, cost function=116962, nestedness=0.891725, connectance=0.6256
	 Step 710000, T=10.3095, cost function=116702, nestedness=0.912106, connectance=0.6256
	 Step 720000, T=10.2064, cost function=116929, nestedness=0.904091, connectance=0.6256
	 Step 730000, T=10.2064, cost function=116766, nestedness=0.904213, connectance=0.6256
	 Step 740000, T=10.3095, cost function=117048, nestedness=0.896082, connectance=0.6256
	 Step 750000, T=10.3095, cost function=116738, nestedness=0.909317, connectance=0.6256
	 Step 760000, T=10.3095, cost function=117114, nestedness=0.895489, connectance=0.6256
	 Step 770000, T=10.3095, cost function=116929, nestedness=0.900424, connectance=0.6256
	 Step 780000, T=10.2064, cost function=116768, nestedness=0.922806, connectance=0.6256
	 Step 790000, T=10.3095, cost function=116654, nestedness=0.913429, connectance=0.6256
	 Step 800000, T=10.2064, cost function=116769, nestedness=0.899606, connectance=0.6256
	 Step 810000, T=10.3095, cost function=116769, nestedness=0.909291, connectance=0.6256
	 Step 820000, T=10.3095, cost function=116573, nestedness=0.910963, connectance=0.6256
	 Step 830000, T=10.2064, cost function=116618, nestedness=0.910449, connectance=0.6256
	 Step 840000, T=10.2064, cost function=116866, nestedness=0.90855, connectance=0.6256
	 Step 850000, T=10.2064, cost function=117089, nestedness=0.888389, connectance=0.6256
	 Step 860000, T=10.2064, cost function=116915, nestedness=0.895137, connectance=0.6256
	 Step 870000, T=10.3095, cost function=116726, nestedness=0.908726, connectance=0.6256
	 Step 880000, T=10.2064, cost function=116915, nestedness=0.903759, connectance=0.6256
	 Step 890000, T=10.4136, cost function=116913, nestedness=0.902252, connectance=0.6256
	 Step 900000, T=10.2064, cost function=116802, nestedness=0.899566, connectance=0.6256
	 Step 910000, T=10.2064, cost function=116964, nestedness=0.893964, connectance=0.6256
	 Step 920000, T=10.3095, cost function=116961, nestedness=0.898036, connectance=0.6256
	 Step 930000, T=10.2064, cost function=116776, nestedness=0.90882, connectance=0.6256
	 Step 940000, T=10.2064, cost function=116965, nestedness=0.897503, connectance=0.6256
	 Step 950000, T=10.2064, cost function=116646, nestedness=0.918783, connectance=0.6256
	 Step 960000, T=10.2064, cost function=116774, nestedness=0.911885, connectance=0.6256
	 Step 970000, T=10.2064, cost function=116827, nestedness=0.90571, connectance=0.6256
	 Step 980000, T=10.2064, cost function=116777, nestedness=0.903854, connectance=0.6256
	 Step 990000, T=10.2064, cost function=116515, nestedness=0.91486, connectance=0.6256
	 Step 1000000, T=10.4136, cost function=116756, nestedness=0.919562, connectance=0.6256
