Metaparameters loaded : gamma0 = 0.75; alpha0 = 0.0001; sigma0 = 0.25; l0 = 1;p = 1; R0 = 1; S0 = 0.05; NR = 50; NS = 25; matrix path = matrix_list/full_rank_opt_consumption_mat_NR50_NS25_1.in; convergence threshold = 1e-08
Initiated random engine with seed 0
Random engine initialized
Created initial alpha guess with nestedness 0.932145
	 Step 0, T=4.95, cost function=43948.9, nestedness=0.932145, connectance=0.8968
	 Step 10000, T=4.47669, cost function=39628.9, nestedness=0.978102, connectance=0.8968
	 Step 20000, T=4.04864, cost function=39441.4, nestedness=0.984227, connectance=0.8968
	 Step 30000, T=3.66152, cost function=39433.9, nestedness=0.985754, connectance=0.8968
	 Step 40000, T=3.44725, cost function=39451.1, nestedness=0.985574, connectance=0.8968
	 Step 50000, T=3.51724, cost function=39396, nestedness=0.985996, connectance=0.8968
	 Step 60000, T=3.44725, cost function=39455.2, nestedness=0.982681, connectance=0.8968
	 Step 70000, T=3.44725, cost function=39390.8, nestedness=0.986615, connectance=0.8968
	 Step 80000, T=3.48207, cost function=39404.2, nestedness=0.990641, connectance=0.8968
	 Step 90000, T=3.48207, cost function=39393, nestedness=0.986419, connectance=0.8968
	 Step 100000, T=3.48207, cost function=39366, nestedness=0.990151, connectance=0.8968
	 Step 110000, T=3.48207, cost function=39452.6, nestedness=0.980457, connectance=0.8968
	 Step 120000, T=3.48207, cost function=39366, nestedness=0.987456, connectance=0.8968
	 Step 130000, T=3.48207, cost function=39474, nestedness=0.980954, connectance=0.8968
	 Step 140000, T=3.48207, cost function=39460.5, nestedness=0.986285, connectance=0.8968
	 Step 150000, T=3.48207, cost function=39438, nestedness=0.984397, connectance=0.8968
	 Step 160000, T=3.48207, cost function=39363.4, nestedness=0.98989, connectance=0.8968
	 Step 170000, T=3.48207, cost function=39372.4, nestedness=0.98498, connectance=0.8968
	 Step 180000, T=3.48207, cost function=39338.2, nestedness=0.993083, connectance=0.8968
	 Step 190000, T=3.48207, cost function=39361.9, nestedness=0.992811, connectance=0.8968
	 Step 200000, T=3.55277, cost function=39399, nestedness=0.987217, connectance=0.8968
	 Step 210000, T=3.48207, cost function=39346.1, nestedness=0.988257, connectance=0.8968
	 Step 220000, T=3.48207, cost function=39416.2, nestedness=0.986341, connectance=0.8968
	 Step 230000, T=3.48207, cost function=39394.5, nestedness=0.982491, connectance=0.8968
	 Step 240000, T=3.48207, cost function=39358.5, nestedness=0.989203, connectance=0.8968
	 Step 250000, T=3.48207, cost function=39380.2, nestedness=0.987165, connectance=0.8968
	 Step 260000, T=3.55277, cost function=39364.9, nestedness=0.988303, connectance=0.8968
	 Step 270000, T=3.48207, cost function=39364.9, nestedness=0.98999, connectance=0.8968
	 Step 280000, T=3.48207, cost function=39442.9, nestedness=0.984852, connectance=0.8968
	 Step 290000, T=3.48207, cost function=39443.2, nestedness=0.987479, connectance=0.8968
	 Step 300000, T=3.44725, cost function=39403.5, nestedness=0.985468, connectance=0.8968
	 Step 310000, T=3.44725, cost function=39383.6, nestedness=0.986122, connectance=0.8968
	 Step 320000, T=3.44725, cost function=39402.4, nestedness=0.981791, connectance=0.8968
	 Step 330000, T=3.48207, cost function=39414.8, nestedness=0.985182, connectance=0.8968
	 Step 340000, T=3.48207, cost function=39352.5, nestedness=0.986812, connectance=0.8968
	 Step 350000, T=3.48207, cost function=39338.2, nestedness=0.992236, connectance=0.8968
	 Step 360000, T=3.48207, cost function=39427.1, nestedness=0.988173, connectance=0.8968
	 Step 370000, T=3.48207, cost function=39388.1, nestedness=0.98563, connectance=0.8968
	 Step 380000, T=3.48207, cost function=39416.2, nestedness=0.986171, connectance=0.8968
	 Step 390000, T=3.48207, cost function=39420.8, nestedness=0.988763, connectance=0.8968
	 Step 400000, T=3.44725, cost function=39418.1, nestedness=0.98433, connectance=0.8968
	 Step 410000, T=3.44725, cost function=39386.6, nestedness=0.991498, connectance=0.8968
	 Step 420000, T=3.44725, cost function=39405, nestedness=0.987092, connectance=0.8968
	 Step 430000, T=3.44725, cost function=39435, nestedness=0.9861, connectance=0.8968
	 Step 440000, T=3.51724, cost function=39385.1, nestedness=0.985219, connectance=0.8968
	 Step 450000, T=3.48207, cost function=39412.1, nestedness=0.984553, connectance=0.8968
	 Step 460000, T=3.48207, cost function=39374.2, nestedness=0.989226, connectance=0.8968
	 Step 470000, T=3.48207, cost function=39391.1, nestedness=0.987916, connectance=0.8968
	 Step 480000, T=3.55277, cost function=39394.5, nestedness=0.987682, connectance=0.8968
	 Step 490000, T=3.44725, cost function=39380.6, nestedness=0.989007, connectance=0.8968
	 Step 500000, T=3.51724, cost function=39391.5, nestedness=0.986731, connectance=0.8968
	 Step 510000, T=3.44725, cost function=39402, nestedness=0.98828, connectance=0.8968
	 Step 520000, T=3.51724, cost function=39398.6, nestedness=0.989476, connectance=0.8968
	 Step 530000, T=3.48207, cost function=39354.4, nestedness=0.992773, connectance=0.8968
	 Step 540000, T=3.48207, cost function=39377.6, nestedness=0.987484, connectance=0.8968
	 Step 550000, T=3.48207, cost function=39430.1, nestedness=0.989116, connectance=0.8968
	 Step 560000, T=3.44725, cost function=39432.4, nestedness=0.985837, connectance=0.8968
	 Step 570000, T=3.44725, cost function=39450.8, nestedness=0.988134, connectance=0.8968
	 Step 580000, T=3.44725, cost function=39426, nestedness=0.98707, connectance=0.8968
	 Step 590000, T=3.44725, cost function=39435.4, nestedness=0.979512, connectance=0.8968
	 Step 600000, T=3.44725, cost function=39406.9, nestedness=0.986001, connectance=0.8968
	 Step 610000, T=3.44725, cost function=39403.9, nestedness=0.982124, connectance=0.8968
	 Step 620000, T=3.44725, cost function=39393, nestedness=0.986216, connectance=0.8968
	 Step 630000, T=3.44725, cost function=39417.8, nestedness=0.989886, connectance=0.8968
	 Step 640000, T=3.44725, cost function=39409.1, nestedness=0.986585, connectance=0.8968
	 Step 650000, T=3.48207, cost function=39458.6, nestedness=0.98443, connectance=0.8968
	 Step 660000, T=3.48207, cost function=39426, nestedness=0.98669, connectance=0.8968
	 Step 670000, T=3.58865, cost function=39363, nestedness=0.989675, connectance=0.8968
	 Step 680000, T=3.44725, cost function=39405.8, nestedness=0.985256, connectance=0.8968
	 Step 690000, T=3.55277, cost function=39343.5, nestedness=0.991935, connectance=0.8968
	 Step 700000, T=3.48207, cost function=39344.2, nestedness=0.990457, connectance=0.8968
	 Step 710000, T=3.48207, cost function=39413.2, nestedness=0.990004, connectance=0.8968
	 Step 720000, T=3.48207, cost function=39329.2, nestedness=0.989424, connectance=0.8968
	 Step 730000, T=3.48207, cost function=39381.8, nestedness=0.985848, connectance=0.8968
	 Step 740000, T=3.48207, cost function=39384.8, nestedness=0.989095, connectance=0.8968
	 Step 750000, T=3.44725, cost function=39358.5, nestedness=0.988125, connectance=0.8968
	 Step 760000, T=3.44725, cost function=39386.6, nestedness=0.988874, connectance=0.8968
	 Step 770000, T=3.44725, cost function=39308.6, nestedness=0.994022, connectance=0.8968
	 Step 780000, T=3.48207, cost function=39460.1, nestedness=0.987338, connectance=0.8968
	 Step 790000, T=3.48207, cost function=39383.6, nestedness=0.988643, connectance=0.8968
	 Step 800000, T=3.48207, cost function=39430.1, nestedness=0.985406, connectance=0.8968
	 Step 810000, T=3.48207, cost function=39469.5, nestedness=0.982759, connectance=0.8968
	 Step 820000, T=3.48207, cost function=39352.1, nestedness=0.990523, connectance=0.8968
	 Step 830000, T=3.48207, cost function=39372.8, nestedness=0.988044, connectance=0.8968
	 Step 840000, T=3.44725, cost function=39444.8, nestedness=0.983712, connectance=0.8968
	 Step 850000, T=3.44725, cost function=39439.5, nestedness=0.982759, connectance=0.8968
	 Step 860000, T=3.44725, cost function=39385.5, nestedness=0.987022, connectance=0.8968
	 Step 870000, T=3.48207, cost function=39449.2, nestedness=0.982187, connectance=0.8968
	 Step 880000, T=3.48207, cost function=39424.5, nestedness=0.989019, connectance=0.8968
	 Step 890000, T=3.48207, cost function=39346.1, nestedness=0.990249, connectance=0.8968
	 Step 900000, T=3.48207, cost function=39409.9, nestedness=0.988313, connectance=0.8968
	 Step 910000, T=3.48207, cost function=39385.5, nestedness=0.986888, connectance=0.8968
	 Step 920000, T=3.41277, cost function=39294.8, nestedness=0.991413, connectance=0.8968
	 Step 930000, T=3.48207, cost function=39371.2, nestedness=0.986343, connectance=0.8968
	 Step 940000, T=3.44725, cost function=39382.1, nestedness=0.991312, connectance=0.8968
	 Step 950000, T=3.44725, cost function=39415.1, nestedness=0.986721, connectance=0.8968
	 Step 960000, T=3.44725, cost function=39369.8, nestedness=0.987589, connectance=0.8968
	 Step 970000, T=3.51724, cost function=39383.6, nestedness=0.986957, connectance=0.8968
	 Step 980000, T=3.44725, cost function=39351, nestedness=0.987648, connectance=0.8968
	 Step 990000, T=3.44725, cost function=39308.6, nestedness=0.994022, connectance=0.8968
	 Step 1000000, T=3.44725, cost function=39364.5, nestedness=0.988749, connectance=0.8968
Created initial alpha guess with nestedness 0.914466
	 Step 0, T=4.95, cost function=60829.5, nestedness=0.914466, connectance=0.872
	 Step 10000, T=4.95, cost function=55924.5, nestedness=0.970523, connectance=0.872
	 Step 20000, T=4.85149, cost function=55859.2, nestedness=0.971691, connectance=0.872
	 Step 30000, T=4.85149, cost function=55839.4, nestedness=0.975742, connectance=0.872
	 Step 40000, T=4.85149, cost function=55727.6, nestedness=0.981168, connectance=0.872
	 Step 50000, T=4.9005, cost function=55735.9, nestedness=0.976401, connectance=0.872
	 Step 60000, T=4.9005, cost function=55832.2, nestedness=0.973706, connectance=0.872
	 Step 70000, T=4.9005, cost function=55754.6, nestedness=0.980279, connectance=0.872
	 Step 80000, T=4.9005, cost function=55845.4, nestedness=0.969727, connectance=0.872
	 Step 90000, T=4.85149, cost function=55745.2, nestedness=0.97938, connectance=0.872
	 Step 100000, T=4.9005, cost function=55847.2, nestedness=0.973189, connectance=0.872
	 Step 110000, T=4.9005, cost function=55831.9, nestedness=0.977794, connectance=0.872
	 Step 120000, T=4.85149, cost function=55830, nestedness=0.974223, connectance=0.872
	 Step 130000, T=4.85149, cost function=55821.8, nestedness=0.976687, connectance=0.872
	 Step 140000, T=4.95, cost function=55840.5, nestedness=0.97374, connectance=0.872
	 Step 150000, T=4.85149, cost function=55850.2, nestedness=0.97671, connectance=0.872
	 Step 160000, T=4.85149, cost function=55741.1, nestedness=0.98138, connectance=0.872
	 Step 170000, T=4.9005, cost function=55803, nestedness=0.976379, connectance=0.872
	 Step 180000, T=4.9005, cost function=55844.2, nestedness=0.971991, connectance=0.872
	 Step 190000, T=4.9005, cost function=55827.8, nestedness=0.970566, connectance=0.872
	 Step 200000, T=4.95, cost function=55915.5, nestedness=0.971727, connectance=0.872
	 Step 210000, T=4.85149, cost function=55851.4, nestedness=0.976267, connectance=0.872
	 Step 220000, T=4.85149, cost function=55849.9, nestedness=0.974435, connectance=0.872
	 Step 230000, T=4.85149, cost function=55776.8, nestedness=0.980695, connectance=0.872
	 Step 240000, T=4.85149, cost function=55820.2, nestedness=0.972287, connectance=0.872
	 Step 250000, T=5.05051, cost function=55934.6, nestedness=0.971099, connectance=0.872
	 Step 260000, T=4.9005, cost function=55854.4, nestedness=0.971856, connectance=0.872
	 Step 270000, T=4.85149, cost function=55840.1, nestedness=0.972318, connectance=0.872
	 Step 280000, T=4.95, cost function=55999.9, nestedness=0.967247, connectance=0.872
	 Step 290000, T=4.9005, cost function=55827.8, nestedness=0.970844, connectance=0.872
	 Step 300000, T=4.85149, cost function=55743.4, nestedness=0.976567, connectance=0.872
	 Step 310000, T=4.85149, cost function=55815.4, nestedness=0.979296, connectance=0.872
	 Step 320000, T=4.9005, cost function=55809.4, nestedness=0.97714, connectance=0.872
	 Step 330000, T=4.9005, cost function=55753.1, nestedness=0.977517, connectance=0.872
	 Step 340000, T=4.85149, cost function=55806.4, nestedness=0.974529, connectance=0.872
	 Step 350000, T=4.9005, cost function=55851.4, nestedness=0.973075, connectance=0.872
	 Step 360000, T=4.9005, cost function=55767, nestedness=0.973018, connectance=0.872
	 Step 370000, T=4.9005, cost function=55743.8, nestedness=0.980572, connectance=0.872
	 Step 380000, T=4.85149, cost function=55846.9, nestedness=0.973985, connectance=0.872
	 Step 390000, T=4.85149, cost function=55817.6, nestedness=0.969062, connectance=0.872
	 Step 400000, T=4.9005, cost function=55922.2, nestedness=0.970158, connectance=0.872
	 Step 410000, T=4.9005, cost function=55989, nestedness=0.973237, connectance=0.872
	 Step 420000, T=4.85149, cost function=55812.8, nestedness=0.975088, connectance=0.872
	 Step 430000, T=4.9005, cost function=55888.9, nestedness=0.972431, connectance=0.872
	 Step 440000, T=4.95, cost function=55818.8, nestedness=0.973574, connectance=0.872
	 Step 450000, T=4.85149, cost function=55801.5, nestedness=0.980165, connectance=0.872
	 Step 460000, T=4.9005, cost function=55832.2, nestedness=0.976248, connectance=0.872
	 Step 470000, T=4.9005, cost function=55826.6, nestedness=0.971943, connectance=0.872
	 Step 480000, T=4.85149, cost function=55862.6, nestedness=0.973421, connectance=0.872
	 Step 490000, T=4.85149, cost function=55846.9, nestedness=0.971668, connectance=0.872
	 Step 500000, T=4.85149, cost function=55844.2, nestedness=0.970047, connectance=0.872
	 Step 510000, T=4.9005, cost function=55797, nestedness=0.981511, connectance=0.872
	 Step 520000, T=4.95, cost function=55907.6, nestedness=0.96553, connectance=0.872
	 Step 530000, T=4.85149, cost function=55863, nestedness=0.973588, connectance=0.872
	 Step 540000, T=4.9005, cost function=55835.6, nestedness=0.97101, connectance=0.872
	 Step 550000, T=4.85149, cost function=55795.1, nestedness=0.97761, connectance=0.872
	 Step 560000, T=4.9005, cost function=55808.2, nestedness=0.97803, connectance=0.872
	 Step 570000, T=4.9005, cost function=55726.5, nestedness=0.982401, connectance=0.872
	 Step 580000, T=4.85149, cost function=55851.4, nestedness=0.972148, connectance=0.872
	 Step 590000, T=4.9005, cost function=55810.5, nestedness=0.972108, connectance=0.872
	 Step 600000, T=4.85149, cost function=55798.9, nestedness=0.982476, connectance=0.872
	 Step 610000, T=4.85149, cost function=55804.5, nestedness=0.976694, connectance=0.872
	 Step 620000, T=4.85149, cost function=55824.8, nestedness=0.971327, connectance=0.872
	 Step 630000, T=4.95, cost function=55849.9, nestedness=0.970893, connectance=0.872
	 Step 640000, T=4.85149, cost function=55849.9, nestedness=0.970357, connectance=0.872
	 Step 650000, T=4.85149, cost function=55842, nestedness=0.973318, connectance=0.872
	 Step 660000, T=4.85149, cost function=55837.5, nestedness=0.971149, connectance=0.872
	 Step 670000, T=4.85149, cost function=55851.4, nestedness=0.969903, connectance=0.872
	 Step 680000, T=4.9005, cost function=55839, nestedness=0.974005, connectance=0.872
	 Step 690000, T=4.85149, cost function=55837.1, nestedness=0.973185, connectance=0.872
	 Step 700000, T=4.85149, cost function=55768.9, nestedness=0.971341, connectance=0.872
	 Step 710000, T=4.85149, cost function=55815, nestedness=0.972983, connectance=0.872
	 Step 720000, T=4.9005, cost function=55807.1, nestedness=0.973373, connectance=0.872
	 Step 730000, T=4.85149, cost function=55809, nestedness=0.976117, connectance=0.872
	 Step 740000, T=4.85149, cost function=55843.5, nestedness=0.968665, connectance=0.872
	 Step 750000, T=4.9005, cost function=55839, nestedness=0.976014, connectance=0.872
	 Step 760000, T=4.9005, cost function=55848.4, nestedness=0.971935, connectance=0.872
	 Step 770000, T=4.9005, cost function=55937.2, nestedness=0.966529, connectance=0.872
	 Step 780000, T=4.85149, cost function=55809.4, nestedness=0.972706, connectance=0.872
	 Step 790000, T=4.85149, cost function=55831.1, nestedness=0.974158, connectance=0.872
	 Step 800000, T=4.95, cost function=55807.9, nestedness=0.975984, connectance=0.872
	 Step 810000, T=4.85149, cost function=55723.5, nestedness=0.980818, connectance=0.872
	 Step 820000, T=5, cost function=55772.2, nestedness=0.975219, connectance=0.872
	 Step 830000, T=4.9005, cost function=55843.5, nestedness=0.973294, connectance=0.872
	 Step 840000, T=4.9005, cost function=55795.1, nestedness=0.97766, connectance=0.872
	 Step 850000, T=4.9005, cost function=55774.9, nestedness=0.97266, connectance=0.872
	 Step 860000, T=4.9005, cost function=55773.4, nestedness=0.981855, connectance=0.872
	 Step 870000, T=4.9005, cost function=55926.8, nestedness=0.976176, connectance=0.872
	 Step 880000, T=4.9005, cost function=55876.1, nestedness=0.982507, connectance=0.872
	 Step 890000, T=4.9005, cost function=55726.9, nestedness=0.979718, connectance=0.872
	 Step 900000, T=4.85149, cost function=55840.5, nestedness=0.968542, connectance=0.872
	 Step 910000, T=4.9005, cost function=55745.2, nestedness=0.974069, connectance=0.872
	 Step 920000, T=4.85149, cost function=55820.2, nestedness=0.980335, connectance=0.872
	 Step 930000, T=4.85149, cost function=55816.9, nestedness=0.973932, connectance=0.872
	 Step 940000, T=4.9005, cost function=55776.8, nestedness=0.976805, connectance=0.872
	 Step 950000, T=4.9005, cost function=55854.8, nestedness=0.975877, connectance=0.872
	 Step 960000, T=4.9005, cost function=55840.5, nestedness=0.97526, connectance=0.872
	 Step 970000, T=4.9005, cost function=55851.8, nestedness=0.975444, connectance=0.872
	 Step 980000, T=4.9005, cost function=55802.6, nestedness=0.979248, connectance=0.872
	 Step 990000, T=4.9005, cost function=55804.9, nestedness=0.971773, connectance=0.872
	 Step 1000000, T=4.95, cost function=55879.1, nestedness=0.969447, connectance=0.872
Created initial alpha guess with nestedness 0.957524
	 Step 0, T=4.95, cost function=44506.9, nestedness=0.957524, connectance=0.9192
	 Step 10000, T=4.47669, cost function=40671, nestedness=0.993678, connectance=0.9192
	 Step 20000, T=4.04864, cost function=40762.9, nestedness=0.988497, connectance=0.9192
	 Step 30000, T=3.66152, cost function=40642.5, nestedness=0.993796, connectance=0.9192
	 Step 40000, T=3.58865, cost function=40616.2, nestedness=0.993373, connectance=0.9192
	 Step 50000, T=3.58865, cost function=40582.1, nestedness=0.993856, connectance=0.9192
	 Step 60000, T=3.58865, cost function=40601.6, nestedness=0.997906, connectance=0.9192
	 Step 70000, T=3.58865, cost function=40667.2, nestedness=0.996522, connectance=0.9192
	 Step 80000, T=3.58865, cost function=40648.5, nestedness=0.995229, connectance=0.9192
	 Step 90000, T=3.55277, cost function=40645.1, nestedness=0.995915, connectance=0.9192
	 Step 100000, T=3.55277, cost function=40648.5, nestedness=0.994586, connectance=0.9192
	 Step 110000, T=3.55277, cost function=40631.6, nestedness=0.994163, connectance=0.9192
	 Step 120000, T=3.55277, cost function=40612.5, nestedness=0.997545, connectance=0.9192
	 Step 130000, T=3.58865, cost function=40615.9, nestedness=0.991736, connectance=0.9192
	 Step 140000, T=3.58865, cost function=40637.6, nestedness=0.994656, connectance=0.9192
	 Step 150000, T=3.58865, cost function=40636.5, nestedness=0.991032, connectance=0.9192
	 Step 160000, T=3.58865, cost function=40661.2, nestedness=0.99095, connectance=0.9192
	 Step 170000, T=3.58865, cost function=40648.9, nestedness=0.992751, connectance=0.9192
	 Step 180000, T=3.58865, cost function=40657.9, nestedness=0.994729, connectance=0.9192
	 Step 190000, T=3.58865, cost function=40623.4, nestedness=0.995564, connectance=0.9192
	 Step 200000, T=3.58865, cost function=40642.1, nestedness=0.996213, connectance=0.9192
	 Step 210000, T=3.58865, cost function=40611, nestedness=0.994778, connectance=0.9192
	 Step 220000, T=3.55277, cost function=40579.5, nestedness=0.996082, connectance=0.9192
	 Step 230000, T=3.55277, cost function=40580.2, nestedness=0.994676, connectance=0.9192
	 Step 240000, T=3.55277, cost function=40632, nestedness=0.994619, connectance=0.9192
	 Step 250000, T=3.55277, cost function=40642.9, nestedness=0.992609, connectance=0.9192
	 Step 260000, T=3.55277, cost function=40568.6, nestedness=0.999316, connectance=0.9192
	 Step 270000, T=3.55277, cost function=40607.6, nestedness=0.992224, connectance=0.9192
	 Step 280000, T=3.58865, cost function=40554.8, nestedness=0.997233, connectance=0.9192
	 Step 290000, T=3.58865, cost function=40632.8, nestedness=0.99639, connectance=0.9192
	 Step 300000, T=3.58865, cost function=40584.8, nestedness=0.998232, connectance=0.9192
	 Step 310000, T=3.58865, cost function=40587.4, nestedness=0.994007, connectance=0.9192
	 Step 320000, T=3.58865, cost function=40600.1, nestedness=0.994934, connectance=0.9192
	 Step 330000, T=3.55277, cost function=40603.5, nestedness=0.995784, connectance=0.9192
	 Step 340000, T=3.55277, cost function=40708.5, nestedness=0.992618, connectance=0.9192
	 Step 350000, T=3.6249, cost function=40725.8, nestedness=0.99214, connectance=0.9192
	 Step 360000, T=3.55277, cost function=40719.4, nestedness=0.991729, connectance=0.9192
	 Step 370000, T=3.66152, cost function=40616.2, nestedness=0.992903, connectance=0.9192
	 Step 380000, T=3.58865, cost function=40640.6, nestedness=0.992761, connectance=0.9192
	 Step 390000, T=3.58865, cost function=40656.8, nestedness=0.992651, connectance=0.9192
	 Step 400000, T=3.58865, cost function=40661.6, nestedness=0.992462, connectance=0.9192
	 Step 410000, T=3.58865, cost function=40620.8, nestedness=0.994049, connectance=0.9192
	 Step 420000, T=3.58865, cost function=40589.2, nestedness=0.996331, connectance=0.9192
	 Step 430000, T=3.58865, cost function=40581.8, nestedness=0.996259, connectance=0.9192
	 Step 440000, T=3.58865, cost function=40623.8, nestedness=0.992631, connectance=0.9192
	 Step 450000, T=3.58865, cost function=40634.6, nestedness=0.993839, connectance=0.9192
	 Step 460000, T=3.58865, cost function=40650.8, nestedness=0.994107, connectance=0.9192
	 Step 470000, T=3.58865, cost function=40656.8, nestedness=0.99292, connectance=0.9192
	 Step 480000, T=3.66152, cost function=40713.4, nestedness=0.991749, connectance=0.9192
	 Step 490000, T=3.58865, cost function=40686, nestedness=0.991732, connectance=0.9192
	 Step 500000, T=3.58865, cost function=40640.6, nestedness=0.993652, connectance=0.9192
	 Step 510000, T=3.58865, cost function=40663.1, nestedness=0.990417, connectance=0.9192
	 Step 520000, T=3.58865, cost function=40684.5, nestedness=0.991341, connectance=0.9192
	 Step 530000, T=3.58865, cost function=40630.1, nestedness=0.994808, connectance=0.9192
	 Step 540000, T=3.58865, cost function=40588.9, nestedness=0.994976, connectance=0.9192
	 Step 550000, T=3.58865, cost function=40559.6, nestedness=0.995868, connectance=0.9192
	 Step 560000, T=3.55277, cost function=40650, nestedness=0.993445, connectance=0.9192
	 Step 570000, T=3.55277, cost function=40630.5, nestedness=0.995851, connectance=0.9192
	 Step 580000, T=3.55277, cost function=40608, nestedness=0.99593, connectance=0.9192
	 Step 590000, T=3.55277, cost function=40606.5, nestedness=0.993928, connectance=0.9192
	 Step 600000, T=3.55277, cost function=40625.2, nestedness=0.992939, connectance=0.9192
	 Step 610000, T=3.55277, cost function=40574.2, nestedness=0.995006, connectance=0.9192
	 Step 620000, T=3.55277, cost function=40581.4, nestedness=0.997873, connectance=0.9192
	 Step 630000, T=3.55277, cost function=40659.8, nestedness=0.992895, connectance=0.9192
	 Step 640000, T=3.6249, cost function=40701.8, nestedness=0.994746, connectance=0.9192
	 Step 650000, T=3.55277, cost function=40631.2, nestedness=0.992239, connectance=0.9192
	 Step 660000, T=3.55277, cost function=40656.8, nestedness=0.993508, connectance=0.9192
	 Step 670000, T=3.55277, cost function=40675.5, nestedness=0.994251, connectance=0.9192
	 Step 680000, T=3.58865, cost function=40602, nestedness=0.99146, connectance=0.9192
	 Step 690000, T=3.58865, cost function=40552.1, nestedness=0.996981, connectance=0.9192
	 Step 700000, T=3.55277, cost function=40693.9, nestedness=0.993164, connectance=0.9192
	 Step 710000, T=3.55277, cost function=40626.4, nestedness=0.996315, connectance=0.9192
	 Step 720000, T=3.55277, cost function=40730.2, nestedness=0.990311, connectance=0.9192
	 Step 730000, T=3.6249, cost function=40620.4, nestedness=0.997292, connectance=0.9192
	 Step 740000, T=3.55277, cost function=40618.9, nestedness=0.993413, connectance=0.9192
	 Step 750000, T=3.55277, cost function=40611.4, nestedness=0.997579, connectance=0.9192
	 Step 760000, T=3.55277, cost function=40659.8, nestedness=0.994412, connectance=0.9192
	 Step 770000, T=3.55277, cost function=40670.6, nestedness=0.992635, connectance=0.9192
	 Step 780000, T=3.55277, cost function=40595.6, nestedness=0.996218, connectance=0.9192
	 Step 790000, T=3.55277, cost function=40583.2, nestedness=0.994108, connectance=0.9192
	 Step 800000, T=3.55277, cost function=40670.6, nestedness=0.992815, connectance=0.9192
	 Step 810000, T=3.55277, cost function=40638, nestedness=0.994093, connectance=0.9192
	 Step 820000, T=3.55277, cost function=40618.9, nestedness=0.99463, connectance=0.9192
	 Step 830000, T=3.55277, cost function=40639.5, nestedness=0.99322, connectance=0.9192
	 Step 840000, T=3.58865, cost function=40619.6, nestedness=0.994839, connectance=0.9192
	 Step 850000, T=3.58865, cost function=40622.2, nestedness=0.994123, connectance=0.9192
	 Step 860000, T=3.58865, cost function=40572, nestedness=0.99673, connectance=0.9192
	 Step 870000, T=3.58865, cost function=40661.2, nestedness=0.996711, connectance=0.9192
	 Step 880000, T=3.58865, cost function=40648.9, nestedness=0.992573, connectance=0.9192
	 Step 890000, T=3.58865, cost function=40611.4, nestedness=0.99747, connectance=0.9192
	 Step 900000, T=3.58865, cost function=40630.1, nestedness=0.997722, connectance=0.9192
	 Step 910000, T=3.55277, cost function=40690.9, nestedness=0.990406, connectance=0.9192
	 Step 920000, T=3.55277, cost function=40592.6, nestedness=0.997371, connectance=0.9192
	 Step 930000, T=3.55277, cost function=40605, nestedness=0.995389, connectance=0.9192
	 Step 940000, T=3.55277, cost function=40625.2, nestedness=0.995131, connectance=0.9192
	 Step 950000, T=3.55277, cost function=40638, nestedness=0.991356, connectance=0.9192
	 Step 960000, T=3.55277, cost function=40615.9, nestedness=0.998408, connectance=0.9192
	 Step 970000, T=3.55277, cost function=40572.8, nestedness=0.994108, connectance=0.9192
	 Step 980000, T=3.55277, cost function=40627.1, nestedness=0.995054, connectance=0.9192
	 Step 990000, T=3.55277, cost function=40621.9, nestedness=0.995133, connectance=0.9192
	 Step 1000000, T=3.55277, cost function=40628.6, nestedness=0.994342, connectance=0.9192
Created initial alpha guess with nestedness 0.918805
	 Step 0, T=4.95, cost function=62300.2, nestedness=0.918805, connectance=0.884
	 Step 10000, T=4.95, cost function=53669.2, nestedness=0.984972, connectance=0.884
	 Step 20000, T=4.66033, cost function=53512.9, nestedness=0.991393, connectance=0.884
	 Step 30000, T=4.66033, cost function=53461.5, nestedness=0.989297, connectance=0.884
	 Step 40000, T=4.66033, cost function=53522.6, nestedness=0.984079, connectance=0.884
	 Step 50000, T=4.66033, cost function=53485.1, nestedness=0.988275, connectance=0.884
	 Step 60000, T=4.66033, cost function=53456.6, nestedness=0.987921, connectance=0.884
	 Step 70000, T=4.66033, cost function=53541.4, nestedness=0.983927, connectance=0.884
	 Step 80000, T=4.66033, cost function=53401.9, nestedness=0.992229, connectance=0.884
	 Step 90000, T=4.66033, cost function=53511.4, nestedness=0.988898, connectance=0.884
	 Step 100000, T=4.66033, cost function=53497.5, nestedness=0.989265, connectance=0.884
	 Step 110000, T=4.75495, cost function=53456.6, nestedness=0.989867, connectance=0.884
	 Step 120000, T=4.7074, cost function=53467.5, nestedness=0.988214, connectance=0.884
	 Step 130000, T=4.7074, cost function=53450.2, nestedness=0.993072, connectance=0.884
	 Step 140000, T=4.7074, cost function=53452.5, nestedness=0.990164, connectance=0.884
	 Step 150000, T=4.7074, cost function=53470.1, nestedness=0.991608, connectance=0.884
	 Step 160000, T=4.7074, cost function=53486.6, nestedness=0.990838, connectance=0.884
	 Step 170000, T=4.7074, cost function=53377.1, nestedness=0.993737, connectance=0.884
	 Step 180000, T=4.7074, cost function=53421.8, nestedness=0.995597, connectance=0.884
	 Step 190000, T=4.80298, cost function=53430.4, nestedness=0.990726, connectance=0.884
	 Step 200000, T=4.7074, cost function=53406, nestedness=0.994293, connectance=0.884
	 Step 210000, T=4.7074, cost function=53394.4, nestedness=0.994285, connectance=0.884
	 Step 220000, T=4.80298, cost function=53406.8, nestedness=0.991305, connectance=0.884
	 Step 230000, T=4.7074, cost function=53391.4, nestedness=0.991271, connectance=0.884
	 Step 240000, T=4.7074, cost function=53400.4, nestedness=0.994211, connectance=0.884
	 Step 250000, T=4.7074, cost function=53391.4, nestedness=0.988412, connectance=0.884
	 Step 260000, T=4.7074, cost function=53469, nestedness=0.988572, connectance=0.884
	 Step 270000, T=4.7074, cost function=53463, nestedness=0.986979, connectance=0.884
	 Step 280000, T=4.7074, cost function=53505.4, nestedness=0.988638, connectance=0.884
	 Step 290000, T=4.7074, cost function=53529.8, nestedness=0.98807, connectance=0.884
	 Step 300000, T=4.7074, cost function=53474.2, nestedness=0.992152, connectance=0.884
	 Step 310000, T=4.7074, cost function=53421.4, nestedness=0.990843, connectance=0.884
	 Step 320000, T=4.7074, cost function=53359.9, nestedness=0.992485, connectance=0.884
	 Step 330000, T=4.7074, cost function=53406.4, nestedness=0.99276, connectance=0.884
	 Step 340000, T=4.80298, cost function=53404.9, nestedness=0.994403, connectance=0.884
	 Step 350000, T=4.7074, cost function=53406.4, nestedness=0.992269, connectance=0.884
	 Step 360000, T=4.66033, cost function=53380.1, nestedness=0.993062, connectance=0.884
	 Step 370000, T=4.66033, cost function=53412.8, nestedness=0.992262, connectance=0.884
	 Step 380000, T=4.66033, cost function=53423.6, nestedness=0.990445, connectance=0.884
	 Step 390000, T=4.66033, cost function=53447.2, nestedness=0.992169, connectance=0.884
	 Step 400000, T=4.66033, cost function=53456.6, nestedness=0.991157, connectance=0.884
	 Step 410000, T=4.66033, cost function=53446.1, nestedness=0.991988, connectance=0.884
	 Step 420000, T=4.66033, cost function=53467.9, nestedness=0.993132, connectance=0.884
	 Step 430000, T=4.75495, cost function=53530.5, nestedness=0.98669, connectance=0.884
	 Step 440000, T=4.66033, cost function=53505.4, nestedness=0.993395, connectance=0.884
	 Step 450000, T=4.66033, cost function=53446.1, nestedness=0.993888, connectance=0.884
	 Step 460000, T=4.66033, cost function=53395.9, nestedness=0.990234, connectance=0.884
	 Step 470000, T=4.66033, cost function=53394.4, nestedness=0.991971, connectance=0.884
	 Step 480000, T=4.66033, cost function=53441.2, nestedness=0.99296, connectance=0.884
	 Step 490000, T=4.66033, cost function=53389.1, nestedness=0.99319, connectance=0.884
	 Step 500000, T=4.7074, cost function=53381.6, nestedness=0.993332, connectance=0.884
	 Step 510000, T=4.7074, cost function=53421, nestedness=0.990663, connectance=0.884
	 Step 520000, T=4.7074, cost function=53370.4, nestedness=0.994857, connectance=0.884
	 Step 530000, T=4.7074, cost function=53398.9, nestedness=0.99402, connectance=0.884
	 Step 540000, T=4.7074, cost function=53439.4, nestedness=0.987825, connectance=0.884
	 Step 550000, T=4.7074, cost function=53391.4, nestedness=0.992608, connectance=0.884
	 Step 560000, T=4.7074, cost function=53424, nestedness=0.991633, connectance=0.884
	 Step 570000, T=4.7074, cost function=53335.1, nestedness=0.994571, connectance=0.884
	 Step 580000, T=4.7074, cost function=53411.2, nestedness=0.993512, connectance=0.884
	 Step 590000, T=4.80298, cost function=53439.8, nestedness=0.990775, connectance=0.884
	 Step 600000, T=4.7074, cost function=53528.6, nestedness=0.982761, connectance=0.884
	 Step 610000, T=4.7074, cost function=53462.6, nestedness=0.992996, connectance=0.884
	 Step 620000, T=4.7074, cost function=53458.1, nestedness=0.98922, connectance=0.884
	 Step 630000, T=4.7074, cost function=53413.5, nestedness=0.992944, connectance=0.884
	 Step 640000, T=4.75495, cost function=53425.9, nestedness=0.993858, connectance=0.884
	 Step 650000, T=4.66033, cost function=53479.1, nestedness=0.98816, connectance=0.884
	 Step 660000, T=4.66033, cost function=53468.2, nestedness=0.990441, connectance=0.884
	 Step 670000, T=4.66033, cost function=53439.8, nestedness=0.990567, connectance=0.884
	 Step 680000, T=4.66033, cost function=53431.9, nestedness=0.99311, connectance=0.884
	 Step 690000, T=4.66033, cost function=53501.6, nestedness=0.992042, connectance=0.884
	 Step 700000, T=4.75495, cost function=53428.5, nestedness=0.993988, connectance=0.884
	 Step 710000, T=4.66033, cost function=53402.2, nestedness=0.993683, connectance=0.884
	 Step 720000, T=4.7074, cost function=53468.2, nestedness=0.990133, connectance=0.884
	 Step 730000, T=4.7074, cost function=53477.2, nestedness=0.990108, connectance=0.884
	 Step 740000, T=4.7074, cost function=53503.5, nestedness=0.987868, connectance=0.884
	 Step 750000, T=4.66033, cost function=53391.4, nestedness=0.99432, connectance=0.884
	 Step 760000, T=4.66033, cost function=53458.1, nestedness=0.989826, connectance=0.884
	 Step 770000, T=4.66033, cost function=53527.5, nestedness=0.987162, connectance=0.884
	 Step 780000, T=4.75495, cost function=53450.6, nestedness=0.987981, connectance=0.884
	 Step 790000, T=4.66033, cost function=53433, nestedness=0.992593, connectance=0.884
	 Step 800000, T=4.66033, cost function=53407.9, nestedness=0.996086, connectance=0.884
	 Step 810000, T=4.66033, cost function=53407.1, nestedness=0.9923, connectance=0.884
	 Step 820000, T=4.66033, cost function=53363.2, nestedness=0.99334, connectance=0.884
	 Step 830000, T=4.75495, cost function=53343, nestedness=0.994379, connectance=0.884
	 Step 840000, T=4.66033, cost function=53418, nestedness=0.990958, connectance=0.884
	 Step 850000, T=4.66033, cost function=53463.4, nestedness=0.987536, connectance=0.884
	 Step 860000, T=4.66033, cost function=53522.2, nestedness=0.985501, connectance=0.884
	 Step 870000, T=4.66033, cost function=53397.4, nestedness=0.992608, connectance=0.884
	 Step 880000, T=4.7074, cost function=53389.5, nestedness=0.995485, connectance=0.884
	 Step 890000, T=4.7074, cost function=53445.8, nestedness=0.989973, connectance=0.884
	 Step 900000, T=4.7074, cost function=53436, nestedness=0.990706, connectance=0.884
	 Step 910000, T=4.7074, cost function=53450.2, nestedness=0.99117, connectance=0.884
	 Step 920000, T=4.7074, cost function=53398.5, nestedness=0.988901, connectance=0.884
	 Step 930000, T=4.75495, cost function=53370.8, nestedness=0.998269, connectance=0.884
	 Step 940000, T=4.66033, cost function=53445.8, nestedness=0.990795, connectance=0.884
	 Step 950000, T=4.80298, cost function=53427, nestedness=0.994253, connectance=0.884
	 Step 960000, T=4.7074, cost function=53444.2, nestedness=0.990918, connectance=0.884
	 Step 970000, T=4.80298, cost function=53448, nestedness=0.993909, connectance=0.884
	 Step 980000, T=4.7074, cost function=53474.2, nestedness=0.988183, connectance=0.884
	 Step 990000, T=4.7074, cost function=53430, nestedness=0.991736, connectance=0.884
	 Step 1000000, T=4.66033, cost function=53402.6, nestedness=0.995446, connectance=0.884
Created initial alpha guess with nestedness 0.868259
	 Step 0, T=4.95, cost function=78830.6, nestedness=0.868259, connectance=0.8272
	 Step 10000, T=6.30029, cost function=67356.8, nestedness=0.955164, connectance=0.8272
	 Step 20000, T=5.87228, cost function=67186.1, nestedness=0.960687, connectance=0.8272
	 Step 30000, T=5.87228, cost function=67131.4, nestedness=0.961295, connectance=0.8272
	 Step 40000, T=5.87228, cost function=67198.9, nestedness=0.957159, connectance=0.8272
	 Step 50000, T=5.9316, cost function=67175.6, nestedness=0.960868, connectance=0.8272
	 Step 60000, T=5.9316, cost function=67256.2, nestedness=0.966584, connectance=0.8272
	 Step 70000, T=5.9316, cost function=67153.5, nestedness=0.962843, connectance=0.8272
	 Step 80000, T=5.87228, cost function=67090.9, nestedness=0.968657, connectance=0.8272
	 Step 90000, T=5.9316, cost function=67165.9, nestedness=0.96327, connectance=0.8272
	 Step 100000, T=5.9316, cost function=67086, nestedness=0.96296, connectance=0.8272
	 Step 110000, T=5.87228, cost function=67095.8, nestedness=0.966831, connectance=0.8272
	 Step 120000, T=5.9316, cost function=67095.4, nestedness=0.965314, connectance=0.8272
	 Step 130000, T=5.9316, cost function=67282.9, nestedness=0.96191, connectance=0.8272
	 Step 140000, T=5.9316, cost function=67197, nestedness=0.96325, connectance=0.8272
	 Step 150000, T=6.17491, cost function=67132.5, nestedness=0.962374, connectance=0.8272
	 Step 160000, T=5.9316, cost function=67214.2, nestedness=0.966476, connectance=0.8272
	 Step 170000, T=5.9316, cost function=67172.2, nestedness=0.963165, connectance=0.8272
	 Step 180000, T=5.9316, cost function=67233, nestedness=0.960273, connectance=0.8272
	 Step 190000, T=5.9316, cost function=67165.5, nestedness=0.964758, connectance=0.8272
	 Step 200000, T=5.9316, cost function=67297.1, nestedness=0.956501, connectance=0.8272
	 Step 210000, T=5.87228, cost function=67104.8, nestedness=0.973252, connectance=0.8272
	 Step 220000, T=5.87228, cost function=67282.9, nestedness=0.964569, connectance=0.8272
	 Step 230000, T=5.87228, cost function=67180.1, nestedness=0.961875, connectance=0.8272
	 Step 240000, T=5.99151, cost function=67203.4, nestedness=0.962047, connectance=0.8272
	 Step 250000, T=5.9316, cost function=67200, nestedness=0.963327, connectance=0.8272
	 Step 260000, T=5.87228, cost function=67258.1, nestedness=0.959982, connectance=0.8272
	 Step 270000, T=5.87228, cost function=67270.1, nestedness=0.95965, connectance=0.8272
	 Step 280000, T=5.99151, cost function=67155, nestedness=0.960939, connectance=0.8272
	 Step 290000, T=5.87228, cost function=67267.1, nestedness=0.959441, connectance=0.8272
	 Step 300000, T=5.87228, cost function=67194, nestedness=0.960337, connectance=0.8272
	 Step 310000, T=5.87228, cost function=67174.9, nestedness=0.961364, connectance=0.8272
	 Step 320000, T=5.87228, cost function=67255.1, nestedness=0.956027, connectance=0.8272
	 Step 330000, T=5.9316, cost function=67311, nestedness=0.958673, connectance=0.8272
	 Step 340000, T=6.11316, cost function=67114.1, nestedness=0.963874, connectance=0.8272
	 Step 350000, T=5.87228, cost function=67141.1, nestedness=0.96392, connectance=0.8272
	 Step 360000, T=5.87228, cost function=67174.9, nestedness=0.969873, connectance=0.8272
	 Step 370000, T=5.87228, cost function=67198.9, nestedness=0.961538, connectance=0.8272
	 Step 380000, T=5.87228, cost function=67151.2, nestedness=0.963549, connectance=0.8272
	 Step 390000, T=5.87228, cost function=67133.2, nestedness=0.965569, connectance=0.8272
	 Step 400000, T=5.9316, cost function=67130.2, nestedness=0.968315, connectance=0.8272
	 Step 410000, T=5.9316, cost function=67128.8, nestedness=0.969777, connectance=0.8272
	 Step 420000, T=5.9316, cost function=67229.6, nestedness=0.963449, connectance=0.8272
	 Step 430000, T=5.9316, cost function=67180.1, nestedness=0.96074, connectance=0.8272
	 Step 440000, T=5.9316, cost function=67136.2, nestedness=0.963665, connectance=0.8272
	 Step 450000, T=5.87228, cost function=67156.9, nestedness=0.960232, connectance=0.8272
	 Step 460000, T=5.87228, cost function=67144.1, nestedness=0.965139, connectance=0.8272
	 Step 470000, T=5.9316, cost function=67167.8, nestedness=0.962661, connectance=0.8272
	 Step 480000, T=5.87228, cost function=67124.2, nestedness=0.960552, connectance=0.8272
	 Step 490000, T=5.9316, cost function=67144.5, nestedness=0.962263, connectance=0.8272
	 Step 500000, T=5.9316, cost function=67318.5, nestedness=0.962924, connectance=0.8272
	 Step 510000, T=5.87228, cost function=67095.8, nestedness=0.966896, connectance=0.8272
	 Step 520000, T=5.87228, cost function=67273.9, nestedness=0.959479, connectance=0.8272
	 Step 530000, T=5.9316, cost function=67219.1, nestedness=0.961149, connectance=0.8272
	 Step 540000, T=5.9316, cost function=67223.2, nestedness=0.963277, connectance=0.8272
	 Step 550000, T=5.9316, cost function=67222.1, nestedness=0.954237, connectance=0.8272
	 Step 560000, T=5.9316, cost function=67203, nestedness=0.965763, connectance=0.8272
	 Step 570000, T=5.87228, cost function=67125.4, nestedness=0.963064, connectance=0.8272
	 Step 580000, T=5.87228, cost function=67225.1, nestedness=0.967345, connectance=0.8272
	 Step 590000, T=5.9316, cost function=67217.2, nestedness=0.954928, connectance=0.8272
	 Step 600000, T=5.9316, cost function=67185.8, nestedness=0.964391, connectance=0.8272
	 Step 610000, T=5.87228, cost function=67225.5, nestedness=0.960353, connectance=0.8272
	 Step 620000, T=5.87228, cost function=67284.8, nestedness=0.957848, connectance=0.8272
	 Step 630000, T=5.87228, cost function=67184.2, nestedness=0.9601, connectance=0.8272
	 Step 640000, T=5.87228, cost function=67187.2, nestedness=0.96571, connectance=0.8272
	 Step 650000, T=5.87228, cost function=67136.2, nestedness=0.968862, connectance=0.8272
	 Step 660000, T=5.9316, cost function=67212.4, nestedness=0.962344, connectance=0.8272
	 Step 670000, T=5.9316, cost function=67056, nestedness=0.970696, connectance=0.8272
	 Step 680000, T=5.9316, cost function=67216.9, nestedness=0.957832, connectance=0.8272
	 Step 690000, T=5.9316, cost function=67259.6, nestedness=0.958077, connectance=0.8272
	 Step 700000, T=6.17491, cost function=67133.2, nestedness=0.963992, connectance=0.8272
	 Step 710000, T=5.9316, cost function=67170.4, nestedness=0.958917, connectance=0.8272
	 Step 720000, T=5.87228, cost function=67073.6, nestedness=0.969544, connectance=0.8272
	 Step 730000, T=5.87228, cost function=67177.1, nestedness=0.961352, connectance=0.8272
	 Step 740000, T=5.9316, cost function=67195.5, nestedness=0.96621, connectance=0.8272
	 Step 750000, T=5.87228, cost function=67095.8, nestedness=0.966686, connectance=0.8272
	 Step 760000, T=5.87228, cost function=67161.4, nestedness=0.960564, connectance=0.8272
	 Step 770000, T=5.87228, cost function=67264.1, nestedness=0.957749, connectance=0.8272
	 Step 780000, T=5.87228, cost function=67090.9, nestedness=0.96996, connectance=0.8272
	 Step 790000, T=6.05203, cost function=67197.4, nestedness=0.958083, connectance=0.8272
	 Step 800000, T=5.9316, cost function=67097.2, nestedness=0.969947, connectance=0.8272
	 Step 810000, T=5.9316, cost function=67117.5, nestedness=0.965479, connectance=0.8272
	 Step 820000, T=5.9316, cost function=67206, nestedness=0.963139, connectance=0.8272
	 Step 830000, T=5.9316, cost function=67228.1, nestedness=0.957319, connectance=0.8272
	 Step 840000, T=5.87228, cost function=67296, nestedness=0.959567, connectance=0.8272
	 Step 850000, T=5.87228, cost function=67250.2, nestedness=0.956455, connectance=0.8272
	 Step 860000, T=5.87228, cost function=67172.2, nestedness=0.963408, connectance=0.8272
	 Step 870000, T=5.87228, cost function=67181.6, nestedness=0.961424, connectance=0.8272
	 Step 880000, T=5.87228, cost function=67200, nestedness=0.957544, connectance=0.8272
	 Step 890000, T=5.87228, cost function=67182.8, nestedness=0.958543, connectance=0.8272
	 Step 900000, T=5.9316, cost function=67245.8, nestedness=0.961562, connectance=0.8272
	 Step 910000, T=5.87228, cost function=67252.9, nestedness=0.957959, connectance=0.8272
	 Step 920000, T=5.87228, cost function=67082.6, nestedness=0.96306, connectance=0.8272
	 Step 930000, T=5.87228, cost function=67358.6, nestedness=0.961086, connectance=0.8272
	 Step 940000, T=5.87228, cost function=67171.9, nestedness=0.961992, connectance=0.8272
	 Step 950000, T=5.9316, cost function=67123.9, nestedness=0.963818, connectance=0.8272
	 Step 960000, T=5.9316, cost function=67089.4, nestedness=0.971889, connectance=0.8272
	 Step 970000, T=5.9316, cost function=67234.5, nestedness=0.959015, connectance=0.8272
	 Step 980000, T=5.87228, cost function=67191.4, nestedness=0.95728, connectance=0.8272
	 Step 990000, T=5.9316, cost function=67366.1, nestedness=0.955467, connectance=0.8272
	 Step 1000000, T=5.87228, cost function=67153.1, nestedness=0.961598, connectance=0.8272
Created initial alpha guess with nestedness 0.797332
	 Step 0, T=4.95, cost function=94635, nestedness=0.797332, connectance=0.744
	 Step 10000, T=7.54965, cost function=86588.6, nestedness=0.924291, connectance=0.744
	 Step 20000, T=7.54965, cost function=86325.8, nestedness=0.93742, connectance=0.744
	 Step 30000, T=7.54965, cost function=85994.6, nestedness=0.946934, connectance=0.744
	 Step 40000, T=7.54965, cost function=85945.9, nestedness=0.950824, connectance=0.744
	 Step 50000, T=7.47416, cost function=86057.2, nestedness=0.944264, connectance=0.744
	 Step 60000, T=7.62591, cost function=86232, nestedness=0.939078, connectance=0.744
	 Step 70000, T=7.62591, cost function=86257.1, nestedness=0.934067, connectance=0.744
	 Step 80000, T=7.78075, cost function=86137.9, nestedness=0.942624, connectance=0.744
	 Step 90000, T=7.62591, cost function=86254.9, nestedness=0.938273, connectance=0.744
	 Step 100000, T=7.54965, cost function=86470.5, nestedness=0.931547, connectance=0.744
	 Step 110000, T=7.62591, cost function=86311.9, nestedness=0.931787, connectance=0.744
	 Step 120000, T=7.54965, cost function=86026.1, nestedness=0.94211, connectance=0.744
	 Step 130000, T=7.54965, cost function=86055.8, nestedness=0.943157, connectance=0.744
	 Step 140000, T=7.62591, cost function=86256.8, nestedness=0.942397, connectance=0.744
	 Step 150000, T=7.54965, cost function=86067.8, nestedness=0.942923, connectance=0.744
	 Step 160000, T=7.54965, cost function=86182.1, nestedness=0.944125, connectance=0.744
	 Step 170000, T=7.54965, cost function=86374.1, nestedness=0.938419, connectance=0.744
	 Step 180000, T=7.54965, cost function=86005.5, nestedness=0.946423, connectance=0.744
	 Step 190000, T=7.47416, cost function=85981.9, nestedness=0.94194, connectance=0.744
	 Step 200000, T=7.54965, cost function=86106.8, nestedness=0.943057, connectance=0.744
	 Step 210000, T=7.54965, cost function=86229, nestedness=0.934287, connectance=0.744
	 Step 220000, T=7.62591, cost function=86244.4, nestedness=0.935994, connectance=0.744
	 Step 230000, T=7.54965, cost function=86182.1, nestedness=0.945228, connectance=0.744
	 Step 240000, T=7.62591, cost function=86191.1, nestedness=0.93717, connectance=0.744
	 Step 250000, T=7.54965, cost function=86283.8, nestedness=0.932923, connectance=0.744
	 Step 260000, T=7.62591, cost function=86182.5, nestedness=0.935804, connectance=0.744
	 Step 270000, T=7.47416, cost function=85982.6, nestedness=0.945178, connectance=0.744
	 Step 280000, T=7.54965, cost function=86279.2, nestedness=0.933837, connectance=0.744
	 Step 290000, T=7.54965, cost function=86265.4, nestedness=0.938799, connectance=0.744
	 Step 300000, T=7.54965, cost function=86004.4, nestedness=0.944399, connectance=0.744
	 Step 310000, T=7.62591, cost function=86232, nestedness=0.93762, connectance=0.744
	 Step 320000, T=7.47416, cost function=86024.2, nestedness=0.945652, connectance=0.744
	 Step 330000, T=7.47416, cost function=86061.4, nestedness=0.939239, connectance=0.744
	 Step 340000, T=7.54965, cost function=86191.5, nestedness=0.936373, connectance=0.744
	 Step 350000, T=7.54965, cost function=86152.1, nestedness=0.942218, connectance=0.744
	 Step 360000, T=7.54965, cost function=86082.4, nestedness=0.946157, connectance=0.744
	 Step 370000, T=7.54965, cost function=86076, nestedness=0.9413, connectance=0.744
	 Step 380000, T=7.47416, cost function=85867.9, nestedness=0.952188, connectance=0.744
	 Step 390000, T=7.54965, cost function=86032.5, nestedness=0.94391, connectance=0.744
	 Step 400000, T=7.54965, cost function=85903.9, nestedness=0.961202, connectance=0.744
	 Step 410000, T=7.54965, cost function=85966.9, nestedness=0.946723, connectance=0.744
	 Step 420000, T=7.62591, cost function=86033.6, nestedness=0.939808, connectance=0.744
	 Step 430000, T=7.47416, cost function=85969.9, nestedness=0.948757, connectance=0.744
	 Step 440000, T=7.54965, cost function=86193.4, nestedness=0.940117, connectance=0.744
	 Step 450000, T=7.47416, cost function=86041.9, nestedness=0.943302, connectance=0.744
	 Step 460000, T=7.54965, cost function=86280, nestedness=0.939329, connectance=0.744
	 Step 470000, T=7.54965, cost function=85961.6, nestedness=0.950433, connectance=0.744
	 Step 480000, T=7.54965, cost function=86110.5, nestedness=0.938668, connectance=0.744
	 Step 490000, T=7.47416, cost function=85892.6, nestedness=0.950326, connectance=0.744
	 Step 500000, T=7.47416, cost function=86028.8, nestedness=0.942543, connectance=0.744
	 Step 510000, T=7.54965, cost function=85976.2, nestedness=0.95, connectance=0.744
	 Step 520000, T=7.54965, cost function=85980.8, nestedness=0.946289, connectance=0.744
	 Step 530000, T=7.54965, cost function=86101.9, nestedness=0.938539, connectance=0.744
	 Step 540000, T=7.47416, cost function=85906.9, nestedness=0.946326, connectance=0.744
	 Step 550000, T=7.54965, cost function=86025.8, nestedness=0.945149, connectance=0.744
	 Step 560000, T=7.54965, cost function=85891.9, nestedness=0.947711, connectance=0.744
	 Step 570000, T=7.54965, cost function=86030.6, nestedness=0.948048, connectance=0.744
	 Step 580000, T=7.54965, cost function=86268.4, nestedness=0.937537, connectance=0.744
	 Step 590000, T=7.54965, cost function=86111.6, nestedness=0.941707, connectance=0.744
	 Step 600000, T=7.54965, cost function=86022.8, nestedness=0.949354, connectance=0.744
	 Step 610000, T=7.54965, cost function=86143.1, nestedness=0.942596, connectance=0.744
	 Step 620000, T=7.54965, cost function=86015.2, nestedness=0.93898, connectance=0.744
	 Step 630000, T=7.54965, cost function=86274.4, nestedness=0.936866, connectance=0.744
	 Step 640000, T=7.62591, cost function=86152.5, nestedness=0.942531, connectance=0.744
	 Step 650000, T=7.54965, cost function=86251.1, nestedness=0.936158, connectance=0.744
	 Step 660000, T=7.54965, cost function=86263.1, nestedness=0.944491, connectance=0.744
	 Step 670000, T=7.54965, cost function=86352.4, nestedness=0.934036, connectance=0.744
	 Step 680000, T=7.62591, cost function=86283.8, nestedness=0.933175, connectance=0.744
	 Step 690000, T=7.62591, cost function=86165.2, nestedness=0.93507, connectance=0.744
	 Step 700000, T=7.62591, cost function=86184, nestedness=0.932186, connectance=0.744
	 Step 710000, T=7.70294, cost function=86294.2, nestedness=0.929258, connectance=0.744
	 Step 720000, T=7.54965, cost function=86240.2, nestedness=0.939994, connectance=0.744
	 Step 730000, T=7.54965, cost function=86327.6, nestedness=0.929315, connectance=0.744
	 Step 740000, T=7.54965, cost function=85877.2, nestedness=0.952025, connectance=0.744
	 Step 750000, T=7.54965, cost function=86086.5, nestedness=0.940392, connectance=0.744
	 Step 760000, T=7.54965, cost function=86077.5, nestedness=0.946944, connectance=0.744
	 Step 770000, T=7.54965, cost function=86110.9, nestedness=0.942904, connectance=0.744
	 Step 780000, T=7.54965, cost function=86012.2, nestedness=0.949411, connectance=0.744
	 Step 790000, T=7.62591, cost function=86197.5, nestedness=0.936792, connectance=0.744
	 Step 800000, T=7.62591, cost function=86258.6, nestedness=0.940587, connectance=0.744
	 Step 810000, T=7.62591, cost function=86229.4, nestedness=0.936967, connectance=0.744
	 Step 820000, T=7.62591, cost function=86248.1, nestedness=0.934896, connectance=0.744
	 Step 830000, T=7.62591, cost function=86196, nestedness=0.935076, connectance=0.744
	 Step 840000, T=7.62591, cost function=86138.2, nestedness=0.938371, connectance=0.744
	 Step 850000, T=7.62591, cost function=86286.4, nestedness=0.934353, connectance=0.744
	 Step 860000, T=7.54965, cost function=86072.2, nestedness=0.945715, connectance=0.744
	 Step 870000, T=7.47416, cost function=86038.5, nestedness=0.942129, connectance=0.744
	 Step 880000, T=7.47416, cost function=86027.6, nestedness=0.942331, connectance=0.744
	 Step 890000, T=7.47416, cost function=85993.5, nestedness=0.945315, connectance=0.744
	 Step 900000, T=7.47416, cost function=86045.2, nestedness=0.939227, connectance=0.744
	 Step 910000, T=7.54965, cost function=86297.6, nestedness=0.930291, connectance=0.744
	 Step 920000, T=7.54965, cost function=86283.8, nestedness=0.934831, connectance=0.744
	 Step 930000, T=7.54965, cost function=86188.9, nestedness=0.938024, connectance=0.744
	 Step 940000, T=7.54965, cost function=86048.2, nestedness=0.940243, connectance=0.744
	 Step 950000, T=7.54965, cost function=86245.1, nestedness=0.934747, connectance=0.744
	 Step 960000, T=7.54965, cost function=86088.8, nestedness=0.951484, connectance=0.744
	 Step 970000, T=7.54965, cost function=86348.2, nestedness=0.922019, connectance=0.744
	 Step 980000, T=7.62591, cost function=86206.1, nestedness=0.943599, connectance=0.744
	 Step 990000, T=7.47416, cost function=86060.6, nestedness=0.938515, connectance=0.744
	 Step 1000000, T=7.62591, cost function=86191.5, nestedness=0.941384, connectance=0.744
Created initial alpha guess with nestedness 0.917326
	 Step 0, T=4.95, cost function=59992.9, nestedness=0.917326, connectance=0.8768
	 Step 10000, T=4.85149, cost function=51136.9, nestedness=0.979526, connectance=0.8768
	 Step 20000, T=4.47669, cost function=50843.2, nestedness=0.993467, connectance=0.8768
	 Step 30000, T=4.47669, cost function=50810.6, nestedness=0.98993, connectance=0.8768
	 Step 40000, T=4.47669, cost function=50716.9, nestedness=0.995198, connectance=0.8768
	 Step 50000, T=4.47669, cost function=50783.6, nestedness=0.995064, connectance=0.8768
	 Step 60000, T=4.43192, cost function=50749.5, nestedness=0.99401, connectance=0.8768
	 Step 70000, T=4.52191, cost function=50777.6, nestedness=0.99453, connectance=0.8768
	 Step 80000, T=4.43192, cost function=50820, nestedness=0.988996, connectance=0.8768
	 Step 90000, T=4.43192, cost function=50803.1, nestedness=0.993653, connectance=0.8768
	 Step 100000, T=4.43192, cost function=50762.2, nestedness=0.992924, connectance=0.8768
	 Step 110000, T=4.47669, cost function=50752.9, nestedness=0.992886, connectance=0.8768
	 Step 120000, T=4.47669, cost function=50801.2, nestedness=0.992475, connectance=0.8768
	 Step 130000, T=4.47669, cost function=50749.5, nestedness=0.995788, connectance=0.8768
	 Step 140000, T=4.47669, cost function=50794.5, nestedness=0.994912, connectance=0.8768
	 Step 150000, T=4.47669, cost function=50782.5, nestedness=0.993557, connectance=0.8768
	 Step 160000, T=4.47669, cost function=50720.6, nestedness=0.994625, connectance=0.8768
	 Step 170000, T=4.43192, cost function=50787, nestedness=0.993366, connectance=0.8768
	 Step 180000, T=4.43192, cost function=50772.8, nestedness=0.993254, connectance=0.8768
	 Step 190000, T=4.43192, cost function=50773.5, nestedness=0.99722, connectance=0.8768
	 Step 200000, T=4.43192, cost function=50694, nestedness=0.995909, connectance=0.8768
	 Step 210000, T=4.47669, cost function=50726.2, nestedness=0.993914, connectance=0.8768
	 Step 220000, T=4.56759, cost function=50706, nestedness=0.994708, connectance=0.8768
	 Step 230000, T=4.47669, cost function=50694.8, nestedness=0.994344, connectance=0.8768
	 Step 240000, T=4.47669, cost function=50724.8, nestedness=0.993988, connectance=0.8768
	 Step 250000, T=4.43192, cost function=50754.4, nestedness=0.995865, connectance=0.8768
	 Step 260000, T=4.43192, cost function=50722.9, nestedness=0.996705, connectance=0.8768
	 Step 270000, T=4.43192, cost function=50739, nestedness=0.994547, connectance=0.8768
	 Step 280000, T=4.43192, cost function=50728.1, nestedness=0.996809, connectance=0.8768
	 Step 290000, T=4.47669, cost function=50774.6, nestedness=0.990849, connectance=0.8768
	 Step 300000, T=4.52191, cost function=50790.4, nestedness=0.991811, connectance=0.8768
	 Step 310000, T=4.43192, cost function=50781, nestedness=0.992374, connectance=0.8768
	 Step 320000, T=4.43192, cost function=50729.6, nestedness=0.994844, connectance=0.8768
	 Step 330000, T=4.43192, cost function=50763.4, nestedness=0.993289, connectance=0.8768
	 Step 340000, T=4.43192, cost function=50764.1, nestedness=0.993662, connectance=0.8768
	 Step 350000, T=4.52191, cost function=50804.6, nestedness=0.989476, connectance=0.8768
	 Step 360000, T=4.43192, cost function=50772.8, nestedness=0.993595, connectance=0.8768
	 Step 370000, T=4.43192, cost function=50785.5, nestedness=0.990359, connectance=0.8768
	 Step 380000, T=4.43192, cost function=50791.9, nestedness=0.991517, connectance=0.8768
	 Step 390000, T=4.43192, cost function=50774.6, nestedness=0.991679, connectance=0.8768
	 Step 400000, T=4.43192, cost function=50797.9, nestedness=0.993744, connectance=0.8768
	 Step 410000, T=4.43192, cost function=50727.4, nestedness=0.996322, connectance=0.8768
	 Step 420000, T=4.43192, cost function=50710.9, nestedness=0.995869, connectance=0.8768
	 Step 430000, T=4.47669, cost function=50790, nestedness=0.993024, connectance=0.8768
	 Step 440000, T=4.43192, cost function=50747.6, nestedness=0.995981, connectance=0.8768
	 Step 450000, T=4.52191, cost function=50787.8, nestedness=0.992337, connectance=0.8768
	 Step 460000, T=4.43192, cost function=50710.5, nestedness=0.996818, connectance=0.8768
	 Step 470000, T=4.43192, cost function=50720.2, nestedness=0.995005, connectance=0.8768
	 Step 480000, T=4.47669, cost function=50716.9, nestedness=0.992798, connectance=0.8768
	 Step 490000, T=4.47669, cost function=50732.2, nestedness=0.994816, connectance=0.8768
	 Step 500000, T=4.47669, cost function=50743.1, nestedness=0.994545, connectance=0.8768
	 Step 510000, T=4.47669, cost function=50762.2, nestedness=0.993587, connectance=0.8768
	 Step 520000, T=4.47669, cost function=50800.9, nestedness=0.987403, connectance=0.8768
	 Step 530000, T=4.47669, cost function=50732.6, nestedness=0.993798, connectance=0.8768
	 Step 540000, T=4.47669, cost function=50772.8, nestedness=0.99052, connectance=0.8768
	 Step 550000, T=4.56759, cost function=50759.2, nestedness=0.996813, connectance=0.8768
	 Step 560000, T=4.47669, cost function=50752.5, nestedness=0.992287, connectance=0.8768
	 Step 570000, T=4.56759, cost function=50760.4, nestedness=0.994196, connectance=0.8768
	 Step 580000, T=4.56759, cost function=50718.8, nestedness=0.992818, connectance=0.8768
	 Step 590000, T=4.43192, cost function=50827.9, nestedness=0.989764, connectance=0.8768
	 Step 600000, T=4.52191, cost function=50757.4, nestedness=0.99334, connectance=0.8768
	 Step 610000, T=4.43192, cost function=50724.4, nestedness=0.995391, connectance=0.8768
	 Step 620000, T=4.43192, cost function=50693.2, nestedness=0.996379, connectance=0.8768
	 Step 630000, T=4.43192, cost function=50683.5, nestedness=0.995368, connectance=0.8768
	 Step 640000, T=4.43192, cost function=50701.5, nestedness=0.996666, connectance=0.8768
	 Step 650000, T=4.52191, cost function=50734.9, nestedness=0.996029, connectance=0.8768
	 Step 660000, T=4.43192, cost function=50768.2, nestedness=0.993184, connectance=0.8768
	 Step 670000, T=4.43192, cost function=50754, nestedness=0.991316, connectance=0.8768
	 Step 680000, T=4.43192, cost function=50782.5, nestedness=0.992383, connectance=0.8768
	 Step 690000, T=4.43192, cost function=50713.9, nestedness=0.995875, connectance=0.8768
	 Step 700000, T=4.43192, cost function=50721.8, nestedness=0.994998, connectance=0.8768
	 Step 710000, T=4.43192, cost function=50703, nestedness=0.9958, connectance=0.8768
	 Step 720000, T=4.43192, cost function=50729.2, nestedness=0.995638, connectance=0.8768
	 Step 730000, T=4.43192, cost function=50715, nestedness=0.9964, connectance=0.8768
	 Step 740000, T=4.43192, cost function=50698.1, nestedness=0.995731, connectance=0.8768
	 Step 750000, T=4.47669, cost function=50715.4, nestedness=0.994362, connectance=0.8768
	 Step 760000, T=4.47669, cost function=50779.9, nestedness=0.992534, connectance=0.8768
	 Step 770000, T=4.47669, cost function=50713.9, nestedness=0.9967, connectance=0.8768
	 Step 780000, T=4.66033, cost function=50749.9, nestedness=0.994953, connectance=0.8768
	 Step 790000, T=4.56759, cost function=50794.9, nestedness=0.990944, connectance=0.8768
	 Step 800000, T=4.47669, cost function=50728.1, nestedness=0.993302, connectance=0.8768
	 Step 810000, T=4.47669, cost function=50719.9, nestedness=0.995047, connectance=0.8768
	 Step 820000, T=4.47669, cost function=50740.1, nestedness=0.994101, connectance=0.8768
	 Step 830000, T=4.47669, cost function=50718.4, nestedness=0.993015, connectance=0.8768
	 Step 840000, T=4.56759, cost function=50677.9, nestedness=0.994344, connectance=0.8768
	 Step 850000, T=4.47669, cost function=50746.5, nestedness=0.995484, connectance=0.8768
	 Step 860000, T=4.47669, cost function=50693.6, nestedness=0.994971, connectance=0.8768
	 Step 870000, T=4.47669, cost function=50765.2, nestedness=0.992286, connectance=0.8768
	 Step 880000, T=4.47669, cost function=50773.5, nestedness=0.989467, connectance=0.8768
	 Step 890000, T=4.47669, cost function=50742.4, nestedness=0.993376, connectance=0.8768
	 Step 900000, T=4.47669, cost function=50724.4, nestedness=0.993801, connectance=0.8768
	 Step 910000, T=4.47669, cost function=50751.4, nestedness=0.993258, connectance=0.8768
	 Step 920000, T=4.47669, cost function=50706, nestedness=0.995909, connectance=0.8768
	 Step 930000, T=4.47669, cost function=50714.2, nestedness=0.992402, connectance=0.8768
	 Step 940000, T=4.47669, cost function=50721.4, nestedness=0.996779, connectance=0.8768
	 Step 950000, T=4.47669, cost function=50782.5, nestedness=0.992353, connectance=0.8768
	 Step 960000, T=4.47669, cost function=50707.9, nestedness=0.996548, connectance=0.8768
	 Step 970000, T=4.56759, cost function=50801.2, nestedness=0.992299, connectance=0.8768
	 Step 980000, T=4.47669, cost function=50809.1, nestedness=0.991318, connectance=0.8768
	 Step 990000, T=4.47669, cost function=50719.9, nestedness=0.993801, connectance=0.8768
	 Step 1000000, T=4.47669, cost function=50734.1, nestedness=0.992697, connectance=0.8768
Created initial alpha guess with nestedness 0.889479
	 Step 0, T=4.95, cost function=82248.4, nestedness=0.889479, connectance=0.8496
	 Step 10000, T=6.6919, cost function=75859.5, nestedness=0.961555, connectance=0.8496
	 Step 20000, T=6.6919, cost function=75683.2, nestedness=0.969368, connectance=0.8496
	 Step 30000, T=6.62498, cost function=75819, nestedness=0.965783, connectance=0.8496
	 Step 40000, T=6.6919, cost function=75679.9, nestedness=0.969925, connectance=0.8496
	 Step 50000, T=6.6919, cost function=75801.8, nestedness=0.966619, connectance=0.8496
	 Step 60000, T=6.62498, cost function=75767.2, nestedness=0.965563, connectance=0.8496
	 Step 70000, T=6.62498, cost function=75740.6, nestedness=0.967336, connectance=0.8496
	 Step 80000, T=6.62498, cost function=75695.6, nestedness=0.97328, connectance=0.8496
	 Step 90000, T=6.62498, cost function=75829.9, nestedness=0.966149, connectance=0.8496
	 Step 100000, T=6.6919, cost function=75667.5, nestedness=0.97332, connectance=0.8496
	 Step 110000, T=6.62498, cost function=75872.2, nestedness=0.96495, connectance=0.8496
	 Step 120000, T=6.62498, cost function=75808.1, nestedness=0.965753, connectance=0.8496
	 Step 130000, T=6.62498, cost function=75820.5, nestedness=0.966371, connectance=0.8496
	 Step 140000, T=6.62498, cost function=75700.5, nestedness=0.969318, connectance=0.8496
	 Step 150000, T=6.62498, cost function=75739.1, nestedness=0.974364, connectance=0.8496
	 Step 160000, T=6.6919, cost function=75625.1, nestedness=0.974429, connectance=0.8496
	 Step 170000, T=6.6919, cost function=75679.9, nestedness=0.971464, connectance=0.8496
	 Step 180000, T=6.6919, cost function=75920.6, nestedness=0.958975, connectance=0.8496
	 Step 190000, T=6.62498, cost function=75750.4, nestedness=0.967598, connectance=0.8496
	 Step 200000, T=6.6919, cost function=75798.8, nestedness=0.969192, connectance=0.8496
	 Step 210000, T=6.62498, cost function=75969, nestedness=0.963435, connectance=0.8496
	 Step 220000, T=6.6919, cost function=76080, nestedness=0.957722, connectance=0.8496
	 Step 230000, T=6.6919, cost function=75892.5, nestedness=0.960193, connectance=0.8496
	 Step 240000, T=6.62498, cost function=75972.4, nestedness=0.958795, connectance=0.8496
	 Step 250000, T=6.62498, cost function=75817.5, nestedness=0.966963, connectance=0.8496
	 Step 260000, T=6.62498, cost function=75801.8, nestedness=0.963493, connectance=0.8496
	 Step 270000, T=6.62498, cost function=75861.4, nestedness=0.970123, connectance=0.8496
	 Step 280000, T=6.6919, cost function=75915.8, nestedness=0.963944, connectance=0.8496
	 Step 290000, T=6.6919, cost function=75936, nestedness=0.964945, connectance=0.8496
	 Step 300000, T=6.62498, cost function=75811.5, nestedness=0.958553, connectance=0.8496
	 Step 310000, T=6.62498, cost function=75734.6, nestedness=0.969717, connectance=0.8496
	 Step 320000, T=6.62498, cost function=75711.4, nestedness=0.967327, connectance=0.8496
	 Step 330000, T=6.62498, cost function=75725.2, nestedness=0.969559, connectance=0.8496
	 Step 340000, T=6.6919, cost function=75720.8, nestedness=0.973581, connectance=0.8496
	 Step 350000, T=6.62498, cost function=75690.8, nestedness=0.969955, connectance=0.8496
	 Step 360000, T=6.6919, cost function=75684.8, nestedness=0.969766, connectance=0.8496
	 Step 370000, T=6.75949, cost function=75775.1, nestedness=0.973811, connectance=0.8496
	 Step 380000, T=6.62498, cost function=75661.1, nestedness=0.969061, connectance=0.8496
	 Step 390000, T=6.62498, cost function=75754.9, nestedness=0.967557, connectance=0.8496
	 Step 400000, T=6.6919, cost function=75744, nestedness=0.971614, connectance=0.8496
	 Step 410000, T=6.6919, cost function=75759.8, nestedness=0.965059, connectance=0.8496
	 Step 420000, T=6.62498, cost function=75817.5, nestedness=0.96611, connectance=0.8496
	 Step 430000, T=6.6919, cost function=75686.2, nestedness=0.970437, connectance=0.8496
	 Step 440000, T=6.62498, cost function=75801.8, nestedness=0.965898, connectance=0.8496
	 Step 450000, T=6.62498, cost function=75783, nestedness=0.968613, connectance=0.8496
	 Step 460000, T=6.62498, cost function=75858, nestedness=0.96085, connectance=0.8496
	 Step 470000, T=6.62498, cost function=75803.2, nestedness=0.963662, connectance=0.8496
	 Step 480000, T=6.6919, cost function=75734.6, nestedness=0.971267, connectance=0.8496
	 Step 490000, T=6.62498, cost function=75814.1, nestedness=0.966253, connectance=0.8496
	 Step 500000, T=6.62498, cost function=75757.9, nestedness=0.967599, connectance=0.8496
	 Step 510000, T=6.6919, cost function=75816, nestedness=0.972955, connectance=0.8496
	 Step 520000, T=6.62498, cost function=75851.6, nestedness=0.966529, connectance=0.8496
	 Step 530000, T=6.62498, cost function=75978.4, nestedness=0.963973, connectance=0.8496
	 Step 540000, T=6.62498, cost function=75811.1, nestedness=0.967333, connectance=0.8496
	 Step 550000, T=6.6919, cost function=75975, nestedness=0.965778, connectance=0.8496
	 Step 560000, T=6.6919, cost function=75984.8, nestedness=0.95901, connectance=0.8496
	 Step 570000, T=6.6919, cost function=75695.6, nestedness=0.968384, connectance=0.8496
	 Step 580000, T=6.62498, cost function=75954.8, nestedness=0.961159, connectance=0.8496
	 Step 590000, T=6.62498, cost function=75817.5, nestedness=0.960145, connectance=0.8496
	 Step 600000, T=6.62498, cost function=75806.2, nestedness=0.962846, connectance=0.8496
	 Step 610000, T=6.6919, cost function=75795.4, nestedness=0.967483, connectance=0.8496
	 Step 620000, T=6.6919, cost function=75829.9, nestedness=0.965087, connectance=0.8496
	 Step 630000, T=6.62498, cost function=75751.9, nestedness=0.972962, connectance=0.8496
	 Step 640000, T=6.6919, cost function=75764.2, nestedness=0.97046, connectance=0.8496
	 Step 650000, T=6.6919, cost function=75832.9, nestedness=0.965787, connectance=0.8496
	 Step 660000, T=6.62498, cost function=75715.9, nestedness=0.961499, connectance=0.8496
	 Step 670000, T=6.62498, cost function=75690.8, nestedness=0.969612, connectance=0.8496
	 Step 680000, T=6.62498, cost function=75742.1, nestedness=0.969465, connectance=0.8496
	 Step 690000, T=6.62498, cost function=75939, nestedness=0.960299, connectance=0.8496
	 Step 700000, T=6.62498, cost function=75912.8, nestedness=0.961343, connectance=0.8496
	 Step 710000, T=6.6919, cost function=75840.8, nestedness=0.965349, connectance=0.8496
	 Step 720000, T=6.6919, cost function=75836.2, nestedness=0.968293, connectance=0.8496
	 Step 730000, T=6.6919, cost function=75727.1, nestedness=0.972884, connectance=0.8496
	 Step 740000, T=6.62498, cost function=75517.5, nestedness=0.977882, connectance=0.8496
	 Step 750000, T=6.6919, cost function=75659.6, nestedness=0.970498, connectance=0.8496
	 Step 760000, T=6.6919, cost function=75679.9, nestedness=0.965687, connectance=0.8496
	 Step 770000, T=6.62498, cost function=75836.2, nestedness=0.971221, connectance=0.8496
	 Step 780000, T=6.62498, cost function=75879.8, nestedness=0.966586, connectance=0.8496
	 Step 790000, T=6.62498, cost function=75969, nestedness=0.961628, connectance=0.8496
	 Step 800000, T=6.62498, cost function=75648.4, nestedness=0.973179, connectance=0.8496
	 Step 810000, T=6.6919, cost function=75806.6, nestedness=0.966619, connectance=0.8496
	 Step 820000, T=6.62498, cost function=75714.4, nestedness=0.968666, connectance=0.8496
	 Step 830000, T=6.62498, cost function=75714.4, nestedness=0.966339, connectance=0.8496
	 Step 840000, T=6.6919, cost function=75781.5, nestedness=0.964212, connectance=0.8496
	 Step 850000, T=6.6919, cost function=75942.4, nestedness=0.962758, connectance=0.8496
	 Step 860000, T=6.6919, cost function=75847.1, nestedness=0.966011, connectance=0.8496
	 Step 870000, T=6.62498, cost function=75914.2, nestedness=0.959357, connectance=0.8496
	 Step 880000, T=6.62498, cost function=75939, nestedness=0.967712, connectance=0.8496
	 Step 890000, T=6.62498, cost function=76057.9, nestedness=0.963314, connectance=0.8496
	 Step 900000, T=6.62498, cost function=75709.5, nestedness=0.967845, connectance=0.8496
	 Step 910000, T=6.6919, cost function=75750.4, nestedness=0.964515, connectance=0.8496
	 Step 920000, T=6.6919, cost function=75787.9, nestedness=0.964356, connectance=0.8496
	 Step 930000, T=6.6919, cost function=75826.9, nestedness=0.962904, connectance=0.8496
	 Step 940000, T=6.6919, cost function=75825.4, nestedness=0.962346, connectance=0.8496
	 Step 950000, T=6.62498, cost function=75844.1, nestedness=0.966078, connectance=0.8496
	 Step 960000, T=6.62498, cost function=75984.4, nestedness=0.960389, connectance=0.8496
	 Step 970000, T=6.6919, cost function=75952.9, nestedness=0.958211, connectance=0.8496
	 Step 980000, T=6.62498, cost function=75667.5, nestedness=0.970254, connectance=0.8496
	 Step 990000, T=6.62498, cost function=75789.4, nestedness=0.967609, connectance=0.8496
	 Step 1000000, T=6.62498, cost function=75697.1, nestedness=0.968527, connectance=0.8496
Created initial alpha guess with nestedness 0.858068
	 Step 0, T=4.95, cost function=83777.2, nestedness=0.858068, connectance=0.8112
	 Step 10000, T=6.6919, cost function=68565.4, nestedness=0.962516, connectance=0.8112
	 Step 20000, T=6.05203, cost function=68054.2, nestedness=0.973085, connectance=0.8112
	 Step 30000, T=5.9316, cost function=68071.9, nestedness=0.970489, connectance=0.8112
	 Step 40000, T=5.9316, cost function=68073, nestedness=0.970206, connectance=0.8112
	 Step 50000, T=5.99151, cost function=68041.1, nestedness=0.975931, connectance=0.8112
	 Step 60000, T=6.11316, cost function=68036.6, nestedness=0.970617, connectance=0.8112
	 Step 70000, T=5.9316, cost function=67996.9, nestedness=0.97395, connectance=0.8112
	 Step 80000, T=5.9316, cost function=67971, nestedness=0.976638, connectance=0.8112
	 Step 90000, T=5.9316, cost function=68065.1, nestedness=0.971265, connectance=0.8112
	 Step 100000, T=5.9316, cost function=68118, nestedness=0.972013, connectance=0.8112
	 Step 110000, T=5.9316, cost function=67965, nestedness=0.976475, connectance=0.8112
	 Step 120000, T=5.9316, cost function=67924.1, nestedness=0.979348, connectance=0.8112
	 Step 130000, T=5.9316, cost function=67930.9, nestedness=0.973506, connectance=0.8112
	 Step 140000, T=5.9316, cost function=68015.6, nestedness=0.971503, connectance=0.8112
	 Step 150000, T=5.9316, cost function=67957.5, nestedness=0.980035, connectance=0.8112
	 Step 160000, T=5.9316, cost function=68010, nestedness=0.975077, connectance=0.8112
	 Step 170000, T=6.05203, cost function=68001, nestedness=0.971866, connectance=0.8112
	 Step 180000, T=5.9316, cost function=67945.1, nestedness=0.975688, connectance=0.8112
	 Step 190000, T=5.9316, cost function=67994.6, nestedness=0.97273, connectance=0.8112
	 Step 200000, T=5.9316, cost function=67941.8, nestedness=0.976516, connectance=0.8112
	 Step 210000, T=5.9316, cost function=67902.4, nestedness=0.97769, connectance=0.8112
	 Step 220000, T=5.9316, cost function=67967.6, nestedness=0.977572, connectance=0.8112
	 Step 230000, T=5.9316, cost function=67932.8, nestedness=0.977204, connectance=0.8112
	 Step 240000, T=5.99151, cost function=67959.8, nestedness=0.978061, connectance=0.8112
	 Step 250000, T=5.99151, cost function=67972.5, nestedness=0.973156, connectance=0.8112
	 Step 260000, T=5.9316, cost function=68018.6, nestedness=0.976141, connectance=0.8112
	 Step 270000, T=5.9316, cost function=67998, nestedness=0.98087, connectance=0.8112
	 Step 280000, T=5.9316, cost function=67932.8, nestedness=0.974853, connectance=0.8112
	 Step 290000, T=5.9316, cost function=67993.1, nestedness=0.975758, connectance=0.8112
	 Step 300000, T=5.9316, cost function=68023.1, nestedness=0.979755, connectance=0.8112
	 Step 310000, T=5.9316, cost function=68062.9, nestedness=0.970569, connectance=0.8112
	 Step 320000, T=5.9316, cost function=68043, nestedness=0.970157, connectance=0.8112
	 Step 330000, T=5.99151, cost function=68002.5, nestedness=0.969784, connectance=0.8112
	 Step 340000, T=6.11316, cost function=67982.2, nestedness=0.969181, connectance=0.8112
	 Step 350000, T=5.99151, cost function=68093.6, nestedness=0.971282, connectance=0.8112
	 Step 360000, T=5.9316, cost function=67994.6, nestedness=0.973501, connectance=0.8112
	 Step 370000, T=5.9316, cost function=68049, nestedness=0.96948, connectance=0.8112
	 Step 380000, T=5.9316, cost function=68077.5, nestedness=0.973982, connectance=0.8112
	 Step 390000, T=5.9316, cost function=67891.1, nestedness=0.977594, connectance=0.8112
	 Step 400000, T=5.9316, cost function=67944.8, nestedness=0.971685, connectance=0.8112
	 Step 410000, T=5.9316, cost function=68036.6, nestedness=0.977869, connectance=0.8112
	 Step 420000, T=5.9316, cost function=67994.2, nestedness=0.968476, connectance=0.8112
	 Step 430000, T=5.9316, cost function=68059.1, nestedness=0.97053, connectance=0.8112
	 Step 440000, T=5.9316, cost function=67948.1, nestedness=0.97777, connectance=0.8112
	 Step 450000, T=5.9316, cost function=67945.1, nestedness=0.978102, connectance=0.8112
	 Step 460000, T=5.9316, cost function=68083.5, nestedness=0.97437, connectance=0.8112
	 Step 470000, T=5.9316, cost function=67960.9, nestedness=0.976372, connectance=0.8112
	 Step 480000, T=5.9316, cost function=68023.1, nestedness=0.97454, connectance=0.8112
	 Step 490000, T=5.9316, cost function=68083.5, nestedness=0.969618, connectance=0.8112
	 Step 500000, T=5.9316, cost function=68029.1, nestedness=0.975054, connectance=0.8112
	 Step 510000, T=5.9316, cost function=68032.1, nestedness=0.973049, connectance=0.8112
	 Step 520000, T=5.9316, cost function=67970.6, nestedness=0.97464, connectance=0.8112
	 Step 530000, T=5.9316, cost function=67924.5, nestedness=0.974633, connectance=0.8112
	 Step 540000, T=5.99151, cost function=67997.6, nestedness=0.977363, connectance=0.8112
	 Step 550000, T=5.9316, cost function=67924.5, nestedness=0.971808, connectance=0.8112
	 Step 560000, T=5.9316, cost function=67996.1, nestedness=0.970804, connectance=0.8112
	 Step 570000, T=5.99151, cost function=68002.1, nestedness=0.973662, connectance=0.8112
	 Step 580000, T=5.99151, cost function=68027.2, nestedness=0.977171, connectance=0.8112
	 Step 590000, T=5.99151, cost function=67944.4, nestedness=0.979763, connectance=0.8112
	 Step 600000, T=5.99151, cost function=67955.6, nestedness=0.975646, connectance=0.8112
	 Step 610000, T=5.99151, cost function=67889.6, nestedness=0.97658, connectance=0.8112
	 Step 620000, T=5.9316, cost function=67920, nestedness=0.975033, connectance=0.8112
	 Step 630000, T=5.9316, cost function=67953.8, nestedness=0.977158, connectance=0.8112
	 Step 640000, T=5.9316, cost function=67986.8, nestedness=0.977069, connectance=0.8112
	 Step 650000, T=5.99151, cost function=67893.8, nestedness=0.977939, connectance=0.8112
	 Step 660000, T=5.99151, cost function=67960.1, nestedness=0.979734, connectance=0.8112
	 Step 670000, T=5.9316, cost function=67954.1, nestedness=0.97829, connectance=0.8112
	 Step 680000, T=6.05203, cost function=67914.8, nestedness=0.978056, connectance=0.8112
	 Step 690000, T=5.99151, cost function=68007.4, nestedness=0.970907, connectance=0.8112
	 Step 700000, T=5.99151, cost function=67941.8, nestedness=0.973371, connectance=0.8112
	 Step 710000, T=5.99151, cost function=68013.8, nestedness=0.969689, connectance=0.8112
	 Step 720000, T=6.11316, cost function=68000.6, nestedness=0.973197, connectance=0.8112
	 Step 730000, T=5.99151, cost function=67970.6, nestedness=0.973984, connectance=0.8112
	 Step 740000, T=5.99151, cost function=68096.2, nestedness=0.968231, connectance=0.8112
	 Step 750000, T=5.99151, cost function=67933.1, nestedness=0.975414, connectance=0.8112
	 Step 760000, T=5.99151, cost function=67983.8, nestedness=0.980007, connectance=0.8112
	 Step 770000, T=5.99151, cost function=68034, nestedness=0.969411, connectance=0.8112
	 Step 780000, T=6.23729, cost function=67993.1, nestedness=0.971459, connectance=0.8112
	 Step 790000, T=5.99151, cost function=68022.4, nestedness=0.974792, connectance=0.8112
	 Step 800000, T=5.99151, cost function=67977.8, nestedness=0.973746, connectance=0.8112
	 Step 810000, T=5.99151, cost function=68014.9, nestedness=0.975097, connectance=0.8112
	 Step 820000, T=5.99151, cost function=67983.8, nestedness=0.971463, connectance=0.8112
	 Step 830000, T=6.23729, cost function=67980.4, nestedness=0.970032, connectance=0.8112
	 Step 840000, T=5.99151, cost function=67965, nestedness=0.976041, connectance=0.8112
	 Step 850000, T=5.99151, cost function=67979.2, nestedness=0.976996, connectance=0.8112
	 Step 860000, T=5.9316, cost function=67982.2, nestedness=0.973623, connectance=0.8112
	 Step 870000, T=5.9316, cost function=67949.6, nestedness=0.975881, connectance=0.8112
	 Step 880000, T=5.9316, cost function=67924.5, nestedness=0.976034, connectance=0.8112
	 Step 890000, T=5.9316, cost function=67999.5, nestedness=0.972184, connectance=0.8112
	 Step 900000, T=5.9316, cost function=67912.1, nestedness=0.972897, connectance=0.8112
	 Step 910000, T=5.9316, cost function=68061.8, nestedness=0.97049, connectance=0.8112
	 Step 920000, T=5.9316, cost function=67913.2, nestedness=0.977725, connectance=0.8112
	 Step 930000, T=5.9316, cost function=67950.8, nestedness=0.976842, connectance=0.8112
	 Step 940000, T=5.99151, cost function=67980.8, nestedness=0.973867, connectance=0.8112
	 Step 950000, T=5.9316, cost function=68007.4, nestedness=0.973342, connectance=0.8112
	 Step 960000, T=5.9316, cost function=68015.6, nestedness=0.971014, connectance=0.8112
	 Step 970000, T=5.9316, cost function=67917, nestedness=0.981334, connectance=0.8112
	 Step 980000, T=5.99151, cost function=67936.5, nestedness=0.978413, connectance=0.8112
	 Step 990000, T=5.99151, cost function=68077.5, nestedness=0.971378, connectance=0.8112
	 Step 1000000, T=5.9316, cost function=68076, nestedness=0.971328, connectance=0.8112
Created initial alpha guess with nestedness 0.827139
	 Step 0, T=4.95, cost function=101756, nestedness=0.827139, connectance=0.776
	 Step 10000, T=8.18174, cost function=84965.2, nestedness=0.950403, connectance=0.776
	 Step 20000, T=7.39942, cost function=84507, nestedness=0.966311, connectance=0.776
	 Step 30000, T=7.62591, cost function=84494.2, nestedness=0.966872, connectance=0.776
	 Step 40000, T=7.32542, cost function=84328.9, nestedness=0.972766, connectance=0.776
	 Step 50000, T=7.32542, cost function=84292.1, nestedness=0.975851, connectance=0.776
	 Step 60000, T=7.62591, cost function=84580.9, nestedness=0.965423, connectance=0.776
	 Step 70000, T=7.39942, cost function=84412.1, nestedness=0.967579, connectance=0.776
	 Step 80000, T=7.39942, cost function=84527.6, nestedness=0.966748, connectance=0.776
	 Step 90000, T=7.39942, cost function=84554.6, nestedness=0.958436, connectance=0.776
	 Step 100000, T=7.39942, cost function=84355.9, nestedness=0.968853, connectance=0.776
	 Step 110000, T=7.39942, cost function=84602.6, nestedness=0.956017, connectance=0.776
	 Step 120000, T=7.39942, cost function=84468, nestedness=0.964924, connectance=0.776
	 Step 130000, T=7.39942, cost function=84496.1, nestedness=0.960333, connectance=0.776
	 Step 140000, T=7.39942, cost function=84602.2, nestedness=0.962545, connectance=0.776
	 Step 150000, T=7.47416, cost function=84531, nestedness=0.969006, connectance=0.776
	 Step 160000, T=7.32542, cost function=84348, nestedness=0.969635, connectance=0.776
	 Step 170000, T=7.47416, cost function=84449.6, nestedness=0.968128, connectance=0.776
	 Step 180000, T=7.39942, cost function=84452.6, nestedness=0.970783, connectance=0.776
	 Step 190000, T=7.39942, cost function=84416.6, nestedness=0.965535, connectance=0.776
	 Step 200000, T=7.39942, cost function=84686.2, nestedness=0.962452, connectance=0.776
	 Step 210000, T=7.39942, cost function=84548.6, nestedness=0.967617, connectance=0.776
	 Step 220000, T=7.47416, cost function=84486.8, nestedness=0.96392, connectance=0.776
	 Step 230000, T=7.54965, cost function=84475.1, nestedness=0.967497, connectance=0.776
	 Step 240000, T=7.39942, cost function=84607.1, nestedness=0.958305, connectance=0.776
	 Step 250000, T=7.39942, cost function=84439.9, nestedness=0.970131, connectance=0.776
	 Step 260000, T=7.47416, cost function=84575.6, nestedness=0.966128, connectance=0.776
	 Step 270000, T=7.47416, cost function=84505.9, nestedness=0.961041, connectance=0.776
	 Step 280000, T=7.39942, cost function=84406.9, nestedness=0.972132, connectance=0.776
	 Step 290000, T=7.39942, cost function=84483.4, nestedness=0.968423, connectance=0.776
	 Step 300000, T=7.39942, cost function=84450.4, nestedness=0.972213, connectance=0.776
	 Step 310000, T=7.39942, cost function=84525.4, nestedness=0.967504, connectance=0.776
	 Step 320000, T=7.39942, cost function=84412.1, nestedness=0.968734, connectance=0.776
	 Step 330000, T=7.39942, cost function=84725.6, nestedness=0.959193, connectance=0.776
	 Step 340000, T=7.54965, cost function=84633.4, nestedness=0.957067, connectance=0.776
	 Step 350000, T=7.39942, cost function=84513, nestedness=0.969412, connectance=0.776
	 Step 360000, T=7.39942, cost function=84500.6, nestedness=0.96799, connectance=0.776
	 Step 370000, T=7.47416, cost function=84380.6, nestedness=0.971296, connectance=0.776
	 Step 380000, T=7.32542, cost function=84302.6, nestedness=0.973741, connectance=0.776
	 Step 390000, T=7.47416, cost function=84338.6, nestedness=0.972805, connectance=0.776
	 Step 400000, T=7.32542, cost function=84334.9, nestedness=0.972184, connectance=0.776
	 Step 410000, T=7.47416, cost function=84568.5, nestedness=0.969928, connectance=0.776
	 Step 420000, T=7.39942, cost function=84588.4, nestedness=0.960427, connectance=0.776
	 Step 430000, T=7.47416, cost function=84622.9, nestedness=0.960856, connectance=0.776
	 Step 440000, T=7.47416, cost function=84595.9, nestedness=0.963901, connectance=0.776
	 Step 450000, T=7.47416, cost function=84472.5, nestedness=0.968229, connectance=0.776
	 Step 460000, T=7.47416, cost function=84418.1, nestedness=0.967977, connectance=0.776
	 Step 470000, T=7.47416, cost function=84653.2, nestedness=0.968181, connectance=0.776
	 Step 480000, T=7.39942, cost function=84452.2, nestedness=0.967995, connectance=0.776
	 Step 490000, T=7.39942, cost function=84543, nestedness=0.964063, connectance=0.776
	 Step 500000, T=7.39942, cost function=84544.1, nestedness=0.964264, connectance=0.776
	 Step 510000, T=7.47416, cost function=84631.9, nestedness=0.964926, connectance=0.776
	 Step 520000, T=7.47416, cost function=84439.5, nestedness=0.962706, connectance=0.776
	 Step 530000, T=7.47416, cost function=84492.8, nestedness=0.973491, connectance=0.776
	 Step 540000, T=7.39942, cost function=84497.6, nestedness=0.966111, connectance=0.776
	 Step 550000, T=7.39942, cost function=84504.8, nestedness=0.964214, connectance=0.776
	 Step 560000, T=7.39942, cost function=84522.8, nestedness=0.965316, connectance=0.776
	 Step 570000, T=7.39942, cost function=84414.8, nestedness=0.969505, connectance=0.776
	 Step 580000, T=7.39942, cost function=84639.8, nestedness=0.960137, connectance=0.776
	 Step 590000, T=7.47416, cost function=84461.6, nestedness=0.967062, connectance=0.776
	 Step 600000, T=7.47416, cost function=84462.4, nestedness=0.966042, connectance=0.776
	 Step 610000, T=7.54965, cost function=84471.4, nestedness=0.964657, connectance=0.776
	 Step 620000, T=7.39942, cost function=84588.4, nestedness=0.959118, connectance=0.776
	 Step 630000, T=7.39942, cost function=84492.4, nestedness=0.968794, connectance=0.776
	 Step 640000, T=7.39942, cost function=84490.9, nestedness=0.967367, connectance=0.776
	 Step 650000, T=7.39942, cost function=84499.1, nestedness=0.96458, connectance=0.776
	 Step 660000, T=7.39942, cost function=84511.9, nestedness=0.963821, connectance=0.776
	 Step 670000, T=7.39942, cost function=84390, nestedness=0.966937, connectance=0.776
	 Step 680000, T=7.47416, cost function=84615.4, nestedness=0.952797, connectance=0.776
	 Step 690000, T=7.47416, cost function=84514.1, nestedness=0.965005, connectance=0.776
	 Step 700000, T=7.39942, cost function=84648.4, nestedness=0.962391, connectance=0.776
	 Step 710000, T=7.47416, cost function=84498, nestedness=0.962036, connectance=0.776
	 Step 720000, T=7.47416, cost function=84756.8, nestedness=0.95672, connectance=0.776
	 Step 730000, T=7.39942, cost function=84549.4, nestedness=0.965828, connectance=0.776
	 Step 740000, T=7.39942, cost function=84658.5, nestedness=0.96316, connectance=0.776
	 Step 750000, T=7.39942, cost function=84547.9, nestedness=0.964174, connectance=0.776
	 Step 760000, T=7.47416, cost function=84455.2, nestedness=0.970996, connectance=0.776
	 Step 770000, T=7.39942, cost function=84531.4, nestedness=0.964658, connectance=0.776
	 Step 780000, T=7.39942, cost function=84603, nestedness=0.954294, connectance=0.776
	 Step 790000, T=7.39942, cost function=84618.8, nestedness=0.96289, connectance=0.776
	 Step 800000, T=7.39942, cost function=84487.1, nestedness=0.966493, connectance=0.776
	 Step 810000, T=7.39942, cost function=84493.5, nestedness=0.968511, connectance=0.776
	 Step 820000, T=7.39942, cost function=84538.5, nestedness=0.964873, connectance=0.776
	 Step 830000, T=7.39942, cost function=84595.9, nestedness=0.966968, connectance=0.776
	 Step 840000, T=7.39942, cost function=84644.6, nestedness=0.960193, connectance=0.776
	 Step 850000, T=7.47416, cost function=84521.2, nestedness=0.959643, connectance=0.776
	 Step 860000, T=7.47416, cost function=84494.2, nestedness=0.965224, connectance=0.776
	 Step 870000, T=7.47416, cost function=84633, nestedness=0.96657, connectance=0.776
	 Step 880000, T=7.47416, cost function=84537, nestedness=0.962801, connectance=0.776
	 Step 890000, T=7.39942, cost function=84560.2, nestedness=0.963692, connectance=0.776
	 Step 900000, T=7.47416, cost function=84361.9, nestedness=0.967972, connectance=0.776
	 Step 910000, T=7.47416, cost function=84391.1, nestedness=0.968769, connectance=0.776
	 Step 920000, T=7.47416, cost function=84367.9, nestedness=0.96624, connectance=0.776
	 Step 930000, T=7.47416, cost function=84392.6, nestedness=0.97171, connectance=0.776
	 Step 940000, T=7.47416, cost function=84446.2, nestedness=0.966743, connectance=0.776
	 Step 950000, T=7.47416, cost function=84465.8, nestedness=0.971075, connectance=0.776
	 Step 960000, T=7.39942, cost function=84485.2, nestedness=0.96505, connectance=0.776
	 Step 970000, T=7.39942, cost function=84439.9, nestedness=0.963813, connectance=0.776
	 Step 980000, T=7.39942, cost function=84552.4, nestedness=0.964348, connectance=0.776
	 Step 990000, T=7.39942, cost function=84741, nestedness=0.948764, connectance=0.776
	 Step 1000000, T=7.39942, cost function=84491.6, nestedness=0.965109, connectance=0.776
