Metaparameters loaded : gamma0 = 0.75; alpha0 = 0.0001; sigma0 = 0.25; l0 = 1;p = 1; R0 = 1; S0 = 0.05; NR = 50; NS = 25; matrix path = matrix_list/full_rank_opt_consumption_mat_NR50_NS25_3.in; convergence threshold = 1e-08
Initiated random engine with seed 0
Random engine initialized
Created initial alpha guess with nestedness 0.619653
	 Step 0, T=4.95, cost function=134830, nestedness=0.619653, connectance=0.5648
	 Step 10000, T=10.9503, cost function=125962, nestedness=0.777861, connectance=0.5648
	 Step 20000, T=10.9503, cost function=125887, nestedness=0.788833, connectance=0.5648
	 Step 30000, T=11.0609, cost function=125700, nestedness=0.800163, connectance=0.5648
	 Step 40000, T=11.0609, cost function=125540, nestedness=0.805798, connectance=0.5648
	 Step 50000, T=10.9503, cost function=125468, nestedness=0.806918, connectance=0.5648
	 Step 60000, T=10.9503, cost function=125634, nestedness=0.798437, connectance=0.5648
	 Step 70000, T=10.9503, cost function=125646, nestedness=0.802263, connectance=0.5648
	 Step 80000, T=10.9503, cost function=125437, nestedness=0.800955, connectance=0.5648
	 Step 90000, T=11.0609, cost function=125822, nestedness=0.788565, connectance=0.5648
	 Step 100000, T=11.0609, cost function=125343, nestedness=0.820408, connectance=0.5648
	 Step 110000, T=10.9503, cost function=125896, nestedness=0.779322, connectance=0.5648
	 Step 120000, T=11.0609, cost function=125584, nestedness=0.805151, connectance=0.5648
	 Step 130000, T=10.9503, cost function=125503, nestedness=0.800846, connectance=0.5648
	 Step 140000, T=10.9503, cost function=125868, nestedness=0.774668, connectance=0.5648
	 Step 150000, T=11.0609, cost function=125700, nestedness=0.793771, connectance=0.5648
	 Step 160000, T=11.0609, cost function=125475, nestedness=0.817158, connectance=0.5648
	 Step 170000, T=10.9503, cost function=125681, nestedness=0.791744, connectance=0.5648
	 Step 180000, T=10.9503, cost function=125587, nestedness=0.79935, connectance=0.5648
	 Step 190000, T=10.9503, cost function=125700, nestedness=0.810234, connectance=0.5648
	 Step 200000, T=10.9503, cost function=125531, nestedness=0.806939, connectance=0.5648
	 Step 210000, T=10.9503, cost function=125709, nestedness=0.789189, connectance=0.5648
	 Step 220000, T=11.0609, cost function=125595, nestedness=0.794543, connectance=0.5648
	 Step 230000, T=10.9503, cost function=125981, nestedness=0.785174, connectance=0.5648
	 Step 240000, T=10.9503, cost function=125456, nestedness=0.807704, connectance=0.5648
	 Step 250000, T=10.9503, cost function=125859, nestedness=0.805972, connectance=0.5648
	 Step 260000, T=10.9503, cost function=125296, nestedness=0.806096, connectance=0.5648
	 Step 270000, T=10.9503, cost function=125493, nestedness=0.806379, connectance=0.5648
	 Step 280000, T=10.9503, cost function=125325, nestedness=0.808424, connectance=0.5648
	 Step 290000, T=10.9503, cost function=125681, nestedness=0.806108, connectance=0.5648
	 Step 300000, T=11.0609, cost function=125634, nestedness=0.800652, connectance=0.5648
	 Step 310000, T=11.1726, cost function=125803, nestedness=0.790468, connectance=0.5648
	 Step 320000, T=10.9503, cost function=125653, nestedness=0.792663, connectance=0.5648
	 Step 330000, T=10.9503, cost function=125503, nestedness=0.797894, connectance=0.5648
	 Step 340000, T=10.9503, cost function=125859, nestedness=0.805024, connectance=0.5648
	 Step 350000, T=10.9503, cost function=125606, nestedness=0.803323, connectance=0.5648
	 Step 360000, T=11.0609, cost function=125754, nestedness=0.79614, connectance=0.5648
	 Step 370000, T=11.0609, cost function=125559, nestedness=0.792566, connectance=0.5648
	 Step 380000, T=10.9503, cost function=125943, nestedness=0.790193, connectance=0.5648
	 Step 390000, T=11.0609, cost function=125475, nestedness=0.81285, connectance=0.5648
	 Step 400000, T=11.0609, cost function=125522, nestedness=0.802978, connectance=0.5648
	 Step 410000, T=11.0609, cost function=125962, nestedness=0.786884, connectance=0.5648
	 Step 420000, T=10.9503, cost function=125634, nestedness=0.793357, connectance=0.5648
	 Step 430000, T=11.0609, cost function=125765, nestedness=0.801584, connectance=0.5648
	 Step 440000, T=10.9503, cost function=125587, nestedness=0.791563, connectance=0.5648
	 Step 450000, T=10.9503, cost function=125456, nestedness=0.819205, connectance=0.5648
	 Step 460000, T=10.9503, cost function=125503, nestedness=0.807913, connectance=0.5648
	 Step 470000, T=10.9503, cost function=125268, nestedness=0.809199, connectance=0.5648
	 Step 480000, T=11.0609, cost function=125737, nestedness=0.793093, connectance=0.5648
	 Step 490000, T=11.0609, cost function=125746, nestedness=0.802127, connectance=0.5648
	 Step 500000, T=10.9503, cost function=125765, nestedness=0.793103, connectance=0.5648
	 Step 510000, T=11.0609, cost function=125668, nestedness=0.795551, connectance=0.5648
	 Step 520000, T=10.9503, cost function=125540, nestedness=0.807125, connectance=0.5648
	 Step 530000, T=10.9503, cost function=126000, nestedness=0.787678, connectance=0.5648
	 Step 540000, T=10.9503, cost function=125887, nestedness=0.787187, connectance=0.5648
	 Step 550000, T=10.9503, cost function=125700, nestedness=0.779453, connectance=0.5648
	 Step 560000, T=11.0609, cost function=125746, nestedness=0.793707, connectance=0.5648
	 Step 570000, T=10.9503, cost function=125418, nestedness=0.809174, connectance=0.5648
	 Step 580000, T=10.9503, cost function=125700, nestedness=0.791464, connectance=0.5648
	 Step 590000, T=10.9503, cost function=125625, nestedness=0.805786, connectance=0.5648
	 Step 600000, T=10.9503, cost function=126018, nestedness=0.801796, connectance=0.5648
	 Step 610000, T=10.9503, cost function=125662, nestedness=0.799875, connectance=0.5648
	 Step 620000, T=11.0609, cost function=125587, nestedness=0.7999, connectance=0.5648
	 Step 630000, T=10.9503, cost function=125737, nestedness=0.786256, connectance=0.5648
	 Step 640000, T=10.9503, cost function=125476, nestedness=0.811662, connectance=0.5648
	 Step 650000, T=10.9503, cost function=125709, nestedness=0.799533, connectance=0.5648
	 Step 660000, T=11.0609, cost function=125482, nestedness=0.821053, connectance=0.5648
	 Step 670000, T=10.9503, cost function=125421, nestedness=0.818016, connectance=0.5648
	 Step 680000, T=10.9503, cost function=125690, nestedness=0.787471, connectance=0.5648
	 Step 690000, T=10.9503, cost function=125268, nestedness=0.819506, connectance=0.5648
	 Step 700000, T=10.9503, cost function=125334, nestedness=0.810976, connectance=0.5648
	 Step 710000, T=10.9503, cost function=125446, nestedness=0.811985, connectance=0.5648
	 Step 720000, T=10.9503, cost function=125409, nestedness=0.81146, connectance=0.5648
	 Step 730000, T=10.9503, cost function=125465, nestedness=0.797938, connectance=0.5648
	 Step 740000, T=10.9503, cost function=125484, nestedness=0.811657, connectance=0.5648
	 Step 750000, T=10.9503, cost function=125934, nestedness=0.77984, connectance=0.5648
	 Step 760000, T=10.9503, cost function=125475, nestedness=0.800842, connectance=0.5648
	 Step 770000, T=10.9503, cost function=125587, nestedness=0.796971, connectance=0.5648
	 Step 780000, T=10.9503, cost function=125568, nestedness=0.790983, connectance=0.5648
	 Step 790000, T=11.0609, cost function=125615, nestedness=0.803871, connectance=0.5648
	 Step 800000, T=11.0609, cost function=125465, nestedness=0.801474, connectance=0.5648
	 Step 810000, T=10.9503, cost function=125596, nestedness=0.799564, connectance=0.5648
	 Step 820000, T=10.9503, cost function=125690, nestedness=0.790294, connectance=0.5648
	 Step 830000, T=11.0609, cost function=125662, nestedness=0.804697, connectance=0.5648
	 Step 840000, T=10.9503, cost function=125803, nestedness=0.793015, connectance=0.5648
	 Step 850000, T=10.9503, cost function=125662, nestedness=0.796804, connectance=0.5648
	 Step 860000, T=11.0609, cost function=125503, nestedness=0.809204, connectance=0.5648
	 Step 870000, T=10.9503, cost function=125662, nestedness=0.805161, connectance=0.5648
	 Step 880000, T=11.0609, cost function=125353, nestedness=0.812695, connectance=0.5648
	 Step 890000, T=10.9503, cost function=125812, nestedness=0.796996, connectance=0.5648
	 Step 900000, T=11.0609, cost function=125662, nestedness=0.815238, connectance=0.5648
	 Step 910000, T=10.9503, cost function=125484, nestedness=0.798202, connectance=0.5648
	 Step 920000, T=10.9503, cost function=125643, nestedness=0.792157, connectance=0.5648
	 Step 930000, T=11.0609, cost function=125943, nestedness=0.778442, connectance=0.5648
	 Step 940000, T=10.9503, cost function=125915, nestedness=0.789988, connectance=0.5648
	 Step 950000, T=11.0609, cost function=125559, nestedness=0.796861, connectance=0.5648
	 Step 960000, T=10.9503, cost function=125495, nestedness=0.811638, connectance=0.5648
	 Step 970000, T=10.9503, cost function=125690, nestedness=0.791759, connectance=0.5648
	 Step 980000, T=10.9503, cost function=125690, nestedness=0.80093, connectance=0.5648
	 Step 990000, T=10.9503, cost function=125803, nestedness=0.795819, connectance=0.5648
	 Step 1000000, T=10.9503, cost function=125700, nestedness=0.798568, connectance=0.5648
Created initial alpha guess with nestedness 0.867656
	 Step 0, T=4.95, cost function=83241.4, nestedness=0.867656, connectance=0.8248
	 Step 10000, T=6.6919, cost function=63442.5, nestedness=0.971439, connectance=0.8248
	 Step 20000, T=6.05203, cost function=62232.8, nestedness=0.984727, connectance=0.8248
	 Step 30000, T=5.47335, cost function=61709.6, nestedness=0.995002, connectance=0.8248
	 Step 40000, T=5.36443, cost function=61617.4, nestedness=0.994941, connectance=0.8248
	 Step 50000, T=5.36443, cost function=61621.5, nestedness=0.997866, connectance=0.8248
	 Step 60000, T=5.36443, cost function=61618.9, nestedness=0.997826, connectance=0.8248
	 Step 70000, T=5.47335, cost function=61629.8, nestedness=0.996977, connectance=0.8248
	 Step 80000, T=5.36443, cost function=61607.2, nestedness=0.99255, connectance=0.8248
	 Step 90000, T=5.36443, cost function=61555.9, nestedness=0.996748, connectance=0.8248
	 Step 100000, T=5.47335, cost function=61587.8, nestedness=0.995337, connectance=0.8248
	 Step 110000, T=5.36443, cost function=61566.8, nestedness=0.994706, connectance=0.8248
	 Step 120000, T=5.69787, cost function=61596.8, nestedness=0.996862, connectance=0.8248
	 Step 130000, T=5.36443, cost function=61533.8, nestedness=0.996631, connectance=0.8248
	 Step 140000, T=5.47335, cost function=61588.1, nestedness=0.995784, connectance=0.8248
	 Step 150000, T=5.36443, cost function=61549.5, nestedness=0.995629, connectance=0.8248
	 Step 160000, T=5.47335, cost function=61577.6, nestedness=0.997787, connectance=0.8248
	 Step 170000, T=5.36443, cost function=61533, nestedness=0.998753, connectance=0.8248
	 Step 180000, T=5.58448, cost function=61588.9, nestedness=0.996902, connectance=0.8248
	 Step 190000, T=5.47335, cost function=61557, nestedness=0.997789, connectance=0.8248
	 Step 200000, T=5.36443, cost function=61643.6, nestedness=0.997098, connectance=0.8248
	 Step 210000, T=5.69787, cost function=61595.2, nestedness=0.995257, connectance=0.8248
	 Step 220000, T=5.36443, cost function=61581.4, nestedness=0.995941, connectance=0.8248
	 Step 230000, T=5.36443, cost function=61682.6, nestedness=0.996209, connectance=0.8248
	 Step 240000, T=5.36443, cost function=61594.1, nestedness=0.997784, connectance=0.8248
	 Step 250000, T=5.36443, cost function=61619.2, nestedness=0.994931, connectance=0.8248
	 Step 260000, T=5.36443, cost function=61572, nestedness=0.997866, connectance=0.8248
	 Step 270000, T=5.36443, cost function=61532.2, nestedness=0.999759, connectance=0.8248
	 Step 280000, T=5.47335, cost function=61547.2, nestedness=0.998794, connectance=0.8248
	 Step 290000, T=5.36443, cost function=61520.2, nestedness=0.996631, connectance=0.8248
	 Step 300000, T=5.36443, cost function=61561.5, nestedness=0.995629, connectance=0.8248
	 Step 310000, T=5.36443, cost function=61573.5, nestedness=0.993864, connectance=0.8248
	 Step 320000, T=5.36443, cost function=61597.1, nestedness=0.998508, connectance=0.8248
	 Step 330000, T=5.36443, cost function=61577.6, nestedness=0.996825, connectance=0.8248
	 Step 340000, T=5.47335, cost function=61609.5, nestedness=0.99694, connectance=0.8248
	 Step 350000, T=5.36443, cost function=61603.5, nestedness=0.996416, connectance=0.8248
	 Step 360000, T=5.36443, cost function=61591.1, nestedness=0.996098, connectance=0.8248
	 Step 370000, T=5.36443, cost function=61609.5, nestedness=0.996416, connectance=0.8248
	 Step 380000, T=5.41862, cost function=61604.2, nestedness=0.995257, connectance=0.8248
	 Step 390000, T=5.41862, cost function=61625.2, nestedness=0.995293, connectance=0.8248
	 Step 400000, T=5.41862, cost function=61614, nestedness=0.996416, connectance=0.8248
	 Step 410000, T=5.52864, cost function=61585.5, nestedness=0.994981, connectance=0.8248
	 Step 420000, T=5.41862, cost function=61556.2, nestedness=0.996865, connectance=0.8248
	 Step 430000, T=5.52864, cost function=61576.5, nestedness=0.997866, connectance=0.8248
	 Step 440000, T=5.41862, cost function=61629.4, nestedness=0.993375, connectance=0.8248
	 Step 450000, T=5.41862, cost function=61554, nestedness=0.997866, connectance=0.8248
	 Step 460000, T=5.52864, cost function=61555.9, nestedness=0.999638, connectance=0.8248
	 Step 470000, T=5.41862, cost function=61535.2, nestedness=0.999759, connectance=0.8248
	 Step 480000, T=5.41862, cost function=61554.8, nestedness=0.996865, connectance=0.8248
	 Step 490000, T=5.41862, cost function=61576.1, nestedness=0.995784, connectance=0.8248
	 Step 500000, T=5.52864, cost function=61593.4, nestedness=0.997946, connectance=0.8248
	 Step 510000, T=5.41862, cost function=61548, nestedness=0.997789, connectance=0.8248
	 Step 520000, T=5.41862, cost function=61557.4, nestedness=0.995629, connectance=0.8248
	 Step 530000, T=5.47335, cost function=61558.9, nestedness=0.997789, connectance=0.8248
	 Step 540000, T=5.36443, cost function=61551, nestedness=0.99787, connectance=0.8248
	 Step 550000, T=5.47335, cost function=61575.4, nestedness=0.995941, connectance=0.8248
	 Step 560000, T=5.36443, cost function=61563.8, nestedness=0.996945, connectance=0.8248
	 Step 570000, T=5.58448, cost function=61565.6, nestedness=0.997787, connectance=0.8248
	 Step 580000, T=5.36443, cost function=61580.2, nestedness=0.997828, connectance=0.8248
	 Step 590000, T=5.36443, cost function=61557, nestedness=0.997789, connectance=0.8248
	 Step 600000, T=5.47335, cost function=61565.2, nestedness=0.997828, connectance=0.8248
	 Step 610000, T=5.36443, cost function=61632.8, nestedness=0.990987, connectance=0.8248
	 Step 620000, T=5.36443, cost function=61549.9, nestedness=0.998753, connectance=0.8248
	 Step 630000, T=5.36443, cost function=61531.5, nestedness=0.996748, connectance=0.8248
	 Step 640000, T=5.47335, cost function=61568.6, nestedness=0.995784, connectance=0.8248
	 Step 650000, T=5.47335, cost function=61606.9, nestedness=0.996902, connectance=0.8248
	 Step 660000, T=5.58448, cost function=61587.8, nestedness=0.998106, connectance=0.8248
	 Step 670000, T=5.36443, cost function=61622.2, nestedness=0.994293, connectance=0.8248
	 Step 680000, T=5.36443, cost function=61582.9, nestedness=0.995941, connectance=0.8248
	 Step 690000, T=5.36443, cost function=61577.2, nestedness=0.994706, connectance=0.8248
	 Step 700000, T=5.36443, cost function=61542, nestedness=0.997789, connectance=0.8248
	 Step 710000, T=5.47335, cost function=61524.8, nestedness=0.999759, connectance=0.8248
	 Step 720000, T=5.36443, cost function=61551, nestedness=0.997789, connectance=0.8248
	 Step 730000, T=5.36443, cost function=61595.6, nestedness=0.995137, connectance=0.8248
	 Step 740000, T=5.36443, cost function=61548.8, nestedness=0.996865, connectance=0.8248
	 Step 750000, T=5.36443, cost function=61539.8, nestedness=0.997752, connectance=0.8248
	 Step 760000, T=5.36443, cost function=61543.5, nestedness=0.998873, connectance=0.8248
	 Step 770000, T=5.36443, cost function=61570.5, nestedness=0.996983, connectance=0.8248
	 Step 780000, T=5.36443, cost function=61566, nestedness=0.996983, connectance=0.8248
	 Step 790000, T=5.47335, cost function=61554.4, nestedness=0.997789, connectance=0.8248
	 Step 800000, T=5.47335, cost function=61626.8, nestedness=0.996134, connectance=0.8248
	 Step 810000, T=5.36443, cost function=61576.9, nestedness=0.996748, connectance=0.8248
	 Step 820000, T=5.36443, cost function=61593.8, nestedness=0.997101, connectance=0.8248
	 Step 830000, T=5.36443, cost function=61591.9, nestedness=0.996902, connectance=0.8248
	 Step 840000, T=5.36443, cost function=61538.2, nestedness=0.996631, connectance=0.8248
	 Step 850000, T=5.36443, cost function=61588.1, nestedness=0.997787, connectance=0.8248
	 Step 860000, T=5.36443, cost function=61549.5, nestedness=0.996748, connectance=0.8248
	 Step 870000, T=5.36443, cost function=61523.2, nestedness=0.998794, connectance=0.8248
	 Step 880000, T=5.36443, cost function=61536.8, nestedness=0.997752, connectance=0.8248
	 Step 890000, T=5.36443, cost function=61530.8, nestedness=0.997752, connectance=0.8248
	 Step 900000, T=5.36443, cost function=61555.5, nestedness=0.997789, connectance=0.8248
	 Step 910000, T=5.41862, cost function=61535.2, nestedness=0.997752, connectance=0.8248
	 Step 920000, T=5.41862, cost function=61587.8, nestedness=0.997101, connectance=0.8248
	 Step 930000, T=5.41862, cost function=61596, nestedness=0.995056, connectance=0.8248
	 Step 940000, T=5.41862, cost function=61582.1, nestedness=0.997141, connectance=0.8248
	 Step 950000, T=5.52864, cost function=61590.8, nestedness=0.996218, connectance=0.8248
	 Step 960000, T=5.41862, cost function=61576.5, nestedness=0.998027, connectance=0.8248
	 Step 970000, T=5.41862, cost function=61611, nestedness=0.995056, connectance=0.8248
	 Step 980000, T=5.41862, cost function=61598.6, nestedness=0.995137, connectance=0.8248
	 Step 990000, T=5.52864, cost function=61572, nestedness=0.996983, connectance=0.8248
	 Step 1000000, T=5.41862, cost function=61550.2, nestedness=0.995824, connectance=0.8248
Created initial alpha guess with nestedness 0.835868
	 Step 0, T=4.95, cost function=99517.1, nestedness=0.835868, connectance=0.7872
	 Step 10000, T=7.93873, cost function=77164.1, nestedness=0.959289, connectance=0.7872
	 Step 20000, T=7.17965, cost function=76467.8, nestedness=0.970549, connectance=0.7872
	 Step 30000, T=6.75949, cost function=76378.9, nestedness=0.978827, connectance=0.7872
	 Step 40000, T=6.62498, cost function=76245, nestedness=0.977233, connectance=0.7872
	 Step 50000, T=6.62498, cost function=76257.4, nestedness=0.977898, connectance=0.7872
	 Step 60000, T=6.62498, cost function=76282.9, nestedness=0.978705, connectance=0.7872
	 Step 70000, T=6.62498, cost function=76251.4, nestedness=0.973654, connectance=0.7872
	 Step 80000, T=6.62498, cost function=76200.8, nestedness=0.983909, connectance=0.7872
	 Step 90000, T=6.62498, cost function=76257, nestedness=0.976116, connectance=0.7872
	 Step 100000, T=6.6919, cost function=76257.4, nestedness=0.978986, connectance=0.7872
	 Step 110000, T=6.62498, cost function=76199.2, nestedness=0.983883, connectance=0.7872
	 Step 120000, T=6.62498, cost function=76249.5, nestedness=0.980713, connectance=0.7872
	 Step 130000, T=6.62498, cost function=76226.6, nestedness=0.980295, connectance=0.7872
	 Step 140000, T=6.62498, cost function=76178.2, nestedness=0.980166, connectance=0.7872
	 Step 150000, T=6.75949, cost function=76300.5, nestedness=0.9771, connectance=0.7872
	 Step 160000, T=6.62498, cost function=76254, nestedness=0.980466, connectance=0.7872
	 Step 170000, T=6.9664, cost function=76217.2, nestedness=0.979967, connectance=0.7872
	 Step 180000, T=6.62498, cost function=76237.5, nestedness=0.974702, connectance=0.7872
	 Step 190000, T=6.75949, cost function=76180.1, nestedness=0.976731, connectance=0.7872
	 Step 200000, T=6.62498, cost function=76230.8, nestedness=0.977663, connectance=0.7872
	 Step 210000, T=6.75949, cost function=76275, nestedness=0.977359, connectance=0.7872
	 Step 220000, T=6.62498, cost function=76162.1, nestedness=0.978971, connectance=0.7872
	 Step 230000, T=6.62498, cost function=76277.2, nestedness=0.978059, connectance=0.7872
	 Step 240000, T=6.62498, cost function=76161.8, nestedness=0.981605, connectance=0.7872
	 Step 250000, T=6.62498, cost function=76250.2, nestedness=0.974758, connectance=0.7872
	 Step 260000, T=6.6919, cost function=76260, nestedness=0.976972, connectance=0.7872
	 Step 270000, T=6.6919, cost function=76242.8, nestedness=0.97683, connectance=0.7872
	 Step 280000, T=6.6919, cost function=76327.9, nestedness=0.974914, connectance=0.7872
	 Step 290000, T=6.6919, cost function=76232.2, nestedness=0.980946, connectance=0.7872
	 Step 300000, T=6.62498, cost function=76182.4, nestedness=0.982318, connectance=0.7872
	 Step 310000, T=6.75949, cost function=76279.5, nestedness=0.977915, connectance=0.7872
	 Step 320000, T=6.6919, cost function=76287.4, nestedness=0.977372, connectance=0.7872
	 Step 330000, T=6.6919, cost function=76295.6, nestedness=0.982929, connectance=0.7872
	 Step 340000, T=6.62498, cost function=76216.5, nestedness=0.980177, connectance=0.7872
	 Step 350000, T=6.62498, cost function=76226.6, nestedness=0.972108, connectance=0.7872
	 Step 360000, T=6.62498, cost function=76262.2, nestedness=0.976455, connectance=0.7872
	 Step 370000, T=6.75949, cost function=76312.1, nestedness=0.975891, connectance=0.7872
	 Step 380000, T=6.75949, cost function=76320.4, nestedness=0.98064, connectance=0.7872
	 Step 390000, T=6.6919, cost function=76218, nestedness=0.986099, connectance=0.7872
	 Step 400000, T=6.6919, cost function=76193.2, nestedness=0.981824, connectance=0.7872
	 Step 410000, T=6.6919, cost function=76251.4, nestedness=0.985163, connectance=0.7872
	 Step 420000, T=6.6919, cost function=76293.4, nestedness=0.97834, connectance=0.7872
	 Step 430000, T=6.6919, cost function=76193.6, nestedness=0.980456, connectance=0.7872
	 Step 440000, T=6.6919, cost function=76189.9, nestedness=0.97598, connectance=0.7872
	 Step 450000, T=6.6919, cost function=76241.2, nestedness=0.983115, connectance=0.7872
	 Step 460000, T=6.6919, cost function=76279.1, nestedness=0.979244, connectance=0.7872
	 Step 470000, T=6.6919, cost function=76174.5, nestedness=0.975452, connectance=0.7872
	 Step 480000, T=6.62498, cost function=76244.6, nestedness=0.981345, connectance=0.7872
	 Step 490000, T=6.62498, cost function=76261.5, nestedness=0.980927, connectance=0.7872
	 Step 500000, T=6.62498, cost function=76257.8, nestedness=0.984619, connectance=0.7872
	 Step 510000, T=6.6919, cost function=76236.4, nestedness=0.978941, connectance=0.7872
	 Step 520000, T=6.6919, cost function=76234.9, nestedness=0.980042, connectance=0.7872
	 Step 530000, T=6.6919, cost function=76162.1, nestedness=0.982616, connectance=0.7872
	 Step 540000, T=6.62498, cost function=76228.9, nestedness=0.981361, connectance=0.7872
	 Step 550000, T=6.6919, cost function=76231.9, nestedness=0.981362, connectance=0.7872
	 Step 560000, T=6.6919, cost function=76232.6, nestedness=0.97979, connectance=0.7872
	 Step 570000, T=6.75949, cost function=76173.8, nestedness=0.98194, connectance=0.7872
	 Step 580000, T=6.62498, cost function=76185.4, nestedness=0.98489, connectance=0.7872
	 Step 590000, T=7.03677, cost function=76282.9, nestedness=0.977157, connectance=0.7872
	 Step 600000, T=6.62498, cost function=76277.6, nestedness=0.976028, connectance=0.7872
	 Step 610000, T=6.75949, cost function=76200, nestedness=0.978085, connectance=0.7872
	 Step 620000, T=6.62498, cost function=76193.2, nestedness=0.984333, connectance=0.7872
	 Step 630000, T=6.62498, cost function=76246.9, nestedness=0.977992, connectance=0.7872
	 Step 640000, T=6.62498, cost function=76227.8, nestedness=0.97607, connectance=0.7872
	 Step 650000, T=6.62498, cost function=76240.5, nestedness=0.978735, connectance=0.7872
	 Step 660000, T=6.6919, cost function=76215.8, nestedness=0.984384, connectance=0.7872
	 Step 670000, T=6.6919, cost function=76220.2, nestedness=0.980979, connectance=0.7872
	 Step 680000, T=6.6919, cost function=76221.8, nestedness=0.978385, connectance=0.7872
	 Step 690000, T=6.62498, cost function=76227, nestedness=0.982862, connectance=0.7872
	 Step 700000, T=6.62498, cost function=76198.9, nestedness=0.980564, connectance=0.7872
	 Step 710000, T=7.03677, cost function=76307.6, nestedness=0.979207, connectance=0.7872
	 Step 720000, T=6.89674, cost function=76256.2, nestedness=0.974551, connectance=0.7872
	 Step 730000, T=6.62498, cost function=76270.5, nestedness=0.979152, connectance=0.7872
	 Step 740000, T=6.6919, cost function=76392, nestedness=0.978841, connectance=0.7872
	 Step 750000, T=6.6919, cost function=76314.4, nestedness=0.977576, connectance=0.7872
	 Step 760000, T=7.10785, cost function=76233.8, nestedness=0.979942, connectance=0.7872
	 Step 770000, T=6.6919, cost function=76295.6, nestedness=0.973952, connectance=0.7872
	 Step 780000, T=6.6919, cost function=76270.5, nestedness=0.980352, connectance=0.7872
	 Step 790000, T=6.6919, cost function=76246.1, nestedness=0.981162, connectance=0.7872
	 Step 800000, T=6.6919, cost function=76188, nestedness=0.981357, connectance=0.7872
	 Step 810000, T=6.6919, cost function=76221, nestedness=0.980113, connectance=0.7872
	 Step 820000, T=6.6919, cost function=76276.5, nestedness=0.975667, connectance=0.7872
	 Step 830000, T=6.75949, cost function=76333.1, nestedness=0.973487, connectance=0.7872
	 Step 840000, T=6.62498, cost function=76244.2, nestedness=0.977104, connectance=0.7872
	 Step 850000, T=6.62498, cost function=76203.4, nestedness=0.981449, connectance=0.7872
	 Step 860000, T=6.75949, cost function=76341.8, nestedness=0.977259, connectance=0.7872
	 Step 870000, T=6.6919, cost function=76290.4, nestedness=0.97777, connectance=0.7872
	 Step 880000, T=6.6919, cost function=76270.1, nestedness=0.974474, connectance=0.7872
	 Step 890000, T=6.6919, cost function=76254, nestedness=0.980321, connectance=0.7872
	 Step 900000, T=6.6919, cost function=76228.5, nestedness=0.983378, connectance=0.7872
	 Step 910000, T=6.6919, cost function=76234.1, nestedness=0.986406, connectance=0.7872
	 Step 920000, T=6.82777, cost function=76261.9, nestedness=0.980935, connectance=0.7872
	 Step 930000, T=6.6919, cost function=76263, nestedness=0.977156, connectance=0.7872
	 Step 940000, T=6.6919, cost function=76198.1, nestedness=0.984861, connectance=0.7872
	 Step 950000, T=6.9664, cost function=76194.8, nestedness=0.979509, connectance=0.7872
	 Step 960000, T=6.6919, cost function=76180.1, nestedness=0.981017, connectance=0.7872
	 Step 970000, T=6.82777, cost function=76201.1, nestedness=0.983026, connectance=0.7872
	 Step 980000, T=6.6919, cost function=76262.6, nestedness=0.980505, connectance=0.7872
	 Step 990000, T=6.6919, cost function=76204.9, nestedness=0.983793, connectance=0.7872
	 Step 1000000, T=6.6919, cost function=76230, nestedness=0.981426, connectance=0.7872
Created initial alpha guess with nestedness 0.788342
	 Step 0, T=4.95, cost function=113768, nestedness=0.788342, connectance=0.7296
	 Step 10000, T=9.04677, cost function=92949, nestedness=0.943409, connectance=0.7296
	 Step 20000, T=8.18174, cost function=92326.1, nestedness=0.964405, connectance=0.7296
	 Step 30000, T=8.01892, cost function=92184, nestedness=0.966639, connectance=0.7296
	 Step 40000, T=8.01892, cost function=92214, nestedness=0.957655, connectance=0.7296
	 Step 50000, T=8.01892, cost function=92191.9, nestedness=0.966622, connectance=0.7296
	 Step 60000, T=8.01892, cost function=92145, nestedness=0.973543, connectance=0.7296
	 Step 70000, T=8.01892, cost function=92296.5, nestedness=0.966777, connectance=0.7296
	 Step 80000, T=8.01892, cost function=92277.8, nestedness=0.969527, connectance=0.7296
	 Step 90000, T=8.01892, cost function=92284.1, nestedness=0.96702, connectance=0.7296
	 Step 100000, T=8.01892, cost function=92244.8, nestedness=0.957962, connectance=0.7296
	 Step 110000, T=8.01892, cost function=92286.8, nestedness=0.967449, connectance=0.7296
	 Step 120000, T=8.01892, cost function=92193.8, nestedness=0.96993, connectance=0.7296
	 Step 130000, T=8.01892, cost function=92071.1, nestedness=0.971336, connectance=0.7296
	 Step 140000, T=8.01892, cost function=92090.2, nestedness=0.971188, connectance=0.7296
	 Step 150000, T=8.01892, cost function=91988.6, nestedness=0.972047, connectance=0.7296
	 Step 160000, T=8.01892, cost function=92215.1, nestedness=0.972977, connectance=0.7296
	 Step 170000, T=8.01892, cost function=92118.4, nestedness=0.96419, connectance=0.7296
	 Step 180000, T=8.01892, cost function=92280.8, nestedness=0.965706, connectance=0.7296
	 Step 190000, T=8.09992, cost function=92158.9, nestedness=0.96557, connectance=0.7296
	 Step 200000, T=8.09992, cost function=92115.4, nestedness=0.964998, connectance=0.7296
	 Step 210000, T=8.09992, cost function=92079.4, nestedness=0.970524, connectance=0.7296
	 Step 220000, T=8.09992, cost function=92194.5, nestedness=0.97253, connectance=0.7296
	 Step 230000, T=8.01892, cost function=92184, nestedness=0.964031, connectance=0.7296
	 Step 240000, T=8.01892, cost function=92074.5, nestedness=0.96223, connectance=0.7296
	 Step 250000, T=8.01892, cost function=92035.5, nestedness=0.973751, connectance=0.7296
	 Step 260000, T=8.01892, cost function=92101.1, nestedness=0.965604, connectance=0.7296
	 Step 270000, T=8.01892, cost function=92157.4, nestedness=0.965886, connectance=0.7296
	 Step 280000, T=8.09992, cost function=92257.1, nestedness=0.964677, connectance=0.7296
	 Step 290000, T=8.01892, cost function=92182.5, nestedness=0.969632, connectance=0.7296
	 Step 300000, T=8.09992, cost function=92068.5, nestedness=0.972177, connectance=0.7296
	 Step 310000, T=8.09992, cost function=92096.6, nestedness=0.967023, connectance=0.7296
	 Step 320000, T=8.09992, cost function=92041.9, nestedness=0.969673, connectance=0.7296
	 Step 330000, T=8.09992, cost function=92160.4, nestedness=0.966983, connectance=0.7296
	 Step 340000, T=8.09992, cost function=92067, nestedness=0.968434, connectance=0.7296
	 Step 350000, T=8.09992, cost function=92151.4, nestedness=0.968254, connectance=0.7296
	 Step 360000, T=8.09992, cost function=92007.4, nestedness=0.970238, connectance=0.7296
	 Step 370000, T=8.26438, cost function=92158.9, nestedness=0.963711, connectance=0.7296
	 Step 380000, T=8.09992, cost function=92067, nestedness=0.971774, connectance=0.7296
	 Step 390000, T=8.09992, cost function=92119.9, nestedness=0.965858, connectance=0.7296
	 Step 400000, T=8.09992, cost function=92028, nestedness=0.973875, connectance=0.7296
	 Step 410000, T=8.09992, cost function=92082.4, nestedness=0.966673, connectance=0.7296
	 Step 420000, T=8.09992, cost function=92068.5, nestedness=0.975397, connectance=0.7296
	 Step 430000, T=8.09992, cost function=92319.8, nestedness=0.960294, connectance=0.7296
	 Step 440000, T=8.09992, cost function=91977.8, nestedness=0.975418, connectance=0.7296
	 Step 450000, T=8.01892, cost function=92062.1, nestedness=0.96791, connectance=0.7296
	 Step 460000, T=8.01892, cost function=92185.1, nestedness=0.969355, connectance=0.7296
	 Step 470000, T=8.09992, cost function=92185.5, nestedness=0.964577, connectance=0.7296
	 Step 480000, T=8.09992, cost function=92320.1, nestedness=0.968964, connectance=0.7296
	 Step 490000, T=8.09992, cost function=92071.5, nestedness=0.96624, connectance=0.7296
	 Step 500000, T=8.09992, cost function=92223, nestedness=0.966113, connectance=0.7296
	 Step 510000, T=8.09992, cost function=92146.5, nestedness=0.96191, connectance=0.7296
	 Step 520000, T=8.09992, cost function=92057.6, nestedness=0.966503, connectance=0.7296
	 Step 530000, T=8.09992, cost function=92196.8, nestedness=0.967294, connectance=0.7296
	 Step 540000, T=8.01892, cost function=92148, nestedness=0.969864, connectance=0.7296
	 Step 550000, T=8.01892, cost function=91988.6, nestedness=0.973858, connectance=0.7296
	 Step 560000, T=8.01892, cost function=91978.1, nestedness=0.981486, connectance=0.7296
	 Step 570000, T=8.01892, cost function=92113.9, nestedness=0.97354, connectance=0.7296
	 Step 580000, T=8.01892, cost function=91998.4, nestedness=0.966515, connectance=0.7296
	 Step 590000, T=8.18174, cost function=92152.5, nestedness=0.969836, connectance=0.7296
	 Step 600000, T=8.09992, cost function=92031, nestedness=0.97478, connectance=0.7296
	 Step 610000, T=8.01892, cost function=92068.5, nestedness=0.971185, connectance=0.7296
	 Step 620000, T=8.01892, cost function=92172.8, nestedness=0.968191, connectance=0.7296
	 Step 630000, T=8.09992, cost function=92171.6, nestedness=0.972273, connectance=0.7296
	 Step 640000, T=8.09992, cost function=92196.4, nestedness=0.962393, connectance=0.7296
	 Step 650000, T=8.09992, cost function=92285.6, nestedness=0.964611, connectance=0.7296
	 Step 660000, T=8.09992, cost function=92135.6, nestedness=0.969817, connectance=0.7296
	 Step 670000, T=8.09992, cost function=92151.4, nestedness=0.971254, connectance=0.7296
	 Step 680000, T=8.09992, cost function=92274.8, nestedness=0.964254, connectance=0.7296
	 Step 690000, T=8.01892, cost function=92194.9, nestedness=0.959739, connectance=0.7296
	 Step 700000, T=8.01892, cost function=92095.1, nestedness=0.969278, connectance=0.7296
	 Step 710000, T=8.01892, cost function=92232, nestedness=0.964837, connectance=0.7296
	 Step 720000, T=8.09992, cost function=92152.1, nestedness=0.966631, connectance=0.7296
	 Step 730000, T=8.01892, cost function=92174.2, nestedness=0.965836, connectance=0.7296
	 Step 740000, T=8.01892, cost function=92135.6, nestedness=0.965245, connectance=0.7296
	 Step 750000, T=8.01892, cost function=92174.2, nestedness=0.96271, connectance=0.7296
	 Step 760000, T=8.01892, cost function=92104.1, nestedness=0.969477, connectance=0.7296
	 Step 770000, T=8.01892, cost function=92159.2, nestedness=0.963362, connectance=0.7296
	 Step 780000, T=8.01892, cost function=92151.4, nestedness=0.963351, connectance=0.7296
	 Step 790000, T=8.01892, cost function=92145, nestedness=0.963935, connectance=0.7296
	 Step 800000, T=8.01892, cost function=92244.8, nestedness=0.961789, connectance=0.7296
	 Step 810000, T=8.01892, cost function=92248.1, nestedness=0.958033, connectance=0.7296
	 Step 820000, T=8.01892, cost function=92248.5, nestedness=0.962147, connectance=0.7296
	 Step 830000, T=8.09992, cost function=92088.4, nestedness=0.969268, connectance=0.7296
	 Step 840000, T=8.09992, cost function=92099.6, nestedness=0.972682, connectance=0.7296
	 Step 850000, T=8.01892, cost function=92227.5, nestedness=0.967848, connectance=0.7296
	 Step 860000, T=8.01892, cost function=92104.5, nestedness=0.975857, connectance=0.7296
	 Step 870000, T=8.01892, cost function=92058.8, nestedness=0.965655, connectance=0.7296
	 Step 880000, T=8.01892, cost function=92038.9, nestedness=0.971908, connectance=0.7296
	 Step 890000, T=8.01892, cost function=92198.2, nestedness=0.965474, connectance=0.7296
	 Step 900000, T=8.01892, cost function=92142, nestedness=0.967934, connectance=0.7296
	 Step 910000, T=8.01892, cost function=92001.4, nestedness=0.974315, connectance=0.7296
	 Step 920000, T=8.01892, cost function=92074.5, nestedness=0.971169, connectance=0.7296
	 Step 930000, T=8.09992, cost function=92149.1, nestedness=0.967367, connectance=0.7296
	 Step 940000, T=8.09992, cost function=92235.4, nestedness=0.964271, connectance=0.7296
	 Step 950000, T=8.09992, cost function=92142, nestedness=0.969539, connectance=0.7296
	 Step 960000, T=8.26438, cost function=92322.8, nestedness=0.965262, connectance=0.7296
	 Step 970000, T=8.09992, cost function=92268.4, nestedness=0.964088, connectance=0.7296
	 Step 980000, T=8.01892, cost function=92274.4, nestedness=0.96988, connectance=0.7296
	 Step 990000, T=8.01892, cost function=92238.4, nestedness=0.969763, connectance=0.7296
	 Step 1000000, T=8.01892, cost function=92076.4, nestedness=0.973683, connectance=0.7296
Created initial alpha guess with nestedness 0.744421
	 Step 0, T=4.95, cost function=122001, nestedness=0.744421, connectance=0.6816
	 Step 10000, T=9.70615, cost function=107083, nestedness=0.880545, connectance=0.6816
	 Step 20000, T=9.41787, cost function=107050, nestedness=0.882665, connectance=0.6816
	 Step 30000, T=9.41787, cost function=106752, nestedness=0.902562, connectance=0.6816
	 Step 40000, T=9.32369, cost function=106944, nestedness=0.903116, connectance=0.6816
	 Step 50000, T=9.32369, cost function=106951, nestedness=0.897188, connectance=0.6816
	 Step 60000, T=9.32369, cost function=106896, nestedness=0.889731, connectance=0.6816
	 Step 70000, T=9.32369, cost function=106824, nestedness=0.892832, connectance=0.6816
	 Step 80000, T=9.32369, cost function=106802, nestedness=0.904637, connectance=0.6816
	 Step 90000, T=9.41787, cost function=106998, nestedness=0.895313, connectance=0.6816
	 Step 100000, T=9.41787, cost function=107057, nestedness=0.887652, connectance=0.6816
	 Step 110000, T=9.32369, cost function=106914, nestedness=0.898034, connectance=0.6816
	 Step 120000, T=9.32369, cost function=106889, nestedness=0.903904, connectance=0.6816
	 Step 130000, T=9.41787, cost function=106729, nestedness=0.90403, connectance=0.6816
	 Step 140000, T=9.32369, cost function=106915, nestedness=0.898766, connectance=0.6816
	 Step 150000, T=9.32369, cost function=106788, nestedness=0.901076, connectance=0.6816
	 Step 160000, T=9.41787, cost function=106754, nestedness=0.906615, connectance=0.6816
	 Step 170000, T=9.41787, cost function=106588, nestedness=0.915383, connectance=0.6816
	 Step 180000, T=9.32369, cost function=106879, nestedness=0.902202, connectance=0.6816
	 Step 190000, T=9.32369, cost function=106766, nestedness=0.895558, connectance=0.6816
	 Step 200000, T=9.70615, cost function=106878, nestedness=0.89168, connectance=0.6816
	 Step 210000, T=9.32369, cost function=106829, nestedness=0.900716, connectance=0.6816
	 Step 220000, T=9.32369, cost function=106774, nestedness=0.895816, connectance=0.6816
	 Step 230000, T=9.41787, cost function=106774, nestedness=0.908892, connectance=0.6816
	 Step 240000, T=9.32369, cost function=106754, nestedness=0.904184, connectance=0.6816
	 Step 250000, T=9.41787, cost function=106944, nestedness=0.901317, connectance=0.6816
	 Step 260000, T=9.32369, cost function=107106, nestedness=0.892728, connectance=0.6816
	 Step 270000, T=9.32369, cost function=106974, nestedness=0.900487, connectance=0.6816
	 Step 280000, T=9.32369, cost function=106815, nestedness=0.903347, connectance=0.6816
	 Step 290000, T=9.41787, cost function=107025, nestedness=0.889588, connectance=0.6816
	 Step 300000, T=9.41787, cost function=106983, nestedness=0.90035, connectance=0.6816
	 Step 310000, T=9.32369, cost function=106946, nestedness=0.89568, connectance=0.6816
	 Step 320000, T=9.32369, cost function=106933, nestedness=0.893783, connectance=0.6816
	 Step 330000, T=9.41787, cost function=106892, nestedness=0.894347, connectance=0.6816
	 Step 340000, T=9.32369, cost function=107012, nestedness=0.877605, connectance=0.6816
	 Step 350000, T=9.32369, cost function=106882, nestedness=0.901323, connectance=0.6816
	 Step 360000, T=9.32369, cost function=106931, nestedness=0.896362, connectance=0.6816
	 Step 370000, T=9.41787, cost function=106789, nestedness=0.910174, connectance=0.6816
	 Step 380000, T=9.41787, cost function=106809, nestedness=0.898168, connectance=0.6816
	 Step 390000, T=9.32369, cost function=106737, nestedness=0.916036, connectance=0.6816
	 Step 400000, T=9.32369, cost function=106786, nestedness=0.891507, connectance=0.6816
	 Step 410000, T=9.32369, cost function=107004, nestedness=0.88693, connectance=0.6816
	 Step 420000, T=9.32369, cost function=106882, nestedness=0.896186, connectance=0.6816
	 Step 430000, T=9.32369, cost function=106791, nestedness=0.896031, connectance=0.6816
	 Step 440000, T=9.32369, cost function=107071, nestedness=0.893697, connectance=0.6816
	 Step 450000, T=9.60909, cost function=106808, nestedness=0.89776, connectance=0.6816
	 Step 460000, T=9.32369, cost function=107071, nestedness=0.894785, connectance=0.6816
	 Step 470000, T=9.41787, cost function=107144, nestedness=0.877071, connectance=0.6816
	 Step 480000, T=9.32369, cost function=107034, nestedness=0.891957, connectance=0.6816
	 Step 490000, T=9.41787, cost function=106986, nestedness=0.893126, connectance=0.6816
	 Step 500000, T=9.60909, cost function=106976, nestedness=0.898875, connectance=0.6816
	 Step 510000, T=9.41787, cost function=107099, nestedness=0.8865, connectance=0.6816
	 Step 520000, T=9.41787, cost function=106840, nestedness=0.89215, connectance=0.6816
	 Step 530000, T=9.32369, cost function=106819, nestedness=0.89529, connectance=0.6816
	 Step 540000, T=9.41787, cost function=106851, nestedness=0.895726, connectance=0.6816
	 Step 550000, T=9.32369, cost function=106925, nestedness=0.901196, connectance=0.6816
	 Step 560000, T=9.32369, cost function=106842, nestedness=0.902771, connectance=0.6816
	 Step 570000, T=9.41787, cost function=106948, nestedness=0.913771, connectance=0.6816
	 Step 580000, T=9.32369, cost function=107004, nestedness=0.903585, connectance=0.6816
	 Step 590000, T=9.32369, cost function=106782, nestedness=0.901167, connectance=0.6816
	 Step 600000, T=9.41787, cost function=106960, nestedness=0.894484, connectance=0.6816
	 Step 610000, T=9.32369, cost function=106894, nestedness=0.902024, connectance=0.6816
	 Step 620000, T=9.32369, cost function=106849, nestedness=0.904361, connectance=0.6816
	 Step 630000, T=9.32369, cost function=106934, nestedness=0.89496, connectance=0.6816
	 Step 640000, T=9.41787, cost function=107174, nestedness=0.881821, connectance=0.6816
	 Step 650000, T=9.32369, cost function=107093, nestedness=0.902957, connectance=0.6816
	 Step 660000, T=9.41787, cost function=106852, nestedness=0.896856, connectance=0.6816
	 Step 670000, T=9.32369, cost function=107004, nestedness=0.90003, connectance=0.6816
	 Step 680000, T=9.32369, cost function=106877, nestedness=0.898152, connectance=0.6816
	 Step 690000, T=9.32369, cost function=106758, nestedness=0.900805, connectance=0.6816
	 Step 700000, T=9.32369, cost function=107058, nestedness=0.885647, connectance=0.6816
	 Step 710000, T=9.41787, cost function=106943, nestedness=0.900903, connectance=0.6816
	 Step 720000, T=9.32369, cost function=106644, nestedness=0.912277, connectance=0.6816
	 Step 730000, T=9.41787, cost function=106816, nestedness=0.8926, connectance=0.6816
	 Step 740000, T=9.41787, cost function=106639, nestedness=0.910056, connectance=0.6816
	 Step 750000, T=9.32369, cost function=106818, nestedness=0.897622, connectance=0.6816
	 Step 760000, T=9.32369, cost function=107025, nestedness=0.890888, connectance=0.6816
	 Step 770000, T=9.41787, cost function=106940, nestedness=0.895228, connectance=0.6816
	 Step 780000, T=9.41787, cost function=106797, nestedness=0.902254, connectance=0.6816
	 Step 790000, T=9.41787, cost function=106831, nestedness=0.895035, connectance=0.6816
	 Step 800000, T=9.41787, cost function=106910, nestedness=0.898913, connectance=0.6816
	 Step 810000, T=9.41787, cost function=107092, nestedness=0.898037, connectance=0.6816
	 Step 820000, T=9.41787, cost function=106929, nestedness=0.898653, connectance=0.6816
	 Step 830000, T=9.32369, cost function=107021, nestedness=0.887859, connectance=0.6816
	 Step 840000, T=9.41787, cost function=107081, nestedness=0.887736, connectance=0.6816
	 Step 850000, T=9.32369, cost function=107014, nestedness=0.89061, connectance=0.6816
	 Step 860000, T=9.41787, cost function=106905, nestedness=0.891586, connectance=0.6816
	 Step 870000, T=9.32369, cost function=106708, nestedness=0.904692, connectance=0.6816
	 Step 880000, T=9.32369, cost function=106996, nestedness=0.895651, connectance=0.6816
	 Step 890000, T=9.32369, cost function=106881, nestedness=0.905139, connectance=0.6816
	 Step 900000, T=9.32369, cost function=106982, nestedness=0.886659, connectance=0.6816
	 Step 910000, T=9.41787, cost function=107099, nestedness=0.887342, connectance=0.6816
	 Step 920000, T=9.41787, cost function=107082, nestedness=0.890139, connectance=0.6816
	 Step 930000, T=9.41787, cost function=106871, nestedness=0.907615, connectance=0.6816
	 Step 940000, T=9.41787, cost function=106934, nestedness=0.896893, connectance=0.6816
	 Step 950000, T=9.32369, cost function=107168, nestedness=0.892663, connectance=0.6816
	 Step 960000, T=9.41787, cost function=106708, nestedness=0.908679, connectance=0.6816
	 Step 970000, T=9.32369, cost function=106995, nestedness=0.8889, connectance=0.6816
	 Step 980000, T=9.41787, cost function=106432, nestedness=0.922661, connectance=0.6816
	 Step 990000, T=9.60909, cost function=106653, nestedness=0.914744, connectance=0.6816
	 Step 1000000, T=9.32369, cost function=106950, nestedness=0.904891, connectance=0.6816
Created initial alpha guess with nestedness 0.640427
	 Step 0, T=4.95, cost function=125349, nestedness=0.640427, connectance=0.5856
	 Step 10000, T=10.2064, cost function=117154, nestedness=0.794271, connectance=0.5856
	 Step 20000, T=10.3095, cost function=116820, nestedness=0.792197, connectance=0.5856
	 Step 30000, T=10.2064, cost function=116788, nestedness=0.801324, connectance=0.5856
	 Step 40000, T=10.2064, cost function=116862, nestedness=0.805503, connectance=0.5856
	 Step 50000, T=10.2064, cost function=116726, nestedness=0.804704, connectance=0.5856
	 Step 60000, T=10.3095, cost function=116904, nestedness=0.794512, connectance=0.5856
	 Step 70000, T=10.2064, cost function=117078, nestedness=0.783667, connectance=0.5856
	 Step 80000, T=10.3095, cost function=116782, nestedness=0.795441, connectance=0.5856
	 Step 90000, T=10.2064, cost function=117032, nestedness=0.79686, connectance=0.5856
	 Step 100000, T=10.3095, cost function=117064, nestedness=0.798921, connectance=0.5856
	 Step 110000, T=10.3095, cost function=116932, nestedness=0.807732, connectance=0.5856
	 Step 120000, T=10.2064, cost function=116717, nestedness=0.801578, connectance=0.5856
	 Step 130000, T=10.3095, cost function=116829, nestedness=0.792807, connectance=0.5856
	 Step 140000, T=10.3095, cost function=116918, nestedness=0.811615, connectance=0.5856
	 Step 150000, T=10.2064, cost function=117073, nestedness=0.791729, connectance=0.5856
	 Step 160000, T=10.2064, cost function=117054, nestedness=0.788386, connectance=0.5856
	 Step 170000, T=10.2064, cost function=116811, nestedness=0.806627, connectance=0.5856
	 Step 180000, T=10.2064, cost function=117021, nestedness=0.790684, connectance=0.5856
	 Step 190000, T=10.2064, cost function=117008, nestedness=0.790915, connectance=0.5856
	 Step 200000, T=10.3095, cost function=117078, nestedness=0.793789, connectance=0.5856
	 Step 210000, T=10.2064, cost function=116835, nestedness=0.806089, connectance=0.5856
	 Step 220000, T=10.3095, cost function=117064, nestedness=0.795165, connectance=0.5856
	 Step 230000, T=10.2064, cost function=116951, nestedness=0.791734, connectance=0.5856
	 Step 240000, T=10.2064, cost function=116848, nestedness=0.797559, connectance=0.5856
	 Step 250000, T=10.2064, cost function=117065, nestedness=0.791509, connectance=0.5856
	 Step 260000, T=10.2064, cost function=116661, nestedness=0.811334, connectance=0.5856
	 Step 270000, T=10.2064, cost function=116989, nestedness=0.786233, connectance=0.5856
	 Step 280000, T=10.2064, cost function=117010, nestedness=0.80155, connectance=0.5856
	 Step 290000, T=10.2064, cost function=117092, nestedness=0.799063, connectance=0.5856
	 Step 300000, T=10.3095, cost function=116782, nestedness=0.804429, connectance=0.5856
	 Step 310000, T=10.2064, cost function=117008, nestedness=0.787064, connectance=0.5856
	 Step 320000, T=10.3095, cost function=117087, nestedness=0.795656, connectance=0.5856
	 Step 330000, T=10.3095, cost function=117017, nestedness=0.792627, connectance=0.5856
	 Step 340000, T=10.2064, cost function=117008, nestedness=0.785063, connectance=0.5856
	 Step 350000, T=10.2064, cost function=117148, nestedness=0.796708, connectance=0.5856
	 Step 360000, T=10.2064, cost function=116946, nestedness=0.791485, connectance=0.5856
	 Step 370000, T=10.2064, cost function=116839, nestedness=0.801757, connectance=0.5856
	 Step 380000, T=10.2064, cost function=116951, nestedness=0.79504, connectance=0.5856
	 Step 390000, T=10.2064, cost function=116916, nestedness=0.787118, connectance=0.5856
	 Step 400000, T=10.2064, cost function=116824, nestedness=0.795376, connectance=0.5856
	 Step 410000, T=10.3095, cost function=117092, nestedness=0.77447, connectance=0.5856
	 Step 420000, T=10.2064, cost function=117101, nestedness=0.79193, connectance=0.5856
	 Step 430000, T=10.2064, cost function=116923, nestedness=0.800217, connectance=0.5856
	 Step 440000, T=10.2064, cost function=116815, nestedness=0.808227, connectance=0.5856
	 Step 450000, T=10.3095, cost function=116764, nestedness=0.812481, connectance=0.5856
	 Step 460000, T=10.3095, cost function=117081, nestedness=0.788347, connectance=0.5856
	 Step 470000, T=10.2064, cost function=117017, nestedness=0.785459, connectance=0.5856
	 Step 480000, T=10.3095, cost function=116860, nestedness=0.808889, connectance=0.5856
	 Step 490000, T=10.2064, cost function=116946, nestedness=0.795186, connectance=0.5856
	 Step 500000, T=10.2064, cost function=117308, nestedness=0.798793, connectance=0.5856
	 Step 510000, T=10.3095, cost function=117111, nestedness=0.788898, connectance=0.5856
	 Step 520000, T=10.2064, cost function=116689, nestedness=0.806605, connectance=0.5856
	 Step 530000, T=10.3095, cost function=117036, nestedness=0.788467, connectance=0.5856
	 Step 540000, T=10.2064, cost function=117008, nestedness=0.780479, connectance=0.5856
	 Step 550000, T=10.2064, cost function=117148, nestedness=0.779605, connectance=0.5856
	 Step 560000, T=10.3095, cost function=116954, nestedness=0.800984, connectance=0.5856
	 Step 570000, T=10.3095, cost function=116876, nestedness=0.797563, connectance=0.5856
	 Step 580000, T=10.2064, cost function=116886, nestedness=0.797657, connectance=0.5856
	 Step 590000, T=10.2064, cost function=116759, nestedness=0.806027, connectance=0.5856
	 Step 600000, T=10.2064, cost function=116651, nestedness=0.816104, connectance=0.5856
	 Step 610000, T=10.2064, cost function=116854, nestedness=0.813492, connectance=0.5856
	 Step 620000, T=10.2064, cost function=116843, nestedness=0.8026, connectance=0.5856
	 Step 630000, T=10.2064, cost function=116889, nestedness=0.792761, connectance=0.5856
	 Step 640000, T=10.3095, cost function=116961, nestedness=0.793562, connectance=0.5856
	 Step 650000, T=10.2064, cost function=116867, nestedness=0.803485, connectance=0.5856
	 Step 660000, T=10.2064, cost function=116904, nestedness=0.806202, connectance=0.5856
	 Step 670000, T=10.3095, cost function=117073, nestedness=0.793193, connectance=0.5856
	 Step 680000, T=10.2064, cost function=117251, nestedness=0.77901, connectance=0.5856
	 Step 690000, T=10.2064, cost function=117309, nestedness=0.782772, connectance=0.5856
	 Step 700000, T=10.2064, cost function=117195, nestedness=0.783715, connectance=0.5856
	 Step 710000, T=10.3095, cost function=117364, nestedness=0.770107, connectance=0.5856
	 Step 720000, T=10.3095, cost function=116942, nestedness=0.795929, connectance=0.5856
	 Step 730000, T=10.3095, cost function=117017, nestedness=0.787152, connectance=0.5856
	 Step 740000, T=10.3095, cost function=116860, nestedness=0.79982, connectance=0.5856
	 Step 750000, T=10.3095, cost function=117143, nestedness=0.79336, connectance=0.5856
	 Step 760000, T=10.2064, cost function=116989, nestedness=0.790418, connectance=0.5856
	 Step 770000, T=10.3095, cost function=116745, nestedness=0.809527, connectance=0.5856
	 Step 780000, T=10.2064, cost function=117054, nestedness=0.795864, connectance=0.5856
	 Step 790000, T=10.2064, cost function=117067, nestedness=0.805047, connectance=0.5856
	 Step 800000, T=10.2064, cost function=116820, nestedness=0.794111, connectance=0.5856
	 Step 810000, T=10.2064, cost function=116886, nestedness=0.802896, connectance=0.5856
	 Step 820000, T=10.2064, cost function=116961, nestedness=0.788332, connectance=0.5856
	 Step 830000, T=10.2064, cost function=117054, nestedness=0.80088, connectance=0.5856
	 Step 840000, T=10.3095, cost function=117129, nestedness=0.783847, connectance=0.5856
	 Step 850000, T=10.2064, cost function=117087, nestedness=0.779587, connectance=0.5856
	 Step 860000, T=10.3095, cost function=116944, nestedness=0.798383, connectance=0.5856
	 Step 870000, T=10.2064, cost function=116976, nestedness=0.79475, connectance=0.5856
	 Step 880000, T=10.2064, cost function=117008, nestedness=0.79301, connectance=0.5856
	 Step 890000, T=10.3095, cost function=116801, nestedness=0.795864, connectance=0.5856
	 Step 900000, T=10.3095, cost function=117111, nestedness=0.786871, connectance=0.5856
	 Step 910000, T=10.2064, cost function=116932, nestedness=0.791469, connectance=0.5856
	 Step 920000, T=10.2064, cost function=117120, nestedness=0.791593, connectance=0.5856
	 Step 930000, T=10.2064, cost function=117101, nestedness=0.781282, connectance=0.5856
	 Step 940000, T=10.2064, cost function=116829, nestedness=0.798934, connectance=0.5856
	 Step 950000, T=10.2064, cost function=117045, nestedness=0.799903, connectance=0.5856
	 Step 960000, T=10.2064, cost function=116970, nestedness=0.799587, connectance=0.5856
	 Step 970000, T=10.3095, cost function=116848, nestedness=0.809454, connectance=0.5856
	 Step 980000, T=10.2064, cost function=117167, nestedness=0.79371, connectance=0.5856
	 Step 990000, T=10.3095, cost function=116858, nestedness=0.799074, connectance=0.5856
	 Step 1000000, T=10.2064, cost function=116958, nestedness=0.793847, connectance=0.5856
Created initial alpha guess with nestedness 0.824773
	 Step 0, T=4.95, cost function=95596.9, nestedness=0.824773, connectance=0.7792
	 Step 10000, T=7.62591, cost function=67891.1, nestedness=0.961477, connectance=0.7792
	 Step 20000, T=6.89674, cost function=65976.8, nestedness=0.985557, connectance=0.7792
	 Step 30000, T=6.23729, cost function=65627.6, nestedness=0.988554, connectance=0.7792
	 Step 40000, T=5.75542, cost function=65512.9, nestedness=0.991895, connectance=0.7792
	 Step 50000, T=5.75542, cost function=65427.4, nestedness=0.995094, connectance=0.7792
	 Step 60000, T=5.75542, cost function=65413.9, nestedness=0.995987, connectance=0.7792
	 Step 70000, T=5.75542, cost function=65412, nestedness=0.995308, connectance=0.7792
	 Step 80000, T=5.75542, cost function=65415, nestedness=0.996414, connectance=0.7792
	 Step 90000, T=5.75542, cost function=65407.5, nestedness=0.993614, connectance=0.7792
	 Step 100000, T=5.99151, cost function=65413.5, nestedness=0.993614, connectance=0.7792
	 Step 110000, T=5.75542, cost function=65421, nestedness=0.991925, connectance=0.7792
	 Step 120000, T=6.05203, cost function=65413.5, nestedness=0.9948, connectance=0.7792
	 Step 130000, T=5.69787, cost function=65386.5, nestedness=0.994002, connectance=0.7792
	 Step 140000, T=5.69787, cost function=65419.5, nestedness=0.993115, connectance=0.7792
	 Step 150000, T=5.87228, cost function=65436, nestedness=0.993103, connectance=0.7792
	 Step 160000, T=5.87228, cost function=65425.5, nestedness=0.995564, connectance=0.7792
	 Step 170000, T=5.75542, cost function=65448, nestedness=0.995176, connectance=0.7792
	 Step 180000, T=5.99151, cost function=65419.9, nestedness=0.995263, connectance=0.7792
	 Step 190000, T=5.75542, cost function=65440.9, nestedness=0.995478, connectance=0.7792
	 Step 200000, T=5.75542, cost function=65440.9, nestedness=0.993526, connectance=0.7792
	 Step 210000, T=5.75542, cost function=65361, nestedness=0.996296, connectance=0.7792
	 Step 220000, T=5.69787, cost function=65367, nestedness=0.995146, connectance=0.7792
	 Step 230000, T=5.69787, cost function=65413.5, nestedness=0.993959, connectance=0.7792
	 Step 240000, T=5.69787, cost function=65371.5, nestedness=0.993752, connectance=0.7792
	 Step 250000, T=5.75542, cost function=65374.5, nestedness=0.993752, connectance=0.7792
	 Step 260000, T=5.75542, cost function=65397, nestedness=0.993242, connectance=0.7792
	 Step 270000, T=5.87228, cost function=65386.5, nestedness=0.996291, connectance=0.7792
	 Step 280000, T=5.75542, cost function=65407.5, nestedness=0.993752, connectance=0.7792
	 Step 290000, T=5.75542, cost function=65350.5, nestedness=0.997655, connectance=0.7792
	 Step 300000, T=5.87228, cost function=65368.5, nestedness=0.995828, connectance=0.7792
	 Step 310000, T=5.75542, cost function=65410.5, nestedness=0.993242, connectance=0.7792
	 Step 320000, T=5.75542, cost function=65434.9, nestedness=0.995137, connectance=0.7792
	 Step 330000, T=5.75542, cost function=65431.9, nestedness=0.994544, connectance=0.7792
	 Step 340000, T=5.75542, cost function=65413.9, nestedness=0.993362, connectance=0.7792
	 Step 350000, T=5.99151, cost function=65436.4, nestedness=0.994544, connectance=0.7792
	 Step 360000, T=5.87228, cost function=65391, nestedness=0.995867, connectance=0.7792
	 Step 370000, T=5.75542, cost function=65380.5, nestedness=0.993752, connectance=0.7792
	 Step 380000, T=5.75542, cost function=65395.5, nestedness=0.995146, connectance=0.7792
	 Step 390000, T=5.75542, cost function=65385, nestedness=0.994934, connectance=0.7792
	 Step 400000, T=5.87228, cost function=65365.5, nestedness=0.995023, connectance=0.7792
	 Step 410000, T=5.87228, cost function=65394, nestedness=0.994806, connectance=0.7792
	 Step 420000, T=5.75542, cost function=65388, nestedness=0.995867, connectance=0.7792
	 Step 430000, T=5.87228, cost function=65391, nestedness=0.994934, connectance=0.7792
	 Step 440000, T=5.87228, cost function=65391, nestedness=0.994934, connectance=0.7792
	 Step 450000, T=5.75542, cost function=65382, nestedness=0.996291, connectance=0.7792
	 Step 460000, T=5.87228, cost function=65389.5, nestedness=0.994342, connectance=0.7792
	 Step 470000, T=5.87228, cost function=65373, nestedness=0.995444, connectance=0.7792
	 Step 480000, T=5.75542, cost function=65416.5, nestedness=0.992555, connectance=0.7792
	 Step 490000, T=5.87228, cost function=65434.9, nestedness=0.994034, connectance=0.7792
	 Step 500000, T=5.75542, cost function=65355, nestedness=0.996296, connectance=0.7792
	 Step 510000, T=5.75542, cost function=65362.5, nestedness=0.996549, connectance=0.7792
	 Step 520000, T=5.75542, cost function=65382, nestedness=0.994806, connectance=0.7792
	 Step 530000, T=5.81356, cost function=65382, nestedness=0.995526, connectance=0.7792
	 Step 540000, T=5.81356, cost function=65373, nestedness=0.996928, connectance=0.7792
	 Step 550000, T=5.69787, cost function=65398.5, nestedness=0.997056, connectance=0.7792
	 Step 560000, T=5.69787, cost function=65383.5, nestedness=0.995828, connectance=0.7792
	 Step 570000, T=5.75542, cost function=65382, nestedness=0.993752, connectance=0.7792
	 Step 580000, T=5.75542, cost function=65442.4, nestedness=0.993772, connectance=0.7792
	 Step 590000, T=5.75542, cost function=65473.9, nestedness=0.994873, connectance=0.7792
	 Step 600000, T=5.75542, cost function=65431.5, nestedness=0.995137, connectance=0.7792
	 Step 610000, T=5.75542, cost function=65434.9, nestedness=0.995731, connectance=0.7792
	 Step 620000, T=5.75542, cost function=65418, nestedness=0.995308, connectance=0.7792
	 Step 630000, T=5.75542, cost function=65436, nestedness=0.993697, connectance=0.7792
	 Step 640000, T=5.75542, cost function=65422.5, nestedness=0.995817, connectance=0.7792
	 Step 650000, T=5.75542, cost function=65407.5, nestedness=0.9948, connectance=0.7792
	 Step 660000, T=5.75542, cost function=65418, nestedness=0.992767, connectance=0.7792
	 Step 670000, T=5.75542, cost function=65394, nestedness=0.995146, connectance=0.7792
	 Step 680000, T=5.75542, cost function=65344.5, nestedness=0.996044, connectance=0.7792
	 Step 690000, T=5.75542, cost function=65362.5, nestedness=0.995491, connectance=0.7792
	 Step 700000, T=5.75542, cost function=65392.5, nestedness=0.997183, connectance=0.7792
	 Step 710000, T=5.75542, cost function=65413.9, nestedness=0.996157, connectance=0.7792
	 Step 720000, T=5.75542, cost function=65485.9, nestedness=0.993822, connectance=0.7792
	 Step 730000, T=5.69787, cost function=65428.5, nestedness=0.9923, connectance=0.7792
	 Step 740000, T=5.69787, cost function=65439.4, nestedness=0.993691, connectance=0.7792
	 Step 750000, T=5.81356, cost function=65379, nestedness=0.992782, connectance=0.7792
	 Step 760000, T=5.69787, cost function=65416.5, nestedness=0.995817, connectance=0.7792
	 Step 770000, T=5.75542, cost function=65451.4, nestedness=0.992124, connectance=0.7792
	 Step 780000, T=5.75542, cost function=65410.5, nestedness=0.993614, connectance=0.7792
	 Step 790000, T=5.75542, cost function=65379.4, nestedness=0.994087, connectance=0.7792
	 Step 800000, T=5.75542, cost function=65433.4, nestedness=0.994333, connectance=0.7792
	 Step 810000, T=5.75542, cost function=65403, nestedness=0.99269, connectance=0.7792
	 Step 820000, T=5.87228, cost function=65421.8, nestedness=0.996971, connectance=0.7792
	 Step 830000, T=5.81356, cost function=65406, nestedness=0.995141, connectance=0.7792
	 Step 840000, T=5.69787, cost function=65435.2, nestedness=0.996327, connectance=0.7792
	 Step 850000, T=5.69787, cost function=65391, nestedness=0.994333, connectance=0.7792
	 Step 860000, T=5.69787, cost function=65431.5, nestedness=0.991754, connectance=0.7792
	 Step 870000, T=5.69787, cost function=65442.4, nestedness=0.99594, connectance=0.7792
	 Step 880000, T=5.69787, cost function=65410.9, nestedness=0.995826, connectance=0.7792
	 Step 890000, T=5.69787, cost function=65410.9, nestedness=0.99172, connectance=0.7792
	 Step 900000, T=5.69787, cost function=65380.5, nestedness=0.995781, connectance=0.7792
	 Step 910000, T=5.81356, cost function=65382, nestedness=0.995828, connectance=0.7792
	 Step 920000, T=5.69787, cost function=65380.5, nestedness=0.995781, connectance=0.7792
	 Step 930000, T=5.69787, cost function=65364, nestedness=0.995444, connectance=0.7792
	 Step 940000, T=5.69787, cost function=65389.5, nestedness=0.996674, connectance=0.7792
	 Step 950000, T=5.69787, cost function=65437.9, nestedness=0.995308, connectance=0.7792
	 Step 960000, T=5.69787, cost function=65371.5, nestedness=0.995529, connectance=0.7792
	 Step 970000, T=5.69787, cost function=65356.5, nestedness=0.997057, connectance=0.7792
	 Step 980000, T=5.69787, cost function=65406, nestedness=0.996208, connectance=0.7792
	 Step 990000, T=5.81356, cost function=65412, nestedness=0.994333, connectance=0.7792
	 Step 1000000, T=5.69787, cost function=65433, nestedness=0.995905, connectance=0.7792
Created initial alpha guess with nestedness 0.758574
	 Step 0, T=4.95, cost function=109468, nestedness=0.758574, connectance=0.7056
	 Step 10000, T=8.69029, cost function=78519, nestedness=0.936795, connectance=0.7056
	 Step 20000, T=7.85934, cost function=76477.1, nestedness=0.967859, connectance=0.7056
	 Step 30000, T=7.10785, cost function=76337.6, nestedness=0.979175, connectance=0.7056
	 Step 40000, T=6.6919, cost function=76127.2, nestedness=0.974661, connectance=0.7056
	 Step 50000, T=6.6919, cost function=76087.1, nestedness=0.976847, connectance=0.7056
	 Step 60000, T=6.6919, cost function=76113.4, nestedness=0.97701, connectance=0.7056
	 Step 70000, T=6.62498, cost function=76035.8, nestedness=0.980356, connectance=0.7056
	 Step 80000, T=6.62498, cost function=76038, nestedness=0.98162, connectance=0.7056
	 Step 90000, T=6.89674, cost function=76077.4, nestedness=0.983736, connectance=0.7056
	 Step 100000, T=6.62498, cost function=76086.8, nestedness=0.977488, connectance=0.7056
	 Step 110000, T=6.62498, cost function=76060.5, nestedness=0.976187, connectance=0.7056
	 Step 120000, T=6.62498, cost function=76027.9, nestedness=0.982637, connectance=0.7056
	 Step 130000, T=6.62498, cost function=76097.6, nestedness=0.97478, connectance=0.7056
	 Step 140000, T=6.62498, cost function=76147.9, nestedness=0.979252, connectance=0.7056
	 Step 150000, T=6.89674, cost function=76182.4, nestedness=0.978483, connectance=0.7056
	 Step 160000, T=6.62498, cost function=76067.6, nestedness=0.977003, connectance=0.7056
	 Step 170000, T=6.62498, cost function=76093.1, nestedness=0.982573, connectance=0.7056
	 Step 180000, T=6.62498, cost function=76087.5, nestedness=0.974613, connectance=0.7056
	 Step 190000, T=6.62498, cost function=76163.6, nestedness=0.979258, connectance=0.7056
	 Step 200000, T=6.82777, cost function=76089.4, nestedness=0.981037, connectance=0.7056
	 Step 210000, T=6.6919, cost function=76144.1, nestedness=0.980626, connectance=0.7056
	 Step 220000, T=6.62498, cost function=76089, nestedness=0.975083, connectance=0.7056
	 Step 230000, T=6.62498, cost function=76172.6, nestedness=0.974821, connectance=0.7056
	 Step 240000, T=6.75949, cost function=76101, nestedness=0.979956, connectance=0.7056
	 Step 250000, T=6.62498, cost function=76069.5, nestedness=0.977068, connectance=0.7056
	 Step 260000, T=6.75949, cost function=76077.8, nestedness=0.982558, connectance=0.7056
	 Step 270000, T=6.75949, cost function=76202.2, nestedness=0.977624, connectance=0.7056
	 Step 280000, T=6.75949, cost function=76211.2, nestedness=0.977036, connectance=0.7056
	 Step 290000, T=6.62498, cost function=76140, nestedness=0.977957, connectance=0.7056
	 Step 300000, T=6.62498, cost function=76120.9, nestedness=0.975731, connectance=0.7056
	 Step 310000, T=6.75949, cost function=76117.1, nestedness=0.978567, connectance=0.7056
	 Step 320000, T=6.75949, cost function=76059.4, nestedness=0.984017, connectance=0.7056
	 Step 330000, T=7.03677, cost function=76072.5, nestedness=0.981022, connectance=0.7056
	 Step 340000, T=6.62498, cost function=76134.4, nestedness=0.97836, connectance=0.7056
	 Step 350000, T=6.62498, cost function=76086.4, nestedness=0.980781, connectance=0.7056
	 Step 360000, T=6.75949, cost function=76090.9, nestedness=0.97852, connectance=0.7056
	 Step 370000, T=6.89674, cost function=76096.5, nestedness=0.977542, connectance=0.7056
	 Step 380000, T=6.62498, cost function=76100.6, nestedness=0.977022, connectance=0.7056
	 Step 390000, T=6.62498, cost function=76188, nestedness=0.975243, connectance=0.7056
	 Step 400000, T=6.89674, cost function=76091.6, nestedness=0.976923, connectance=0.7056
	 Step 410000, T=6.62498, cost function=76059, nestedness=0.977402, connectance=0.7056
	 Step 420000, T=6.62498, cost function=76087.5, nestedness=0.97852, connectance=0.7056
	 Step 430000, T=6.62498, cost function=76106.6, nestedness=0.978196, connectance=0.7056
	 Step 440000, T=6.89674, cost function=76087.9, nestedness=0.981346, connectance=0.7056
	 Step 450000, T=6.62498, cost function=76146.4, nestedness=0.971387, connectance=0.7056
	 Step 460000, T=6.75949, cost function=76129.5, nestedness=0.982075, connectance=0.7056
	 Step 470000, T=6.62498, cost function=76065.4, nestedness=0.981202, connectance=0.7056
	 Step 480000, T=7.03677, cost function=76104.8, nestedness=0.977447, connectance=0.7056
	 Step 490000, T=6.62498, cost function=76072.5, nestedness=0.976467, connectance=0.7056
	 Step 500000, T=6.62498, cost function=76080, nestedness=0.97735, connectance=0.7056
	 Step 510000, T=6.89674, cost function=76079.2, nestedness=0.978862, connectance=0.7056
	 Step 520000, T=6.89674, cost function=76119, nestedness=0.980139, connectance=0.7056
	 Step 530000, T=6.62498, cost function=76092.4, nestedness=0.979683, connectance=0.7056
	 Step 540000, T=6.62498, cost function=76111.9, nestedness=0.978125, connectance=0.7056
	 Step 550000, T=6.75949, cost function=76080.8, nestedness=0.982457, connectance=0.7056
	 Step 560000, T=6.75949, cost function=76065.4, nestedness=0.981764, connectance=0.7056
	 Step 570000, T=6.75949, cost function=76185, nestedness=0.979415, connectance=0.7056
	 Step 580000, T=6.62498, cost function=76131.4, nestedness=0.974765, connectance=0.7056
	 Step 590000, T=6.62498, cost function=76059, nestedness=0.980887, connectance=0.7056
	 Step 600000, T=6.62498, cost function=76124.2, nestedness=0.977299, connectance=0.7056
	 Step 610000, T=6.62498, cost function=76096.5, nestedness=0.980868, connectance=0.7056
	 Step 620000, T=6.62498, cost function=76060.9, nestedness=0.976358, connectance=0.7056
	 Step 630000, T=6.62498, cost function=76069.5, nestedness=0.982388, connectance=0.7056
	 Step 640000, T=6.62498, cost function=76104.4, nestedness=0.977919, connectance=0.7056
	 Step 650000, T=6.62498, cost function=76150.9, nestedness=0.974146, connectance=0.7056
	 Step 660000, T=6.62498, cost function=76059.4, nestedness=0.981813, connectance=0.7056
	 Step 670000, T=6.9664, cost function=76152.4, nestedness=0.979001, connectance=0.7056
	 Step 680000, T=7.25217, cost function=76086.8, nestedness=0.980773, connectance=0.7056
	 Step 690000, T=6.6919, cost function=76090.5, nestedness=0.982857, connectance=0.7056
	 Step 700000, T=6.6919, cost function=76146, nestedness=0.976937, connectance=0.7056
	 Step 710000, T=6.62498, cost function=76120.9, nestedness=0.977153, connectance=0.7056
	 Step 720000, T=6.62498, cost function=76110.4, nestedness=0.976609, connectance=0.7056
	 Step 730000, T=6.62498, cost function=76207.5, nestedness=0.973337, connectance=0.7056
	 Step 740000, T=6.6919, cost function=76114.1, nestedness=0.976648, connectance=0.7056
	 Step 750000, T=6.82777, cost function=76110, nestedness=0.979179, connectance=0.7056
	 Step 760000, T=6.6919, cost function=76092.4, nestedness=0.980821, connectance=0.7056
	 Step 770000, T=6.82777, cost function=76087.1, nestedness=0.982116, connectance=0.7056
	 Step 780000, T=6.6919, cost function=76184.2, nestedness=0.973794, connectance=0.7056
	 Step 790000, T=6.6919, cost function=76066.9, nestedness=0.979472, connectance=0.7056
	 Step 800000, T=6.6919, cost function=76136.6, nestedness=0.972846, connectance=0.7056
	 Step 810000, T=6.82777, cost function=76052.2, nestedness=0.984571, connectance=0.7056
	 Step 820000, T=6.82777, cost function=76093.9, nestedness=0.979192, connectance=0.7056
	 Step 830000, T=6.6919, cost function=76090.9, nestedness=0.979022, connectance=0.7056
	 Step 840000, T=6.82777, cost function=76046.6, nestedness=0.980866, connectance=0.7056
	 Step 850000, T=6.6919, cost function=76084.5, nestedness=0.981493, connectance=0.7056
	 Step 860000, T=6.6919, cost function=76103.6, nestedness=0.975073, connectance=0.7056
	 Step 870000, T=6.6919, cost function=76103.2, nestedness=0.9831, connectance=0.7056
	 Step 880000, T=6.82777, cost function=76080, nestedness=0.979484, connectance=0.7056
	 Step 890000, T=6.6919, cost function=76053, nestedness=0.981354, connectance=0.7056
	 Step 900000, T=6.9664, cost function=76128, nestedness=0.976473, connectance=0.7056
	 Step 910000, T=6.6919, cost function=76075.1, nestedness=0.979412, connectance=0.7056
	 Step 920000, T=6.9664, cost function=76065.4, nestedness=0.983454, connectance=0.7056
	 Step 930000, T=6.6919, cost function=76095, nestedness=0.979117, connectance=0.7056
	 Step 940000, T=6.82777, cost function=76033.5, nestedness=0.981138, connectance=0.7056
	 Step 950000, T=6.6919, cost function=76082.6, nestedness=0.979081, connectance=0.7056
	 Step 960000, T=6.9664, cost function=76070.2, nestedness=0.976116, connectance=0.7056
	 Step 970000, T=6.6919, cost function=76145.6, nestedness=0.971303, connectance=0.7056
	 Step 980000, T=6.6919, cost function=76102.5, nestedness=0.971481, connectance=0.7056
	 Step 990000, T=6.75949, cost function=76065, nestedness=0.975433, connectance=0.7056
	 Step 1000000, T=6.62498, cost function=76056, nestedness=0.984032, connectance=0.7056
Created initial alpha guess with nestedness 0.741332
	 Step 0, T=4.95, cost function=128433, nestedness=0.741332, connectance=0.692
	 Step 10000, T=10.2064, cost function=97385.6, nestedness=0.936988, connectance=0.692
	 Step 20000, T=9.23046, cost function=96402.8, nestedness=0.96252, connectance=0.692
	 Step 30000, T=8.34786, cost function=95839.1, nestedness=0.977452, connectance=0.692
	 Step 40000, T=8.43218, cost function=95974.5, nestedness=0.969096, connectance=0.692
	 Step 50000, T=8.60339, cost function=95989.1, nestedness=0.963505, connectance=0.692
	 Step 60000, T=8.43218, cost function=95892.4, nestedness=0.973671, connectance=0.692
	 Step 70000, T=8.43218, cost function=95973.8, nestedness=0.973858, connectance=0.692
	 Step 80000, T=8.43218, cost function=96043.5, nestedness=0.974548, connectance=0.692
	 Step 90000, T=8.60339, cost function=95692.5, nestedness=0.97783, connectance=0.692
	 Step 100000, T=8.43218, cost function=95814.8, nestedness=0.97824, connectance=0.692
	 Step 110000, T=8.60339, cost function=95691.4, nestedness=0.977357, connectance=0.692
	 Step 120000, T=8.60339, cost function=95792.2, nestedness=0.972708, connectance=0.692
	 Step 130000, T=8.43218, cost function=95718.4, nestedness=0.973872, connectance=0.692
	 Step 140000, T=8.60339, cost function=95595.4, nestedness=0.986094, connectance=0.692
	 Step 150000, T=8.34786, cost function=95623.1, nestedness=0.983957, connectance=0.692
	 Step 160000, T=8.34786, cost function=95657.6, nestedness=0.9784, connectance=0.692
	 Step 170000, T=8.34786, cost function=95608.1, nestedness=0.980833, connectance=0.692
	 Step 180000, T=8.51735, cost function=95653.1, nestedness=0.983326, connectance=0.692
	 Step 190000, T=8.34786, cost function=95658.4, nestedness=0.981134, connectance=0.692
	 Step 200000, T=8.34786, cost function=95546.2, nestedness=0.980257, connectance=0.692
	 Step 210000, T=8.51735, cost function=95803.1, nestedness=0.974945, connectance=0.692
	 Step 220000, T=8.34786, cost function=95765.6, nestedness=0.982543, connectance=0.692
	 Step 230000, T=8.34786, cost function=95804.2, nestedness=0.97398, connectance=0.692
	 Step 240000, T=8.34786, cost function=95718, nestedness=0.980039, connectance=0.692
	 Step 250000, T=8.34786, cost function=95731.9, nestedness=0.982653, connectance=0.692
	 Step 260000, T=8.34786, cost function=95700, nestedness=0.983221, connectance=0.692
	 Step 270000, T=8.43218, cost function=95701.1, nestedness=0.982791, connectance=0.692
	 Step 280000, T=8.43218, cost function=95596.5, nestedness=0.984561, connectance=0.692
	 Step 290000, T=8.43218, cost function=95702.6, nestedness=0.979479, connectance=0.692
	 Step 300000, T=8.60339, cost function=96009.4, nestedness=0.973424, connectance=0.692
	 Step 310000, T=8.43218, cost function=95824.5, nestedness=0.972762, connectance=0.692
	 Step 320000, T=8.51735, cost function=95894.6, nestedness=0.973904, connectance=0.692
	 Step 330000, T=8.34786, cost function=95859.8, nestedness=0.973517, connectance=0.692
	 Step 340000, T=8.34786, cost function=95875.1, nestedness=0.978798, connectance=0.692
	 Step 350000, T=8.34786, cost function=95811.8, nestedness=0.976103, connectance=0.692
	 Step 360000, T=8.34786, cost function=95827.9, nestedness=0.97691, connectance=0.692
	 Step 370000, T=8.34786, cost function=95912.6, nestedness=0.977467, connectance=0.692
	 Step 380000, T=8.51735, cost function=95908.5, nestedness=0.971659, connectance=0.692
	 Step 390000, T=8.34786, cost function=95879.6, nestedness=0.971654, connectance=0.692
	 Step 400000, T=8.51735, cost function=95751, nestedness=0.984861, connectance=0.692
	 Step 410000, T=8.34786, cost function=95778.8, nestedness=0.974409, connectance=0.692
	 Step 420000, T=8.34786, cost function=95713.9, nestedness=0.979537, connectance=0.692
	 Step 430000, T=8.34786, cost function=95644.1, nestedness=0.984159, connectance=0.692
	 Step 440000, T=8.51735, cost function=95693.2, nestedness=0.985303, connectance=0.692
	 Step 450000, T=8.34786, cost function=95715, nestedness=0.9794, connectance=0.692
	 Step 460000, T=8.43218, cost function=95679.4, nestedness=0.979224, connectance=0.692
	 Step 470000, T=8.34786, cost function=95644.9, nestedness=0.980762, connectance=0.692
	 Step 480000, T=8.34786, cost function=95889.4, nestedness=0.973117, connectance=0.692
	 Step 490000, T=8.34786, cost function=95942.2, nestedness=0.981776, connectance=0.692
	 Step 500000, T=8.51735, cost function=95882.2, nestedness=0.978775, connectance=0.692
	 Step 510000, T=8.34786, cost function=95874.8, nestedness=0.973483, connectance=0.692
	 Step 520000, T=8.51735, cost function=95734.1, nestedness=0.978611, connectance=0.692
	 Step 530000, T=8.51735, cost function=95827.1, nestedness=0.975017, connectance=0.692
	 Step 540000, T=8.34786, cost function=95874, nestedness=0.972877, connectance=0.692
	 Step 550000, T=8.34786, cost function=95689.1, nestedness=0.983715, connectance=0.692
	 Step 560000, T=8.34786, cost function=95832.8, nestedness=0.976514, connectance=0.692
	 Step 570000, T=8.34786, cost function=95745.4, nestedness=0.980488, connectance=0.692
	 Step 580000, T=8.34786, cost function=95856.4, nestedness=0.982663, connectance=0.692
	 Step 590000, T=8.43218, cost function=95755.5, nestedness=0.97949, connectance=0.692
	 Step 600000, T=8.43218, cost function=95806.9, nestedness=0.974766, connectance=0.692
	 Step 610000, T=8.43218, cost function=95782.5, nestedness=0.974172, connectance=0.692
	 Step 620000, T=8.43218, cost function=95739.8, nestedness=0.981084, connectance=0.692
	 Step 630000, T=8.43218, cost function=95843.6, nestedness=0.978336, connectance=0.692
	 Step 640000, T=8.43218, cost function=95798.2, nestedness=0.97806, connectance=0.692
	 Step 650000, T=8.43218, cost function=95655.4, nestedness=0.981839, connectance=0.692
	 Step 660000, T=8.9563, cost function=95883.8, nestedness=0.979209, connectance=0.692
	 Step 670000, T=8.43218, cost function=95817, nestedness=0.975677, connectance=0.692
	 Step 680000, T=8.43218, cost function=95863.5, nestedness=0.979167, connectance=0.692
	 Step 690000, T=8.43218, cost function=95812.5, nestedness=0.97751, connectance=0.692
	 Step 700000, T=8.34786, cost function=95821.5, nestedness=0.980688, connectance=0.692
	 Step 710000, T=8.34786, cost function=95790, nestedness=0.981926, connectance=0.692
	 Step 720000, T=8.34786, cost function=95769.4, nestedness=0.980222, connectance=0.692
	 Step 730000, T=8.34786, cost function=95771.2, nestedness=0.978085, connectance=0.692
	 Step 740000, T=8.34786, cost function=95636.6, nestedness=0.977939, connectance=0.692
	 Step 750000, T=8.34786, cost function=95594.6, nestedness=0.987911, connectance=0.692
	 Step 760000, T=8.34786, cost function=95756.6, nestedness=0.981671, connectance=0.692
	 Step 770000, T=8.34786, cost function=95799, nestedness=0.974813, connectance=0.692
	 Step 780000, T=8.34786, cost function=95896.1, nestedness=0.979724, connectance=0.692
	 Step 790000, T=8.43218, cost function=95995.9, nestedness=0.9757, connectance=0.692
	 Step 800000, T=8.34786, cost function=95708.6, nestedness=0.97952, connectance=0.692
	 Step 810000, T=8.34786, cost function=95866.1, nestedness=0.970635, connectance=0.692
	 Step 820000, T=8.51735, cost function=95915.2, nestedness=0.979289, connectance=0.692
	 Step 830000, T=8.34786, cost function=96046.1, nestedness=0.971762, connectance=0.692
	 Step 840000, T=8.34786, cost function=95874.4, nestedness=0.977188, connectance=0.692
	 Step 850000, T=8.34786, cost function=95881.5, nestedness=0.978886, connectance=0.692
	 Step 860000, T=8.34786, cost function=95841.8, nestedness=0.970074, connectance=0.692
	 Step 870000, T=8.34786, cost function=95864.6, nestedness=0.978164, connectance=0.692
	 Step 880000, T=8.34786, cost function=95885.6, nestedness=0.973088, connectance=0.692
	 Step 890000, T=8.34786, cost function=95871.8, nestedness=0.968745, connectance=0.692
	 Step 900000, T=8.51735, cost function=95986.9, nestedness=0.967903, connectance=0.692
	 Step 910000, T=8.34786, cost function=95877.4, nestedness=0.972206, connectance=0.692
	 Step 920000, T=8.34786, cost function=96015, nestedness=0.973061, connectance=0.692
	 Step 930000, T=8.34786, cost function=95877, nestedness=0.975809, connectance=0.692
	 Step 940000, T=8.34786, cost function=95805.8, nestedness=0.986923, connectance=0.692
	 Step 950000, T=8.34786, cost function=95790, nestedness=0.976884, connectance=0.692
	 Step 960000, T=8.43218, cost function=95704.9, nestedness=0.981618, connectance=0.692
	 Step 970000, T=8.43218, cost function=95728.1, nestedness=0.983261, connectance=0.692
	 Step 980000, T=8.34786, cost function=95851.1, nestedness=0.973754, connectance=0.692
	 Step 990000, T=8.34786, cost function=95874.4, nestedness=0.978423, connectance=0.692
	 Step 1000000, T=8.34786, cost function=95821.1, nestedness=0.973659, connectance=0.692
Created initial alpha guess with nestedness 0.713043
	 Step 0, T=4.95, cost function=132204, nestedness=0.713043, connectance=0.6552
	 Step 10000, T=10.5188, cost function=103515, nestedness=0.925582, connectance=0.6552
	 Step 20000, T=9.513, cost function=102299, nestedness=0.958312, connectance=0.6552
	 Step 30000, T=8.9563, cost function=102052, nestedness=0.967462, connectance=0.6552
	 Step 40000, T=8.9563, cost function=102058, nestedness=0.966604, connectance=0.6552
	 Step 50000, T=8.86674, cost function=101955, nestedness=0.965708, connectance=0.6552
	 Step 60000, T=8.86674, cost function=101912, nestedness=0.96386, connectance=0.6552
	 Step 70000, T=9.60909, cost function=101985, nestedness=0.965957, connectance=0.6552
	 Step 80000, T=9.04677, cost function=102081, nestedness=0.958372, connectance=0.6552
	 Step 90000, T=9.23046, cost function=102217, nestedness=0.964466, connectance=0.6552
	 Step 100000, T=8.86674, cost function=102001, nestedness=0.969085, connectance=0.6552
	 Step 110000, T=8.9563, cost function=102152, nestedness=0.967228, connectance=0.6552
	 Step 120000, T=9.04677, cost function=102048, nestedness=0.962594, connectance=0.6552
	 Step 130000, T=8.86674, cost function=102062, nestedness=0.960276, connectance=0.6552
	 Step 140000, T=8.86674, cost function=101994, nestedness=0.9626, connectance=0.6552
	 Step 150000, T=9.04677, cost function=102046, nestedness=0.966263, connectance=0.6552
	 Step 160000, T=8.9563, cost function=102060, nestedness=0.971672, connectance=0.6552
	 Step 170000, T=8.9563, cost function=102003, nestedness=0.969405, connectance=0.6552
	 Step 180000, T=9.13815, cost function=101989, nestedness=0.966963, connectance=0.6552
	 Step 190000, T=8.9563, cost function=102097, nestedness=0.959265, connectance=0.6552
	 Step 200000, T=8.9563, cost function=102026, nestedness=0.962587, connectance=0.6552
	 Step 210000, T=8.9563, cost function=102060, nestedness=0.958897, connectance=0.6552
	 Step 220000, T=8.9563, cost function=101892, nestedness=0.962834, connectance=0.6552
	 Step 230000, T=8.9563, cost function=102055, nestedness=0.968609, connectance=0.6552
	 Step 240000, T=8.9563, cost function=102141, nestedness=0.962848, connectance=0.6552
	 Step 250000, T=8.9563, cost function=101993, nestedness=0.968104, connectance=0.6552
	 Step 260000, T=8.9563, cost function=101958, nestedness=0.96381, connectance=0.6552
	 Step 270000, T=8.86674, cost function=101849, nestedness=0.972229, connectance=0.6552
	 Step 280000, T=9.13815, cost function=102028, nestedness=0.959967, connectance=0.6552
	 Step 290000, T=8.9563, cost function=102147, nestedness=0.961241, connectance=0.6552
	 Step 300000, T=8.86674, cost function=101955, nestedness=0.970104, connectance=0.6552
	 Step 310000, T=8.86674, cost function=101957, nestedness=0.976289, connectance=0.6552
	 Step 320000, T=8.86674, cost function=101949, nestedness=0.968222, connectance=0.6552
	 Step 330000, T=8.86674, cost function=101948, nestedness=0.972237, connectance=0.6552
	 Step 340000, T=8.86674, cost function=101960, nestedness=0.963294, connectance=0.6552
	 Step 350000, T=8.86674, cost function=102038, nestedness=0.966515, connectance=0.6552
	 Step 360000, T=8.86674, cost function=102094, nestedness=0.965021, connectance=0.6552
	 Step 370000, T=9.13815, cost function=101951, nestedness=0.971343, connectance=0.6552
	 Step 380000, T=8.9563, cost function=102008, nestedness=0.96706, connectance=0.6552
	 Step 390000, T=8.9563, cost function=101913, nestedness=0.971956, connectance=0.6552
	 Step 400000, T=8.9563, cost function=101846, nestedness=0.971752, connectance=0.6552
	 Step 410000, T=8.9563, cost function=102006, nestedness=0.964389, connectance=0.6552
	 Step 420000, T=8.86674, cost function=101967, nestedness=0.959272, connectance=0.6552
	 Step 430000, T=8.86674, cost function=101853, nestedness=0.966804, connectance=0.6552
	 Step 440000, T=8.9563, cost function=102033, nestedness=0.964429, connectance=0.6552
	 Step 450000, T=9.13815, cost function=101848, nestedness=0.965985, connectance=0.6552
	 Step 460000, T=8.9563, cost function=102064, nestedness=0.974738, connectance=0.6552
	 Step 470000, T=9.13815, cost function=102058, nestedness=0.966361, connectance=0.6552
	 Step 480000, T=8.9563, cost function=101940, nestedness=0.966011, connectance=0.6552
	 Step 490000, T=8.9563, cost function=101882, nestedness=0.968274, connectance=0.6552
	 Step 500000, T=8.9563, cost function=101901, nestedness=0.971122, connectance=0.6552
	 Step 510000, T=9.04677, cost function=101970, nestedness=0.96757, connectance=0.6552
	 Step 520000, T=8.86674, cost function=101965, nestedness=0.970968, connectance=0.6552
	 Step 530000, T=8.86674, cost function=101938, nestedness=0.966464, connectance=0.6552
	 Step 540000, T=8.86674, cost function=101850, nestedness=0.9708, connectance=0.6552
	 Step 550000, T=8.86674, cost function=102095, nestedness=0.957512, connectance=0.6552
	 Step 560000, T=8.86674, cost function=102032, nestedness=0.968467, connectance=0.6552
	 Step 570000, T=8.86674, cost function=102002, nestedness=0.962673, connectance=0.6552
	 Step 580000, T=8.86674, cost function=101877, nestedness=0.975052, connectance=0.6552
	 Step 590000, T=8.86674, cost function=101947, nestedness=0.969699, connectance=0.6552
	 Step 600000, T=8.86674, cost function=101993, nestedness=0.968587, connectance=0.6552
	 Step 610000, T=8.86674, cost function=102028, nestedness=0.969513, connectance=0.6552
	 Step 620000, T=8.86674, cost function=102086, nestedness=0.955941, connectance=0.6552
	 Step 630000, T=8.86674, cost function=102046, nestedness=0.969516, connectance=0.6552
	 Step 640000, T=8.86674, cost function=102010, nestedness=0.965544, connectance=0.6552
	 Step 650000, T=8.86674, cost function=102016, nestedness=0.959953, connectance=0.6552
	 Step 660000, T=8.86674, cost function=102039, nestedness=0.96517, connectance=0.6552
	 Step 670000, T=8.9563, cost function=102007, nestedness=0.97045, connectance=0.6552
	 Step 680000, T=9.13815, cost function=101968, nestedness=0.965695, connectance=0.6552
	 Step 690000, T=8.9563, cost function=102146, nestedness=0.956289, connectance=0.6552
	 Step 700000, T=8.9563, cost function=102082, nestedness=0.961604, connectance=0.6552
	 Step 710000, T=9.04677, cost function=102276, nestedness=0.958353, connectance=0.6552
	 Step 720000, T=9.04677, cost function=102246, nestedness=0.961548, connectance=0.6552
	 Step 730000, T=8.86674, cost function=102001, nestedness=0.963072, connectance=0.6552
	 Step 740000, T=8.86674, cost function=102038, nestedness=0.965425, connectance=0.6552
	 Step 750000, T=8.9563, cost function=101978, nestedness=0.970093, connectance=0.6552
	 Step 760000, T=9.13815, cost function=101997, nestedness=0.965469, connectance=0.6552
	 Step 770000, T=8.9563, cost function=101997, nestedness=0.964591, connectance=0.6552
	 Step 780000, T=8.86674, cost function=102076, nestedness=0.961136, connectance=0.6552
	 Step 790000, T=8.86674, cost function=101999, nestedness=0.962538, connectance=0.6552
	 Step 800000, T=8.9563, cost function=101978, nestedness=0.96907, connectance=0.6552
	 Step 810000, T=9.04677, cost function=102145, nestedness=0.959932, connectance=0.6552
	 Step 820000, T=8.86674, cost function=102017, nestedness=0.963232, connectance=0.6552
	 Step 830000, T=8.86674, cost function=102043, nestedness=0.969272, connectance=0.6552
	 Step 840000, T=8.86674, cost function=102058, nestedness=0.969059, connectance=0.6552
	 Step 850000, T=8.86674, cost function=102031, nestedness=0.96704, connectance=0.6552
	 Step 860000, T=8.86674, cost function=102063, nestedness=0.960148, connectance=0.6552
	 Step 870000, T=8.86674, cost function=102094, nestedness=0.96226, connectance=0.6552
	 Step 880000, T=8.86674, cost function=101972, nestedness=0.968944, connectance=0.6552
	 Step 890000, T=9.04677, cost function=101962, nestedness=0.972064, connectance=0.6552
	 Step 900000, T=8.86674, cost function=101955, nestedness=0.966375, connectance=0.6552
	 Step 910000, T=8.86674, cost function=101987, nestedness=0.964953, connectance=0.6552
	 Step 920000, T=8.86674, cost function=101885, nestedness=0.969477, connectance=0.6552
	 Step 930000, T=8.86674, cost function=102041, nestedness=0.961877, connectance=0.6552
	 Step 940000, T=8.9563, cost function=102064, nestedness=0.961451, connectance=0.6552
	 Step 950000, T=8.9563, cost function=101995, nestedness=0.960674, connectance=0.6552
	 Step 960000, T=8.86674, cost function=101954, nestedness=0.969645, connectance=0.6552
	 Step 970000, T=8.86674, cost function=101865, nestedness=0.973006, connectance=0.6552
	 Step 980000, T=8.86674, cost function=101925, nestedness=0.969035, connectance=0.6552
	 Step 990000, T=8.9563, cost function=101926, nestedness=0.972688, connectance=0.6552
	 Step 1000000, T=8.9563, cost function=102040, nestedness=0.966558, connectance=0.6552
