Metaparameters loaded : gamma0 = 0.75; alpha0 = 0.0001; sigma0 = 0.25; l0 = 1;p = 1; R0 = 1; S0 = 0.05; NR = 50; NS = 25; matrix path = matrix_list/full_rank_opt_consumption_mat_NR50_NS25_4.in; convergence threshold = 1e-08
Initiated random engine with seed 0
Random engine initialized
Created initial alpha guess with nestedness 0.619653
	 Step 0, T=4.95, cost function=134463, nestedness=0.619653, connectance=0.5648
	 Step 10000, T=10.7324, cost function=111236, nestedness=0.902505, connectance=0.5648
	 Step 20000, T=9.70615, cost function=110268, nestedness=0.944471, connectance=0.5648
	 Step 30000, T=9.60909, cost function=109833, nestedness=0.951972, connectance=0.5648
	 Step 40000, T=9.8042, cost function=109655, nestedness=0.966488, connectance=0.5648
	 Step 50000, T=9.60909, cost function=109791, nestedness=0.957904, connectance=0.5648
	 Step 60000, T=9.60909, cost function=109621, nestedness=0.96204, connectance=0.5648
	 Step 70000, T=9.60909, cost function=109638, nestedness=0.960888, connectance=0.5648
	 Step 80000, T=9.60909, cost function=109829, nestedness=0.956762, connectance=0.5648
	 Step 90000, T=9.70615, cost function=110067, nestedness=0.944318, connectance=0.5648
	 Step 100000, T=9.70615, cost function=109830, nestedness=0.955009, connectance=0.5648
	 Step 110000, T=9.513, cost function=109488, nestedness=0.970677, connectance=0.5648
	 Step 120000, T=9.513, cost function=109518, nestedness=0.973032, connectance=0.5648
	 Step 130000, T=9.70615, cost function=109618, nestedness=0.96657, connectance=0.5648
	 Step 140000, T=9.513, cost function=109421, nestedness=0.977099, connectance=0.5648
	 Step 150000, T=9.60909, cost function=109736, nestedness=0.964659, connectance=0.5648
	 Step 160000, T=9.60909, cost function=109829, nestedness=0.953934, connectance=0.5648
	 Step 170000, T=9.60909, cost function=109743, nestedness=0.95934, connectance=0.5648
	 Step 180000, T=9.8042, cost function=109657, nestedness=0.95397, connectance=0.5648
	 Step 190000, T=9.70615, cost function=109878, nestedness=0.958048, connectance=0.5648
	 Step 200000, T=9.60909, cost function=109756, nestedness=0.958028, connectance=0.5648
	 Step 210000, T=9.60909, cost function=109649, nestedness=0.966458, connectance=0.5648
	 Step 220000, T=9.60909, cost function=109729, nestedness=0.956446, connectance=0.5648
	 Step 230000, T=9.60909, cost function=109733, nestedness=0.964657, connectance=0.5648
	 Step 240000, T=9.60909, cost function=109664, nestedness=0.956786, connectance=0.5648
	 Step 250000, T=9.8042, cost function=109944, nestedness=0.956737, connectance=0.5648
	 Step 260000, T=9.60909, cost function=109920, nestedness=0.961297, connectance=0.5648
	 Step 270000, T=9.60909, cost function=109691, nestedness=0.965436, connectance=0.5648
	 Step 280000, T=9.60909, cost function=109604, nestedness=0.962332, connectance=0.5648
	 Step 290000, T=9.60909, cost function=109617, nestedness=0.962616, connectance=0.5648
	 Step 300000, T=9.60909, cost function=109677, nestedness=0.957174, connectance=0.5648
	 Step 310000, T=9.60909, cost function=109773, nestedness=0.962489, connectance=0.5648
	 Step 320000, T=9.60909, cost function=109541, nestedness=0.956326, connectance=0.5648
	 Step 330000, T=9.60909, cost function=109614, nestedness=0.969024, connectance=0.5648
	 Step 340000, T=9.60909, cost function=109816, nestedness=0.959198, connectance=0.5648
	 Step 350000, T=9.60909, cost function=109602, nestedness=0.973162, connectance=0.5648
	 Step 360000, T=9.60909, cost function=109706, nestedness=0.955349, connectance=0.5648
	 Step 370000, T=9.60909, cost function=109709, nestedness=0.955918, connectance=0.5648
	 Step 380000, T=9.60909, cost function=109630, nestedness=0.968023, connectance=0.5648
	 Step 390000, T=9.70615, cost function=109535, nestedness=0.971637, connectance=0.5648
	 Step 400000, T=9.513, cost function=109370, nestedness=0.976071, connectance=0.5648
	 Step 410000, T=9.513, cost function=109526, nestedness=0.968543, connectance=0.5648
	 Step 420000, T=9.513, cost function=109470, nestedness=0.970905, connectance=0.5648
	 Step 430000, T=9.90323, cost function=109590, nestedness=0.964425, connectance=0.5648
	 Step 440000, T=9.70615, cost function=109902, nestedness=0.957298, connectance=0.5648
	 Step 450000, T=9.70615, cost function=109779, nestedness=0.956027, connectance=0.5648
	 Step 460000, T=9.60909, cost function=109986, nestedness=0.955362, connectance=0.5648
	 Step 470000, T=9.60909, cost function=109688, nestedness=0.958867, connectance=0.5648
	 Step 480000, T=9.60909, cost function=109709, nestedness=0.961117, connectance=0.5648
	 Step 490000, T=9.90323, cost function=109856, nestedness=0.958628, connectance=0.5648
	 Step 500000, T=9.70615, cost function=109791, nestedness=0.9569, connectance=0.5648
	 Step 510000, T=9.70615, cost function=109596, nestedness=0.96643, connectance=0.5648
	 Step 520000, T=9.90323, cost function=109940, nestedness=0.95165, connectance=0.5648
	 Step 530000, T=9.70615, cost function=109668, nestedness=0.968837, connectance=0.5648
	 Step 540000, T=9.70615, cost function=109750, nestedness=0.950645, connectance=0.5648
	 Step 550000, T=9.70615, cost function=109688, nestedness=0.969254, connectance=0.5648
	 Step 560000, T=9.513, cost function=109501, nestedness=0.966957, connectance=0.5648
	 Step 570000, T=9.70615, cost function=109567, nestedness=0.963052, connectance=0.5648
	 Step 580000, T=9.90323, cost function=109651, nestedness=0.963592, connectance=0.5648
	 Step 590000, T=9.70615, cost function=109597, nestedness=0.970232, connectance=0.5648
	 Step 600000, T=9.60909, cost function=109839, nestedness=0.956716, connectance=0.5648
	 Step 610000, T=9.60909, cost function=109514, nestedness=0.965674, connectance=0.5648
	 Step 620000, T=9.60909, cost function=109642, nestedness=0.963257, connectance=0.5648
	 Step 630000, T=9.8042, cost function=110007, nestedness=0.946698, connectance=0.5648
	 Step 640000, T=9.60909, cost function=109723, nestedness=0.971, connectance=0.5648
	 Step 650000, T=9.60909, cost function=109581, nestedness=0.968842, connectance=0.5648
	 Step 660000, T=9.60909, cost function=109730, nestedness=0.961478, connectance=0.5648
	 Step 670000, T=9.60909, cost function=109669, nestedness=0.963014, connectance=0.5648
	 Step 680000, T=9.60909, cost function=109756, nestedness=0.9653, connectance=0.5648
	 Step 690000, T=9.70615, cost function=110202, nestedness=0.943628, connectance=0.5648
	 Step 700000, T=9.90323, cost function=110098, nestedness=0.950616, connectance=0.5648
	 Step 710000, T=9.60909, cost function=109806, nestedness=0.968784, connectance=0.5648
	 Step 720000, T=9.60909, cost function=109709, nestedness=0.96232, connectance=0.5648
	 Step 730000, T=9.60909, cost function=109504, nestedness=0.968503, connectance=0.5648
	 Step 740000, T=9.513, cost function=109537, nestedness=0.965053, connectance=0.5648
	 Step 750000, T=9.70615, cost function=109713, nestedness=0.955307, connectance=0.5648
	 Step 760000, T=9.70615, cost function=109486, nestedness=0.963272, connectance=0.5648
	 Step 770000, T=9.513, cost function=109466, nestedness=0.971022, connectance=0.5648
	 Step 780000, T=9.70615, cost function=109688, nestedness=0.964627, connectance=0.5648
	 Step 790000, T=9.60909, cost function=109865, nestedness=0.964366, connectance=0.5648
	 Step 800000, T=9.70615, cost function=109724, nestedness=0.960685, connectance=0.5648
	 Step 810000, T=9.70615, cost function=109915, nestedness=0.94735, connectance=0.5648
	 Step 820000, T=9.70615, cost function=109718, nestedness=0.957044, connectance=0.5648
	 Step 830000, T=9.70615, cost function=109752, nestedness=0.958938, connectance=0.5648
	 Step 840000, T=9.70615, cost function=109854, nestedness=0.949569, connectance=0.5648
	 Step 850000, T=9.70615, cost function=109862, nestedness=0.967426, connectance=0.5648
	 Step 860000, T=9.70615, cost function=109860, nestedness=0.955955, connectance=0.5648
	 Step 870000, T=9.70615, cost function=109780, nestedness=0.963475, connectance=0.5648
	 Step 880000, T=9.8042, cost function=109805, nestedness=0.963482, connectance=0.5648
	 Step 890000, T=9.8042, cost function=109910, nestedness=0.949248, connectance=0.5648
	 Step 900000, T=9.60909, cost function=109712, nestedness=0.961409, connectance=0.5648
	 Step 910000, T=9.60909, cost function=109611, nestedness=0.958974, connectance=0.5648
	 Step 920000, T=9.60909, cost function=109790, nestedness=0.958729, connectance=0.5648
	 Step 930000, T=9.60909, cost function=109857, nestedness=0.957166, connectance=0.5648
	 Step 940000, T=9.70615, cost function=109661, nestedness=0.960484, connectance=0.5648
	 Step 950000, T=9.70615, cost function=109530, nestedness=0.969549, connectance=0.5648
	 Step 960000, T=9.513, cost function=109466, nestedness=0.968889, connectance=0.5648
	 Step 970000, T=9.60909, cost function=109602, nestedness=0.963043, connectance=0.5648
	 Step 980000, T=9.60909, cost function=109684, nestedness=0.960529, connectance=0.5648
	 Step 990000, T=9.70615, cost function=109728, nestedness=0.964443, connectance=0.5648
	 Step 1000000, T=9.70615, cost function=109807, nestedness=0.949838, connectance=0.5648
Created initial alpha guess with nestedness 0.826473
	 Step 0, T=4.95, cost function=95074.9, nestedness=0.826473, connectance=0.7768
	 Step 10000, T=7.54965, cost function=70894.5, nestedness=0.957826, connectance=0.7768
	 Step 20000, T=6.82777, cost function=69735.4, nestedness=0.978097, connectance=0.7768
	 Step 30000, T=6.17491, cost function=69504.8, nestedness=0.985527, connectance=0.7768
	 Step 40000, T=6.05203, cost function=69528.8, nestedness=0.982631, connectance=0.7768
	 Step 50000, T=6.05203, cost function=69480.8, nestedness=0.988318, connectance=0.7768
	 Step 60000, T=6.05203, cost function=69522.8, nestedness=0.982947, connectance=0.7768
	 Step 70000, T=6.05203, cost function=69417.8, nestedness=0.990481, connectance=0.7768
	 Step 80000, T=6.05203, cost function=69393.4, nestedness=0.989465, connectance=0.7768
	 Step 90000, T=6.05203, cost function=69314.6, nestedness=0.994077, connectance=0.7768
	 Step 100000, T=6.05203, cost function=69321.4, nestedness=0.991278, connectance=0.7768
	 Step 110000, T=6.05203, cost function=69393.4, nestedness=0.988636, connectance=0.7768
	 Step 120000, T=6.05203, cost function=69397.1, nestedness=0.98646, connectance=0.7768
	 Step 130000, T=6.05203, cost function=69347.2, nestedness=0.99252, connectance=0.7768
	 Step 140000, T=6.05203, cost function=69391.1, nestedness=0.991224, connectance=0.7768
	 Step 150000, T=6.05203, cost function=69439.9, nestedness=0.991908, connectance=0.7768
	 Step 160000, T=6.05203, cost function=69384.8, nestedness=0.989226, connectance=0.7768
	 Step 170000, T=6.05203, cost function=69350.6, nestedness=0.989769, connectance=0.7768
	 Step 180000, T=6.17491, cost function=69487.9, nestedness=0.980713, connectance=0.7768
	 Step 190000, T=6.05203, cost function=69397.1, nestedness=0.988161, connectance=0.7768
	 Step 200000, T=6.05203, cost function=69345, nestedness=0.989162, connectance=0.7768
	 Step 210000, T=6.05203, cost function=69463.5, nestedness=0.984507, connectance=0.7768
	 Step 220000, T=6.17491, cost function=69418.1, nestedness=0.990181, connectance=0.7768
	 Step 230000, T=6.05203, cost function=69413.2, nestedness=0.986224, connectance=0.7768
	 Step 240000, T=6.05203, cost function=69507.8, nestedness=0.985497, connectance=0.7768
	 Step 250000, T=6.05203, cost function=69551.2, nestedness=0.979562, connectance=0.7768
	 Step 260000, T=6.05203, cost function=69417.8, nestedness=0.987858, connectance=0.7768
	 Step 270000, T=6.05203, cost function=69395.6, nestedness=0.992893, connectance=0.7768
	 Step 280000, T=6.11316, cost function=69372, nestedness=0.990128, connectance=0.7768
	 Step 290000, T=6.11316, cost function=69444.4, nestedness=0.989661, connectance=0.7768
	 Step 300000, T=6.11316, cost function=69406.5, nestedness=0.989312, connectance=0.7768
	 Step 310000, T=6.11316, cost function=69355.5, nestedness=0.991458, connectance=0.7768
	 Step 320000, T=6.11316, cost function=69367.5, nestedness=0.992007, connectance=0.7768
	 Step 330000, T=6.17491, cost function=69376.5, nestedness=0.986774, connectance=0.7768
	 Step 340000, T=6.05203, cost function=69333.4, nestedness=0.991674, connectance=0.7768
	 Step 350000, T=6.05203, cost function=69380.2, nestedness=0.987525, connectance=0.7768
	 Step 360000, T=6.17491, cost function=69355.1, nestedness=0.994235, connectance=0.7768
	 Step 370000, T=6.05203, cost function=69429.8, nestedness=0.987846, connectance=0.7768
	 Step 380000, T=6.05203, cost function=69426.8, nestedness=0.988218, connectance=0.7768
	 Step 390000, T=6.05203, cost function=69325.9, nestedness=0.993636, connectance=0.7768
	 Step 400000, T=6.05203, cost function=69350.2, nestedness=0.994835, connectance=0.7768
	 Step 410000, T=6.05203, cost function=69437.6, nestedness=0.987831, connectance=0.7768
	 Step 420000, T=6.05203, cost function=69514.1, nestedness=0.981252, connectance=0.7768
	 Step 430000, T=6.11316, cost function=69454.1, nestedness=0.986796, connectance=0.7768
	 Step 440000, T=6.11316, cost function=69470.2, nestedness=0.987571, connectance=0.7768
	 Step 450000, T=6.11316, cost function=69500.2, nestedness=0.989065, connectance=0.7768
	 Step 460000, T=6.11316, cost function=69480.4, nestedness=0.985082, connectance=0.7768
	 Step 470000, T=6.11316, cost function=69514.9, nestedness=0.982691, connectance=0.7768
	 Step 480000, T=6.11316, cost function=69497.2, nestedness=0.981589, connectance=0.7768
	 Step 490000, T=6.05203, cost function=69410.2, nestedness=0.992303, connectance=0.7768
	 Step 500000, T=6.05203, cost function=69299.6, nestedness=0.989965, connectance=0.7768
	 Step 510000, T=6.05203, cost function=69432, nestedness=0.983112, connectance=0.7768
	 Step 520000, T=6.05203, cost function=69375.8, nestedness=0.989475, connectance=0.7768
	 Step 530000, T=6.05203, cost function=69378.8, nestedness=0.99221, connectance=0.7768
	 Step 540000, T=6.05203, cost function=69426.8, nestedness=0.985896, connectance=0.7768
	 Step 550000, T=6.05203, cost function=69472.5, nestedness=0.984047, connectance=0.7768
	 Step 560000, T=6.05203, cost function=69441.8, nestedness=0.984779, connectance=0.7768
	 Step 570000, T=6.11316, cost function=69443.6, nestedness=0.987455, connectance=0.7768
	 Step 580000, T=6.11316, cost function=69469.1, nestedness=0.985507, connectance=0.7768
	 Step 590000, T=6.11316, cost function=69478.5, nestedness=0.989076, connectance=0.7768
	 Step 600000, T=6.11316, cost function=69460.9, nestedness=0.985447, connectance=0.7768
	 Step 610000, T=6.23729, cost function=69407.2, nestedness=0.986335, connectance=0.7768
	 Step 620000, T=6.11316, cost function=69371.2, nestedness=0.985677, connectance=0.7768
	 Step 630000, T=6.11316, cost function=69374.2, nestedness=0.987256, connectance=0.7768
	 Step 640000, T=6.11316, cost function=69450.4, nestedness=0.98724, connectance=0.7768
	 Step 650000, T=6.11316, cost function=69453.4, nestedness=0.984207, connectance=0.7768
	 Step 660000, T=6.23729, cost function=69439.5, nestedness=0.987252, connectance=0.7768
	 Step 670000, T=6.23729, cost function=69433.1, nestedness=0.991803, connectance=0.7768
	 Step 680000, T=6.11316, cost function=69405.4, nestedness=0.992028, connectance=0.7768
	 Step 690000, T=6.11316, cost function=69427.1, nestedness=0.989835, connectance=0.7768
	 Step 700000, T=6.11316, cost function=69422.2, nestedness=0.988615, connectance=0.7768
	 Step 710000, T=6.11316, cost function=69447, nestedness=0.985877, connectance=0.7768
	 Step 720000, T=6.11316, cost function=69440.6, nestedness=0.987798, connectance=0.7768
	 Step 730000, T=6.11316, cost function=69399, nestedness=0.988626, connectance=0.7768
	 Step 740000, T=6.11316, cost function=69352.1, nestedness=0.992095, connectance=0.7768
	 Step 750000, T=6.11316, cost function=69380.2, nestedness=0.988928, connectance=0.7768
	 Step 760000, T=6.11316, cost function=69469.9, nestedness=0.982736, connectance=0.7768
	 Step 770000, T=6.11316, cost function=69366, nestedness=0.99342, connectance=0.7768
	 Step 780000, T=6.11316, cost function=69399, nestedness=0.98857, connectance=0.7768
	 Step 790000, T=6.23729, cost function=69467.2, nestedness=0.983559, connectance=0.7768
	 Step 800000, T=6.11316, cost function=69471, nestedness=0.986988, connectance=0.7768
	 Step 810000, T=6.11316, cost function=69450.4, nestedness=0.985649, connectance=0.7768
	 Step 820000, T=6.11316, cost function=69443.2, nestedness=0.987862, connectance=0.7768
	 Step 830000, T=6.11316, cost function=69427.5, nestedness=0.98439, connectance=0.7768
	 Step 840000, T=6.11316, cost function=69380.2, nestedness=0.988837, connectance=0.7768
	 Step 850000, T=6.11316, cost function=69472.5, nestedness=0.983265, connectance=0.7768
	 Step 860000, T=6.23729, cost function=69414, nestedness=0.989803, connectance=0.7768
	 Step 870000, T=6.11316, cost function=69453, nestedness=0.988908, connectance=0.7768
	 Step 880000, T=6.11316, cost function=69358.5, nestedness=0.988131, connectance=0.7768
	 Step 890000, T=6.23729, cost function=69350.6, nestedness=0.991286, connectance=0.7768
	 Step 900000, T=6.11316, cost function=69394.9, nestedness=0.982745, connectance=0.7768
	 Step 910000, T=6.11316, cost function=69425.6, nestedness=0.986362, connectance=0.7768
	 Step 920000, T=6.11316, cost function=69305.6, nestedness=0.992798, connectance=0.7768
	 Step 930000, T=6.11316, cost function=69429.4, nestedness=0.992055, connectance=0.7768
	 Step 940000, T=6.23729, cost function=69366, nestedness=0.990008, connectance=0.7768
	 Step 950000, T=6.11316, cost function=69376.9, nestedness=0.988636, connectance=0.7768
	 Step 960000, T=6.23729, cost function=69396.8, nestedness=0.987777, connectance=0.7768
	 Step 970000, T=6.23729, cost function=69346.1, nestedness=0.991337, connectance=0.7768
	 Step 980000, T=6.11316, cost function=69310.1, nestedness=0.993183, connectance=0.7768
	 Step 990000, T=6.05203, cost function=69330, nestedness=0.991175, connectance=0.7768
	 Step 1000000, T=6.17491, cost function=69380.2, nestedness=0.990634, connectance=0.7768
Created initial alpha guess with nestedness 0.785096
	 Step 0, T=4.95, cost function=114256, nestedness=0.785096, connectance=0.7328
	 Step 10000, T=9.23046, cost function=84887.2, nestedness=0.956326, connectance=0.7328
	 Step 20000, T=8.34786, cost function=83503.9, nestedness=0.976045, connectance=0.7328
	 Step 30000, T=7.54965, cost function=83322.4, nestedness=0.984906, connectance=0.7328
	 Step 40000, T=7.25217, cost function=83064.4, nestedness=0.984504, connectance=0.7328
	 Step 50000, T=7.25217, cost function=83033.2, nestedness=0.987651, connectance=0.7328
	 Step 60000, T=7.25217, cost function=83082.8, nestedness=0.986086, connectance=0.7328
	 Step 70000, T=7.25217, cost function=83111.6, nestedness=0.987077, connectance=0.7328
	 Step 80000, T=7.25217, cost function=83077.5, nestedness=0.984185, connectance=0.7328
	 Step 90000, T=7.25217, cost function=83026.5, nestedness=0.987824, connectance=0.7328
	 Step 100000, T=7.25217, cost function=83000.6, nestedness=0.991823, connectance=0.7328
	 Step 110000, T=7.39942, cost function=82966.5, nestedness=0.990565, connectance=0.7328
	 Step 120000, T=7.32542, cost function=83007.8, nestedness=0.988842, connectance=0.7328
	 Step 130000, T=7.32542, cost function=83056.9, nestedness=0.98631, connectance=0.7328
	 Step 140000, T=7.32542, cost function=83110.5, nestedness=0.985096, connectance=0.7328
	 Step 150000, T=7.85934, cost function=83199.4, nestedness=0.982785, connectance=0.7328
	 Step 160000, T=7.25217, cost function=83087.2, nestedness=0.988767, connectance=0.7328
	 Step 170000, T=7.25217, cost function=83047.9, nestedness=0.987038, connectance=0.7328
	 Step 180000, T=7.25217, cost function=83131.5, nestedness=0.980984, connectance=0.7328
	 Step 190000, T=7.25217, cost function=83148.4, nestedness=0.985597, connectance=0.7328
	 Step 200000, T=7.25217, cost function=83161.9, nestedness=0.983935, connectance=0.7328
	 Step 210000, T=7.39942, cost function=83090.2, nestedness=0.986554, connectance=0.7328
	 Step 220000, T=7.25217, cost function=83079, nestedness=0.988372, connectance=0.7328
	 Step 230000, T=7.25217, cost function=83036.2, nestedness=0.985335, connectance=0.7328
	 Step 240000, T=7.25217, cost function=83022.4, nestedness=0.985545, connectance=0.7328
	 Step 250000, T=7.25217, cost function=83017.5, nestedness=0.990045, connectance=0.7328
	 Step 260000, T=7.25217, cost function=82946.2, nestedness=0.986083, connectance=0.7328
	 Step 270000, T=7.25217, cost function=83040, nestedness=0.985491, connectance=0.7328
	 Step 280000, T=7.39942, cost function=83022.4, nestedness=0.986983, connectance=0.7328
	 Step 290000, T=7.25217, cost function=82911, nestedness=0.99054, connectance=0.7328
	 Step 300000, T=7.39942, cost function=83012.6, nestedness=0.987265, connectance=0.7328
	 Step 310000, T=7.25217, cost function=83103.4, nestedness=0.988027, connectance=0.7328
	 Step 320000, T=7.25217, cost function=82987.5, nestedness=0.992839, connectance=0.7328
	 Step 330000, T=7.25217, cost function=83024.2, nestedness=0.9925, connectance=0.7328
	 Step 340000, T=7.25217, cost function=83027.2, nestedness=0.989188, connectance=0.7328
	 Step 350000, T=7.25217, cost function=83087.6, nestedness=0.985764, connectance=0.7328
	 Step 360000, T=7.25217, cost function=83017.5, nestedness=0.985442, connectance=0.7328
	 Step 370000, T=7.25217, cost function=82989.8, nestedness=0.985789, connectance=0.7328
	 Step 380000, T=7.47416, cost function=82961.6, nestedness=0.988098, connectance=0.7328
	 Step 390000, T=7.25217, cost function=82998, nestedness=0.992449, connectance=0.7328
	 Step 400000, T=7.25217, cost function=82968, nestedness=0.993569, connectance=0.7328
	 Step 410000, T=7.25217, cost function=82974, nestedness=0.99217, connectance=0.7328
	 Step 420000, T=7.25217, cost function=82936.5, nestedness=0.991086, connectance=0.7328
	 Step 430000, T=7.25217, cost function=83038.9, nestedness=0.989869, connectance=0.7328
	 Step 440000, T=7.25217, cost function=83031.4, nestedness=0.990203, connectance=0.7328
	 Step 450000, T=7.39942, cost function=82916.6, nestedness=0.991772, connectance=0.7328
	 Step 460000, T=7.25217, cost function=82957.5, nestedness=0.992655, connectance=0.7328
	 Step 470000, T=7.25217, cost function=82953.4, nestedness=0.989832, connectance=0.7328
	 Step 480000, T=7.32542, cost function=83026.1, nestedness=0.991469, connectance=0.7328
	 Step 490000, T=7.47416, cost function=82931.6, nestedness=0.993108, connectance=0.7328
	 Step 500000, T=7.32542, cost function=83049.8, nestedness=0.988844, connectance=0.7328
	 Step 510000, T=7.32542, cost function=83045.6, nestedness=0.993962, connectance=0.7328
	 Step 520000, T=7.32542, cost function=83113.1, nestedness=0.986386, connectance=0.7328
	 Step 530000, T=7.32542, cost function=83164.5, nestedness=0.986036, connectance=0.7328
	 Step 540000, T=7.39942, cost function=83118, nestedness=0.981595, connectance=0.7328
	 Step 550000, T=7.25217, cost function=83012.2, nestedness=0.988107, connectance=0.7328
	 Step 560000, T=7.25217, cost function=83193.8, nestedness=0.987192, connectance=0.7328
	 Step 570000, T=7.25217, cost function=83143.5, nestedness=0.988463, connectance=0.7328
	 Step 580000, T=7.54965, cost function=83095.9, nestedness=0.984491, connectance=0.7328
	 Step 590000, T=7.25217, cost function=82981.1, nestedness=0.990074, connectance=0.7328
	 Step 600000, T=7.25217, cost function=83089.1, nestedness=0.989996, connectance=0.7328
	 Step 610000, T=7.25217, cost function=82954.1, nestedness=0.990838, connectance=0.7328
	 Step 620000, T=7.25217, cost function=82977, nestedness=0.991615, connectance=0.7328
	 Step 630000, T=7.25217, cost function=83041.1, nestedness=0.989106, connectance=0.7328
	 Step 640000, T=7.25217, cost function=83019.8, nestedness=0.987521, connectance=0.7328
	 Step 650000, T=7.25217, cost function=83023.9, nestedness=0.990319, connectance=0.7328
	 Step 660000, T=7.25217, cost function=83002.5, nestedness=0.986481, connectance=0.7328
	 Step 670000, T=7.25217, cost function=83041.9, nestedness=0.986361, connectance=0.7328
	 Step 680000, T=7.25217, cost function=82980.8, nestedness=0.992672, connectance=0.7328
	 Step 690000, T=7.25217, cost function=82979.2, nestedness=0.988675, connectance=0.7328
	 Step 700000, T=7.39942, cost function=83010, nestedness=0.988708, connectance=0.7328
	 Step 710000, T=7.39942, cost function=83049.4, nestedness=0.989907, connectance=0.7328
	 Step 720000, T=7.25217, cost function=83083.1, nestedness=0.98001, connectance=0.7328
	 Step 730000, T=7.39942, cost function=83096.6, nestedness=0.983308, connectance=0.7328
	 Step 740000, T=7.32542, cost function=83151.8, nestedness=0.985935, connectance=0.7328
	 Step 750000, T=7.47416, cost function=83129.6, nestedness=0.987184, connectance=0.7328
	 Step 760000, T=7.32542, cost function=83139.8, nestedness=0.988275, connectance=0.7328
	 Step 770000, T=7.32542, cost function=83050.5, nestedness=0.986967, connectance=0.7328
	 Step 780000, T=7.47416, cost function=83008.1, nestedness=0.986727, connectance=0.7328
	 Step 790000, T=7.47416, cost function=83091, nestedness=0.982293, connectance=0.7328
	 Step 800000, T=7.32542, cost function=83143.9, nestedness=0.987228, connectance=0.7328
	 Step 810000, T=7.32542, cost function=83121, nestedness=0.988244, connectance=0.7328
	 Step 820000, T=7.32542, cost function=83176.9, nestedness=0.987486, connectance=0.7328
	 Step 830000, T=7.32542, cost function=83108.6, nestedness=0.981203, connectance=0.7328
	 Step 840000, T=7.32542, cost function=83063.2, nestedness=0.989576, connectance=0.7328
	 Step 850000, T=7.32542, cost function=83117.2, nestedness=0.982606, connectance=0.7328
	 Step 860000, T=7.32542, cost function=83098.9, nestedness=0.984275, connectance=0.7328
	 Step 870000, T=7.62591, cost function=83124.4, nestedness=0.98628, connectance=0.7328
	 Step 880000, T=7.32542, cost function=83037, nestedness=0.989288, connectance=0.7328
	 Step 890000, T=7.62591, cost function=83016.4, nestedness=0.990206, connectance=0.7328
	 Step 900000, T=7.32542, cost function=82944.4, nestedness=0.98859, connectance=0.7328
	 Step 910000, T=7.47416, cost function=83087.6, nestedness=0.985936, connectance=0.7328
	 Step 920000, T=7.32542, cost function=83037.8, nestedness=0.980523, connectance=0.7328
	 Step 930000, T=7.32542, cost function=83001.4, nestedness=0.983646, connectance=0.7328
	 Step 940000, T=7.25217, cost function=82935, nestedness=0.991869, connectance=0.7328
	 Step 950000, T=7.25217, cost function=82972.9, nestedness=0.992396, connectance=0.7328
	 Step 960000, T=7.25217, cost function=82984.1, nestedness=0.987594, connectance=0.7328
	 Step 970000, T=7.25217, cost function=83041.1, nestedness=0.989409, connectance=0.7328
	 Step 980000, T=7.70294, cost function=83044.1, nestedness=0.982041, connectance=0.7328
	 Step 990000, T=7.25217, cost function=82999.9, nestedness=0.988251, connectance=0.7328
	 Step 1000000, T=7.25217, cost function=83089.9, nestedness=0.98634, connectance=0.7328
Created initial alpha guess with nestedness 0.730384
	 Step 0, T=4.95, cost function=122699, nestedness=0.730384, connectance=0.6704
	 Step 10000, T=9.8042, cost function=97999.5, nestedness=0.92015, connectance=0.6704
	 Step 20000, T=8.86674, cost function=96613.1, nestedness=0.949879, connectance=0.6704
	 Step 30000, T=8.51735, cost function=96203.6, nestedness=0.965359, connectance=0.6704
	 Step 40000, T=8.51735, cost function=96132, nestedness=0.977559, connectance=0.6704
	 Step 50000, T=8.34786, cost function=96083.2, nestedness=0.976223, connectance=0.6704
	 Step 60000, T=8.43218, cost function=96220.5, nestedness=0.964874, connectance=0.6704
	 Step 70000, T=8.43218, cost function=96055.1, nestedness=0.971833, connectance=0.6704
	 Step 80000, T=8.43218, cost function=95994.4, nestedness=0.97566, connectance=0.6704
	 Step 90000, T=8.34786, cost function=95987.6, nestedness=0.977065, connectance=0.6704
	 Step 100000, T=8.34786, cost function=95848.9, nestedness=0.983502, connectance=0.6704
	 Step 110000, T=8.34786, cost function=96002.2, nestedness=0.979885, connectance=0.6704
	 Step 120000, T=8.51735, cost function=96127.1, nestedness=0.973737, connectance=0.6704
	 Step 130000, T=8.51735, cost function=96185.2, nestedness=0.973688, connectance=0.6704
	 Step 140000, T=8.34786, cost function=96024.8, nestedness=0.978484, connectance=0.6704
	 Step 150000, T=8.34786, cost function=96072.8, nestedness=0.981397, connectance=0.6704
	 Step 160000, T=8.34786, cost function=96070.9, nestedness=0.974166, connectance=0.6704
	 Step 170000, T=8.34786, cost function=96031.1, nestedness=0.969514, connectance=0.6704
	 Step 180000, T=8.51735, cost function=96233.6, nestedness=0.970992, connectance=0.6704
	 Step 190000, T=8.51735, cost function=96312.4, nestedness=0.96149, connectance=0.6704
	 Step 200000, T=8.60339, cost function=96297.8, nestedness=0.972036, connectance=0.6704
	 Step 210000, T=8.43218, cost function=96071.2, nestedness=0.970728, connectance=0.6704
	 Step 220000, T=8.43218, cost function=96076.9, nestedness=0.972731, connectance=0.6704
	 Step 230000, T=8.60339, cost function=96100.5, nestedness=0.974329, connectance=0.6704
	 Step 240000, T=8.34786, cost function=96105.8, nestedness=0.962677, connectance=0.6704
	 Step 250000, T=8.34786, cost function=96079.9, nestedness=0.969685, connectance=0.6704
	 Step 260000, T=8.34786, cost function=96022.5, nestedness=0.977067, connectance=0.6704
	 Step 270000, T=8.34786, cost function=96014.2, nestedness=0.973807, connectance=0.6704
	 Step 280000, T=8.34786, cost function=96084, nestedness=0.969857, connectance=0.6704
	 Step 290000, T=8.34786, cost function=96122.2, nestedness=0.974749, connectance=0.6704
	 Step 300000, T=8.34786, cost function=96018.4, nestedness=0.983622, connectance=0.6704
	 Step 310000, T=8.34786, cost function=96013.1, nestedness=0.979077, connectance=0.6704
	 Step 320000, T=8.51735, cost function=95986.1, nestedness=0.976692, connectance=0.6704
	 Step 330000, T=8.51735, cost function=96144.8, nestedness=0.971227, connectance=0.6704
	 Step 340000, T=8.51735, cost function=96004.1, nestedness=0.976188, connectance=0.6704
	 Step 350000, T=8.34786, cost function=96025.9, nestedness=0.973589, connectance=0.6704
	 Step 360000, T=8.34786, cost function=95998.9, nestedness=0.979076, connectance=0.6704
	 Step 370000, T=8.34786, cost function=96050.2, nestedness=0.97766, connectance=0.6704
	 Step 380000, T=8.34786, cost function=95972.6, nestedness=0.975063, connectance=0.6704
	 Step 390000, T=8.34786, cost function=96090.4, nestedness=0.971849, connectance=0.6704
	 Step 400000, T=8.51735, cost function=96020.6, nestedness=0.978232, connectance=0.6704
	 Step 410000, T=8.34786, cost function=96007.1, nestedness=0.97598, connectance=0.6704
	 Step 420000, T=8.34786, cost function=96063, nestedness=0.972613, connectance=0.6704
	 Step 430000, T=8.34786, cost function=95949.4, nestedness=0.982674, connectance=0.6704
	 Step 440000, T=8.43218, cost function=96066.8, nestedness=0.967937, connectance=0.6704
	 Step 450000, T=8.43218, cost function=96093.4, nestedness=0.972806, connectance=0.6704
	 Step 460000, T=8.43218, cost function=96014.6, nestedness=0.973115, connectance=0.6704
	 Step 470000, T=8.43218, cost function=95907, nestedness=0.979645, connectance=0.6704
	 Step 480000, T=8.43218, cost function=95893.1, nestedness=0.974007, connectance=0.6704
	 Step 490000, T=8.43218, cost function=95997, nestedness=0.975075, connectance=0.6704
	 Step 500000, T=8.43218, cost function=96035.2, nestedness=0.97022, connectance=0.6704
	 Step 510000, T=8.34786, cost function=96031.9, nestedness=0.972866, connectance=0.6704
	 Step 520000, T=8.34786, cost function=96008.2, nestedness=0.976057, connectance=0.6704
	 Step 530000, T=8.34786, cost function=96110.6, nestedness=0.977402, connectance=0.6704
	 Step 540000, T=8.34786, cost function=95958, nestedness=0.974742, connectance=0.6704
	 Step 550000, T=8.34786, cost function=96066.4, nestedness=0.96984, connectance=0.6704
	 Step 560000, T=8.34786, cost function=96030, nestedness=0.974359, connectance=0.6704
	 Step 570000, T=8.34786, cost function=95991, nestedness=0.978193, connectance=0.6704
	 Step 580000, T=8.34786, cost function=96094.5, nestedness=0.968214, connectance=0.6704
	 Step 590000, T=8.34786, cost function=95917.9, nestedness=0.979724, connectance=0.6704
	 Step 600000, T=8.34786, cost function=95992.5, nestedness=0.980198, connectance=0.6704
	 Step 610000, T=8.51735, cost function=96135.8, nestedness=0.969816, connectance=0.6704
	 Step 620000, T=8.34786, cost function=96082.1, nestedness=0.975835, connectance=0.6704
	 Step 630000, T=8.34786, cost function=95970, nestedness=0.9791, connectance=0.6704
	 Step 640000, T=8.34786, cost function=96109.9, nestedness=0.972969, connectance=0.6704
	 Step 650000, T=8.34786, cost function=96078.8, nestedness=0.978785, connectance=0.6704
	 Step 660000, T=8.34786, cost function=96071.2, nestedness=0.972694, connectance=0.6704
	 Step 670000, T=8.34786, cost function=96102.4, nestedness=0.96425, connectance=0.6704
	 Step 680000, T=8.34786, cost function=96121.9, nestedness=0.973573, connectance=0.6704
	 Step 690000, T=8.34786, cost function=96049.1, nestedness=0.972741, connectance=0.6704
	 Step 700000, T=8.34786, cost function=96029.2, nestedness=0.973073, connectance=0.6704
	 Step 710000, T=8.43218, cost function=96079.9, nestedness=0.965047, connectance=0.6704
	 Step 720000, T=8.43218, cost function=95905.9, nestedness=0.9781, connectance=0.6704
	 Step 730000, T=8.43218, cost function=96082.1, nestedness=0.973181, connectance=0.6704
	 Step 740000, T=8.43218, cost function=96050.2, nestedness=0.979874, connectance=0.6704
	 Step 750000, T=8.43218, cost function=96143.2, nestedness=0.975786, connectance=0.6704
	 Step 760000, T=8.43218, cost function=96083.2, nestedness=0.972989, connectance=0.6704
	 Step 770000, T=8.43218, cost function=96083.6, nestedness=0.97108, connectance=0.6704
	 Step 780000, T=8.43218, cost function=96005.6, nestedness=0.977742, connectance=0.6704
	 Step 790000, T=8.43218, cost function=95999.2, nestedness=0.980389, connectance=0.6704
	 Step 800000, T=8.34786, cost function=96069.4, nestedness=0.972725, connectance=0.6704
	 Step 810000, T=8.34786, cost function=96016.5, nestedness=0.972203, connectance=0.6704
	 Step 820000, T=8.51735, cost function=96130.5, nestedness=0.969005, connectance=0.6704
	 Step 830000, T=8.34786, cost function=96066.8, nestedness=0.972666, connectance=0.6704
	 Step 840000, T=8.34786, cost function=96105.8, nestedness=0.966955, connectance=0.6704
	 Step 850000, T=8.51735, cost function=96144.4, nestedness=0.970742, connectance=0.6704
	 Step 860000, T=8.43218, cost function=96225.4, nestedness=0.961877, connectance=0.6704
	 Step 870000, T=8.51735, cost function=96157.9, nestedness=0.970319, connectance=0.6704
	 Step 880000, T=8.34786, cost function=96054.4, nestedness=0.974005, connectance=0.6704
	 Step 890000, T=8.34786, cost function=95966.2, nestedness=0.973249, connectance=0.6704
	 Step 900000, T=8.34786, cost function=96007.9, nestedness=0.976097, connectance=0.6704
	 Step 910000, T=8.43218, cost function=96135.8, nestedness=0.968994, connectance=0.6704
	 Step 920000, T=8.43218, cost function=96086.2, nestedness=0.970748, connectance=0.6704
	 Step 930000, T=8.51735, cost function=96185.6, nestedness=0.974707, connectance=0.6704
	 Step 940000, T=8.51735, cost function=96237, nestedness=0.968441, connectance=0.6704
	 Step 950000, T=8.43218, cost function=96328.1, nestedness=0.962044, connectance=0.6704
	 Step 960000, T=8.43218, cost function=96163.9, nestedness=0.976585, connectance=0.6704
	 Step 970000, T=8.43218, cost function=96063.8, nestedness=0.966462, connectance=0.6704
	 Step 980000, T=8.43218, cost function=96251.2, nestedness=0.964123, connectance=0.6704
	 Step 990000, T=8.34786, cost function=96052.1, nestedness=0.977467, connectance=0.6704
	 Step 1000000, T=8.34786, cost function=96111, nestedness=0.96984, connectance=0.6704
Created initial alpha guess with nestedness 0.676185
	 Step 0, T=4.95, cost function=128065, nestedness=0.676185, connectance=0.6256
	 Step 10000, T=10.2064, cost function=105201, nestedness=0.911506, connectance=0.6256
	 Step 20000, T=9.23046, cost function=104175, nestedness=0.933272, connectance=0.6256
	 Step 30000, T=9.23046, cost function=104088, nestedness=0.929443, connectance=0.6256
	 Step 40000, T=9.13815, cost function=103922, nestedness=0.943922, connectance=0.6256
	 Step 50000, T=9.13815, cost function=103893, nestedness=0.94778, connectance=0.6256
	 Step 60000, T=9.13815, cost function=103851, nestedness=0.952667, connectance=0.6256
	 Step 70000, T=9.04677, cost function=103814, nestedness=0.949057, connectance=0.6256
	 Step 80000, T=9.13815, cost function=104141, nestedness=0.943737, connectance=0.6256
	 Step 90000, T=9.13815, cost function=104088, nestedness=0.94208, connectance=0.6256
	 Step 100000, T=9.04677, cost function=104029, nestedness=0.934055, connectance=0.6256
	 Step 110000, T=9.04677, cost function=104108, nestedness=0.93358, connectance=0.6256
	 Step 120000, T=9.04677, cost function=104096, nestedness=0.93093, connectance=0.6256
	 Step 130000, T=9.04677, cost function=103988, nestedness=0.942959, connectance=0.6256
	 Step 140000, T=9.04677, cost function=103986, nestedness=0.934702, connectance=0.6256
	 Step 150000, T=9.04677, cost function=104019, nestedness=0.939679, connectance=0.6256
	 Step 160000, T=9.04677, cost function=103772, nestedness=0.947166, connectance=0.6256
	 Step 170000, T=9.04677, cost function=104047, nestedness=0.944597, connectance=0.6256
	 Step 180000, T=9.04677, cost function=103706, nestedness=0.953951, connectance=0.6256
	 Step 190000, T=9.13815, cost function=103740, nestedness=0.945406, connectance=0.6256
	 Step 200000, T=9.23046, cost function=103919, nestedness=0.941384, connectance=0.6256
	 Step 210000, T=9.04677, cost function=103975, nestedness=0.933684, connectance=0.6256
	 Step 220000, T=9.04677, cost function=104037, nestedness=0.934484, connectance=0.6256
	 Step 230000, T=9.13815, cost function=104040, nestedness=0.932572, connectance=0.6256
	 Step 240000, T=9.13815, cost function=103857, nestedness=0.946241, connectance=0.6256
	 Step 250000, T=9.13815, cost function=104005, nestedness=0.950963, connectance=0.6256
	 Step 260000, T=9.13815, cost function=104191, nestedness=0.939682, connectance=0.6256
	 Step 270000, T=9.13815, cost function=104058, nestedness=0.940515, connectance=0.6256
	 Step 280000, T=9.13815, cost function=103839, nestedness=0.943931, connectance=0.6256
	 Step 290000, T=9.13815, cost function=103922, nestedness=0.945824, connectance=0.6256
	 Step 300000, T=9.04677, cost function=103870, nestedness=0.937844, connectance=0.6256
	 Step 310000, T=9.04677, cost function=103909, nestedness=0.947279, connectance=0.6256
	 Step 320000, T=9.04677, cost function=103789, nestedness=0.945763, connectance=0.6256
	 Step 330000, T=9.23046, cost function=103821, nestedness=0.946924, connectance=0.6256
	 Step 340000, T=9.04677, cost function=104057, nestedness=0.942919, connectance=0.6256
	 Step 350000, T=9.04677, cost function=103868, nestedness=0.936981, connectance=0.6256
	 Step 360000, T=9.04677, cost function=103765, nestedness=0.943142, connectance=0.6256
	 Step 370000, T=9.04677, cost function=104026, nestedness=0.939783, connectance=0.6256
	 Step 380000, T=9.04677, cost function=103963, nestedness=0.941735, connectance=0.6256
	 Step 390000, T=9.13815, cost function=103866, nestedness=0.951093, connectance=0.6256
	 Step 400000, T=9.13815, cost function=103806, nestedness=0.950014, connectance=0.6256
	 Step 410000, T=9.13815, cost function=103900, nestedness=0.936701, connectance=0.6256
	 Step 420000, T=9.04677, cost function=103922, nestedness=0.937995, connectance=0.6256
	 Step 430000, T=9.04677, cost function=104091, nestedness=0.946238, connectance=0.6256
	 Step 440000, T=9.04677, cost function=103840, nestedness=0.952783, connectance=0.6256
	 Step 450000, T=9.04677, cost function=103912, nestedness=0.941525, connectance=0.6256
	 Step 460000, T=9.13815, cost function=103868, nestedness=0.946602, connectance=0.6256
	 Step 470000, T=9.04677, cost function=103902, nestedness=0.939024, connectance=0.6256
	 Step 480000, T=9.04677, cost function=103956, nestedness=0.94149, connectance=0.6256
	 Step 490000, T=9.04677, cost function=103962, nestedness=0.943485, connectance=0.6256
	 Step 500000, T=9.04677, cost function=103908, nestedness=0.948114, connectance=0.6256
	 Step 510000, T=9.32369, cost function=104170, nestedness=0.943016, connectance=0.6256
	 Step 520000, T=9.13815, cost function=104041, nestedness=0.932769, connectance=0.6256
	 Step 530000, T=9.04677, cost function=103821, nestedness=0.951683, connectance=0.6256
	 Step 540000, T=9.04677, cost function=103928, nestedness=0.943266, connectance=0.6256
	 Step 550000, T=9.13815, cost function=104178, nestedness=0.935473, connectance=0.6256
	 Step 560000, T=9.04677, cost function=103885, nestedness=0.953298, connectance=0.6256
	 Step 570000, T=9.13815, cost function=103788, nestedness=0.94979, connectance=0.6256
	 Step 580000, T=9.13815, cost function=103869, nestedness=0.951916, connectance=0.6256
	 Step 590000, T=9.13815, cost function=103952, nestedness=0.939532, connectance=0.6256
	 Step 600000, T=9.13815, cost function=103956, nestedness=0.942606, connectance=0.6256
	 Step 610000, T=9.23046, cost function=104257, nestedness=0.931059, connectance=0.6256
	 Step 620000, T=9.13815, cost function=104026, nestedness=0.936428, connectance=0.6256
	 Step 630000, T=9.13815, cost function=103924, nestedness=0.932161, connectance=0.6256
	 Step 640000, T=9.13815, cost function=103987, nestedness=0.937006, connectance=0.6256
	 Step 650000, T=9.13815, cost function=104028, nestedness=0.929384, connectance=0.6256
	 Step 660000, T=9.13815, cost function=103887, nestedness=0.939752, connectance=0.6256
	 Step 670000, T=9.13815, cost function=103773, nestedness=0.95221, connectance=0.6256
	 Step 680000, T=9.04677, cost function=103728, nestedness=0.956768, connectance=0.6256
	 Step 690000, T=9.04677, cost function=103775, nestedness=0.943598, connectance=0.6256
	 Step 700000, T=9.13815, cost function=104021, nestedness=0.947704, connectance=0.6256
	 Step 710000, T=9.04677, cost function=103939, nestedness=0.94589, connectance=0.6256
	 Step 720000, T=9.04677, cost function=103864, nestedness=0.949789, connectance=0.6256
	 Step 730000, T=9.04677, cost function=103907, nestedness=0.956033, connectance=0.6256
	 Step 740000, T=9.04677, cost function=103875, nestedness=0.943738, connectance=0.6256
	 Step 750000, T=9.04677, cost function=103777, nestedness=0.95401, connectance=0.6256
	 Step 760000, T=9.04677, cost function=103868, nestedness=0.951174, connectance=0.6256
	 Step 770000, T=9.04677, cost function=104028, nestedness=0.940534, connectance=0.6256
	 Step 780000, T=9.23046, cost function=104258, nestedness=0.930471, connectance=0.6256
	 Step 790000, T=9.04677, cost function=104055, nestedness=0.939826, connectance=0.6256
	 Step 800000, T=9.04677, cost function=104008, nestedness=0.944031, connectance=0.6256
	 Step 810000, T=9.04677, cost function=104094, nestedness=0.932023, connectance=0.6256
	 Step 820000, T=9.04677, cost function=104031, nestedness=0.938368, connectance=0.6256
	 Step 830000, T=9.23046, cost function=103911, nestedness=0.948307, connectance=0.6256
	 Step 840000, T=9.04677, cost function=103922, nestedness=0.941701, connectance=0.6256
	 Step 850000, T=9.13815, cost function=103935, nestedness=0.947828, connectance=0.6256
	 Step 860000, T=9.13815, cost function=103911, nestedness=0.944426, connectance=0.6256
	 Step 870000, T=9.23046, cost function=103924, nestedness=0.947461, connectance=0.6256
	 Step 880000, T=9.04677, cost function=104078, nestedness=0.928695, connectance=0.6256
	 Step 890000, T=9.13815, cost function=104132, nestedness=0.944781, connectance=0.6256
	 Step 900000, T=9.13815, cost function=104015, nestedness=0.935113, connectance=0.6256
	 Step 910000, T=9.13815, cost function=104005, nestedness=0.941674, connectance=0.6256
	 Step 920000, T=9.04677, cost function=104008, nestedness=0.93629, connectance=0.6256
	 Step 930000, T=9.13815, cost function=103884, nestedness=0.945738, connectance=0.6256
	 Step 940000, T=9.13815, cost function=103982, nestedness=0.951899, connectance=0.6256
	 Step 950000, T=9.13815, cost function=103982, nestedness=0.941611, connectance=0.6256
	 Step 960000, T=9.13815, cost function=103985, nestedness=0.943743, connectance=0.6256
	 Step 970000, T=9.04677, cost function=104084, nestedness=0.941714, connectance=0.6256
	 Step 980000, T=9.04677, cost function=104139, nestedness=0.932348, connectance=0.6256
	 Step 990000, T=9.13815, cost function=103951, nestedness=0.942831, connectance=0.6256
	 Step 1000000, T=9.13815, cost function=104101, nestedness=0.944658, connectance=0.6256
Created initial alpha guess with nestedness 0.646228
	 Step 0, T=4.95, cost function=137388, nestedness=0.646228, connectance=0.584
	 Step 10000, T=11.0609, cost function=117749, nestedness=0.879042, connectance=0.584
	 Step 20000, T=10.3095, cost function=117137, nestedness=0.895629, connectance=0.584
	 Step 30000, T=10.2064, cost function=116235, nestedness=0.935178, connectance=0.584
	 Step 40000, T=10.2064, cost function=116545, nestedness=0.924911, connectance=0.584
	 Step 50000, T=10.2064, cost function=116658, nestedness=0.929697, connectance=0.584
	 Step 60000, T=10.2064, cost function=116679, nestedness=0.924603, connectance=0.584
	 Step 70000, T=10.2064, cost function=116986, nestedness=0.898216, connectance=0.584
	 Step 80000, T=10.3095, cost function=116445, nestedness=0.919472, connectance=0.584
	 Step 90000, T=10.3095, cost function=116994, nestedness=0.906165, connectance=0.584
	 Step 100000, T=10.2064, cost function=116846, nestedness=0.912577, connectance=0.584
	 Step 110000, T=10.2064, cost function=116562, nestedness=0.921871, connectance=0.584
	 Step 120000, T=10.2064, cost function=116519, nestedness=0.91939, connectance=0.584
	 Step 130000, T=10.2064, cost function=116798, nestedness=0.914126, connectance=0.584
	 Step 140000, T=10.2064, cost function=116852, nestedness=0.906199, connectance=0.584
	 Step 150000, T=10.4136, cost function=116496, nestedness=0.919883, connectance=0.584
	 Step 160000, T=10.2064, cost function=116339, nestedness=0.936937, connectance=0.584
	 Step 170000, T=10.3095, cost function=116691, nestedness=0.908333, connectance=0.584
	 Step 180000, T=10.3095, cost function=116662, nestedness=0.925094, connectance=0.584
	 Step 190000, T=10.3095, cost function=117038, nestedness=0.908701, connectance=0.584
	 Step 200000, T=10.3095, cost function=116747, nestedness=0.907348, connectance=0.584
	 Step 210000, T=10.1043, cost function=116185, nestedness=0.926511, connectance=0.584
	 Step 220000, T=10.1043, cost function=116293, nestedness=0.94423, connectance=0.584
	 Step 230000, T=10.2064, cost function=116421, nestedness=0.924316, connectance=0.584
	 Step 240000, T=10.2064, cost function=116300, nestedness=0.935423, connectance=0.584
	 Step 250000, T=10.2064, cost function=116210, nestedness=0.92129, connectance=0.584
	 Step 260000, T=10.2064, cost function=116282, nestedness=0.933039, connectance=0.584
	 Step 270000, T=10.3095, cost function=116284, nestedness=0.932059, connectance=0.584
	 Step 280000, T=10.2064, cost function=116631, nestedness=0.917561, connectance=0.584
	 Step 290000, T=10.3095, cost function=116391, nestedness=0.923533, connectance=0.584
	 Step 300000, T=10.3095, cost function=116856, nestedness=0.911489, connectance=0.584
	 Step 310000, T=10.3095, cost function=116538, nestedness=0.919543, connectance=0.584
	 Step 320000, T=10.3095, cost function=116679, nestedness=0.923283, connectance=0.584
	 Step 330000, T=10.3095, cost function=116717, nestedness=0.916519, connectance=0.584
	 Step 340000, T=10.3095, cost function=116758, nestedness=0.921541, connectance=0.584
	 Step 350000, T=10.2064, cost function=116794, nestedness=0.904874, connectance=0.584
	 Step 360000, T=10.3095, cost function=116658, nestedness=0.929271, connectance=0.584
	 Step 370000, T=10.2064, cost function=116524, nestedness=0.924981, connectance=0.584
	 Step 380000, T=10.2064, cost function=116616, nestedness=0.925899, connectance=0.584
	 Step 390000, T=10.2064, cost function=116758, nestedness=0.906948, connectance=0.584
	 Step 400000, T=10.3095, cost function=116630, nestedness=0.920177, connectance=0.584
	 Step 410000, T=10.3095, cost function=116535, nestedness=0.910873, connectance=0.584
	 Step 420000, T=10.3095, cost function=116627, nestedness=0.920934, connectance=0.584
	 Step 430000, T=10.3095, cost function=116620, nestedness=0.923825, connectance=0.584
	 Step 440000, T=10.3095, cost function=116722, nestedness=0.914617, connectance=0.584
	 Step 450000, T=10.2064, cost function=116682, nestedness=0.919643, connectance=0.584
	 Step 460000, T=10.3095, cost function=116558, nestedness=0.911727, connectance=0.584
	 Step 470000, T=10.3095, cost function=116578, nestedness=0.920652, connectance=0.584
	 Step 480000, T=10.3095, cost function=116556, nestedness=0.922596, connectance=0.584
	 Step 490000, T=10.1043, cost function=116343, nestedness=0.926234, connectance=0.584
	 Step 500000, T=10.2064, cost function=116506, nestedness=0.930415, connectance=0.584
	 Step 510000, T=10.3095, cost function=116497, nestedness=0.920204, connectance=0.584
	 Step 520000, T=10.3095, cost function=116758, nestedness=0.917653, connectance=0.584
	 Step 530000, T=10.3095, cost function=116583, nestedness=0.916378, connectance=0.584
	 Step 540000, T=10.3095, cost function=116734, nestedness=0.904765, connectance=0.584
	 Step 550000, T=10.2064, cost function=116656, nestedness=0.925693, connectance=0.584
	 Step 560000, T=10.2064, cost function=116827, nestedness=0.910355, connectance=0.584
	 Step 570000, T=10.2064, cost function=116911, nestedness=0.901609, connectance=0.584
	 Step 580000, T=10.2064, cost function=116670, nestedness=0.922363, connectance=0.584
	 Step 590000, T=10.2064, cost function=116539, nestedness=0.921306, connectance=0.584
	 Step 600000, T=10.3095, cost function=116582, nestedness=0.922673, connectance=0.584
	 Step 610000, T=10.2064, cost function=116390, nestedness=0.923113, connectance=0.584
	 Step 620000, T=10.2064, cost function=116368, nestedness=0.930308, connectance=0.584
	 Step 630000, T=10.2064, cost function=116658, nestedness=0.91896, connectance=0.584
	 Step 640000, T=10.2064, cost function=116450, nestedness=0.92779, connectance=0.584
	 Step 650000, T=10.2064, cost function=116859, nestedness=0.907235, connectance=0.584
	 Step 660000, T=10.3095, cost function=116560, nestedness=0.919426, connectance=0.584
	 Step 670000, T=10.3095, cost function=116477, nestedness=0.924993, connectance=0.584
	 Step 680000, T=10.2064, cost function=116497, nestedness=0.928397, connectance=0.584
	 Step 690000, T=10.2064, cost function=116493, nestedness=0.928013, connectance=0.584
	 Step 700000, T=10.2064, cost function=116664, nestedness=0.904553, connectance=0.584
	 Step 710000, T=10.2064, cost function=116613, nestedness=0.927635, connectance=0.584
	 Step 720000, T=10.2064, cost function=116700, nestedness=0.918401, connectance=0.584
	 Step 730000, T=10.3095, cost function=116575, nestedness=0.927191, connectance=0.584
	 Step 740000, T=10.3095, cost function=116658, nestedness=0.916396, connectance=0.584
	 Step 750000, T=10.2064, cost function=116628, nestedness=0.915801, connectance=0.584
	 Step 760000, T=10.3095, cost function=116520, nestedness=0.919885, connectance=0.584
	 Step 770000, T=10.2064, cost function=116546, nestedness=0.91465, connectance=0.584
	 Step 780000, T=10.2064, cost function=116685, nestedness=0.907743, connectance=0.584
	 Step 790000, T=10.2064, cost function=116841, nestedness=0.912556, connectance=0.584
	 Step 800000, T=10.2064, cost function=116556, nestedness=0.919062, connectance=0.584
	 Step 810000, T=10.2064, cost function=116858, nestedness=0.899026, connectance=0.584
	 Step 820000, T=10.3095, cost function=116597, nestedness=0.923586, connectance=0.584
	 Step 830000, T=10.3095, cost function=116517, nestedness=0.923565, connectance=0.584
	 Step 840000, T=10.3095, cost function=116554, nestedness=0.920744, connectance=0.584
	 Step 850000, T=10.3095, cost function=116552, nestedness=0.915608, connectance=0.584
	 Step 860000, T=10.2064, cost function=116626, nestedness=0.923661, connectance=0.584
	 Step 870000, T=10.3095, cost function=116478, nestedness=0.919439, connectance=0.584
	 Step 880000, T=10.1043, cost function=116332, nestedness=0.931746, connectance=0.584
	 Step 890000, T=10.3095, cost function=116618, nestedness=0.921552, connectance=0.584
	 Step 900000, T=10.2064, cost function=116224, nestedness=0.931134, connectance=0.584
	 Step 910000, T=10.2064, cost function=116294, nestedness=0.922781, connectance=0.584
	 Step 920000, T=10.1043, cost function=116265, nestedness=0.93385, connectance=0.584
	 Step 930000, T=10.1043, cost function=116276, nestedness=0.925329, connectance=0.584
	 Step 940000, T=10.3095, cost function=116519, nestedness=0.921733, connectance=0.584
	 Step 950000, T=10.3095, cost function=116462, nestedness=0.924299, connectance=0.584
	 Step 960000, T=10.3095, cost function=116630, nestedness=0.911214, connectance=0.584
	 Step 970000, T=10.3095, cost function=116505, nestedness=0.924016, connectance=0.584
	 Step 980000, T=10.1043, cost function=116282, nestedness=0.93428, connectance=0.584
	 Step 990000, T=10.2064, cost function=116435, nestedness=0.921074, connectance=0.584
	 Step 1000000, T=10.2064, cost function=116711, nestedness=0.913681, connectance=0.584
Created initial alpha guess with nestedness 0.814197
	 Step 0, T=4.95, cost function=103035, nestedness=0.814197, connectance=0.7696
	 Step 10000, T=8.18174, cost function=69038.6, nestedness=0.957406, connectance=0.7696
	 Step 20000, T=7.39942, cost function=67885.9, nestedness=0.9806, connectance=0.7696
	 Step 30000, T=6.6919, cost function=67769.2, nestedness=0.982941, connectance=0.7696
	 Step 40000, T=6.05203, cost function=67732.1, nestedness=0.982909, connectance=0.7696
	 Step 50000, T=6.05203, cost function=67727.2, nestedness=0.981556, connectance=0.7696
	 Step 60000, T=5.99151, cost function=67561.1, nestedness=0.988056, connectance=0.7696
	 Step 70000, T=5.9316, cost function=67577.2, nestedness=0.988708, connectance=0.7696
	 Step 80000, T=5.87228, cost function=67610.6, nestedness=0.987601, connectance=0.7696
	 Step 90000, T=5.87228, cost function=67615.5, nestedness=0.985095, connectance=0.7696
	 Step 100000, T=6.11316, cost function=67493.6, nestedness=0.988502, connectance=0.7696
	 Step 110000, T=5.87228, cost function=67563.8, nestedness=0.988597, connectance=0.7696
	 Step 120000, T=5.87228, cost function=67537.5, nestedness=0.989322, connectance=0.7696
	 Step 130000, T=5.99151, cost function=67563, nestedness=0.987535, connectance=0.7696
	 Step 140000, T=5.87228, cost function=67594.5, nestedness=0.987406, connectance=0.7696
	 Step 150000, T=5.87228, cost function=67523.6, nestedness=0.989664, connectance=0.7696
	 Step 160000, T=5.87228, cost function=67579.9, nestedness=0.986436, connectance=0.7696
	 Step 170000, T=5.87228, cost function=67590, nestedness=0.99238, connectance=0.7696
	 Step 180000, T=5.87228, cost function=67515.8, nestedness=0.990322, connectance=0.7696
	 Step 190000, T=5.99151, cost function=67510.1, nestedness=0.991155, connectance=0.7696
	 Step 200000, T=5.87228, cost function=67606.9, nestedness=0.986941, connectance=0.7696
	 Step 210000, T=6.11316, cost function=67614.8, nestedness=0.984645, connectance=0.7696
	 Step 220000, T=5.99151, cost function=67604.2, nestedness=0.984522, connectance=0.7696
	 Step 230000, T=5.99151, cost function=67646.2, nestedness=0.983524, connectance=0.7696
	 Step 240000, T=5.99151, cost function=67668, nestedness=0.983624, connectance=0.7696
	 Step 250000, T=5.99151, cost function=67624.1, nestedness=0.98564, connectance=0.7696
	 Step 260000, T=5.87228, cost function=67551, nestedness=0.989675, connectance=0.7696
	 Step 270000, T=5.87228, cost function=67597.5, nestedness=0.98782, connectance=0.7696
	 Step 280000, T=5.87228, cost function=67574.2, nestedness=0.983035, connectance=0.7696
	 Step 290000, T=5.87228, cost function=67568.6, nestedness=0.992337, connectance=0.7696
	 Step 300000, T=5.87228, cost function=67567.5, nestedness=0.989266, connectance=0.7696
	 Step 310000, T=5.99151, cost function=67604.2, nestedness=0.988522, connectance=0.7696
	 Step 320000, T=5.99151, cost function=67670.6, nestedness=0.981909, connectance=0.7696
	 Step 330000, T=5.87228, cost function=67581.4, nestedness=0.987488, connectance=0.7696
	 Step 340000, T=5.87228, cost function=67615.9, nestedness=0.98894, connectance=0.7696
	 Step 350000, T=5.87228, cost function=67602, nestedness=0.985027, connectance=0.7696
	 Step 360000, T=5.87228, cost function=67603.1, nestedness=0.985027, connectance=0.7696
	 Step 370000, T=5.87228, cost function=67557.8, nestedness=0.990152, connectance=0.7696
	 Step 380000, T=5.87228, cost function=67609.1, nestedness=0.986117, connectance=0.7696
	 Step 390000, T=5.87228, cost function=67599, nestedness=0.989223, connectance=0.7696
	 Step 400000, T=5.87228, cost function=67572.4, nestedness=0.988693, connectance=0.7696
	 Step 410000, T=5.87228, cost function=67545.4, nestedness=0.988696, connectance=0.7696
	 Step 420000, T=5.87228, cost function=67560.8, nestedness=0.987397, connectance=0.7696
	 Step 430000, T=5.87228, cost function=67559.2, nestedness=0.988543, connectance=0.7696
	 Step 440000, T=5.87228, cost function=67491.8, nestedness=0.99144, connectance=0.7696
	 Step 450000, T=5.87228, cost function=67494.8, nestedness=0.992746, connectance=0.7696
	 Step 460000, T=5.87228, cost function=67513.9, nestedness=0.990548, connectance=0.7696
	 Step 470000, T=6.11316, cost function=67611, nestedness=0.984149, connectance=0.7696
	 Step 480000, T=5.87228, cost function=67571.2, nestedness=0.991303, connectance=0.7696
	 Step 490000, T=5.87228, cost function=67598.6, nestedness=0.982486, connectance=0.7696
	 Step 500000, T=5.87228, cost function=67585.9, nestedness=0.988108, connectance=0.7696
	 Step 510000, T=5.99151, cost function=67644, nestedness=0.986179, connectance=0.7696
	 Step 520000, T=5.99151, cost function=67562.2, nestedness=0.985975, connectance=0.7696
	 Step 530000, T=5.87228, cost function=67553.2, nestedness=0.986531, connectance=0.7696
	 Step 540000, T=5.87228, cost function=67557.8, nestedness=0.989378, connectance=0.7696
	 Step 550000, T=5.87228, cost function=67551.8, nestedness=0.986114, connectance=0.7696
	 Step 560000, T=5.87228, cost function=67588.5, nestedness=0.986893, connectance=0.7696
	 Step 570000, T=5.99151, cost function=67699.5, nestedness=0.982362, connectance=0.7696
	 Step 580000, T=5.87228, cost function=67609.1, nestedness=0.98501, connectance=0.7696
	 Step 590000, T=5.87228, cost function=67555.1, nestedness=0.992337, connectance=0.7696
	 Step 600000, T=5.87228, cost function=67564.5, nestedness=0.989353, connectance=0.7696
	 Step 610000, T=5.99151, cost function=67615.5, nestedness=0.985275, connectance=0.7696
	 Step 620000, T=5.87228, cost function=67549.9, nestedness=0.9877, connectance=0.7696
	 Step 630000, T=5.87228, cost function=67579.9, nestedness=0.986415, connectance=0.7696
	 Step 640000, T=6.11316, cost function=67678.5, nestedness=0.982932, connectance=0.7696
	 Step 650000, T=5.99151, cost function=67645.5, nestedness=0.988216, connectance=0.7696
	 Step 660000, T=5.87228, cost function=67564.5, nestedness=0.985188, connectance=0.7696
	 Step 670000, T=5.87228, cost function=67561.5, nestedness=0.98872, connectance=0.7696
	 Step 680000, T=5.87228, cost function=67534.9, nestedness=0.988277, connectance=0.7696
	 Step 690000, T=5.87228, cost function=67488, nestedness=0.990873, connectance=0.7696
	 Step 700000, T=5.87228, cost function=67601.6, nestedness=0.985466, connectance=0.7696
	 Step 710000, T=5.87228, cost function=67608, nestedness=0.987272, connectance=0.7696
	 Step 720000, T=5.87228, cost function=67573.5, nestedness=0.987976, connectance=0.7696
	 Step 730000, T=5.87228, cost function=67581, nestedness=0.988528, connectance=0.7696
	 Step 740000, T=6.23729, cost function=67624.1, nestedness=0.986243, connectance=0.7696
	 Step 750000, T=5.87228, cost function=67541.6, nestedness=0.985648, connectance=0.7696
	 Step 760000, T=5.87228, cost function=67518.4, nestedness=0.989822, connectance=0.7696
	 Step 770000, T=5.87228, cost function=67479, nestedness=0.992984, connectance=0.7696
	 Step 780000, T=5.87228, cost function=67585.9, nestedness=0.989148, connectance=0.7696
	 Step 790000, T=5.99151, cost function=67649.6, nestedness=0.985827, connectance=0.7696
	 Step 800000, T=5.9316, cost function=67589.2, nestedness=0.984194, connectance=0.7696
	 Step 810000, T=5.87228, cost function=67598.2, nestedness=0.986925, connectance=0.7696
	 Step 820000, T=5.99151, cost function=67513.9, nestedness=0.990819, connectance=0.7696
	 Step 830000, T=5.87228, cost function=67524.4, nestedness=0.992329, connectance=0.7696
	 Step 840000, T=6.49314, cost function=67536.8, nestedness=0.98944, connectance=0.7696
	 Step 850000, T=5.87228, cost function=67527, nestedness=0.993045, connectance=0.7696
	 Step 860000, T=5.87228, cost function=67547.6, nestedness=0.987232, connectance=0.7696
	 Step 870000, T=5.99151, cost function=67604.6, nestedness=0.985665, connectance=0.7696
	 Step 880000, T=5.87228, cost function=67615.9, nestedness=0.980892, connectance=0.7696
	 Step 890000, T=5.99151, cost function=67647.4, nestedness=0.982701, connectance=0.7696
	 Step 900000, T=5.9316, cost function=67681.1, nestedness=0.987008, connectance=0.7696
	 Step 910000, T=5.9316, cost function=67634.6, nestedness=0.989245, connectance=0.7696
	 Step 920000, T=5.9316, cost function=67569.4, nestedness=0.991835, connectance=0.7696
	 Step 930000, T=6.05203, cost function=67606.9, nestedness=0.98682, connectance=0.7696
	 Step 940000, T=6.36393, cost function=67631.6, nestedness=0.986566, connectance=0.7696
	 Step 950000, T=5.99151, cost function=67684.5, nestedness=0.987366, connectance=0.7696
	 Step 960000, T=5.87228, cost function=67587.4, nestedness=0.99027, connectance=0.7696
	 Step 970000, T=5.87228, cost function=67606.9, nestedness=0.990221, connectance=0.7696
	 Step 980000, T=6.23729, cost function=67579.9, nestedness=0.984067, connectance=0.7696
	 Step 990000, T=5.87228, cost function=67503.4, nestedness=0.993153, connectance=0.7696
	 Step 1000000, T=5.87228, cost function=67501.1, nestedness=0.994929, connectance=0.7696
Created initial alpha guess with nestedness 0.804651
	 Step 0, T=4.95, cost function=112780, nestedness=0.804651, connectance=0.744
	 Step 10000, T=9.04677, cost function=79939.1, nestedness=0.959394, connectance=0.744
	 Step 20000, T=8.18174, cost function=78654.4, nestedness=0.967668, connectance=0.744
	 Step 30000, T=7.39942, cost function=78415.1, nestedness=0.975786, connectance=0.744
	 Step 40000, T=6.82777, cost function=78438.8, nestedness=0.974953, connectance=0.744
	 Step 50000, T=6.82777, cost function=78393.4, nestedness=0.97408, connectance=0.744
	 Step 60000, T=6.9664, cost function=78347.2, nestedness=0.977761, connectance=0.744
	 Step 70000, T=6.9664, cost function=78305.2, nestedness=0.979319, connectance=0.744
	 Step 80000, T=6.82777, cost function=78290.6, nestedness=0.976542, connectance=0.744
	 Step 90000, T=6.82777, cost function=78350.6, nestedness=0.976334, connectance=0.744
	 Step 100000, T=6.9664, cost function=78365.2, nestedness=0.97765, connectance=0.744
	 Step 110000, T=6.9664, cost function=78357.4, nestedness=0.976368, connectance=0.744
	 Step 120000, T=6.82777, cost function=78319.5, nestedness=0.977633, connectance=0.744
	 Step 130000, T=6.82777, cost function=78325.5, nestedness=0.975895, connectance=0.744
	 Step 140000, T=6.82777, cost function=78300.4, nestedness=0.976553, connectance=0.744
	 Step 150000, T=7.03677, cost function=78309.4, nestedness=0.977697, connectance=0.744
	 Step 160000, T=6.89674, cost function=78259.9, nestedness=0.98349, connectance=0.744
	 Step 170000, T=7.03677, cost function=78278.6, nestedness=0.979069, connectance=0.744
	 Step 180000, T=6.89674, cost function=78255.4, nestedness=0.984413, connectance=0.744
	 Step 190000, T=7.03677, cost function=78338.2, nestedness=0.978391, connectance=0.744
	 Step 200000, T=6.89674, cost function=78277.5, nestedness=0.97362, connectance=0.744
	 Step 210000, T=7.03677, cost function=78309.8, nestedness=0.975215, connectance=0.744
	 Step 220000, T=6.89674, cost function=78398.6, nestedness=0.973821, connectance=0.744
	 Step 230000, T=6.89674, cost function=78271.9, nestedness=0.978613, connectance=0.744
	 Step 240000, T=6.89674, cost function=78181.9, nestedness=0.979833, connectance=0.744
	 Step 250000, T=7.03677, cost function=78329.2, nestedness=0.977492, connectance=0.744
	 Step 260000, T=7.17965, cost function=78311.6, nestedness=0.976045, connectance=0.744
	 Step 270000, T=7.17965, cost function=78318.4, nestedness=0.977099, connectance=0.744
	 Step 280000, T=7.03677, cost function=78249.4, nestedness=0.979559, connectance=0.744
	 Step 290000, T=6.89674, cost function=78296.2, nestedness=0.979272, connectance=0.744
	 Step 300000, T=6.82777, cost function=78402.8, nestedness=0.977796, connectance=0.744
	 Step 310000, T=6.9664, cost function=78377.2, nestedness=0.974766, connectance=0.744
	 Step 320000, T=7.25217, cost function=78314.2, nestedness=0.980005, connectance=0.744
	 Step 330000, T=6.82777, cost function=78293.6, nestedness=0.981378, connectance=0.744
	 Step 340000, T=6.89674, cost function=78284.6, nestedness=0.979767, connectance=0.744
	 Step 350000, T=6.89674, cost function=78307.9, nestedness=0.976945, connectance=0.744
	 Step 360000, T=6.89674, cost function=78293.2, nestedness=0.978389, connectance=0.744
	 Step 370000, T=7.17965, cost function=78302.6, nestedness=0.976403, connectance=0.744
	 Step 380000, T=7.03677, cost function=78272.2, nestedness=0.9769, connectance=0.744
	 Step 390000, T=6.82777, cost function=78286.5, nestedness=0.983134, connectance=0.744
	 Step 400000, T=6.82777, cost function=78285, nestedness=0.980146, connectance=0.744
	 Step 410000, T=6.82777, cost function=78325.1, nestedness=0.977368, connectance=0.744
	 Step 420000, T=6.82777, cost function=78342, nestedness=0.977183, connectance=0.744
	 Step 430000, T=6.82777, cost function=78236.6, nestedness=0.978989, connectance=0.744
	 Step 440000, T=6.82777, cost function=78284.2, nestedness=0.981567, connectance=0.744
	 Step 450000, T=7.10785, cost function=78318.8, nestedness=0.974201, connectance=0.744
	 Step 460000, T=6.82777, cost function=78358.9, nestedness=0.971964, connectance=0.744
	 Step 470000, T=6.82777, cost function=78335.6, nestedness=0.977562, connectance=0.744
	 Step 480000, T=6.89674, cost function=78317.6, nestedness=0.976779, connectance=0.744
	 Step 490000, T=6.89674, cost function=78267, nestedness=0.979187, connectance=0.744
	 Step 500000, T=7.03677, cost function=78300.8, nestedness=0.980212, connectance=0.744
	 Step 510000, T=7.03677, cost function=78348, nestedness=0.981839, connectance=0.744
	 Step 520000, T=7.17965, cost function=78336.4, nestedness=0.974819, connectance=0.744
	 Step 530000, T=6.89674, cost function=78397.1, nestedness=0.978424, connectance=0.744
	 Step 540000, T=6.89674, cost function=78298.9, nestedness=0.976138, connectance=0.744
	 Step 550000, T=6.89674, cost function=78289.1, nestedness=0.978877, connectance=0.744
	 Step 560000, T=7.03677, cost function=78219, nestedness=0.981525, connectance=0.744
	 Step 570000, T=6.89674, cost function=78246.4, nestedness=0.982067, connectance=0.744
	 Step 580000, T=6.89674, cost function=78289.9, nestedness=0.98089, connectance=0.744
	 Step 590000, T=7.03677, cost function=78216.4, nestedness=0.976924, connectance=0.744
	 Step 600000, T=7.03677, cost function=78275.2, nestedness=0.980504, connectance=0.744
	 Step 610000, T=6.89674, cost function=78397.9, nestedness=0.976427, connectance=0.744
	 Step 620000, T=6.82777, cost function=78340.5, nestedness=0.978811, connectance=0.744
	 Step 630000, T=6.82777, cost function=78335.6, nestedness=0.975643, connectance=0.744
	 Step 640000, T=6.82777, cost function=78319.5, nestedness=0.979824, connectance=0.744
	 Step 650000, T=7.03677, cost function=78220.9, nestedness=0.98269, connectance=0.744
	 Step 660000, T=6.89674, cost function=78150.4, nestedness=0.986338, connectance=0.744
	 Step 670000, T=7.03677, cost function=78247.5, nestedness=0.977942, connectance=0.744
	 Step 680000, T=6.89674, cost function=78286.9, nestedness=0.975848, connectance=0.744
	 Step 690000, T=6.82777, cost function=78382.5, nestedness=0.972742, connectance=0.744
	 Step 700000, T=7.03677, cost function=78298.1, nestedness=0.982309, connectance=0.744
	 Step 710000, T=6.89674, cost function=78257.2, nestedness=0.981435, connectance=0.744
	 Step 720000, T=6.89674, cost function=78261.4, nestedness=0.981867, connectance=0.744
	 Step 730000, T=6.89674, cost function=78268.9, nestedness=0.976631, connectance=0.744
	 Step 740000, T=7.17965, cost function=78306.4, nestedness=0.976647, connectance=0.744
	 Step 750000, T=6.89674, cost function=78299.2, nestedness=0.978737, connectance=0.744
	 Step 760000, T=6.89674, cost function=78343.9, nestedness=0.968366, connectance=0.744
	 Step 770000, T=6.9664, cost function=78333.4, nestedness=0.9796, connectance=0.744
	 Step 780000, T=6.82777, cost function=78301.1, nestedness=0.975314, connectance=0.744
	 Step 790000, T=6.89674, cost function=78370.9, nestedness=0.977715, connectance=0.744
	 Step 800000, T=6.89674, cost function=78346.9, nestedness=0.973429, connectance=0.744
	 Step 810000, T=6.89674, cost function=78329.6, nestedness=0.980286, connectance=0.744
	 Step 820000, T=6.89674, cost function=78262.9, nestedness=0.976235, connectance=0.744
	 Step 830000, T=6.89674, cost function=78323.6, nestedness=0.973355, connectance=0.744
	 Step 840000, T=7.32542, cost function=78307.9, nestedness=0.975801, connectance=0.744
	 Step 850000, T=6.89674, cost function=78281.6, nestedness=0.983957, connectance=0.744
	 Step 860000, T=6.89674, cost function=78340.5, nestedness=0.971953, connectance=0.744
	 Step 870000, T=7.03677, cost function=78249.4, nestedness=0.97749, connectance=0.744
	 Step 880000, T=6.89674, cost function=78172.5, nestedness=0.984716, connectance=0.744
	 Step 890000, T=7.10785, cost function=78217.1, nestedness=0.981382, connectance=0.744
	 Step 900000, T=6.82777, cost function=78246.8, nestedness=0.984, connectance=0.744
	 Step 910000, T=6.82777, cost function=78330.8, nestedness=0.978249, connectance=0.744
	 Step 920000, T=7.03677, cost function=78429, nestedness=0.978023, connectance=0.744
	 Step 930000, T=6.89674, cost function=78352.5, nestedness=0.974655, connectance=0.744
	 Step 940000, T=6.89674, cost function=78433.9, nestedness=0.973498, connectance=0.744
	 Step 950000, T=7.62591, cost function=78313.9, nestedness=0.98085, connectance=0.744
	 Step 960000, T=6.89674, cost function=78260.6, nestedness=0.982322, connectance=0.744
	 Step 970000, T=6.89674, cost function=78307.9, nestedness=0.975355, connectance=0.744
	 Step 980000, T=6.89674, cost function=78353.2, nestedness=0.974136, connectance=0.744
	 Step 990000, T=6.89674, cost function=78270.4, nestedness=0.975373, connectance=0.744
	 Step 1000000, T=6.89674, cost function=78255, nestedness=0.982138, connectance=0.744
Created initial alpha guess with nestedness 0.707918
	 Step 0, T=4.95, cost function=122268, nestedness=0.707918, connectance=0.6552
	 Step 10000, T=9.70615, cost function=88695.8, nestedness=0.930421, connectance=0.6552
	 Step 20000, T=8.77807, cost function=87460.1, nestedness=0.945639, connectance=0.6552
	 Step 30000, T=7.93873, cost function=87174, nestedness=0.961897, connectance=0.6552
	 Step 40000, T=7.62591, cost function=86970, nestedness=0.966646, connectance=0.6552
	 Step 50000, T=7.62591, cost function=86945.6, nestedness=0.966727, connectance=0.6552
	 Step 60000, T=7.70294, cost function=86848.5, nestedness=0.96673, connectance=0.6552
	 Step 70000, T=7.70294, cost function=86957.6, nestedness=0.964697, connectance=0.6552
	 Step 80000, T=7.93873, cost function=86903.6, nestedness=0.958796, connectance=0.6552
	 Step 90000, T=7.62591, cost function=86870.6, nestedness=0.963387, connectance=0.6552
	 Step 100000, T=7.62591, cost function=86925.4, nestedness=0.961151, connectance=0.6552
	 Step 110000, T=7.62591, cost function=86916.4, nestedness=0.967366, connectance=0.6552
	 Step 120000, T=8.26438, cost function=86904, nestedness=0.970938, connectance=0.6552
	 Step 130000, T=7.62591, cost function=87025.1, nestedness=0.966667, connectance=0.6552
	 Step 140000, T=7.62591, cost function=86866.5, nestedness=0.96567, connectance=0.6552
	 Step 150000, T=7.62591, cost function=86917.5, nestedness=0.967028, connectance=0.6552
	 Step 160000, T=7.93873, cost function=86941.5, nestedness=0.975732, connectance=0.6552
	 Step 170000, T=7.62591, cost function=86838.4, nestedness=0.969035, connectance=0.6552
	 Step 180000, T=7.62591, cost function=86938.5, nestedness=0.961147, connectance=0.6552
	 Step 190000, T=7.62591, cost function=86959.1, nestedness=0.961422, connectance=0.6552
	 Step 200000, T=7.62591, cost function=86847, nestedness=0.97055, connectance=0.6552
	 Step 210000, T=7.54965, cost function=86910.4, nestedness=0.97236, connectance=0.6552
	 Step 220000, T=7.62591, cost function=86885.2, nestedness=0.97202, connectance=0.6552
	 Step 230000, T=7.62591, cost function=86832, nestedness=0.968141, connectance=0.6552
	 Step 240000, T=7.54965, cost function=86838.4, nestedness=0.97244, connectance=0.6552
	 Step 250000, T=7.70294, cost function=87024, nestedness=0.964086, connectance=0.6552
	 Step 260000, T=7.85934, cost function=87075.8, nestedness=0.954789, connectance=0.6552
	 Step 270000, T=7.85934, cost function=87090.4, nestedness=0.958239, connectance=0.6552
	 Step 280000, T=7.85934, cost function=87087, nestedness=0.953005, connectance=0.6552
	 Step 290000, T=7.70294, cost function=87092.2, nestedness=0.956886, connectance=0.6552
	 Step 300000, T=7.62591, cost function=87022.9, nestedness=0.966916, connectance=0.6552
	 Step 310000, T=7.62591, cost function=87037.5, nestedness=0.968859, connectance=0.6552
	 Step 320000, T=7.78075, cost function=87037.1, nestedness=0.953585, connectance=0.6552
	 Step 330000, T=7.62591, cost function=86963.2, nestedness=0.962396, connectance=0.6552
	 Step 340000, T=7.62591, cost function=86953.1, nestedness=0.96491, connectance=0.6552
	 Step 350000, T=7.62591, cost function=87005.6, nestedness=0.966608, connectance=0.6552
	 Step 360000, T=7.62591, cost function=87015, nestedness=0.956466, connectance=0.6552
	 Step 370000, T=7.54965, cost function=86888.2, nestedness=0.968789, connectance=0.6552
	 Step 380000, T=7.54965, cost function=86928, nestedness=0.968138, connectance=0.6552
	 Step 390000, T=7.54965, cost function=86928, nestedness=0.962839, connectance=0.6552
	 Step 400000, T=7.54965, cost function=86789.6, nestedness=0.975093, connectance=0.6552
	 Step 410000, T=7.54965, cost function=86890.1, nestedness=0.966103, connectance=0.6552
	 Step 420000, T=7.62591, cost function=86922.8, nestedness=0.96479, connectance=0.6552
	 Step 430000, T=7.62591, cost function=86904.8, nestedness=0.97526, connectance=0.6552
	 Step 440000, T=7.62591, cost function=87004.5, nestedness=0.965674, connectance=0.6552
	 Step 450000, T=7.62591, cost function=87011.6, nestedness=0.966261, connectance=0.6552
	 Step 460000, T=7.70294, cost function=86963.2, nestedness=0.963832, connectance=0.6552
	 Step 470000, T=7.54965, cost function=86877, nestedness=0.96916, connectance=0.6552
	 Step 480000, T=7.54965, cost function=86882.6, nestedness=0.964532, connectance=0.6552
	 Step 490000, T=7.54965, cost function=86913.8, nestedness=0.970506, connectance=0.6552
	 Step 500000, T=7.70294, cost function=87036, nestedness=0.959108, connectance=0.6552
	 Step 510000, T=7.70294, cost function=87106.9, nestedness=0.947528, connectance=0.6552
	 Step 520000, T=7.70294, cost function=87141.4, nestedness=0.957581, connectance=0.6552
	 Step 530000, T=7.70294, cost function=87005.2, nestedness=0.959175, connectance=0.6552
	 Step 540000, T=7.62591, cost function=86967.8, nestedness=0.962164, connectance=0.6552
	 Step 550000, T=7.70294, cost function=86983.9, nestedness=0.95962, connectance=0.6552
	 Step 560000, T=7.70294, cost function=87030.4, nestedness=0.966351, connectance=0.6552
	 Step 570000, T=7.54965, cost function=86912.6, nestedness=0.9676, connectance=0.6552
	 Step 580000, T=7.54965, cost function=86906.6, nestedness=0.968637, connectance=0.6552
	 Step 590000, T=7.54965, cost function=86859.4, nestedness=0.968109, connectance=0.6552
	 Step 600000, T=7.70294, cost function=86992.9, nestedness=0.960377, connectance=0.6552
	 Step 610000, T=7.70294, cost function=87001.9, nestedness=0.953605, connectance=0.6552
	 Step 620000, T=7.54965, cost function=86927.6, nestedness=0.970113, connectance=0.6552
	 Step 630000, T=7.54965, cost function=86915.6, nestedness=0.971175, connectance=0.6552
	 Step 640000, T=7.54965, cost function=86930.2, nestedness=0.969065, connectance=0.6552
	 Step 650000, T=7.70294, cost function=86900.2, nestedness=0.96776, connectance=0.6552
	 Step 660000, T=7.85934, cost function=87014.6, nestedness=0.968972, connectance=0.6552
	 Step 670000, T=7.54965, cost function=86894.6, nestedness=0.962036, connectance=0.6552
	 Step 680000, T=7.54965, cost function=86926.9, nestedness=0.961928, connectance=0.6552
	 Step 690000, T=7.54965, cost function=86870.6, nestedness=0.966824, connectance=0.6552
	 Step 700000, T=7.62591, cost function=86914.9, nestedness=0.960434, connectance=0.6552
	 Step 710000, T=7.62591, cost function=86909.6, nestedness=0.96346, connectance=0.6552
	 Step 720000, T=7.62591, cost function=86898.4, nestedness=0.97358, connectance=0.6552
	 Step 730000, T=7.62591, cost function=86948.2, nestedness=0.96357, connectance=0.6552
	 Step 740000, T=7.62591, cost function=86955.8, nestedness=0.96508, connectance=0.6552
	 Step 750000, T=7.70294, cost function=87018.8, nestedness=0.955078, connectance=0.6552
	 Step 760000, T=7.85934, cost function=86956.9, nestedness=0.965487, connectance=0.6552
	 Step 770000, T=7.70294, cost function=87101.6, nestedness=0.958601, connectance=0.6552
	 Step 780000, T=7.70294, cost function=87104.2, nestedness=0.963272, connectance=0.6552
	 Step 790000, T=7.70294, cost function=86985, nestedness=0.96255, connectance=0.6552
	 Step 800000, T=7.62591, cost function=86908.1, nestedness=0.962522, connectance=0.6552
	 Step 810000, T=7.62591, cost function=87076.1, nestedness=0.951531, connectance=0.6552
	 Step 820000, T=7.62591, cost function=87019.5, nestedness=0.953369, connectance=0.6552
	 Step 830000, T=7.62591, cost function=86964.8, nestedness=0.962613, connectance=0.6552
	 Step 840000, T=7.70294, cost function=87000, nestedness=0.959028, connectance=0.6552
	 Step 850000, T=7.62591, cost function=86989.5, nestedness=0.960499, connectance=0.6552
	 Step 860000, T=7.62591, cost function=86904.4, nestedness=0.969, connectance=0.6552
	 Step 870000, T=7.70294, cost function=86943.4, nestedness=0.965759, connectance=0.6552
	 Step 880000, T=7.70294, cost function=86924.2, nestedness=0.972381, connectance=0.6552
	 Step 890000, T=7.54965, cost function=86804.2, nestedness=0.975072, connectance=0.6552
	 Step 900000, T=7.62591, cost function=86911.5, nestedness=0.969287, connectance=0.6552
	 Step 910000, T=7.54965, cost function=86925.8, nestedness=0.970858, connectance=0.6552
	 Step 920000, T=7.70294, cost function=87031.9, nestedness=0.958642, connectance=0.6552
	 Step 930000, T=7.62591, cost function=86824.9, nestedness=0.971286, connectance=0.6552
	 Step 940000, T=7.62591, cost function=86883.8, nestedness=0.963124, connectance=0.6552
	 Step 950000, T=7.62591, cost function=86824.9, nestedness=0.975252, connectance=0.6552
	 Step 960000, T=7.62591, cost function=86963.2, nestedness=0.964339, connectance=0.6552
	 Step 970000, T=7.62591, cost function=86974.5, nestedness=0.961234, connectance=0.6552
	 Step 980000, T=7.62591, cost function=87008.2, nestedness=0.961032, connectance=0.6552
	 Step 990000, T=7.70294, cost function=87052.1, nestedness=0.965481, connectance=0.6552
	 Step 1000000, T=7.70294, cost function=87008.2, nestedness=0.956419, connectance=0.6552
Created initial alpha guess with nestedness 0.656173
	 Step 0, T=4.95, cost function=130079, nestedness=0.656173, connectance=0.6056
	 Step 10000, T=10.3095, cost function=94568.2, nestedness=0.915718, connectance=0.6056
	 Step 20000, T=9.32369, cost function=93136.1, nestedness=0.954885, connectance=0.6056
	 Step 30000, T=8.43218, cost function=92774.6, nestedness=0.975742, connectance=0.6056
	 Step 40000, T=8.09992, cost function=92677.9, nestedness=0.95896, connectance=0.6056
	 Step 50000, T=8.09992, cost function=92637.8, nestedness=0.964825, connectance=0.6056
	 Step 60000, T=8.09992, cost function=92556.4, nestedness=0.977358, connectance=0.6056
	 Step 70000, T=8.09992, cost function=92565.8, nestedness=0.977914, connectance=0.6056
	 Step 80000, T=8.18174, cost function=92683.5, nestedness=0.974567, connectance=0.6056
	 Step 90000, T=8.18174, cost function=92551.9, nestedness=0.976718, connectance=0.6056
	 Step 100000, T=8.18174, cost function=92720.2, nestedness=0.968971, connectance=0.6056
	 Step 110000, T=8.18174, cost function=92705.6, nestedness=0.963442, connectance=0.6056
	 Step 120000, T=8.18174, cost function=92510.2, nestedness=0.976927, connectance=0.6056
	 Step 130000, T=8.18174, cost function=92540.6, nestedness=0.981068, connectance=0.6056
	 Step 140000, T=8.18174, cost function=92536.1, nestedness=0.977351, connectance=0.6056
	 Step 150000, T=8.18174, cost function=92533.1, nestedness=0.97651, connectance=0.6056
	 Step 160000, T=8.26438, cost function=92577.8, nestedness=0.976863, connectance=0.6056
	 Step 170000, T=8.09992, cost function=92798.2, nestedness=0.965261, connectance=0.6056
	 Step 180000, T=8.09992, cost function=92740.9, nestedness=0.966708, connectance=0.6056
	 Step 190000, T=8.34786, cost function=92680.5, nestedness=0.971012, connectance=0.6056
	 Step 200000, T=8.18174, cost function=92754.4, nestedness=0.961956, connectance=0.6056
	 Step 210000, T=8.18174, cost function=92782.1, nestedness=0.962591, connectance=0.6056
	 Step 220000, T=8.18174, cost function=92743.1, nestedness=0.976711, connectance=0.6056
	 Step 230000, T=8.09992, cost function=92728.1, nestedness=0.970861, connectance=0.6056
	 Step 240000, T=8.09992, cost function=92672.2, nestedness=0.974273, connectance=0.6056
	 Step 250000, T=8.09992, cost function=92542.5, nestedness=0.975758, connectance=0.6056
	 Step 260000, T=8.09992, cost function=92733.8, nestedness=0.967891, connectance=0.6056
	 Step 270000, T=8.09992, cost function=92640.8, nestedness=0.975395, connectance=0.6056
	 Step 280000, T=8.09992, cost function=92662.1, nestedness=0.972826, connectance=0.6056
	 Step 290000, T=8.09992, cost function=92701.9, nestedness=0.966641, connectance=0.6056
	 Step 300000, T=8.09992, cost function=92558.6, nestedness=0.973762, connectance=0.6056
	 Step 310000, T=8.43218, cost function=92543.6, nestedness=0.976878, connectance=0.6056
	 Step 320000, T=8.09992, cost function=92541.4, nestedness=0.969494, connectance=0.6056
	 Step 330000, T=8.09992, cost function=92784.8, nestedness=0.961611, connectance=0.6056
	 Step 340000, T=8.09992, cost function=92684.6, nestedness=0.980985, connectance=0.6056
	 Step 350000, T=8.26438, cost function=92956.9, nestedness=0.955398, connectance=0.6056
	 Step 360000, T=8.09992, cost function=92799, nestedness=0.95992, connectance=0.6056
	 Step 370000, T=8.18174, cost function=92684.2, nestedness=0.96918, connectance=0.6056
	 Step 380000, T=8.09992, cost function=92681.2, nestedness=0.972365, connectance=0.6056
	 Step 390000, T=8.09992, cost function=92555.2, nestedness=0.976955, connectance=0.6056
	 Step 400000, T=8.09992, cost function=92663.6, nestedness=0.962296, connectance=0.6056
	 Step 410000, T=8.09992, cost function=92663.6, nestedness=0.961219, connectance=0.6056
	 Step 420000, T=8.09992, cost function=92482.5, nestedness=0.977846, connectance=0.6056
	 Step 430000, T=8.26438, cost function=92631.8, nestedness=0.970446, connectance=0.6056
	 Step 440000, T=8.09992, cost function=92742.8, nestedness=0.969171, connectance=0.6056
	 Step 450000, T=8.09992, cost function=92645.6, nestedness=0.970938, connectance=0.6056
	 Step 460000, T=8.09992, cost function=92688.8, nestedness=0.979652, connectance=0.6056
	 Step 470000, T=8.26438, cost function=92692.9, nestedness=0.964442, connectance=0.6056
	 Step 480000, T=8.09992, cost function=92529, nestedness=0.98069, connectance=0.6056
	 Step 490000, T=8.09992, cost function=92656.1, nestedness=0.967222, connectance=0.6056
	 Step 500000, T=8.09992, cost function=92679.8, nestedness=0.970299, connectance=0.6056
	 Step 510000, T=8.09992, cost function=92635.5, nestedness=0.967027, connectance=0.6056
	 Step 520000, T=8.18174, cost function=92651.2, nestedness=0.96592, connectance=0.6056
	 Step 530000, T=8.34786, cost function=92841.8, nestedness=0.960319, connectance=0.6056
	 Step 540000, T=8.18174, cost function=92836.5, nestedness=0.967313, connectance=0.6056
	 Step 550000, T=8.18174, cost function=92739, nestedness=0.966248, connectance=0.6056
	 Step 560000, T=8.18174, cost function=92576.2, nestedness=0.971767, connectance=0.6056
	 Step 570000, T=8.18174, cost function=92563.9, nestedness=0.971939, connectance=0.6056
	 Step 580000, T=8.18174, cost function=92502.4, nestedness=0.975909, connectance=0.6056
	 Step 590000, T=8.18174, cost function=92625, nestedness=0.968925, connectance=0.6056
	 Step 600000, T=8.18174, cost function=92606.2, nestedness=0.971926, connectance=0.6056
	 Step 610000, T=8.26438, cost function=92607, nestedness=0.970944, connectance=0.6056
	 Step 620000, T=8.09992, cost function=92755.9, nestedness=0.972886, connectance=0.6056
	 Step 630000, T=8.09992, cost function=92671.5, nestedness=0.973277, connectance=0.6056
	 Step 640000, T=8.09992, cost function=92689.5, nestedness=0.975379, connectance=0.6056
	 Step 650000, T=8.09992, cost function=92751, nestedness=0.970527, connectance=0.6056
	 Step 660000, T=8.09992, cost function=92585.2, nestedness=0.974282, connectance=0.6056
	 Step 670000, T=8.09992, cost function=92703, nestedness=0.969429, connectance=0.6056
	 Step 680000, T=8.18174, cost function=92676.4, nestedness=0.974303, connectance=0.6056
	 Step 690000, T=8.18174, cost function=92854.1, nestedness=0.962319, connectance=0.6056
	 Step 700000, T=8.26438, cost function=92680.5, nestedness=0.960984, connectance=0.6056
	 Step 710000, T=8.09992, cost function=92660.6, nestedness=0.967445, connectance=0.6056
	 Step 720000, T=8.09992, cost function=92666.6, nestedness=0.967439, connectance=0.6056
	 Step 730000, T=8.09992, cost function=92614.1, nestedness=0.971295, connectance=0.6056
	 Step 740000, T=8.09992, cost function=92672.6, nestedness=0.969375, connectance=0.6056
	 Step 750000, T=8.09992, cost function=92595.4, nestedness=0.969302, connectance=0.6056
	 Step 760000, T=8.09992, cost function=92645.2, nestedness=0.965485, connectance=0.6056
	 Step 770000, T=8.09992, cost function=92619, nestedness=0.975408, connectance=0.6056
	 Step 780000, T=8.09992, cost function=92497.9, nestedness=0.975631, connectance=0.6056
	 Step 790000, T=8.18174, cost function=92484, nestedness=0.98007, connectance=0.6056
	 Step 800000, T=8.09992, cost function=92334.4, nestedness=0.981555, connectance=0.6056
	 Step 810000, T=8.09992, cost function=92450.6, nestedness=0.98207, connectance=0.6056
	 Step 820000, T=8.09992, cost function=92533.9, nestedness=0.971002, connectance=0.6056
	 Step 830000, T=8.18174, cost function=92483.6, nestedness=0.984938, connectance=0.6056
	 Step 840000, T=8.18174, cost function=92690.2, nestedness=0.970131, connectance=0.6056
	 Step 850000, T=8.18174, cost function=92655, nestedness=0.970424, connectance=0.6056
	 Step 860000, T=8.18174, cost function=92559.4, nestedness=0.973266, connectance=0.6056
	 Step 870000, T=8.18174, cost function=92573.2, nestedness=0.974705, connectance=0.6056
	 Step 880000, T=8.18174, cost function=92562, nestedness=0.972541, connectance=0.6056
	 Step 890000, T=8.18174, cost function=92602.9, nestedness=0.969257, connectance=0.6056
	 Step 900000, T=8.26438, cost function=92527.9, nestedness=0.971389, connectance=0.6056
	 Step 910000, T=8.09992, cost function=92656.9, nestedness=0.970603, connectance=0.6056
	 Step 920000, T=8.09992, cost function=92546.6, nestedness=0.973734, connectance=0.6056
	 Step 930000, T=8.09992, cost function=92795.2, nestedness=0.969074, connectance=0.6056
	 Step 940000, T=8.09992, cost function=92615.2, nestedness=0.973062, connectance=0.6056
	 Step 950000, T=8.18174, cost function=92622, nestedness=0.971516, connectance=0.6056
	 Step 960000, T=8.09992, cost function=92597.6, nestedness=0.972059, connectance=0.6056
	 Step 970000, T=8.26438, cost function=92707.9, nestedness=0.961615, connectance=0.6056
	 Step 980000, T=8.09992, cost function=92832.4, nestedness=0.96665, connectance=0.6056
	 Step 990000, T=8.09992, cost function=92783.6, nestedness=0.968697, connectance=0.6056
	 Step 1000000, T=8.09992, cost function=92873.6, nestedness=0.964988, connectance=0.6056
Created initial alpha guess with nestedness 0.616735
	 Step 0, T=4.95, cost function=127899, nestedness=0.616735, connectance=0.5464
	 Step 10000, T=10.2064, cost function=94510.9, nestedness=0.898288, connectance=0.5464
	 Step 20000, T=9.23046, cost function=93353.2, nestedness=0.936133, connectance=0.5464
	 Step 30000, T=8.34786, cost function=92887.9, nestedness=0.951663, connectance=0.5464
	 Step 40000, T=8.18174, cost function=92832.4, nestedness=0.950103, connectance=0.5464
	 Step 50000, T=8.18174, cost function=92982.4, nestedness=0.943225, connectance=0.5464
	 Step 60000, T=8.18174, cost function=92829, nestedness=0.948092, connectance=0.5464
	 Step 70000, T=8.18174, cost function=92759.2, nestedness=0.949546, connectance=0.5464
	 Step 80000, T=8.18174, cost function=92695.1, nestedness=0.957859, connectance=0.5464
	 Step 90000, T=8.18174, cost function=92708.2, nestedness=0.958706, connectance=0.5464
	 Step 100000, T=8.09992, cost function=92904.8, nestedness=0.948732, connectance=0.5464
	 Step 110000, T=8.09992, cost function=92706.8, nestedness=0.952482, connectance=0.5464
	 Step 120000, T=8.09992, cost function=92782.1, nestedness=0.944599, connectance=0.5464
	 Step 130000, T=8.18174, cost function=92761.1, nestedness=0.949417, connectance=0.5464
	 Step 140000, T=8.34786, cost function=92644.5, nestedness=0.959985, connectance=0.5464
	 Step 150000, T=8.26438, cost function=92751, nestedness=0.95332, connectance=0.5464
	 Step 160000, T=8.09992, cost function=92794.5, nestedness=0.948377, connectance=0.5464
	 Step 170000, T=8.09992, cost function=92662.9, nestedness=0.956376, connectance=0.5464
	 Step 180000, T=8.09992, cost function=92784.4, nestedness=0.960805, connectance=0.5464
	 Step 190000, T=8.18174, cost function=92814.8, nestedness=0.952443, connectance=0.5464
	 Step 200000, T=8.18174, cost function=92765.2, nestedness=0.94227, connectance=0.5464
	 Step 210000, T=8.09992, cost function=92704.5, nestedness=0.949471, connectance=0.5464
	 Step 220000, T=8.09992, cost function=92921.2, nestedness=0.955067, connectance=0.5464
	 Step 230000, T=8.18174, cost function=92870.6, nestedness=0.950209, connectance=0.5464
	 Step 240000, T=8.18174, cost function=92812.9, nestedness=0.953404, connectance=0.5464
	 Step 250000, T=8.18174, cost function=92622, nestedness=0.965041, connectance=0.5464
	 Step 260000, T=8.18174, cost function=92767.9, nestedness=0.947401, connectance=0.5464
	 Step 270000, T=8.18174, cost function=92802, nestedness=0.951089, connectance=0.5464
	 Step 280000, T=8.09992, cost function=92690.6, nestedness=0.951617, connectance=0.5464
	 Step 290000, T=8.18174, cost function=92848.5, nestedness=0.945938, connectance=0.5464
	 Step 300000, T=8.18174, cost function=92651.2, nestedness=0.953201, connectance=0.5464
	 Step 310000, T=8.51735, cost function=92869.9, nestedness=0.945758, connectance=0.5464
	 Step 320000, T=8.34786, cost function=92836.9, nestedness=0.945626, connectance=0.5464
	 Step 330000, T=8.18174, cost function=92804.2, nestedness=0.949857, connectance=0.5464
	 Step 340000, T=8.18174, cost function=93112.1, nestedness=0.93929, connectance=0.5464
	 Step 350000, T=8.18174, cost function=92784.8, nestedness=0.955334, connectance=0.5464
	 Step 360000, T=8.09992, cost function=92739, nestedness=0.953533, connectance=0.5464
	 Step 370000, T=8.09992, cost function=92688.8, nestedness=0.958378, connectance=0.5464
	 Step 380000, T=8.09992, cost function=92962.1, nestedness=0.948779, connectance=0.5464
	 Step 390000, T=8.09992, cost function=92794.9, nestedness=0.959222, connectance=0.5464
	 Step 400000, T=8.09992, cost function=92890.9, nestedness=0.950958, connectance=0.5464
	 Step 410000, T=8.26438, cost function=92800.9, nestedness=0.956234, connectance=0.5464
	 Step 420000, T=8.09992, cost function=93029.2, nestedness=0.947207, connectance=0.5464
	 Step 430000, T=8.18174, cost function=92810.6, nestedness=0.948302, connectance=0.5464
	 Step 440000, T=8.18174, cost function=92901, nestedness=0.946247, connectance=0.5464
	 Step 450000, T=8.18174, cost function=92870.2, nestedness=0.954835, connectance=0.5464
	 Step 460000, T=8.09992, cost function=92804.2, nestedness=0.953786, connectance=0.5464
	 Step 470000, T=8.09992, cost function=92723.2, nestedness=0.958619, connectance=0.5464
	 Step 480000, T=8.09992, cost function=92703, nestedness=0.954594, connectance=0.5464
	 Step 490000, T=8.09992, cost function=92765.6, nestedness=0.951016, connectance=0.5464
	 Step 500000, T=8.09992, cost function=92858.6, nestedness=0.958514, connectance=0.5464
	 Step 510000, T=8.09992, cost function=92832.8, nestedness=0.949963, connectance=0.5464
	 Step 520000, T=8.09992, cost function=92718.4, nestedness=0.958245, connectance=0.5464
	 Step 530000, T=8.09992, cost function=92661, nestedness=0.950594, connectance=0.5464
	 Step 540000, T=8.26438, cost function=92784.4, nestedness=0.9491, connectance=0.5464
	 Step 550000, T=8.43218, cost function=92824.1, nestedness=0.945763, connectance=0.5464
	 Step 560000, T=8.09992, cost function=92799.8, nestedness=0.950598, connectance=0.5464
	 Step 570000, T=8.09992, cost function=92805.8, nestedness=0.949345, connectance=0.5464
	 Step 580000, T=8.09992, cost function=92890.9, nestedness=0.950368, connectance=0.5464
	 Step 590000, T=8.09992, cost function=93108.4, nestedness=0.941379, connectance=0.5464
	 Step 600000, T=8.09992, cost function=92796.8, nestedness=0.951746, connectance=0.5464
	 Step 610000, T=8.09992, cost function=92791.9, nestedness=0.953474, connectance=0.5464
	 Step 620000, T=8.34786, cost function=92844.8, nestedness=0.951779, connectance=0.5464
	 Step 630000, T=8.18174, cost function=92779.1, nestedness=0.951603, connectance=0.5464
	 Step 640000, T=8.09992, cost function=92734.1, nestedness=0.956763, connectance=0.5464
	 Step 650000, T=8.09992, cost function=92794.9, nestedness=0.950847, connectance=0.5464
	 Step 660000, T=8.09992, cost function=92805.4, nestedness=0.947034, connectance=0.5464
	 Step 670000, T=8.18174, cost function=92878.5, nestedness=0.944846, connectance=0.5464
	 Step 680000, T=8.09992, cost function=92720.2, nestedness=0.955271, connectance=0.5464
	 Step 690000, T=8.26438, cost function=92812.9, nestedness=0.952899, connectance=0.5464
	 Step 700000, T=8.18174, cost function=92711.6, nestedness=0.963457, connectance=0.5464
	 Step 710000, T=8.18174, cost function=92715.4, nestedness=0.957567, connectance=0.5464
	 Step 720000, T=8.18174, cost function=92751, nestedness=0.956807, connectance=0.5464
	 Step 730000, T=8.18174, cost function=92888.6, nestedness=0.954497, connectance=0.5464
	 Step 740000, T=8.18174, cost function=92773.1, nestedness=0.956619, connectance=0.5464
	 Step 750000, T=8.18174, cost function=92759.2, nestedness=0.947257, connectance=0.5464
	 Step 760000, T=8.18174, cost function=92860.9, nestedness=0.943641, connectance=0.5464
	 Step 770000, T=8.34786, cost function=92908.1, nestedness=0.943387, connectance=0.5464
	 Step 780000, T=8.09992, cost function=92862.8, nestedness=0.953317, connectance=0.5464
	 Step 790000, T=8.18174, cost function=92930.6, nestedness=0.948369, connectance=0.5464
	 Step 800000, T=8.09992, cost function=92830.5, nestedness=0.949235, connectance=0.5464
	 Step 810000, T=8.09992, cost function=93016.9, nestedness=0.935171, connectance=0.5464
	 Step 820000, T=8.26438, cost function=92788.1, nestedness=0.954048, connectance=0.5464
	 Step 830000, T=8.09992, cost function=92764.9, nestedness=0.949173, connectance=0.5464
	 Step 840000, T=8.09992, cost function=92781, nestedness=0.95181, connectance=0.5464
	 Step 850000, T=8.09992, cost function=92923.1, nestedness=0.952747, connectance=0.5464
	 Step 860000, T=8.09992, cost function=93053.6, nestedness=0.949956, connectance=0.5464
	 Step 870000, T=8.09992, cost function=92947.1, nestedness=0.942986, connectance=0.5464
	 Step 880000, T=8.09992, cost function=92922.4, nestedness=0.95322, connectance=0.5464
	 Step 890000, T=8.09992, cost function=92707.9, nestedness=0.959857, connectance=0.5464
	 Step 900000, T=8.09992, cost function=92829.8, nestedness=0.955877, connectance=0.5464
	 Step 910000, T=8.09992, cost function=92737.5, nestedness=0.954812, connectance=0.5464
	 Step 920000, T=8.18174, cost function=92884.1, nestedness=0.947755, connectance=0.5464
	 Step 930000, T=8.18174, cost function=92767.5, nestedness=0.956704, connectance=0.5464
	 Step 940000, T=8.18174, cost function=92785.1, nestedness=0.957694, connectance=0.5464
	 Step 950000, T=8.18174, cost function=92918.2, nestedness=0.947342, connectance=0.5464
	 Step 960000, T=8.34786, cost function=92717.2, nestedness=0.952289, connectance=0.5464
	 Step 970000, T=8.09992, cost function=92761.1, nestedness=0.948968, connectance=0.5464
	 Step 980000, T=8.26438, cost function=92802.8, nestedness=0.951963, connectance=0.5464
	 Step 990000, T=8.09992, cost function=92891.2, nestedness=0.946844, connectance=0.5464
	 Step 1000000, T=8.09992, cost function=92817.4, nestedness=0.949875, connectance=0.5464
