Starting the Monte Carlo algorithm to find the optimal syntrophy matrix for optimal_matrices/consumption/Nr50_Nc25/RandTrix_Nr50_Nc25_Nest0.15_Conn0.0848.txt
Created initial alpha guess with nestedness 0.141192
	 Step 0, T=9.9, cost function=1081.9, nestedness=0.137306, connectance=0.0832
	 Step 10000, T=8.95338, cost function=871.2, nestedness=0.158996, connectance=0.0832
	 Step 20000, T=8.09728, cost function=846.1, nestedness=0.150185, connectance=0.0832
	 Step 30000, T=7.32303, cost function=887.5, nestedness=0.16051, connectance=0.0832
	 Step 40000, T=6.62282, cost function=693.2, nestedness=0.190087, connectance=0.0832
	 Step 50000, T=5.98956, cost function=710.1, nestedness=0.216233, connectance=0.0832
	 Step 60000, T=5.41685, cost function=780, nestedness=0.178774, connectance=0.0832
	 Step 70000, T=4.8989, cost function=684.4, nestedness=0.212016, connectance=0.0832
	 Step 80000, T=4.43048, cost function=603.5, nestedness=0.25, connectance=0.0832
	 Step 90000, T=4.00685, cost function=731.2, nestedness=0.185795, connectance=0.0832
	 Step 100000, T=3.62372, cost function=620, nestedness=0.254459, connectance=0.0832
	 Step 110000, T=3.27723, cost function=522.6, nestedness=0.338652, connectance=0.0832
	 Step 120000, T=2.96387, cost function=538.6, nestedness=0.299359, connectance=0.0832
	 Step 130000, T=2.68047, cost function=508.1, nestedness=0.313681, connectance=0.0832
	 Step 140000, T=2.42417, cost function=527.3, nestedness=0.287299, connectance=0.0832
	 Step 150000, T=2.19237, cost function=485.7, nestedness=0.378909, connectance=0.0832
	 Step 160000, T=1.98274, cost function=464.4, nestedness=0.366286, connectance=0.0832
	 Step 170000, T=1.79316, cost function=466.2, nestedness=0.404944, connectance=0.0832
	 Step 180000, T=1.6217, cost function=426.4, nestedness=0.41562, connectance=0.0832
	 Step 190000, T=1.46664, cost function=414.8, nestedness=0.464652, connectance=0.0832
	 Step 200000, T=1.3264, cost function=397.5, nestedness=0.505131, connectance=0.0832
	 Step 210000, T=1.19957, cost function=380.8, nestedness=0.565721, connectance=0.0832
	 Step 220000, T=1.08487, cost function=369, nestedness=0.637885, connectance=0.0832
	 Step 230000, T=0.981138, cost function=386.6, nestedness=0.50462, connectance=0.0832
	 Step 240000, T=0.887323, cost function=365.7, nestedness=0.591557, connectance=0.0832
	 Step 250000, T=0.802479, cost function=365.4, nestedness=0.595954, connectance=0.0832
	 Step 260000, T=0.725748, cost function=361.6, nestedness=0.634921, connectance=0.0832
	 Step 270000, T=0.656353, cost function=349.1, nestedness=0.663825, connectance=0.0832
	 Step 280000, T=0.593594, cost function=357.4, nestedness=0.602888, connectance=0.0832
	 Step 290000, T=0.536836, cost function=352, nestedness=0.696267, connectance=0.0832
	 Step 300000, T=0.485505, cost function=349, nestedness=0.645394, connectance=0.0832
	 Step 310000, T=0.439082, cost function=343.6, nestedness=0.691078, connectance=0.0832
	 Step 320000, T=0.397098, cost function=340, nestedness=0.721533, connectance=0.0832
	 Step 330000, T=0.359128, cost function=343.2, nestedness=0.708581, connectance=0.0832
	 Step 340000, T=0.324789, cost function=341.7, nestedness=0.709537, connectance=0.0832
	 Step 350000, T=0.293733, cost function=344.2, nestedness=0.677094, connectance=0.0832
	 Step 360000, T=0.265647, cost function=341.6, nestedness=0.656724, connectance=0.0832
	 Step 370000, T=0.240247, cost function=338.8, nestedness=0.719035, connectance=0.0832
	 Step 380000, T=0.217275, cost function=340, nestedness=0.71202, connectance=0.0832
	 Step 390000, T=0.196499, cost function=338.4, nestedness=0.741579, connectance=0.0832
	 Step 400000, T=0.17771, cost function=339.6, nestedness=0.745639, connectance=0.0832
	 Step 410000, T=0.160718, cost function=338, nestedness=0.728216, connectance=0.0832
	 Step 420000, T=0.145351, cost function=337.2, nestedness=0.707108, connectance=0.0832
	 Step 430000, T=0.131453, cost function=337.2, nestedness=0.697662, connectance=0.0832
	 Step 440000, T=0.118883, cost function=336.8, nestedness=0.704747, connectance=0.0832
	 Step 450000, T=0.107516, cost function=336.8, nestedness=0.657059, connectance=0.0832
	 Step 460000, T=0.0972355, cost function=337.2, nestedness=0.750962, connectance=0.0832
	 Step 470000, T=0.087938, cost function=336.4, nestedness=0.700458, connectance=0.0832
	 Step 480000, T=0.0795296, cost function=336.4, nestedness=0.716136, connectance=0.0832
	 Step 490000, T=0.0719251, cost function=336.4, nestedness=0.73393, connectance=0.0832
	 Step 500000, T=0.0650478, cost function=336.4, nestedness=0.7205, connectance=0.0832
	 Step 510000, T=0.058828, cost function=336.4, nestedness=0.739589, connectance=0.0832
	 Step 520000, T=0.053203, cost function=336.8, nestedness=0.718991, connectance=0.0832
	 Step 530000, T=0.0481159, cost function=336.4, nestedness=0.686186, connectance=0.0832
	 Step 540000, T=0.0435151, cost function=336.4, nestedness=0.692711, connectance=0.0832
	 Step 550000, T=0.0393543, cost function=336.4, nestedness=0.699208, connectance=0.0832
	 Step 560000, T=0.0355913, cost function=336.4, nestedness=0.746828, connectance=0.0832
	 Step 570000, T=0.0321882, cost function=336.4, nestedness=0.674174, connectance=0.0832
	 Step 580000, T=0.0303045, cost function=336.4, nestedness=0.729628, connectance=0.0832
	 Step 590000, T=0.0294044, cost function=336.4, nestedness=0.700209, connectance=0.0832
	 Step 600000, T=0.0294044, cost function=336.4, nestedness=0.761006, connectance=0.0832
	 Step 610000, T=0.0303045, cost function=336.4, nestedness=0.734836, connectance=0.0832
	 Step 620000, T=0.0315476, cost function=336.4, nestedness=0.750414, connectance=0.0832
	 Step 630000, T=0.0300015, cost function=336.4, nestedness=0.697176, connectance=0.0832
	 Step 640000, T=0.0300015, cost function=336.4, nestedness=0.745098, connectance=0.0832
	 Step 650000, T=0.0294044, cost function=336.4, nestedness=0.718896, connectance=0.0832
	 Step 660000, T=0.0300015, cost function=336.4, nestedness=0.726115, connectance=0.0832
	 Step 670000, T=0.0312321, cost function=336.4, nestedness=0.726125, connectance=0.0832
	 Step 680000, T=0.0294044, cost function=336.4, nestedness=0.696922, connectance=0.0832
	 Step 690000, T=0.0297015, cost function=336.4, nestedness=0.711609, connectance=0.0832
	 Step 700000, T=0.0297015, cost function=336.4, nestedness=0.74933, connectance=0.0832
	 Step 710000, T=0.0297015, cost function=336.4, nestedness=0.764481, connectance=0.0832
	 Step 720000, T=0.0297015, cost function=336.4, nestedness=0.772038, connectance=0.0832
	 Step 730000, T=0.0297015, cost function=336.4, nestedness=0.71504, connectance=0.0832
	 Step 740000, T=0.0294044, cost function=336.4, nestedness=0.747392, connectance=0.0832
	 Step 750000, T=0.0294044, cost function=336.4, nestedness=0.746541, connectance=0.0832
	 Step 760000, T=0.0303045, cost function=336.4, nestedness=0.747437, connectance=0.0832
	 Step 770000, T=0.0303045, cost function=336.4, nestedness=0.718534, connectance=0.0832
	 Step 780000, T=0.0297015, cost function=336.4, nestedness=0.744959, connectance=0.0832
	 Step 790000, T=0.0294044, cost function=336.4, nestedness=0.720464, connectance=0.0832
	 Step 800000, T=0.0300015, cost function=336.4, nestedness=0.72105, connectance=0.0832
	 Step 810000, T=0.0294044, cost function=336.4, nestedness=0.662196, connectance=0.0832
	 Step 820000, T=0.0303045, cost function=336.4, nestedness=0.722703, connectance=0.0832
	 Step 830000, T=0.0297015, cost function=336.4, nestedness=0.713845, connectance=0.0832
	 Step 840000, T=0.0297015, cost function=336.4, nestedness=0.723526, connectance=0.0832
	 Step 850000, T=0.0303045, cost function=336.4, nestedness=0.780792, connectance=0.0832
	 Step 860000, T=0.0303045, cost function=336.4, nestedness=0.699402, connectance=0.0832
	 Step 870000, T=0.0297015, cost function=336.4, nestedness=0.742564, connectance=0.0832
	 Step 880000, T=0.0306106, cost function=336.4, nestedness=0.684615, connectance=0.0832
	 Step 890000, T=0.0297015, cost function=336.4, nestedness=0.714966, connectance=0.0832
	 Step 900000, T=0.0294044, cost function=336.4, nestedness=0.713115, connectance=0.0832
	 Step 910000, T=0.0328417, cost function=336.4, nestedness=0.688054, connectance=0.0832
	 Step 920000, T=0.0297015, cost function=336.4, nestedness=0.706455, connectance=0.0832
	 Step 930000, T=0.0300015, cost function=336.4, nestedness=0.711241, connectance=0.0832
	 Step 940000, T=0.0300015, cost function=336.4, nestedness=0.71457, connectance=0.0832
	 Step 950000, T=0.0303045, cost function=336.4, nestedness=0.705822, connectance=0.0832
	 Step 960000, T=0.0328417, cost function=336.4, nestedness=0.750952, connectance=0.0832
	 Step 970000, T=0.0297015, cost function=336.4, nestedness=0.6815, connectance=0.0832
	 Step 980000, T=0.0297015, cost function=336.4, nestedness=0.731097, connectance=0.0832
	 Step 990000, T=0.0306106, cost function=336.4, nestedness=0.700481, connectance=0.0832
	 Step 1000000, T=0.0294044, cost function=336.4, nestedness=0.716036, connectance=0.0832
An optimal syntrophy matrix was found and saved in optimal_matrices/consumption/Nr50_Nc25/RandTrix_Nr50_Nc25_Nest0.15_Conn0.0848_optimal_alpha.txt
Starting the Monte Carlo algorithm to find the optimal syntrophy matrix for optimal_matrices/consumption/Nr50_Nc25/RandTrix_Nr50_Nc25_Nest0.15_Conn0.12.txt
Created initial alpha guess with nestedness 0.189655
	 Step 0, T=9.9, cost function=2191.8, nestedness=0.185646, connectance=0.1192
	 Step 10000, T=8.95338, cost function=1914.5, nestedness=0.209762, connectance=0.1192
	 Step 20000, T=8.09728, cost function=1930.1, nestedness=0.19429, connectance=0.1192
	 Step 30000, T=7.32303, cost function=1974.6, nestedness=0.200601, connectance=0.1192
	 Step 40000, T=6.62282, cost function=1881.8, nestedness=0.228056, connectance=0.1192
	 Step 50000, T=5.98956, cost function=1781.3, nestedness=0.249042, connectance=0.1192
	 Step 60000, T=5.41685, cost function=1842.8, nestedness=0.231041, connectance=0.1192
	 Step 70000, T=4.8989, cost function=1774.4, nestedness=0.253855, connectance=0.1192
	 Step 80000, T=4.43048, cost function=1736.6, nestedness=0.27089, connectance=0.1192
	 Step 90000, T=4.00685, cost function=1674.1, nestedness=0.309745, connectance=0.1192
	 Step 100000, T=3.62372, cost function=1683.8, nestedness=0.2982, connectance=0.1192
	 Step 110000, T=3.27723, cost function=1640.3, nestedness=0.323476, connectance=0.1192
	 Step 120000, T=2.96387, cost function=1561.7, nestedness=0.376206, connectance=0.1192
	 Step 130000, T=2.68047, cost function=1498.1, nestedness=0.431022, connectance=0.1192
	 Step 140000, T=2.42417, cost function=1501.7, nestedness=0.429029, connectance=0.1192
	 Step 150000, T=2.19237, cost function=1405.1, nestedness=0.523355, connectance=0.1192
	 Step 160000, T=1.98274, cost function=1412.6, nestedness=0.536237, connectance=0.1192
	 Step 170000, T=1.79316, cost function=1408.9, nestedness=0.505199, connectance=0.1192
	 Step 180000, T=1.6217, cost function=1321, nestedness=0.63974, connectance=0.1192
	 Step 190000, T=1.46664, cost function=1288.5, nestedness=0.728012, connectance=0.1192
	 Step 200000, T=1.3264, cost function=1259.8, nestedness=0.743819, connectance=0.1192
	 Step 210000, T=1.19957, cost function=1274.3, nestedness=0.685382, connectance=0.1192
	 Step 220000, T=1.08487, cost function=1211.1, nestedness=0.758122, connectance=0.1192
