optimal_matrices/consumption/Nr25_Nc25/RandTrix_Nr25_Nc25_Nest0.55_Conn0.3824.txt 0.00932124 0.00363415
optimal_matrices/consumption/Nr25_Nc25/RandTrix_Nr25_Nc25_Nest0.6_Conn0.4176.txt 0.0100113 0.00338675
optimal_matrices/consumption/Nr25_Nc25/RandTrix_Nr25_Nc25_Nest0.5_Conn0.3824.txt 0.0137167 0.00528589
optimal_matrices/consumption/Nr25_Nc25/RandTrix_Nr25_Nc25_Nest0.45_Conn0.2672.txt 0.00911928 0.00255485
optimal_matrices/consumption/Nr25_Nc25/RandTrix_Nr25_Nc25_Nest0.4_Conn0.272.txt 0.0121765 0.00308831
optimal_matrices/consumption/Nr25_Nc25/RandTrix_Nr25_Nc25_Nest0.4_Conn0.3312.txt 0.0113113 0.00353018
optimal_matrices/consumption/Nr25_Nc25/RandTrix_Nr25_Nc25_Nest0.4_Conn0.3712.txt 0.0201317 0.00463895
optimal_matrices/consumption/Nr25_Nc25/RandTrix_Nr25_Nc25_Nest0.55_Conn0.3344.txt 0.0126983 0.00385393
optimal_matrices/consumption/Nr25_Nc25/RandTrix_Nr25_Nc25_Nest0.5_Conn0.416.txt 0.0117326 0.00399374
optimal_matrices/consumption/Nr25_Nc25/RandTrix_Nr25_Nc25_Nest0.6_Conn0.3168.txt 0.00963272 0.00257871
optimal_matrices/consumption/Nr25_Nc25/RandTrix_Nr25_Nc25_Nest0.6_Conn0.3712.txt 0.00863389 0.00264571
optimal_matrices/consumption/Nr25_Nc25/RandTrix_Nr25_Nc25_Nest0.2_Conn0.168.txt 0.0121179 0.0039852
optimal_matrices/consumption/Nr25_Nc25/RandTrix_Nr25_Nc25_Nest0.45_Conn0.384.txt 0.0174992 0.00486971
optimal_matrices/consumption/Nr25_Nc25/RandTrix_Nr25_Nc25_Nest0.45_Conn0.424.txt 0.0194142 0.00548393
optimal_matrices/consumption/Nr25_Nc25/RandTrix_Nr25_Nc25_Nest0.15_Conn0.1808.txt 0.018123 0.00408846
optimal_matrices/consumption/Nr25_Nc25/RandTrix_Nr25_Nc25_Nest0.1_Conn0.1296.txt 0.00989593 0.00359626
optimal_matrices/consumption/Nr25_Nc25/RandTrix_Nr25_Nc25_Nest0.3_Conn0.2272.txt 0.0158748 0.00404744
optimal_matrices/consumption/Nr25_Nc25/RandTrix_Nr25_Nc25_Nest0.3_Conn0.2816.txt 0.0146859 0.00505492
optimal_matrices/consumption/Nr25_Nc25/RandTrix_Nr25_Nc25_Nest0.35_Conn0.272.txt 0.0174944 0.0038324
optimal_matrices/consumption/Nr25_Nc25/RandTrix_Nr25_Nc25_Nest0.35_Conn0.3216.txt 0.0116972 0.00374206
optimal_matrices/consumption/Nr25_Nc25/RandTrix_Nr25_Nc25_Nest0.5_Conn0.32.txt 0.0100013 0.00298177
optimal_matrices/consumption/Nr25_Nc25/RandTrix_Nr25_Nc25_Nest0.5_Conn0.3824.txt 0.0137167 0.00528589
optimal_matrices/consumption/Nr25_Nc25/RandTrix_Nr25_Nc25_Nest0.5_Conn0.416.txt 0.0117326 0.00399374
optimal_matrices/consumption/Nr25_Nc25/RandTrix_Nr25_Nc25_Nest0.6_Conn0.3168.txt 0.00963272 0.00257871
optimal_matrices/consumption/Nr25_Nc25/RandTrix_Nr25_Nc25_Nest0.6_Conn0.3712.txt 0.00863389 0.00264571
optimal_matrices/consumption/Nr25_Nc25/RandTrix_Nr25_Nc25_Nest0.6_Conn0.4176.txt 0.0100113 0.00338675
