[2019-12-02 21:40:29] Loading metaparameters from config/configuration_comparison_NR25_NS25_s025_a15.in
[2019-12-02 21:40:29] Successfully opened ./data_output/configuration_comparison_NR25_NS25_s025_a15_matrix_list_NR25_NS25_3.out, attempting now to find the critical delta of every listed matrix 
[2019-12-02 21:40:29] Attempting now to find the critical delta for the given set of metaparameters
[2019-12-02 21:40:29] Computing probability of getting one or more extinctions for Delta=0
[2019-12-02 21:40:30] Probability of getting one or more extinctions for Delta=0 is 0
[2019-12-02 21:40:30] Computing probability of getting one or more extinctions for Delta=1
[2019-12-02 21:40:30] Probability of getting one or more extinctions for Delta=1 is 1
[2019-12-02 21:40:30] We first find a rough interval where the critical delta should lie (each point computed by the solver is estimated with 100 runs)
[2019-12-02 21:40:30] Computing probability of getting one or more extinctions for Delta=0.5
[2019-12-02 21:40:30] Probability of getting one or more extinctions for Delta=0.5 is 1
[2019-12-02 21:40:30] Computing probability of getting one or more extinctions for Delta=0.25
[2019-12-02 21:40:31] Probability of getting one or more extinctions for Delta=0.25 is 1
[2019-12-02 21:40:31] Computing probability of getting one or more extinctions for Delta=0.125
[2019-12-02 21:40:31] Probability of getting one or more extinctions for Delta=0.125 is 1
[2019-12-02 21:40:31] Computing probability of getting one or more extinctions for Delta=0.0625
[2019-12-02 21:40:32] Probability of getting one or more extinctions for Delta=0.0625 is 1
[2019-12-02 21:40:32] Computing probability of getting one or more extinctions for Delta=0.03125
[2019-12-02 21:40:39] Probability of getting one or more extinctions for Delta=0.03125 is 0.97
[2019-12-02 21:40:39] Computing probability of getting one or more extinctions for Delta=0.0161082
[2019-12-02 21:41:43] Probability of getting one or more extinctions for Delta=0.0161082 is 0.6
[2019-12-02 21:41:43] Computing probability of getting one or more extinctions for Delta=0.0126979
[2019-12-02 21:42:37] Probability of getting one or more extinctions for Delta=0.0126979 is 0.41
[2019-12-02 21:42:37] Computing probability of getting one or more extinctions for Delta=0.0143134
[2019-12-02 21:43:21] Probability of getting one or more extinctions for Delta=0.0143134 is 0.56
[2019-12-02 21:43:21] Computing probability of getting one or more extinctions for Delta=0.0136672
[2019-12-02 21:44:26] Probability of getting one or more extinctions for Delta=0.0136672 is 0.49
[2019-12-02 21:44:26] Found an interval for Delta critical : [0.0136672;0.0143134]
[2019-12-02 21:44:26] Now computing the probability of getting more than one extinction for ten points inside this interval (1000 runs per point)
[2019-12-02 21:44:26] Computing probability of getting one or more extinctions for Delta=0.0136672
[2019-12-02 22:01:21] Probability of getting one or more extinctions for Delta=0.0136672 is 0.476
[2019-12-02 22:01:21] Computing probability of getting one or more extinctions for Delta=0.013739
[2019-12-02 22:14:12] Probability of getting one or more extinctions for Delta=0.013739 is 0.457
[2019-12-02 22:14:12] Computing probability of getting one or more extinctions for Delta=0.0138108
[2019-12-02 22:23:03] Probability of getting one or more extinctions for Delta=0.0138108 is 0.487
[2019-12-02 22:23:03] Computing probability of getting one or more extinctions for Delta=0.0138826
[2019-12-02 22:30:57] Probability of getting one or more extinctions for Delta=0.0138826 is 0.519
[2019-12-02 22:30:57] Computing probability of getting one or more extinctions for Delta=0.0139544
[2019-12-02 22:42:06] Probability of getting one or more extinctions for Delta=0.0139544 is 0.519
[2019-12-02 22:42:06] Computing probability of getting one or more extinctions for Delta=0.0140262
[2019-12-02 22:52:07] Probability of getting one or more extinctions for Delta=0.0140262 is 0.507
[2019-12-02 22:52:07] Computing probability of getting one or more extinctions for Delta=0.014098
[2019-12-02 23:06:16] Probability of getting one or more extinctions for Delta=0.014098 is 0.495
[2019-12-02 23:06:16] Computing probability of getting one or more extinctions for Delta=0.0141698
[2019-12-02 23:13:55] Probability of getting one or more extinctions for Delta=0.0141698 is 0.511
[2019-12-02 23:13:55] Computing probability of getting one or more extinctions for Delta=0.0142416
[2019-12-02 23:27:01] Probability of getting one or more extinctions for Delta=0.0142416 is 0.524
[2019-12-02 23:27:01] Computing probability of getting one or more extinctions for Delta=0.0143134
[2019-12-02 23:41:56] Probability of getting one or more extinctions for Delta=0.0143134 is 0.524
[2019-12-02 23:41:56] Now fitting the 10 chosen into the specific function
[2019-12-02 23:41:56] Now we find the zero of the fit to determine delta critical (parameters = -1644.75 350752 -2.4935e+07 5.90916e+08)
[2019-12-02 23:41:56] We interpret the fitting parameters as coefficients of a degree 3 polynomial (which should be true, please check that)
[2019-12-02 23:41:56]  zero estimated at 0.0138649
[2019-12-02 23:41:56] Computed critical delta for ./matrices/Nr25_Nc25/RandTrix_Nr25_Nc25_Nest0.2_Conn0.168.txt
[2019-12-02 23:41:56] Attempting now to find the critical delta for the given set of metaparameters
[2019-12-02 23:41:56] Computing probability of getting one or more extinctions for Delta=0
[2019-12-02 23:41:56] Probability of getting one or more extinctions for Delta=0 is 0
[2019-12-02 23:41:56] Computing probability of getting one or more extinctions for Delta=1
[2019-12-02 23:41:57] Probability of getting one or more extinctions for Delta=1 is 1
[2019-12-02 23:41:57] We first find a rough interval where the critical delta should lie (each point computed by the solver is estimated with 100 runs)
[2019-12-02 23:41:57] Computing probability of getting one or more extinctions for Delta=0.5
[2019-12-02 23:41:58] Probability of getting one or more extinctions for Delta=0.5 is 1
[2019-12-02 23:41:58] Computing probability of getting one or more extinctions for Delta=0.25
[2019-12-02 23:41:58] Probability of getting one or more extinctions for Delta=0.25 is 1
[2019-12-02 23:41:58] Computing probability of getting one or more extinctions for Delta=0.125
[2019-12-02 23:41:59] Probability of getting one or more extinctions for Delta=0.125 is 0.97
[2019-12-02 23:41:59] Computing probability of getting one or more extinctions for Delta=0.064433
[2019-12-02 23:42:02] Probability of getting one or more extinctions for Delta=0.064433 is 0.84
[2019-12-02 23:42:02] Computing probability of getting one or more extinctions for Delta=0.0322165
[2019-12-02 23:42:07] Probability of getting one or more extinctions for Delta=0.0322165 is 0.26
[2019-12-02 23:42:07] Computing probability of getting one or more extinctions for Delta=0.0455475
[2019-12-02 23:42:10] Probability of getting one or more extinctions for Delta=0.0455475 is 0.5
[2019-12-02 23:42:10] Computing probability of getting one or more extinctions for Delta=0.0455475
[2019-12-02 23:42:13] Probability of getting one or more extinctions for Delta=0.0455475 is 0.5
[2019-12-02 23:42:13] Computing probability of getting one or more extinctions for Delta=0.038882
[2019-12-02 23:42:15] Probability of getting one or more extinctions for Delta=0.038882 is 0.33
[2019-12-02 23:42:15] Computing probability of getting one or more extinctions for Delta=0.0455475
[2019-12-02 23:42:17] Probability of getting one or more extinctions for Delta=0.0455475 is 0.6
[2019-12-02 23:42:17] Computing probability of getting one or more extinctions for Delta=0.0422147
[2019-12-02 23:42:20] Probability of getting one or more extinctions for Delta=0.0422147 is 0.47
[2019-12-02 23:42:20] Found an interval for Delta critical : [0.0422147;0.0455475]
[2019-12-02 23:42:20] Now computing the probability of getting more than one extinction for ten points inside this interval (1000 runs per point)
[2019-12-02 23:42:20] Computing probability of getting one or more extinctions for Delta=0.0422147
[2019-12-02 23:42:58] Probability of getting one or more extinctions for Delta=0.0422147 is 0.506
[2019-12-02 23:42:58] Computing probability of getting one or more extinctions for Delta=0.042585
[2019-12-02 23:43:30] Probability of getting one or more extinctions for Delta=0.042585 is 0.485
[2019-12-02 23:43:30] Computing probability of getting one or more extinctions for Delta=0.0429553
[2019-12-02 23:43:54] Probability of getting one or more extinctions for Delta=0.0429553 is 0.512
[2019-12-02 23:43:54] Computing probability of getting one or more extinctions for Delta=0.0433256
[2019-12-02 23:44:26] Probability of getting one or more extinctions for Delta=0.0433256 is 0.523
[2019-12-02 23:44:26] Computing probability of getting one or more extinctions for Delta=0.0436959
[2019-12-02 23:45:11] Probability of getting one or more extinctions for Delta=0.0436959 is 0.51
[2019-12-02 23:45:11] Computing probability of getting one or more extinctions for Delta=0.0440662
[2019-12-02 23:45:55] Probability of getting one or more extinctions for Delta=0.0440662 is 0.544
[2019-12-02 23:45:55] Computing probability of getting one or more extinctions for Delta=0.0444365
[2019-12-02 23:46:41] Probability of getting one or more extinctions for Delta=0.0444365 is 0.581
[2019-12-02 23:46:41] Computing probability of getting one or more extinctions for Delta=0.0448068
[2019-12-02 23:47:24] Probability of getting one or more extinctions for Delta=0.0448068 is 0.567
[2019-12-02 23:47:24] Computing probability of getting one or more extinctions for Delta=0.0451772
[2019-12-02 23:48:07] Probability of getting one or more extinctions for Delta=0.0451772 is 0.579
[2019-12-02 23:48:07] Computing probability of getting one or more extinctions for Delta=0.0455475
[2019-12-02 23:48:51] Probability of getting one or more extinctions for Delta=0.0455475 is 0.57
[2019-12-02 23:48:51] Now fitting the 10 chosen into the specific function
[2019-12-02 23:48:51] Now we find the zero of the fit to determine delta critical (parameters = 888.452 -60864.3 1.38879e+06 -1.05544e+07)
[2019-12-02 23:48:51] We interpret the fitting parameters as coefficients of a degree 3 polynomial (which should be true, please check that)
[2019-12-02 23:48:51] Found three potential roots, compute which one is the best (100 runs per point)
[2019-12-02 23:48:51] Please implement the different equilibrium modes in case of three roots
[2019-12-02 23:48:51]  zero estimated at -1
[2019-12-02 23:48:51] Computed critical delta for ./matrices/Nr25_Nc25/RandTrix_Nr25_Nc25_Nest0.35_Conn0.0832.txt
[2019-12-02 23:48:51] Attempting now to find the critical delta for the given set of metaparameters
[2019-12-02 23:48:51] Computing probability of getting one or more extinctions for Delta=0
[2019-12-02 23:48:51] Probability of getting one or more extinctions for Delta=0 is 0
[2019-12-02 23:48:51] Computing probability of getting one or more extinctions for Delta=1
[2019-12-02 23:48:52] Probability of getting one or more extinctions for Delta=1 is 1
[2019-12-02 23:48:52] We first find a rough interval where the critical delta should lie (each point computed by the solver is estimated with 100 runs)
[2019-12-02 23:48:52] Computing probability of getting one or more extinctions for Delta=0.5
[2019-12-02 23:48:53] Probability of getting one or more extinctions for Delta=0.5 is 1
[2019-12-02 23:48:53] Computing probability of getting one or more extinctions for Delta=0.25
[2019-12-02 23:48:53] Probability of getting one or more extinctions for Delta=0.25 is 1
[2019-12-02 23:48:53] Computing probability of getting one or more extinctions for Delta=0.125
[2019-12-02 23:48:54] Probability of getting one or more extinctions for Delta=0.125 is 1
[2019-12-02 23:48:54] Computing probability of getting one or more extinctions for Delta=0.0625
[2019-12-02 23:48:56] Probability of getting one or more extinctions for Delta=0.0625 is 0.98
[2019-12-02 23:48:56] Computing probability of getting one or more extinctions for Delta=0.0318878
[2019-12-02 23:49:05] Probability of getting one or more extinctions for Delta=0.0318878 is 0.45
[2019-12-02 23:49:05] Computing probability of getting one or more extinctions for Delta=0.0347757
[2019-12-02 23:49:15] Probability of getting one or more extinctions for Delta=0.0347757 is 0.64
[2019-12-02 23:49:15] Found an interval for Delta critical : [0.0318878;0.0347757]
[2019-12-02 23:49:15] Now computing the probability of getting more than one extinction for ten points inside this interval (1000 runs per point)
[2019-12-02 23:49:15] Computing probability of getting one or more extinctions for Delta=0.0318878
[2019-12-02 23:50:14] Probability of getting one or more extinctions for Delta=0.0318878 is 0.477
[2019-12-02 23:50:14] Computing probability of getting one or more extinctions for Delta=0.0322086
[2019-12-02 23:51:04] Probability of getting one or more extinctions for Delta=0.0322086 is 0.496
[2019-12-02 23:51:04] Computing probability of getting one or more extinctions for Delta=0.0325295
[2019-12-02 23:51:57] Probability of getting one or more extinctions for Delta=0.0325295 is 0.512
[2019-12-02 23:51:57] Computing probability of getting one or more extinctions for Delta=0.0328504
[2019-12-02 23:53:21] Probability of getting one or more extinctions for Delta=0.0328504 is 0.503
[2019-12-02 23:53:21] Computing probability of getting one or more extinctions for Delta=0.0331713
[2019-12-02 23:54:41] Probability of getting one or more extinctions for Delta=0.0331713 is 0.531
[2019-12-02 23:54:41] Computing probability of getting one or more extinctions for Delta=0.0334922
[2019-12-02 23:55:53] Probability of getting one or more extinctions for Delta=0.0334922 is 0.539
[2019-12-02 23:55:53] Computing probability of getting one or more extinctions for Delta=0.0338131
[2019-12-02 23:56:42] Probability of getting one or more extinctions for Delta=0.0338131 is 0.567
[2019-12-02 23:56:42] Computing probability of getting one or more extinctions for Delta=0.0341339
[2019-12-02 23:57:49] Probability of getting one or more extinctions for Delta=0.0341339 is 0.577
[2019-12-02 23:57:49] Computing probability of getting one or more extinctions for Delta=0.0344548
[2019-12-02 23:58:50] Probability of getting one or more extinctions for Delta=0.0344548 is 0.58
[2019-12-02 23:58:50] Computing probability of getting one or more extinctions for Delta=0.0347757
[2019-12-02 23:59:42] Probability of getting one or more extinctions for Delta=0.0347757 is 0.604
[2019-12-02 23:59:42] Now fitting the 10 chosen into the specific function
[2019-12-02 23:59:42] Now we find the zero of the fit to determine delta critical (parameters = 43.8633 -3960.95 117994 -1.1583e+06)
[2019-12-02 23:59:42] We interpret the fitting parameters as coefficients of a degree 3 polynomial (which should be true, please check that)
[2019-12-02 23:59:42] Found three potential roots, compute which one is the best (100 runs per point)
[2019-12-02 23:59:42] Please implement the different equilibrium modes in case of three roots
[2019-12-02 23:59:42]  zero estimated at -1
[2019-12-02 23:59:42] Computed critical delta for ./matrices/Nr25_Nc25/RandTrix_Nr25_Nc25_Nest0.35_Conn0.1264.txt
[2019-12-02 23:59:42] Attempting now to find the critical delta for the given set of metaparameters
[2019-12-02 23:59:42] Computing probability of getting one or more extinctions for Delta=0
[2019-12-02 23:59:42] Probability of getting one or more extinctions for Delta=0 is 0
[2019-12-02 23:59:42] Computing probability of getting one or more extinctions for Delta=1
[2019-12-02 23:59:42] Probability of getting one or more extinctions for Delta=1 is 1
[2019-12-02 23:59:42] We first find a rough interval where the critical delta should lie (each point computed by the solver is estimated with 100 runs)
[2019-12-02 23:59:42] Computing probability of getting one or more extinctions for Delta=0.5
[2019-12-02 23:59:42] Probability of getting one or more extinctions for Delta=0.5 is 1
[2019-12-02 23:59:42] Computing probability of getting one or more extinctions for Delta=0.25
[2019-12-02 23:59:43] Probability of getting one or more extinctions for Delta=0.25 is 1
[2019-12-02 23:59:43] Computing probability of getting one or more extinctions for Delta=0.125
[2019-12-02 23:59:43] Probability of getting one or more extinctions for Delta=0.125 is 1
[2019-12-02 23:59:43] Computing probability of getting one or more extinctions for Delta=0.0625
[2019-12-02 23:59:44] Probability of getting one or more extinctions for Delta=0.0625 is 1
[2019-12-02 23:59:44] Computing probability of getting one or more extinctions for Delta=0.03125
[2019-12-02 23:59:48] Probability of getting one or more extinctions for Delta=0.03125 is 1
[2019-12-02 23:59:48] Computing probability of getting one or more extinctions for Delta=0.015625
[2019-12-03 00:02:09] Probability of getting one or more extinctions for Delta=0.015625 is 0.78
[2019-12-03 00:02:09] Computing probability of getting one or more extinctions for Delta=0.010016
[2019-12-03 00:10:36] Probability of getting one or more extinctions for Delta=0.010016 is 0.65
[2019-12-03 00:10:36] Computing probability of getting one or more extinctions for Delta=0.00503765
[2019-12-03 00:26:16] Probability of getting one or more extinctions for Delta=0.00503765 is 0.21
[2019-12-03 00:26:16] Computing probability of getting one or more extinctions for Delta=0.00831885
[2019-12-03 00:40:29] Probability of getting one or more extinctions for Delta=0.00831885 is 0.38
[2019-12-03 00:40:29] Computing probability of getting one or more extinctions for Delta=0.00907315
[2019-12-03 00:59:13] Probability of getting one or more extinctions for Delta=0.00907315 is 0.47
[2019-12-03 00:59:13] Computing probability of getting one or more extinctions for Delta=0.00928268
[2019-12-03 01:11:58] Probability of getting one or more extinctions for Delta=0.00928268 is 0.43
[2019-12-03 01:11:58] Found an interval for Delta critical : [0.00928268;0.010016]
[2019-12-03 01:11:58] Now computing the probability of getting more than one extinction for ten points inside this interval (1000 runs per point)
[2019-12-03 01:11:58] Computing probability of getting one or more extinctions for Delta=0.00928268
[2019-12-03 02:36:02] Probability of getting one or more extinctions for Delta=0.00928268 is 0.503
[2019-12-03 02:36:02] Computing probability of getting one or more extinctions for Delta=0.00936416
[2019-12-03 04:05:01] Probability of getting one or more extinctions for Delta=0.00936416 is 0.509
[2019-12-03 04:05:01] Computing probability of getting one or more extinctions for Delta=0.00944564
[2019-12-03 05:20:59] Probability of getting one or more extinctions for Delta=0.00944564 is 0.525
[2019-12-03 05:20:59] Computing probability of getting one or more extinctions for Delta=0.00952713
[2019-12-03 06:52:53] Probability of getting one or more extinctions for Delta=0.00952713 is 0.514
[2019-12-03 06:52:53] Computing probability of getting one or more extinctions for Delta=0.00960861
[2019-12-03 08:26:36] Probability of getting one or more extinctions for Delta=0.00960861 is 0.524
[2019-12-03 08:26:36] Computing probability of getting one or more extinctions for Delta=0.00969009
[2019-12-03 09:39:22] Probability of getting one or more extinctions for Delta=0.00969009 is 0.555
[2019-12-03 09:39:22] Computing probability of getting one or more extinctions for Delta=0.00977158
[2019-12-03 10:52:57] Probability of getting one or more extinctions for Delta=0.00977158 is 0.556
[2019-12-03 10:52:57] Computing probability of getting one or more extinctions for Delta=0.00985306
