[2019-11-30 02:33:29] Loading metaparameters from config/configuration_comparison_NR25_NS25_s075_a05.in
[2019-11-30 02:33:29] Successfully opened ./data_output/configuration_comparison_NR25_NS25_s075_a05_matrix_list_NR25_NS25_4.out, attempting now to find the critical delta of every listed matrix 
[2019-11-30 02:33:29] Attempting now to find the critical delta for the given set of metaparameters
[2019-11-30 02:33:29] Computing probability of getting one or more extinctions for Delta=0
[2019-11-30 02:33:29] Probability of getting one or more extinctions for Delta=0 is 0
[2019-11-30 02:33:29] Computing probability of getting one or more extinctions for Delta=1
[2019-11-30 02:33:29] Probability of getting one or more extinctions for Delta=1 is 1
[2019-11-30 02:33:29] We first find a rough interval where the critical delta should lie (each point computed by the solver is estimated with 100 runs)
[2019-11-30 02:33:29] Computing probability of getting one or more extinctions for Delta=0.5
[2019-11-30 02:33:30] Probability of getting one or more extinctions for Delta=0.5 is 1
[2019-11-30 02:33:30] Computing probability of getting one or more extinctions for Delta=0.25
[2019-11-30 02:33:30] Probability of getting one or more extinctions for Delta=0.25 is 1
[2019-11-30 02:33:30] Computing probability of getting one or more extinctions for Delta=0.125
[2019-11-30 02:33:32] Probability of getting one or more extinctions for Delta=0.125 is 1
[2019-11-30 02:33:32] Computing probability of getting one or more extinctions for Delta=0.0625
[2019-11-30 02:33:33] Probability of getting one or more extinctions for Delta=0.0625 is 1
[2019-11-30 02:33:33] Computing probability of getting one or more extinctions for Delta=0.03125
[2019-11-30 02:33:39] Probability of getting one or more extinctions for Delta=0.03125 is 1
[2019-11-30 02:33:39] Computing probability of getting one or more extinctions for Delta=0.015625
[2019-11-30 02:34:26] Probability of getting one or more extinctions for Delta=0.015625 is 0.87
[2019-11-30 02:34:26] Computing probability of getting one or more extinctions for Delta=0.00897989
[2019-11-30 02:37:01] Probability of getting one or more extinctions for Delta=0.00897989 is 0.6
[2019-11-30 02:37:01] Computing probability of getting one or more extinctions for Delta=0.00692892
[2019-11-30 02:45:25] Probability of getting one or more extinctions for Delta=0.00692892 is 0.39
[2019-11-30 02:45:25] Computing probability of getting one or more extinctions for Delta=0.00800324
[2019-11-30 02:54:58] Probability of getting one or more extinctions for Delta=0.00800324 is 0.49
[2019-11-30 02:54:58] Computing probability of getting one or more extinctions for Delta=0.00809202
[2019-11-30 03:01:00] Probability of getting one or more extinctions for Delta=0.00809202 is 0.39
[2019-11-30 03:01:00] Computing probability of getting one or more extinctions for Delta=0.00855709
[2019-11-30 03:12:55] Probability of getting one or more extinctions for Delta=0.00855709 is 0.45
[2019-11-30 03:12:55] Found an interval for Delta critical : [0.00855709;0.00897989]
[2019-11-30 03:12:55] Now computing the probability of getting more than one extinction for ten points inside this interval (1000 runs per point)
[2019-11-30 03:12:55] Computing probability of getting one or more extinctions for Delta=0.00855709
[2019-11-30 04:03:15] Probability of getting one or more extinctions for Delta=0.00855709 is 0.541
[2019-11-30 04:03:15] Computing probability of getting one or more extinctions for Delta=0.00860407
[2019-11-30 05:06:39] Probability of getting one or more extinctions for Delta=0.00860407 is 0.526
[2019-11-30 05:06:39] Computing probability of getting one or more extinctions for Delta=0.00865105
[2019-11-30 05:49:28] Probability of getting one or more extinctions for Delta=0.00865105 is 0.522
[2019-11-30 05:49:28] Computing probability of getting one or more extinctions for Delta=0.00869802
[2019-11-30 06:38:18] Probability of getting one or more extinctions for Delta=0.00869802 is 0.537
[2019-11-30 06:38:18] Computing probability of getting one or more extinctions for Delta=0.008745
[2019-11-30 07:32:15] Probability of getting one or more extinctions for Delta=0.008745 is 0.488
[2019-11-30 07:32:15] Computing probability of getting one or more extinctions for Delta=0.00879198
[2019-11-30 08:21:54] Probability of getting one or more extinctions for Delta=0.00879198 is 0.565
[2019-11-30 08:21:54] Computing probability of getting one or more extinctions for Delta=0.00883895
[2019-11-30 09:15:59] Probability of getting one or more extinctions for Delta=0.00883895 is 0.53
[2019-11-30 09:15:59] Computing probability of getting one or more extinctions for Delta=0.00888593
[2019-11-30 10:11:48] Probability of getting one or more extinctions for Delta=0.00888593 is 0.528
[2019-11-30 10:11:48] Computing probability of getting one or more extinctions for Delta=0.00893291
[2019-11-30 11:02:56] Probability of getting one or more extinctions for Delta=0.00893291 is 0.541
[2019-11-30 11:02:56] Computing probability of getting one or more extinctions for Delta=0.00897989
[2019-11-30 11:37:29] Probability of getting one or more extinctions for Delta=0.00897989 is 0.568
[2019-11-30 11:37:29] Now fitting the 10 chosen into the specific function
[2019-11-30 11:37:29] Now we find the zero of the fit to determine delta critical (parameters = 21.1593 -2449.62 -272190 3.15529e+07)
[2019-11-30 11:37:29] We interpret the fitting parameters as coefficients of a degree 3 polynomial (which should be true, please check that)
[2019-11-30 11:37:29]  zero estimated at -0.00881395
[2019-11-30 11:37:29] Computed critical delta for ./matrices/Nr25_Nc25/RandTrix_Nr25_Nc25_Nest0.35_Conn0.2208.txt
[2019-11-30 11:37:29] Attempting now to find the critical delta for the given set of metaparameters
[2019-11-30 11:37:29] Computing probability of getting one or more extinctions for Delta=0
[2019-11-30 11:37:29] Probability of getting one or more extinctions for Delta=0 is 0
[2019-11-30 11:37:29] Computing probability of getting one or more extinctions for Delta=1
[2019-11-30 11:37:29] Probability of getting one or more extinctions for Delta=1 is 1
[2019-11-30 11:37:29] We first find a rough interval where the critical delta should lie (each point computed by the solver is estimated with 100 runs)
[2019-11-30 11:37:29] Computing probability of getting one or more extinctions for Delta=0.5
[2019-11-30 11:37:30] Probability of getting one or more extinctions for Delta=0.5 is 1
[2019-11-30 11:37:30] Computing probability of getting one or more extinctions for Delta=0.25
[2019-11-30 11:37:30] Probability of getting one or more extinctions for Delta=0.25 is 1
[2019-11-30 11:37:30] Computing probability of getting one or more extinctions for Delta=0.125
[2019-11-30 11:37:31] Probability of getting one or more extinctions for Delta=0.125 is 1
[2019-11-30 11:37:31] Computing probability of getting one or more extinctions for Delta=0.0625
[2019-11-30 11:37:32] Probability of getting one or more extinctions for Delta=0.0625 is 1
[2019-11-30 11:37:32] Computing probability of getting one or more extinctions for Delta=0.03125
[2019-11-30 11:37:36] Probability of getting one or more extinctions for Delta=0.03125 is 0.96
[2019-11-30 11:37:36] Computing probability of getting one or more extinctions for Delta=0.016276
[2019-11-30 11:38:17] Probability of getting one or more extinctions for Delta=0.016276 is 0.62
[2019-11-30 11:38:17] Computing probability of getting one or more extinctions for Delta=0.012014
[2019-11-30 11:39:17] Probability of getting one or more extinctions for Delta=0.012014 is 0.41
[2019-11-30 11:39:17] Computing probability of getting one or more extinctions for Delta=0.0138406
[2019-11-30 11:40:04] Probability of getting one or more extinctions for Delta=0.0138406 is 0.5
[2019-11-30 11:40:04] Computing probability of getting one or more extinctions for Delta=0.0138406
[2019-11-30 11:40:51] Probability of getting one or more extinctions for Delta=0.0138406 is 0.4
[2019-11-30 11:40:51] Found an interval for Delta critical : [0.0138406;0.0138406]
[2019-11-30 11:40:51] Now computing the probability of getting more than one extinction for ten points inside this interval (1000 runs per point)
[2019-11-30 11:40:51] Computing probability of getting one or more extinctions for Delta=0.0138406
[2019-11-30 11:48:52] Probability of getting one or more extinctions for Delta=0.0138406 is 0.493
[2019-11-30 11:48:52] Computing probability of getting one or more extinctions for Delta=0.0138406
[2019-11-30 11:55:23] Probability of getting one or more extinctions for Delta=0.0138406 is 0.459
[2019-11-30 11:55:23] Computing probability of getting one or more extinctions for Delta=0.0138406
[2019-11-30 12:01:35] Probability of getting one or more extinctions for Delta=0.0138406 is 0.508
[2019-11-30 12:01:35] Computing probability of getting one or more extinctions for Delta=0.0138406
[2019-11-30 12:09:08] Probability of getting one or more extinctions for Delta=0.0138406 is 0.49
[2019-11-30 12:09:08] Computing probability of getting one or more extinctions for Delta=0.0138406
[2019-11-30 12:14:34] Probability of getting one or more extinctions for Delta=0.0138406 is 0.454
[2019-11-30 12:14:34] Computing probability of getting one or more extinctions for Delta=0.0138406
[2019-11-30 12:21:48] Probability of getting one or more extinctions for Delta=0.0138406 is 0.515
[2019-11-30 12:21:48] Computing probability of getting one or more extinctions for Delta=0.0138406
[2019-11-30 12:28:04] Probability of getting one or more extinctions for Delta=0.0138406 is 0.476
[2019-11-30 12:28:04] Computing probability of getting one or more extinctions for Delta=0.0138406
[2019-11-30 12:32:46] Probability of getting one or more extinctions for Delta=0.0138406 is 0.48
[2019-11-30 12:32:46] Computing probability of getting one or more extinctions for Delta=0.0138406
[2019-11-30 12:37:37] Probability of getting one or more extinctions for Delta=0.0138406 is 0.461
[2019-11-30 12:37:37] Computing probability of getting one or more extinctions for Delta=0.0138406
[2019-11-30 12:45:34] Probability of getting one or more extinctions for Delta=0.0138406 is 0.485
[2019-11-30 12:45:34] Now fitting the 10 chosen into the specific function
[2019-11-30 12:45:34] Now we find the zero of the fit to determine delta critical (parameters = 0.741988 -17.6417 -1345.84 -97273.7)
[2019-11-30 12:45:34] We interpret the fitting parameters as coefficients of a degree 3 polynomial (which should be true, please check that)
[2019-11-30 12:45:34]  zero estimated at 0.0136778
[2019-11-30 12:45:34] Computed critical delta for ./matrices/Nr25_Nc25/RandTrix_Nr25_Nc25_Nest0.35_Conn0.272.txt
[2019-11-30 12:45:34] Attempting now to find the critical delta for the given set of metaparameters
[2019-11-30 12:45:34] Computing probability of getting one or more extinctions for Delta=0
[2019-11-30 12:45:34] Probability of getting one or more extinctions for Delta=0 is 0
[2019-11-30 12:45:34] Computing probability of getting one or more extinctions for Delta=1
[2019-11-30 12:45:35] Probability of getting one or more extinctions for Delta=1 is 1
[2019-11-30 12:45:35] We first find a rough interval where the critical delta should lie (each point computed by the solver is estimated with 100 runs)
[2019-11-30 12:45:35] Computing probability of getting one or more extinctions for Delta=0.5
[2019-11-30 12:45:35] Probability of getting one or more extinctions for Delta=0.5 is 1
[2019-11-30 12:45:35] Computing probability of getting one or more extinctions for Delta=0.25
[2019-11-30 12:45:36] Probability of getting one or more extinctions for Delta=0.25 is 1
[2019-11-30 12:45:36] Computing probability of getting one or more extinctions for Delta=0.125
[2019-11-30 12:45:37] Probability of getting one or more extinctions for Delta=0.125 is 1
[2019-11-30 12:45:37] Computing probability of getting one or more extinctions for Delta=0.0625
[2019-11-30 12:45:39] Probability of getting one or more extinctions for Delta=0.0625 is 1
[2019-11-30 12:45:39] Computing probability of getting one or more extinctions for Delta=0.03125
[2019-11-30 12:45:50] Probability of getting one or more extinctions for Delta=0.03125 is 0.98
[2019-11-30 12:45:50] Computing probability of getting one or more extinctions for Delta=0.0159439
[2019-11-30 12:46:59] Probability of getting one or more extinctions for Delta=0.0159439 is 0.79
[2019-11-30 12:46:59] Computing probability of getting one or more extinctions for Delta=0.00797194
[2019-11-30 12:51:07] Probability of getting one or more extinctions for Delta=0.00797194 is 0.4
[2019-11-30 12:51:07] Computing probability of getting one or more extinctions for Delta=0.010016
[2019-11-30 12:57:47] Probability of getting one or more extinctions for Delta=0.010016 is 0.55
[2019-11-30 12:57:47] Computing probability of getting one or more extinctions for Delta=0.00933466
[2019-11-30 13:02:31] Probability of getting one or more extinctions for Delta=0.00933466 is 0.47
[2019-11-30 13:02:31] Found an interval for Delta critical : [0.00933466;0.010016]
[2019-11-30 13:02:31] Now computing the probability of getting more than one extinction for ten points inside this interval (1000 runs per point)
[2019-11-30 13:02:31] Computing probability of getting one or more extinctions for Delta=0.00933466
[2019-11-30 13:50:02] Probability of getting one or more extinctions for Delta=0.00933466 is 0.475
[2019-11-30 13:50:02] Computing probability of getting one or more extinctions for Delta=0.00941037
[2019-11-30 14:23:46] Probability of getting one or more extinctions for Delta=0.00941037 is 0.46
[2019-11-30 14:23:46] Computing probability of getting one or more extinctions for Delta=0.00948608
[2019-11-30 15:07:40] Probability of getting one or more extinctions for Delta=0.00948608 is 0.463
[2019-11-30 15:07:40] Computing probability of getting one or more extinctions for Delta=0.00956178
[2019-11-30 15:38:27] Probability of getting one or more extinctions for Delta=0.00956178 is 0.489
[2019-11-30 15:38:27] Computing probability of getting one or more extinctions for Delta=0.00963749
[2019-11-30 16:15:18] Probability of getting one or more extinctions for Delta=0.00963749 is 0.458
[2019-11-30 16:15:18] Computing probability of getting one or more extinctions for Delta=0.0097132
[2019-11-30 16:43:44] Probability of getting one or more extinctions for Delta=0.0097132 is 0.464
[2019-11-30 16:43:44] Computing probability of getting one or more extinctions for Delta=0.0097889
[2019-11-30 17:12:24] Probability of getting one or more extinctions for Delta=0.0097889 is 0.475
[2019-11-30 17:12:24] Computing probability of getting one or more extinctions for Delta=0.00986461
[2019-11-30 17:46:40] Probability of getting one or more extinctions for Delta=0.00986461 is 0.505
[2019-11-30 17:46:40] Computing probability of getting one or more extinctions for Delta=0.00994032
[2019-11-30 18:10:24] Probability of getting one or more extinctions for Delta=0.00994032 is 0.526
[2019-11-30 18:10:24] Computing probability of getting one or more extinctions for Delta=0.010016
[2019-11-30 18:42:09] Probability of getting one or more extinctions for Delta=0.010016 is 0.532
[2019-11-30 18:42:09] Now fitting the 10 chosen into the specific function
[2019-11-30 18:42:09] Now we find the zero of the fit to determine delta critical (parameters = -118.136 39443.7 -4.37659e+06 1.61392e+08)
[2019-11-30 18:42:09] We interpret the fitting parameters as coefficients of a degree 3 polynomial (which should be true, please check that)
[2019-11-30 18:42:09] Found three potential roots, compute which one is the best (100 runs per point)
[2019-11-30 18:42:09] Please implement the different equilibrium modes in case of three roots
[2019-11-30 18:42:09]  zero estimated at -1
[2019-11-30 18:42:09] Computed critical delta for ./matrices/Nr25_Nc25/RandTrix_Nr25_Nc25_Nest0.35_Conn0.3216.txt
[2019-11-30 18:42:09] Attempting now to find the critical delta for the given set of metaparameters
[2019-11-30 18:42:09] Computing probability of getting one or more extinctions for Delta=0
[2019-11-30 18:42:09] Probability of getting one or more extinctions for Delta=0 is 0
[2019-11-30 18:42:09] Computing probability of getting one or more extinctions for Delta=1
[2019-11-30 18:42:09] Probability of getting one or more extinctions for Delta=1 is 1
[2019-11-30 18:42:09] We first find a rough interval where the critical delta should lie (each point computed by the solver is estimated with 100 runs)
[2019-11-30 18:42:09] Computing probability of getting one or more extinctions for Delta=0.5
[2019-11-30 18:42:09] Probability of getting one or more extinctions for Delta=0.5 is 1
[2019-11-30 18:42:09] Computing probability of getting one or more extinctions for Delta=0.25
[2019-11-30 18:42:10] Probability of getting one or more extinctions for Delta=0.25 is 1
[2019-11-30 18:42:10] Computing probability of getting one or more extinctions for Delta=0.125
[2019-11-30 18:42:10] Probability of getting one or more extinctions for Delta=0.125 is 1
[2019-11-30 18:42:10] Computing probability of getting one or more extinctions for Delta=0.0625
[2019-11-30 18:42:11] Probability of getting one or more extinctions for Delta=0.0625 is 0.98
[2019-11-30 18:42:11] Computing probability of getting one or more extinctions for Delta=0.0318878
[2019-11-30 18:42:14] Probability of getting one or more extinctions for Delta=0.0318878 is 0.47
[2019-11-30 18:42:14] Computing probability of getting one or more extinctions for Delta=0.0336885
[2019-11-30 18:42:15] Probability of getting one or more extinctions for Delta=0.0336885 is 0.64
[2019-11-30 18:42:15] Found an interval for Delta critical : [0.0318878;0.0336885]
[2019-11-30 18:42:15] Now computing the probability of getting more than one extinction for ten points inside this interval (1000 runs per point)
[2019-11-30 18:42:15] Computing probability of getting one or more extinctions for Delta=0.0318878
[2019-11-30 18:42:43] Probability of getting one or more extinctions for Delta=0.0318878 is 0.522
[2019-11-30 18:42:43] Computing probability of getting one or more extinctions for Delta=0.0320878
[2019-11-30 18:43:32] Probability of getting one or more extinctions for Delta=0.0320878 is 0.51
[2019-11-30 18:43:32] Computing probability of getting one or more extinctions for Delta=0.0322879
[2019-11-30 18:44:19] Probability of getting one or more extinctions for Delta=0.0322879 is 0.554
[2019-11-30 18:44:19] Computing probability of getting one or more extinctions for Delta=0.032488
[2019-11-30 18:45:04] Probability of getting one or more extinctions for Delta=0.032488 is 0.537
[2019-11-30 18:45:04] Computing probability of getting one or more extinctions for Delta=0.0326881
[2019-11-30 18:45:53] Probability of getting one or more extinctions for Delta=0.0326881 is 0.561
[2019-11-30 18:45:53] Computing probability of getting one or more extinctions for Delta=0.0328882
[2019-11-30 18:46:43] Probability of getting one or more extinctions for Delta=0.0328882 is 0.587
[2019-11-30 18:46:43] Computing probability of getting one or more extinctions for Delta=0.0330882
[2019-11-30 18:47:30] Probability of getting one or more extinctions for Delta=0.0330882 is 0.568
[2019-11-30 18:47:30] Computing probability of getting one or more extinctions for Delta=0.0332883
[2019-11-30 18:48:16] Probability of getting one or more extinctions for Delta=0.0332883 is 0.589
[2019-11-30 18:48:16] Computing probability of getting one or more extinctions for Delta=0.0334884
[2019-11-30 18:49:04] Probability of getting one or more extinctions for Delta=0.0334884 is 0.587
[2019-11-30 18:49:04] Computing probability of getting one or more extinctions for Delta=0.0336885
[2019-11-30 18:49:55] Probability of getting one or more extinctions for Delta=0.0336885 is 0.597
[2019-11-30 18:49:55] Now fitting the 10 chosen into the specific function
[2019-11-30 18:49:55] Now we find the zero of the fit to determine delta critical (parameters = 352.121 -32756 1.01403e+06 -1.04456e+07)
[2019-11-30 18:49:55] We interpret the fitting parameters as coefficients of a degree 3 polynomial (which should be true, please check that)
[2019-11-30 18:49:55] Found three potential roots, compute which one is the best (100 runs per point)
[2019-11-30 18:49:55] Please implement the different equilibrium modes in case of three roots
[2019-11-30 18:49:55]  zero estimated at -1
[2019-11-30 18:49:55] Computed critical delta for ./matrices/Nr25_Nc25/RandTrix_Nr25_Nc25_Nest0.3_Conn0.0848.txt
[2019-11-30 18:49:55] Attempting now to find the critical delta for the given set of metaparameters
[2019-11-30 18:49:55] Computing probability of getting one or more extinctions for Delta=0
