[2019-12-03 02:58:03] Loading metaparameters from config/configuration_comparison_NR25_NS25_s05_a1.in
[2019-12-03 02:58:03] Successfully opened ./data_output/configuration_comparison_NR25_NS25_s05_a1_matrix_list_NR25_NS25_12.out, attempting now to find the critical delta of every listed matrix 
[2019-12-03 02:58:03] Attempting now to find the critical delta for the given set of metaparameters
[2019-12-03 02:58:03] Computing probability of getting one or more extinctions for Delta=0
[2019-12-03 02:58:03] Probability of getting one or more extinctions for Delta=0 is 0
[2019-12-03 02:58:03] Computing probability of getting one or more extinctions for Delta=1
[2019-12-03 02:58:04] Probability of getting one or more extinctions for Delta=1 is 1
[2019-12-03 02:58:04] We first find a rough interval where the critical delta should lie (each point computed by the solver is estimated with 100 runs)
[2019-12-03 02:58:04] Computing probability of getting one or more extinctions for Delta=0.5
[2019-12-03 02:58:04] Probability of getting one or more extinctions for Delta=0.5 is 1
[2019-12-03 02:58:04] Computing probability of getting one or more extinctions for Delta=0.25
[2019-12-03 02:58:05] Probability of getting one or more extinctions for Delta=0.25 is 1
[2019-12-03 02:58:05] Computing probability of getting one or more extinctions for Delta=0.125
[2019-12-03 02:58:06] Probability of getting one or more extinctions for Delta=0.125 is 1
[2019-12-03 02:58:06] Computing probability of getting one or more extinctions for Delta=0.0625
[2019-12-03 02:58:08] Probability of getting one or more extinctions for Delta=0.0625 is 0.93
[2019-12-03 02:58:08] Computing probability of getting one or more extinctions for Delta=0.0336022
[2019-12-03 02:58:14] Probability of getting one or more extinctions for Delta=0.0336022 is 0.29
[2019-12-03 02:58:14] Computing probability of getting one or more extinctions for Delta=0.0430843
[2019-12-03 02:58:18] Probability of getting one or more extinctions for Delta=0.0430843 is 0.51
[2019-12-03 02:58:18] Computing probability of getting one or more extinctions for Delta=0.0426533
[2019-12-03 02:58:23] Probability of getting one or more extinctions for Delta=0.0426533 is 0.59
[2019-12-03 02:58:23] Computing probability of getting one or more extinctions for Delta=0.0381277
[2019-12-03 02:58:26] Probability of getting one or more extinctions for Delta=0.0381277 is 0.38
[2019-12-03 02:58:26] Computing probability of getting one or more extinctions for Delta=0.0407137
[2019-12-03 02:58:30] Probability of getting one or more extinctions for Delta=0.0407137 is 0.56
[2019-12-03 02:58:30] Found an interval for Delta critical : [0.0381277;0.0407137]
[2019-12-03 02:58:30] Now computing the probability of getting more than one extinction for ten points inside this interval (1000 runs per point)
[2019-12-03 02:58:30] Computing probability of getting one or more extinctions for Delta=0.0381277
[2019-12-03 02:59:07] Probability of getting one or more extinctions for Delta=0.0381277 is 0.478
[2019-12-03 02:59:07] Computing probability of getting one or more extinctions for Delta=0.038415
[2019-12-03 02:59:51] Probability of getting one or more extinctions for Delta=0.038415 is 0.488
[2019-12-03 02:59:51] Computing probability of getting one or more extinctions for Delta=0.0387024
[2019-12-03 03:00:42] Probability of getting one or more extinctions for Delta=0.0387024 is 0.51
[2019-12-03 03:00:42] Computing probability of getting one or more extinctions for Delta=0.0389897
[2019-12-03 03:01:29] Probability of getting one or more extinctions for Delta=0.0389897 is 0.512
[2019-12-03 03:01:29] Computing probability of getting one or more extinctions for Delta=0.039277
[2019-12-03 03:02:19] Probability of getting one or more extinctions for Delta=0.039277 is 0.523
[2019-12-03 03:02:19] Computing probability of getting one or more extinctions for Delta=0.0395644
[2019-12-03 03:03:14] Probability of getting one or more extinctions for Delta=0.0395644 is 0.512
[2019-12-03 03:03:14] Computing probability of getting one or more extinctions for Delta=0.0398517
[2019-12-03 03:03:44] Probability of getting one or more extinctions for Delta=0.0398517 is 0.507
[2019-12-03 03:03:44] Computing probability of getting one or more extinctions for Delta=0.0401391
[2019-12-03 03:04:14] Probability of getting one or more extinctions for Delta=0.0401391 is 0.551
[2019-12-03 03:04:14] Computing probability of getting one or more extinctions for Delta=0.0404264
[2019-12-03 03:04:53] Probability of getting one or more extinctions for Delta=0.0404264 is 0.515
[2019-12-03 03:04:53] Computing probability of getting one or more extinctions for Delta=0.0407137
[2019-12-03 03:05:48] Probability of getting one or more extinctions for Delta=0.0407137 is 0.551
[2019-12-03 03:05:48] Now fitting the 10 chosen into the specific function
[2019-12-03 03:05:48] Now we find the zero of the fit to determine delta critical (parameters = -777.645 59027.9 -1.49364e+06 1.25997e+07)
[2019-12-03 03:05:48] We interpret the fitting parameters as coefficients of a degree 3 polynomial (which should be true, please check that)
[2019-12-03 03:05:48]  zero estimated at 0.0385368
[2019-12-03 03:05:48] Computed critical delta for ./matrices/Nr25_Nc25/RandTrix_Nr25_Nc25_Nest0.5_Conn0.128.txt
[2019-12-03 03:05:48] Attempting now to find the critical delta for the given set of metaparameters
[2019-12-03 03:05:48] Computing probability of getting one or more extinctions for Delta=0
[2019-12-03 03:05:48] Probability of getting one or more extinctions for Delta=0 is 0
[2019-12-03 03:05:48] Computing probability of getting one or more extinctions for Delta=1
[2019-12-03 03:05:49] Probability of getting one or more extinctions for Delta=1 is 1
[2019-12-03 03:05:49] We first find a rough interval where the critical delta should lie (each point computed by the solver is estimated with 100 runs)
[2019-12-03 03:05:49] Computing probability of getting one or more extinctions for Delta=0.5
[2019-12-03 03:05:49] Probability of getting one or more extinctions for Delta=0.5 is 1
[2019-12-03 03:05:49] Computing probability of getting one or more extinctions for Delta=0.25
[2019-12-03 03:05:50] Probability of getting one or more extinctions for Delta=0.25 is 1
[2019-12-03 03:05:50] Computing probability of getting one or more extinctions for Delta=0.125
[2019-12-03 03:05:51] Probability of getting one or more extinctions for Delta=0.125 is 1
[2019-12-03 03:05:51] Computing probability of getting one or more extinctions for Delta=0.0625
[2019-12-03 03:05:53] Probability of getting one or more extinctions for Delta=0.0625 is 0.96
[2019-12-03 03:05:53] Computing probability of getting one or more extinctions for Delta=0.0325521
[2019-12-03 03:06:02] Probability of getting one or more extinctions for Delta=0.0325521 is 0.46
[2019-12-03 03:06:02] Computing probability of getting one or more extinctions for Delta=0.0349479
[2019-12-03 03:06:09] Probability of getting one or more extinctions for Delta=0.0349479 is 0.56
[2019-12-03 03:06:09] Found an interval for Delta critical : [0.0325521;0.0349479]
[2019-12-03 03:06:09] Now computing the probability of getting more than one extinction for ten points inside this interval (1000 runs per point)
[2019-12-03 03:06:09] Computing probability of getting one or more extinctions for Delta=0.0325521
[2019-12-03 03:07:40] Probability of getting one or more extinctions for Delta=0.0325521 is 0.427
[2019-12-03 03:07:40] Computing probability of getting one or more extinctions for Delta=0.0328183
[2019-12-03 03:09:20] Probability of getting one or more extinctions for Delta=0.0328183 is 0.453
[2019-12-03 03:09:20] Computing probability of getting one or more extinctions for Delta=0.0330845
[2019-12-03 03:10:55] Probability of getting one or more extinctions for Delta=0.0330845 is 0.483
[2019-12-03 03:10:55] Computing probability of getting one or more extinctions for Delta=0.0333507
[2019-12-03 03:12:08] Probability of getting one or more extinctions for Delta=0.0333507 is 0.463
[2019-12-03 03:12:08] Computing probability of getting one or more extinctions for Delta=0.0336169
[2019-12-03 03:13:40] Probability of getting one or more extinctions for Delta=0.0336169 is 0.488
[2019-12-03 03:13:40] Computing probability of getting one or more extinctions for Delta=0.0338831
[2019-12-03 03:15:03] Probability of getting one or more extinctions for Delta=0.0338831 is 0.507
[2019-12-03 03:15:03] Computing probability of getting one or more extinctions for Delta=0.0341493
[2019-12-03 03:16:35] Probability of getting one or more extinctions for Delta=0.0341493 is 0.519
[2019-12-03 03:16:35] Computing probability of getting one or more extinctions for Delta=0.0344155
[2019-12-03 03:17:44] Probability of getting one or more extinctions for Delta=0.0344155 is 0.546
[2019-12-03 03:17:44] Computing probability of getting one or more extinctions for Delta=0.0346817
[2019-12-03 03:19:11] Probability of getting one or more extinctions for Delta=0.0346817 is 0.522
[2019-12-03 03:19:11] Computing probability of getting one or more extinctions for Delta=0.0349479
[2019-12-03 03:20:39] Probability of getting one or more extinctions for Delta=0.0349479 is 0.542
[2019-12-03 03:20:39] Now fitting the 10 chosen into the specific function
[2019-12-03 03:20:39] Now we find the zero of the fit to determine delta critical (parameters = 107.027 -9956.48 306675 -3.12972e+06)
[2019-12-03 03:20:39] We interpret the fitting parameters as coefficients of a degree 3 polynomial (which should be true, please check that)
[2019-12-03 03:20:39] Found three potential roots, compute which one is the best (100 runs per point)
[2019-12-03 03:20:39] Please implement the different equilibrium modes in case of three roots
[2019-12-03 03:20:39]  zero estimated at -1
[2019-12-03 03:20:39] Computed critical delta for ./matrices/Nr25_Nc25/RandTrix_Nr25_Nc25_Nest0.5_Conn0.1776.txt
[2019-12-03 03:20:39] Attempting now to find the critical delta for the given set of metaparameters
[2019-12-03 03:20:39] Computing probability of getting one or more extinctions for Delta=0
[2019-12-03 03:20:40] Probability of getting one or more extinctions for Delta=0 is 0
[2019-12-03 03:20:40] Computing probability of getting one or more extinctions for Delta=1
[2019-12-03 03:20:40] Probability of getting one or more extinctions for Delta=1 is 1
[2019-12-03 03:20:40] We first find a rough interval where the critical delta should lie (each point computed by the solver is estimated with 100 runs)
[2019-12-03 03:20:40] Computing probability of getting one or more extinctions for Delta=0.5
[2019-12-03 03:20:41] Probability of getting one or more extinctions for Delta=0.5 is 1
[2019-12-03 03:20:41] Computing probability of getting one or more extinctions for Delta=0.25
[2019-12-03 03:20:42] Probability of getting one or more extinctions for Delta=0.25 is 1
[2019-12-03 03:20:42] Computing probability of getting one or more extinctions for Delta=0.125
[2019-12-03 03:20:43] Probability of getting one or more extinctions for Delta=0.125 is 1
[2019-12-03 03:20:43] Computing probability of getting one or more extinctions for Delta=0.0625
[2019-12-03 03:20:44] Probability of getting one or more extinctions for Delta=0.0625 is 1
[2019-12-03 03:20:44] Computing probability of getting one or more extinctions for Delta=0.03125
[2019-12-03 03:20:49] Probability of getting one or more extinctions for Delta=0.03125 is 0.99
[2019-12-03 03:20:49] Computing probability of getting one or more extinctions for Delta=0.0157828
[2019-12-03 03:21:16] Probability of getting one or more extinctions for Delta=0.0157828 is 0.74
[2019-12-03 03:21:16] Computing probability of getting one or more extinctions for Delta=0.00575007
[2019-12-03 03:21:49] Probability of getting one or more extinctions for Delta=0.00575007 is 0
[2019-12-03 03:21:49] Computing probability of getting one or more extinctions for Delta=0.012529
[2019-12-03 03:22:31] Probability of getting one or more extinctions for Delta=0.012529 is 0.5
[2019-12-03 03:22:31] Computing probability of getting one or more extinctions for Delta=0.012529
[2019-12-03 03:23:21] Probability of getting one or more extinctions for Delta=0.012529 is 0.47
[2019-12-03 03:23:21] Found an interval for Delta critical : [0.012529;0.012529]
[2019-12-03 03:23:21] Now computing the probability of getting more than one extinction for ten points inside this interval (1000 runs per point)
[2019-12-03 03:23:21] Computing probability of getting one or more extinctions for Delta=0.012529
[2019-12-03 03:33:12] Probability of getting one or more extinctions for Delta=0.012529 is 0.463
[2019-12-03 03:33:12] Computing probability of getting one or more extinctions for Delta=0.012529
[2019-12-03 03:41:06] Probability of getting one or more extinctions for Delta=0.012529 is 0.464
[2019-12-03 03:41:06] Computing probability of getting one or more extinctions for Delta=0.012529
[2019-12-03 03:53:39] Probability of getting one or more extinctions for Delta=0.012529 is 0.474
[2019-12-03 03:53:39] Computing probability of getting one or more extinctions for Delta=0.012529
[2019-12-03 04:02:37] Probability of getting one or more extinctions for Delta=0.012529 is 0.466
[2019-12-03 04:02:37] Computing probability of getting one or more extinctions for Delta=0.012529
[2019-12-03 04:09:36] Probability of getting one or more extinctions for Delta=0.012529 is 0.462
[2019-12-03 04:09:36] Computing probability of getting one or more extinctions for Delta=0.012529
[2019-12-03 04:19:30] Probability of getting one or more extinctions for Delta=0.012529 is 0.514
[2019-12-03 04:19:30] Computing probability of getting one or more extinctions for Delta=0.012529
[2019-12-03 04:28:38] Probability of getting one or more extinctions for Delta=0.012529 is 0.483
[2019-12-03 04:28:38] Computing probability of getting one or more extinctions for Delta=0.012529
[2019-12-03 04:37:56] Probability of getting one or more extinctions for Delta=0.012529 is 0.483
[2019-12-03 04:37:56] Computing probability of getting one or more extinctions for Delta=0.012529
[2019-12-03 04:48:43] Probability of getting one or more extinctions for Delta=0.012529 is 0.471
[2019-12-03 04:48:43] Computing probability of getting one or more extinctions for Delta=0.012529
[2019-12-03 05:01:37] Probability of getting one or more extinctions for Delta=0.012529 is 0.485
[2019-12-03 05:01:37] Now fitting the 10 chosen into the specific function
[2019-12-03 05:01:37] Now we find the zero of the fit to determine delta critical (parameters = 0.740942 -19.6767 -1649.22 -131704)
[2019-12-03 05:01:37] We interpret the fitting parameters as coefficients of a degree 3 polynomial (which should be true, please check that)
[2019-12-03 05:01:37]  zero estimated at 0.012336
[2019-12-03 05:01:37] Computed critical delta for ./matrices/Nr25_Nc25/RandTrix_Nr25_Nc25_Nest0.5_Conn0.2208.txt
[2019-12-03 05:01:37] Attempting now to find the critical delta for the given set of metaparameters
[2019-12-03 05:01:37] Computing probability of getting one or more extinctions for Delta=0
[2019-12-03 05:01:37] Probability of getting one or more extinctions for Delta=0 is 0
[2019-12-03 05:01:37] Computing probability of getting one or more extinctions for Delta=1
[2019-12-03 05:01:38] Probability of getting one or more extinctions for Delta=1 is 1
[2019-12-03 05:01:38] We first find a rough interval where the critical delta should lie (each point computed by the solver is estimated with 100 runs)
[2019-12-03 05:01:38] Computing probability of getting one or more extinctions for Delta=0.5
[2019-12-03 05:01:38] Probability of getting one or more extinctions for Delta=0.5 is 1
[2019-12-03 05:01:38] Computing probability of getting one or more extinctions for Delta=0.25
[2019-12-03 05:01:39] Probability of getting one or more extinctions for Delta=0.25 is 1
[2019-12-03 05:01:39] Computing probability of getting one or more extinctions for Delta=0.125
[2019-12-03 05:01:40] Probability of getting one or more extinctions for Delta=0.125 is 1
[2019-12-03 05:01:40] Computing probability of getting one or more extinctions for Delta=0.0625
[2019-12-03 05:01:42] Probability of getting one or more extinctions for Delta=0.0625 is 1
[2019-12-03 05:01:42] Computing probability of getting one or more extinctions for Delta=0.03125
[2019-12-03 05:01:52] Probability of getting one or more extinctions for Delta=0.03125 is 1
[2019-12-03 05:01:52] Computing probability of getting one or more extinctions for Delta=0.015625
[2019-12-03 05:04:23] Probability of getting one or more extinctions for Delta=0.015625 is 0.84
[2019-12-03 05:04:23] Computing probability of getting one or more extinctions for Delta=0.0093006
[2019-12-03 05:21:03] Probability of getting one or more extinctions for Delta=0.0093006 is 0.47
[2019-12-03 05:21:03] Computing probability of getting one or more extinctions for Delta=0.00981338
[2019-12-03 05:30:38] Probability of getting one or more extinctions for Delta=0.00981338 is 0.48
[2019-12-03 05:30:38] Computing probability of getting one or more extinctions for Delta=0.010782
[2019-12-03 05:36:42] Probability of getting one or more extinctions for Delta=0.010782 is 0.67
[2019-12-03 05:36:42] Found an interval for Delta critical : [0.00981338;0.010782]
[2019-12-03 05:36:42] Now computing the probability of getting more than one extinction for ten points inside this interval (1000 runs per point)
[2019-12-03 05:36:42] Computing probability of getting one or more extinctions for Delta=0.00981338
[2019-12-03 07:16:39] Probability of getting one or more extinctions for Delta=0.00981338 is 0.572
[2019-12-03 07:16:39] Computing probability of getting one or more extinctions for Delta=0.00992101
[2019-12-03 09:08:38] Probability of getting one or more extinctions for Delta=0.00992101 is 0.509
[2019-12-03 09:08:38] Computing probability of getting one or more extinctions for Delta=0.0100286
[2019-12-03 10:32:35] Probability of getting one or more extinctions for Delta=0.0100286 is 0.575
[2019-12-03 10:32:35] Computing probability of getting one or more extinctions for Delta=0.0101363
