[2019-11-29 16:27:20] Loading metaparameters from config/configuration_comparison_NR25_NS25_s05_a1.in
[2019-11-29 16:27:20] Successfully opened ./data_output/configuration_comparison_NR25_NS25_s05_a1_matrix_list_NR25_NS25_14.out, attempting now to find the critical delta of every listed matrix 
[2019-11-29 16:27:20] Attempting now to find the critical delta for the given set of metaparameters
[2019-11-29 16:27:20] Computing probability of getting one or more extinctions for Delta=0
[2019-11-29 16:27:20] Probability of getting one or more extinctions for Delta=0 is 0
[2019-11-29 16:27:20] Computing probability of getting one or more extinctions for Delta=1
[2019-11-29 16:27:21] Probability of getting one or more extinctions for Delta=1 is 1
[2019-11-29 16:27:21] We first find a rough interval where the critical delta should lie (each point computed by the solver is estimated with 100 runs)
[2019-11-29 16:27:21] Computing probability of getting one or more extinctions for Delta=0.5
[2019-11-29 16:27:21] Probability of getting one or more extinctions for Delta=0.5 is 1
[2019-11-29 16:27:21] Computing probability of getting one or more extinctions for Delta=0.25
[2019-11-29 16:27:22] Probability of getting one or more extinctions for Delta=0.25 is 1
[2019-11-29 16:27:22] Computing probability of getting one or more extinctions for Delta=0.125
[2019-11-29 16:27:23] Probability of getting one or more extinctions for Delta=0.125 is 1
[2019-11-29 16:27:23] Computing probability of getting one or more extinctions for Delta=0.0625
[2019-11-29 16:27:25] Probability of getting one or more extinctions for Delta=0.0625 is 0.91
[2019-11-29 16:27:25] Computing probability of getting one or more extinctions for Delta=0.0343407
[2019-11-29 16:27:34] Probability of getting one or more extinctions for Delta=0.0343407 is 0.35
[2019-11-29 16:27:34] Computing probability of getting one or more extinctions for Delta=0.0418833
[2019-11-29 16:27:40] Probability of getting one or more extinctions for Delta=0.0418833 is 0.73
[2019-11-29 16:27:40] Computing probability of getting one or more extinctions for Delta=0.037318
[2019-11-29 16:27:46] Probability of getting one or more extinctions for Delta=0.037318 is 0.62
[2019-11-29 16:27:46] Found an interval for Delta critical : [0.0343407;0.037318]
[2019-11-29 16:27:46] Now computing the probability of getting more than one extinction for ten points inside this interval (1000 runs per point)
[2019-11-29 16:27:46] Computing probability of getting one or more extinctions for Delta=0.0343407
[2019-11-29 16:29:03] Probability of getting one or more extinctions for Delta=0.0343407 is 0.467
[2019-11-29 16:29:03] Computing probability of getting one or more extinctions for Delta=0.0346715
[2019-11-29 16:30:12] Probability of getting one or more extinctions for Delta=0.0346715 is 0.488
[2019-11-29 16:30:12] Computing probability of getting one or more extinctions for Delta=0.0350023
[2019-11-29 16:30:49] Probability of getting one or more extinctions for Delta=0.0350023 is 0.519
[2019-11-29 16:30:49] Computing probability of getting one or more extinctions for Delta=0.0353331
[2019-11-29 16:31:45] Probability of getting one or more extinctions for Delta=0.0353331 is 0.495
[2019-11-29 16:31:45] Computing probability of getting one or more extinctions for Delta=0.0356639
[2019-11-29 16:32:56] Probability of getting one or more extinctions for Delta=0.0356639 is 0.52
[2019-11-29 16:32:56] Computing probability of getting one or more extinctions for Delta=0.0359948
[2019-11-29 16:34:18] Probability of getting one or more extinctions for Delta=0.0359948 is 0.51
[2019-11-29 16:34:18] Computing probability of getting one or more extinctions for Delta=0.0363256
[2019-11-29 16:35:36] Probability of getting one or more extinctions for Delta=0.0363256 is 0.535
[2019-11-29 16:35:36] Computing probability of getting one or more extinctions for Delta=0.0366564
[2019-11-29 16:36:43] Probability of getting one or more extinctions for Delta=0.0366564 is 0.563
[2019-11-29 16:36:43] Computing probability of getting one or more extinctions for Delta=0.0369872
[2019-11-29 16:37:55] Probability of getting one or more extinctions for Delta=0.0369872 is 0.593
[2019-11-29 16:37:55] Computing probability of getting one or more extinctions for Delta=0.037318
[2019-11-29 16:39:08] Probability of getting one or more extinctions for Delta=0.037318 is 0.558
[2019-11-29 16:39:08] Now fitting the 10 chosen into the specific function
[2019-11-29 16:39:08] Now we find the zero of the fit to determine delta critical (parameters = 75.7003 -6385.92 178577 -1.65492e+06)
[2019-11-29 16:39:08] We interpret the fitting parameters as coefficients of a degree 3 polynomial (which should be true, please check that)
[2019-11-29 16:39:08] Found three potential roots, compute which one is the best (100 runs per point)
[2019-11-29 16:39:08] Please implement the different equilibrium modes in case of three roots
[2019-11-29 16:39:08]  zero estimated at -1
[2019-11-29 16:39:08] Computed critical delta for ./matrices/Nr25_Nc25/RandTrix_Nr25_Nc25_Nest0.6_Conn0.1344.txt
[2019-11-29 16:39:08] Attempting now to find the critical delta for the given set of metaparameters
[2019-11-29 16:39:08] Computing probability of getting one or more extinctions for Delta=0
[2019-11-29 16:39:08] Probability of getting one or more extinctions for Delta=0 is 0
[2019-11-29 16:39:08] Computing probability of getting one or more extinctions for Delta=1
[2019-11-29 16:39:09] Probability of getting one or more extinctions for Delta=1 is 1
[2019-11-29 16:39:09] We first find a rough interval where the critical delta should lie (each point computed by the solver is estimated with 100 runs)
[2019-11-29 16:39:09] Computing probability of getting one or more extinctions for Delta=0.5
[2019-11-29 16:39:09] Probability of getting one or more extinctions for Delta=0.5 is 1
[2019-11-29 16:39:09] Computing probability of getting one or more extinctions for Delta=0.25
[2019-11-29 16:39:10] Probability of getting one or more extinctions for Delta=0.25 is 1
[2019-11-29 16:39:10] Computing probability of getting one or more extinctions for Delta=0.125
[2019-11-29 16:39:11] Probability of getting one or more extinctions for Delta=0.125 is 1
[2019-11-29 16:39:11] Computing probability of getting one or more extinctions for Delta=0.0625
[2019-11-29 16:39:14] Probability of getting one or more extinctions for Delta=0.0625 is 0.98
[2019-11-29 16:39:14] Computing probability of getting one or more extinctions for Delta=0.0318878
[2019-11-29 16:39:25] Probability of getting one or more extinctions for Delta=0.0318878 is 0.58
[2019-11-29 16:39:25] Computing probability of getting one or more extinctions for Delta=0.0266098
[2019-11-29 16:39:37] Probability of getting one or more extinctions for Delta=0.0266098 is 0.48
[2019-11-29 16:39:37] Computing probability of getting one or more extinctions for Delta=0.0276654
[2019-11-29 16:39:48] Probability of getting one or more extinctions for Delta=0.0276654 is 0.48
[2019-11-29 16:39:48] Computing probability of getting one or more extinctions for Delta=0.0297766
[2019-11-29 16:39:58] Probability of getting one or more extinctions for Delta=0.0297766 is 0.55
[2019-11-29 16:39:58] Found an interval for Delta critical : [0.0276654;0.0297766]
[2019-11-29 16:39:58] Now computing the probability of getting more than one extinction for ten points inside this interval (1000 runs per point)
[2019-11-29 16:39:58] Computing probability of getting one or more extinctions for Delta=0.0276654
[2019-11-29 16:41:39] Probability of getting one or more extinctions for Delta=0.0276654 is 0.496
[2019-11-29 16:41:39] Computing probability of getting one or more extinctions for Delta=0.0279
[2019-11-29 16:42:47] Probability of getting one or more extinctions for Delta=0.0279 is 0.485
[2019-11-29 16:42:47] Computing probability of getting one or more extinctions for Delta=0.0281345
[2019-11-29 16:43:54] Probability of getting one or more extinctions for Delta=0.0281345 is 0.509
[2019-11-29 16:43:54] Computing probability of getting one or more extinctions for Delta=0.0283691
[2019-11-29 16:45:18] Probability of getting one or more extinctions for Delta=0.0283691 is 0.495
[2019-11-29 16:45:18] Computing probability of getting one or more extinctions for Delta=0.0286037
[2019-11-29 16:46:44] Probability of getting one or more extinctions for Delta=0.0286037 is 0.506
[2019-11-29 16:46:44] Computing probability of getting one or more extinctions for Delta=0.0288383
[2019-11-29 16:48:10] Probability of getting one or more extinctions for Delta=0.0288383 is 0.534
[2019-11-29 16:48:10] Computing probability of getting one or more extinctions for Delta=0.0290728
[2019-11-29 16:49:18] Probability of getting one or more extinctions for Delta=0.0290728 is 0.516
[2019-11-29 16:49:18] Computing probability of getting one or more extinctions for Delta=0.0293074
[2019-11-29 16:50:21] Probability of getting one or more extinctions for Delta=0.0293074 is 0.525
[2019-11-29 16:50:21] Computing probability of getting one or more extinctions for Delta=0.029542
[2019-11-29 16:51:37] Probability of getting one or more extinctions for Delta=0.029542 is 0.546
[2019-11-29 16:51:37] Computing probability of getting one or more extinctions for Delta=0.0297766
[2019-11-29 16:53:31] Probability of getting one or more extinctions for Delta=0.0297766 is 0.584
[2019-11-29 16:53:31] Now fitting the 10 chosen into the specific function
[2019-11-29 16:53:31] Now we find the zero of the fit to determine delta critical (parameters = -444.497 47012.6 -1.65785e+06 1.94926e+07)
[2019-11-29 16:53:31] We interpret the fitting parameters as coefficients of a degree 3 polynomial (which should be true, please check that)
[2019-11-29 16:53:31]  zero estimated at 0.0280456
[2019-11-29 16:53:31] Computed critical delta for ./matrices/Nr25_Nc25/RandTrix_Nr25_Nc25_Nest0.6_Conn0.1712.txt
[2019-11-29 16:53:31] Attempting now to find the critical delta for the given set of metaparameters
[2019-11-29 16:53:31] Computing probability of getting one or more extinctions for Delta=0
[2019-11-29 16:53:31] Probability of getting one or more extinctions for Delta=0 is 0
[2019-11-29 16:53:31] Computing probability of getting one or more extinctions for Delta=1
[2019-11-29 16:53:31] Probability of getting one or more extinctions for Delta=1 is 1
[2019-11-29 16:53:31] We first find a rough interval where the critical delta should lie (each point computed by the solver is estimated with 100 runs)
[2019-11-29 16:53:31] Computing probability of getting one or more extinctions for Delta=0.5
[2019-11-29 16:53:32] Probability of getting one or more extinctions for Delta=0.5 is 1
[2019-11-29 16:53:32] Computing probability of getting one or more extinctions for Delta=0.25
[2019-11-29 16:53:33] Probability of getting one or more extinctions for Delta=0.25 is 1
[2019-11-29 16:53:33] Computing probability of getting one or more extinctions for Delta=0.125
[2019-11-29 16:53:34] Probability of getting one or more extinctions for Delta=0.125 is 1
[2019-11-29 16:53:34] Computing probability of getting one or more extinctions for Delta=0.0625
[2019-11-29 16:53:36] Probability of getting one or more extinctions for Delta=0.0625 is 1
[2019-11-29 16:53:36] Computing probability of getting one or more extinctions for Delta=0.03125
[2019-11-29 16:53:45] Probability of getting one or more extinctions for Delta=0.03125 is 0.99
[2019-11-29 16:53:45] Computing probability of getting one or more extinctions for Delta=0.0157828
[2019-11-29 16:54:42] Probability of getting one or more extinctions for Delta=0.0157828 is 0.63
[2019-11-29 16:54:42] Computing probability of getting one or more extinctions for Delta=0.01135
[2019-11-29 16:56:18] Probability of getting one or more extinctions for Delta=0.01135 is 0.31
[2019-11-29 16:56:18] Computing probability of getting one or more extinctions for Delta=0.013982
[2019-11-29 16:57:26] Probability of getting one or more extinctions for Delta=0.013982 is 0.54
[2019-11-29 16:57:26] Computing probability of getting one or more extinctions for Delta=0.0133208
[2019-11-29 16:58:43] Probability of getting one or more extinctions for Delta=0.0133208 is 0.51
[2019-11-29 16:58:43] Computing probability of getting one or more extinctions for Delta=0.0131216
[2019-11-29 17:00:10] Probability of getting one or more extinctions for Delta=0.0131216 is 0.45
[2019-11-29 17:00:10] Found an interval for Delta critical : [0.0131216;0.0133208]
[2019-11-29 17:00:10] Now computing the probability of getting more than one extinction for ten points inside this interval (1000 runs per point)
[2019-11-29 17:00:10] Computing probability of getting one or more extinctions for Delta=0.0131216
[2019-11-29 17:11:18] Probability of getting one or more extinctions for Delta=0.0131216 is 0.474
[2019-11-29 17:11:18] Computing probability of getting one or more extinctions for Delta=0.0131437
[2019-11-29 17:22:27] Probability of getting one or more extinctions for Delta=0.0131437 is 0.495
[2019-11-29 17:22:27] Computing probability of getting one or more extinctions for Delta=0.0131659
[2019-11-29 17:35:13] Probability of getting one or more extinctions for Delta=0.0131659 is 0.473
[2019-11-29 17:35:13] Computing probability of getting one or more extinctions for Delta=0.013188
[2019-11-29 17:48:26] Probability of getting one or more extinctions for Delta=0.013188 is 0.483
[2019-11-29 17:48:26] Computing probability of getting one or more extinctions for Delta=0.0132101
[2019-11-29 18:00:00] Probability of getting one or more extinctions for Delta=0.0132101 is 0.461
[2019-11-29 18:00:00] Computing probability of getting one or more extinctions for Delta=0.0132323
[2019-11-29 18:08:50] Probability of getting one or more extinctions for Delta=0.0132323 is 0.488
[2019-11-29 18:08:50] Computing probability of getting one or more extinctions for Delta=0.0132544
[2019-11-29 18:20:10] Probability of getting one or more extinctions for Delta=0.0132544 is 0.48
[2019-11-29 18:20:10] Computing probability of getting one or more extinctions for Delta=0.0132765
[2019-11-29 18:30:53] Probability of getting one or more extinctions for Delta=0.0132765 is 0.471
[2019-11-29 18:30:53] Computing probability of getting one or more extinctions for Delta=0.0132987
[2019-11-29 18:44:24] Probability of getting one or more extinctions for Delta=0.0132987 is 0.489
[2019-11-29 18:44:24] Computing probability of getting one or more extinctions for Delta=0.0133208
[2019-11-29 18:54:49] Probability of getting one or more extinctions for Delta=0.0133208 is 0.457
[2019-11-29 18:54:49] Now fitting the 10 chosen into the specific function
[2019-11-29 18:54:49] Now we find the zero of the fit to determine delta critical (parameters = 25661 -5.83043e+06 4.41573e+08 -1.11476e+10)
[2019-11-29 18:54:49] We interpret the fitting parameters as coefficients of a degree 3 polynomial (which should be true, please check that)
[2019-11-29 18:54:49]  zero estimated at 0.0130707
[2019-11-29 18:54:49] Computed critical delta for ./matrices/Nr25_Nc25/RandTrix_Nr25_Nc25_Nest0.6_Conn0.2304.txt
[2019-11-29 18:54:49] Attempting now to find the critical delta for the given set of metaparameters
[2019-11-29 18:54:49] Computing probability of getting one or more extinctions for Delta=0
[2019-11-29 18:54:49] Probability of getting one or more extinctions for Delta=0 is 0
[2019-11-29 18:54:49] Computing probability of getting one or more extinctions for Delta=1
[2019-11-29 18:54:49] Probability of getting one or more extinctions for Delta=1 is 1
[2019-11-29 18:54:49] We first find a rough interval where the critical delta should lie (each point computed by the solver is estimated with 100 runs)
[2019-11-29 18:54:49] Computing probability of getting one or more extinctions for Delta=0.5
[2019-11-29 18:54:50] Probability of getting one or more extinctions for Delta=0.5 is 1
[2019-11-29 18:54:50] Computing probability of getting one or more extinctions for Delta=0.25
[2019-11-29 18:54:50] Probability of getting one or more extinctions for Delta=0.25 is 1
[2019-11-29 18:54:50] Computing probability of getting one or more extinctions for Delta=0.125
[2019-11-29 18:54:51] Probability of getting one or more extinctions for Delta=0.125 is 1
[2019-11-29 18:54:51] Computing probability of getting one or more extinctions for Delta=0.0625
[2019-11-29 18:54:52] Probability of getting one or more extinctions for Delta=0.0625 is 1
[2019-11-29 18:54:52] Computing probability of getting one or more extinctions for Delta=0.03125
[2019-11-29 18:54:58] Probability of getting one or more extinctions for Delta=0.03125 is 0.98
[2019-11-29 18:54:58] Computing probability of getting one or more extinctions for Delta=0.0159439
[2019-11-29 18:56:14] Probability of getting one or more extinctions for Delta=0.0159439 is 0.79
[2019-11-29 18:56:14] Computing probability of getting one or more extinctions for Delta=0.00797194
[2019-11-29 18:58:59] Probability of getting one or more extinctions for Delta=0.00797194 is 0.27
[2019-11-29 18:58:59] Computing probability of getting one or more extinctions for Delta=0.011498
[2019-11-29 19:01:13] Probability of getting one or more extinctions for Delta=0.011498 is 0.54
[2019-11-29 19:01:13] Computing probability of getting one or more extinctions for Delta=0.0109756
[2019-11-29 19:03:11] Probability of getting one or more extinctions for Delta=0.0109756 is 0.54
[2019-11-29 19:03:11] Computing probability of getting one or more extinctions for Delta=0.00947377
[2019-11-29 19:06:13] Probability of getting one or more extinctions for Delta=0.00947377 is 0.38
[2019-11-29 19:06:13] Computing probability of getting one or more extinctions for Delta=0.0106002
[2019-11-29 19:08:34] Probability of getting one or more extinctions for Delta=0.0106002 is 0.48
[2019-11-29 19:08:34] Found an interval for Delta critical : [0.0106002;0.0109756]
[2019-11-29 19:08:34] Now computing the probability of getting more than one extinction for ten points inside this interval (1000 runs per point)
[2019-11-29 19:08:34] Computing probability of getting one or more extinctions for Delta=0.0106002
[2019-11-29 19:32:46] Probability of getting one or more extinctions for Delta=0.0106002 is 0.502
[2019-11-29 19:32:46] Computing probability of getting one or more extinctions for Delta=0.0106419
[2019-11-29 19:54:06] Probability of getting one or more extinctions for Delta=0.0106419 is 0.532
[2019-11-29 19:54:06] Computing probability of getting one or more extinctions for Delta=0.0106836
[2019-11-29 20:17:18] Probability of getting one or more extinctions for Delta=0.0106836 is 0.508
[2019-11-29 20:17:18] Computing probability of getting one or more extinctions for Delta=0.0107253
[2019-11-29 20:38:21] Probability of getting one or more extinctions for Delta=0.0107253 is 0.52
[2019-11-29 20:38:21] Computing probability of getting one or more extinctions for Delta=0.010767
[2019-11-29 21:00:18] Probability of getting one or more extinctions for Delta=0.010767 is 0.563
[2019-11-29 21:00:18] Computing probability of getting one or more extinctions for Delta=0.0108087
[2019-11-29 21:22:24] Probability of getting one or more extinctions for Delta=0.0108087 is 0.517
[2019-11-29 21:22:24] Computing probability of getting one or more extinctions for Delta=0.0108505
[2019-11-29 21:46:19] Probability of getting one or more extinctions for Delta=0.0108505 is 0.51
[2019-11-29 21:46:19] Computing probability of getting one or more extinctions for Delta=0.0108922
[2019-11-29 22:05:24] Probability of getting one or more extinctions for Delta=0.0108922 is 0.51
[2019-11-29 22:05:24] Computing probability of getting one or more extinctions for Delta=0.0109339
[2019-11-29 22:26:35] Probability of getting one or more extinctions for Delta=0.0109339 is 0.519
[2019-11-29 22:26:35] Computing probability of getting one or more extinctions for Delta=0.0109756
[2019-11-29 22:44:51] Probability of getting one or more extinctions for Delta=0.0109756 is 0.543
[2019-11-29 22:44:51] Now fitting the 10 chosen into the specific function
[2019-11-29 22:44:51] Now we find the zero of the fit to determine delta critical (parameters = -9054.29 2.5169e+06 -2.33201e+08 7.20187e+09)
[2019-11-29 22:44:51] We interpret the fitting parameters as coefficients of a degree 3 polynomial (which should be true, please check that)
[2019-11-29 22:44:51]  zero estimated at 0.0105988
[2019-11-29 22:44:51] Computed critical delta for ./matrices/Nr25_Nc25/RandTrix_Nr25_Nc25_Nest0.6_Conn0.2768.txt
[2019-11-29 22:44:51] Attempting now to find the critical delta for the given set of metaparameters
[2019-11-29 22:44:51] Computing probability of getting one or more extinctions for Delta=0
