[2019-11-29 09:56:17] Loading metaparameters from config/configuration_comparison_NR25_NS25_s05_a0.in
[2019-11-29 09:56:17] Successfully opened ./data_output/configuration_comparison_NR25_NS25_s05_a0_matrix_list_NR25_NS25_14.out, attempting now to find the critical delta of every listed matrix 
[2019-11-29 09:56:17] Attempting now to find the critical delta for the given set of metaparameters
[2019-11-29 09:56:17] Computing probability of getting one or more extinctions for Delta=0
[2019-11-29 09:56:17] Probability of getting one or more extinctions for Delta=0 is 0
[2019-11-29 09:56:17] Computing probability of getting one or more extinctions for Delta=1
[2019-11-29 09:56:18] Probability of getting one or more extinctions for Delta=1 is 1
[2019-11-29 09:56:18] We first find a rough interval where the critical delta should lie (each point computed by the solver is estimated with 100 runs)
[2019-11-29 09:56:18] Computing probability of getting one or more extinctions for Delta=0.5
[2019-11-29 09:56:18] Probability of getting one or more extinctions for Delta=0.5 is 1
[2019-11-29 09:56:18] Computing probability of getting one or more extinctions for Delta=0.25
[2019-11-29 09:56:18] Probability of getting one or more extinctions for Delta=0.25 is 1
[2019-11-29 09:56:18] Computing probability of getting one or more extinctions for Delta=0.125
[2019-11-29 09:56:19] Probability of getting one or more extinctions for Delta=0.125 is 1
[2019-11-29 09:56:19] Computing probability of getting one or more extinctions for Delta=0.0625
[2019-11-29 09:56:20] Probability of getting one or more extinctions for Delta=0.0625 is 0.92
[2019-11-29 09:56:20] Computing probability of getting one or more extinctions for Delta=0.0339674
[2019-11-29 09:56:24] Probability of getting one or more extinctions for Delta=0.0339674 is 0.52
[2019-11-29 09:56:24] Computing probability of getting one or more extinctions for Delta=0.0325956
[2019-11-29 09:56:28] Probability of getting one or more extinctions for Delta=0.0325956 is 0.26
[2019-11-29 09:56:28] Found an interval for Delta critical : [0.0325956;0.0339674]
[2019-11-29 09:56:28] Now computing the probability of getting more than one extinction for ten points inside this interval (1000 runs per point)
[2019-11-29 09:56:28] Computing probability of getting one or more extinctions for Delta=0.0325956
[2019-11-29 09:57:12] Probability of getting one or more extinctions for Delta=0.0325956 is 0.42
[2019-11-29 09:57:12] Computing probability of getting one or more extinctions for Delta=0.032748
[2019-11-29 09:57:54] Probability of getting one or more extinctions for Delta=0.032748 is 0.394
[2019-11-29 09:57:54] Computing probability of getting one or more extinctions for Delta=0.0329005
[2019-11-29 09:58:38] Probability of getting one or more extinctions for Delta=0.0329005 is 0.413
[2019-11-29 09:58:38] Computing probability of getting one or more extinctions for Delta=0.0330529
[2019-11-29 09:59:22] Probability of getting one or more extinctions for Delta=0.0330529 is 0.433
[2019-11-29 09:59:22] Computing probability of getting one or more extinctions for Delta=0.0332053
[2019-11-29 10:00:03] Probability of getting one or more extinctions for Delta=0.0332053 is 0.44
[2019-11-29 10:00:03] Computing probability of getting one or more extinctions for Delta=0.0333577
[2019-11-29 10:00:46] Probability of getting one or more extinctions for Delta=0.0333577 is 0.456
[2019-11-29 10:00:46] Computing probability of getting one or more extinctions for Delta=0.0335101
[2019-11-29 10:02:11] Probability of getting one or more extinctions for Delta=0.0335101 is 0.445
[2019-11-29 10:02:11] Computing probability of getting one or more extinctions for Delta=0.0336626
[2019-11-29 10:03:33] Probability of getting one or more extinctions for Delta=0.0336626 is 0.443
[2019-11-29 10:03:33] Computing probability of getting one or more extinctions for Delta=0.033815
[2019-11-29 10:04:54] Probability of getting one or more extinctions for Delta=0.033815 is 0.459
[2019-11-29 10:04:54] Computing probability of getting one or more extinctions for Delta=0.0339674
[2019-11-29 10:06:13] Probability of getting one or more extinctions for Delta=0.0339674 is 0.459
[2019-11-29 10:06:13] Now fitting the 10 chosen into the specific function
[2019-11-29 10:06:13] Now we find the zero of the fit to determine delta critical (parameters = 1775.94 -160712 4.84591e+06 -4.86881e+07)
[2019-11-29 10:06:13] We interpret the fitting parameters as coefficients of a degree 3 polynomial (which should be true, please check that)
[2019-11-29 10:06:13]  zero estimated at 0.0317148
[2019-11-29 10:06:13] Computed critical delta for ./matrices/Nr25_Nc25/RandTrix_Nr25_Nc25_Nest0.6_Conn0.1344.txt
[2019-11-29 10:06:13] Attempting now to find the critical delta for the given set of metaparameters
[2019-11-29 10:06:13] Computing probability of getting one or more extinctions for Delta=0
[2019-11-29 10:06:13] Probability of getting one or more extinctions for Delta=0 is 0
[2019-11-29 10:06:13] Computing probability of getting one or more extinctions for Delta=1
[2019-11-29 10:06:13] Probability of getting one or more extinctions for Delta=1 is 1
[2019-11-29 10:06:13] We first find a rough interval where the critical delta should lie (each point computed by the solver is estimated with 100 runs)
[2019-11-29 10:06:13] Computing probability of getting one or more extinctions for Delta=0.5
[2019-11-29 10:06:14] Probability of getting one or more extinctions for Delta=0.5 is 1
[2019-11-29 10:06:14] Computing probability of getting one or more extinctions for Delta=0.25
[2019-11-29 10:06:15] Probability of getting one or more extinctions for Delta=0.25 is 1
[2019-11-29 10:06:15] Computing probability of getting one or more extinctions for Delta=0.125
[2019-11-29 10:06:16] Probability of getting one or more extinctions for Delta=0.125 is 1
[2019-11-29 10:06:16] Computing probability of getting one or more extinctions for Delta=0.0625
[2019-11-29 10:06:19] Probability of getting one or more extinctions for Delta=0.0625 is 0.99
[2019-11-29 10:06:19] Computing probability of getting one or more extinctions for Delta=0.0315657
[2019-11-29 10:06:29] Probability of getting one or more extinctions for Delta=0.0315657 is 0.67
[2019-11-29 10:06:29] Computing probability of getting one or more extinctions for Delta=0.0193016
[2019-11-29 10:06:45] Probability of getting one or more extinctions for Delta=0.0193016 is 0.13
[2019-11-29 10:06:45] Computing probability of getting one or more extinctions for Delta=0.0277047
[2019-11-29 10:06:53] Probability of getting one or more extinctions for Delta=0.0277047 is 0.5
[2019-11-29 10:06:53] Computing probability of getting one or more extinctions for Delta=0.0277047
[2019-11-29 10:07:02] Probability of getting one or more extinctions for Delta=0.0277047 is 0.5
[2019-11-29 10:07:02] Computing probability of getting one or more extinctions for Delta=0.0235032
[2019-11-29 10:07:10] Probability of getting one or more extinctions for Delta=0.0235032 is 0.29
[2019-11-29 10:07:10] Computing probability of getting one or more extinctions for Delta=0.0277047
[2019-11-29 10:07:16] Probability of getting one or more extinctions for Delta=0.0277047 is 0.49
[2019-11-29 10:07:16] Found an interval for Delta critical : [0.0277047;0.0277047]
[2019-11-29 10:07:16] Now computing the probability of getting more than one extinction for ten points inside this interval (1000 runs per point)
[2019-11-29 10:07:16] Computing probability of getting one or more extinctions for Delta=0.0277047
[2019-11-29 10:08:22] Probability of getting one or more extinctions for Delta=0.0277047 is 0.48
[2019-11-29 10:08:22] Computing probability of getting one or more extinctions for Delta=0.0277047
[2019-11-29 10:10:14] Probability of getting one or more extinctions for Delta=0.0277047 is 0.478
[2019-11-29 10:10:14] Computing probability of getting one or more extinctions for Delta=0.0277047
[2019-11-29 10:11:26] Probability of getting one or more extinctions for Delta=0.0277047 is 0.473
[2019-11-29 10:11:26] Computing probability of getting one or more extinctions for Delta=0.0277047
[2019-11-29 10:13:06] Probability of getting one or more extinctions for Delta=0.0277047 is 0.483
[2019-11-29 10:13:06] Computing probability of getting one or more extinctions for Delta=0.0277047
[2019-11-29 10:15:18] Probability of getting one or more extinctions for Delta=0.0277047 is 0.48
[2019-11-29 10:15:18] Computing probability of getting one or more extinctions for Delta=0.0277047
[2019-11-29 10:17:14] Probability of getting one or more extinctions for Delta=0.0277047 is 0.491
[2019-11-29 10:17:14] Computing probability of getting one or more extinctions for Delta=0.0277047
[2019-11-29 10:18:27] Probability of getting one or more extinctions for Delta=0.0277047 is 0.468
[2019-11-29 10:18:27] Computing probability of getting one or more extinctions for Delta=0.0277047
[2019-11-29 10:20:20] Probability of getting one or more extinctions for Delta=0.0277047 is 0.515
[2019-11-29 10:20:20] Computing probability of getting one or more extinctions for Delta=0.0277047
[2019-11-29 10:22:39] Probability of getting one or more extinctions for Delta=0.0277047 is 0.446
[2019-11-29 10:22:39] Computing probability of getting one or more extinctions for Delta=0.0277047
[2019-11-29 10:24:42] Probability of getting one or more extinctions for Delta=0.0277047 is 0.49
[2019-11-29 10:24:42] Now fitting the 10 chosen into the specific function
[2019-11-29 10:24:42] Now we find the zero of the fit to determine delta critical (parameters = 0.737979 -8.45763 -340.369 -12321.3)
[2019-11-29 10:24:42] We interpret the fitting parameters as coefficients of a degree 3 polynomial (which should be true, please check that)
[2019-11-29 10:24:42]  zero estimated at 0.0273497
[2019-11-29 10:24:42] Computed critical delta for ./matrices/Nr25_Nc25/RandTrix_Nr25_Nc25_Nest0.6_Conn0.1712.txt
[2019-11-29 10:24:42] Attempting now to find the critical delta for the given set of metaparameters
[2019-11-29 10:24:42] Computing probability of getting one or more extinctions for Delta=0
[2019-11-29 10:24:42] Probability of getting one or more extinctions for Delta=0 is 0
[2019-11-29 10:24:42] Computing probability of getting one or more extinctions for Delta=1
[2019-11-29 10:24:43] Probability of getting one or more extinctions for Delta=1 is 1
[2019-11-29 10:24:43] We first find a rough interval where the critical delta should lie (each point computed by the solver is estimated with 100 runs)
[2019-11-29 10:24:43] Computing probability of getting one or more extinctions for Delta=0.5
[2019-11-29 10:24:43] Probability of getting one or more extinctions for Delta=0.5 is 1
[2019-11-29 10:24:43] Computing probability of getting one or more extinctions for Delta=0.25
[2019-11-29 10:24:44] Probability of getting one or more extinctions for Delta=0.25 is 1
[2019-11-29 10:24:44] Computing probability of getting one or more extinctions for Delta=0.125
[2019-11-29 10:24:45] Probability of getting one or more extinctions for Delta=0.125 is 1
[2019-11-29 10:24:45] Computing probability of getting one or more extinctions for Delta=0.0625
[2019-11-29 10:24:47] Probability of getting one or more extinctions for Delta=0.0625 is 1
[2019-11-29 10:24:47] Computing probability of getting one or more extinctions for Delta=0.03125
[2019-11-29 10:24:56] Probability of getting one or more extinctions for Delta=0.03125 is 1
[2019-11-29 10:24:56] Computing probability of getting one or more extinctions for Delta=0.015625
[2019-11-29 10:25:52] Probability of getting one or more extinctions for Delta=0.015625 is 0.66
[2019-11-29 10:25:52] Computing probability of getting one or more extinctions for Delta=0.0118371
[2019-11-29 10:26:53] Probability of getting one or more extinctions for Delta=0.0118371 is 0.33
[2019-11-29 10:26:53] Computing probability of getting one or more extinctions for Delta=0.0137885
[2019-11-29 10:28:06] Probability of getting one or more extinctions for Delta=0.0137885 is 0.56
[2019-11-29 10:28:06] Computing probability of getting one or more extinctions for Delta=0.012974
[2019-11-29 10:29:30] Probability of getting one or more extinctions for Delta=0.012974 is 0.48
[2019-11-29 10:29:30] Found an interval for Delta critical : [0.012974;0.0137885]
[2019-11-29 10:29:30] Now computing the probability of getting more than one extinction for ten points inside this interval (1000 runs per point)
[2019-11-29 10:29:30] Computing probability of getting one or more extinctions for Delta=0.012974
[2019-11-29 10:40:33] Probability of getting one or more extinctions for Delta=0.012974 is 0.451
[2019-11-29 10:40:33] Computing probability of getting one or more extinctions for Delta=0.0130645
[2019-11-29 10:53:52] Probability of getting one or more extinctions for Delta=0.0130645 is 0.469
[2019-11-29 10:53:52] Computing probability of getting one or more extinctions for Delta=0.013155
[2019-11-29 11:04:40] Probability of getting one or more extinctions for Delta=0.013155 is 0.499
[2019-11-29 11:04:40] Computing probability of getting one or more extinctions for Delta=0.0132455
[2019-11-29 11:16:42] Probability of getting one or more extinctions for Delta=0.0132455 is 0.491
[2019-11-29 11:16:42] Computing probability of getting one or more extinctions for Delta=0.013336
[2019-11-29 11:29:03] Probability of getting one or more extinctions for Delta=0.013336 is 0.476
[2019-11-29 11:29:03] Computing probability of getting one or more extinctions for Delta=0.0134265
[2019-11-29 11:42:11] Probability of getting one or more extinctions for Delta=0.0134265 is 0.481
[2019-11-29 11:42:11] Computing probability of getting one or more extinctions for Delta=0.013517
[2019-11-29 11:51:39] Probability of getting one or more extinctions for Delta=0.013517 is 0.482
[2019-11-29 11:51:39] Computing probability of getting one or more extinctions for Delta=0.0136075
[2019-11-29 12:01:38] Probability of getting one or more extinctions for Delta=0.0136075 is 0.509
[2019-11-29 12:01:38] Computing probability of getting one or more extinctions for Delta=0.013698
[2019-11-29 12:14:38] Probability of getting one or more extinctions for Delta=0.013698 is 0.505
[2019-11-29 12:14:38] Computing probability of getting one or more extinctions for Delta=0.0137885
[2019-11-29 12:27:36] Probability of getting one or more extinctions for Delta=0.0137885 is 0.521
[2019-11-29 12:27:36] Now fitting the 10 chosen into the specific function
[2019-11-29 12:27:36] Now we find the zero of the fit to determine delta critical (parameters = -1445.62 324276 -2.42461e+07 6.0427e+08)
[2019-11-29 12:27:36] We interpret the fitting parameters as coefficients of a degree 3 polynomial (which should be true, please check that)
[2019-11-29 12:27:36]  zero estimated at 0.0136714
[2019-11-29 12:27:36] Computed critical delta for ./matrices/Nr25_Nc25/RandTrix_Nr25_Nc25_Nest0.6_Conn0.2304.txt
[2019-11-29 12:27:36] Attempting now to find the critical delta for the given set of metaparameters
[2019-11-29 12:27:36] Computing probability of getting one or more extinctions for Delta=0
[2019-11-29 12:27:36] Probability of getting one or more extinctions for Delta=0 is 0
[2019-11-29 12:27:36] Computing probability of getting one or more extinctions for Delta=1
[2019-11-29 12:27:36] Probability of getting one or more extinctions for Delta=1 is 1
[2019-11-29 12:27:36] We first find a rough interval where the critical delta should lie (each point computed by the solver is estimated with 100 runs)
[2019-11-29 12:27:36] Computing probability of getting one or more extinctions for Delta=0.5
[2019-11-29 12:27:37] Probability of getting one or more extinctions for Delta=0.5 is 1
[2019-11-29 12:27:37] Computing probability of getting one or more extinctions for Delta=0.25
[2019-11-29 12:27:38] Probability of getting one or more extinctions for Delta=0.25 is 1
[2019-11-29 12:27:38] Computing probability of getting one or more extinctions for Delta=0.125
[2019-11-29 12:27:39] Probability of getting one or more extinctions for Delta=0.125 is 1
[2019-11-29 12:27:39] Computing probability of getting one or more extinctions for Delta=0.0625
[2019-11-29 12:27:41] Probability of getting one or more extinctions for Delta=0.0625 is 1
[2019-11-29 12:27:41] Computing probability of getting one or more extinctions for Delta=0.03125
[2019-11-29 12:27:57] Probability of getting one or more extinctions for Delta=0.03125 is 0.98
[2019-11-29 12:27:57] Computing probability of getting one or more extinctions for Delta=0.0159439
[2019-11-29 12:29:35] Probability of getting one or more extinctions for Delta=0.0159439 is 0.75
[2019-11-29 12:29:35] Computing probability of getting one or more extinctions for Delta=0.00485248
[2019-11-29 12:31:12] Probability of getting one or more extinctions for Delta=0.00485248 is 0.08
[2019-11-29 12:31:12] Computing probability of getting one or more extinctions for Delta=0.0118053
[2019-11-29 12:33:08] Probability of getting one or more extinctions for Delta=0.0118053 is 0.56
[2019-11-29 12:33:08] Computing probability of getting one or more extinctions for Delta=0.0106617
[2019-11-29 12:35:32] Probability of getting one or more extinctions for Delta=0.0106617 is 0.54
[2019-11-29 12:35:32] Computing probability of getting one or more extinctions for Delta=0.00859738
[2019-11-29 12:38:22] Probability of getting one or more extinctions for Delta=0.00859738 is 0.34
[2019-11-29 12:38:22] Computing probability of getting one or more extinctions for Delta=0.0102489
[2019-11-29 12:39:40] Probability of getting one or more extinctions for Delta=0.0102489 is 0.51
[2019-11-29 12:39:40] Computing probability of getting one or more extinctions for Delta=0.0101193
[2019-11-29 12:42:25] Probability of getting one or more extinctions for Delta=0.0101193 is 0.44
[2019-11-29 12:42:25] Found an interval for Delta critical : [0.0101193;0.0102489]
[2019-11-29 12:42:25] Now computing the probability of getting more than one extinction for ten points inside this interval (1000 runs per point)
[2019-11-29 12:42:25] Computing probability of getting one or more extinctions for Delta=0.0101193
[2019-11-29 13:06:54] Probability of getting one or more extinctions for Delta=0.0101193 is 0.457
[2019-11-29 13:06:54] Computing probability of getting one or more extinctions for Delta=0.0101337
[2019-11-29 13:33:10] Probability of getting one or more extinctions for Delta=0.0101337 is 0.485
[2019-11-29 13:33:10] Computing probability of getting one or more extinctions for Delta=0.0101481
[2019-11-29 13:55:16] Probability of getting one or more extinctions for Delta=0.0101481 is 0.468
[2019-11-29 13:55:16] Computing probability of getting one or more extinctions for Delta=0.0101625
[2019-11-29 14:18:18] Probability of getting one or more extinctions for Delta=0.0101625 is 0.484
[2019-11-29 14:18:18] Computing probability of getting one or more extinctions for Delta=0.0101769
[2019-11-29 14:38:54] Probability of getting one or more extinctions for Delta=0.0101769 is 0.457
[2019-11-29 14:38:54] Computing probability of getting one or more extinctions for Delta=0.0101913
[2019-11-29 14:59:44] Probability of getting one or more extinctions for Delta=0.0101913 is 0.439
[2019-11-29 14:59:44] Computing probability of getting one or more extinctions for Delta=0.0102057
[2019-11-29 15:18:54] Probability of getting one or more extinctions for Delta=0.0102057 is 0.469
[2019-11-29 15:18:54] Computing probability of getting one or more extinctions for Delta=0.0102201
[2019-11-29 15:42:43] Probability of getting one or more extinctions for Delta=0.0102201 is 0.478
[2019-11-29 15:42:43] Computing probability of getting one or more extinctions for Delta=0.0102345
[2019-11-29 16:07:21] Probability of getting one or more extinctions for Delta=0.0102345 is 0.467
[2019-11-29 16:07:21] Computing probability of getting one or more extinctions for Delta=0.0102489
[2019-11-29 16:27:20] Probability of getting one or more extinctions for Delta=0.0102489 is 0.473
[2019-11-29 16:27:20] Now fitting the 10 chosen into the specific function
[2019-11-29 16:27:20] Now we find the zero of the fit to determine delta critical (parameters = -57749.4 1.70296e+07 -1.67393e+09 5.4846e+10)
[2019-11-29 16:27:20] We interpret the fitting parameters as coefficients of a degree 3 polynomial (which should be true, please check that)
[2019-11-29 16:27:20]  zero estimated at 0.0102713
[2019-11-29 16:27:20] Computed critical delta for ./matrices/Nr25_Nc25/RandTrix_Nr25_Nc25_Nest0.6_Conn0.2768.txt
[2019-11-29 16:27:20] Attempting now to find the critical delta for the given set of metaparameters
[2019-11-29 16:27:20] Computing probability of getting one or more extinctions for Delta=0
