[2019-11-28 18:35:01] Loading metaparameters from config/configuration_comparison_NR25_NS25_s09_a0.in
[2019-11-28 18:35:01] Successfully opened ./data_output/configuration_comparison_NR25_NS25_s09_a0_matrix_list_NR25_NS25_7.out, attempting now to find the critical delta of every listed matrix 
[2019-11-28 18:35:01] Attempting now to find the critical delta for the given set of metaparameters
[2019-11-28 18:35:01] Computing probability of getting one or more extinctions for Delta=0
[2019-11-28 18:35:01] Probability of getting one or more extinctions for Delta=0 is 0
[2019-11-28 18:35:01] Computing probability of getting one or more extinctions for Delta=1
[2019-11-28 18:35:02] Probability of getting one or more extinctions for Delta=1 is 1
[2019-11-28 18:35:02] We first find a rough interval where the critical delta should lie (each point computed by the solver is estimated with 100 runs)
[2019-11-28 18:35:02] Computing probability of getting one or more extinctions for Delta=0.5
[2019-11-28 18:35:02] Probability of getting one or more extinctions for Delta=0.5 is 1
[2019-11-28 18:35:02] Computing probability of getting one or more extinctions for Delta=0.25
[2019-11-28 18:35:03] Probability of getting one or more extinctions for Delta=0.25 is 1
[2019-11-28 18:35:03] Computing probability of getting one or more extinctions for Delta=0.125
[2019-11-28 18:35:04] Probability of getting one or more extinctions for Delta=0.125 is 1
[2019-11-28 18:35:04] Computing probability of getting one or more extinctions for Delta=0.0625
[2019-11-28 18:35:06] Probability of getting one or more extinctions for Delta=0.0625 is 1
[2019-11-28 18:35:06] Computing probability of getting one or more extinctions for Delta=0.03125
[2019-11-28 18:35:10] Probability of getting one or more extinctions for Delta=0.03125 is 1
[2019-11-28 18:35:10] Computing probability of getting one or more extinctions for Delta=0.015625
[2019-11-28 18:35:58] Probability of getting one or more extinctions for Delta=0.015625 is 0.8
[2019-11-28 18:35:58] Computing probability of getting one or more extinctions for Delta=0.00976562
[2019-11-28 18:38:53] Probability of getting one or more extinctions for Delta=0.00976562 is 0.38
[2019-11-28 18:38:53] Computing probability of getting one or more extinctions for Delta=0.0114397
[2019-11-28 18:41:23] Probability of getting one or more extinctions for Delta=0.0114397 is 0.46
[2019-11-28 18:41:23] Computing probability of getting one or more extinctions for Delta=0.0121783
[2019-11-28 18:47:10] Probability of getting one or more extinctions for Delta=0.0121783 is 0.55
[2019-11-28 18:47:10] Found an interval for Delta critical : [0.0114397;0.0121783]
[2019-11-28 18:47:10] Now computing the probability of getting more than one extinction for ten points inside this interval (1000 runs per point)
[2019-11-28 18:47:10] Computing probability of getting one or more extinctions for Delta=0.0114397
[2019-11-28 19:21:02] Probability of getting one or more extinctions for Delta=0.0114397 is 0.557
[2019-11-28 19:21:02] Computing probability of getting one or more extinctions for Delta=0.0115218
[2019-11-28 19:47:58] Probability of getting one or more extinctions for Delta=0.0115218 is 0.53
[2019-11-28 19:47:58] Computing probability of getting one or more extinctions for Delta=0.0116039
[2019-11-28 20:17:44] Probability of getting one or more extinctions for Delta=0.0116039 is 0.513
[2019-11-28 20:17:44] Computing probability of getting one or more extinctions for Delta=0.0116859
[2019-11-28 20:47:31] Probability of getting one or more extinctions for Delta=0.0116859 is 0.526
[2019-11-28 20:47:31] Computing probability of getting one or more extinctions for Delta=0.011768
[2019-11-28 21:17:40] Probability of getting one or more extinctions for Delta=0.011768 is 0.558
[2019-11-28 21:17:40] Computing probability of getting one or more extinctions for Delta=0.0118501
[2019-11-28 21:51:04] Probability of getting one or more extinctions for Delta=0.0118501 is 0.544
[2019-11-28 21:51:04] Computing probability of getting one or more extinctions for Delta=0.0119321
[2019-11-28 22:18:42] Probability of getting one or more extinctions for Delta=0.0119321 is 0.561
[2019-11-28 22:18:42] Computing probability of getting one or more extinctions for Delta=0.0120142
[2019-11-28 22:47:34] Probability of getting one or more extinctions for Delta=0.0120142 is 0.569
[2019-11-28 22:47:34] Computing probability of getting one or more extinctions for Delta=0.0120962
[2019-11-28 23:15:07] Probability of getting one or more extinctions for Delta=0.0120962 is 0.578
[2019-11-28 23:15:07] Computing probability of getting one or more extinctions for Delta=0.0121783
[2019-11-28 23:42:51] Probability of getting one or more extinctions for Delta=0.0121783 is 0.595
[2019-11-28 23:42:51] Now fitting the 10 chosen into the specific function
[2019-11-28 23:42:51] Now we find the zero of the fit to determine delta critical (parameters = 1157.22 -291760 2.45068e+07 -6.85767e+08)
[2019-11-28 23:42:51] We interpret the fitting parameters as coefficients of a degree 3 polynomial (which should be true, please check that)
[2019-11-28 23:42:51]  zero estimated at 0.0125287
[2019-11-28 23:42:51] Computed critical delta for ./matrices/Nr25_Nc25/RandTrix_Nr25_Nc25_Nest0.45_Conn0.2672.txt
[2019-11-28 23:42:51] Attempting now to find the critical delta for the given set of metaparameters
[2019-11-28 23:42:51] Computing probability of getting one or more extinctions for Delta=0
[2019-11-28 23:42:51] Probability of getting one or more extinctions for Delta=0 is 0
[2019-11-28 23:42:51] Computing probability of getting one or more extinctions for Delta=1
[2019-11-28 23:42:52] Probability of getting one or more extinctions for Delta=1 is 1
[2019-11-28 23:42:52] We first find a rough interval where the critical delta should lie (each point computed by the solver is estimated with 100 runs)
[2019-11-28 23:42:52] Computing probability of getting one or more extinctions for Delta=0.5
[2019-11-28 23:42:52] Probability of getting one or more extinctions for Delta=0.5 is 1
[2019-11-28 23:42:52] Computing probability of getting one or more extinctions for Delta=0.25
[2019-11-28 23:42:52] Probability of getting one or more extinctions for Delta=0.25 is 1
[2019-11-28 23:42:52] Computing probability of getting one or more extinctions for Delta=0.125
[2019-11-28 23:42:53] Probability of getting one or more extinctions for Delta=0.125 is 1
[2019-11-28 23:42:53] Computing probability of getting one or more extinctions for Delta=0.0625
[2019-11-28 23:42:54] Probability of getting one or more extinctions for Delta=0.0625 is 1
[2019-11-28 23:42:54] Computing probability of getting one or more extinctions for Delta=0.03125
[2019-11-28 23:43:01] Probability of getting one or more extinctions for Delta=0.03125 is 0.98
[2019-11-28 23:43:01] Computing probability of getting one or more extinctions for Delta=0.0159439
[2019-11-28 23:44:17] Probability of getting one or more extinctions for Delta=0.0159439 is 0.7
[2019-11-28 23:44:17] Computing probability of getting one or more extinctions for Delta=0.00813463
[2019-11-28 23:48:28] Probability of getting one or more extinctions for Delta=0.00813463 is 0.32
[2019-11-28 23:48:28] Computing probability of getting one or more extinctions for Delta=0.0118337
[2019-11-28 23:49:42] Probability of getting one or more extinctions for Delta=0.0118337 is 0.55
[2019-11-28 23:49:42] Computing probability of getting one or more extinctions for Delta=0.0110296
[2019-11-28 23:52:11] Probability of getting one or more extinctions for Delta=0.0110296 is 0.48
[2019-11-28 23:52:11] Found an interval for Delta critical : [0.0110296;0.0118337]
[2019-11-28 23:52:11] Now computing the probability of getting more than one extinction for ten points inside this interval (1000 runs per point)
[2019-11-28 23:52:11] Computing probability of getting one or more extinctions for Delta=0.0110296
[2019-11-29 00:17:49] Probability of getting one or more extinctions for Delta=0.0110296 is 0.456
[2019-11-29 00:17:49] Computing probability of getting one or more extinctions for Delta=0.0111189
[2019-11-29 00:51:04] Probability of getting one or more extinctions for Delta=0.0111189 is 0.452
[2019-11-29 00:51:04] Computing probability of getting one or more extinctions for Delta=0.0112083
[2019-11-29 01:19:48] Probability of getting one or more extinctions for Delta=0.0112083 is 0.471
[2019-11-29 01:19:48] Computing probability of getting one or more extinctions for Delta=0.0112976
[2019-11-29 01:46:36] Probability of getting one or more extinctions for Delta=0.0112976 is 0.44
[2019-11-29 01:46:36] Computing probability of getting one or more extinctions for Delta=0.011387
[2019-11-29 02:23:53] Probability of getting one or more extinctions for Delta=0.011387 is 0.449
[2019-11-29 02:23:53] Computing probability of getting one or more extinctions for Delta=0.0114763
[2019-11-29 03:12:23] Probability of getting one or more extinctions for Delta=0.0114763 is 0.469
[2019-11-29 03:12:23] Computing probability of getting one or more extinctions for Delta=0.0115657
[2019-11-29 03:37:06] Probability of getting one or more extinctions for Delta=0.0115657 is 0.481
[2019-11-29 03:37:06] Computing probability of getting one or more extinctions for Delta=0.011655
[2019-11-29 04:08:35] Probability of getting one or more extinctions for Delta=0.011655 is 0.471
[2019-11-29 04:08:35] Computing probability of getting one or more extinctions for Delta=0.0117444
[2019-11-29 04:32:36] Probability of getting one or more extinctions for Delta=0.0117444 is 0.492
[2019-11-29 04:32:36] Computing probability of getting one or more extinctions for Delta=0.0118337
[2019-11-29 05:00:42] Probability of getting one or more extinctions for Delta=0.0118337 is 0.463
[2019-11-29 05:00:42] Now fitting the 10 chosen into the specific function
[2019-11-29 05:00:42] Now we find the zero of the fit to determine delta critical (parameters = 723.587 -189943 1.66115e+07 -4.84024e+08)
[2019-11-29 05:00:42] We interpret the fitting parameters as coefficients of a degree 3 polynomial (which should be true, please check that)
[2019-11-29 05:00:42]  zero estimated at 0.0108775
[2019-11-29 05:00:42] Computed critical delta for ./matrices/Nr25_Nc25/RandTrix_Nr25_Nc25_Nest0.45_Conn0.3168.txt
[2019-11-29 05:00:42] Attempting now to find the critical delta for the given set of metaparameters
[2019-11-29 05:00:42] Computing probability of getting one or more extinctions for Delta=0
[2019-11-29 05:00:42] Probability of getting one or more extinctions for Delta=0 is 0
[2019-11-29 05:00:42] Computing probability of getting one or more extinctions for Delta=1
[2019-11-29 05:00:42] Probability of getting one or more extinctions for Delta=1 is 1
[2019-11-29 05:00:42] We first find a rough interval where the critical delta should lie (each point computed by the solver is estimated with 100 runs)
[2019-11-29 05:00:42] Computing probability of getting one or more extinctions for Delta=0.5
[2019-11-29 05:00:42] Probability of getting one or more extinctions for Delta=0.5 is 1
[2019-11-29 05:00:42] Computing probability of getting one or more extinctions for Delta=0.25
[2019-11-29 05:00:43] Probability of getting one or more extinctions for Delta=0.25 is 1
[2019-11-29 05:00:43] Computing probability of getting one or more extinctions for Delta=0.125
[2019-11-29 05:00:43] Probability of getting one or more extinctions for Delta=0.125 is 1
[2019-11-29 05:00:43] Computing probability of getting one or more extinctions for Delta=0.0625
[2019-11-29 05:00:44] Probability of getting one or more extinctions for Delta=0.0625 is 1
[2019-11-29 05:00:44] Computing probability of getting one or more extinctions for Delta=0.03125
[2019-11-29 05:00:50] Probability of getting one or more extinctions for Delta=0.03125 is 0.97
[2019-11-29 05:00:50] Computing probability of getting one or more extinctions for Delta=0.0161082
[2019-11-29 14:57:01] Probability of getting one or more extinctions for Delta=0.0161082 is 0.64
[2019-11-29 14:57:01] Computing probability of getting one or more extinctions for Delta=0.0110897
[2019-11-30 12:20:32] Probability of getting one or more extinctions for Delta=0.0110897 is 0.27
[2019-11-30 12:20:32] Computing probability of getting one or more extinctions for Delta=0.0142093
[2019-11-30 12:21:15] Probability of getting one or more extinctions for Delta=0.0142093 is 0.53
[2019-11-30 12:21:15] Computing probability of getting one or more extinctions for Delta=0.0137512
[2019-12-02 04:50:51] Probability of getting one or more extinctions for Delta=0.0137512 is 0.38
[2019-12-02 04:50:51] Found an interval for Delta critical : [0.0137512;0.0142093]
[2019-12-02 04:50:51] Now computing the probability of getting more than one extinction for ten points inside this interval (1000 runs per point)
[2019-12-02 04:50:51] Computing probability of getting one or more extinctions for Delta=0.0137512
