[2019-11-29 16:57:32] Loading metaparameters from config/configuration_comparison_NR25_NS25_s075_a0.in
[2019-11-29 16:57:32] Successfully opened ./data_output/configuration_comparison_NR25_NS25_s075_a0_matrix_list_NR25_NS25_15.out, attempting now to find the critical delta of every listed matrix 
[2019-11-29 16:57:32] Attempting now to find the critical delta for the given set of metaparameters
[2019-11-29 16:57:32] Computing probability of getting one or more extinctions for Delta=0
[2019-11-29 16:57:33] Probability of getting one or more extinctions for Delta=0 is 0
[2019-11-29 16:57:33] Computing probability of getting one or more extinctions for Delta=1
[2019-11-29 16:57:33] Probability of getting one or more extinctions for Delta=1 is 1
[2019-11-29 16:57:33] We first find a rough interval where the critical delta should lie (each point computed by the solver is estimated with 100 runs)
[2019-11-29 16:57:33] Computing probability of getting one or more extinctions for Delta=0.5
[2019-11-29 16:57:34] Probability of getting one or more extinctions for Delta=0.5 is 1
[2019-11-29 16:57:34] Computing probability of getting one or more extinctions for Delta=0.25
[2019-11-29 16:57:35] Probability of getting one or more extinctions for Delta=0.25 is 1
[2019-11-29 16:57:35] Computing probability of getting one or more extinctions for Delta=0.125
[2019-11-29 16:57:36] Probability of getting one or more extinctions for Delta=0.125 is 1
[2019-11-29 16:57:36] Computing probability of getting one or more extinctions for Delta=0.0625
[2019-11-29 16:57:38] Probability of getting one or more extinctions for Delta=0.0625 is 1
[2019-11-29 16:57:38] Computing probability of getting one or more extinctions for Delta=0.03125
[2019-11-29 16:57:46] Probability of getting one or more extinctions for Delta=0.03125 is 1
[2019-11-29 16:57:46] Computing probability of getting one or more extinctions for Delta=0.015625
[2019-11-29 16:58:43] Probability of getting one or more extinctions for Delta=0.015625 is 0.84
[2019-11-29 16:58:43] Computing probability of getting one or more extinctions for Delta=0.0093006
[2019-11-29 17:01:13] Probability of getting one or more extinctions for Delta=0.0093006 is 0.52
[2019-11-29 17:01:13] Computing probability of getting one or more extinctions for Delta=0.00892052
[2019-11-29 17:03:17] Probability of getting one or more extinctions for Delta=0.00892052 is 0.53
[2019-11-29 17:03:17] Computing probability of getting one or more extinctions for Delta=0.00446026
[2019-11-29 17:06:38] Probability of getting one or more extinctions for Delta=0.00446026 is 0.03
[2019-11-29 17:06:38] Computing probability of getting one or more extinctions for Delta=0.00865291
[2019-11-29 17:08:07] Probability of getting one or more extinctions for Delta=0.00865291 is 0.6
[2019-11-29 17:08:07] Computing probability of getting one or more extinctions for Delta=0.00655658
[2019-11-29 17:10:56] Probability of getting one or more extinctions for Delta=0.00655658 is 0.29
[2019-11-29 17:10:56] Computing probability of getting one or more extinctions for Delta=0.00797667
[2019-11-29 17:13:54] Probability of getting one or more extinctions for Delta=0.00797667 is 0.42
[2019-11-29 17:13:54] Found an interval for Delta critical : [0.00797667;0.00865291]
[2019-11-29 17:13:54] Now computing the probability of getting more than one extinction for ten points inside this interval (1000 runs per point)
[2019-11-29 17:13:54] Computing probability of getting one or more extinctions for Delta=0.00797667
[2019-11-29 17:37:18] Probability of getting one or more extinctions for Delta=0.00797667 is 0.389
[2019-11-29 17:37:18] Computing probability of getting one or more extinctions for Delta=0.00805181
[2019-11-29 17:58:36] Probability of getting one or more extinctions for Delta=0.00805181 is 0.432
[2019-11-29 17:58:36] Computing probability of getting one or more extinctions for Delta=0.00812695
[2019-11-29 18:16:34] Probability of getting one or more extinctions for Delta=0.00812695 is 0.466
[2019-11-29 18:16:34] Computing probability of getting one or more extinctions for Delta=0.00820209
[2019-11-29 18:39:57] Probability of getting one or more extinctions for Delta=0.00820209 is 0.434
[2019-11-29 18:39:57] Computing probability of getting one or more extinctions for Delta=0.00827722
[2019-11-29 19:02:39] Probability of getting one or more extinctions for Delta=0.00827722 is 0.444
[2019-11-29 19:02:39] Computing probability of getting one or more extinctions for Delta=0.00835236
[2019-11-29 19:29:28] Probability of getting one or more extinctions for Delta=0.00835236 is 0.465
[2019-11-29 19:29:28] Computing probability of getting one or more extinctions for Delta=0.0084275
[2019-11-29 19:52:49] Probability of getting one or more extinctions for Delta=0.0084275 is 0.467
[2019-11-29 19:52:49] Computing probability of getting one or more extinctions for Delta=0.00850263
[2019-11-29 20:19:37] Probability of getting one or more extinctions for Delta=0.00850263 is 0.502
[2019-11-29 20:19:37] Computing probability of getting one or more extinctions for Delta=0.00857777
[2019-11-29 20:44:07] Probability of getting one or more extinctions for Delta=0.00857777 is 0.466
[2019-11-29 20:44:07] Computing probability of getting one or more extinctions for Delta=0.00865291
[2019-11-29 21:06:30] Probability of getting one or more extinctions for Delta=0.00865291 is 0.454
[2019-11-29 21:06:30] Now fitting the 10 chosen into the specific function
[2019-11-29 21:06:30] Now we find the zero of the fit to determine delta critical (parameters = 52.2326 -21587.6 2.9124e+06 -1.28941e+08)
[2019-11-29 21:06:30] We interpret the fitting parameters as coefficients of a degree 3 polynomial (which should be true, please check that)
[2019-11-29 21:06:30]  zero estimated at 0.00562877
[2019-11-29 21:06:30] Computed critical delta for ./matrices/Nr25_Nc25/RandTrix_Nr25_Nc25_Nest0.6_Conn0.3168.txt
[2019-11-29 21:06:30] Attempting now to find the critical delta for the given set of metaparameters
[2019-11-29 21:06:30] Computing probability of getting one or more extinctions for Delta=0
[2019-11-29 21:06:30] Probability of getting one or more extinctions for Delta=0 is 0
[2019-11-29 21:06:30] Computing probability of getting one or more extinctions for Delta=1
[2019-11-29 21:06:31] Probability of getting one or more extinctions for Delta=1 is 1
[2019-11-29 21:06:31] We first find a rough interval where the critical delta should lie (each point computed by the solver is estimated with 100 runs)
[2019-11-29 21:06:31] Computing probability of getting one or more extinctions for Delta=0.5
[2019-11-29 21:06:31] Probability of getting one or more extinctions for Delta=0.5 is 1
[2019-11-29 21:06:31] Computing probability of getting one or more extinctions for Delta=0.25
[2019-11-29 21:06:32] Probability of getting one or more extinctions for Delta=0.25 is 1
[2019-11-29 21:06:32] Computing probability of getting one or more extinctions for Delta=0.125
[2019-11-29 21:06:32] Probability of getting one or more extinctions for Delta=0.125 is 1
[2019-11-29 21:06:32] Computing probability of getting one or more extinctions for Delta=0.0625
[2019-11-29 21:06:34] Probability of getting one or more extinctions for Delta=0.0625 is 1
[2019-11-29 21:06:34] Computing probability of getting one or more extinctions for Delta=0.03125
[2019-11-29 21:06:38] Probability of getting one or more extinctions for Delta=0.03125 is 1
[2019-11-29 21:06:38] Computing probability of getting one or more extinctions for Delta=0.015625
[2019-11-30 07:21:04] Probability of getting one or more extinctions for Delta=0.015625 is 0.89
[2019-11-30 07:21:04] Computing probability of getting one or more extinctions for Delta=0.00877809
[2019-11-30 07:27:26] Probability of getting one or more extinctions for Delta=0.00877809 is 0.63
[2019-11-30 07:27:26] Computing probability of getting one or more extinctions for Delta=0.00606106
[2019-11-30 07:38:43] Probability of getting one or more extinctions for Delta=0.00606106 is 0.37
[2019-11-30 07:38:43] Computing probability of getting one or more extinctions for Delta=0.00741958
[2019-11-30 18:00:35] Probability of getting one or more extinctions for Delta=0.00741958 is 0.49
[2019-11-30 18:00:35] Computing probability of getting one or more extinctions for Delta=0.0075247
[2019-12-01 04:34:23] Probability of getting one or more extinctions for Delta=0.0075247 is 0.45
[2019-12-01 04:34:23] Computing probability of getting one or more extinctions for Delta=0.00815139
[2019-12-01 15:20:26] Probability of getting one or more extinctions for Delta=0.00815139 is 0.54
[2019-12-01 15:20:26] Found an interval for Delta critical : [0.0075247;0.00815139]
[2019-12-01 15:20:26] Now computing the probability of getting more than one extinction for ten points inside this interval (1000 runs per point)
[2019-12-01 15:20:26] Computing probability of getting one or more extinctions for Delta=0.0075247
[2019-12-02 20:38:54] Probability of getting one or more extinctions for Delta=0.0075247 is 0.468
[2019-12-02 20:38:54] Computing probability of getting one or more extinctions for Delta=0.00759433
