[2019-11-27 18:22:10] Loading metaparameters from config/configuration_comparison_NR25_NS25_s05_a05.in
[2019-11-27 18:22:10] Successfully opened ./data_output/configuration_comparison_NR25_NS25_s05_a05_matrix_list_NR25_NS25_5.out, attempting now to find the critical delta of every listed matrix 
[2019-11-27 18:22:10] Attempting now to find the critical delta for the given set of metaparameters
[2019-11-27 18:22:10] Computing probability of getting one or more extinctions for Delta=0
[2019-11-27 18:22:10] Probability of getting one or more extinctions for Delta=0 is 0
[2019-11-27 18:22:10] Computing probability of getting one or more extinctions for Delta=1
[2019-11-27 18:22:10] Probability of getting one or more extinctions for Delta=1 is 1
[2019-11-27 18:22:10] We first find a rough interval where the critical delta should lie (each point computed by the solver is estimated with 100 runs)
[2019-11-27 18:22:10] Computing probability of getting one or more extinctions for Delta=0.5
[2019-11-27 18:22:10] Probability of getting one or more extinctions for Delta=0.5 is 1
[2019-11-27 18:22:10] Computing probability of getting one or more extinctions for Delta=0.25
[2019-11-27 18:22:11] Probability of getting one or more extinctions for Delta=0.25 is 1
[2019-11-27 18:22:11] Computing probability of getting one or more extinctions for Delta=0.125
[2019-11-27 18:22:11] Probability of getting one or more extinctions for Delta=0.125 is 1
[2019-11-27 18:22:11] Computing probability of getting one or more extinctions for Delta=0.0625
[2019-11-27 18:22:13] Probability of getting one or more extinctions for Delta=0.0625 is 1
[2019-11-27 18:22:13] Computing probability of getting one or more extinctions for Delta=0.03125
[2019-11-27 18:22:29] Probability of getting one or more extinctions for Delta=0.03125 is 0.82
[2019-11-27 18:22:29] Computing probability of getting one or more extinctions for Delta=0.0190549
[2019-11-27 18:24:39] Probability of getting one or more extinctions for Delta=0.0190549 is 0.47
[2019-11-27 18:24:39] Computing probability of getting one or more extinctions for Delta=0.0201002
[2019-11-27 18:27:45] Probability of getting one or more extinctions for Delta=0.0201002 is 0.44
[2019-11-27 18:27:45] Computing probability of getting one or more extinctions for Delta=0.0256751
[2019-11-27 18:30:11] Probability of getting one or more extinctions for Delta=0.0256751 is 0.72
[2019-11-27 18:30:11] Computing probability of getting one or more extinctions for Delta=0.0212948
[2019-11-27 18:31:30] Probability of getting one or more extinctions for Delta=0.0212948 is 0.54
[2019-11-27 18:31:30] Found an interval for Delta critical : [0.0201002;0.0212948]
[2019-11-27 18:31:30] Now computing the probability of getting more than one extinction for ten points inside this interval (1000 runs per point)
[2019-11-27 18:31:30] Computing probability of getting one or more extinctions for Delta=0.0201002
[2019-11-27 18:46:43] Probability of getting one or more extinctions for Delta=0.0201002 is 0.509
[2019-11-27 18:46:43] Computing probability of getting one or more extinctions for Delta=0.0202329
[2019-11-27 18:59:11] Probability of getting one or more extinctions for Delta=0.0202329 is 0.496
[2019-11-27 18:59:11] Computing probability of getting one or more extinctions for Delta=0.0203656
[2019-11-27 19:16:43] Probability of getting one or more extinctions for Delta=0.0203656 is 0.473
[2019-11-27 19:16:43] Computing probability of getting one or more extinctions for Delta=0.0204984
[2019-11-27 19:34:11] Probability of getting one or more extinctions for Delta=0.0204984 is 0.489
[2019-11-27 19:34:11] Computing probability of getting one or more extinctions for Delta=0.0206311
[2019-11-27 19:52:39] Probability of getting one or more extinctions for Delta=0.0206311 is 0.515
[2019-11-27 19:52:39] Computing probability of getting one or more extinctions for Delta=0.0207639
[2019-11-27 20:04:32] Probability of getting one or more extinctions for Delta=0.0207639 is 0.528
[2019-11-27 20:04:32] Computing probability of getting one or more extinctions for Delta=0.0208966
[2019-11-27 20:20:50] Probability of getting one or more extinctions for Delta=0.0208966 is 0.517
[2019-11-27 20:20:50] Computing probability of getting one or more extinctions for Delta=0.0210293
[2019-11-27 20:34:36] Probability of getting one or more extinctions for Delta=0.0210293 is 0.506
[2019-11-27 20:34:36] Computing probability of getting one or more extinctions for Delta=0.0211621
[2019-11-27 20:48:02] Probability of getting one or more extinctions for Delta=0.0211621 is 0.528
[2019-11-27 20:48:02] Computing probability of getting one or more extinctions for Delta=0.0212948
[2019-11-27 21:00:34] Probability of getting one or more extinctions for Delta=0.0212948 is 0.555
[2019-11-27 21:00:34] Now fitting the 10 chosen into the specific function
[2019-11-27 21:00:34] Now we find the zero of the fit to determine delta critical (parameters = 535.411 -76546.5 3.64451e+06 -5.77843e+07)
[2019-11-27 21:00:34] We interpret the fitting parameters as coefficients of a degree 3 polynomial (which should be true, please check that)
[2019-11-27 21:00:34] Found three potential roots, compute which one is the best (100 runs per point)
[2019-11-27 21:00:34] Please implement the different equilibrium modes in case of three roots
[2019-11-27 21:00:34]  zero estimated at -1
[2019-11-27 21:00:34] Computed critical delta for ./matrices/Nr25_Nc25/RandTrix_Nr25_Nc25_Nest0.5_Conn0.3824.txt
[2019-11-27 21:00:34] Attempting now to find the critical delta for the given set of metaparameters
[2019-11-27 21:00:34] Computing probability of getting one or more extinctions for Delta=0
[2019-11-27 21:00:34] Probability of getting one or more extinctions for Delta=0 is 0
[2019-11-27 21:00:34] Computing probability of getting one or more extinctions for Delta=1
[2019-11-27 21:00:34] Probability of getting one or more extinctions for Delta=1 is 1
[2019-11-27 21:00:34] We first find a rough interval where the critical delta should lie (each point computed by the solver is estimated with 100 runs)
[2019-11-27 21:00:34] Computing probability of getting one or more extinctions for Delta=0.5
[2019-11-27 21:00:34] Probability of getting one or more extinctions for Delta=0.5 is 1
[2019-11-27 21:00:34] Computing probability of getting one or more extinctions for Delta=0.25
[2019-11-27 21:00:35] Probability of getting one or more extinctions for Delta=0.25 is 1
[2019-11-27 21:00:35] Computing probability of getting one or more extinctions for Delta=0.125
[2019-11-27 21:00:36] Probability of getting one or more extinctions for Delta=0.125 is 1
[2019-11-27 21:00:36] Computing probability of getting one or more extinctions for Delta=0.0625
[2019-11-27 21:00:37] Probability of getting one or more extinctions for Delta=0.0625 is 0.99
[2019-11-27 21:00:37] Computing probability of getting one or more extinctions for Delta=0.0315657
[2019-11-27 21:00:54] Probability of getting one or more extinctions for Delta=0.0315657 is 0.94
[2019-11-27 21:00:54] Computing probability of getting one or more extinctions for Delta=0.0157828
[2019-11-27 21:03:49] Probability of getting one or more extinctions for Delta=0.0157828 is 0.65
[2019-11-27 21:03:49] Computing probability of getting one or more extinctions for Delta=0.00973567
[2019-11-27 21:06:35] Probability of getting one or more extinctions for Delta=0.00973567 is 0.27
[2019-11-27 21:06:35] Computing probability of getting one or more extinctions for Delta=0.0133958
[2019-11-27 21:09:24] Probability of getting one or more extinctions for Delta=0.0133958 is 0.47
[2019-11-27 21:09:24] Computing probability of getting one or more extinctions for Delta=0.0137936
[2019-11-27 21:14:13] Probability of getting one or more extinctions for Delta=0.0137936 is 0.5
[2019-11-27 21:14:13] Found an interval for Delta critical : [0.0133958;0.0137936]
[2019-11-27 21:14:13] Now computing the probability of getting more than one extinction for ten points inside this interval (1000 runs per point)
[2019-11-27 21:14:13] Computing probability of getting one or more extinctions for Delta=0.0133958
[2019-11-27 21:36:51] Probability of getting one or more extinctions for Delta=0.0133958 is 0.509
[2019-11-27 21:36:51] Computing probability of getting one or more extinctions for Delta=0.01344
[2019-11-27 22:04:01] Probability of getting one or more extinctions for Delta=0.01344 is 0.512
[2019-11-27 22:04:01] Computing probability of getting one or more extinctions for Delta=0.0134842
[2019-11-27 22:31:31] Probability of getting one or more extinctions for Delta=0.0134842 is 0.518
[2019-11-27 22:31:31] Computing probability of getting one or more extinctions for Delta=0.0135284
[2019-11-27 23:09:06] Probability of getting one or more extinctions for Delta=0.0135284 is 0.515
[2019-11-27 23:09:06] Computing probability of getting one or more extinctions for Delta=0.0135726
[2019-11-27 23:41:19] Probability of getting one or more extinctions for Delta=0.0135726 is 0.547
[2019-11-27 23:41:19] Computing probability of getting one or more extinctions for Delta=0.0136168
[2019-11-28 00:09:17] Probability of getting one or more extinctions for Delta=0.0136168 is 0.501
[2019-11-28 00:09:17] Computing probability of getting one or more extinctions for Delta=0.013661
[2019-11-28 00:35:37] Probability of getting one or more extinctions for Delta=0.013661 is 0.529
[2019-11-28 00:35:37] Computing probability of getting one or more extinctions for Delta=0.0137052
[2019-11-28 00:56:46] Probability of getting one or more extinctions for Delta=0.0137052 is 0.552
[2019-11-28 00:56:46] Computing probability of getting one or more extinctions for Delta=0.0137494
[2019-11-28 01:34:16] Probability of getting one or more extinctions for Delta=0.0137494 is 0.531
[2019-11-28 01:34:16] Computing probability of getting one or more extinctions for Delta=0.0137936
[2019-11-28 01:59:08] Probability of getting one or more extinctions for Delta=0.0137936 is 0.528
[2019-11-28 01:59:08] Now fitting the 10 chosen into the specific function
[2019-11-28 01:59:08] Now we find the zero of the fit to determine delta critical (parameters = 2781.82 -616328 4.55097e+07 -1.11996e+09)
[2019-11-28 01:59:08] We interpret the fitting parameters as coefficients of a degree 3 polynomial (which should be true, please check that)
[2019-11-28 01:59:08]  zero estimated at 0.0139256
[2019-11-28 01:59:08] Computed critical delta for ./matrices/Nr25_Nc25/RandTrix_Nr25_Nc25_Nest0.5_Conn0.416.txt
[2019-11-28 01:59:08] Attempting now to find the critical delta for the given set of metaparameters
[2019-11-28 01:59:08] Computing probability of getting one or more extinctions for Delta=0
[2019-11-28 01:59:08] Probability of getting one or more extinctions for Delta=0 is 0
[2019-11-28 01:59:08] Computing probability of getting one or more extinctions for Delta=1
[2019-11-28 01:59:08] Probability of getting one or more extinctions for Delta=1 is 1
[2019-11-28 01:59:08] We first find a rough interval where the critical delta should lie (each point computed by the solver is estimated with 100 runs)
[2019-11-28 01:59:08] Computing probability of getting one or more extinctions for Delta=0.5
[2019-11-28 01:59:08] Probability of getting one or more extinctions for Delta=0.5 is 1
[2019-11-28 01:59:08] Computing probability of getting one or more extinctions for Delta=0.25
[2019-11-28 01:59:09] Probability of getting one or more extinctions for Delta=0.25 is 0.99
[2019-11-28 01:59:09] Computing probability of getting one or more extinctions for Delta=0.126263
[2019-11-28 01:59:09] Probability of getting one or more extinctions for Delta=0.126263 is 0.98
[2019-11-28 01:59:09] Computing probability of getting one or more extinctions for Delta=0.0631313
[2019-11-28 01:59:11] Probability of getting one or more extinctions for Delta=0.0631313 is 0.86
[2019-11-28 01:59:11] Computing probability of getting one or more extinctions for Delta=0.0315657
[2019-11-28 01:59:13] Probability of getting one or more extinctions for Delta=0.0315657 is 0.26
[2019-11-28 01:59:13] Computing probability of getting one or more extinctions for Delta=0.0441919
[2019-11-28 01:59:15] Probability of getting one or more extinctions for Delta=0.0441919 is 0.62
[2019-11-28 01:59:15] Computing probability of getting one or more extinctions for Delta=0.0399832
[2019-11-28 01:59:17] Probability of getting one or more extinctions for Delta=0.0399832 is 0.48
[2019-11-28 01:59:17] Computing probability of getting one or more extinctions for Delta=0.0405844
[2019-11-28 01:59:19] Probability of getting one or more extinctions for Delta=0.0405844 is 0.5
[2019-11-28 01:59:19] Found an interval for Delta critical : [0.0399832;0.0405844]
[2019-11-28 01:59:19] Now computing the probability of getting more than one extinction for ten points inside this interval (1000 runs per point)
[2019-11-28 01:59:19] Computing probability of getting one or more extinctions for Delta=0.0399832
[2019-11-28 01:59:46] Probability of getting one or more extinctions for Delta=0.0399832 is 0.493
[2019-11-28 01:59:46] Computing probability of getting one or more extinctions for Delta=0.04005
[2019-11-28 02:00:13] Probability of getting one or more extinctions for Delta=0.04005 is 0.508
[2019-11-28 02:00:13] Computing probability of getting one or more extinctions for Delta=0.0401168
[2019-11-28 02:00:40] Probability of getting one or more extinctions for Delta=0.0401168 is 0.488
[2019-11-28 02:00:40] Computing probability of getting one or more extinctions for Delta=0.0401836
[2019-11-28 02:01:06] Probability of getting one or more extinctions for Delta=0.0401836 is 0.49
[2019-11-28 02:01:06] Computing probability of getting one or more extinctions for Delta=0.0402504
[2019-11-28 02:01:31] Probability of getting one or more extinctions for Delta=0.0402504 is 0.482
[2019-11-28 02:01:31] Computing probability of getting one or more extinctions for Delta=0.0403172
[2019-11-28 02:01:53] Probability of getting one or more extinctions for Delta=0.0403172 is 0.506
[2019-11-28 02:01:53] Computing probability of getting one or more extinctions for Delta=0.040384
[2019-11-28 02:02:17] Probability of getting one or more extinctions for Delta=0.040384 is 0.475
[2019-11-28 02:02:17] Computing probability of getting one or more extinctions for Delta=0.0404508
[2019-11-28 02:02:43] Probability of getting one or more extinctions for Delta=0.0404508 is 0.508
[2019-11-28 02:02:43] Computing probability of getting one or more extinctions for Delta=0.0405176
[2019-11-28 02:03:08] Probability of getting one or more extinctions for Delta=0.0405176 is 0.489
[2019-11-28 02:03:08] Computing probability of getting one or more extinctions for Delta=0.0405844
[2019-11-28 05:13:31] Probability of getting one or more extinctions for Delta=0.0405844 is 0.502
[2019-11-28 05:13:31] Now fitting the 10 chosen into the specific function
[2019-11-28 05:13:31] Now we find the zero of the fit to determine delta critical (parameters = 83.7863 -2107.32 -50346.4 1.26654e+06)
[2019-11-28 05:13:31] We interpret the fitting parameters as coefficients of a degree 3 polynomial (which should be true, please check that)
[2019-11-28 05:13:31] Found three potential roots, compute which one is the best (100 runs per point)
[2019-11-28 05:13:31] Please implement the different equilibrium modes in case of three roots
[2019-11-28 05:13:31]  zero estimated at -1
[2019-11-28 05:13:31] Computed critical delta for ./matrices/Nr25_Nc25/RandTrix_Nr25_Nc25_Nest0.6_Conn0.0816.txt
[2019-11-28 05:13:31] Attempting now to find the critical delta for the given set of metaparameters
[2019-11-28 05:13:31] Computing probability of getting one or more extinctions for Delta=0
[2019-11-28 05:13:31] Probability of getting one or more extinctions for Delta=0 is 0
[2019-11-28 05:13:31] Computing probability of getting one or more extinctions for Delta=1
[2019-11-28 05:13:31] Probability of getting one or more extinctions for Delta=1 is 1
[2019-11-28 05:13:31] We first find a rough interval where the critical delta should lie (each point computed by the solver is estimated with 100 runs)
[2019-11-28 05:13:31] Computing probability of getting one or more extinctions for Delta=0.5
[2019-11-28 05:13:31] Probability of getting one or more extinctions for Delta=0.5 is 1
[2019-11-28 05:13:31] Computing probability of getting one or more extinctions for Delta=0.25
[2019-11-28 05:13:32] Probability of getting one or more extinctions for Delta=0.25 is 1
[2019-11-28 05:13:32] Computing probability of getting one or more extinctions for Delta=0.125
[2019-11-28 05:13:32] Probability of getting one or more extinctions for Delta=0.125 is 1
[2019-11-28 05:13:32] Computing probability of getting one or more extinctions for Delta=0.0625
[2019-11-28 05:13:34] Probability of getting one or more extinctions for Delta=0.0625 is 0.94
[2019-11-28 05:13:34] Computing probability of getting one or more extinctions for Delta=0.0332447
[2019-11-28 05:13:38] Probability of getting one or more extinctions for Delta=0.0332447 is 0.47
[2019-11-28 05:13:38] Computing probability of getting one or more extinctions for Delta=0.035112
[2019-11-28 05:13:41] Probability of getting one or more extinctions for Delta=0.035112 is 0.47
[2019-11-28 05:13:41] Computing probability of getting one or more extinctions for Delta=0.048806
[2019-11-28 05:13:43] Probability of getting one or more extinctions for Delta=0.048806 is 0.85
[2019-11-28 05:13:43] Computing probability of getting one or more extinctions for Delta=0.0361931
[2019-11-28 05:13:48] Probability of getting one or more extinctions for Delta=0.0361931 is 0.62
[2019-11-28 05:13:48] Found an interval for Delta critical : [0.035112;0.0361931]
[2019-11-28 05:13:48] Now computing the probability of getting more than one extinction for ten points inside this interval (1000 runs per point)
[2019-11-28 05:13:48] Computing probability of getting one or more extinctions for Delta=0.035112
[2019-11-28 05:14:28] Probability of getting one or more extinctions for Delta=0.035112 is 0.474
[2019-11-28 05:14:28] Computing probability of getting one or more extinctions for Delta=0.0352322
[2019-11-28 05:15:09] Probability of getting one or more extinctions for Delta=0.0352322 is 0.508
[2019-11-28 05:15:09] Computing probability of getting one or more extinctions for Delta=0.0353523
[2019-11-28 05:15:47] Probability of getting one or more extinctions for Delta=0.0353523 is 0.475
[2019-11-28 05:15:47] Computing probability of getting one or more extinctions for Delta=0.0354724
[2019-11-28 05:16:22] Probability of getting one or more extinctions for Delta=0.0354724 is 0.545
[2019-11-28 05:16:22] Computing probability of getting one or more extinctions for Delta=0.0355925
[2019-11-28 05:17:00] Probability of getting one or more extinctions for Delta=0.0355925 is 0.509
[2019-11-28 05:17:00] Computing probability of getting one or more extinctions for Delta=0.0357127
[2019-11-28 05:17:40] Probability of getting one or more extinctions for Delta=0.0357127 is 0.536
[2019-11-28 05:17:40] Computing probability of getting one or more extinctions for Delta=0.0358328
[2019-11-28 05:18:19] Probability of getting one or more extinctions for Delta=0.0358328 is 0.526
[2019-11-28 05:18:19] Computing probability of getting one or more extinctions for Delta=0.0359529
[2019-11-28 05:18:55] Probability of getting one or more extinctions for Delta=0.0359529 is 0.557
[2019-11-28 05:18:55] Computing probability of getting one or more extinctions for Delta=0.036073
[2019-11-28 05:19:35] Probability of getting one or more extinctions for Delta=0.036073 is 0.517
[2019-11-28 05:19:35] Computing probability of getting one or more extinctions for Delta=0.0361931
[2019-11-28 05:20:16] Probability of getting one or more extinctions for Delta=0.0361931 is 0.533
[2019-11-28 05:20:16] Now fitting the 10 chosen into the specific function
[2019-11-28 05:20:16] Now we find the zero of the fit to determine delta critical (parameters = 1165.36 -101284 2.92982e+06 -2.82096e+07)
[2019-11-28 05:20:16] We interpret the fitting parameters as coefficients of a degree 3 polynomial (which should be true, please check that)
[2019-11-28 05:20:16] Found three potential roots, compute which one is the best (100 runs per point)
[2019-11-28 05:20:16] Please implement the different equilibrium modes in case of three roots
[2019-11-28 05:20:16]  zero estimated at -1
[2019-11-28 05:20:16] Computed critical delta for ./matrices/Nr25_Nc25/RandTrix_Nr25_Nc25_Nest0.6_Conn0.1344.txt
[2019-11-28 05:20:16] Attempting now to find the critical delta for the given set of metaparameters
[2019-11-28 05:20:16] Computing probability of getting one or more extinctions for Delta=0
[2019-11-28 05:20:16] Probability of getting one or more extinctions for Delta=0 is 0
[2019-11-28 05:20:16] Computing probability of getting one or more extinctions for Delta=1
[2019-11-28 05:20:17] Probability of getting one or more extinctions for Delta=1 is 1
[2019-11-28 05:20:17] We first find a rough interval where the critical delta should lie (each point computed by the solver is estimated with 100 runs)
[2019-11-28 05:20:17] Computing probability of getting one or more extinctions for Delta=0.5
[2019-11-28 05:20:17] Probability of getting one or more extinctions for Delta=0.5 is 1
[2019-11-28 05:20:17] Computing probability of getting one or more extinctions for Delta=0.25
[2019-11-28 05:20:17] Probability of getting one or more extinctions for Delta=0.25 is 1
[2019-11-28 05:20:17] Computing probability of getting one or more extinctions for Delta=0.125
[2019-11-28 05:20:18] Probability of getting one or more extinctions for Delta=0.125 is 1
[2019-11-28 05:20:18] Computing probability of getting one or more extinctions for Delta=0.0625
[2019-11-28 05:20:19] Probability of getting one or more extinctions for Delta=0.0625 is 1
[2019-11-28 05:20:19] Computing probability of getting one or more extinctions for Delta=0.03125
[2019-11-28 05:20:25] Probability of getting one or more extinctions for Delta=0.03125 is 0.65
[2019-11-28 05:20:25] Computing probability of getting one or more extinctions for Delta=0.0240385
[2019-11-28 05:20:33] Probability of getting one or more extinctions for Delta=0.0240385 is 0.34
[2019-11-28 05:20:33] Computing probability of getting one or more extinctions for Delta=0.0277605
[2019-11-28 05:20:39] Probability of getting one or more extinctions for Delta=0.0277605 is 0.5
[2019-11-28 05:20:39] Computing probability of getting one or more extinctions for Delta=0.0277605
[2019-11-28 05:20:45] Probability of getting one or more extinctions for Delta=0.0277605 is 0.48
[2019-11-28 05:20:45] Found an interval for Delta critical : [0.0277605;0.0277605]
[2019-11-28 05:20:45] Now computing the probability of getting more than one extinction for ten points inside this interval (1000 runs per point)
[2019-11-28 05:20:45] Computing probability of getting one or more extinctions for Delta=0.0277605
[2019-11-28 05:21:55] Probability of getting one or more extinctions for Delta=0.0277605 is 0.486
[2019-11-28 05:21:55] Computing probability of getting one or more extinctions for Delta=0.0277605
[2019-11-28 05:23:03] Probability of getting one or more extinctions for Delta=0.0277605 is 0.477
[2019-11-28 05:23:03] Computing probability of getting one or more extinctions for Delta=0.0277605
[2019-11-28 05:24:11] Probability of getting one or more extinctions for Delta=0.0277605 is 0.498
[2019-11-28 05:24:11] Computing probability of getting one or more extinctions for Delta=0.0277605
[2019-11-28 05:25:20] Probability of getting one or more extinctions for Delta=0.0277605 is 0.474
[2019-11-28 05:25:20] Computing probability of getting one or more extinctions for Delta=0.0277605
[2019-11-28 05:26:25] Probability of getting one or more extinctions for Delta=0.0277605 is 0.512
[2019-11-28 05:26:25] Computing probability of getting one or more extinctions for Delta=0.0277605
[2019-11-28 05:27:35] Probability of getting one or more extinctions for Delta=0.0277605 is 0.484
[2019-11-28 05:27:35] Computing probability of getting one or more extinctions for Delta=0.0277605
[2019-11-28 05:28:38] Probability of getting one or more extinctions for Delta=0.0277605 is 0.485
[2019-11-28 05:28:38] Computing probability of getting one or more extinctions for Delta=0.0277605
[2019-11-28 05:29:43] Probability of getting one or more extinctions for Delta=0.0277605 is 0.49
[2019-11-28 05:29:43] Computing probability of getting one or more extinctions for Delta=0.0277605
[2019-11-28 05:30:55] Probability of getting one or more extinctions for Delta=0.0277605 is 0.467
[2019-11-28 05:30:55] Computing probability of getting one or more extinctions for Delta=0.0277605
[2019-11-28 05:32:03] Probability of getting one or more extinctions for Delta=0.0277605 is 0.499
[2019-11-28 05:32:03] Now fitting the 10 chosen into the specific function
[2019-11-28 05:32:03] Now we find the zero of the fit to determine delta critical (parameters = 0.739636 -8.37886 -336.79 -12166.6)
[2019-11-28 05:32:03] We interpret the fitting parameters as coefficients of a degree 3 polynomial (which should be true, please check that)
[2019-11-28 05:32:03]  zero estimated at 0.0275274
[2019-11-28 05:32:03] Computed critical delta for ./matrices/Nr25_Nc25/RandTrix_Nr25_Nc25_Nest0.6_Conn0.1712.txt
[2019-11-28 05:32:03] Attempting now to find the critical delta for the given set of metaparameters
[2019-11-28 05:32:03] Computing probability of getting one or more extinctions for Delta=0
[2019-11-28 05:32:03] Probability of getting one or more extinctions for Delta=0 is 0
[2019-11-28 05:32:03] Computing probability of getting one or more extinctions for Delta=1
[2019-11-28 05:32:03] Probability of getting one or more extinctions for Delta=1 is 1
[2019-11-28 05:32:03] We first find a rough interval where the critical delta should lie (each point computed by the solver is estimated with 100 runs)
[2019-11-28 05:32:03] Computing probability of getting one or more extinctions for Delta=0.5
[2019-11-28 05:32:03] Probability of getting one or more extinctions for Delta=0.5 is 1
[2019-11-28 05:32:03] Computing probability of getting one or more extinctions for Delta=0.25
[2019-11-28 05:32:04] Probability of getting one or more extinctions for Delta=0.25 is 1
[2019-11-28 05:32:04] Computing probability of getting one or more extinctions for Delta=0.125
[2019-11-28 05:32:04] Probability of getting one or more extinctions for Delta=0.125 is 1
[2019-11-28 05:32:04] Computing probability of getting one or more extinctions for Delta=0.0625
[2019-11-28 05:32:05] Probability of getting one or more extinctions for Delta=0.0625 is 1
[2019-11-28 05:32:05] Computing probability of getting one or more extinctions for Delta=0.03125
[2019-11-28 05:32:12] Probability of getting one or more extinctions for Delta=0.03125 is 0.98
[2019-11-28 05:32:12] Computing probability of getting one or more extinctions for Delta=0.0159439
[2019-11-28 05:32:40] Probability of getting one or more extinctions for Delta=0.0159439 is 0.66
[2019-11-28 05:32:40] Computing probability of getting one or more extinctions for Delta=0.0101461
[2019-11-28 05:33:31] Probability of getting one or more extinctions for Delta=0.0101461 is 0.22
[2019-11-28 05:33:31] Computing probability of getting one or more extinctions for Delta=0.0138356
[2019-11-28 05:34:13] Probability of getting one or more extinctions for Delta=0.0138356 is 0.5
[2019-11-28 05:34:13] Computing probability of getting one or more extinctions for Delta=0.0138356
[2019-11-28 05:34:53] Probability of getting one or more extinctions for Delta=0.0138356 is 0.53
[2019-11-28 05:34:53] Computing probability of getting one or more extinctions for Delta=0.0119909
[2019-11-28 05:35:40] Probability of getting one or more extinctions for Delta=0.0119909 is 0.34
[2019-11-28 05:35:40] Computing probability of getting one or more extinctions for Delta=0.0135443
[2019-11-28 05:36:13] Probability of getting one or more extinctions for Delta=0.0135443 is 0.55
[2019-11-28 05:36:13] Computing probability of getting one or more extinctions for Delta=0.0127676
[2019-11-28 05:36:57] Probability of getting one or more extinctions for Delta=0.0127676 is 0.42
[2019-11-28 05:36:57] Found an interval for Delta critical : [0.0127676;0.0135443]
[2019-11-28 05:36:57] Now computing the probability of getting more than one extinction for ten points inside this interval (1000 runs per point)
[2019-11-28 05:36:57] Computing probability of getting one or more extinctions for Delta=0.0127676
[2019-11-28 05:44:17] Probability of getting one or more extinctions for Delta=0.0127676 is 0.452
[2019-11-28 05:44:17] Computing probability of getting one or more extinctions for Delta=0.0128539
[2019-11-28 05:51:56] Probability of getting one or more extinctions for Delta=0.0128539 is 0.434
[2019-11-28 05:51:56] Computing probability of getting one or more extinctions for Delta=0.0129402
[2019-11-28 05:59:10] Probability of getting one or more extinctions for Delta=0.0129402 is 0.471
[2019-11-28 05:59:10] Computing probability of getting one or more extinctions for Delta=0.0130265
[2019-11-28 06:06:22] Probability of getting one or more extinctions for Delta=0.0130265 is 0.454
[2019-11-28 06:06:22] Computing probability of getting one or more extinctions for Delta=0.0131128
[2019-11-28 06:13:22] Probability of getting one or more extinctions for Delta=0.0131128 is 0.48
[2019-11-28 06:13:22] Computing probability of getting one or more extinctions for Delta=0.0131991
[2019-11-28 06:20:27] Probability of getting one or more extinctions for Delta=0.0131991 is 0.482
[2019-11-28 06:20:27] Computing probability of getting one or more extinctions for Delta=0.0132854
[2019-11-28 06:27:40] Probability of getting one or more extinctions for Delta=0.0132854 is 0.446
[2019-11-28 06:27:40] Computing probability of getting one or more extinctions for Delta=0.0133717
[2019-11-28 06:35:07] Probability of getting one or more extinctions for Delta=0.0133717 is 0.476
[2019-11-28 06:35:07] Computing probability of getting one or more extinctions for Delta=0.013458
[2019-11-28 06:42:03] Probability of getting one or more extinctions for Delta=0.013458 is 0.468
[2019-11-28 06:42:03] Computing probability of getting one or more extinctions for Delta=0.0135443
[2019-11-28 06:49:09] Probability of getting one or more extinctions for Delta=0.0135443 is 0.492
[2019-11-28 06:49:09] Now fitting the 10 chosen into the specific function
[2019-11-28 06:49:09] Now we find the zero of the fit to determine delta critical (parameters = -864.44 196931 -1.49552e+07 3.78573e+08)
[2019-11-28 06:49:09] We interpret the fitting parameters as coefficients of a degree 3 polynomial (which should be true, please check that)
[2019-11-28 06:49:09]  zero estimated at 0.0136129
[2019-11-28 06:49:09] Computed critical delta for ./matrices/Nr25_Nc25/RandTrix_Nr25_Nc25_Nest0.6_Conn0.2304.txt
[2019-11-28 06:49:09] Attempting now to find the critical delta for the given set of metaparameters
[2019-11-28 06:49:09] Computing probability of getting one or more extinctions for Delta=0
[2019-11-28 06:49:10] Probability of getting one or more extinctions for Delta=0 is 0
[2019-11-28 06:49:10] Computing probability of getting one or more extinctions for Delta=1
[2019-11-28 06:49:10] Probability of getting one or more extinctions for Delta=1 is 1
[2019-11-28 06:49:10] We first find a rough interval where the critical delta should lie (each point computed by the solver is estimated with 100 runs)
[2019-11-28 06:49:10] Computing probability of getting one or more extinctions for Delta=0.5
[2019-11-28 06:49:10] Probability of getting one or more extinctions for Delta=0.5 is 1
[2019-11-28 06:49:10] Computing probability of getting one or more extinctions for Delta=0.25
[2019-11-28 06:49:11] Probability of getting one or more extinctions for Delta=0.25 is 1
[2019-11-28 06:49:11] Computing probability of getting one or more extinctions for Delta=0.125
[2019-11-28 06:49:11] Probability of getting one or more extinctions for Delta=0.125 is 1
[2019-11-28 06:49:11] Computing probability of getting one or more extinctions for Delta=0.0625
[2019-11-28 06:49:12] Probability of getting one or more extinctions for Delta=0.0625 is 1
[2019-11-28 06:49:12] Computing probability of getting one or more extinctions for Delta=0.03125
[2019-11-28 06:49:21] Probability of getting one or more extinctions for Delta=0.03125 is 0.96
[2019-11-28 06:49:21] Computing probability of getting one or more extinctions for Delta=0.016276
[2019-11-28 06:50:06] Probability of getting one or more extinctions for Delta=0.016276 is 0.8
[2019-11-28 06:50:06] Computing probability of getting one or more extinctions for Delta=0.00813802
[2019-11-28 06:51:34] Probability of getting one or more extinctions for Delta=0.00813802 is 0.42
[2019-11-28 06:51:34] Computing probability of getting one or more extinctions for Delta=0.00985129
[2019-11-28 06:52:59] Probability of getting one or more extinctions for Delta=0.00985129 is 0.5
[2019-11-28 06:52:59] Computing probability of getting one or more extinctions for Delta=0.00985129
[2019-11-28 06:54:09] Probability of getting one or more extinctions for Delta=0.00985129 is 0.4
[2019-11-28 06:54:09] Found an interval for Delta critical : [0.00985129;0.00985129]
[2019-11-28 06:54:09] Now computing the probability of getting more than one extinction for ten points inside this interval (1000 runs per point)
[2019-11-28 06:54:09] Computing probability of getting one or more extinctions for Delta=0.00985129
[2019-11-28 07:09:01] Probability of getting one or more extinctions for Delta=0.00985129 is 0.454
[2019-11-28 07:09:01] Computing probability of getting one or more extinctions for Delta=0.00985129
[2019-11-28 07:22:53] Probability of getting one or more extinctions for Delta=0.00985129 is 0.441
[2019-11-28 07:22:53] Computing probability of getting one or more extinctions for Delta=0.00985129
[2019-11-28 07:37:32] Probability of getting one or more extinctions for Delta=0.00985129 is 0.462
[2019-11-28 07:37:32] Computing probability of getting one or more extinctions for Delta=0.00985129
[2019-11-28 07:51:32] Probability of getting one or more extinctions for Delta=0.00985129 is 0.449
[2019-11-28 07:51:32] Computing probability of getting one or more extinctions for Delta=0.00985129
[2019-11-28 08:06:06] Probability of getting one or more extinctions for Delta=0.00985129 is 0.463
[2019-11-28 08:06:06] Computing probability of getting one or more extinctions for Delta=0.00985129
[2019-11-28 08:19:28] Probability of getting one or more extinctions for Delta=0.00985129 is 0.454
[2019-11-28 08:19:28] Computing probability of getting one or more extinctions for Delta=0.00985129
[2019-11-28 08:33:53] Probability of getting one or more extinctions for Delta=0.00985129 is 0.452
[2019-11-28 08:33:53] Computing probability of getting one or more extinctions for Delta=0.00985129
[2019-11-28 08:48:03] Probability of getting one or more extinctions for Delta=0.00985129 is 0.42
[2019-11-28 08:48:03] Computing probability of getting one or more extinctions for Delta=0.00985129
[2019-11-28 09:00:54] Probability of getting one or more extinctions for Delta=0.00985129 is 0.433
[2019-11-28 09:00:54] Computing probability of getting one or more extinctions for Delta=0.00985129
[2019-11-28 09:14:42] Probability of getting one or more extinctions for Delta=0.00985129 is 0.453
[2019-11-28 09:14:42] Now fitting the 10 chosen into the specific function
[2019-11-28 09:14:42] Now we find the zero of the fit to determine delta critical (parameters = 0.734711 -25.9294 -2732.92 -278175)
[2019-11-28 09:14:42] We interpret the fitting parameters as coefficients of a degree 3 polynomial (which should be true, please check that)
[2019-11-28 09:14:42]  zero estimated at 0.00952109
[2019-11-28 09:14:42] Computed critical delta for ./matrices/Nr25_Nc25/RandTrix_Nr25_Nc25_Nest0.6_Conn0.2768.txt
[2019-11-28 09:14:42] Attempting now to find the critical delta for the given set of metaparameters
[2019-11-28 09:14:42] Computing probability of getting one or more extinctions for Delta=0
[2019-11-28 09:14:42] Probability of getting one or more extinctions for Delta=0 is 0
[2019-11-28 09:14:42] Computing probability of getting one or more extinctions for Delta=1
[2019-11-28 09:14:42] Probability of getting one or more extinctions for Delta=1 is 1
[2019-11-28 09:14:42] We first find a rough interval where the critical delta should lie (each point computed by the solver is estimated with 100 runs)
[2019-11-28 09:14:42] Computing probability of getting one or more extinctions for Delta=0.5
[2019-11-28 09:14:42] Probability of getting one or more extinctions for Delta=0.5 is 1
[2019-11-28 09:14:42] Computing probability of getting one or more extinctions for Delta=0.25
[2019-11-28 09:14:43] Probability of getting one or more extinctions for Delta=0.25 is 1
[2019-11-28 09:14:43] Computing probability of getting one or more extinctions for Delta=0.125
[2019-11-28 09:14:43] Probability of getting one or more extinctions for Delta=0.125 is 1
[2019-11-28 09:14:43] Computing probability of getting one or more extinctions for Delta=0.0625
[2019-11-28 09:14:44] Probability of getting one or more extinctions for Delta=0.0625 is 1
[2019-11-28 09:14:44] Computing probability of getting one or more extinctions for Delta=0.03125
[2019-11-28 09:14:49] Probability of getting one or more extinctions for Delta=0.03125 is 1
[2019-11-28 09:14:49] Computing probability of getting one or more extinctions for Delta=0.015625
[2019-11-28 09:15:24] Probability of getting one or more extinctions for Delta=0.015625 is 0.86
[2019-11-28 09:15:24] Computing probability of getting one or more extinctions for Delta=0.0090843
[2019-11-28 09:16:56] Probability of getting one or more extinctions for Delta=0.0090843 is 0.54
[2019-11-28 09:16:56] Computing probability of getting one or more extinctions for Delta=0.00832728
[2019-11-28 09:19:06] Probability of getting one or more extinctions for Delta=0.00832728 is 0.37
[2019-11-28 09:19:06] Found an interval for Delta critical : [0.00832728;0.0090843]
[2019-11-28 09:19:06] Now computing the probability of getting more than one extinction for ten points inside this interval (1000 runs per point)
[2019-11-28 09:19:06] Computing probability of getting one or more extinctions for Delta=0.00832728
[2019-11-28 09:39:02] Probability of getting one or more extinctions for Delta=0.00832728 is 0.427
[2019-11-28 09:39:02] Computing probability of getting one or more extinctions for Delta=0.00841139
[2019-11-28 09:56:41] Probability of getting one or more extinctions for Delta=0.00841139 is 0.45
[2019-11-28 09:56:41] Computing probability of getting one or more extinctions for Delta=0.0084955
[2019-11-28 10:15:26] Probability of getting one or more extinctions for Delta=0.0084955 is 0.413
[2019-11-28 10:15:26] Computing probability of getting one or more extinctions for Delta=0.00857962
[2019-11-28 10:33:16] Probability of getting one or more extinctions for Delta=0.00857962 is 0.493
[2019-11-28 10:33:16] Computing probability of getting one or more extinctions for Delta=0.00866373
[2019-11-28 10:50:27] Probability of getting one or more extinctions for Delta=0.00866373 is 0.491
[2019-11-28 10:50:27] Computing probability of getting one or more extinctions for Delta=0.00874785
[2019-11-28 11:07:55] Probability of getting one or more extinctions for Delta=0.00874785 is 0.477
[2019-11-28 11:07:55] Computing probability of getting one or more extinctions for Delta=0.00883196
[2019-11-28 11:24:19] Probability of getting one or more extinctions for Delta=0.00883196 is 0.484
[2019-11-28 11:24:19] Computing probability of getting one or more extinctions for Delta=0.00891607
[2019-11-28 11:40:50] Probability of getting one or more extinctions for Delta=0.00891607 is 0.512
[2019-11-28 11:40:50] Computing probability of getting one or more extinctions for Delta=0.00900019
[2019-11-28 11:57:48] Probability of getting one or more extinctions for Delta=0.00900019 is 0.501
[2019-11-28 11:57:48] Computing probability of getting one or more extinctions for Delta=0.0090843
[2019-11-28 12:14:09] Probability of getting one or more extinctions for Delta=0.0090843 is 0.486
[2019-11-28 12:14:09] Now fitting the 10 chosen into the specific function
[2019-11-28 12:14:09] Now we find the zero of the fit to determine delta critical (parameters = 254.645 -89655.7 1.05007e+07 -4.09192e+08)
[2019-11-28 12:14:09] We interpret the fitting parameters as coefficients of a degree 3 polynomial (which should be true, please check that)
[2019-11-28 12:14:09] Found three potential roots, compute which one is the best (100 runs per point)
[2019-11-28 12:14:09] Please implement the different equilibrium modes in case of three roots
[2019-11-28 12:14:09]  zero estimated at -1
[2019-11-28 12:14:09] Computed critical delta for ./matrices/Nr25_Nc25/RandTrix_Nr25_Nc25_Nest0.6_Conn0.3168.txt
[2019-11-28 12:14:09] Attempting now to find the critical delta for the given set of metaparameters
[2019-11-28 12:14:09] Computing probability of getting one or more extinctions for Delta=0
[2019-11-28 12:14:09] Probability of getting one or more extinctions for Delta=0 is 0
[2019-11-28 12:14:09] Computing probability of getting one or more extinctions for Delta=1
[2019-11-28 12:14:10] Probability of getting one or more extinctions for Delta=1 is 1
[2019-11-28 12:14:10] We first find a rough interval where the critical delta should lie (each point computed by the solver is estimated with 100 runs)
[2019-11-28 12:14:10] Computing probability of getting one or more extinctions for Delta=0.5
[2019-11-28 12:14:10] Probability of getting one or more extinctions for Delta=0.5 is 1
[2019-11-28 12:14:10] Computing probability of getting one or more extinctions for Delta=0.25
[2019-11-28 12:14:10] Probability of getting one or more extinctions for Delta=0.25 is 1
[2019-11-28 12:14:10] Computing probability of getting one or more extinctions for Delta=0.125
[2019-11-28 12:14:11] Probability of getting one or more extinctions for Delta=0.125 is 1
[2019-11-28 12:14:11] Computing probability of getting one or more extinctions for Delta=0.0625
[2019-11-28 12:14:12] Probability of getting one or more extinctions for Delta=0.0625 is 1
[2019-11-28 12:14:12] Computing probability of getting one or more extinctions for Delta=0.03125
[2019-11-28 12:14:17] Probability of getting one or more extinctions for Delta=0.03125 is 1
[2019-11-28 12:14:17] Computing probability of getting one or more extinctions for Delta=0.015625
[2019-11-28 12:15:47] Probability of getting one or more extinctions for Delta=0.015625 is 0.8
[2019-11-28 12:15:47] Computing probability of getting one or more extinctions for Delta=0.00976562
[2019-11-28 12:21:48] Probability of getting one or more extinctions for Delta=0.00976562 is 0.48
[2019-11-28 12:21:48] Computing probability of getting one or more extinctions for Delta=0.0101318
[2019-11-28 12:25:18] Probability of getting one or more extinctions for Delta=0.0101318 is 0.61
[2019-11-28 12:25:18] Found an interval for Delta critical : [0.00976562;0.0101318]
[2019-11-28 12:25:18] Now computing the probability of getting more than one extinction for ten points inside this interval (1000 runs per point)
[2019-11-28 12:25:18] Computing probability of getting one or more extinctions for Delta=0.00976562
[2019-11-28 13:00:16] Probability of getting one or more extinctions for Delta=0.00976562 is 0.598
[2019-11-28 13:00:16] Computing probability of getting one or more extinctions for Delta=0.00980632
[2019-11-28 13:35:55] Probability of getting one or more extinctions for Delta=0.00980632 is 0.612
[2019-11-28 13:35:55] Computing probability of getting one or more extinctions for Delta=0.00984701
[2019-11-28 14:08:52] Probability of getting one or more extinctions for Delta=0.00984701 is 0.622
[2019-11-28 14:08:52] Computing probability of getting one or more extinctions for Delta=0.0098877
[2019-11-28 14:37:53] Probability of getting one or more extinctions for Delta=0.0098877 is 0.591
[2019-11-28 14:37:53] Computing probability of getting one or more extinctions for Delta=0.00992839
[2019-11-28 15:08:36] Probability of getting one or more extinctions for Delta=0.00992839 is 0.641
[2019-11-28 15:08:36] Computing probability of getting one or more extinctions for Delta=0.00996908
[2019-11-28 15:42:44] Probability of getting one or more extinctions for Delta=0.00996908 is 0.639
[2019-11-28 15:42:44] Computing probability of getting one or more extinctions for Delta=0.0100098
[2019-11-28 16:21:06] Probability of getting one or more extinctions for Delta=0.0100098 is 0.618
[2019-11-28 16:21:06] Computing probability of getting one or more extinctions for Delta=0.0100505
[2019-11-28 16:53:30] Probability of getting one or more extinctions for Delta=0.0100505 is 0.638
[2019-11-28 16:53:30] Computing probability of getting one or more extinctions for Delta=0.0100911
[2019-11-28 17:24:26] Probability of getting one or more extinctions for Delta=0.0100911 is 0.621
[2019-11-28 17:24:26] Computing probability of getting one or more extinctions for Delta=0.0101318
[2019-11-28 17:57:00] Probability of getting one or more extinctions for Delta=0.0101318 is 0.659
[2019-11-28 17:57:00] Now fitting the 10 chosen into the specific function
[2019-11-28 17:57:00] Now we find the zero of the fit to determine delta critical (parameters = -0.733022 67.8171 795.807 105014)
[2019-11-28 17:57:00] We interpret the fitting parameters as coefficients of a degree 3 polynomial (which should be true, please check that)
[2019-11-28 17:57:00]  zero estimated at 0.00882859
[2019-11-28 17:57:00] Computed critical delta for ./matrices/Nr25_Nc25/RandTrix_Nr25_Nc25_Nest0.6_Conn0.3712.txt
[2019-11-28 17:57:00] Attempting now to find the critical delta for the given set of metaparameters
[2019-11-28 17:57:00] Computing probability of getting one or more extinctions for Delta=0
[2019-11-28 17:57:00] Probability of getting one or more extinctions for Delta=0 is 0
[2019-11-28 17:57:00] Computing probability of getting one or more extinctions for Delta=1
[2019-11-28 17:57:00] Probability of getting one or more extinctions for Delta=1 is 1
[2019-11-28 17:57:00] We first find a rough interval where the critical delta should lie (each point computed by the solver is estimated with 100 runs)
[2019-11-28 17:57:00] Computing probability of getting one or more extinctions for Delta=0.5
[2019-11-28 17:57:00] Probability of getting one or more extinctions for Delta=0.5 is 1
[2019-11-28 17:57:00] Computing probability of getting one or more extinctions for Delta=0.25
[2019-11-28 17:57:01] Probability of getting one or more extinctions for Delta=0.25 is 1
[2019-11-28 17:57:01] Computing probability of getting one or more extinctions for Delta=0.125
[2019-11-28 17:57:01] Probability of getting one or more extinctions for Delta=0.125 is 1
[2019-11-28 17:57:01] Computing probability of getting one or more extinctions for Delta=0.0625
[2019-11-28 17:57:03] Probability of getting one or more extinctions for Delta=0.0625 is 1
[2019-11-28 17:57:03] Computing probability of getting one or more extinctions for Delta=0.03125
[2019-11-28 17:57:09] Probability of getting one or more extinctions for Delta=0.03125 is 0.98
[2019-11-28 17:57:09] Computing probability of getting one or more extinctions for Delta=0.0159439
[2019-11-28 17:58:44] Probability of getting one or more extinctions for Delta=0.0159439 is 0.75
[2019-11-28 17:58:44] Computing probability of getting one or more extinctions for Delta=0.00485248
[2019-11-28 18:06:31] Probability of getting one or more extinctions for Delta=0.00485248 is 0.16
[2019-11-28 18:06:31] Computing probability of getting one or more extinctions for Delta=0.0112441
[2019-11-28 18:10:51] Probability of getting one or more extinctions for Delta=0.0112441 is 0.5
[2019-11-28 18:10:51] Computing probability of getting one or more extinctions for Delta=0.0112441
[2019-11-28 18:14:35] Probability of getting one or more extinctions for Delta=0.0112441 is 0.57
[2019-11-28 18:14:35] Computing probability of getting one or more extinctions for Delta=0.00804831
[2019-11-28 18:21:02] Probability of getting one or more extinctions for Delta=0.00804831 is 0.23
[2019-11-28 18:21:02] Computing probability of getting one or more extinctions for Delta=0.0105862
[2019-11-28 18:24:08] Probability of getting one or more extinctions for Delta=0.0105862 is 0.44
[2019-11-28 18:24:08] Found an interval for Delta critical : [0.0105862;0.0112441]
[2019-11-28 18:24:08] Now computing the probability of getting more than one extinction for ten points inside this interval (1000 runs per point)
[2019-11-28 18:24:08] Computing probability of getting one or more extinctions for Delta=0.0105862
[2019-11-28 19:17:32] Probability of getting one or more extinctions for Delta=0.0105862 is 0.507
[2019-11-28 19:17:32] Computing probability of getting one or more extinctions for Delta=0.0106593
[2019-11-28 20:15:06] Probability of getting one or more extinctions for Delta=0.0106593 is 0.523
[2019-11-28 20:15:06] Computing probability of getting one or more extinctions for Delta=0.0107324
[2019-11-28 21:20:31] Probability of getting one or more extinctions for Delta=0.0107324 is 0.48
[2019-11-28 21:20:31] Computing probability of getting one or more extinctions for Delta=0.0108055
[2019-11-28 22:22:59] Probability of getting one or more extinctions for Delta=0.0108055 is 0.521
[2019-11-28 22:22:59] Computing probability of getting one or more extinctions for Delta=0.0108786
[2019-11-28 23:30:58] Probability of getting one or more extinctions for Delta=0.0108786 is 0.499
[2019-11-28 23:30:58] Computing probability of getting one or more extinctions for Delta=0.0109517
[2019-11-29 00:41:08] Probability of getting one or more extinctions for Delta=0.0109517 is 0.517
[2019-11-29 00:41:08] Computing probability of getting one or more extinctions for Delta=0.0110248
[2019-11-29 01:52:27] Probability of getting one or more extinctions for Delta=0.0110248 is 0.534
[2019-11-29 01:52:27] Computing probability of getting one or more extinctions for Delta=0.0110979
[2019-11-29 02:43:37] Probability of getting one or more extinctions for Delta=0.0110979 is 0.567
[2019-11-29 02:43:37] Computing probability of getting one or more extinctions for Delta=0.011171
