[2019-11-30 18:49:55] Loading metaparameters from config/configuration_comparison_NR25_NS25_s05_a0.in
[2019-11-30 18:49:55] Successfully opened ./data_output/configuration_comparison_NR25_NS25_s05_a0_matrix_list_NR25_NS25_4.out, attempting now to find the critical delta of every listed matrix 
[2019-11-30 18:49:55] Attempting now to find the critical delta for the given set of metaparameters
[2019-11-30 18:49:55] Computing probability of getting one or more extinctions for Delta=0
[2019-11-30 18:49:55] Probability of getting one or more extinctions for Delta=0 is 0
[2019-11-30 18:49:55] Computing probability of getting one or more extinctions for Delta=1
[2019-11-30 18:49:56] Probability of getting one or more extinctions for Delta=1 is 1
[2019-11-30 18:49:56] We first find a rough interval where the critical delta should lie (each point computed by the solver is estimated with 100 runs)
[2019-11-30 18:49:56] Computing probability of getting one or more extinctions for Delta=0.5
[2019-11-30 18:49:56] Probability of getting one or more extinctions for Delta=0.5 is 1
[2019-11-30 18:49:56] Computing probability of getting one or more extinctions for Delta=0.25
[2019-11-30 18:49:57] Probability of getting one or more extinctions for Delta=0.25 is 1
[2019-11-30 18:49:57] Computing probability of getting one or more extinctions for Delta=0.125
[2019-11-30 18:49:58] Probability of getting one or more extinctions for Delta=0.125 is 1
[2019-11-30 18:49:58] Computing probability of getting one or more extinctions for Delta=0.0625
[2019-11-30 18:49:59] Probability of getting one or more extinctions for Delta=0.0625 is 1
[2019-11-30 18:49:59] Computing probability of getting one or more extinctions for Delta=0.03125
[2019-11-30 18:50:07] Probability of getting one or more extinctions for Delta=0.03125 is 1
[2019-11-30 18:50:07] Computing probability of getting one or more extinctions for Delta=0.015625
[2019-11-30 18:51:21] Probability of getting one or more extinctions for Delta=0.015625 is 0.84
[2019-11-30 18:51:21] Computing probability of getting one or more extinctions for Delta=0.0093006
[2019-11-30 18:56:47] Probability of getting one or more extinctions for Delta=0.0093006 is 0.57
[2019-11-30 18:56:47] Computing probability of getting one or more extinctions for Delta=0.0078623
[2019-11-30 19:05:12] Probability of getting one or more extinctions for Delta=0.0078623 is 0.49
[2019-11-30 19:05:12] Computing probability of getting one or more extinctions for Delta=0.00804208
[2019-11-30 19:10:15] Probability of getting one or more extinctions for Delta=0.00804208 is 0.49
[2019-11-30 19:10:15] Computing probability of getting one or more extinctions for Delta=0.00867134
[2019-11-30 19:15:26] Probability of getting one or more extinctions for Delta=0.00867134 is 0.58
[2019-11-30 19:15:26] Found an interval for Delta critical : [0.00804208;0.00867134]
[2019-11-30 19:15:26] Now computing the probability of getting more than one extinction for ten points inside this interval (1000 runs per point)
[2019-11-30 19:15:26] Computing probability of getting one or more extinctions for Delta=0.00804208
[2019-11-30 20:19:52] Probability of getting one or more extinctions for Delta=0.00804208 is 0.479
[2019-11-30 20:19:52] Computing probability of getting one or more extinctions for Delta=0.008112
[2019-11-30 21:03:26] Probability of getting one or more extinctions for Delta=0.008112 is 0.469
[2019-11-30 21:03:26] Computing probability of getting one or more extinctions for Delta=0.00818192
[2019-11-30 22:02:29] Probability of getting one or more extinctions for Delta=0.00818192 is 0.473
[2019-11-30 22:02:29] Computing probability of getting one or more extinctions for Delta=0.00825184
[2019-11-30 22:41:11] Probability of getting one or more extinctions for Delta=0.00825184 is 0.496
[2019-11-30 22:41:11] Computing probability of getting one or more extinctions for Delta=0.00832175
[2019-11-30 23:25:16] Probability of getting one or more extinctions for Delta=0.00832175 is 0.47
[2019-11-30 23:25:16] Computing probability of getting one or more extinctions for Delta=0.00839167
[2019-12-01 00:36:23] Probability of getting one or more extinctions for Delta=0.00839167 is 0.51
[2019-12-01 00:36:23] Computing probability of getting one or more extinctions for Delta=0.00846159
[2019-12-01 01:37:25] Probability of getting one or more extinctions for Delta=0.00846159 is 0.502
[2019-12-01 01:37:25] Computing probability of getting one or more extinctions for Delta=0.0085315
[2019-12-01 02:39:04] Probability of getting one or more extinctions for Delta=0.0085315 is 0.5
[2019-12-01 02:39:04] Computing probability of getting one or more extinctions for Delta=0.00860142
[2019-12-01 03:34:44] Probability of getting one or more extinctions for Delta=0.00860142 is 0.499
[2019-12-01 03:34:44] Computing probability of getting one or more extinctions for Delta=0.00867134
[2019-12-01 04:37:38] Probability of getting one or more extinctions for Delta=0.00867134 is 0.482
[2019-12-01 04:37:38] Now fitting the 10 chosen into the specific function
[2019-12-01 04:37:38] Now we find the zero of the fit to determine delta critical (parameters = 620.846 -224309 2.69989e+07 -1.08265e+09)
[2019-12-01 04:37:38] We interpret the fitting parameters as coefficients of a degree 3 polynomial (which should be true, please check that)
[2019-12-01 04:37:38] Found three potential roots, compute which one is the best (100 runs per point)
[2019-12-01 04:37:38] Please implement the different equilibrium modes in case of three roots
[2019-12-01 04:37:38]  zero estimated at -1
[2019-12-01 04:37:38] Computed critical delta for ./matrices/Nr25_Nc25/RandTrix_Nr25_Nc25_Nest0.35_Conn0.2208.txt
[2019-12-01 04:37:38] Attempting now to find the critical delta for the given set of metaparameters
[2019-12-01 04:37:38] Computing probability of getting one or more extinctions for Delta=0
[2019-12-01 04:37:38] Probability of getting one or more extinctions for Delta=0 is 0
[2019-12-01 04:37:38] Computing probability of getting one or more extinctions for Delta=1
[2019-12-01 04:37:38] Probability of getting one or more extinctions for Delta=1 is 1
[2019-12-01 04:37:38] We first find a rough interval where the critical delta should lie (each point computed by the solver is estimated with 100 runs)
[2019-12-01 04:37:38] Computing probability of getting one or more extinctions for Delta=0.5
[2019-12-01 04:37:38] Probability of getting one or more extinctions for Delta=0.5 is 1
[2019-12-01 04:37:38] Computing probability of getting one or more extinctions for Delta=0.25
[2019-12-01 04:37:39] Probability of getting one or more extinctions for Delta=0.25 is 1
[2019-12-01 04:37:39] Computing probability of getting one or more extinctions for Delta=0.125
[2019-12-01 04:37:39] Probability of getting one or more extinctions for Delta=0.125 is 1
[2019-12-01 04:37:39] Computing probability of getting one or more extinctions for Delta=0.0625
[2019-12-01 04:37:40] Probability of getting one or more extinctions for Delta=0.0625 is 1
[2019-12-01 04:37:40] Computing probability of getting one or more extinctions for Delta=0.03125
[2019-12-01 04:37:43] Probability of getting one or more extinctions for Delta=0.03125 is 0.98
[2019-12-01 04:37:43] Computing probability of getting one or more extinctions for Delta=0.0159439
[2019-12-01 04:38:02] Probability of getting one or more extinctions for Delta=0.0159439 is 0.69
[2019-12-01 04:38:02] Computing probability of getting one or more extinctions for Delta=0.0086771
[2019-12-01 04:38:46] Probability of getting one or more extinctions for Delta=0.0086771 is 0.12
[2019-12-01 04:38:46] Computing probability of getting one or more extinctions for Delta=0.0135216
[2019-12-01 04:39:12] Probability of getting one or more extinctions for Delta=0.0135216 is 0.56
[2019-12-01 04:39:12] Computing probability of getting one or more extinctions for Delta=0.0125561
[2019-12-01 04:39:40] Probability of getting one or more extinctions for Delta=0.0125561 is 0.47
[2019-12-01 04:39:40] Found an interval for Delta critical : [0.0125561;0.0135216]
[2019-12-01 04:39:40] Now computing the probability of getting more than one extinction for ten points inside this interval (1000 runs per point)
[2019-12-01 04:39:40] Computing probability of getting one or more extinctions for Delta=0.0125561
[2019-12-01 04:45:07] Probability of getting one or more extinctions for Delta=0.0125561 is 0.377
[2019-12-01 04:45:07] Computing probability of getting one or more extinctions for Delta=0.0126634
[2019-12-01 04:51:57] Probability of getting one or more extinctions for Delta=0.0126634 is 0.401
[2019-12-01 04:51:57] Computing probability of getting one or more extinctions for Delta=0.0127707
[2019-12-01 05:00:45] Probability of getting one or more extinctions for Delta=0.0127707 is 0.381
[2019-12-01 05:00:45] Computing probability of getting one or more extinctions for Delta=0.0128779
[2019-12-01 05:08:15] Probability of getting one or more extinctions for Delta=0.0128779 is 0.415
[2019-12-01 05:08:15] Computing probability of getting one or more extinctions for Delta=0.0129852
[2019-12-01 05:16:38] Probability of getting one or more extinctions for Delta=0.0129852 is 0.436
[2019-12-01 05:16:38] Computing probability of getting one or more extinctions for Delta=0.0130925
[2019-12-01 05:23:17] Probability of getting one or more extinctions for Delta=0.0130925 is 0.439
[2019-12-01 05:23:17] Computing probability of getting one or more extinctions for Delta=0.0131998
[2019-12-01 05:29:41] Probability of getting one or more extinctions for Delta=0.0131998 is 0.424
[2019-12-01 05:29:41] Computing probability of getting one or more extinctions for Delta=0.0133071
[2019-12-01 05:39:06] Probability of getting one or more extinctions for Delta=0.0133071 is 0.445
[2019-12-01 05:39:06] Computing probability of getting one or more extinctions for Delta=0.0134143
[2019-12-01 05:45:57] Probability of getting one or more extinctions for Delta=0.0134143 is 0.445
[2019-12-01 05:45:57] Computing probability of getting one or more extinctions for Delta=0.0135216
[2019-12-01 05:54:03] Probability of getting one or more extinctions for Delta=0.0135216 is 0.46
[2019-12-01 05:54:03] Now fitting the 10 chosen into the specific function
[2019-12-01 05:54:03] Now we find the zero of the fit to determine delta critical (parameters = -117.838 26399.6 -1.97678e+06 4.94503e+07)
[2019-12-01 05:54:03] We interpret the fitting parameters as coefficients of a degree 3 polynomial (which should be true, please check that)
[2019-12-01 05:54:03]  zero estimated at 0.0140056
[2019-12-01 05:54:03] Computed critical delta for ./matrices/Nr25_Nc25/RandTrix_Nr25_Nc25_Nest0.35_Conn0.272.txt
[2019-12-01 05:54:03] Attempting now to find the critical delta for the given set of metaparameters
[2019-12-01 05:54:03] Computing probability of getting one or more extinctions for Delta=0
[2019-12-01 05:54:04] Probability of getting one or more extinctions for Delta=0 is 0
[2019-12-01 05:54:04] Computing probability of getting one or more extinctions for Delta=1
[2019-12-01 05:54:04] Probability of getting one or more extinctions for Delta=1 is 1
[2019-12-01 05:54:04] We first find a rough interval where the critical delta should lie (each point computed by the solver is estimated with 100 runs)
[2019-12-01 05:54:04] Computing probability of getting one or more extinctions for Delta=0.5
[2019-12-01 05:54:04] Probability of getting one or more extinctions for Delta=0.5 is 1
[2019-12-01 05:54:04] Computing probability of getting one or more extinctions for Delta=0.25
[2019-12-01 05:54:05] Probability of getting one or more extinctions for Delta=0.25 is 1
[2019-12-01 05:54:05] Computing probability of getting one or more extinctions for Delta=0.125
[2019-12-01 05:54:05] Probability of getting one or more extinctions for Delta=0.125 is 1
[2019-12-01 05:54:05] Computing probability of getting one or more extinctions for Delta=0.0625
[2019-12-01 05:54:06] Probability of getting one or more extinctions for Delta=0.0625 is 1
[2019-12-01 05:54:06] Computing probability of getting one or more extinctions for Delta=0.03125
[2019-12-01 05:54:14] Probability of getting one or more extinctions for Delta=0.03125 is 0.98
[2019-12-01 05:54:14] Computing probability of getting one or more extinctions for Delta=0.0159439
[2019-12-01 05:55:08] Probability of getting one or more extinctions for Delta=0.0159439 is 0.7
[2019-12-01 05:55:08] Computing probability of getting one or more extinctions for Delta=0.00813463
[2019-12-01 05:58:40] Probability of getting one or more extinctions for Delta=0.00813463 is 0.36
[2019-12-01 05:58:40] Computing probability of getting one or more extinctions for Delta=0.0113502
[2019-12-01 06:01:43] Probability of getting one or more extinctions for Delta=0.0113502 is 0.63
[2019-12-01 06:01:43] Computing probability of getting one or more extinctions for Delta=0.00980197
[2019-12-01 06:05:02] Probability of getting one or more extinctions for Delta=0.00980197 is 0.47
[2019-12-01 06:05:02] Computing probability of getting one or more extinctions for Delta=0.0100923
[2019-12-01 06:07:38] Probability of getting one or more extinctions for Delta=0.0100923 is 0.6
[2019-12-01 06:07:38] Found an interval for Delta critical : [0.00980197;0.0100923]
[2019-12-01 06:07:38] Now computing the probability of getting more than one extinction for ten points inside this interval (1000 runs per point)
[2019-12-01 06:07:38] Computing probability of getting one or more extinctions for Delta=0.00980197
[2019-12-01 06:51:30] Probability of getting one or more extinctions for Delta=0.00980197 is 0.471
[2019-12-01 06:51:30] Computing probability of getting one or more extinctions for Delta=0.00983422
[2019-12-01 07:31:44] Probability of getting one or more extinctions for Delta=0.00983422 is 0.488
[2019-12-01 07:31:44] Computing probability of getting one or more extinctions for Delta=0.00986647
[2019-12-01 08:04:37] Probability of getting one or more extinctions for Delta=0.00986647 is 0.486
[2019-12-01 08:04:37] Computing probability of getting one or more extinctions for Delta=0.00989873
[2019-12-01 08:36:05] Probability of getting one or more extinctions for Delta=0.00989873 is 0.469
[2019-12-01 08:36:05] Computing probability of getting one or more extinctions for Delta=0.00993098
[2019-12-01 09:13:41] Probability of getting one or more extinctions for Delta=0.00993098 is 0.484
[2019-12-01 09:13:41] Computing probability of getting one or more extinctions for Delta=0.00996324
[2019-12-01 09:43:07] Probability of getting one or more extinctions for Delta=0.00996324 is 0.497
[2019-12-01 09:43:07] Computing probability of getting one or more extinctions for Delta=0.00999549
[2019-12-01 10:10:49] Probability of getting one or more extinctions for Delta=0.00999549 is 0.49
[2019-12-01 10:10:49] Computing probability of getting one or more extinctions for Delta=0.0100277
[2019-12-01 10:37:20] Probability of getting one or more extinctions for Delta=0.0100277 is 0.503
[2019-12-01 10:37:20] Computing probability of getting one or more extinctions for Delta=0.01006
[2019-12-01 11:04:09] Probability of getting one or more extinctions for Delta=0.01006 is 0.511
[2019-12-01 11:04:09] Computing probability of getting one or more extinctions for Delta=0.0100923
[2019-12-01 11:22:32] Probability of getting one or more extinctions for Delta=0.0100923 is 0.51
[2019-12-01 11:22:32] Now fitting the 10 chosen into the specific function
[2019-12-01 11:22:32] Now we find the zero of the fit to determine delta critical (parameters = 560.62 -165949 1.63544e+07 -5.36576e+08)
[2019-12-01 11:22:32] We interpret the fitting parameters as coefficients of a degree 3 polynomial (which should be true, please check that)
[2019-12-01 11:22:32] Found three potential roots, compute which one is the best (100 runs per point)
[2019-12-01 11:22:32] Please implement the different equilibrium modes in case of three roots
[2019-12-01 11:22:32]  zero estimated at -1
[2019-12-01 11:22:32] Computed critical delta for ./matrices/Nr25_Nc25/RandTrix_Nr25_Nc25_Nest0.35_Conn0.3216.txt
[2019-12-01 11:22:32] Attempting now to find the critical delta for the given set of metaparameters
[2019-12-01 11:22:32] Computing probability of getting one or more extinctions for Delta=0
[2019-12-01 11:22:32] Probability of getting one or more extinctions for Delta=0 is 0
[2019-12-01 11:22:32] Computing probability of getting one or more extinctions for Delta=1
[2019-12-01 11:22:32] Probability of getting one or more extinctions for Delta=1 is 1
[2019-12-01 11:22:32] We first find a rough interval where the critical delta should lie (each point computed by the solver is estimated with 100 runs)
[2019-12-01 11:22:32] Computing probability of getting one or more extinctions for Delta=0.5
[2019-12-01 11:22:33] Probability of getting one or more extinctions for Delta=0.5 is 1
[2019-12-01 11:22:33] Computing probability of getting one or more extinctions for Delta=0.25
[2019-12-01 11:22:33] Probability of getting one or more extinctions for Delta=0.25 is 1
[2019-12-01 11:22:33] Computing probability of getting one or more extinctions for Delta=0.125
[2019-12-01 11:22:33] Probability of getting one or more extinctions for Delta=0.125 is 1
[2019-12-01 11:22:33] Computing probability of getting one or more extinctions for Delta=0.0625
[2019-12-01 11:22:34] Probability of getting one or more extinctions for Delta=0.0625 is 0.97
[2019-12-01 11:22:34] Computing probability of getting one or more extinctions for Delta=0.0322165
[2019-12-01 11:22:36] Probability of getting one or more extinctions for Delta=0.0322165 is 0.52
[2019-12-01 11:22:36] Computing probability of getting one or more extinctions for Delta=0.0309223
[2019-12-01 11:22:41] Probability of getting one or more extinctions for Delta=0.0309223 is 0.36
[2019-12-01 11:22:41] Found an interval for Delta critical : [0.0309223;0.0322165]
[2019-12-01 11:22:41] Now computing the probability of getting more than one extinction for ten points inside this interval (1000 runs per point)
[2019-12-01 11:22:41] Computing probability of getting one or more extinctions for Delta=0.0309223
[2019-12-01 11:23:12] Probability of getting one or more extinctions for Delta=0.0309223 is 0.466
[2019-12-01 11:23:12] Computing probability of getting one or more extinctions for Delta=0.0310661
[2019-12-01 11:23:42] Probability of getting one or more extinctions for Delta=0.0310661 is 0.493
[2019-12-01 11:23:42] Computing probability of getting one or more extinctions for Delta=0.0312099
[2019-12-01 11:24:14] Probability of getting one or more extinctions for Delta=0.0312099 is 0.435
[2019-12-01 11:24:14] Computing probability of getting one or more extinctions for Delta=0.0313537
[2019-12-01 11:24:45] Probability of getting one or more extinctions for Delta=0.0313537 is 0.506
[2019-12-01 11:24:45] Computing probability of getting one or more extinctions for Delta=0.0314975
[2019-12-01 11:25:16] Probability of getting one or more extinctions for Delta=0.0314975 is 0.545
[2019-12-01 11:25:16] Computing probability of getting one or more extinctions for Delta=0.0316413
[2019-12-01 11:25:45] Probability of getting one or more extinctions for Delta=0.0316413 is 0.499
[2019-12-01 11:25:45] Computing probability of getting one or more extinctions for Delta=0.0317851
[2019-12-01 11:26:16] Probability of getting one or more extinctions for Delta=0.0317851 is 0.519
[2019-12-01 11:26:16] Computing probability of getting one or more extinctions for Delta=0.0319289
[2019-12-01 11:26:43] Probability of getting one or more extinctions for Delta=0.0319289 is 0.559
[2019-12-01 11:26:43] Computing probability of getting one or more extinctions for Delta=0.0320727
[2019-12-01 11:27:10] Probability of getting one or more extinctions for Delta=0.0320727 is 0.508
[2019-12-01 11:27:10] Computing probability of getting one or more extinctions for Delta=0.0322165
[2019-12-01 11:27:37] Probability of getting one or more extinctions for Delta=0.0322165 is 0.547
[2019-12-01 11:27:37] Now fitting the 10 chosen into the specific function
[2019-12-01 11:27:37] Now we find the zero of the fit to determine delta critical (parameters = 2020.86 -193154 6.15119e+06 -6.5268e+07)
[2019-12-01 11:27:37] We interpret the fitting parameters as coefficients of a degree 3 polynomial (which should be true, please check that)
[2019-12-01 11:27:37] Found three potential roots, compute which one is the best (100 runs per point)
[2019-12-01 11:27:37] Please implement the different equilibrium modes in case of three roots
[2019-12-01 11:27:37]  zero estimated at -1
[2019-12-01 11:27:37] Computed critical delta for ./matrices/Nr25_Nc25/RandTrix_Nr25_Nc25_Nest0.3_Conn0.0848.txt
[2019-12-01 11:27:37] Attempting now to find the critical delta for the given set of metaparameters
[2019-12-01 11:27:37] Computing probability of getting one or more extinctions for Delta=0
