[2019-12-03 10:05:23] Loading metaparameters from config/configuration_comparison_NR25_NS25_s025_a15.in
[2019-12-03 10:05:23] Successfully opened ./data_output/configuration_comparison_NR25_NS25_s025_a15_matrix_list_NR25_NS25_5.out, attempting now to find the critical delta of every listed matrix 
[2019-12-03 10:05:23] Attempting now to find the critical delta for the given set of metaparameters
[2019-12-03 10:05:23] Computing probability of getting one or more extinctions for Delta=0
[2019-12-03 10:05:23] Probability of getting one or more extinctions for Delta=0 is 0
[2019-12-03 10:05:23] Computing probability of getting one or more extinctions for Delta=1
[2019-12-03 10:05:24] Probability of getting one or more extinctions for Delta=1 is 1
[2019-12-03 10:05:24] We first find a rough interval where the critical delta should lie (each point computed by the solver is estimated with 100 runs)
[2019-12-03 10:05:24] Computing probability of getting one or more extinctions for Delta=0.5
[2019-12-03 10:05:24] Probability of getting one or more extinctions for Delta=0.5 is 1
[2019-12-03 10:05:24] Computing probability of getting one or more extinctions for Delta=0.25
[2019-12-03 10:05:24] Probability of getting one or more extinctions for Delta=0.25 is 1
[2019-12-03 10:05:24] Computing probability of getting one or more extinctions for Delta=0.125
[2019-12-03 10:05:25] Probability of getting one or more extinctions for Delta=0.125 is 1
[2019-12-03 10:05:25] Computing probability of getting one or more extinctions for Delta=0.0625
[2019-12-03 10:05:26] Probability of getting one or more extinctions for Delta=0.0625 is 0.99
[2019-12-03 10:05:26] Computing probability of getting one or more extinctions for Delta=0.0315657
[2019-12-03 10:05:37] Probability of getting one or more extinctions for Delta=0.0315657 is 0.58
[2019-12-03 10:05:37] Computing probability of getting one or more extinctions for Delta=0.0263622
[2019-12-03 10:05:46] Probability of getting one or more extinctions for Delta=0.0263622 is 0.33
[2019-12-03 10:05:46] Computing probability of getting one or more extinctions for Delta=0.0299006
[2019-12-03 10:05:55] Probability of getting one or more extinctions for Delta=0.0299006 is 0.4
[2019-12-03 10:05:55] Found an interval for Delta critical : [0.0299006;0.0315657]
[2019-12-03 10:05:55] Now computing the probability of getting more than one extinction for ten points inside this interval (1000 runs per point)
[2019-12-03 10:05:55] Computing probability of getting one or more extinctions for Delta=0.0299006
[2019-12-03 10:08:14] Probability of getting one or more extinctions for Delta=0.0299006 is 0.445
[2019-12-03 10:08:14] Computing probability of getting one or more extinctions for Delta=0.0300856
[2019-12-03 10:10:12] Probability of getting one or more extinctions for Delta=0.0300856 is 0.461
[2019-12-03 10:10:12] Computing probability of getting one or more extinctions for Delta=0.0302706
[2019-12-03 10:12:27] Probability of getting one or more extinctions for Delta=0.0302706 is 0.452
[2019-12-03 10:12:27] Computing probability of getting one or more extinctions for Delta=0.0304556
[2019-12-03 10:14:37] Probability of getting one or more extinctions for Delta=0.0304556 is 0.475
[2019-12-03 10:14:37] Computing probability of getting one or more extinctions for Delta=0.0306406
[2019-12-03 10:16:56] Probability of getting one or more extinctions for Delta=0.0306406 is 0.467
[2019-12-03 10:16:56] Computing probability of getting one or more extinctions for Delta=0.0308256
[2019-12-03 10:19:09] Probability of getting one or more extinctions for Delta=0.0308256 is 0.478
[2019-12-03 10:19:09] Computing probability of getting one or more extinctions for Delta=0.0310106
[2019-12-03 10:21:21] Probability of getting one or more extinctions for Delta=0.0310106 is 0.458
[2019-12-03 10:21:21] Computing probability of getting one or more extinctions for Delta=0.0311956
[2019-12-03 10:23:00] Probability of getting one or more extinctions for Delta=0.0311956 is 0.491
[2019-12-03 10:23:00] Computing probability of getting one or more extinctions for Delta=0.0313806
[2019-12-03 10:24:50] Probability of getting one or more extinctions for Delta=0.0313806 is 0.481
[2019-12-03 10:24:50] Computing probability of getting one or more extinctions for Delta=0.0315657
[2019-12-03 10:26:00] Probability of getting one or more extinctions for Delta=0.0315657 is 0.497
[2019-12-03 10:26:00] Now fitting the 10 chosen into the specific function
[2019-12-03 10:26:00] Now we find the zero of the fit to determine delta critical (parameters = 0.117901 -14.3459 -348.973 21449.8)
[2019-12-03 10:26:00] We interpret the fitting parameters as coefficients of a degree 3 polynomial (which should be true, please check that)
[2019-12-03 10:26:00] Found three potential roots, compute which one is the best (100 runs per point)
[2019-12-03 10:26:00] Please implement the different equilibrium modes in case of three roots
[2019-12-03 10:26:00]  zero estimated at -1
[2019-12-03 10:26:00] Computed critical delta for ./matrices/Nr25_Nc25/RandTrix_Nr25_Nc25_Nest0.3_Conn0.1296.txt
[2019-12-03 10:26:00] Attempting now to find the critical delta for the given set of metaparameters
[2019-12-03 10:26:00] Computing probability of getting one or more extinctions for Delta=0
[2019-12-03 10:26:00] Probability of getting one or more extinctions for Delta=0 is 0
[2019-12-03 10:26:00] Computing probability of getting one or more extinctions for Delta=1
[2019-12-03 10:26:01] Probability of getting one or more extinctions for Delta=1 is 1
[2019-12-03 10:26:01] We first find a rough interval where the critical delta should lie (each point computed by the solver is estimated with 100 runs)
[2019-12-03 10:26:01] Computing probability of getting one or more extinctions for Delta=0.5
[2019-12-03 10:26:01] Probability of getting one or more extinctions for Delta=0.5 is 1
[2019-12-03 10:26:01] Computing probability of getting one or more extinctions for Delta=0.25
[2019-12-03 10:26:01] Probability of getting one or more extinctions for Delta=0.25 is 1
[2019-12-03 10:26:01] Computing probability of getting one or more extinctions for Delta=0.125
[2019-12-03 10:26:02] Probability of getting one or more extinctions for Delta=0.125 is 1
[2019-12-03 10:26:02] Computing probability of getting one or more extinctions for Delta=0.0625
[2019-12-03 10:26:03] Probability of getting one or more extinctions for Delta=0.0625 is 1
[2019-12-03 10:26:03] Computing probability of getting one or more extinctions for Delta=0.03125
[2019-12-03 10:26:08] Probability of getting one or more extinctions for Delta=0.03125 is 0.97
[2019-12-03 10:26:08] Computing probability of getting one or more extinctions for Delta=0.0161082
[2019-12-03 10:26:26] Probability of getting one or more extinctions for Delta=0.0161082 is 0.78
[2019-12-03 10:26:26] Computing probability of getting one or more extinctions for Delta=0.00805412
[2019-12-03 10:27:11] Probability of getting one or more extinctions for Delta=0.00805412 is 0.13
[2019-12-03 10:27:11] Computing probability of getting one or more extinctions for Delta=0.0126388
[2019-12-03 10:27:39] Probability of getting one or more extinctions for Delta=0.0126388 is 0.51
[2019-12-03 10:27:39] Computing probability of getting one or more extinctions for Delta=0.0125137
[2019-12-03 10:28:07] Probability of getting one or more extinctions for Delta=0.0125137 is 0.56
[2019-12-03 10:28:07] Computing probability of getting one or more extinctions for Delta=0.0102839
[2019-12-03 10:28:48] Probability of getting one or more extinctions for Delta=0.0102839 is 0.3
[2019-12-03 10:28:48] Computing probability of getting one or more extinctions for Delta=0.0119991
[2019-12-03 10:29:27] Probability of getting one or more extinctions for Delta=0.0119991 is 0.36
[2019-12-03 10:29:27] Found an interval for Delta critical : [0.0119991;0.0125137]
[2019-12-03 10:29:27] Now computing the probability of getting more than one extinction for ten points inside this interval (1000 runs per point)
[2019-12-03 10:29:27] Computing probability of getting one or more extinctions for Delta=0.0119991
[2019-12-03 10:36:53] Probability of getting one or more extinctions for Delta=0.0119991 is 0.457
[2019-12-03 10:36:53] Computing probability of getting one or more extinctions for Delta=0.0120563
[2019-12-03 10:45:36] Probability of getting one or more extinctions for Delta=0.0120563 is 0.433
[2019-12-03 10:45:36] Computing probability of getting one or more extinctions for Delta=0.0121134
[2019-12-03 10:51:08] Probability of getting one or more extinctions for Delta=0.0121134 is 0.465
[2019-12-03 10:51:08] Computing probability of getting one or more extinctions for Delta=0.0121706
[2019-12-03 11:01:39] Probability of getting one or more extinctions for Delta=0.0121706 is 0.477
[2019-12-03 11:01:39] Computing probability of getting one or more extinctions for Delta=0.0122278
[2019-12-03 11:12:49] Probability of getting one or more extinctions for Delta=0.0122278 is 0.476
[2019-12-03 11:12:49] Computing probability of getting one or more extinctions for Delta=0.012285
[2019-12-03 11:23:26] Probability of getting one or more extinctions for Delta=0.012285 is 0.486
[2019-12-03 11:23:26] Computing probability of getting one or more extinctions for Delta=0.0123421
