[2019-11-27 18:22:10] Loading metaparameters from config/configuration_comparison_NR25_NS25_s05_a05.in
[2019-11-27 18:22:10] Successfully opened ./data_output/configuration_comparison_NR25_NS25_s05_a05_matrix_list_NR25_NS25_4.out, attempting now to find the critical delta of every listed matrix 
[2019-11-27 18:22:10] Attempting now to find the critical delta for the given set of metaparameters
[2019-11-27 18:22:10] Computing probability of getting one or more extinctions for Delta=0
[2019-11-27 18:22:10] Probability of getting one or more extinctions for Delta=0 is 0
[2019-11-27 18:22:10] Computing probability of getting one or more extinctions for Delta=1
[2019-11-27 18:22:10] Probability of getting one or more extinctions for Delta=1 is 1
[2019-11-27 18:22:10] We first find a rough interval where the critical delta should lie (each point computed by the solver is estimated with 100 runs)
[2019-11-27 18:22:10] Computing probability of getting one or more extinctions for Delta=0.5
[2019-11-27 18:22:10] Probability of getting one or more extinctions for Delta=0.5 is 1
[2019-11-27 18:22:10] Computing probability of getting one or more extinctions for Delta=0.25
[2019-11-27 18:22:11] Probability of getting one or more extinctions for Delta=0.25 is 1
[2019-11-27 18:22:11] Computing probability of getting one or more extinctions for Delta=0.125
[2019-11-27 18:22:12] Probability of getting one or more extinctions for Delta=0.125 is 1
[2019-11-27 18:22:12] Computing probability of getting one or more extinctions for Delta=0.0625
[2019-11-27 18:22:13] Probability of getting one or more extinctions for Delta=0.0625 is 1
[2019-11-27 18:22:13] Computing probability of getting one or more extinctions for Delta=0.03125
[2019-11-27 18:22:19] Probability of getting one or more extinctions for Delta=0.03125 is 1
[2019-11-27 18:22:19] Computing probability of getting one or more extinctions for Delta=0.015625
[2019-11-27 18:23:18] Probability of getting one or more extinctions for Delta=0.015625 is 0.98
[2019-11-27 18:23:18] Computing probability of getting one or more extinctions for Delta=0.00797194
[2019-11-27 18:29:31] Probability of getting one or more extinctions for Delta=0.00797194 is 0.73
[2019-11-27 18:29:31] Computing probability of getting one or more extinctions for Delta=0.00314946
[2019-11-27 19:01:27] Probability of getting one or more extinctions for Delta=0.00314946 is 0.34
[2019-11-27 19:01:27] Computing probability of getting one or more extinctions for Delta=0.00512791
[2019-11-27 19:14:00] Probability of getting one or more extinctions for Delta=0.00512791 is 0.62
[2019-11-27 19:14:00] Computing probability of getting one or more extinctions for Delta=0.00428001
[2019-11-27 19:26:09] Probability of getting one or more extinctions for Delta=0.00428001 is 0.52
[2019-11-27 19:26:09] Computing probability of getting one or more extinctions for Delta=0.00412927
[2019-11-27 19:45:21] Probability of getting one or more extinctions for Delta=0.00412927 is 0.44
[2019-11-27 19:45:21] Found an interval for Delta critical : [0.00412927;0.00428001]
[2019-11-27 19:45:21] Now computing the probability of getting more than one extinction for ten points inside this interval (1000 runs per point)
[2019-11-27 19:45:21] Computing probability of getting one or more extinctions for Delta=0.00412927
[2019-11-27 23:27:23] Probability of getting one or more extinctions for Delta=0.00412927 is 0.448
[2019-11-27 23:27:23] Computing probability of getting one or more extinctions for Delta=0.00414602
[2019-11-28 03:18:45] Probability of getting one or more extinctions for Delta=0.00414602 is 0.48
[2019-11-28 03:18:45] Computing probability of getting one or more extinctions for Delta=0.00416276
[2019-11-28 06:52:53] Probability of getting one or more extinctions for Delta=0.00416276 is 0.462
[2019-11-28 06:52:53] Computing probability of getting one or more extinctions for Delta=0.00417951
[2019-11-28 10:32:37] Probability of getting one or more extinctions for Delta=0.00417951 is 0.458
[2019-11-28 10:32:37] Computing probability of getting one or more extinctions for Delta=0.00419626
[2019-11-28 14:07:35] Probability of getting one or more extinctions for Delta=0.00419626 is 0.473
[2019-11-28 14:07:35] Computing probability of getting one or more extinctions for Delta=0.00421301
[2019-11-28 17:42:54] Probability of getting one or more extinctions for Delta=0.00421301 is 0.487
[2019-11-28 17:42:54] Computing probability of getting one or more extinctions for Delta=0.00422976
[2019-11-28 23:08:11] Probability of getting one or more extinctions for Delta=0.00422976 is 0.487
[2019-11-28 23:08:11] Computing probability of getting one or more extinctions for Delta=0.00424651
[2019-11-29 05:08:45] Probability of getting one or more extinctions for Delta=0.00424651 is 0.486
[2019-11-29 05:08:45] Computing probability of getting one or more extinctions for Delta=0.00426326
[2019-11-29 10:19:32] Probability of getting one or more extinctions for Delta=0.00426326 is 0.469
[2019-11-29 10:19:32] Computing probability of getting one or more extinctions for Delta=0.00428001
[2019-11-29 16:12:51] Probability of getting one or more extinctions for Delta=0.00428001 is 0.477
[2019-11-29 16:12:51] Now fitting the 10 chosen into the specific function
[2019-11-29 16:12:51] Now we find the zero of the fit to determine delta critical (parameters = 1593.55 -1.14742e+06 2.75313e+08 -2.20135e+10)
[2019-11-29 16:12:51] We interpret the fitting parameters as coefficients of a degree 3 polynomial (which should be true, please check that)
[2019-11-29 16:12:51]  zero estimated at 0.0040137
[2019-11-29 16:12:51] Computed critical delta for ./matrices/Nr25_Nc25/RandTrix_Nr25_Nc25_Nest0.55_Conn0.2784.txt
[2019-11-29 16:12:51] Attempting now to find the critical delta for the given set of metaparameters
[2019-11-29 16:12:51] Computing probability of getting one or more extinctions for Delta=0
[2019-11-29 16:12:51] Probability of getting one or more extinctions for Delta=0 is 0
[2019-11-29 16:12:51] Computing probability of getting one or more extinctions for Delta=1
[2019-11-29 16:12:51] Probability of getting one or more extinctions for Delta=1 is 1
[2019-11-29 16:12:51] We first find a rough interval where the critical delta should lie (each point computed by the solver is estimated with 100 runs)
[2019-11-29 16:12:51] Computing probability of getting one or more extinctions for Delta=0.5
[2019-11-29 16:12:52] Probability of getting one or more extinctions for Delta=0.5 is 1
[2019-11-29 16:12:52] Computing probability of getting one or more extinctions for Delta=0.25
[2019-11-29 16:12:53] Probability of getting one or more extinctions for Delta=0.25 is 1
[2019-11-29 16:12:53] Computing probability of getting one or more extinctions for Delta=0.125
[2019-11-29 16:12:54] Probability of getting one or more extinctions for Delta=0.125 is 1
[2019-11-29 16:12:54] Computing probability of getting one or more extinctions for Delta=0.0625
[2019-11-29 16:12:56] Probability of getting one or more extinctions for Delta=0.0625 is 1
[2019-11-29 16:12:56] Computing probability of getting one or more extinctions for Delta=0.03125
[2019-11-29 16:13:04] Probability of getting one or more extinctions for Delta=0.03125 is 1
[2019-11-29 16:13:04] Computing probability of getting one or more extinctions for Delta=0.015625
[2019-11-29 16:14:13] Probability of getting one or more extinctions for Delta=0.015625 is 0.67
[2019-11-29 16:14:13] Computing probability of getting one or more extinctions for Delta=0.0116604
[2019-11-29 16:15:49] Probability of getting one or more extinctions for Delta=0.0116604 is 0.38
[2019-11-29 16:15:49] Computing probability of getting one or more extinctions for Delta=0.013301
[2019-11-29 16:17:14] Probability of getting one or more extinctions for Delta=0.013301 is 0.42
[2019-11-29 16:17:14] Computing probability of getting one or more extinctions for Delta=0.014463
[2019-11-29 16:20:02] Probability of getting one or more extinctions for Delta=0.014463 is 0.62
[2019-11-29 16:20:02] Found an interval for Delta critical : [0.013301;0.014463]
[2019-11-29 16:20:02] Now computing the probability of getting more than one extinction for ten points inside this interval (1000 runs per point)
[2019-11-29 16:20:02] Computing probability of getting one or more extinctions for Delta=0.013301
[2019-11-29 16:40:44] Probability of getting one or more extinctions for Delta=0.013301 is 0.545
[2019-11-29 16:40:44] Computing probability of getting one or more extinctions for Delta=0.0134301
[2019-11-29 17:11:58] Probability of getting one or more extinctions for Delta=0.0134301 is 0.504
[2019-11-29 17:11:58] Computing probability of getting one or more extinctions for Delta=0.0135592
[2019-11-29 17:41:48] Probability of getting one or more extinctions for Delta=0.0135592 is 0.554
[2019-11-29 17:41:48] Computing probability of getting one or more extinctions for Delta=0.0136883
[2019-11-29 18:02:20] Probability of getting one or more extinctions for Delta=0.0136883 is 0.583
[2019-11-29 18:02:20] Computing probability of getting one or more extinctions for Delta=0.0138174
[2019-11-29 18:28:24] Probability of getting one or more extinctions for Delta=0.0138174 is 0.566
[2019-11-29 18:28:24] Computing probability of getting one or more extinctions for Delta=0.0139465
[2019-11-29 18:59:07] Probability of getting one or more extinctions for Delta=0.0139465 is 0.561
[2019-11-29 18:59:07] Computing probability of getting one or more extinctions for Delta=0.0140756
[2019-11-29 19:17:26] Probability of getting one or more extinctions for Delta=0.0140756 is 0.596
[2019-11-29 19:17:26] Computing probability of getting one or more extinctions for Delta=0.0142047
[2019-11-29 19:33:45] Probability of getting one or more extinctions for Delta=0.0142047 is 0.574
[2019-11-29 19:33:45] Computing probability of getting one or more extinctions for Delta=0.0143339
[2019-11-29 19:56:16] Probability of getting one or more extinctions for Delta=0.0143339 is 0.613
[2019-11-29 19:56:16] Computing probability of getting one or more extinctions for Delta=0.014463
[2019-11-29 20:17:37] Probability of getting one or more extinctions for Delta=0.014463 is 0.595
[2019-11-29 20:17:37] Now fitting the 10 chosen into the specific function
[2019-11-29 20:17:37] Now we find the zero of the fit to determine delta critical (parameters = 108.14 -23813.7 1.74324e+06 -4.23987e+07)
[2019-11-29 20:17:37] We interpret the fitting parameters as coefficients of a degree 3 polynomial (which should be true, please check that)
[2019-11-29 20:17:37]  zero estimated at 0.0153409
[2019-11-29 20:17:37] Computed critical delta for ./matrices/Nr25_Nc25/RandTrix_Nr25_Nc25_Nest0.55_Conn0.3344.txt
[2019-11-29 20:17:37] Attempting now to find the critical delta for the given set of metaparameters
[2019-11-29 20:17:37] Computing probability of getting one or more extinctions for Delta=0
[2019-11-29 20:17:37] Probability of getting one or more extinctions for Delta=0 is 0
[2019-11-29 20:17:37] Computing probability of getting one or more extinctions for Delta=1
[2019-11-29 20:17:37] Probability of getting one or more extinctions for Delta=1 is 1
[2019-11-29 20:17:37] We first find a rough interval where the critical delta should lie (each point computed by the solver is estimated with 100 runs)
[2019-11-29 20:17:37] Computing probability of getting one or more extinctions for Delta=0.5
[2019-11-29 20:17:38] Probability of getting one or more extinctions for Delta=0.5 is 1
[2019-11-29 20:17:38] Computing probability of getting one or more extinctions for Delta=0.25
[2019-11-29 20:17:38] Probability of getting one or more extinctions for Delta=0.25 is 1
[2019-11-29 20:17:38] Computing probability of getting one or more extinctions for Delta=0.125
[2019-11-29 20:17:39] Probability of getting one or more extinctions for Delta=0.125 is 1
[2019-11-29 20:17:39] Computing probability of getting one or more extinctions for Delta=0.0625
[2019-11-29 20:17:42] Probability of getting one or more extinctions for Delta=0.0625 is 1
[2019-11-29 20:17:42] Computing probability of getting one or more extinctions for Delta=0.03125
[2019-11-29 20:17:57] Probability of getting one or more extinctions for Delta=0.03125 is 0.98
[2019-11-29 20:17:57] Computing probability of getting one or more extinctions for Delta=0.0159439
[2019-11-29 20:19:57] Probability of getting one or more extinctions for Delta=0.0159439 is 0.78
[2019-11-29 20:19:57] Computing probability of getting one or more extinctions for Delta=0.00797194
[2019-11-29 20:27:20] Probability of getting one or more extinctions for Delta=0.00797194 is 0.4
[2019-11-29 20:27:20] Computing probability of getting one or more extinctions for Delta=0.0100698
[2019-11-29 20:35:35] Probability of getting one or more extinctions for Delta=0.0100698 is 0.43
[2019-11-29 20:35:35] Computing probability of getting one or more extinctions for Delta=0.0139859
[2019-11-29 20:38:18] Probability of getting one or more extinctions for Delta=0.0139859 is 0.66
[2019-11-29 20:38:18] Computing probability of getting one or more extinctions for Delta=0.0112617
[2019-11-29 20:42:52] Probability of getting one or more extinctions for Delta=0.0112617 is 0.55
[2019-11-29 20:42:52] Computing probability of getting one or more extinctions for Delta=0.0107651
[2019-11-29 20:49:16] Probability of getting one or more extinctions for Delta=0.0107651 is 0.53
[2019-11-29 20:49:16] Found an interval for Delta critical : [0.0100698;0.0107651]
[2019-11-29 20:49:16] Now computing the probability of getting more than one extinction for ten points inside this interval (1000 runs per point)
[2019-11-29 20:49:16] Computing probability of getting one or more extinctions for Delta=0.0100698
[2019-11-29 22:15:09] Probability of getting one or more extinctions for Delta=0.0100698 is 0.442
[2019-11-29 22:15:09] Computing probability of getting one or more extinctions for Delta=0.0101471
[2019-11-29 23:38:47] Probability of getting one or more extinctions for Delta=0.0101471 is 0.492
[2019-11-29 23:38:47] Computing probability of getting one or more extinctions for Delta=0.0102243
[2019-11-30 00:52:44] Probability of getting one or more extinctions for Delta=0.0102243 is 0.472
[2019-11-30 00:52:44] Computing probability of getting one or more extinctions for Delta=0.0103016
[2019-11-30 02:12:34] Probability of getting one or more extinctions for Delta=0.0103016 is 0.483
[2019-11-30 02:12:34] Computing probability of getting one or more extinctions for Delta=0.0103788
[2019-11-30 03:37:14] Probability of getting one or more extinctions for Delta=0.0103788 is 0.48
[2019-11-30 03:37:14] Computing probability of getting one or more extinctions for Delta=0.0104561
[2019-11-30 04:47:05] Probability of getting one or more extinctions for Delta=0.0104561 is 0.472
[2019-11-30 04:47:05] Computing probability of getting one or more extinctions for Delta=0.0105333
[2019-11-30 06:05:12] Probability of getting one or more extinctions for Delta=0.0105333 is 0.495
[2019-11-30 06:05:12] Computing probability of getting one or more extinctions for Delta=0.0106106
[2019-11-30 07:29:16] Probability of getting one or more extinctions for Delta=0.0106106 is 0.498
[2019-11-30 07:29:16] Computing probability of getting one or more extinctions for Delta=0.0106878
[2019-11-30 08:37:12] Probability of getting one or more extinctions for Delta=0.0106878 is 0.506
[2019-11-30 08:37:12] Computing probability of getting one or more extinctions for Delta=0.0107651
[2019-11-30 09:45:02] Probability of getting one or more extinctions for Delta=0.0107651 is 0.519
[2019-11-30 09:45:02] Now fitting the 10 chosen into the specific function
[2019-11-30 09:45:02] Now we find the zero of the fit to determine delta critical (parameters = -878.558 253319 -2.4348e+07 7.80094e+08)
[2019-11-30 09:45:02] We interpret the fitting parameters as coefficients of a degree 3 polynomial (which should be true, please check that)
[2019-11-30 09:45:02]  zero estimated at 0.010667
[2019-11-30 09:45:02] Computed critical delta for ./matrices/Nr25_Nc25/RandTrix_Nr25_Nc25_Nest0.55_Conn0.3824.txt
[2019-11-30 09:45:02] Attempting now to find the critical delta for the given set of metaparameters
[2019-11-30 09:45:02] Computing probability of getting one or more extinctions for Delta=0
[2019-11-30 09:45:02] Probability of getting one or more extinctions for Delta=0 is 0
[2019-11-30 09:45:02] Computing probability of getting one or more extinctions for Delta=1
[2019-11-30 09:45:02] Probability of getting one or more extinctions for Delta=1 is 1
[2019-11-30 09:45:02] We first find a rough interval where the critical delta should lie (each point computed by the solver is estimated with 100 runs)
[2019-11-30 09:45:02] Computing probability of getting one or more extinctions for Delta=0.5
[2019-11-30 09:45:03] Probability of getting one or more extinctions for Delta=0.5 is 1
[2019-11-30 09:45:03] Computing probability of getting one or more extinctions for Delta=0.25
[2019-11-30 09:45:03] Probability of getting one or more extinctions for Delta=0.25 is 1
[2019-11-30 09:45:03] Computing probability of getting one or more extinctions for Delta=0.125
[2019-11-30 09:45:04] Probability of getting one or more extinctions for Delta=0.125 is 1
[2019-11-30 09:45:04] Computing probability of getting one or more extinctions for Delta=0.0625
[2019-11-30 09:45:05] Probability of getting one or more extinctions for Delta=0.0625 is 1
[2019-11-30 09:45:05] Computing probability of getting one or more extinctions for Delta=0.03125
[2019-11-30 09:45:19] Probability of getting one or more extinctions for Delta=0.03125 is 0.96
[2019-11-30 09:45:19] Computing probability of getting one or more extinctions for Delta=0.016276
[2019-11-30 09:48:06] Probability of getting one or more extinctions for Delta=0.016276 is 0.52
[2019-11-30 09:48:06] Computing probability of getting one or more extinctions for Delta=0.0156216
[2019-11-30 09:51:10] Probability of getting one or more extinctions for Delta=0.0156216 is 0.56
[2019-11-30 09:51:10] Computing probability of getting one or more extinctions for Delta=0.00781079
[2019-11-30 09:55:46] Probability of getting one or more extinctions for Delta=0.00781079 is 0.19
[2019-11-30 09:55:46] Computing probability of getting one or more extinctions for Delta=0.014355
[2019-11-30 09:59:17] Probability of getting one or more extinctions for Delta=0.014355 is 0.58
[2019-11-30 09:59:17] Computing probability of getting one or more extinctions for Delta=0.0110829
[2019-11-30 10:04:35] Probability of getting one or more extinctions for Delta=0.0110829 is 0.3
[2019-11-30 10:04:35] Computing probability of getting one or more extinctions for Delta=0.0134201
[2019-11-30 10:11:11] Probability of getting one or more extinctions for Delta=0.0134201 is 0.47
[2019-11-30 10:11:11] Found an interval for Delta critical : [0.0134201;0.014355]
[2019-11-30 10:11:11] Now computing the probability of getting more than one extinction for ten points inside this interval (1000 runs per point)
[2019-11-30 10:11:11] Computing probability of getting one or more extinctions for Delta=0.0134201
[2019-11-30 11:08:07] Probability of getting one or more extinctions for Delta=0.0134201 is 0.472
[2019-11-30 11:08:07] Computing probability of getting one or more extinctions for Delta=0.013524
[2019-11-30 11:56:55] Probability of getting one or more extinctions for Delta=0.013524 is 0.474
[2019-11-30 11:56:55] Computing probability of getting one or more extinctions for Delta=0.0136278
[2019-11-30 12:48:31] Probability of getting one or more extinctions for Delta=0.0136278 is 0.479
[2019-11-30 12:48:31] Computing probability of getting one or more extinctions for Delta=0.0137317
[2019-11-30 13:25:39] Probability of getting one or more extinctions for Delta=0.0137317 is 0.481
[2019-11-30 13:25:39] Computing probability of getting one or more extinctions for Delta=0.0138356
[2019-11-30 14:12:15] Probability of getting one or more extinctions for Delta=0.0138356 is 0.475
[2019-11-30 14:12:15] Computing probability of getting one or more extinctions for Delta=0.0139395
[2019-11-30 14:49:38] Probability of getting one or more extinctions for Delta=0.0139395 is 0.493
[2019-11-30 14:49:38] Computing probability of getting one or more extinctions for Delta=0.0140433
[2019-11-30 15:15:52] Probability of getting one or more extinctions for Delta=0.0140433 is 0.493
[2019-11-30 15:15:52] Computing probability of getting one or more extinctions for Delta=0.0141472
[2019-11-30 15:59:29] Probability of getting one or more extinctions for Delta=0.0141472 is 0.481
[2019-11-30 15:59:29] Computing probability of getting one or more extinctions for Delta=0.0142511
[2019-11-30 16:30:25] Probability of getting one or more extinctions for Delta=0.0142511 is 0.487
[2019-11-30 16:30:25] Computing probability of getting one or more extinctions for Delta=0.014355
[2019-11-30 17:09:08] Probability of getting one or more extinctions for Delta=0.014355 is 0.504
[2019-11-30 17:09:08] Now fitting the 10 chosen into the specific function
[2019-11-30 17:09:08] Now we find the zero of the fit to determine delta critical (parameters = -232.568 50328.9 -3.63159e+06 8.7369e+07)
[2019-11-30 17:09:08] We interpret the fitting parameters as coefficients of a degree 3 polynomial (which should be true, please check that)
[2019-11-30 17:09:08]  zero estimated at 0.0143609
[2019-11-30 17:09:08] Computed critical delta for ./matrices/Nr25_Nc25/RandTrix_Nr25_Nc25_Nest0.55_Conn0.4176.txt
[2019-11-30 17:09:08] Attempting now to find the critical delta for the given set of metaparameters
[2019-11-30 17:09:08] Computing probability of getting one or more extinctions for Delta=0
[2019-11-30 17:09:08] Probability of getting one or more extinctions for Delta=0 is 0
[2019-11-30 17:09:08] Computing probability of getting one or more extinctions for Delta=1
[2019-11-30 17:09:09] Probability of getting one or more extinctions for Delta=1 is 1
[2019-11-30 17:09:09] We first find a rough interval where the critical delta should lie (each point computed by the solver is estimated with 100 runs)
[2019-11-30 17:09:09] Computing probability of getting one or more extinctions for Delta=0.5
[2019-11-30 17:09:09] Probability of getting one or more extinctions for Delta=0.5 is 1
[2019-11-30 17:09:09] Computing probability of getting one or more extinctions for Delta=0.25
[2019-11-30 17:09:10] Probability of getting one or more extinctions for Delta=0.25 is 1
[2019-11-30 17:09:10] Computing probability of getting one or more extinctions for Delta=0.125
[2019-11-30 17:09:10] Probability of getting one or more extinctions for Delta=0.125 is 0.99
[2019-11-30 17:09:10] Computing probability of getting one or more extinctions for Delta=0.0631313
[2019-11-30 17:09:11] Probability of getting one or more extinctions for Delta=0.0631313 is 0.88
[2019-11-30 17:09:11] Computing probability of getting one or more extinctions for Delta=0.0315657
[2019-11-30 17:09:14] Probability of getting one or more extinctions for Delta=0.0315657 is 0.23
[2019-11-30 17:09:14] Computing probability of getting one or more extinctions for Delta=0.0446775
[2019-11-30 17:09:17] Probability of getting one or more extinctions for Delta=0.0446775 is 0.67
[2019-11-30 17:09:17] Computing probability of getting one or more extinctions for Delta=0.0396116
[2019-11-30 17:09:19] Probability of getting one or more extinctions for Delta=0.0396116 is 0.52
[2019-11-30 17:09:19] Computing probability of getting one or more extinctions for Delta=0.0389827
[2019-11-30 17:09:21] Probability of getting one or more extinctions for Delta=0.0389827 is 0.54
[2019-11-30 17:09:21] Computing probability of getting one or more extinctions for Delta=0.0352742
[2019-11-30 17:09:25] Probability of getting one or more extinctions for Delta=0.0352742 is 0.49
[2019-11-30 17:09:25] Computing probability of getting one or more extinctions for Delta=0.0360159
[2019-11-30 17:09:28] Probability of getting one or more extinctions for Delta=0.0360159 is 0.38
[2019-11-30 17:09:28] Found an interval for Delta critical : [0.0360159;0.0389827]
[2019-11-30 17:09:28] Now computing the probability of getting more than one extinction for ten points inside this interval (1000 runs per point)
[2019-11-30 17:09:28] Computing probability of getting one or more extinctions for Delta=0.0360159
[2019-11-30 17:09:55] Probability of getting one or more extinctions for Delta=0.0360159 is 0.456
[2019-11-30 17:09:55] Computing probability of getting one or more extinctions for Delta=0.0363455
[2019-11-30 17:10:23] Probability of getting one or more extinctions for Delta=0.0363455 is 0.443
[2019-11-30 17:10:23] Computing probability of getting one or more extinctions for Delta=0.0366752
[2019-11-30 17:10:51] Probability of getting one or more extinctions for Delta=0.0366752 is 0.473
[2019-11-30 17:10:51] Computing probability of getting one or more extinctions for Delta=0.0370048
[2019-11-30 17:11:19] Probability of getting one or more extinctions for Delta=0.0370048 is 0.459
[2019-11-30 17:11:19] Computing probability of getting one or more extinctions for Delta=0.0373345
[2019-11-30 17:11:49] Probability of getting one or more extinctions for Delta=0.0373345 is 0.522
[2019-11-30 17:11:49] Computing probability of getting one or more extinctions for Delta=0.0376641
[2019-11-30 17:12:38] Probability of getting one or more extinctions for Delta=0.0376641 is 0.493
[2019-11-30 17:12:38] Computing probability of getting one or more extinctions for Delta=0.0379938
[2019-11-30 17:13:22] Probability of getting one or more extinctions for Delta=0.0379938 is 0.496
[2019-11-30 17:13:22] Computing probability of getting one or more extinctions for Delta=0.0383234
[2019-11-30 17:14:08] Probability of getting one or more extinctions for Delta=0.0383234 is 0.545
[2019-11-30 17:14:08] Computing probability of getting one or more extinctions for Delta=0.0386531
[2019-11-30 17:14:50] Probability of getting one or more extinctions for Delta=0.0386531 is 0.541
[2019-11-30 17:14:50] Computing probability of getting one or more extinctions for Delta=0.0389827
[2019-11-30 17:15:32] Probability of getting one or more extinctions for Delta=0.0389827 is 0.565
[2019-11-30 17:15:32] Now fitting the 10 chosen into the specific function
[2019-11-30 17:15:32] Now we find the zero of the fit to determine delta critical (parameters = 38.2136 -2939.7 74190 -612691)
[2019-11-30 17:15:32] We interpret the fitting parameters as coefficients of a degree 3 polynomial (which should be true, please check that)
[2019-11-30 17:15:32] Found three potential roots, compute which one is the best (100 runs per point)
[2019-11-30 17:15:32] Please implement the different equilibrium modes in case of three roots
[2019-11-30 17:15:32]  zero estimated at -1
[2019-11-30 17:15:32] Computed critical delta for ./matrices/Nr25_Nc25/RandTrix_Nr25_Nc25_Nest0.5_Conn0.0816.txt
[2019-11-30 17:15:32] Attempting now to find the critical delta for the given set of metaparameters
[2019-11-30 17:15:32] Computing probability of getting one or more extinctions for Delta=0
[2019-11-30 17:15:32] Probability of getting one or more extinctions for Delta=0 is 0
[2019-11-30 17:15:32] Computing probability of getting one or more extinctions for Delta=1
[2019-11-30 17:15:33] Probability of getting one or more extinctions for Delta=1 is 1
[2019-11-30 17:15:33] We first find a rough interval where the critical delta should lie (each point computed by the solver is estimated with 100 runs)
[2019-11-30 17:15:33] Computing probability of getting one or more extinctions for Delta=0.5
[2019-11-30 17:15:33] Probability of getting one or more extinctions for Delta=0.5 is 1
[2019-11-30 17:15:33] Computing probability of getting one or more extinctions for Delta=0.25
[2019-11-30 17:15:34] Probability of getting one or more extinctions for Delta=0.25 is 1
[2019-11-30 17:15:34] Computing probability of getting one or more extinctions for Delta=0.125
[2019-11-30 17:15:35] Probability of getting one or more extinctions for Delta=0.125 is 1
[2019-11-30 17:15:35] Computing probability of getting one or more extinctions for Delta=0.0625
[2019-11-30 17:15:38] Probability of getting one or more extinctions for Delta=0.0625 is 0.88
[2019-11-30 17:15:38] Computing probability of getting one or more extinctions for Delta=0.0355114
[2019-11-30 17:15:43] Probability of getting one or more extinctions for Delta=0.0355114 is 0.45
[2019-11-30 17:15:43] Computing probability of getting one or more extinctions for Delta=0.0386496
[2019-11-30 17:15:48] Probability of getting one or more extinctions for Delta=0.0386496 is 0.52
[2019-11-30 17:15:48] Found an interval for Delta critical : [0.0355114;0.0386496]
[2019-11-30 17:15:48] Now computing the probability of getting more than one extinction for ten points inside this interval (1000 runs per point)
[2019-11-30 17:15:48] Computing probability of getting one or more extinctions for Delta=0.0355114
[2019-11-30 17:16:55] Probability of getting one or more extinctions for Delta=0.0355114 is 0.418
[2019-11-30 17:16:55] Computing probability of getting one or more extinctions for Delta=0.0358601
[2019-11-30 17:18:01] Probability of getting one or more extinctions for Delta=0.0358601 is 0.406
[2019-11-30 17:18:01] Computing probability of getting one or more extinctions for Delta=0.0362087
[2019-11-30 17:19:06] Probability of getting one or more extinctions for Delta=0.0362087 is 0.418
[2019-11-30 17:19:06] Computing probability of getting one or more extinctions for Delta=0.0365574
[2019-11-30 17:19:59] Probability of getting one or more extinctions for Delta=0.0365574 is 0.434
[2019-11-30 17:19:59] Computing probability of getting one or more extinctions for Delta=0.0369061
[2019-11-30 17:20:56] Probability of getting one or more extinctions for Delta=0.0369061 is 0.432
[2019-11-30 17:20:56] Computing probability of getting one or more extinctions for Delta=0.0372548
[2019-11-30 17:21:59] Probability of getting one or more extinctions for Delta=0.0372548 is 0.466
[2019-11-30 17:21:59] Computing probability of getting one or more extinctions for Delta=0.0376035
[2019-11-30 17:23:00] Probability of getting one or more extinctions for Delta=0.0376035 is 0.464
[2019-11-30 17:23:00] Computing probability of getting one or more extinctions for Delta=0.0379522
[2019-11-30 17:24:06] Probability of getting one or more extinctions for Delta=0.0379522 is 0.455
[2019-11-30 17:24:06] Computing probability of getting one or more extinctions for Delta=0.0383009
[2019-11-30 17:25:02] Probability of getting one or more extinctions for Delta=0.0383009 is 0.489
[2019-11-30 17:25:02] Computing probability of getting one or more extinctions for Delta=0.0386496
[2019-11-30 17:25:58] Probability of getting one or more extinctions for Delta=0.0386496 is 0.508
[2019-11-30 17:25:58] Now fitting the 10 chosen into the specific function
[2019-11-30 17:25:58] Now we find the zero of the fit to determine delta critical (parameters = 3.14736 -102.1 -2277.6 72832.8)
[2019-11-30 17:25:58] We interpret the fitting parameters as coefficients of a degree 3 polynomial (which should be true, please check that)
[2019-11-30 17:25:58] Found three potential roots, compute which one is the best (100 runs per point)
[2019-11-30 17:25:58] Please implement the different equilibrium modes in case of three roots
[2019-11-30 17:25:58]  zero estimated at -1
[2019-11-30 17:25:58] Computed critical delta for ./matrices/Nr25_Nc25/RandTrix_Nr25_Nc25_Nest0.5_Conn0.128.txt
[2019-11-30 17:25:58] Attempting now to find the critical delta for the given set of metaparameters
[2019-11-30 17:25:58] Computing probability of getting one or more extinctions for Delta=0
[2019-11-30 17:25:58] Probability of getting one or more extinctions for Delta=0 is 0
[2019-11-30 17:25:58] Computing probability of getting one or more extinctions for Delta=1
[2019-11-30 17:25:59] Probability of getting one or more extinctions for Delta=1 is 1
[2019-11-30 17:25:59] We first find a rough interval where the critical delta should lie (each point computed by the solver is estimated with 100 runs)
[2019-11-30 17:25:59] Computing probability of getting one or more extinctions for Delta=0.5
[2019-11-30 17:25:59] Probability of getting one or more extinctions for Delta=0.5 is 1
[2019-11-30 17:25:59] Computing probability of getting one or more extinctions for Delta=0.25
[2019-11-30 17:26:00] Probability of getting one or more extinctions for Delta=0.25 is 1
[2019-11-30 17:26:00] Computing probability of getting one or more extinctions for Delta=0.125
[2019-11-30 17:26:01] Probability of getting one or more extinctions for Delta=0.125 is 1
[2019-11-30 17:26:01] Computing probability of getting one or more extinctions for Delta=0.0625
[2019-11-30 17:26:03] Probability of getting one or more extinctions for Delta=0.0625 is 0.99
[2019-11-30 17:26:03] Computing probability of getting one or more extinctions for Delta=0.0315657
[2019-11-30 17:26:13] Probability of getting one or more extinctions for Delta=0.0315657 is 0.42
[2019-11-30 17:26:13] Computing probability of getting one or more extinctions for Delta=0.0359073
[2019-11-30 17:26:20] Probability of getting one or more extinctions for Delta=0.0359073 is 0.57
[2019-11-30 17:26:20] Computing probability of getting one or more extinctions for Delta=0.0338812
[2019-11-30 17:26:27] Probability of getting one or more extinctions for Delta=0.0338812 is 0.52
[2019-11-30 17:26:27] Found an interval for Delta critical : [0.0315657;0.0338812]
[2019-11-30 17:26:27] Now computing the probability of getting more than one extinction for ten points inside this interval (1000 runs per point)
[2019-11-30 17:26:27] Computing probability of getting one or more extinctions for Delta=0.0315657
[2019-11-30 17:28:03] Probability of getting one or more extinctions for Delta=0.0315657 is 0.396
[2019-11-30 17:28:03] Computing probability of getting one or more extinctions for Delta=0.0318229
[2019-11-30 17:29:32] Probability of getting one or more extinctions for Delta=0.0318229 is 0.431
[2019-11-30 17:29:32] Computing probability of getting one or more extinctions for Delta=0.0320802
[2019-11-30 17:30:59] Probability of getting one or more extinctions for Delta=0.0320802 is 0.47
[2019-11-30 17:30:59] Computing probability of getting one or more extinctions for Delta=0.0323375
[2019-11-30 17:32:35] Probability of getting one or more extinctions for Delta=0.0323375 is 0.436
[2019-11-30 17:32:35] Computing probability of getting one or more extinctions for Delta=0.0325948
[2019-11-30 17:34:07] Probability of getting one or more extinctions for Delta=0.0325948 is 0.476
[2019-11-30 17:34:07] Computing probability of getting one or more extinctions for Delta=0.0328521
[2019-11-30 17:35:40] Probability of getting one or more extinctions for Delta=0.0328521 is 0.458
[2019-11-30 17:35:40] Computing probability of getting one or more extinctions for Delta=0.0331094
[2019-11-30 21:54:06] Probability of getting one or more extinctions for Delta=0.0331094 is 0.483
[2019-11-30 21:54:06] Computing probability of getting one or more extinctions for Delta=0.0333666
[2019-11-30 21:54:51] Probability of getting one or more extinctions for Delta=0.0333666 is 0.513
[2019-11-30 21:54:51] Computing probability of getting one or more extinctions for Delta=0.0336239
[2019-11-30 21:55:41] Probability of getting one or more extinctions for Delta=0.0336239 is 0.5
[2019-11-30 21:55:41] Computing probability of getting one or more extinctions for Delta=0.0338812
[2019-11-30 21:56:25] Probability of getting one or more extinctions for Delta=0.0338812 is 0.512
[2019-11-30 21:56:25] Now fitting the 10 chosen into the specific function
[2019-11-30 21:56:25] Now we find the zero of the fit to determine delta critical (parameters = -474.927 43164.6 -1.30862e+06 1.32334e+07)
[2019-11-30 21:56:25] We interpret the fitting parameters as coefficients of a degree 3 polynomial (which should be true, please check that)
[2019-11-30 21:56:25]  zero estimated at 0.0335646
[2019-11-30 21:56:25] Computed critical delta for ./matrices/Nr25_Nc25/RandTrix_Nr25_Nc25_Nest0.5_Conn0.1776.txt
[2019-11-30 21:56:25] Attempting now to find the critical delta for the given set of metaparameters
[2019-11-30 21:56:25] Computing probability of getting one or more extinctions for Delta=0
[2019-11-30 21:56:25] Probability of getting one or more extinctions for Delta=0 is 0
[2019-11-30 21:56:25] Computing probability of getting one or more extinctions for Delta=1
[2019-11-30 21:56:25] Probability of getting one or more extinctions for Delta=1 is 1
[2019-11-30 21:56:25] We first find a rough interval where the critical delta should lie (each point computed by the solver is estimated with 100 runs)
[2019-11-30 21:56:25] Computing probability of getting one or more extinctions for Delta=0.5
[2019-11-30 21:56:26] Probability of getting one or more extinctions for Delta=0.5 is 1
[2019-11-30 21:56:26] Computing probability of getting one or more extinctions for Delta=0.25
[2019-11-30 21:56:26] Probability of getting one or more extinctions for Delta=0.25 is 1
[2019-11-30 21:56:26] Computing probability of getting one or more extinctions for Delta=0.125
[2019-11-30 21:56:27] Probability of getting one or more extinctions for Delta=0.125 is 1
[2019-11-30 21:56:27] Computing probability of getting one or more extinctions for Delta=0.0625
[2019-11-30 21:56:28] Probability of getting one or more extinctions for Delta=0.0625 is 1
[2019-11-30 21:56:28] Computing probability of getting one or more extinctions for Delta=0.03125
[2019-11-30 21:56:31] Probability of getting one or more extinctions for Delta=0.03125 is 1
[2019-11-30 21:56:31] Computing probability of getting one or more extinctions for Delta=0.015625
[2019-11-30 21:57:20] Probability of getting one or more extinctions for Delta=0.015625 is 0.68
[2019-11-30 21:57:20] Computing probability of getting one or more extinctions for Delta=0.011489
[2019-11-30 21:58:28] Probability of getting one or more extinctions for Delta=0.011489 is 0.43
[2019-11-30 21:58:28] Computing probability of getting one or more extinctions for Delta=0.0126471
[2019-11-30 21:59:04] Probability of getting one or more extinctions for Delta=0.0126471 is 0.45
[2019-11-30 21:59:04] Computing probability of getting one or more extinctions for Delta=0.014136
[2019-11-30 21:59:35] Probability of getting one or more extinctions for Delta=0.014136 is 0.59
[2019-11-30 21:59:35] Computing probability of getting one or more extinctions for Delta=0.0131788
[2019-11-30 22:00:23] Probability of getting one or more extinctions for Delta=0.0131788 is 0.51
[2019-11-30 22:00:23] Found an interval for Delta critical : [0.0126471;0.0131788]
[2019-11-30 22:00:23] Now computing the probability of getting more than one extinction for ten points inside this interval (1000 runs per point)
[2019-11-30 22:00:23] Computing probability of getting one or more extinctions for Delta=0.0126471
[2019-11-30 22:11:26] Probability of getting one or more extinctions for Delta=0.0126471 is 0.483
[2019-11-30 22:11:26] Computing probability of getting one or more extinctions for Delta=0.0127061
[2019-11-30 22:21:55] Probability of getting one or more extinctions for Delta=0.0127061 is 0.537
[2019-11-30 22:21:55] Computing probability of getting one or more extinctions for Delta=0.0127652
[2019-11-30 22:34:48] Probability of getting one or more extinctions for Delta=0.0127652 is 0.509
[2019-11-30 22:34:48] Computing probability of getting one or more extinctions for Delta=0.0128243
[2019-11-30 22:42:05] Probability of getting one or more extinctions for Delta=0.0128243 is 0.493
[2019-11-30 22:42:05] Computing probability of getting one or more extinctions for Delta=0.0128834
[2019-11-30 22:49:18] Probability of getting one or more extinctions for Delta=0.0128834 is 0.51
[2019-11-30 22:49:18] Computing probability of getting one or more extinctions for Delta=0.0129425
[2019-11-30 22:58:55] Probability of getting one or more extinctions for Delta=0.0129425 is 0.488
[2019-11-30 22:58:55] Computing probability of getting one or more extinctions for Delta=0.0130016
[2019-11-30 23:08:16] Probability of getting one or more extinctions for Delta=0.0130016 is 0.514
[2019-11-30 23:08:16] Computing probability of getting one or more extinctions for Delta=0.0130607
[2019-11-30 23:14:43] Probability of getting one or more extinctions for Delta=0.0130607 is 0.532
[2019-11-30 23:14:43] Computing probability of getting one or more extinctions for Delta=0.0131197
[2019-11-30 23:23:09] Probability of getting one or more extinctions for Delta=0.0131197 is 0.486
[2019-11-30 23:23:09] Computing probability of getting one or more extinctions for Delta=0.0131788
[2019-11-30 23:35:25] Probability of getting one or more extinctions for Delta=0.0131788 is 0.536
[2019-11-30 23:35:25] Now fitting the 10 chosen into the specific function
[2019-11-30 23:35:25] Now we find the zero of the fit to determine delta critical (parameters = -3539.37 823884 -6.39223e+07 1.65305e+09)
[2019-11-30 23:35:25] We interpret the fitting parameters as coefficients of a degree 3 polynomial (which should be true, please check that)
[2019-11-30 23:35:25]  zero estimated at 0.0126584
[2019-11-30 23:35:25] Computed critical delta for ./matrices/Nr25_Nc25/RandTrix_Nr25_Nc25_Nest0.5_Conn0.2208.txt
[2019-11-30 23:35:25] Attempting now to find the critical delta for the given set of metaparameters
[2019-11-30 23:35:25] Computing probability of getting one or more extinctions for Delta=0
[2019-11-30 23:35:25] Probability of getting one or more extinctions for Delta=0 is 0
[2019-11-30 23:35:25] Computing probability of getting one or more extinctions for Delta=1
[2019-11-30 23:35:26] Probability of getting one or more extinctions for Delta=1 is 1
[2019-11-30 23:35:26] We first find a rough interval where the critical delta should lie (each point computed by the solver is estimated with 100 runs)
[2019-11-30 23:35:26] Computing probability of getting one or more extinctions for Delta=0.5
[2019-11-30 23:35:26] Probability of getting one or more extinctions for Delta=0.5 is 1
[2019-11-30 23:35:26] Computing probability of getting one or more extinctions for Delta=0.25
[2019-11-30 23:35:27] Probability of getting one or more extinctions for Delta=0.25 is 1
[2019-11-30 23:35:27] Computing probability of getting one or more extinctions for Delta=0.125
[2019-11-30 23:35:28] Probability of getting one or more extinctions for Delta=0.125 is 1
[2019-11-30 23:35:28] Computing probability of getting one or more extinctions for Delta=0.0625
[2019-11-30 23:35:30] Probability of getting one or more extinctions for Delta=0.0625 is 1
[2019-11-30 23:35:30] Computing probability of getting one or more extinctions for Delta=0.03125
[2019-11-30 23:35:39] Probability of getting one or more extinctions for Delta=0.03125 is 0.99
[2019-11-30 23:35:39] Computing probability of getting one or more extinctions for Delta=0.0157828
[2019-11-30 23:37:41] Probability of getting one or more extinctions for Delta=0.0157828 is 0.85
[2019-11-30 23:37:41] Computing probability of getting one or more extinctions for Delta=0.00789141
[2019-12-01 00:08:25] Probability of getting one or more extinctions for Delta=0.00789141 is 0.33
[2019-12-01 00:08:25] Computing probability of getting one or more extinctions for Delta=0.0104713
[2019-12-01 00:19:19] Probability of getting one or more extinctions for Delta=0.0104713 is 0.64
[2019-12-01 00:19:19] Computing probability of getting one or more extinctions for Delta=0.00930619
[2019-12-01 00:31:14] Probability of getting one or more extinctions for Delta=0.00930619 is 0.5
[2019-12-01 00:31:14] Computing probability of getting one or more extinctions for Delta=0.00930619
[2019-12-01 00:44:02] Probability of getting one or more extinctions for Delta=0.00930619 is 0.48
[2019-12-01 00:44:02] Found an interval for Delta critical : [0.00930619;0.00930619]
[2019-12-01 00:44:02] Now computing the probability of getting more than one extinction for ten points inside this interval (1000 runs per point)
[2019-12-01 00:44:02] Computing probability of getting one or more extinctions for Delta=0.00930619
[2019-12-01 03:10:55] Probability of getting one or more extinctions for Delta=0.00930619 is 0.477
[2019-12-01 03:10:55] Computing probability of getting one or more extinctions for Delta=0.00930619
[2019-12-01 05:28:38] Probability of getting one or more extinctions for Delta=0.00930619 is 0.485
[2019-12-01 05:28:38] Computing probability of getting one or more extinctions for Delta=0.00930619
[2019-12-01 07:57:30] Probability of getting one or more extinctions for Delta=0.00930619 is 0.5
[2019-12-01 07:57:30] Computing probability of getting one or more extinctions for Delta=0.00930619
[2019-12-01 10:19:55] Probability of getting one or more extinctions for Delta=0.00930619 is 0.531
[2019-12-01 10:19:55] Computing probability of getting one or more extinctions for Delta=0.00930619
[2019-12-01 13:00:09] Probability of getting one or more extinctions for Delta=0.00930619 is 0.479
[2019-12-01 13:00:09] Computing probability of getting one or more extinctions for Delta=0.00930619
[2019-12-01 15:07:20] Probability of getting one or more extinctions for Delta=0.00930619 is 0.493
[2019-12-01 15:07:20] Computing probability of getting one or more extinctions for Delta=0.00930619
[2019-12-01 17:01:31] Probability of getting one or more extinctions for Delta=0.00930619 is 0.522
[2019-12-01 17:01:31] Computing probability of getting one or more extinctions for Delta=0.00930619
[2019-12-01 19:36:07] Probability of getting one or more extinctions for Delta=0.00930619 is 0.479
[2019-12-01 19:36:07] Computing probability of getting one or more extinctions for Delta=0.00930619
[2019-12-01 22:04:11] Probability of getting one or more extinctions for Delta=0.00930619 is 0.493
[2019-12-01 22:04:11] Computing probability of getting one or more extinctions for Delta=0.00930619
[2019-12-02 00:26:45] Probability of getting one or more extinctions for Delta=0.00930619 is 0.483
[2019-12-02 00:26:45] Now fitting the 10 chosen into the specific function
[2019-12-02 00:26:45] Now we find the zero of the fit to determine delta critical (parameters = 0.746304 -26.261 -2928.33 -315282)
[2019-12-02 00:26:45] We interpret the fitting parameters as coefficients of a degree 3 polynomial (which should be true, please check that)
[2019-12-02 00:26:45]  zero estimated at 0.00927044
[2019-12-02 00:26:45] Computed critical delta for ./matrices/Nr25_Nc25/RandTrix_Nr25_Nc25_Nest0.5_Conn0.2736.txt
[2019-12-02 00:26:45] Attempting now to find the critical delta for the given set of metaparameters
[2019-12-02 00:26:45] Computing probability of getting one or more extinctions for Delta=0
[2019-12-02 00:26:45] Probability of getting one or more extinctions for Delta=0 is 0
[2019-12-02 00:26:45] Computing probability of getting one or more extinctions for Delta=1
[2019-12-02 00:26:45] Probability of getting one or more extinctions for Delta=1 is 1
[2019-12-02 00:26:45] We first find a rough interval where the critical delta should lie (each point computed by the solver is estimated with 100 runs)
[2019-12-02 00:26:45] Computing probability of getting one or more extinctions for Delta=0.5
[2019-12-02 00:26:45] Probability of getting one or more extinctions for Delta=0.5 is 1
[2019-12-02 00:26:45] Computing probability of getting one or more extinctions for Delta=0.25
[2019-12-02 00:26:46] Probability of getting one or more extinctions for Delta=0.25 is 1
[2019-12-02 00:26:46] Computing probability of getting one or more extinctions for Delta=0.125
[2019-12-02 00:26:46] Probability of getting one or more extinctions for Delta=0.125 is 1
[2019-12-02 00:26:46] Computing probability of getting one or more extinctions for Delta=0.0625
[2019-12-02 00:26:48] Probability of getting one or more extinctions for Delta=0.0625 is 1
[2019-12-02 00:26:48] Computing probability of getting one or more extinctions for Delta=0.03125
[2019-12-02 00:26:55] Probability of getting one or more extinctions for Delta=0.03125 is 0.96
[2019-12-02 00:26:55] Computing probability of getting one or more extinctions for Delta=0.016276
[2019-12-02 00:27:35] Probability of getting one or more extinctions for Delta=0.016276 is 0.87
[2019-12-02 00:27:35] Computing probability of getting one or more extinctions for Delta=0.00813802
[2019-12-02 00:32:27] Probability of getting one or more extinctions for Delta=0.00813802 is 0.44
[2019-12-02 00:32:27] Computing probability of getting one or more extinctions for Delta=0.00927356
[2019-12-02 00:35:34] Probability of getting one or more extinctions for Delta=0.00927356 is 0.5
[2019-12-02 00:35:34] Computing probability of getting one or more extinctions for Delta=0.00927356
[2019-12-02 00:38:08] Probability of getting one or more extinctions for Delta=0.00927356 is 0.54
[2019-12-02 00:38:08] Computing probability of getting one or more extinctions for Delta=0.00870579
[2019-12-02 00:46:52] Probability of getting one or more extinctions for Delta=0.00870579 is 0.5
[2019-12-02 00:46:52] Found an interval for Delta critical : [0.00813802;0.00870579]
[2019-12-02 00:46:52] Now computing the probability of getting more than one extinction for ten points inside this interval (1000 runs per point)
[2019-12-02 00:46:52] Computing probability of getting one or more extinctions for Delta=0.00813802
[2019-12-02 01:48:32] Probability of getting one or more extinctions for Delta=0.00813802 is 0.406
[2019-12-02 01:48:32] Computing probability of getting one or more extinctions for Delta=0.00820111
[2019-12-02 02:39:58] Probability of getting one or more extinctions for Delta=0.00820111 is 0.425
[2019-12-02 02:39:58] Computing probability of getting one or more extinctions for Delta=0.00826419
[2019-12-02 03:15:57] Probability of getting one or more extinctions for Delta=0.00826419 is 0.487
[2019-12-02 03:15:57] Computing probability of getting one or more extinctions for Delta=0.00832728
[2019-12-02 04:06:35] Probability of getting one or more extinctions for Delta=0.00832728 is 0.462
[2019-12-02 04:06:35] Computing probability of getting one or more extinctions for Delta=0.00839036
[2019-12-02 04:53:24] Probability of getting one or more extinctions for Delta=0.00839036 is 0.456
[2019-12-02 04:53:24] Computing probability of getting one or more extinctions for Delta=0.00845345
[2019-12-02 05:52:52] Probability of getting one or more extinctions for Delta=0.00845345 is 0.466
[2019-12-02 05:52:52] Computing probability of getting one or more extinctions for Delta=0.00851653
[2019-12-02 06:34:24] Probability of getting one or more extinctions for Delta=0.00851653 is 0.456
[2019-12-02 06:34:24] Computing probability of getting one or more extinctions for Delta=0.00857962
[2019-12-02 07:22:52] Probability of getting one or more extinctions for Delta=0.00857962 is 0.461
[2019-12-02 07:22:52] Computing probability of getting one or more extinctions for Delta=0.0086427
[2019-12-02 08:12:53] Probability of getting one or more extinctions for Delta=0.0086427 is 0.467
[2019-12-02 08:12:53] Computing probability of getting one or more extinctions for Delta=0.00870579
[2019-12-02 09:02:17] Probability of getting one or more extinctions for Delta=0.00870579 is 0.489
[2019-12-02 09:02:17] Now fitting the 10 chosen into the specific function
[2019-12-02 09:02:17] Now we find the zero of the fit to determine delta critical (parameters = -1804.34 641002 -7.58971e+07 2.99507e+09)
[2019-12-02 09:02:17] We interpret the fitting parameters as coefficients of a degree 3 polynomial (which should be true, please check that)
[2019-12-02 09:02:17]  zero estimated at 0.00872332
[2019-12-02 09:02:17] Computed critical delta for ./matrices/Nr25_Nc25/RandTrix_Nr25_Nc25_Nest0.5_Conn0.32.txt
[2019-12-02 09:02:17] Attempting now to find the critical delta for the given set of metaparameters
[2019-12-02 09:02:17] Computing probability of getting one or more extinctions for Delta=0
[2019-12-02 09:02:17] Cannot open file.
[2019-12-02 09:02:17] Returning empty food matrix
[2019-12-02 09:02:17] Problem in the food matrix, species 0 does not eat anything.
