[2019-12-01 09:30:09] Loading metaparameters from config/configuration_comparison_NR25_NS25_s05_a1.in
[2019-12-01 09:30:09] Successfully opened ./data_output/configuration_comparison_NR25_NS25_s05_a1_matrix_list_NR25_NS25_3.out, attempting now to find the critical delta of every listed matrix 
[2019-12-01 09:30:09] Attempting now to find the critical delta for the given set of metaparameters
[2019-12-01 09:30:09] Computing probability of getting one or more extinctions for Delta=0
[2019-12-01 09:30:09] Probability of getting one or more extinctions for Delta=0 is 0
[2019-12-01 09:30:09] Computing probability of getting one or more extinctions for Delta=1
[2019-12-01 09:30:10] Probability of getting one or more extinctions for Delta=1 is 1
[2019-12-01 09:30:10] We first find a rough interval where the critical delta should lie (each point computed by the solver is estimated with 100 runs)
[2019-12-01 09:30:10] Computing probability of getting one or more extinctions for Delta=0.5
[2019-12-01 09:30:10] Probability of getting one or more extinctions for Delta=0.5 is 1
[2019-12-01 09:30:10] Computing probability of getting one or more extinctions for Delta=0.25
[2019-12-01 09:30:11] Probability of getting one or more extinctions for Delta=0.25 is 1
[2019-12-01 09:30:11] Computing probability of getting one or more extinctions for Delta=0.125
[2019-12-01 09:30:12] Probability of getting one or more extinctions for Delta=0.125 is 1
[2019-12-01 09:30:12] Computing probability of getting one or more extinctions for Delta=0.0625
[2019-12-01 09:30:13] Probability of getting one or more extinctions for Delta=0.0625 is 1
[2019-12-01 09:30:13] Computing probability of getting one or more extinctions for Delta=0.03125
[2019-12-01 09:30:18] Probability of getting one or more extinctions for Delta=0.03125 is 0.99
[2019-12-01 09:30:18] Computing probability of getting one or more extinctions for Delta=0.0157828
[2019-12-01 09:31:22] Probability of getting one or more extinctions for Delta=0.0157828 is 0.65
[2019-12-01 09:31:22] Computing probability of getting one or more extinctions for Delta=0.0105338
[2019-12-01 09:32:19] Probability of getting one or more extinctions for Delta=0.0105338 is 0.21
[2019-12-01 09:32:19] Computing probability of getting one or more extinctions for Delta=0.0139934
[2019-12-01 09:33:07] Probability of getting one or more extinctions for Delta=0.0139934 is 0.53
[2019-12-01 09:33:07] Computing probability of getting one or more extinctions for Delta=0.013588
[2019-12-01 09:33:45] Probability of getting one or more extinctions for Delta=0.013588 is 0.52
[2019-12-01 09:33:45] Computing probability of getting one or more extinctions for Delta=0.0128347
[2019-12-01 09:34:33] Probability of getting one or more extinctions for Delta=0.0128347 is 0.46
[2019-12-01 09:34:33] Found an interval for Delta critical : [0.0128347;0.013588]
[2019-12-01 09:34:33] Now computing the probability of getting more than one extinction for ten points inside this interval (1000 runs per point)
[2019-12-01 09:34:33] Computing probability of getting one or more extinctions for Delta=0.0128347
[2019-12-01 09:42:33] Probability of getting one or more extinctions for Delta=0.0128347 is 0.445
[2019-12-01 09:42:33] Computing probability of getting one or more extinctions for Delta=0.0129184
[2019-12-01 09:51:22] Probability of getting one or more extinctions for Delta=0.0129184 is 0.418
[2019-12-01 09:51:22] Computing probability of getting one or more extinctions for Delta=0.0130021
[2019-12-01 10:00:13] Probability of getting one or more extinctions for Delta=0.0130021 is 0.453
[2019-12-01 10:00:13] Computing probability of getting one or more extinctions for Delta=0.0130858
[2019-12-01 10:07:41] Probability of getting one or more extinctions for Delta=0.0130858 is 0.478
[2019-12-01 10:07:41] Computing probability of getting one or more extinctions for Delta=0.0131695
[2019-12-01 10:15:30] Probability of getting one or more extinctions for Delta=0.0131695 is 0.436
[2019-12-01 10:15:30] Computing probability of getting one or more extinctions for Delta=0.0132532
[2019-12-01 10:23:03] Probability of getting one or more extinctions for Delta=0.0132532 is 0.478
[2019-12-01 10:23:03] Computing probability of getting one or more extinctions for Delta=0.0133369
[2019-12-01 10:34:57] Probability of getting one or more extinctions for Delta=0.0133369 is 0.47
[2019-12-01 10:34:57] Computing probability of getting one or more extinctions for Delta=0.0134206
[2019-12-01 10:49:12] Probability of getting one or more extinctions for Delta=0.0134206 is 0.461
[2019-12-01 10:49:12] Computing probability of getting one or more extinctions for Delta=0.0135043
[2019-12-01 11:00:22] Probability of getting one or more extinctions for Delta=0.0135043 is 0.494
[2019-12-01 11:00:22] Computing probability of getting one or more extinctions for Delta=0.013588
[2019-12-01 11:07:55] Probability of getting one or more extinctions for Delta=0.013588 is 0.5
[2019-12-01 11:07:55] Now fitting the 10 chosen into the specific function
[2019-12-01 11:07:55] Now we find the zero of the fit to determine delta critical (parameters = -532.787 121438 -9.23108e+06 2.34e+08)
[2019-12-01 11:07:55] We interpret the fitting parameters as coefficients of a degree 3 polynomial (which should be true, please check that)
[2019-12-01 11:07:55]  zero estimated at 0.013588
[2019-12-01 11:07:55] Computed critical delta for ./matrices/Nr25_Nc25/RandTrix_Nr25_Nc25_Nest0.2_Conn0.168.txt
[2019-12-01 11:07:55] Attempting now to find the critical delta for the given set of metaparameters
[2019-12-01 11:07:55] Computing probability of getting one or more extinctions for Delta=0
[2019-12-01 11:07:55] Probability of getting one or more extinctions for Delta=0 is 0
[2019-12-01 11:07:55] Computing probability of getting one or more extinctions for Delta=1
[2019-12-01 11:07:55] Probability of getting one or more extinctions for Delta=1 is 1
[2019-12-01 11:07:55] We first find a rough interval where the critical delta should lie (each point computed by the solver is estimated with 100 runs)
[2019-12-01 11:07:55] Computing probability of getting one or more extinctions for Delta=0.5
[2019-12-01 11:07:55] Probability of getting one or more extinctions for Delta=0.5 is 1
[2019-12-01 11:07:55] Computing probability of getting one or more extinctions for Delta=0.25
[2019-12-01 11:07:56] Probability of getting one or more extinctions for Delta=0.25 is 1
[2019-12-01 11:07:56] Computing probability of getting one or more extinctions for Delta=0.125
[2019-12-01 11:07:56] Probability of getting one or more extinctions for Delta=0.125 is 0.99
[2019-12-01 11:07:56] Computing probability of getting one or more extinctions for Delta=0.0631313
[2019-12-01 11:07:57] Probability of getting one or more extinctions for Delta=0.0631313 is 0.76
[2019-12-01 11:07:57] Computing probability of getting one or more extinctions for Delta=0.0171191
[2019-12-01 11:07:58] Probability of getting one or more extinctions for Delta=0.0171191 is 0
[2019-12-01 11:07:58] Computing probability of getting one or more extinctions for Delta=0.0473903
[2019-12-01 11:08:00] Probability of getting one or more extinctions for Delta=0.0473903 is 0.59
[2019-12-01 11:08:00] Computing probability of getting one or more extinctions for Delta=0.040328
[2019-12-01 11:08:02] Probability of getting one or more extinctions for Delta=0.040328 is 0.39
[2019-12-01 11:08:02] Computing probability of getting one or more extinctions for Delta=0.0442123
[2019-12-01 11:08:04] Probability of getting one or more extinctions for Delta=0.0442123 is 0.53
[2019-12-01 11:08:04] Found an interval for Delta critical : [0.040328;0.0442123]
[2019-12-01 11:08:04] Now computing the probability of getting more than one extinction for ten points inside this interval (1000 runs per point)
[2019-12-01 11:08:04] Computing probability of getting one or more extinctions for Delta=0.040328
[2019-12-01 11:08:26] Probability of getting one or more extinctions for Delta=0.040328 is 0.492
[2019-12-01 11:08:26] Computing probability of getting one or more extinctions for Delta=0.0407596
[2019-12-01 11:08:49] Probability of getting one or more extinctions for Delta=0.0407596 is 0.485
[2019-12-01 11:08:49] Computing probability of getting one or more extinctions for Delta=0.0411912
[2019-12-01 11:09:12] Probability of getting one or more extinctions for Delta=0.0411912 is 0.497
[2019-12-01 11:09:12] Computing probability of getting one or more extinctions for Delta=0.0416228
[2019-12-01 11:09:32] Probability of getting one or more extinctions for Delta=0.0416228 is 0.539
[2019-12-01 11:09:32] Computing probability of getting one or more extinctions for Delta=0.0420544
[2019-12-01 11:09:53] Probability of getting one or more extinctions for Delta=0.0420544 is 0.488
[2019-12-01 11:09:53] Computing probability of getting one or more extinctions for Delta=0.042486
[2019-12-01 11:10:15] Probability of getting one or more extinctions for Delta=0.042486 is 0.531
[2019-12-01 11:10:15] Computing probability of getting one or more extinctions for Delta=0.0429175
[2019-12-01 11:10:37] Probability of getting one or more extinctions for Delta=0.0429175 is 0.532
[2019-12-01 11:10:37] Computing probability of getting one or more extinctions for Delta=0.0433491
[2019-12-01 11:10:58] Probability of getting one or more extinctions for Delta=0.0433491 is 0.541
[2019-12-01 11:10:58] Computing probability of getting one or more extinctions for Delta=0.0437807
[2019-12-01 11:11:18] Probability of getting one or more extinctions for Delta=0.0437807 is 0.536
[2019-12-01 11:11:18] Computing probability of getting one or more extinctions for Delta=0.0442123
[2019-12-01 11:11:36] Probability of getting one or more extinctions for Delta=0.0442123 is 0.57
[2019-12-01 11:11:36] Now fitting the 10 chosen into the specific function
[2019-12-01 11:11:36] Now we find the zero of the fit to determine delta critical (parameters = -129.417 9234.11 -219904 1.74807e+06)
[2019-12-01 11:11:36] We interpret the fitting parameters as coefficients of a degree 3 polynomial (which should be true, please check that)
[2019-12-01 11:11:36]  zero estimated at 0.0409712
[2019-12-01 11:11:36] Computed critical delta for ./matrices/Nr25_Nc25/RandTrix_Nr25_Nc25_Nest0.35_Conn0.0832.txt
[2019-12-01 11:11:36] Attempting now to find the critical delta for the given set of metaparameters
[2019-12-01 11:11:36] Computing probability of getting one or more extinctions for Delta=0
[2019-12-01 11:11:36] Probability of getting one or more extinctions for Delta=0 is 0
[2019-12-01 11:11:36] Computing probability of getting one or more extinctions for Delta=1
[2019-12-01 11:11:37] Probability of getting one or more extinctions for Delta=1 is 1
[2019-12-01 11:11:37] We first find a rough interval where the critical delta should lie (each point computed by the solver is estimated with 100 runs)
[2019-12-01 11:11:37] Computing probability of getting one or more extinctions for Delta=0.5
[2019-12-01 11:11:37] Probability of getting one or more extinctions for Delta=0.5 is 1
[2019-12-01 11:11:37] Computing probability of getting one or more extinctions for Delta=0.25
[2019-12-01 11:11:37] Probability of getting one or more extinctions for Delta=0.25 is 1
[2019-12-01 11:11:37] Computing probability of getting one or more extinctions for Delta=0.125
[2019-12-01 11:11:38] Probability of getting one or more extinctions for Delta=0.125 is 1
[2019-12-01 11:11:38] Computing probability of getting one or more extinctions for Delta=0.0625
[2019-12-01 11:11:39] Probability of getting one or more extinctions for Delta=0.0625 is 0.96
[2019-12-01 11:11:39] Computing probability of getting one or more extinctions for Delta=0.0325521
[2019-12-01 11:11:43] Probability of getting one or more extinctions for Delta=0.0325521 is 0.5
[2019-12-01 11:11:43] Computing probability of getting one or more extinctions for Delta=0.0325521
[2019-12-01 11:11:48] Probability of getting one or more extinctions for Delta=0.0325521 is 0.48
[2019-12-01 11:11:48] Found an interval for Delta critical : [0.0325521;0.0325521]
[2019-12-01 11:11:48] Now computing the probability of getting more than one extinction for ten points inside this interval (1000 runs per point)
[2019-12-01 11:11:48] Computing probability of getting one or more extinctions for Delta=0.0325521
[2019-12-01 11:12:28] Probability of getting one or more extinctions for Delta=0.0325521 is 0.523
[2019-12-01 11:12:28] Computing probability of getting one or more extinctions for Delta=0.0325521
[2019-12-01 11:13:15] Probability of getting one or more extinctions for Delta=0.0325521 is 0.523
[2019-12-01 11:13:15] Computing probability of getting one or more extinctions for Delta=0.0325521
[2019-12-01 11:14:26] Probability of getting one or more extinctions for Delta=0.0325521 is 0.527
[2019-12-01 11:14:26] Computing probability of getting one or more extinctions for Delta=0.0325521
[2019-12-01 11:15:59] Probability of getting one or more extinctions for Delta=0.0325521 is 0.491
[2019-12-01 11:15:59] Computing probability of getting one or more extinctions for Delta=0.0325521
[2019-12-01 11:17:31] Probability of getting one or more extinctions for Delta=0.0325521 is 0.487
[2019-12-01 11:17:31] Computing probability of getting one or more extinctions for Delta=0.0325521
[2019-12-01 11:18:45] Probability of getting one or more extinctions for Delta=0.0325521 is 0.53
[2019-12-01 11:18:45] Computing probability of getting one or more extinctions for Delta=0.0325521
[2019-12-01 11:19:27] Probability of getting one or more extinctions for Delta=0.0325521 is 0.493
[2019-12-01 11:19:27] Computing probability of getting one or more extinctions for Delta=0.0325521
[2019-12-01 11:20:09] Probability of getting one or more extinctions for Delta=0.0325521 is 0.512
[2019-12-01 11:20:09] Computing probability of getting one or more extinctions for Delta=0.0325521
[2019-12-01 11:20:53] Probability of getting one or more extinctions for Delta=0.0325521 is 0.504
[2019-12-01 11:20:53] Computing probability of getting one or more extinctions for Delta=0.0325521
[2019-12-01 11:21:51] Probability of getting one or more extinctions for Delta=0.0325521 is 0.509
[2019-12-01 11:21:51] Now fitting the 10 chosen into the specific function
[2019-12-01 11:21:51] Now we find the zero of the fit to determine delta critical (parameters = 0.744085 -6.86174 -240.508 -7420.82)
[2019-12-01 11:21:51] We interpret the fitting parameters as coefficients of a degree 3 polynomial (which should be true, please check that)
[2019-12-01 11:21:51]  zero estimated at 0.0327658
[2019-12-01 11:21:51] Computed critical delta for ./matrices/Nr25_Nc25/RandTrix_Nr25_Nc25_Nest0.35_Conn0.1264.txt
[2019-12-01 11:21:51] Attempting now to find the critical delta for the given set of metaparameters
[2019-12-01 11:21:51] Computing probability of getting one or more extinctions for Delta=0
[2019-12-01 11:21:51] Probability of getting one or more extinctions for Delta=0 is 0
[2019-12-01 11:21:51] Computing probability of getting one or more extinctions for Delta=1
[2019-12-01 11:21:52] Probability of getting one or more extinctions for Delta=1 is 1
[2019-12-01 11:21:52] We first find a rough interval where the critical delta should lie (each point computed by the solver is estimated with 100 runs)
[2019-12-01 11:21:52] Computing probability of getting one or more extinctions for Delta=0.5
[2019-12-01 11:21:52] Probability of getting one or more extinctions for Delta=0.5 is 1
[2019-12-01 11:21:52] Computing probability of getting one or more extinctions for Delta=0.25
[2019-12-01 11:21:53] Probability of getting one or more extinctions for Delta=0.25 is 1
[2019-12-01 11:21:53] Computing probability of getting one or more extinctions for Delta=0.125
[2019-12-01 11:21:54] Probability of getting one or more extinctions for Delta=0.125 is 1
[2019-12-01 11:21:54] Computing probability of getting one or more extinctions for Delta=0.0625
[2019-12-01 11:21:55] Probability of getting one or more extinctions for Delta=0.0625 is 1
[2019-12-01 11:21:55] Computing probability of getting one or more extinctions for Delta=0.03125
[2019-12-01 11:22:02] Probability of getting one or more extinctions for Delta=0.03125 is 1
[2019-12-01 11:22:02] Computing probability of getting one or more extinctions for Delta=0.015625
[2019-12-01 11:24:27] Probability of getting one or more extinctions for Delta=0.015625 is 0.76
[2019-12-01 11:24:27] Computing probability of getting one or more extinctions for Delta=0.0102796
[2019-12-01 11:33:56] Probability of getting one or more extinctions for Delta=0.0102796 is 0.65
[2019-12-01 11:33:56] Computing probability of getting one or more extinctions for Delta=0.00467255
[2019-12-01 11:54:27] Probability of getting one or more extinctions for Delta=0.00467255 is 0.23
[2019-12-01 11:54:27] Computing probability of getting one or more extinctions for Delta=0.00827708
[2019-12-01 12:06:14] Probability of getting one or more extinctions for Delta=0.00827708 is 0.43
[2019-12-01 12:06:14] Computing probability of getting one or more extinctions for Delta=0.00891425
[2019-12-01 12:20:01] Probability of getting one or more extinctions for Delta=0.00891425 is 0.46
[2019-12-01 12:20:01] Computing probability of getting one or more extinctions for Delta=0.00958495
[2019-12-01 12:25:42] Probability of getting one or more extinctions for Delta=0.00958495 is 0.5
[2019-12-01 12:25:42] Found an interval for Delta critical : [0.00891425;0.00958495]
[2019-12-01 12:25:42] Now computing the probability of getting more than one extinction for ten points inside this interval (1000 runs per point)
[2019-12-01 12:25:42] Computing probability of getting one or more extinctions for Delta=0.00891425
[2019-12-01 13:28:54] Probability of getting one or more extinctions for Delta=0.00891425 is 0.498
[2019-12-01 13:28:54] Computing probability of getting one or more extinctions for Delta=0.00898877
[2019-12-01 14:27:28] Probability of getting one or more extinctions for Delta=0.00898877 is 0.501
[2019-12-01 14:27:28] Computing probability of getting one or more extinctions for Delta=0.00906329
[2019-12-01 15:39:31] Probability of getting one or more extinctions for Delta=0.00906329 is 0.504
[2019-12-01 15:39:31] Computing probability of getting one or more extinctions for Delta=0.00913782
[2019-12-01 17:08:06] Probability of getting one or more extinctions for Delta=0.00913782 is 0.528
[2019-12-01 17:08:06] Computing probability of getting one or more extinctions for Delta=0.00921234
[2019-12-01 18:35:52] Probability of getting one or more extinctions for Delta=0.00921234 is 0.507
[2019-12-01 18:35:52] Computing probability of getting one or more extinctions for Delta=0.00928686
[2019-12-01 20:11:26] Probability of getting one or more extinctions for Delta=0.00928686 is 0.535
[2019-12-01 20:11:26] Computing probability of getting one or more extinctions for Delta=0.00936138
[2019-12-01 21:34:12] Probability of getting one or more extinctions for Delta=0.00936138 is 0.526
[2019-12-01 21:34:12] Computing probability of getting one or more extinctions for Delta=0.00943591
[2019-12-01 23:17:14] Probability of getting one or more extinctions for Delta=0.00943591 is 0.548
[2019-12-01 23:17:14] Computing probability of getting one or more extinctions for Delta=0.00951043
[2019-12-02 00:25:07] Probability of getting one or more extinctions for Delta=0.00951043 is 0.546
[2019-12-02 00:25:07] Computing probability of getting one or more extinctions for Delta=0.00958495
[2019-12-02 01:18:06] Probability of getting one or more extinctions for Delta=0.00958495 is 0.563
[2019-12-02 01:18:06] Now fitting the 10 chosen into the specific function
[2019-12-02 01:18:06] Now we find the zero of the fit to determine delta critical (parameters = -102.412 33551.8 -3.67172e+06 1.34237e+08)
[2019-12-02 01:18:06] We interpret the fitting parameters as coefficients of a degree 3 polynomial (which should be true, please check that)
[2019-12-02 01:18:06]  zero estimated at 0.00895262
[2019-12-02 01:18:06] Computed critical delta for ./matrices/Nr25_Nc25/RandTrix_Nr25_Nc25_Nest0.35_Conn0.1712.txt
[2019-12-02 01:18:06] Attempting now to find the critical delta for the given set of metaparameters
[2019-12-02 01:18:06] Computing probability of getting one or more extinctions for Delta=0
