[2019-12-02 16:05:57] Loading metaparameters from config/configuration_comparison_NR25_NS25_s05_a1.in
[2019-12-02 16:05:57] Successfully opened ./data_output/configuration_comparison_NR25_NS25_s05_a1_matrix_list_NR25_NS25_8.out, attempting now to find the critical delta of every listed matrix 
[2019-12-02 16:05:57] Attempting now to find the critical delta for the given set of metaparameters
[2019-12-02 16:05:57] Computing probability of getting one or more extinctions for Delta=0
[2019-12-02 16:05:57] Probability of getting one or more extinctions for Delta=0 is 0
[2019-12-02 16:05:57] Computing probability of getting one or more extinctions for Delta=1
[2019-12-02 16:05:58] Probability of getting one or more extinctions for Delta=1 is 1
[2019-12-02 16:05:58] We first find a rough interval where the critical delta should lie (each point computed by the solver is estimated with 100 runs)
[2019-12-02 16:05:58] Computing probability of getting one or more extinctions for Delta=0.5
[2019-12-02 16:05:59] Probability of getting one or more extinctions for Delta=0.5 is 1
[2019-12-02 16:05:59] Computing probability of getting one or more extinctions for Delta=0.25
[2019-12-02 16:06:00] Probability of getting one or more extinctions for Delta=0.25 is 1
[2019-12-02 16:06:00] Computing probability of getting one or more extinctions for Delta=0.125
[2019-12-02 16:06:01] Probability of getting one or more extinctions for Delta=0.125 is 0.96
[2019-12-02 16:06:01] Computing probability of getting one or more extinctions for Delta=0.0651042
[2019-12-02 16:06:03] Probability of getting one or more extinctions for Delta=0.0651042 is 0.92
[2019-12-02 16:06:03] Computing probability of getting one or more extinctions for Delta=0.0325521
[2019-12-02 16:06:07] Probability of getting one or more extinctions for Delta=0.0325521 is 0.36
[2019-12-02 16:06:07] Computing probability of getting one or more extinctions for Delta=0.0406901
[2019-12-02 16:06:10] Probability of getting one or more extinctions for Delta=0.0406901 is 0.64
[2019-12-02 16:06:10] Computing probability of getting one or more extinctions for Delta=0.0366211
[2019-12-02 16:06:13] Probability of getting one or more extinctions for Delta=0.0366211 is 0.59
[2019-12-02 16:06:13] Computing probability of getting one or more extinctions for Delta=0.0350289
[2019-12-02 16:06:16] Probability of getting one or more extinctions for Delta=0.0350289 is 0.45
[2019-12-02 16:06:16] Found an interval for Delta critical : [0.0350289;0.0366211]
[2019-12-02 16:06:16] Now computing the probability of getting more than one extinction for ten points inside this interval (1000 runs per point)
[2019-12-02 16:06:16] Computing probability of getting one or more extinctions for Delta=0.0350289
[2019-12-02 16:06:53] Probability of getting one or more extinctions for Delta=0.0350289 is 0.547
[2019-12-02 16:06:53] Computing probability of getting one or more extinctions for Delta=0.0352058
[2019-12-02 16:07:20] Probability of getting one or more extinctions for Delta=0.0352058 is 0.54
[2019-12-02 16:07:20] Computing probability of getting one or more extinctions for Delta=0.0353827
[2019-12-02 16:08:06] Probability of getting one or more extinctions for Delta=0.0353827 is 0.525
[2019-12-02 16:08:06] Computing probability of getting one or more extinctions for Delta=0.0355596
[2019-12-02 16:08:54] Probability of getting one or more extinctions for Delta=0.0355596 is 0.503
[2019-12-02 16:08:54] Computing probability of getting one or more extinctions for Delta=0.0357365
[2019-12-02 16:09:48] Probability of getting one or more extinctions for Delta=0.0357365 is 0.51
[2019-12-02 16:09:48] Computing probability of getting one or more extinctions for Delta=0.0359134
[2019-12-02 16:10:30] Probability of getting one or more extinctions for Delta=0.0359134 is 0.548
[2019-12-02 16:10:30] Computing probability of getting one or more extinctions for Delta=0.0360904
[2019-12-02 16:10:57] Probability of getting one or more extinctions for Delta=0.0360904 is 0.549
[2019-12-02 16:10:57] Computing probability of getting one or more extinctions for Delta=0.0362673
[2019-12-02 16:11:23] Probability of getting one or more extinctions for Delta=0.0362673 is 0.562
[2019-12-02 16:11:23] Computing probability of getting one or more extinctions for Delta=0.0364442
[2019-12-02 16:11:57] Probability of getting one or more extinctions for Delta=0.0364442 is 0.579
[2019-12-02 16:11:57] Computing probability of getting one or more extinctions for Delta=0.0366211
[2019-12-02 16:12:22] Probability of getting one or more extinctions for Delta=0.0366211 is 0.578
[2019-12-02 16:12:22] Now fitting the 10 chosen into the specific function
[2019-12-02 16:12:22] Now we find the zero of the fit to determine delta critical (parameters = 3985.21 -331637 9.19703e+06 -8.4996e+07)
[2019-12-02 16:12:22] We interpret the fitting parameters as coefficients of a degree 3 polynomial (which should be true, please check that)
[2019-12-02 16:12:22]  zero estimated at 0.0372797
[2019-12-02 16:12:22] Computed critical delta for ./matrices/Nr25_Nc25/RandTrix_Nr25_Nc25_Nest0.4_Conn0.0752.txt
[2019-12-02 16:12:22] Attempting now to find the critical delta for the given set of metaparameters
[2019-12-02 16:12:22] Computing probability of getting one or more extinctions for Delta=0
[2019-12-02 16:12:22] Probability of getting one or more extinctions for Delta=0 is 0
[2019-12-02 16:12:22] Computing probability of getting one or more extinctions for Delta=1
[2019-12-02 16:12:23] Probability of getting one or more extinctions for Delta=1 is 1
[2019-12-02 16:12:23] We first find a rough interval where the critical delta should lie (each point computed by the solver is estimated with 100 runs)
[2019-12-02 16:12:23] Computing probability of getting one or more extinctions for Delta=0.5
[2019-12-02 16:12:23] Probability of getting one or more extinctions for Delta=0.5 is 1
[2019-12-02 16:12:23] Computing probability of getting one or more extinctions for Delta=0.25
[2019-12-02 16:12:23] Probability of getting one or more extinctions for Delta=0.25 is 1
[2019-12-02 16:12:23] Computing probability of getting one or more extinctions for Delta=0.125
[2019-12-02 16:12:24] Probability of getting one or more extinctions for Delta=0.125 is 1
[2019-12-02 16:12:24] Computing probability of getting one or more extinctions for Delta=0.0625
[2019-12-02 16:12:25] Probability of getting one or more extinctions for Delta=0.0625 is 0.79
[2019-12-02 16:12:25] Computing probability of getting one or more extinctions for Delta=0.039557
[2019-12-02 16:12:28] Probability of getting one or more extinctions for Delta=0.039557 is 0.44
[2019-12-02 16:12:28] Computing probability of getting one or more extinctions for Delta=0.0434901
[2019-12-02 16:12:31] Probability of getting one or more extinctions for Delta=0.0434901 is 0.45
[2019-12-02 16:12:31] Computing probability of getting one or more extinctions for Delta=0.052995
[2019-12-02 16:12:35] Probability of getting one or more extinctions for Delta=0.052995 is 0.71
[2019-12-02 16:12:35] Computing probability of getting one or more extinctions for Delta=0.0453179
[2019-12-02 16:12:41] Probability of getting one or more extinctions for Delta=0.0453179 is 0.46
[2019-12-02 16:12:41] Computing probability of getting one or more extinctions for Delta=0.0491565
[2019-12-02 16:12:44] Probability of getting one or more extinctions for Delta=0.0491565 is 0.74
[2019-12-02 16:12:44] Found an interval for Delta critical : [0.0453179;0.0491565]
[2019-12-02 16:12:44] Now computing the probability of getting more than one extinction for ten points inside this interval (1000 runs per point)
[2019-12-02 16:12:44] Computing probability of getting one or more extinctions for Delta=0.0453179
[2019-12-02 16:13:15] Probability of getting one or more extinctions for Delta=0.0453179 is 0.518
[2019-12-02 16:13:15] Computing probability of getting one or more extinctions for Delta=0.0457444
[2019-12-02 16:13:38] Probability of getting one or more extinctions for Delta=0.0457444 is 0.543
[2019-12-02 16:13:38] Computing probability of getting one or more extinctions for Delta=0.0461709
[2019-12-02 16:14:03] Probability of getting one or more extinctions for Delta=0.0461709 is 0.578
[2019-12-02 16:14:03] Computing probability of getting one or more extinctions for Delta=0.0465974
[2019-12-02 16:14:26] Probability of getting one or more extinctions for Delta=0.0465974 is 0.554
[2019-12-02 16:14:26] Computing probability of getting one or more extinctions for Delta=0.047024
[2019-12-02 16:14:49] Probability of getting one or more extinctions for Delta=0.047024 is 0.584
[2019-12-02 16:14:49] Computing probability of getting one or more extinctions for Delta=0.0474505
[2019-12-02 16:15:26] Probability of getting one or more extinctions for Delta=0.0474505 is 0.584
[2019-12-02 16:15:26] Computing probability of getting one or more extinctions for Delta=0.047877
[2019-12-02 16:15:50] Probability of getting one or more extinctions for Delta=0.047877 is 0.589
[2019-12-02 16:15:50] Computing probability of getting one or more extinctions for Delta=0.0483035
[2019-12-02 16:16:12] Probability of getting one or more extinctions for Delta=0.0483035 is 0.588
[2019-12-02 16:16:12] Computing probability of getting one or more extinctions for Delta=0.04873
[2019-12-02 16:16:33] Probability of getting one or more extinctions for Delta=0.04873 is 0.597
[2019-12-02 16:16:33] Computing probability of getting one or more extinctions for Delta=0.0491565
[2019-12-02 16:16:55] Probability of getting one or more extinctions for Delta=0.0491565 is 0.617
[2019-12-02 16:16:55] Now fitting the 10 chosen into the specific function
[2019-12-02 16:16:55] Now we find the zero of the fit to determine delta critical (parameters = -527.573 33322.5 -701594 4.92485e+06)
[2019-12-02 16:16:55] We interpret the fitting parameters as coefficients of a degree 3 polynomial (which should be true, please check that)
[2019-12-02 16:16:55]  zero estimated at 0.0450931
[2019-12-02 16:16:55] Computed critical delta for ./matrices/Nr25_Nc25/RandTrix_Nr25_Nc25_Nest0.4_Conn0.128.txt
[2019-12-02 16:16:55] Attempting now to find the critical delta for the given set of metaparameters
[2019-12-02 16:16:55] Computing probability of getting one or more extinctions for Delta=0
[2019-12-02 16:16:55] Probability of getting one or more extinctions for Delta=0 is 0
[2019-12-02 16:16:55] Computing probability of getting one or more extinctions for Delta=1
[2019-12-02 16:16:56] Probability of getting one or more extinctions for Delta=1 is 1
[2019-12-02 16:16:56] We first find a rough interval where the critical delta should lie (each point computed by the solver is estimated with 100 runs)
[2019-12-02 16:16:56] Computing probability of getting one or more extinctions for Delta=0.5
[2019-12-02 16:16:56] Probability of getting one or more extinctions for Delta=0.5 is 1
[2019-12-02 16:16:56] Computing probability of getting one or more extinctions for Delta=0.25
[2019-12-02 16:16:56] Probability of getting one or more extinctions for Delta=0.25 is 1
[2019-12-02 16:16:56] Computing probability of getting one or more extinctions for Delta=0.125
[2019-12-02 16:16:57] Probability of getting one or more extinctions for Delta=0.125 is 1
[2019-12-02 16:16:57] Computing probability of getting one or more extinctions for Delta=0.0625
[2019-12-02 16:16:58] Probability of getting one or more extinctions for Delta=0.0625 is 1
[2019-12-02 16:16:58] Computing probability of getting one or more extinctions for Delta=0.03125
[2019-12-02 16:17:15] Probability of getting one or more extinctions for Delta=0.03125 is 0.97
[2019-12-02 16:17:15] Computing probability of getting one or more extinctions for Delta=0.0161082
[2019-12-02 16:18:59] Probability of getting one or more extinctions for Delta=0.0161082 is 0.9
[2019-12-02 16:18:59] Computing probability of getting one or more extinctions for Delta=0.00805412
[2019-12-02 16:26:57] Probability of getting one or more extinctions for Delta=0.00805412 is 0.65
[2019-12-02 16:26:57] Computing probability of getting one or more extinctions for Delta=0.00454335
[2019-12-02 16:37:09] Probability of getting one or more extinctions for Delta=0.00454335 is 0.45
[2019-12-02 16:37:09] Computing probability of getting one or more extinctions for Delta=0.00542104
[2019-12-02 16:42:22] Probability of getting one or more extinctions for Delta=0.00542104 is 0.61
[2019-12-02 16:42:22] Computing probability of getting one or more extinctions for Delta=0.00481763
[2019-12-02 16:55:53] Probability of getting one or more extinctions for Delta=0.00481763 is 0.55
[2019-12-02 16:55:53] Found an interval for Delta critical : [0.00454335;0.00481763]
[2019-12-02 16:55:53] Now computing the probability of getting more than one extinction for ten points inside this interval (1000 runs per point)
[2019-12-02 16:55:53] Computing probability of getting one or more extinctions for Delta=0.00454335
[2019-12-02 22:55:21] Probability of getting one or more extinctions for Delta=0.00454335 is 0.514
[2019-12-02 22:55:21] Computing probability of getting one or more extinctions for Delta=0.00457383
[2019-12-03 00:34:51] Probability of getting one or more extinctions for Delta=0.00457383 is 0.497
[2019-12-03 00:34:51] Computing probability of getting one or more extinctions for Delta=0.0046043
[2019-12-03 02:13:56] Probability of getting one or more extinctions for Delta=0.0046043 is 0.519
[2019-12-03 02:13:56] Computing probability of getting one or more extinctions for Delta=0.00463478
[2019-12-03 04:09:04] Probability of getting one or more extinctions for Delta=0.00463478 is 0.494
[2019-12-03 04:09:04] Computing probability of getting one or more extinctions for Delta=0.00466525
[2019-12-03 05:35:28] Probability of getting one or more extinctions for Delta=0.00466525 is 0.512
[2019-12-03 05:35:28] Computing probability of getting one or more extinctions for Delta=0.00469573
[2019-12-03 07:08:25] Probability of getting one or more extinctions for Delta=0.00469573 is 0.523
[2019-12-03 07:08:25] Computing probability of getting one or more extinctions for Delta=0.0047262
