[2019-12-02 16:50:32] Loading metaparameters from config/configuration_comparison_NR25_NS25_s025_a15.in
[2019-12-02 16:50:32] Successfully opened ./data_output/configuration_comparison_NR25_NS25_s025_a15_matrix_list_NR25_NS25_6.out, attempting now to find the critical delta of every listed matrix 
[2019-12-02 16:50:32] Attempting now to find the critical delta for the given set of metaparameters
[2019-12-02 16:50:32] Computing probability of getting one or more extinctions for Delta=0
[2019-12-02 16:50:32] Probability of getting one or more extinctions for Delta=0 is 0
[2019-12-02 16:50:32] Computing probability of getting one or more extinctions for Delta=1
[2019-12-02 16:50:33] Probability of getting one or more extinctions for Delta=1 is 1
[2019-12-02 16:50:33] We first find a rough interval where the critical delta should lie (each point computed by the solver is estimated with 100 runs)
[2019-12-02 16:50:33] Computing probability of getting one or more extinctions for Delta=0.5
[2019-12-02 16:50:34] Probability of getting one or more extinctions for Delta=0.5 is 1
[2019-12-02 16:50:34] Computing probability of getting one or more extinctions for Delta=0.25
[2019-12-02 16:50:35] Probability of getting one or more extinctions for Delta=0.25 is 1
[2019-12-02 16:50:35] Computing probability of getting one or more extinctions for Delta=0.125
[2019-12-02 16:50:35] Probability of getting one or more extinctions for Delta=0.125 is 1
[2019-12-02 16:50:35] Computing probability of getting one or more extinctions for Delta=0.0625
[2019-12-02 16:50:37] Probability of getting one or more extinctions for Delta=0.0625 is 0.91
[2019-12-02 16:50:37] Computing probability of getting one or more extinctions for Delta=0.0343407
[2019-12-02 16:50:43] Probability of getting one or more extinctions for Delta=0.0343407 is 0.46
[2019-12-02 16:50:43] Computing probability of getting one or more extinctions for Delta=0.0368437
[2019-12-02 16:50:47] Probability of getting one or more extinctions for Delta=0.0368437 is 0.47
[2019-12-02 16:50:47] Computing probability of getting one or more extinctions for Delta=0.0438409
[2019-12-02 16:50:49] Probability of getting one or more extinctions for Delta=0.0438409 is 0.65
[2019-12-02 16:50:49] Computing probability of getting one or more extinctions for Delta=0.0380099
[2019-12-02 16:50:52] Probability of getting one or more extinctions for Delta=0.0380099 is 0.58
[2019-12-02 16:50:52] Found an interval for Delta critical : [0.0368437;0.0380099]
[2019-12-02 16:50:52] Now computing the probability of getting more than one extinction for ten points inside this interval (1000 runs per point)
[2019-12-02 16:50:52] Computing probability of getting one or more extinctions for Delta=0.0368437
[2019-12-02 16:51:35] Probability of getting one or more extinctions for Delta=0.0368437 is 0.527
[2019-12-02 16:51:35] Computing probability of getting one or more extinctions for Delta=0.0369733
[2019-12-02 16:52:27] Probability of getting one or more extinctions for Delta=0.0369733 is 0.536
[2019-12-02 16:52:27] Computing probability of getting one or more extinctions for Delta=0.0371029
[2019-12-02 16:53:18] Probability of getting one or more extinctions for Delta=0.0371029 is 0.516
[2019-12-02 16:53:18] Computing probability of getting one or more extinctions for Delta=0.0372324
[2019-12-02 16:53:47] Probability of getting one or more extinctions for Delta=0.0372324 is 0.55
[2019-12-02 16:53:47] Computing probability of getting one or more extinctions for Delta=0.037362
[2019-12-02 16:54:14] Probability of getting one or more extinctions for Delta=0.037362 is 0.55
[2019-12-02 16:54:14] Computing probability of getting one or more extinctions for Delta=0.0374916
[2019-12-02 16:55:06] Probability of getting one or more extinctions for Delta=0.0374916 is 0.568
[2019-12-02 16:55:06] Computing probability of getting one or more extinctions for Delta=0.0376212
[2019-12-02 16:55:42] Probability of getting one or more extinctions for Delta=0.0376212 is 0.552
[2019-12-02 16:55:42] Computing probability of getting one or more extinctions for Delta=0.0377508
[2019-12-02 16:56:12] Probability of getting one or more extinctions for Delta=0.0377508 is 0.556
[2019-12-02 16:56:12] Computing probability of getting one or more extinctions for Delta=0.0378803
[2019-12-02 16:56:41] Probability of getting one or more extinctions for Delta=0.0378803 is 0.528
[2019-12-02 16:56:41] Computing probability of getting one or more extinctions for Delta=0.0380099
[2019-12-02 16:57:07] Probability of getting one or more extinctions for Delta=0.0380099 is 0.564
[2019-12-02 16:57:07] Now fitting the 10 chosen into the specific function
[2019-12-02 16:57:07] Now we find the zero of the fit to determine delta critical (parameters = -28.4347 750.026 20296.5 -534404)
[2019-12-02 16:57:07] We interpret the fitting parameters as coefficients of a degree 3 polynomial (which should be true, please check that)
[2019-12-02 16:57:07] Found three potential roots, compute which one is the best (100 runs per point)
[2019-12-02 16:57:07] Please implement the different equilibrium modes in case of three roots
[2019-12-02 16:57:07]  zero estimated at -1
[2019-12-02 16:57:07] Computed critical delta for ./matrices/Nr25_Nc25/RandTrix_Nr25_Nc25_Nest0.45_Conn0.08.txt
[2019-12-02 16:57:07] Attempting now to find the critical delta for the given set of metaparameters
[2019-12-02 16:57:07] Computing probability of getting one or more extinctions for Delta=0
[2019-12-02 16:57:07] Probability of getting one or more extinctions for Delta=0 is 0
[2019-12-02 16:57:07] Computing probability of getting one or more extinctions for Delta=1
[2019-12-02 16:57:08] Probability of getting one or more extinctions for Delta=1 is 1
[2019-12-02 16:57:08] We first find a rough interval where the critical delta should lie (each point computed by the solver is estimated with 100 runs)
[2019-12-02 16:57:08] Computing probability of getting one or more extinctions for Delta=0.5
[2019-12-02 16:57:08] Probability of getting one or more extinctions for Delta=0.5 is 1
[2019-12-02 16:57:08] Computing probability of getting one or more extinctions for Delta=0.25
[2019-12-02 16:57:08] Probability of getting one or more extinctions for Delta=0.25 is 1
[2019-12-02 16:57:08] Computing probability of getting one or more extinctions for Delta=0.125
[2019-12-02 16:57:09] Probability of getting one or more extinctions for Delta=0.125 is 1
[2019-12-02 16:57:09] Computing probability of getting one or more extinctions for Delta=0.0625
[2019-12-02 16:57:10] Probability of getting one or more extinctions for Delta=0.0625 is 0.97
[2019-12-02 16:57:10] Computing probability of getting one or more extinctions for Delta=0.0322165
[2019-12-02 16:57:15] Probability of getting one or more extinctions for Delta=0.0322165 is 0.53
[2019-12-02 16:57:15] Computing probability of getting one or more extinctions for Delta=0.0302686
[2019-12-02 16:57:20] Probability of getting one or more extinctions for Delta=0.0302686 is 0.46
[2019-12-02 16:57:20] Found an interval for Delta critical : [0.0302686;0.0322165]
[2019-12-02 16:57:20] Now computing the probability of getting more than one extinction for ten points inside this interval (1000 runs per point)
[2019-12-02 16:57:20] Computing probability of getting one or more extinctions for Delta=0.0302686
[2019-12-02 16:58:19] Probability of getting one or more extinctions for Delta=0.0302686 is 0.41
[2019-12-02 16:58:19] Computing probability of getting one or more extinctions for Delta=0.030485
[2019-12-02 16:59:13] Probability of getting one or more extinctions for Delta=0.030485 is 0.389
[2019-12-02 16:59:13] Computing probability of getting one or more extinctions for Delta=0.0307015
[2019-12-02 17:00:15] Probability of getting one or more extinctions for Delta=0.0307015 is 0.354
[2019-12-02 17:00:15] Computing probability of getting one or more extinctions for Delta=0.0309179
[2019-12-02 17:01:15] Probability of getting one or more extinctions for Delta=0.0309179 is 0.413
[2019-12-02 17:01:15] Computing probability of getting one or more extinctions for Delta=0.0311343
[2019-12-02 17:02:13] Probability of getting one or more extinctions for Delta=0.0311343 is 0.422
[2019-12-02 17:02:13] Computing probability of getting one or more extinctions for Delta=0.0313508
[2019-12-02 17:03:20] Probability of getting one or more extinctions for Delta=0.0313508 is 0.449
[2019-12-02 17:03:20] Computing probability of getting one or more extinctions for Delta=0.0315672
[2019-12-02 17:04:50] Probability of getting one or more extinctions for Delta=0.0315672 is 0.44
[2019-12-02 17:04:50] Computing probability of getting one or more extinctions for Delta=0.0317836
[2019-12-02 17:06:35] Probability of getting one or more extinctions for Delta=0.0317836 is 0.479
[2019-12-02 17:06:35] Computing probability of getting one or more extinctions for Delta=0.0320001
[2019-12-02 17:08:21] Probability of getting one or more extinctions for Delta=0.0320001 is 0.443
[2019-12-02 17:08:21] Computing probability of getting one or more extinctions for Delta=0.0322165
[2019-12-02 17:09:52] Probability of getting one or more extinctions for Delta=0.0322165 is 0.466
[2019-12-02 17:09:52] Now fitting the 10 chosen into the specific function
[2019-12-02 17:09:52] Now we find the zero of the fit to determine delta critical (parameters = 2302.43 -221177 7.07889e+06 -7.54882e+07)
[2019-12-02 17:09:52] We interpret the fitting parameters as coefficients of a degree 3 polynomial (which should be true, please check that)
[2019-12-02 17:09:52]  zero estimated at 0.0298521
[2019-12-02 17:09:52] Computed critical delta for ./matrices/Nr25_Nc25/RandTrix_Nr25_Nc25_Nest0.45_Conn0.1296.txt
[2019-12-02 17:09:52] Attempting now to find the critical delta for the given set of metaparameters
[2019-12-02 17:09:52] Computing probability of getting one or more extinctions for Delta=0
[2019-12-02 17:09:52] Probability of getting one or more extinctions for Delta=0 is 0
[2019-12-02 17:09:52] Computing probability of getting one or more extinctions for Delta=1
[2019-12-02 17:09:53] Probability of getting one or more extinctions for Delta=1 is 1
[2019-12-02 17:09:53] We first find a rough interval where the critical delta should lie (each point computed by the solver is estimated with 100 runs)
[2019-12-02 17:09:53] Computing probability of getting one or more extinctions for Delta=0.5
[2019-12-02 17:09:54] Probability of getting one or more extinctions for Delta=0.5 is 1
[2019-12-02 17:09:54] Computing probability of getting one or more extinctions for Delta=0.25
[2019-12-02 17:09:54] Probability of getting one or more extinctions for Delta=0.25 is 1
[2019-12-02 17:09:54] Computing probability of getting one or more extinctions for Delta=0.125
[2019-12-02 17:09:55] Probability of getting one or more extinctions for Delta=0.125 is 1
[2019-12-02 17:09:55] Computing probability of getting one or more extinctions for Delta=0.0625
[2019-12-02 17:09:58] Probability of getting one or more extinctions for Delta=0.0625 is 1
[2019-12-02 17:09:58] Computing probability of getting one or more extinctions for Delta=0.03125
[2019-12-02 17:10:27] Probability of getting one or more extinctions for Delta=0.03125 is 0.79
[2019-12-02 17:10:27] Computing probability of getting one or more extinctions for Delta=0.0197785
[2019-12-02 17:11:23] Probability of getting one or more extinctions for Delta=0.0197785 is 0.43
[2019-12-02 17:11:23] Computing probability of getting one or more extinctions for Delta=0.0220091
[2019-12-02 17:12:15] Probability of getting one or more extinctions for Delta=0.0220091 is 0.58
[2019-12-02 17:12:15] Computing probability of getting one or more extinctions for Delta=0.0208194
[2019-12-02 17:13:04] Probability of getting one or more extinctions for Delta=0.0208194 is 0.54
[2019-12-02 17:13:04] Found an interval for Delta critical : [0.0197785;0.0208194]
[2019-12-02 17:13:04] Now computing the probability of getting more than one extinction for ten points inside this interval (1000 runs per point)
[2019-12-02 17:13:04] Computing probability of getting one or more extinctions for Delta=0.0197785
[2019-12-02 17:19:08] Probability of getting one or more extinctions for Delta=0.0197785 is 0.497
[2019-12-02 17:19:08] Computing probability of getting one or more extinctions for Delta=0.0198941
[2019-12-02 17:24:13] Probability of getting one or more extinctions for Delta=0.0198941 is 0.472
[2019-12-02 17:24:13] Computing probability of getting one or more extinctions for Delta=0.0200098
[2019-12-02 17:30:32] Probability of getting one or more extinctions for Delta=0.0200098 is 0.512
[2019-12-02 17:30:32] Computing probability of getting one or more extinctions for Delta=0.0201255
[2019-12-02 17:36:40] Probability of getting one or more extinctions for Delta=0.0201255 is 0.473
[2019-12-02 17:36:40] Computing probability of getting one or more extinctions for Delta=0.0202411
[2019-12-02 17:43:29] Probability of getting one or more extinctions for Delta=0.0202411 is 0.501
[2019-12-02 17:43:29] Computing probability of getting one or more extinctions for Delta=0.0203568
[2019-12-02 17:48:39] Probability of getting one or more extinctions for Delta=0.0203568 is 0.529
[2019-12-02 17:48:39] Computing probability of getting one or more extinctions for Delta=0.0204724
[2019-12-02 17:54:15] Probability of getting one or more extinctions for Delta=0.0204724 is 0.511
[2019-12-02 17:54:15] Computing probability of getting one or more extinctions for Delta=0.0205881
[2019-12-02 17:59:48] Probability of getting one or more extinctions for Delta=0.0205881 is 0.529
[2019-12-02 17:59:48] Computing probability of getting one or more extinctions for Delta=0.0207038
[2019-12-02 18:05:06] Probability of getting one or more extinctions for Delta=0.0207038 is 0.547
[2019-12-02 18:05:06] Computing probability of getting one or more extinctions for Delta=0.0208194
[2019-12-02 18:09:49] Probability of getting one or more extinctions for Delta=0.0208194 is 0.533
[2019-12-02 18:09:49] Now fitting the 10 chosen into the specific function
[2019-12-02 18:09:49] Now we find the zero of the fit to determine delta critical (parameters = 1740.6 -256834 1.26276e+07 -2.06873e+08)
[2019-12-02 18:09:49] We interpret the fitting parameters as coefficients of a degree 3 polynomial (which should be true, please check that)
[2019-12-02 18:09:49] Found three potential roots, compute which one is the best (100 runs per point)
[2019-12-02 18:09:49] Please implement the different equilibrium modes in case of three roots
[2019-12-02 18:09:49]  zero estimated at -1
[2019-12-02 18:09:49] Computed critical delta for ./matrices/Nr25_Nc25/RandTrix_Nr25_Nc25_Nest0.45_Conn0.1744.txt
[2019-12-02 18:09:49] Attempting now to find the critical delta for the given set of metaparameters
[2019-12-02 18:09:49] Computing probability of getting one or more extinctions for Delta=0
[2019-12-02 18:09:49] Probability of getting one or more extinctions for Delta=0 is 0
[2019-12-02 18:09:49] Computing probability of getting one or more extinctions for Delta=1
[2019-12-02 18:09:49] Probability of getting one or more extinctions for Delta=1 is 1
[2019-12-02 18:09:49] We first find a rough interval where the critical delta should lie (each point computed by the solver is estimated with 100 runs)
[2019-12-02 18:09:49] Computing probability of getting one or more extinctions for Delta=0.5
[2019-12-02 18:09:50] Probability of getting one or more extinctions for Delta=0.5 is 1
[2019-12-02 18:09:50] Computing probability of getting one or more extinctions for Delta=0.25
[2019-12-02 18:09:50] Probability of getting one or more extinctions for Delta=0.25 is 1
[2019-12-02 18:09:50] Computing probability of getting one or more extinctions for Delta=0.125
[2019-12-02 18:09:51] Probability of getting one or more extinctions for Delta=0.125 is 1
[2019-12-02 18:09:51] Computing probability of getting one or more extinctions for Delta=0.0625
[2019-12-02 18:09:52] Probability of getting one or more extinctions for Delta=0.0625 is 1
[2019-12-02 18:09:52] Computing probability of getting one or more extinctions for Delta=0.03125
[2019-12-02 18:09:58] Probability of getting one or more extinctions for Delta=0.03125 is 1
[2019-12-02 18:09:58] Computing probability of getting one or more extinctions for Delta=0.015625
[2019-12-02 18:11:11] Probability of getting one or more extinctions for Delta=0.015625 is 0.98
[2019-12-02 18:11:11] Computing probability of getting one or more extinctions for Delta=0.00797194
[2019-12-02 18:17:22] Probability of getting one or more extinctions for Delta=0.00797194 is 0.71
[2019-12-02 18:17:22] Computing probability of getting one or more extinctions for Delta=0.00378012
[2019-12-02 18:25:43] Probability of getting one or more extinctions for Delta=0.00378012 is 0.35
[2019-12-02 18:25:43] Computing probability of getting one or more extinctions for Delta=0.00552671
[2019-12-02 18:34:01] Probability of getting one or more extinctions for Delta=0.00552671 is 0.47
[2019-12-02 18:34:01] Computing probability of getting one or more extinctions for Delta=0.00590878
[2019-12-02 18:44:03] Probability of getting one or more extinctions for Delta=0.00590878 is 0.49
[2019-12-02 18:44:03] Computing probability of getting one or more extinctions for Delta=0.00608766
[2019-12-02 18:49:54] Probability of getting one or more extinctions for Delta=0.00608766 is 0.64
[2019-12-02 18:49:54] Found an interval for Delta critical : [0.00590878;0.00608766]
[2019-12-02 18:49:54] Now computing the probability of getting more than one extinction for ten points inside this interval (1000 runs per point)
[2019-12-02 18:49:54] Computing probability of getting one or more extinctions for Delta=0.00590878
[2019-12-02 20:11:39] Probability of getting one or more extinctions for Delta=0.00590878 is 0.588
[2019-12-02 20:11:39] Computing probability of getting one or more extinctions for Delta=0.00592865
[2019-12-02 21:31:53] Probability of getting one or more extinctions for Delta=0.00592865 is 0.572
[2019-12-02 21:31:53] Computing probability of getting one or more extinctions for Delta=0.00594853
[2019-12-02 22:55:47] Probability of getting one or more extinctions for Delta=0.00594853 is 0.59
[2019-12-02 22:55:47] Computing probability of getting one or more extinctions for Delta=0.0059684
[2019-12-03 00:22:44] Probability of getting one or more extinctions for Delta=0.0059684 is 0.573
[2019-12-03 00:22:44] Computing probability of getting one or more extinctions for Delta=0.00598828
[2019-12-03 01:54:19] Probability of getting one or more extinctions for Delta=0.00598828 is 0.565
[2019-12-03 01:54:19] Computing probability of getting one or more extinctions for Delta=0.00600815
[2019-12-03 06:39:37] Probability of getting one or more extinctions for Delta=0.00600815 is 0.575
[2019-12-03 06:39:37] Computing probability of getting one or more extinctions for Delta=0.00602803
[2019-12-03 11:12:13] Probability of getting one or more extinctions for Delta=0.00602803 is 0.562
[2019-12-03 11:12:13] Computing probability of getting one or more extinctions for Delta=0.0060479
