[2019-11-29 18:41:43] Loading metaparameters from config/configuration_comparison_NR25_NS25_s075_a05.in
[2019-11-29 18:41:43] Successfully opened ./data_output/configuration_comparison_NR25_NS25_s075_a05_matrix_list_NR25_NS25_6.out, attempting now to find the critical delta of every listed matrix 
[2019-11-29 18:41:43] Attempting now to find the critical delta for the given set of metaparameters
[2019-11-29 18:41:43] Computing probability of getting one or more extinctions for Delta=0
[2019-11-29 18:41:43] Probability of getting one or more extinctions for Delta=0 is 0
[2019-11-29 18:41:43] Computing probability of getting one or more extinctions for Delta=1
[2019-11-29 18:41:44] Probability of getting one or more extinctions for Delta=1 is 1
[2019-11-29 18:41:44] We first find a rough interval where the critical delta should lie (each point computed by the solver is estimated with 100 runs)
[2019-11-29 18:41:44] Computing probability of getting one or more extinctions for Delta=0.5
[2019-11-29 18:41:44] Probability of getting one or more extinctions for Delta=0.5 is 1
[2019-11-29 18:41:44] Computing probability of getting one or more extinctions for Delta=0.25
[2019-11-29 18:41:45] Probability of getting one or more extinctions for Delta=0.25 is 1
[2019-11-29 18:41:45] Computing probability of getting one or more extinctions for Delta=0.125
[2019-11-29 18:41:46] Probability of getting one or more extinctions for Delta=0.125 is 0.98
[2019-11-29 18:41:46] Computing probability of getting one or more extinctions for Delta=0.0637755
[2019-11-29 18:41:48] Probability of getting one or more extinctions for Delta=0.0637755 is 0.89
[2019-11-29 18:41:48] Computing probability of getting one or more extinctions for Delta=0.0318878
[2019-11-29 18:41:54] Probability of getting one or more extinctions for Delta=0.0318878 is 0.27
[2019-11-29 18:41:54] Computing probability of getting one or more extinctions for Delta=0.0437171
[2019-11-29 18:41:57] Probability of getting one or more extinctions for Delta=0.0437171 is 0.63
[2019-11-29 18:41:57] Computing probability of getting one or more extinctions for Delta=0.0394454
[2019-11-29 18:42:01] Probability of getting one or more extinctions for Delta=0.0394454 is 0.6
[2019-11-29 18:42:01] Computing probability of getting one or more extinctions for Delta=0.0356666
[2019-11-29 18:42:05] Probability of getting one or more extinctions for Delta=0.0356666 is 0.61
[2019-11-29 18:42:05] Computing probability of getting one or more extinctions for Delta=0.0337772
[2019-11-29 18:42:09] Probability of getting one or more extinctions for Delta=0.0337772 is 0.49
[2019-11-29 18:42:09] Found an interval for Delta critical : [0.0337772;0.0356666]
[2019-11-29 18:42:09] Now computing the probability of getting more than one extinction for ten points inside this interval (1000 runs per point)
[2019-11-29 18:42:09] Computing probability of getting one or more extinctions for Delta=0.0337772
[2019-11-29 18:43:00] Probability of getting one or more extinctions for Delta=0.0337772 is 0.426
[2019-11-29 18:43:00] Computing probability of getting one or more extinctions for Delta=0.0339871
[2019-11-29 18:43:45] Probability of getting one or more extinctions for Delta=0.0339871 is 0.474
[2019-11-29 18:43:45] Computing probability of getting one or more extinctions for Delta=0.034197
[2019-11-29 18:44:35] Probability of getting one or more extinctions for Delta=0.034197 is 0.448
[2019-11-29 18:44:35] Computing probability of getting one or more extinctions for Delta=0.034407
[2019-11-29 18:45:23] Probability of getting one or more extinctions for Delta=0.034407 is 0.463
[2019-11-29 18:45:23] Computing probability of getting one or more extinctions for Delta=0.0346169
[2019-11-29 18:46:11] Probability of getting one or more extinctions for Delta=0.0346169 is 0.476
[2019-11-29 18:46:11] Computing probability of getting one or more extinctions for Delta=0.0348268
[2019-11-29 18:46:59] Probability of getting one or more extinctions for Delta=0.0348268 is 0.482
[2019-11-29 18:46:59] Computing probability of getting one or more extinctions for Delta=0.0350368
[2019-11-29 18:47:44] Probability of getting one or more extinctions for Delta=0.0350368 is 0.501
[2019-11-29 18:47:44] Computing probability of getting one or more extinctions for Delta=0.0352467
[2019-11-29 18:48:34] Probability of getting one or more extinctions for Delta=0.0352467 is 0.478
[2019-11-29 18:48:34] Computing probability of getting one or more extinctions for Delta=0.0354566
[2019-11-29 18:49:18] Probability of getting one or more extinctions for Delta=0.0354566 is 0.535
[2019-11-29 18:49:18] Computing probability of getting one or more extinctions for Delta=0.0356666
[2019-11-29 18:50:04] Probability of getting one or more extinctions for Delta=0.0356666 is 0.494
[2019-11-29 18:50:04] Now fitting the 10 chosen into the specific function
[2019-11-29 18:50:04] Now we find the zero of the fit to determine delta critical (parameters = 248.872 -21922.3 642199 -6.25758e+06)
[2019-11-29 18:50:04] We interpret the fitting parameters as coefficients of a degree 3 polynomial (which should be true, please check that)
[2019-11-29 18:50:04] Found three potential roots, compute which one is the best (100 runs per point)
[2019-11-29 18:50:04] Please implement the different equilibrium modes in case of three roots
[2019-11-29 18:50:04]  zero estimated at -1
[2019-11-29 18:50:04] Computed critical delta for ./matrices/Nr25_Nc25/RandTrix_Nr25_Nc25_Nest0.45_Conn0.08.txt
[2019-11-29 18:50:04] Attempting now to find the critical delta for the given set of metaparameters
[2019-11-29 18:50:04] Computing probability of getting one or more extinctions for Delta=0
[2019-11-29 18:50:04] Probability of getting one or more extinctions for Delta=0 is 0
[2019-11-29 18:50:04] Computing probability of getting one or more extinctions for Delta=1
[2019-11-29 18:50:04] Probability of getting one or more extinctions for Delta=1 is 1
[2019-11-29 18:50:04] We first find a rough interval where the critical delta should lie (each point computed by the solver is estimated with 100 runs)
[2019-11-29 18:50:04] Computing probability of getting one or more extinctions for Delta=0.5
[2019-11-29 18:50:05] Probability of getting one or more extinctions for Delta=0.5 is 1
[2019-11-29 18:50:05] Computing probability of getting one or more extinctions for Delta=0.25
[2019-11-29 18:50:06] Probability of getting one or more extinctions for Delta=0.25 is 1
[2019-11-29 18:50:06] Computing probability of getting one or more extinctions for Delta=0.125
[2019-11-29 18:50:07] Probability of getting one or more extinctions for Delta=0.125 is 1
[2019-11-29 18:50:07] Computing probability of getting one or more extinctions for Delta=0.0625
[2019-11-29 18:50:08] Probability of getting one or more extinctions for Delta=0.0625 is 0.95
[2019-11-29 18:50:08] Computing probability of getting one or more extinctions for Delta=0.0328947
[2019-11-29 18:50:15] Probability of getting one or more extinctions for Delta=0.0328947 is 0.55
[2019-11-29 18:50:15] Computing probability of getting one or more extinctions for Delta=0.0295305
[2019-11-29 18:50:25] Probability of getting one or more extinctions for Delta=0.0295305 is 0.41
[2019-11-29 18:50:25] Computing probability of getting one or more extinctions for Delta=0.0316932
[2019-11-29 18:50:33] Probability of getting one or more extinctions for Delta=0.0316932 is 0.37
[2019-11-29 18:50:33] Found an interval for Delta critical : [0.0316932;0.0328947]
[2019-11-29 18:50:33] Now computing the probability of getting more than one extinction for ten points inside this interval (1000 runs per point)
[2019-11-29 18:50:33] Computing probability of getting one or more extinctions for Delta=0.0316932
[2019-11-29 18:51:41] Probability of getting one or more extinctions for Delta=0.0316932 is 0.496
[2019-11-29 18:51:41] Computing probability of getting one or more extinctions for Delta=0.0318267
[2019-11-29 18:52:51] Probability of getting one or more extinctions for Delta=0.0318267 is 0.464
[2019-11-29 18:52:51] Computing probability of getting one or more extinctions for Delta=0.0319602
[2019-11-29 18:54:06] Probability of getting one or more extinctions for Delta=0.0319602 is 0.484
[2019-11-29 18:54:06] Computing probability of getting one or more extinctions for Delta=0.0320937
[2019-11-29 18:55:11] Probability of getting one or more extinctions for Delta=0.0320937 is 0.474
[2019-11-29 18:55:11] Computing probability of getting one or more extinctions for Delta=0.0322272
[2019-11-29 18:56:29] Probability of getting one or more extinctions for Delta=0.0322272 is 0.51
[2019-11-29 18:56:29] Computing probability of getting one or more extinctions for Delta=0.0323607
[2019-11-29 18:57:42] Probability of getting one or more extinctions for Delta=0.0323607 is 0.473
[2019-11-29 18:57:42] Computing probability of getting one or more extinctions for Delta=0.0324942
[2019-11-29 18:58:54] Probability of getting one or more extinctions for Delta=0.0324942 is 0.48
[2019-11-29 18:58:54] Computing probability of getting one or more extinctions for Delta=0.0326277
[2019-11-29 18:59:43] Probability of getting one or more extinctions for Delta=0.0326277 is 0.508
[2019-11-29 18:59:43] Computing probability of getting one or more extinctions for Delta=0.0327612
[2019-11-29 19:00:19] Probability of getting one or more extinctions for Delta=0.0327612 is 0.512
[2019-11-29 19:00:19] Computing probability of getting one or more extinctions for Delta=0.0328947
[2019-11-29 19:01:04] Probability of getting one or more extinctions for Delta=0.0328947 is 0.511
[2019-11-29 19:01:04] Now fitting the 10 chosen into the specific function
[2019-11-29 19:01:04] Now we find the zero of the fit to determine delta critical (parameters = 1757.68 -161934 4.97139e+06 -5.08576e+07)
[2019-11-29 19:01:04] We interpret the fitting parameters as coefficients of a degree 3 polynomial (which should be true, please check that)
[2019-11-29 19:01:04] Found three potential roots, compute which one is the best (100 runs per point)
[2019-11-29 19:01:04] Please implement the different equilibrium modes in case of three roots
[2019-11-29 19:01:04]  zero estimated at -1
[2019-11-29 19:01:04] Computed critical delta for ./matrices/Nr25_Nc25/RandTrix_Nr25_Nc25_Nest0.45_Conn0.1296.txt
[2019-11-29 19:01:04] Attempting now to find the critical delta for the given set of metaparameters
[2019-11-29 19:01:04] Computing probability of getting one or more extinctions for Delta=0
[2019-11-29 19:01:04] Probability of getting one or more extinctions for Delta=0 is 0
[2019-11-29 19:01:04] Computing probability of getting one or more extinctions for Delta=1
[2019-11-29 19:01:05] Probability of getting one or more extinctions for Delta=1 is 1
[2019-11-29 19:01:05] We first find a rough interval where the critical delta should lie (each point computed by the solver is estimated with 100 runs)
[2019-11-29 19:01:05] Computing probability of getting one or more extinctions for Delta=0.5
[2019-11-29 19:01:05] Probability of getting one or more extinctions for Delta=0.5 is 1
[2019-11-29 19:01:05] Computing probability of getting one or more extinctions for Delta=0.25
[2019-11-29 19:01:06] Probability of getting one or more extinctions for Delta=0.25 is 1
[2019-11-29 19:01:06] Computing probability of getting one or more extinctions for Delta=0.125
[2019-11-29 19:01:07] Probability of getting one or more extinctions for Delta=0.125 is 1
[2019-11-29 19:01:07] Computing probability of getting one or more extinctions for Delta=0.0625
[2019-11-29 19:01:10] Probability of getting one or more extinctions for Delta=0.0625 is 1
[2019-11-29 19:01:10] Computing probability of getting one or more extinctions for Delta=0.03125
[2019-11-29 19:01:23] Probability of getting one or more extinctions for Delta=0.03125 is 0.83
[2019-11-29 19:01:23] Computing probability of getting one or more extinctions for Delta=0.0188253
[2019-11-29 19:02:03] Probability of getting one or more extinctions for Delta=0.0188253 is 0.51
[2019-11-29 19:02:03] Computing probability of getting one or more extinctions for Delta=0.0184446
[2019-11-29 19:02:30] Probability of getting one or more extinctions for Delta=0.0184446 is 0.41
[2019-11-29 19:02:30] Found an interval for Delta critical : [0.0184446;0.0188253]
[2019-11-29 19:02:30] Now computing the probability of getting more than one extinction for ten points inside this interval (1000 runs per point)
[2019-11-29 19:02:30] Computing probability of getting one or more extinctions for Delta=0.0184446
[2019-11-29 19:06:52] Probability of getting one or more extinctions for Delta=0.0184446 is 0.414
[2019-11-29 19:06:52] Computing probability of getting one or more extinctions for Delta=0.0184869
[2019-11-29 19:11:11] Probability of getting one or more extinctions for Delta=0.0184869 is 0.45
[2019-11-29 19:11:11] Computing probability of getting one or more extinctions for Delta=0.0185292
[2019-11-29 19:15:18] Probability of getting one or more extinctions for Delta=0.0185292 is 0.454
[2019-11-29 19:15:18] Computing probability of getting one or more extinctions for Delta=0.0185715
[2019-11-29 19:19:17] Probability of getting one or more extinctions for Delta=0.0185715 is 0.441
[2019-11-29 19:19:17] Computing probability of getting one or more extinctions for Delta=0.0186138
[2019-11-29 19:23:05] Probability of getting one or more extinctions for Delta=0.0186138 is 0.446
[2019-11-29 19:23:05] Computing probability of getting one or more extinctions for Delta=0.0186561
[2019-11-29 19:27:11] Probability of getting one or more extinctions for Delta=0.0186561 is 0.45
[2019-11-29 19:27:11] Computing probability of getting one or more extinctions for Delta=0.0186984
[2019-11-29 19:32:03] Probability of getting one or more extinctions for Delta=0.0186984 is 0.465
[2019-11-29 19:32:03] Computing probability of getting one or more extinctions for Delta=0.0187407
[2019-11-29 19:36:30] Probability of getting one or more extinctions for Delta=0.0187407 is 0.469
[2019-11-29 19:36:30] Computing probability of getting one or more extinctions for Delta=0.018783
[2019-11-29 19:41:02] Probability of getting one or more extinctions for Delta=0.018783 is 0.462
[2019-11-29 19:41:02] Computing probability of getting one or more extinctions for Delta=0.0188253
[2019-11-29 19:45:19] Probability of getting one or more extinctions for Delta=0.0188253 is 0.47
[2019-11-29 19:45:19] Now fitting the 10 chosen into the specific function
[2019-11-29 19:45:19] Now we find the zero of the fit to determine delta critical (parameters = -13038.5 2.0951e+06 -1.1222e+08 2.00367e+09)
[2019-11-29 19:45:19] We interpret the fitting parameters as coefficients of a degree 3 polynomial (which should be true, please check that)
[2019-11-29 19:45:19]  zero estimated at 0.0189199
[2019-11-29 19:45:19] Computed critical delta for ./matrices/Nr25_Nc25/RandTrix_Nr25_Nc25_Nest0.45_Conn0.1744.txt
[2019-11-29 19:45:19] Attempting now to find the critical delta for the given set of metaparameters
[2019-11-29 19:45:19] Computing probability of getting one or more extinctions for Delta=0
[2019-11-29 19:45:19] Probability of getting one or more extinctions for Delta=0 is 0
[2019-11-29 19:45:19] Computing probability of getting one or more extinctions for Delta=1
[2019-11-29 19:45:19] Probability of getting one or more extinctions for Delta=1 is 1
[2019-11-29 19:45:19] We first find a rough interval where the critical delta should lie (each point computed by the solver is estimated with 100 runs)
[2019-11-29 19:45:19] Computing probability of getting one or more extinctions for Delta=0.5
[2019-11-29 19:45:20] Probability of getting one or more extinctions for Delta=0.5 is 1
[2019-11-29 19:45:20] Computing probability of getting one or more extinctions for Delta=0.25
[2019-11-29 19:45:21] Probability of getting one or more extinctions for Delta=0.25 is 1
[2019-11-29 19:45:21] Computing probability of getting one or more extinctions for Delta=0.125
[2019-11-29 19:45:22] Probability of getting one or more extinctions for Delta=0.125 is 1
[2019-11-29 19:45:22] Computing probability of getting one or more extinctions for Delta=0.0625
[2019-11-29 19:45:24] Probability of getting one or more extinctions for Delta=0.0625 is 1
[2019-11-29 19:45:24] Computing probability of getting one or more extinctions for Delta=0.03125
[2019-11-29 19:45:30] Probability of getting one or more extinctions for Delta=0.03125 is 1
[2019-11-29 19:45:30] Computing probability of getting one or more extinctions for Delta=0.015625
[2019-11-29 19:45:54] Probability of getting one or more extinctions for Delta=0.015625 is 0.97
[2019-11-29 19:45:54] Computing probability of getting one or more extinctions for Delta=0.00805412
[2019-11-29 19:49:16] Probability of getting one or more extinctions for Delta=0.00805412 is 0.77
[2019-11-29 19:49:16] Computing probability of getting one or more extinctions for Delta=0.00402706
[2019-11-29 19:57:22] Probability of getting one or more extinctions for Delta=0.00402706 is 0.24
[2019-11-29 19:57:22] Computing probability of getting one or more extinctions for Delta=0.0060026
[2019-11-29 20:01:38] Probability of getting one or more extinctions for Delta=0.0060026 is 0.56
[2019-11-29 20:01:38] Computing probability of getting one or more extinctions for Delta=0.00563219
[2019-11-29 20:08:23] Probability of getting one or more extinctions for Delta=0.00563219 is 0.62
[2019-11-29 20:08:23] Computing probability of getting one or more extinctions for Delta=0.00482962
[2019-11-29 20:16:25] Probability of getting one or more extinctions for Delta=0.00482962 is 0.39
[2019-11-29 20:16:25] Computing probability of getting one or more extinctions for Delta=0.00521346
[2019-11-29 20:22:38] Probability of getting one or more extinctions for Delta=0.00521346 is 0.5
[2019-11-29 20:22:38] Found an interval for Delta critical : [0.00482962;0.00521346]
[2019-11-29 20:22:38] Now computing the probability of getting more than one extinction for ten points inside this interval (1000 runs per point)
[2019-11-29 20:22:38] Computing probability of getting one or more extinctions for Delta=0.00482962
[2019-11-29 21:27:41] Probability of getting one or more extinctions for Delta=0.00482962 is 0.454
[2019-11-29 21:27:41] Computing probability of getting one or more extinctions for Delta=0.00487227
[2019-11-29 22:25:52] Probability of getting one or more extinctions for Delta=0.00487227 is 0.446
[2019-11-29 22:25:52] Computing probability of getting one or more extinctions for Delta=0.00491492
[2019-11-29 23:22:55] Probability of getting one or more extinctions for Delta=0.00491492 is 0.468
[2019-11-29 23:22:55] Computing probability of getting one or more extinctions for Delta=0.00495757
[2019-11-30 00:23:10] Probability of getting one or more extinctions for Delta=0.00495757 is 0.482
[2019-11-30 00:23:10] Computing probability of getting one or more extinctions for Delta=0.00500022
[2019-11-30 01:30:32] Probability of getting one or more extinctions for Delta=0.00500022 is 0.484
[2019-11-30 01:30:32] Computing probability of getting one or more extinctions for Delta=0.00504287
[2019-11-30 02:26:57] Probability of getting one or more extinctions for Delta=0.00504287 is 0.502
[2019-11-30 02:26:57] Computing probability of getting one or more extinctions for Delta=0.00508551
[2019-11-30 03:28:00] Probability of getting one or more extinctions for Delta=0.00508551 is 0.48
[2019-11-30 03:28:00] Computing probability of getting one or more extinctions for Delta=0.00512816
[2019-11-30 04:32:59] Probability of getting one or more extinctions for Delta=0.00512816 is 0.501
[2019-11-30 04:32:59] Computing probability of getting one or more extinctions for Delta=0.00517081
[2019-11-30 05:39:07] Probability of getting one or more extinctions for Delta=0.00517081 is 0.53
[2019-11-30 05:39:07] Computing probability of getting one or more extinctions for Delta=0.00521346
[2019-11-30 06:39:23] Probability of getting one or more extinctions for Delta=0.00521346 is 0.478
[2019-11-30 06:39:23] Now fitting the 10 chosen into the specific function
[2019-11-30 06:39:23] Now we find the zero of the fit to determine delta critical (parameters = 453.275 -273947 5.51327e+07 -3.695e+09)
[2019-11-30 06:39:23] We interpret the fitting parameters as coefficients of a degree 3 polynomial (which should be true, please check that)
[2019-11-30 06:39:23] Found three potential roots, compute which one is the best (100 runs per point)
[2019-11-30 06:39:23] Please implement the different equilibrium modes in case of three roots
[2019-11-30 06:39:23]  zero estimated at -1
[2019-11-30 06:39:23] Computed critical delta for ./matrices/Nr25_Nc25/RandTrix_Nr25_Nc25_Nest0.45_Conn0.2336.txt
[2019-11-30 06:39:23] Attempting now to find the critical delta for the given set of metaparameters
[2019-11-30 06:39:23] Computing probability of getting one or more extinctions for Delta=0
