[2019-11-27 18:22:10] Loading metaparameters from config/configuration_comparison_NR25_NS25_s05_a05.in
[2019-11-27 18:22:10] Successfully opened ./data_output/configuration_comparison_NR25_NS25_s05_a05_matrix_list_NR25_NS25_1.out, attempting now to find the critical delta of every listed matrix 
[2019-11-27 18:22:10] Attempting now to find the critical delta for the given set of metaparameters
[2019-11-27 18:22:10] Computing probability of getting one or more extinctions for Delta=0
[2019-11-27 18:22:10] Probability of getting one or more extinctions for Delta=0 is 0
[2019-11-27 18:22:10] Computing probability of getting one or more extinctions for Delta=1
[2019-11-27 18:22:10] Probability of getting one or more extinctions for Delta=1 is 1
[2019-11-27 18:22:10] We first find a rough interval where the critical delta should lie (each point computed by the solver is estimated with 100 runs)
[2019-11-27 18:22:10] Computing probability of getting one or more extinctions for Delta=0.5
[2019-11-27 18:22:10] Probability of getting one or more extinctions for Delta=0.5 is 1
[2019-11-27 18:22:10] Computing probability of getting one or more extinctions for Delta=0.25
[2019-11-27 18:22:11] Probability of getting one or more extinctions for Delta=0.25 is 1
[2019-11-27 18:22:11] Computing probability of getting one or more extinctions for Delta=0.125
[2019-11-27 18:22:11] Probability of getting one or more extinctions for Delta=0.125 is 1
[2019-11-27 18:22:11] Computing probability of getting one or more extinctions for Delta=0.0625
[2019-11-27 18:22:12] Probability of getting one or more extinctions for Delta=0.0625 is 1
[2019-11-27 18:22:12] Computing probability of getting one or more extinctions for Delta=0.03125
[2019-11-27 18:22:15] Probability of getting one or more extinctions for Delta=0.03125 is 0.99
[2019-11-27 18:22:15] Computing probability of getting one or more extinctions for Delta=0.0157828
[2019-11-27 18:27:22] Probability of getting one or more extinctions for Delta=0.0157828 is 0.6
[2019-11-27 18:27:22] Computing probability of getting one or more extinctions for Delta=0.0124779
[2019-11-27 18:29:05] Probability of getting one or more extinctions for Delta=0.0124779 is 0.64
[2019-11-27 18:29:05] Computing probability of getting one or more extinctions for Delta=0.00623894
[2019-11-27 18:33:34] Probability of getting one or more extinctions for Delta=0.00623894 is 0.19
[2019-11-27 18:33:34] Computing probability of getting one or more extinctions for Delta=0.0105369
[2019-11-27 18:36:36] Probability of getting one or more extinctions for Delta=0.0105369 is 0.42
[2019-11-27 18:36:36] Computing probability of getting one or more extinctions for Delta=0.0112427
[2019-11-27 18:39:58] Probability of getting one or more extinctions for Delta=0.0112427 is 0.43
[2019-11-27 18:39:58] Computing probability of getting one or more extinctions for Delta=0.0118603
[2019-11-27 18:42:27] Probability of getting one or more extinctions for Delta=0.0118603 is 0.46
[2019-11-27 18:42:27] Found an interval for Delta critical : [0.0118603;0.0124779]
[2019-11-27 18:42:27] Now computing the probability of getting more than one extinction for ten points inside this interval (1000 runs per point)
[2019-11-27 18:42:27] Computing probability of getting one or more extinctions for Delta=0.0118603
[2019-11-27 19:11:38] Probability of getting one or more extinctions for Delta=0.0118603 is 0.477
[2019-11-27 19:11:38] Computing probability of getting one or more extinctions for Delta=0.0119289
[2019-11-27 19:37:59] Probability of getting one or more extinctions for Delta=0.0119289 is 0.503
[2019-11-27 19:37:59] Computing probability of getting one or more extinctions for Delta=0.0119975
[2019-11-27 20:05:21] Probability of getting one or more extinctions for Delta=0.0119975 is 0.511
[2019-11-27 20:05:21] Computing probability of getting one or more extinctions for Delta=0.0120661
[2019-11-27 20:33:24] Probability of getting one or more extinctions for Delta=0.0120661 is 0.499
[2019-11-27 20:33:24] Computing probability of getting one or more extinctions for Delta=0.0121348
[2019-11-27 20:58:58] Probability of getting one or more extinctions for Delta=0.0121348 is 0.492
[2019-11-27 20:58:58] Computing probability of getting one or more extinctions for Delta=0.0122034
[2019-11-27 21:22:34] Probability of getting one or more extinctions for Delta=0.0122034 is 0.51
[2019-11-27 21:22:34] Computing probability of getting one or more extinctions for Delta=0.012272
[2019-11-27 21:50:38] Probability of getting one or more extinctions for Delta=0.012272 is 0.514
[2019-11-27 21:50:38] Computing probability of getting one or more extinctions for Delta=0.0123406
[2019-11-27 22:22:58] Probability of getting one or more extinctions for Delta=0.0123406 is 0.508
[2019-11-27 22:22:58] Computing probability of getting one or more extinctions for Delta=0.0124093
[2019-11-27 22:54:17] Probability of getting one or more extinctions for Delta=0.0124093 is 0.509
[2019-11-27 22:54:17] Computing probability of getting one or more extinctions for Delta=0.0124779
[2019-11-27 23:17:27] Probability of getting one or more extinctions for Delta=0.0124779 is 0.513
[2019-11-27 23:17:27] Now fitting the 10 chosen into the specific function
[2019-11-27 23:17:27] Now we find the zero of the fit to determine delta critical (parameters = -934.995 229502 -1.87773e+07 5.12096e+08)
[2019-11-27 23:17:27] We interpret the fitting parameters as coefficients of a degree 3 polynomial (which should be true, please check that)
[2019-11-27 23:17:27]  zero estimated at 0.0119782
[2019-11-27 23:17:27] Computed critical delta for ./matrices/Nr25_Nc25/RandTrix_Nr25_Nc25_Nest0.2_Conn0.1312.txt
[2019-11-27 23:17:27] Attempting now to find the critical delta for the given set of metaparameters
[2019-11-27 23:17:27] Computing probability of getting one or more extinctions for Delta=0
[2019-11-27 23:17:27] Probability of getting one or more extinctions for Delta=0 is 0
[2019-11-27 23:17:27] Computing probability of getting one or more extinctions for Delta=1
[2019-11-27 23:17:27] Probability of getting one or more extinctions for Delta=1 is 1
[2019-11-27 23:17:27] We first find a rough interval where the critical delta should lie (each point computed by the solver is estimated with 100 runs)
[2019-11-27 23:17:27] Computing probability of getting one or more extinctions for Delta=0.5
[2019-11-27 23:17:27] Probability of getting one or more extinctions for Delta=0.5 is 1
[2019-11-27 23:17:27] Computing probability of getting one or more extinctions for Delta=0.25
[2019-11-27 23:17:28] Probability of getting one or more extinctions for Delta=0.25 is 1
[2019-11-27 23:17:28] Computing probability of getting one or more extinctions for Delta=0.125
[2019-11-27 23:17:28] Probability of getting one or more extinctions for Delta=0.125 is 1
[2019-11-27 23:17:28] Computing probability of getting one or more extinctions for Delta=0.0625
[2019-11-27 23:17:29] Probability of getting one or more extinctions for Delta=0.0625 is 1
[2019-11-27 23:17:29] Computing probability of getting one or more extinctions for Delta=0.03125
[2019-11-27 23:17:31] Probability of getting one or more extinctions for Delta=0.03125 is 0.99
[2019-11-27 23:17:31] Computing probability of getting one or more extinctions for Delta=0.0157828
[2019-11-27 23:18:02] Probability of getting one or more extinctions for Delta=0.0157828 is 0.61
[2019-11-27 23:18:02] Computing probability of getting one or more extinctions for Delta=0.0121129
[2019-11-27 23:18:53] Probability of getting one or more extinctions for Delta=0.0121129 is 0.47
[2019-11-27 23:18:53] Computing probability of getting one or more extinctions for Delta=0.0128993
[2019-11-27 23:19:35] Probability of getting one or more extinctions for Delta=0.0128993 is 0.49
[2019-11-27 23:19:35] Computing probability of getting one or more extinctions for Delta=0.0132597
[2019-11-27 23:20:15] Probability of getting one or more extinctions for Delta=0.0132597 is 0.48
[2019-11-27 23:20:15] Computing probability of getting one or more extinctions for Delta=0.0145213
[2019-11-27 23:21:07] Probability of getting one or more extinctions for Delta=0.0145213 is 0.58
[2019-11-27 23:21:07] Found an interval for Delta critical : [0.0132597;0.0145213]
[2019-11-27 23:21:07] Now computing the probability of getting more than one extinction for ten points inside this interval (1000 runs per point)
[2019-11-27 23:21:07] Computing probability of getting one or more extinctions for Delta=0.0132597
[2019-11-27 23:27:55] Probability of getting one or more extinctions for Delta=0.0132597 is 0.473
[2019-11-27 23:27:55] Computing probability of getting one or more extinctions for Delta=0.0133999
[2019-11-27 23:35:22] Probability of getting one or more extinctions for Delta=0.0133999 is 0.454
[2019-11-27 23:35:22] Computing probability of getting one or more extinctions for Delta=0.0135401
[2019-11-27 23:42:42] Probability of getting one or more extinctions for Delta=0.0135401 is 0.495
[2019-11-27 23:42:42] Computing probability of getting one or more extinctions for Delta=0.0136803
[2019-11-27 23:49:15] Probability of getting one or more extinctions for Delta=0.0136803 is 0.515
[2019-11-27 23:49:15] Computing probability of getting one or more extinctions for Delta=0.0138204
[2019-11-27 23:55:48] Probability of getting one or more extinctions for Delta=0.0138204 is 0.497
[2019-11-27 23:55:48] Computing probability of getting one or more extinctions for Delta=0.0139606
[2019-11-28 00:03:00] Probability of getting one or more extinctions for Delta=0.0139606 is 0.527
[2019-11-28 00:03:00] Computing probability of getting one or more extinctions for Delta=0.0141008
[2019-11-28 00:09:45] Probability of getting one or more extinctions for Delta=0.0141008 is 0.517
[2019-11-28 00:09:45] Computing probability of getting one or more extinctions for Delta=0.0142409
[2019-11-28 00:16:26] Probability of getting one or more extinctions for Delta=0.0142409 is 0.52
[2019-11-28 00:16:26] Computing probability of getting one or more extinctions for Delta=0.0143811
[2019-11-28 00:22:21] Probability of getting one or more extinctions for Delta=0.0143811 is 0.544
[2019-11-28 00:22:21] Computing probability of getting one or more extinctions for Delta=0.0145213
[2019-11-28 00:29:19] Probability of getting one or more extinctions for Delta=0.0145213 is 0.551
[2019-11-28 00:29:19] Now fitting the 10 chosen into the specific function
[2019-11-28 00:29:19] Now we find the zero of the fit to determine delta critical (parameters = -139.091 29763.2 -2.12619e+06 5.07125e+07)
[2019-11-28 00:29:19] We interpret the fitting parameters as coefficients of a degree 3 polynomial (which should be true, please check that)
[2019-11-28 00:29:19]  zero estimated at 0.0136827
[2019-11-28 00:29:19] Computed critical delta for ./matrices/Nr25_Nc25/RandTrix_Nr25_Nc25_Nest0.2_Conn0.168.txt
[2019-11-28 00:29:19] Attempting now to find the critical delta for the given set of metaparameters
[2019-11-28 00:29:19] Computing probability of getting one or more extinctions for Delta=0
[2019-11-28 00:29:19] Probability of getting one or more extinctions for Delta=0 is 0
[2019-11-28 00:29:19] Computing probability of getting one or more extinctions for Delta=1
[2019-11-28 00:29:20] Probability of getting one or more extinctions for Delta=1 is 1
[2019-11-28 00:29:20] We first find a rough interval where the critical delta should lie (each point computed by the solver is estimated with 100 runs)
[2019-11-28 00:29:20] Computing probability of getting one or more extinctions for Delta=0.5
[2019-11-28 00:29:20] Probability of getting one or more extinctions for Delta=0.5 is 1
[2019-11-28 00:29:20] Computing probability of getting one or more extinctions for Delta=0.25
[2019-11-28 00:29:20] Probability of getting one or more extinctions for Delta=0.25 is 1
[2019-11-28 00:29:20] Computing probability of getting one or more extinctions for Delta=0.125
[2019-11-28 00:29:21] Probability of getting one or more extinctions for Delta=0.125 is 0.99
[2019-11-28 00:29:21] Computing probability of getting one or more extinctions for Delta=0.0631313
[2019-11-28 00:29:22] Probability of getting one or more extinctions for Delta=0.0631313 is 0.84
[2019-11-28 00:29:22] Computing probability of getting one or more extinctions for Delta=0.0315657
[2019-11-28 00:29:25] Probability of getting one or more extinctions for Delta=0.0315657 is 0.16
[2019-11-28 00:29:25] Computing probability of getting one or more extinctions for Delta=0.0473485
[2019-11-28 00:29:26] Probability of getting one or more extinctions for Delta=0.0473485 is 0.62
[2019-11-28 00:29:26] Computing probability of getting one or more extinctions for Delta=0.0432312
[2019-11-28 00:29:28] Probability of getting one or more extinctions for Delta=0.0432312 is 0.56
[2019-11-28 00:29:28] Computing probability of getting one or more extinctions for Delta=0.0397316
[2019-11-28 00:29:31] Probability of getting one or more extinctions for Delta=0.0397316 is 0.45
[2019-11-28 00:29:31] Found an interval for Delta critical : [0.0397316;0.0432312]
[2019-11-28 00:29:31] Now computing the probability of getting more than one extinction for ten points inside this interval (1000 runs per point)
[2019-11-28 00:29:31] Computing probability of getting one or more extinctions for Delta=0.0397316
[2019-11-28 00:29:52] Probability of getting one or more extinctions for Delta=0.0397316 is 0.49
[2019-11-28 00:29:52] Computing probability of getting one or more extinctions for Delta=0.0401204
[2019-11-28 00:30:13] Probability of getting one or more extinctions for Delta=0.0401204 is 0.478
[2019-11-28 00:30:13] Computing probability of getting one or more extinctions for Delta=0.0405093
[2019-11-28 00:30:35] Probability of getting one or more extinctions for Delta=0.0405093 is 0.444
[2019-11-28 00:30:35] Computing probability of getting one or more extinctions for Delta=0.0408981
[2019-11-28 00:30:56] Probability of getting one or more extinctions for Delta=0.0408981 is 0.467
[2019-11-28 00:30:56] Computing probability of getting one or more extinctions for Delta=0.041287
[2019-11-28 00:31:16] Probability of getting one or more extinctions for Delta=0.041287 is 0.502
[2019-11-28 00:31:16] Computing probability of getting one or more extinctions for Delta=0.0416758
[2019-11-28 00:31:39] Probability of getting one or more extinctions for Delta=0.0416758 is 0.549
[2019-11-28 00:31:39] Computing probability of getting one or more extinctions for Delta=0.0420647
[2019-11-28 00:31:57] Probability of getting one or more extinctions for Delta=0.0420647 is 0.528
[2019-11-28 00:31:57] Computing probability of getting one or more extinctions for Delta=0.0424535
[2019-11-28 00:32:17] Probability of getting one or more extinctions for Delta=0.0424535 is 0.524
[2019-11-28 00:32:17] Computing probability of getting one or more extinctions for Delta=0.0428424
[2019-11-28 00:32:38] Probability of getting one or more extinctions for Delta=0.0428424 is 0.512
[2019-11-28 00:32:38] Computing probability of getting one or more extinctions for Delta=0.0432312
[2019-11-28 00:32:57] Probability of getting one or more extinctions for Delta=0.0432312 is 0.547
[2019-11-28 00:32:57] Now fitting the 10 chosen into the specific function
[2019-11-28 00:32:57] Now we find the zero of the fit to determine delta critical (parameters = 786.934 -56957.3 1.37306e+06 -1.10245e+07)
[2019-11-28 00:32:57] We interpret the fitting parameters as coefficients of a degree 3 polynomial (which should be true, please check that)
[2019-11-28 00:32:57] Found three potential roots, compute which one is the best (100 runs per point)
[2019-11-28 00:32:57] Please implement the different equilibrium modes in case of three roots
[2019-11-28 00:32:57]  zero estimated at -1
[2019-11-28 00:32:57] Computed critical delta for ./matrices/Nr25_Nc25/RandTrix_Nr25_Nc25_Nest0.35_Conn0.0832.txt
[2019-11-28 00:32:57] Attempting now to find the critical delta for the given set of metaparameters
[2019-11-28 00:32:57] Computing probability of getting one or more extinctions for Delta=0
[2019-11-28 00:32:57] Probability of getting one or more extinctions for Delta=0 is 0
[2019-11-28 00:32:57] Computing probability of getting one or more extinctions for Delta=1
[2019-11-28 00:32:57] Probability of getting one or more extinctions for Delta=1 is 1
[2019-11-28 00:32:57] We first find a rough interval where the critical delta should lie (each point computed by the solver is estimated with 100 runs)
[2019-11-28 00:32:57] Computing probability of getting one or more extinctions for Delta=0.5
[2019-11-28 00:32:57] Probability of getting one or more extinctions for Delta=0.5 is 1
[2019-11-28 00:32:57] Computing probability of getting one or more extinctions for Delta=0.25
[2019-11-28 00:32:58] Probability of getting one or more extinctions for Delta=0.25 is 1
[2019-11-28 00:32:58] Computing probability of getting one or more extinctions for Delta=0.125
[2019-11-28 00:32:58] Probability of getting one or more extinctions for Delta=0.125 is 1
[2019-11-28 00:32:58] Computing probability of getting one or more extinctions for Delta=0.0625
[2019-11-28 00:32:59] Probability of getting one or more extinctions for Delta=0.0625 is 1
[2019-11-28 00:32:59] Computing probability of getting one or more extinctions for Delta=0.03125
[2019-11-28 00:33:05] Probability of getting one or more extinctions for Delta=0.03125 is 0.46
[2019-11-28 00:33:05] Computing probability of getting one or more extinctions for Delta=0.0337661
[2019-11-28 00:33:09] Probability of getting one or more extinctions for Delta=0.0337661 is 0.59
[2019-11-28 00:33:09] Found an interval for Delta critical : [0.03125;0.0337661]
[2019-11-28 00:33:09] Now computing the probability of getting more than one extinction for ten points inside this interval (1000 runs per point)
[2019-11-28 00:33:09] Computing probability of getting one or more extinctions for Delta=0.03125
[2019-11-28 00:33:57] Probability of getting one or more extinctions for Delta=0.03125 is 0.444
[2019-11-28 00:33:57] Computing probability of getting one or more extinctions for Delta=0.0315296
[2019-11-28 00:34:43] Probability of getting one or more extinctions for Delta=0.0315296 is 0.493
[2019-11-28 00:34:43] Computing probability of getting one or more extinctions for Delta=0.0318091
[2019-11-28 00:35:30] Probability of getting one or more extinctions for Delta=0.0318091 is 0.485
[2019-11-28 00:35:30] Computing probability of getting one or more extinctions for Delta=0.0320887
[2019-11-28 00:36:14] Probability of getting one or more extinctions for Delta=0.0320887 is 0.498
[2019-11-28 00:36:14] Computing probability of getting one or more extinctions for Delta=0.0323683
[2019-11-28 00:36:55] Probability of getting one or more extinctions for Delta=0.0323683 is 0.512
[2019-11-28 00:36:55] Computing probability of getting one or more extinctions for Delta=0.0326478
[2019-11-28 00:37:37] Probability of getting one or more extinctions for Delta=0.0326478 is 0.519
[2019-11-28 00:37:37] Computing probability of getting one or more extinctions for Delta=0.0329274
[2019-11-28 00:38:23] Probability of getting one or more extinctions for Delta=0.0329274 is 0.517
[2019-11-28 00:38:23] Computing probability of getting one or more extinctions for Delta=0.033207
[2019-11-28 00:39:03] Probability of getting one or more extinctions for Delta=0.033207 is 0.55
[2019-11-28 00:39:03] Computing probability of getting one or more extinctions for Delta=0.0334865
[2019-11-28 00:39:45] Probability of getting one or more extinctions for Delta=0.0334865 is 0.569
[2019-11-28 00:39:45] Computing probability of getting one or more extinctions for Delta=0.0337661
[2019-11-28 00:40:29] Probability of getting one or more extinctions for Delta=0.0337661 is 0.555
[2019-11-28 00:40:29] Now fitting the 10 chosen into the specific function
[2019-11-28 00:40:29] Now we find the zero of the fit to determine delta critical (parameters = -203.992 18621.4 -567579 5.77715e+06)
[2019-11-28 00:40:29] We interpret the fitting parameters as coefficients of a degree 3 polynomial (which should be true, please check that)
[2019-11-28 00:40:29]  zero estimated at 0.0320637
[2019-11-28 00:40:29] Computed critical delta for ./matrices/Nr25_Nc25/RandTrix_Nr25_Nc25_Nest0.35_Conn0.1264.txt
[2019-11-28 00:40:29] Attempting now to find the critical delta for the given set of metaparameters
[2019-11-28 00:40:29] Computing probability of getting one or more extinctions for Delta=0
[2019-11-28 00:40:29] Probability of getting one or more extinctions for Delta=0 is 0
[2019-11-28 00:40:29] Computing probability of getting one or more extinctions for Delta=1
[2019-11-28 00:40:30] Probability of getting one or more extinctions for Delta=1 is 1
[2019-11-28 00:40:30] We first find a rough interval where the critical delta should lie (each point computed by the solver is estimated with 100 runs)
[2019-11-28 00:40:30] Computing probability of getting one or more extinctions for Delta=0.5
[2019-11-28 00:40:30] Probability of getting one or more extinctions for Delta=0.5 is 1
[2019-11-28 00:40:30] Computing probability of getting one or more extinctions for Delta=0.25
[2019-11-28 00:40:30] Probability of getting one or more extinctions for Delta=0.25 is 1
[2019-11-28 00:40:30] Computing probability of getting one or more extinctions for Delta=0.125
[2019-11-28 00:40:31] Probability of getting one or more extinctions for Delta=0.125 is 1
[2019-11-28 00:40:31] Computing probability of getting one or more extinctions for Delta=0.0625
[2019-11-28 00:40:32] Probability of getting one or more extinctions for Delta=0.0625 is 1
[2019-11-28 00:40:32] Computing probability of getting one or more extinctions for Delta=0.03125
[2019-11-28 00:40:36] Probability of getting one or more extinctions for Delta=0.03125 is 0.99
[2019-11-28 00:40:36] Computing probability of getting one or more extinctions for Delta=0.0157828
[2019-11-28 00:41:45] Probability of getting one or more extinctions for Delta=0.0157828 is 0.85
[2019-11-28 00:41:45] Computing probability of getting one or more extinctions for Delta=0.00789141
[2019-11-28 00:50:23] Probability of getting one or more extinctions for Delta=0.00789141 is 0.4
[2019-11-28 00:50:23] Computing probability of getting one or more extinctions for Delta=0.00964506
[2019-11-28 00:57:16] Probability of getting one or more extinctions for Delta=0.00964506 is 0.58
[2019-11-28 00:57:16] Computing probability of getting one or more extinctions for Delta=0.00886566
[2019-11-28 01:07:02] Probability of getting one or more extinctions for Delta=0.00886566 is 0.52
[2019-11-28 01:07:02] Computing probability of getting one or more extinctions for Delta=0.00864916
[2019-11-28 01:12:56] Probability of getting one or more extinctions for Delta=0.00864916 is 0.49
[2019-11-28 01:12:56] Found an interval for Delta critical : [0.00864916;0.00886566]
[2019-11-28 01:12:56] Now computing the probability of getting more than one extinction for ten points inside this interval (1000 runs per point)
[2019-11-28 01:12:56] Computing probability of getting one or more extinctions for Delta=0.00864916
[2019-11-28 02:13:14] Probability of getting one or more extinctions for Delta=0.00864916 is 0.499
[2019-11-28 02:13:14] Computing probability of getting one or more extinctions for Delta=0.00867322
[2019-11-28 03:06:25] Probability of getting one or more extinctions for Delta=0.00867322 is 0.492
[2019-11-28 03:06:25] Computing probability of getting one or more extinctions for Delta=0.00869727
[2019-11-28 04:05:50] Probability of getting one or more extinctions for Delta=0.00869727 is 0.475
[2019-11-28 04:05:50] Computing probability of getting one or more extinctions for Delta=0.00872133
[2019-11-28 05:03:46] Probability of getting one or more extinctions for Delta=0.00872133 is 0.497
[2019-11-28 05:03:46] Computing probability of getting one or more extinctions for Delta=0.00874539
[2019-11-28 06:03:32] Probability of getting one or more extinctions for Delta=0.00874539 is 0.497
[2019-11-28 06:03:32] Computing probability of getting one or more extinctions for Delta=0.00876944
[2019-11-28 06:59:58] Probability of getting one or more extinctions for Delta=0.00876944 is 0.516
[2019-11-28 06:59:58] Computing probability of getting one or more extinctions for Delta=0.0087935
[2019-11-28 08:08:48] Probability of getting one or more extinctions for Delta=0.0087935 is 0.516
[2019-11-28 08:08:48] Computing probability of getting one or more extinctions for Delta=0.00881755
[2019-11-28 09:07:37] Probability of getting one or more extinctions for Delta=0.00881755 is 0.492
[2019-11-28 09:07:37] Computing probability of getting one or more extinctions for Delta=0.00884161
[2019-11-28 09:57:53] Probability of getting one or more extinctions for Delta=0.00884161 is 0.495
[2019-11-28 09:57:53] Computing probability of getting one or more extinctions for Delta=0.00886566
[2019-11-28 11:01:28] Probability of getting one or more extinctions for Delta=0.00886566 is 0.469
[2019-11-28 11:01:28] Now fitting the 10 chosen into the specific function
[2019-11-28 11:01:28] Now we find the zero of the fit to determine delta critical (parameters = 25093.2 -8.61252e+06 9.85295e+08 -3.75721e+10)
[2019-11-28 11:01:28] We interpret the fitting parameters as coefficients of a degree 3 polynomial (which should be true, please check that)
[2019-11-28 11:01:28] Found three potential roots, compute which one is the best (100 runs per point)
[2019-11-28 11:01:28] Please implement the different equilibrium modes in case of three roots
[2019-11-28 11:01:28]  zero estimated at -1
[2019-11-28 11:01:28] Computed critical delta for ./matrices/Nr25_Nc25/RandTrix_Nr25_Nc25_Nest0.35_Conn0.1712.txt
[2019-11-28 11:01:28] Attempting now to find the critical delta for the given set of metaparameters
[2019-11-28 11:01:28] Computing probability of getting one or more extinctions for Delta=0
[2019-11-28 11:01:28] Probability of getting one or more extinctions for Delta=0 is 0
[2019-11-28 11:01:28] Computing probability of getting one or more extinctions for Delta=1
[2019-11-28 11:01:29] Probability of getting one or more extinctions for Delta=1 is 1
[2019-11-28 11:01:29] We first find a rough interval where the critical delta should lie (each point computed by the solver is estimated with 100 runs)
[2019-11-28 11:01:29] Computing probability of getting one or more extinctions for Delta=0.5
[2019-11-28 11:01:29] Probability of getting one or more extinctions for Delta=0.5 is 1
[2019-11-28 11:01:29] Computing probability of getting one or more extinctions for Delta=0.25
[2019-11-28 11:01:29] Probability of getting one or more extinctions for Delta=0.25 is 1
[2019-11-28 11:01:29] Computing probability of getting one or more extinctions for Delta=0.125
[2019-11-28 11:01:30] Probability of getting one or more extinctions for Delta=0.125 is 1
[2019-11-28 11:01:30] Computing probability of getting one or more extinctions for Delta=0.0625
[2019-11-28 11:01:31] Probability of getting one or more extinctions for Delta=0.0625 is 1
[2019-11-28 11:01:31] Computing probability of getting one or more extinctions for Delta=0.03125
[2019-11-28 11:01:41] Probability of getting one or more extinctions for Delta=0.03125 is 0.99
[2019-11-28 11:01:41] Computing probability of getting one or more extinctions for Delta=0.0157828
[2019-11-28 11:02:31] Probability of getting one or more extinctions for Delta=0.0157828 is 0.82
[2019-11-28 11:02:31] Computing probability of getting one or more extinctions for Delta=0.00789141
[2019-11-28 11:07:32] Probability of getting one or more extinctions for Delta=0.00789141 is 0.49
[2019-11-28 11:07:32] Computing probability of getting one or more extinctions for Delta=0.00813055
[2019-11-28 11:10:56] Probability of getting one or more extinctions for Delta=0.00813055 is 0.53
[2019-11-28 11:10:56] Found an interval for Delta critical : [0.00789141;0.00813055]
[2019-11-28 11:10:56] Now computing the probability of getting more than one extinction for ten points inside this interval (1000 runs per point)
[2019-11-28 11:10:56] Computing probability of getting one or more extinctions for Delta=0.00789141
[2019-11-28 11:48:35] Probability of getting one or more extinctions for Delta=0.00789141 is 0.469
[2019-11-28 11:48:35] Computing probability of getting one or more extinctions for Delta=0.00791798
[2019-11-28 12:29:05] Probability of getting one or more extinctions for Delta=0.00791798 is 0.45
[2019-11-28 12:29:05] Computing probability of getting one or more extinctions for Delta=0.00794455
[2019-11-28 13:18:15] Probability of getting one or more extinctions for Delta=0.00794455 is 0.495
[2019-11-28 13:18:15] Computing probability of getting one or more extinctions for Delta=0.00797113
[2019-11-28 14:03:24] Probability of getting one or more extinctions for Delta=0.00797113 is 0.435
[2019-11-28 14:03:24] Computing probability of getting one or more extinctions for Delta=0.0079977
[2019-11-28 14:39:08] Probability of getting one or more extinctions for Delta=0.0079977 is 0.498
[2019-11-28 14:39:08] Computing probability of getting one or more extinctions for Delta=0.00802427
[2019-11-28 15:18:16] Probability of getting one or more extinctions for Delta=0.00802427 is 0.473
[2019-11-28 15:18:16] Computing probability of getting one or more extinctions for Delta=0.00805084
[2019-11-28 15:54:08] Probability of getting one or more extinctions for Delta=0.00805084 is 0.483
[2019-11-28 15:54:08] Computing probability of getting one or more extinctions for Delta=0.00807741
[2019-11-28 16:37:45] Probability of getting one or more extinctions for Delta=0.00807741 is 0.469
[2019-11-28 16:37:45] Computing probability of getting one or more extinctions for Delta=0.00810398
[2019-11-28 17:10:40] Probability of getting one or more extinctions for Delta=0.00810398 is 0.487
[2019-11-28 17:10:40] Computing probability of getting one or more extinctions for Delta=0.00813055
[2019-11-28 17:48:19] Probability of getting one or more extinctions for Delta=0.00813055 is 0.445
[2019-11-28 17:48:19] Now fitting the 10 chosen into the specific function
[2019-11-28 17:48:19] Now we find the zero of the fit to determine delta critical (parameters = 9482.63 -3.56201e+06 4.45975e+08 -1.86113e+10)
[2019-11-28 17:48:19] We interpret the fitting parameters as coefficients of a degree 3 polynomial (which should be true, please check that)
[2019-11-28 17:48:19]  zero estimated at 0.00783862
[2019-11-28 17:48:19] Computed critical delta for ./matrices/Nr25_Nc25/RandTrix_Nr25_Nc25_Nest0.35_Conn0.2208.txt
[2019-11-28 17:48:19] Attempting now to find the critical delta for the given set of metaparameters
[2019-11-28 17:48:19] Computing probability of getting one or more extinctions for Delta=0
[2019-11-28 17:48:19] Probability of getting one or more extinctions for Delta=0 is 0
[2019-11-28 17:48:19] Computing probability of getting one or more extinctions for Delta=1
[2019-11-28 17:48:19] Probability of getting one or more extinctions for Delta=1 is 1
[2019-11-28 17:48:19] We first find a rough interval where the critical delta should lie (each point computed by the solver is estimated with 100 runs)
[2019-11-28 17:48:19] Computing probability of getting one or more extinctions for Delta=0.5
[2019-11-28 17:48:19] Probability of getting one or more extinctions for Delta=0.5 is 1
[2019-11-28 17:48:19] Computing probability of getting one or more extinctions for Delta=0.25
[2019-11-28 17:48:20] Probability of getting one or more extinctions for Delta=0.25 is 1
[2019-11-28 17:48:20] Computing probability of getting one or more extinctions for Delta=0.125
[2019-11-28 17:48:20] Probability of getting one or more extinctions for Delta=0.125 is 1
[2019-11-28 17:48:20] Computing probability of getting one or more extinctions for Delta=0.0625
[2019-11-28 17:48:21] Probability of getting one or more extinctions for Delta=0.0625 is 1
[2019-11-28 17:48:21] Computing probability of getting one or more extinctions for Delta=0.03125
[2019-11-28 17:48:25] Probability of getting one or more extinctions for Delta=0.03125 is 0.98
[2019-11-28 17:48:25] Computing probability of getting one or more extinctions for Delta=0.0159439
[2019-11-28 17:48:46] Probability of getting one or more extinctions for Delta=0.0159439 is 0.62
[2019-11-28 17:48:46] Computing probability of getting one or more extinctions for Delta=0.0118293
[2019-11-28 17:49:20] Probability of getting one or more extinctions for Delta=0.0118293 is 0.29
[2019-11-28 17:49:20] Computing probability of getting one or more extinctions for Delta=0.0144477
[2019-11-28 17:49:43] Probability of getting one or more extinctions for Delta=0.0144477 is 0.56
[2019-11-28 17:49:43] Computing probability of getting one or more extinctions for Delta=0.013284
[2019-11-28 17:50:14] Probability of getting one or more extinctions for Delta=0.013284 is 0.54
[2019-11-28 17:50:14] Computing probability of getting one or more extinctions for Delta=0.0125566
[2019-11-28 17:50:46] Probability of getting one or more extinctions for Delta=0.0125566 is 0.4
[2019-11-28 17:50:46] Found an interval for Delta critical : [0.0125566;0.013284]
[2019-11-28 17:50:46] Now computing the probability of getting more than one extinction for ten points inside this interval (1000 runs per point)
[2019-11-28 17:50:46] Computing probability of getting one or more extinctions for Delta=0.0125566
[2019-11-28 17:55:54] Probability of getting one or more extinctions for Delta=0.0125566 is 0.413
[2019-11-28 17:55:54] Computing probability of getting one or more extinctions for Delta=0.0126375
[2019-11-28 18:01:15] Probability of getting one or more extinctions for Delta=0.0126375 is 0.425
[2019-11-28 18:01:15] Computing probability of getting one or more extinctions for Delta=0.0127183
[2019-11-28 18:07:16] Probability of getting one or more extinctions for Delta=0.0127183 is 0.383
[2019-11-28 18:07:16] Computing probability of getting one or more extinctions for Delta=0.0127991
[2019-11-28 18:12:52] Probability of getting one or more extinctions for Delta=0.0127991 is 0.427
[2019-11-28 18:12:52] Computing probability of getting one or more extinctions for Delta=0.0128799
[2019-11-28 18:18:14] Probability of getting one or more extinctions for Delta=0.0128799 is 0.405
[2019-11-28 18:18:14] Computing probability of getting one or more extinctions for Delta=0.0129607
[2019-11-28 18:23:45] Probability of getting one or more extinctions for Delta=0.0129607 is 0.439
[2019-11-28 18:23:45] Computing probability of getting one or more extinctions for Delta=0.0130415
[2019-11-28 18:28:46] Probability of getting one or more extinctions for Delta=0.0130415 is 0.432
[2019-11-28 18:28:46] Computing probability of getting one or more extinctions for Delta=0.0131223
[2019-11-28 18:33:40] Probability of getting one or more extinctions for Delta=0.0131223 is 0.423
[2019-11-28 18:33:40] Computing probability of getting one or more extinctions for Delta=0.0132032
[2019-11-28 18:42:17] Probability of getting one or more extinctions for Delta=0.0132032 is 0.424
[2019-11-28 18:42:17] Computing probability of getting one or more extinctions for Delta=0.013284
[2019-11-28 18:50:31] Probability of getting one or more extinctions for Delta=0.013284 is 0.427
[2019-11-28 18:50:31] Now fitting the 10 chosen into the specific function
[2019-11-28 18:50:31] Now we find the zero of the fit to determine delta critical (parameters = 1074.48 -249813 1.9353e+07 -4.99605e+08)
[2019-11-28 18:50:31] We interpret the fitting parameters as coefficients of a degree 3 polynomial (which should be true, please check that)
[2019-11-28 18:50:31]  zero estimated at 0.0122768
[2019-11-28 18:50:31] Computed critical delta for ./matrices/Nr25_Nc25/RandTrix_Nr25_Nc25_Nest0.35_Conn0.272.txt
[2019-11-28 18:50:31] Attempting now to find the critical delta for the given set of metaparameters
[2019-11-28 18:50:31] Computing probability of getting one or more extinctions for Delta=0
[2019-11-28 18:50:31] Probability of getting one or more extinctions for Delta=0 is 0
[2019-11-28 18:50:31] Computing probability of getting one or more extinctions for Delta=1
[2019-11-28 18:50:32] Probability of getting one or more extinctions for Delta=1 is 1
[2019-11-28 18:50:32] We first find a rough interval where the critical delta should lie (each point computed by the solver is estimated with 100 runs)
[2019-11-28 18:50:32] Computing probability of getting one or more extinctions for Delta=0.5
[2019-11-28 18:50:32] Probability of getting one or more extinctions for Delta=0.5 is 1
[2019-11-28 18:50:32] Computing probability of getting one or more extinctions for Delta=0.25
[2019-11-28 18:50:32] Probability of getting one or more extinctions for Delta=0.25 is 1
[2019-11-28 18:50:32] Computing probability of getting one or more extinctions for Delta=0.125
[2019-11-28 18:50:33] Probability of getting one or more extinctions for Delta=0.125 is 1
[2019-11-28 18:50:33] Computing probability of getting one or more extinctions for Delta=0.0625
[2019-11-28 18:50:37] Probability of getting one or more extinctions for Delta=0.0625 is 1
[2019-11-28 18:50:37] Computing probability of getting one or more extinctions for Delta=0.03125
[2019-11-28 18:50:47] Probability of getting one or more extinctions for Delta=0.03125 is 1
[2019-11-28 18:50:47] Computing probability of getting one or more extinctions for Delta=0.015625
[2019-11-28 18:53:01] Probability of getting one or more extinctions for Delta=0.015625 is 0.83
[2019-11-28 18:53:01] Computing probability of getting one or more extinctions for Delta=0.00941265
[2019-11-28 18:56:56] Probability of getting one or more extinctions for Delta=0.00941265 is 0.44
[2019-11-28 18:56:56] Computing probability of getting one or more extinctions for Delta=0.0103684
[2019-11-28 19:02:32] Probability of getting one or more extinctions for Delta=0.0103684 is 0.44
[2019-11-28 19:02:32] Computing probability of getting one or more extinctions for Delta=0.0129967
[2019-11-28 19:04:45] Probability of getting one or more extinctions for Delta=0.0129967 is 0.6
[2019-11-28 19:04:45] Computing probability of getting one or more extinctions for Delta=0.011354
[2019-11-28 19:06:14] Probability of getting one or more extinctions for Delta=0.011354 is 0.54
[2019-11-28 19:06:14] Found an interval for Delta critical : [0.0103684;0.011354]
[2019-11-28 19:06:14] Now computing the probability of getting more than one extinction for ten points inside this interval (1000 runs per point)
[2019-11-28 19:06:14] Computing probability of getting one or more extinctions for Delta=0.0103684
[2019-11-28 19:41:57] Probability of getting one or more extinctions for Delta=0.0103684 is 0.534
[2019-11-28 19:41:57] Computing probability of getting one or more extinctions for Delta=0.0104779
[2019-11-28 20:23:56] Probability of getting one or more extinctions for Delta=0.0104779 is 0.506
[2019-11-28 20:23:56] Computing probability of getting one or more extinctions for Delta=0.0105874
[2019-11-28 20:52:56] Probability of getting one or more extinctions for Delta=0.0105874 is 0.507
[2019-11-28 20:52:56] Computing probability of getting one or more extinctions for Delta=0.0106969
[2019-11-28 21:14:16] Probability of getting one or more extinctions for Delta=0.0106969 is 0.549
[2019-11-28 21:14:16] Computing probability of getting one or more extinctions for Delta=0.0108064
[2019-11-28 21:47:01] Probability of getting one or more extinctions for Delta=0.0108064 is 0.532
[2019-11-28 21:47:01] Computing probability of getting one or more extinctions for Delta=0.010916
[2019-11-28 22:22:48] Probability of getting one or more extinctions for Delta=0.010916 is 0.559
[2019-11-28 22:22:48] Computing probability of getting one or more extinctions for Delta=0.0110255
[2019-11-28 22:57:56] Probability of getting one or more extinctions for Delta=0.0110255 is 0.559
[2019-11-28 22:57:56] Computing probability of getting one or more extinctions for Delta=0.011135
[2019-11-28 23:35:19] Probability of getting one or more extinctions for Delta=0.011135 is 0.563
[2019-11-28 23:35:19] Computing probability of getting one or more extinctions for Delta=0.0112445
[2019-11-29 00:08:38] Probability of getting one or more extinctions for Delta=0.0112445 is 0.557
[2019-11-29 00:08:38] Computing probability of getting one or more extinctions for Delta=0.011354
[2019-11-29 00:41:28] Probability of getting one or more extinctions for Delta=0.011354 is 0.571
[2019-11-29 00:41:28] Now fitting the 10 chosen into the specific function
[2019-11-29 00:41:28] Now we find the zero of the fit to determine delta critical (parameters = 331.03 -91634.3 8.44691e+06 -2.59257e+08)
[2019-11-29 00:41:28] We interpret the fitting parameters as coefficients of a degree 3 polynomial (which should be true, please check that)
[2019-11-29 00:41:28]  zero estimated at 0.0116418
[2019-11-29 00:41:28] Computed critical delta for ./matrices/Nr25_Nc25/RandTrix_Nr25_Nc25_Nest0.35_Conn0.3216.txt
[2019-11-29 00:41:28] Attempting now to find the critical delta for the given set of metaparameters
[2019-11-29 00:41:28] Computing probability of getting one or more extinctions for Delta=0
[2019-11-29 00:41:28] Probability of getting one or more extinctions for Delta=0 is 0
[2019-11-29 00:41:28] Computing probability of getting one or more extinctions for Delta=1
[2019-11-29 00:41:28] Probability of getting one or more extinctions for Delta=1 is 1
[2019-11-29 00:41:28] We first find a rough interval where the critical delta should lie (each point computed by the solver is estimated with 100 runs)
[2019-11-29 00:41:28] Computing probability of getting one or more extinctions for Delta=0.5
[2019-11-29 00:41:29] Probability of getting one or more extinctions for Delta=0.5 is 1
[2019-11-29 00:41:29] Computing probability of getting one or more extinctions for Delta=0.25
[2019-11-29 00:41:29] Probability of getting one or more extinctions for Delta=0.25 is 1
[2019-11-29 00:41:29] Computing probability of getting one or more extinctions for Delta=0.125
[2019-11-29 00:41:29] Probability of getting one or more extinctions for Delta=0.125 is 1
[2019-11-29 00:41:29] Computing probability of getting one or more extinctions for Delta=0.0625
[2019-11-29 00:41:30] Probability of getting one or more extinctions for Delta=0.0625 is 0.98
[2019-11-29 00:41:30] Computing probability of getting one or more extinctions for Delta=0.0318878
[2019-11-29 00:41:33] Probability of getting one or more extinctions for Delta=0.0318878 is 0.51
[2019-11-29 00:41:33] Computing probability of getting one or more extinctions for Delta=0.0312492
[2019-11-29 00:41:37] Probability of getting one or more extinctions for Delta=0.0312492 is 0.5
[2019-11-29 00:41:37] Computing probability of getting one or more extinctions for Delta=0.0312492
[2019-11-29 00:41:41] Probability of getting one or more extinctions for Delta=0.0312492 is 0.44
[2019-11-29 00:41:41] Found an interval for Delta critical : [0.0312492;0.0312492]
[2019-11-29 00:41:41] Now computing the probability of getting more than one extinction for ten points inside this interval (1000 runs per point)
[2019-11-29 00:41:41] Computing probability of getting one or more extinctions for Delta=0.0312492
[2019-11-29 00:42:25] Probability of getting one or more extinctions for Delta=0.0312492 is 0.476
[2019-11-29 00:42:25] Computing probability of getting one or more extinctions for Delta=0.0312492
[2019-11-29 00:43:24] Probability of getting one or more extinctions for Delta=0.0312492 is 0.465
[2019-11-29 00:43:24] Computing probability of getting one or more extinctions for Delta=0.0312492
[2019-11-29 00:44:26] Probability of getting one or more extinctions for Delta=0.0312492 is 0.459
[2019-11-29 00:44:26] Computing probability of getting one or more extinctions for Delta=0.0312492
[2019-11-29 02:57:52] Probability of getting one or more extinctions for Delta=0.0312492 is 0.495
[2019-11-29 02:57:52] Computing probability of getting one or more extinctions for Delta=0.0312492
[2019-11-29 02:58:55] Probability of getting one or more extinctions for Delta=0.0312492 is 0.469
[2019-11-29 02:58:55] Computing probability of getting one or more extinctions for Delta=0.0312492
[2019-11-29 02:59:56] Probability of getting one or more extinctions for Delta=0.0312492 is 0.488
[2019-11-29 02:59:56] Computing probability of getting one or more extinctions for Delta=0.0312492
[2019-11-29 03:01:01] Probability of getting one or more extinctions for Delta=0.0312492 is 0.459
[2019-11-29 03:01:01] Computing probability of getting one or more extinctions for Delta=0.0312492
[2019-11-29 03:04:32] Probability of getting one or more extinctions for Delta=0.0312492 is 0.438
[2019-11-29 03:04:32] Computing probability of getting one or more extinctions for Delta=0.0312492
[2019-11-29 03:05:10] Probability of getting one or more extinctions for Delta=0.0312492 is 0.502
[2019-11-29 03:05:10] Computing probability of getting one or more extinctions for Delta=0.0312492
[2019-11-29 03:05:42] Probability of getting one or more extinctions for Delta=0.0312492 is 0.481
[2019-11-29 03:05:42] Now fitting the 10 chosen into the specific function
[2019-11-29 03:05:42] Now we find the zero of the fit to determine delta critical (parameters = 0.735219 -7.47314 -270.103 -8675.34)
[2019-11-29 03:05:42] We interpret the fitting parameters as coefficients of a degree 3 polynomial (which should be true, please check that)
[2019-11-29 03:05:42]  zero estimated at 0.0307043
[2019-11-29 03:05:42] Computed critical delta for ./matrices/Nr25_Nc25/RandTrix_Nr25_Nc25_Nest0.3_Conn0.0848.txt
[2019-11-29 03:05:42] Attempting now to find the critical delta for the given set of metaparameters
[2019-11-29 03:05:42] Computing probability of getting one or more extinctions for Delta=0
[2019-11-29 03:05:42] Probability of getting one or more extinctions for Delta=0 is 0
[2019-11-29 03:05:42] Computing probability of getting one or more extinctions for Delta=1
[2019-11-29 03:05:43] Probability of getting one or more extinctions for Delta=1 is 1
[2019-11-29 03:05:43] We first find a rough interval where the critical delta should lie (each point computed by the solver is estimated with 100 runs)
[2019-11-29 03:05:43] Computing probability of getting one or more extinctions for Delta=0.5
[2019-11-29 03:05:43] Probability of getting one or more extinctions for Delta=0.5 is 1
[2019-11-29 03:05:43] Computing probability of getting one or more extinctions for Delta=0.25
[2019-11-29 03:05:43] Probability of getting one or more extinctions for Delta=0.25 is 1
[2019-11-29 03:05:43] Computing probability of getting one or more extinctions for Delta=0.125
[2019-11-29 03:05:44] Probability of getting one or more extinctions for Delta=0.125 is 1
[2019-11-29 03:05:44] Computing probability of getting one or more extinctions for Delta=0.0625
[2019-11-29 03:05:45] Probability of getting one or more extinctions for Delta=0.0625 is 0.99
[2019-11-29 03:05:45] Computing probability of getting one or more extinctions for Delta=0.0315657
[2019-11-29 03:05:51] Probability of getting one or more extinctions for Delta=0.0315657 is 0.55
[2019-11-29 03:05:51] Computing probability of getting one or more extinctions for Delta=0.02837
[2019-11-29 03:05:57] Probability of getting one or more extinctions for Delta=0.02837 is 0.36
[2019-11-29 03:05:57] Computing probability of getting one or more extinctions for Delta=0.0307247
[2019-11-29 03:06:03] Probability of getting one or more extinctions for Delta=0.0307247 is 0.52
[2019-11-29 03:06:03] Found an interval for Delta critical : [0.02837;0.0307247]
[2019-11-29 03:06:03] Now computing the probability of getting more than one extinction for ten points inside this interval (1000 runs per point)
[2019-11-29 03:06:03] Computing probability of getting one or more extinctions for Delta=0.02837
[2019-11-29 03:07:06] Probability of getting one or more extinctions for Delta=0.02837 is 0.373
[2019-11-29 03:07:06] Computing probability of getting one or more extinctions for Delta=0.0286316
[2019-11-29 03:08:09] Probability of getting one or more extinctions for Delta=0.0286316 is 0.417
[2019-11-29 03:08:09] Computing probability of getting one or more extinctions for Delta=0.0288932
[2019-11-29 03:09:14] Probability of getting one or more extinctions for Delta=0.0288932 is 0.393
[2019-11-29 03:09:14] Computing probability of getting one or more extinctions for Delta=0.0291549
[2019-11-29 03:10:15] Probability of getting one or more extinctions for Delta=0.0291549 is 0.393
[2019-11-29 03:10:15] Computing probability of getting one or more extinctions for Delta=0.0294165
[2019-11-29 03:12:09] Probability of getting one or more extinctions for Delta=0.0294165 is 0.42
[2019-11-29 03:12:09] Computing probability of getting one or more extinctions for Delta=0.0296781
[2019-11-29 03:14:02] Probability of getting one or more extinctions for Delta=0.0296781 is 0.449
[2019-11-29 03:14:02] Computing probability of getting one or more extinctions for Delta=0.0299398
[2019-11-29 03:15:48] Probability of getting one or more extinctions for Delta=0.0299398 is 0.482
[2019-11-29 03:15:48] Computing probability of getting one or more extinctions for Delta=0.0302014
[2019-11-29 03:17:34] Probability of getting one or more extinctions for Delta=0.0302014 is 0.459
[2019-11-29 03:17:34] Computing probability of getting one or more extinctions for Delta=0.030463
[2019-11-29 03:19:19] Probability of getting one or more extinctions for Delta=0.030463 is 0.489
[2019-11-29 03:19:19] Computing probability of getting one or more extinctions for Delta=0.0307247
[2019-11-29 03:20:18] Probability of getting one or more extinctions for Delta=0.0307247 is 0.477
[2019-11-29 03:20:18] Now fitting the 10 chosen into the specific function
[2019-11-29 03:20:18] Now we find the zero of the fit to determine delta critical (parameters = 571.303 -58219.5 1.97503e+06 -2.23065e+07)
[2019-11-29 03:20:18] We interpret the fitting parameters as coefficients of a degree 3 polynomial (which should be true, please check that)
[2019-11-29 03:20:18]  zero estimated at 0.027383
[2019-11-29 03:20:18] Computed critical delta for ./matrices/Nr25_Nc25/RandTrix_Nr25_Nc25_Nest0.3_Conn0.1296.txt
[2019-11-29 03:20:18] Attempting now to find the critical delta for the given set of metaparameters
[2019-11-29 03:20:18] Computing probability of getting one or more extinctions for Delta=0
[2019-11-29 03:20:18] Probability of getting one or more extinctions for Delta=0 is 0
[2019-11-29 03:20:18] Computing probability of getting one or more extinctions for Delta=1
[2019-11-29 03:20:18] Probability of getting one or more extinctions for Delta=1 is 1
[2019-11-29 03:20:18] We first find a rough interval where the critical delta should lie (each point computed by the solver is estimated with 100 runs)
[2019-11-29 03:20:18] Computing probability of getting one or more extinctions for Delta=0.5
[2019-11-29 03:20:19] Probability of getting one or more extinctions for Delta=0.5 is 1
[2019-11-29 03:20:19] Computing probability of getting one or more extinctions for Delta=0.25
[2019-11-29 03:20:19] Probability of getting one or more extinctions for Delta=0.25 is 1
[2019-11-29 03:20:19] Computing probability of getting one or more extinctions for Delta=0.125
[2019-11-29 03:20:20] Probability of getting one or more extinctions for Delta=0.125 is 1
[2019-11-29 03:20:20] Computing probability of getting one or more extinctions for Delta=0.0625
[2019-11-29 03:20:20] Probability of getting one or more extinctions for Delta=0.0625 is 1
[2019-11-29 03:20:20] Computing probability of getting one or more extinctions for Delta=0.03125
[2019-11-29 03:20:25] Probability of getting one or more extinctions for Delta=0.03125 is 0.97
[2019-11-29 03:20:25] Computing probability of getting one or more extinctions for Delta=0.0161082
[2019-11-29 03:20:40] Probability of getting one or more extinctions for Delta=0.0161082 is 0.76
[2019-11-29 03:20:40] Computing probability of getting one or more extinctions for Delta=0.00805412
[2019-11-29 11:39:30] Probability of getting one or more extinctions for Delta=0.00805412 is 0.16
[2019-11-29 11:39:30] Computing probability of getting one or more extinctions for Delta=0.0126181
[2019-11-29 11:40:05] Probability of getting one or more extinctions for Delta=0.0126181 is 0.5
[2019-11-29 11:40:05] Computing probability of getting one or more extinctions for Delta=0.0126181
[2019-11-29 15:54:55] Probability of getting one or more extinctions for Delta=0.0126181 is 0.51
[2019-11-29 15:54:55] Computing probability of getting one or more extinctions for Delta=0.0103361
[2019-11-29 15:55:25] Probability of getting one or more extinctions for Delta=0.0103361 is 0.33
[2019-11-29 15:55:25] Computing probability of getting one or more extinctions for Delta=0.0124913
[2019-11-29 15:55:47] Probability of getting one or more extinctions for Delta=0.0124913 is 0.6
[2019-11-29 15:55:47] Computing probability of getting one or more extinctions for Delta=0.0114137
[2019-11-29 15:56:19] Probability of getting one or more extinctions for Delta=0.0114137 is 0.42
[2019-11-29 15:56:19] Found an interval for Delta critical : [0.0114137;0.0124913]
[2019-11-29 15:56:19] Now computing the probability of getting more than one extinction for ten points inside this interval (1000 runs per point)
[2019-11-29 15:56:19] Computing probability of getting one or more extinctions for Delta=0.0114137
[2019-11-29 20:13:18] Probability of getting one or more extinctions for Delta=0.0114137 is 0.442
[2019-11-29 20:13:18] Computing probability of getting one or more extinctions for Delta=0.0115335
[2019-11-30 08:26:17] Probability of getting one or more extinctions for Delta=0.0115335 is 0.419
[2019-11-30 08:26:17] Computing probability of getting one or more extinctions for Delta=0.0116532
[2019-11-30 12:04:55] Probability of getting one or more extinctions for Delta=0.0116532 is 0.444
[2019-11-30 12:04:55] Computing probability of getting one or more extinctions for Delta=0.0117729
[2019-11-30 12:14:26] Probability of getting one or more extinctions for Delta=0.0117729 is 0.455
[2019-11-30 12:14:26] Computing probability of getting one or more extinctions for Delta=0.0118927
[2019-12-01 00:20:10] Probability of getting one or more extinctions for Delta=0.0118927 is 0.472
[2019-12-01 00:20:10] Computing probability of getting one or more extinctions for Delta=0.0120124
[2019-12-01 08:52:40] Probability of getting one or more extinctions for Delta=0.0120124 is 0.462
[2019-12-01 08:52:40] Computing probability of getting one or more extinctions for Delta=0.0121321
