[2019-12-02 21:14:13] Loading metaparameters from config/configuration_comparison_NR25_NS25_s075_a05.in
[2019-12-02 21:14:13] Successfully opened ./data_output/configuration_comparison_NR25_NS25_s075_a05_matrix_list_NR25_NS25_10.out, attempting now to find the critical delta of every listed matrix 
[2019-12-02 21:14:13] Attempting now to find the critical delta for the given set of metaparameters
[2019-12-02 21:14:13] Computing probability of getting one or more extinctions for Delta=0
[2019-12-02 21:14:14] Probability of getting one or more extinctions for Delta=0 is 0
[2019-12-02 21:14:14] Computing probability of getting one or more extinctions for Delta=1
[2019-12-02 21:14:14] Probability of getting one or more extinctions for Delta=1 is 1
[2019-12-02 21:14:14] We first find a rough interval where the critical delta should lie (each point computed by the solver is estimated with 100 runs)
[2019-12-02 21:14:14] Computing probability of getting one or more extinctions for Delta=0.5
[2019-12-02 21:14:14] Probability of getting one or more extinctions for Delta=0.5 is 1
[2019-12-02 21:14:14] Computing probability of getting one or more extinctions for Delta=0.25
[2019-12-02 21:14:14] Probability of getting one or more extinctions for Delta=0.25 is 1
[2019-12-02 21:14:14] Computing probability of getting one or more extinctions for Delta=0.125
[2019-12-02 21:14:15] Probability of getting one or more extinctions for Delta=0.125 is 1
[2019-12-02 21:14:15] Computing probability of getting one or more extinctions for Delta=0.0625
[2019-12-02 21:14:18] Probability of getting one or more extinctions for Delta=0.0625 is 0.87
[2019-12-02 21:14:18] Computing probability of getting one or more extinctions for Delta=0.0359195
[2019-12-02 21:14:24] Probability of getting one or more extinctions for Delta=0.0359195 is 0.47
[2019-12-02 21:14:24] Computing probability of getting one or more extinctions for Delta=0.0379131
[2019-12-02 21:14:29] Probability of getting one or more extinctions for Delta=0.0379131 is 0.37
[2019-12-02 21:14:29] Computing probability of getting one or more extinctions for Delta=0.0502065
[2019-12-02 21:14:32] Probability of getting one or more extinctions for Delta=0.0502065 is 0.77
[2019-12-02 21:14:32] Computing probability of getting one or more extinctions for Delta=0.0419085
[2019-12-02 21:14:38] Probability of getting one or more extinctions for Delta=0.0419085 is 0.5
[2019-12-02 21:14:38] Computing probability of getting one or more extinctions for Delta=0.0419085
[2019-12-02 21:14:43] Probability of getting one or more extinctions for Delta=0.0419085 is 0.59
[2019-12-02 21:14:43] Computing probability of getting one or more extinctions for Delta=0.0399108
[2019-12-02 21:14:47] Probability of getting one or more extinctions for Delta=0.0399108 is 0.51
[2019-12-02 21:14:47] Found an interval for Delta critical : [0.0379131;0.0399108]
[2019-12-02 21:14:47] Now computing the probability of getting more than one extinction for ten points inside this interval (1000 runs per point)
[2019-12-02 21:14:47] Computing probability of getting one or more extinctions for Delta=0.0379131
[2019-12-02 21:16:08] Probability of getting one or more extinctions for Delta=0.0379131 is 0.469
[2019-12-02 21:16:08] Computing probability of getting one or more extinctions for Delta=0.038135
[2019-12-02 21:17:24] Probability of getting one or more extinctions for Delta=0.038135 is 0.48
[2019-12-02 21:17:24] Computing probability of getting one or more extinctions for Delta=0.038357
[2019-12-02 21:18:35] Probability of getting one or more extinctions for Delta=0.038357 is 0.501
[2019-12-02 21:18:35] Computing probability of getting one or more extinctions for Delta=0.038579
[2019-12-02 21:19:14] Probability of getting one or more extinctions for Delta=0.038579 is 0.496
[2019-12-02 21:19:14] Computing probability of getting one or more extinctions for Delta=0.0388009
[2019-12-02 21:19:50] Probability of getting one or more extinctions for Delta=0.0388009 is 0.496
[2019-12-02 21:19:50] Computing probability of getting one or more extinctions for Delta=0.0390229
[2019-12-02 21:20:56] Probability of getting one or more extinctions for Delta=0.0390229 is 0.507
[2019-12-02 21:20:56] Computing probability of getting one or more extinctions for Delta=0.0392449
[2019-12-02 21:22:09] Probability of getting one or more extinctions for Delta=0.0392449 is 0.503
[2019-12-02 21:22:09] Computing probability of getting one or more extinctions for Delta=0.0394668
[2019-12-02 21:23:05] Probability of getting one or more extinctions for Delta=0.0394668 is 0.54
[2019-12-02 21:23:05] Computing probability of getting one or more extinctions for Delta=0.0396888
[2019-12-02 21:23:44] Probability of getting one or more extinctions for Delta=0.0396888 is 0.544
[2019-12-02 21:23:44] Computing probability of getting one or more extinctions for Delta=0.0399108
[2019-12-02 21:24:20] Probability of getting one or more extinctions for Delta=0.0399108 is 0.536
[2019-12-02 21:24:20] Now fitting the 10 chosen into the specific function
[2019-12-02 21:24:20] Now we find the zero of the fit to determine delta critical (parameters = 0.544329 -29.5141 -445.323 21805.7)
[2019-12-02 21:24:20] We interpret the fitting parameters as coefficients of a degree 3 polynomial (which should be true, please check that)
[2019-12-02 21:24:20] Found three potential roots, compute which one is the best (100 runs per point)
[2019-12-02 21:24:20] Please implement the different equilibrium modes in case of three roots
[2019-12-02 21:24:20]  zero estimated at -1
[2019-12-02 21:24:20] Computed critical delta for ./matrices/Nr25_Nc25/RandTrix_Nr25_Nc25_Nest0.55_Conn0.1232.txt
[2019-12-02 21:24:20] Attempting now to find the critical delta for the given set of metaparameters
[2019-12-02 21:24:20] Computing probability of getting one or more extinctions for Delta=0
[2019-12-02 21:24:20] Probability of getting one or more extinctions for Delta=0 is 0
[2019-12-02 21:24:20] Computing probability of getting one or more extinctions for Delta=1
[2019-12-02 21:24:21] Probability of getting one or more extinctions for Delta=1 is 1
[2019-12-02 21:24:21] We first find a rough interval where the critical delta should lie (each point computed by the solver is estimated with 100 runs)
[2019-12-02 21:24:21] Computing probability of getting one or more extinctions for Delta=0.5
[2019-12-02 21:24:21] Probability of getting one or more extinctions for Delta=0.5 is 1
[2019-12-02 21:24:21] Computing probability of getting one or more extinctions for Delta=0.25
[2019-12-02 21:24:21] Probability of getting one or more extinctions for Delta=0.25 is 1
[2019-12-02 21:24:21] Computing probability of getting one or more extinctions for Delta=0.125
[2019-12-02 21:24:22] Probability of getting one or more extinctions for Delta=0.125 is 1
[2019-12-02 21:24:22] Computing probability of getting one or more extinctions for Delta=0.0625
[2019-12-02 21:24:23] Probability of getting one or more extinctions for Delta=0.0625 is 1
[2019-12-02 21:24:23] Computing probability of getting one or more extinctions for Delta=0.03125
[2019-12-02 21:24:28] Probability of getting one or more extinctions for Delta=0.03125 is 0.85
[2019-12-02 21:24:28] Computing probability of getting one or more extinctions for Delta=0.0183824
[2019-12-02 21:24:38] Probability of getting one or more extinctions for Delta=0.0183824 is 0.52
[2019-12-02 21:24:38] Computing probability of getting one or more extinctions for Delta=0.0176325
[2019-12-02 21:24:48] Probability of getting one or more extinctions for Delta=0.0176325 is 0.48
[2019-12-02 21:24:48] Found an interval for Delta critical : [0.0176325;0.0183824]
[2019-12-02 21:24:48] Now computing the probability of getting more than one extinction for ten points inside this interval (1000 runs per point)
[2019-12-02 21:24:48] Computing probability of getting one or more extinctions for Delta=0.0176325
[2019-12-02 21:27:12] Probability of getting one or more extinctions for Delta=0.0176325 is 0.447
[2019-12-02 21:27:12] Computing probability of getting one or more extinctions for Delta=0.0177158
[2019-12-02 21:30:02] Probability of getting one or more extinctions for Delta=0.0177158 is 0.434
[2019-12-02 21:30:02] Computing probability of getting one or more extinctions for Delta=0.0177991
[2019-12-02 21:32:37] Probability of getting one or more extinctions for Delta=0.0177991 is 0.441
[2019-12-02 21:32:37] Computing probability of getting one or more extinctions for Delta=0.0178824
[2019-12-02 21:36:29] Probability of getting one or more extinctions for Delta=0.0178824 is 0.454
[2019-12-02 21:36:29] Computing probability of getting one or more extinctions for Delta=0.0179658
[2019-12-02 21:39:26] Probability of getting one or more extinctions for Delta=0.0179658 is 0.459
[2019-12-02 21:39:26] Computing probability of getting one or more extinctions for Delta=0.0180491
[2019-12-02 21:41:53] Probability of getting one or more extinctions for Delta=0.0180491 is 0.459
[2019-12-02 21:41:53] Computing probability of getting one or more extinctions for Delta=0.0181324
[2019-12-02 21:44:40] Probability of getting one or more extinctions for Delta=0.0181324 is 0.424
[2019-12-02 21:44:40] Computing probability of getting one or more extinctions for Delta=0.0182157
[2019-12-02 21:46:43] Probability of getting one or more extinctions for Delta=0.0182157 is 0.462
[2019-12-02 21:46:43] Computing probability of getting one or more extinctions for Delta=0.018299
[2019-12-02 21:48:46] Probability of getting one or more extinctions for Delta=0.018299 is 0.465
[2019-12-02 21:48:46] Computing probability of getting one or more extinctions for Delta=0.0183824
[2019-12-02 21:50:44] Probability of getting one or more extinctions for Delta=0.0183824 is 0.466
[2019-12-02 21:50:44] Now fitting the 10 chosen into the specific function
[2019-12-02 21:50:44] Now we find the zero of the fit to determine delta critical (parameters = -1079.64 180496 -1.00594e+07 1.86885e+08)
[2019-12-02 21:50:44] We interpret the fitting parameters as coefficients of a degree 3 polynomial (which should be true, please check that)
[2019-12-02 21:50:44]  zero estimated at 0.0185715
[2019-12-02 21:50:44] Computed critical delta for ./matrices/Nr25_Nc25/RandTrix_Nr25_Nc25_Nest0.55_Conn0.168.txt
[2019-12-02 21:50:44] Attempting now to find the critical delta for the given set of metaparameters
[2019-12-02 21:50:44] Computing probability of getting one or more extinctions for Delta=0
[2019-12-02 21:50:44] Probability of getting one or more extinctions for Delta=0 is 0
[2019-12-02 21:50:44] Computing probability of getting one or more extinctions for Delta=1
[2019-12-02 21:50:44] Probability of getting one or more extinctions for Delta=1 is 1
[2019-12-02 21:50:44] We first find a rough interval where the critical delta should lie (each point computed by the solver is estimated with 100 runs)
[2019-12-02 21:50:44] Computing probability of getting one or more extinctions for Delta=0.5
[2019-12-02 21:50:44] Probability of getting one or more extinctions for Delta=0.5 is 1
[2019-12-02 21:50:44] Computing probability of getting one or more extinctions for Delta=0.25
[2019-12-02 21:50:45] Probability of getting one or more extinctions for Delta=0.25 is 1
[2019-12-02 21:50:45] Computing probability of getting one or more extinctions for Delta=0.125
[2019-12-02 21:50:45] Probability of getting one or more extinctions for Delta=0.125 is 1
[2019-12-02 21:50:45] Computing probability of getting one or more extinctions for Delta=0.0625
[2019-12-02 21:50:46] Probability of getting one or more extinctions for Delta=0.0625 is 1
[2019-12-02 21:50:46] Computing probability of getting one or more extinctions for Delta=0.03125
[2019-12-02 21:50:50] Probability of getting one or more extinctions for Delta=0.03125 is 0.97
[2019-12-02 21:50:50] Computing probability of getting one or more extinctions for Delta=0.0161082
[2019-12-02 21:51:15] Probability of getting one or more extinctions for Delta=0.0161082 is 0.79
[2019-12-02 21:51:15] Computing probability of getting one or more extinctions for Delta=0.00805412
[2019-12-02 21:52:24] Probability of getting one or more extinctions for Delta=0.00805412 is 0.19
[2019-12-02 21:52:24] Computing probability of getting one or more extinctions for Delta=0.0122154
[2019-12-02 21:53:08] Probability of getting one or more extinctions for Delta=0.0122154 is 0.49
[2019-12-02 21:53:08] Computing probability of getting one or more extinctions for Delta=0.0123452
[2019-12-02 21:53:46] Probability of getting one or more extinctions for Delta=0.0123452 is 0.57
[2019-12-02 21:53:46] Found an interval for Delta critical : [0.0122154;0.0123452]
[2019-12-02 21:53:46] Now computing the probability of getting more than one extinction for ten points inside this interval (1000 runs per point)
[2019-12-02 21:53:46] Computing probability of getting one or more extinctions for Delta=0.0122154
[2019-12-02 22:02:20] Probability of getting one or more extinctions for Delta=0.0122154 is 0.508
[2019-12-02 22:02:20] Computing probability of getting one or more extinctions for Delta=0.0122298
[2019-12-02 22:16:38] Probability of getting one or more extinctions for Delta=0.0122298 is 0.513
[2019-12-02 22:16:38] Computing probability of getting one or more extinctions for Delta=0.0122443
[2019-12-02 22:30:44] Probability of getting one or more extinctions for Delta=0.0122443 is 0.493
[2019-12-02 22:30:44] Computing probability of getting one or more extinctions for Delta=0.0122587
[2019-12-02 22:41:51] Probability of getting one or more extinctions for Delta=0.0122587 is 0.51
[2019-12-02 22:41:51] Computing probability of getting one or more extinctions for Delta=0.0122731
[2019-12-02 22:52:25] Probability of getting one or more extinctions for Delta=0.0122731 is 0.523
[2019-12-02 22:52:25] Computing probability of getting one or more extinctions for Delta=0.0122875
[2019-12-02 23:05:58] Probability of getting one or more extinctions for Delta=0.0122875 is 0.533
[2019-12-02 23:05:58] Computing probability of getting one or more extinctions for Delta=0.0123019
[2019-12-02 23:20:50] Probability of getting one or more extinctions for Delta=0.0123019 is 0.511
[2019-12-02 23:20:50] Computing probability of getting one or more extinctions for Delta=0.0123163
[2019-12-02 23:32:58] Probability of getting one or more extinctions for Delta=0.0123163 is 0.525
[2019-12-02 23:32:58] Computing probability of getting one or more extinctions for Delta=0.0123308
[2019-12-02 23:47:28] Probability of getting one or more extinctions for Delta=0.0123308 is 0.546
[2019-12-02 23:47:28] Computing probability of getting one or more extinctions for Delta=0.0123452
[2019-12-03 00:01:45] Probability of getting one or more extinctions for Delta=0.0123452 is 0.495
[2019-12-03 00:01:45] Now fitting the 10 chosen into the specific function
[2019-12-03 00:01:45] Now we find the zero of the fit to determine delta critical (parameters = 275881 -6.74349e+07 5.49443e+09 -1.49223e+11)
[2019-12-03 00:01:45] We interpret the fitting parameters as coefficients of a degree 3 polynomial (which should be true, please check that)
[2019-12-03 00:01:45]  zero estimated at 0.0123477
[2019-12-03 00:01:45] Computed critical delta for ./matrices/Nr25_Nc25/RandTrix_Nr25_Nc25_Nest0.55_Conn0.216.txt
[2019-12-03 00:01:45] Attempting now to find the critical delta for the given set of metaparameters
[2019-12-03 00:01:45] Computing probability of getting one or more extinctions for Delta=0
[2019-12-03 00:01:45] Probability of getting one or more extinctions for Delta=0 is 0
[2019-12-03 00:01:45] Computing probability of getting one or more extinctions for Delta=1
[2019-12-03 00:01:46] Probability of getting one or more extinctions for Delta=1 is 1
[2019-12-03 00:01:46] We first find a rough interval where the critical delta should lie (each point computed by the solver is estimated with 100 runs)
[2019-12-03 00:01:46] Computing probability of getting one or more extinctions for Delta=0.5
[2019-12-03 00:01:46] Probability of getting one or more extinctions for Delta=0.5 is 1
[2019-12-03 00:01:46] Computing probability of getting one or more extinctions for Delta=0.25
[2019-12-03 00:01:47] Probability of getting one or more extinctions for Delta=0.25 is 1
[2019-12-03 00:01:47] Computing probability of getting one or more extinctions for Delta=0.125
[2019-12-03 00:01:48] Probability of getting one or more extinctions for Delta=0.125 is 1
[2019-12-03 00:01:48] Computing probability of getting one or more extinctions for Delta=0.0625
[2019-12-03 00:01:50] Probability of getting one or more extinctions for Delta=0.0625 is 1
[2019-12-03 00:01:50] Computing probability of getting one or more extinctions for Delta=0.03125
[2019-12-03 00:01:59] Probability of getting one or more extinctions for Delta=0.03125 is 1
[2019-12-03 00:01:59] Computing probability of getting one or more extinctions for Delta=0.015625
[2019-12-03 00:03:50] Probability of getting one or more extinctions for Delta=0.015625 is 0.97
[2019-12-03 00:03:50] Computing probability of getting one or more extinctions for Delta=0.00805412
[2019-12-03 00:09:24] Probability of getting one or more extinctions for Delta=0.00805412 is 0.89
[2019-12-03 00:09:24] Computing probability of getting one or more extinctions for Delta=0.00402706
[2019-12-03 00:31:07] Probability of getting one or more extinctions for Delta=0.00402706 is 0.5
[2019-12-03 00:31:07] Computing probability of getting one or more extinctions for Delta=0.00402706
[2019-12-03 01:06:07] Probability of getting one or more extinctions for Delta=0.00402706 is 0.55
[2019-12-03 01:06:07] Computing probability of getting one or more extinctions for Delta=0.00201353
[2019-12-03 02:06:30] Probability of getting one or more extinctions for Delta=0.00201353 is 0.2
[2019-12-03 02:06:30] Computing probability of getting one or more extinctions for Delta=0.00373941
[2019-12-03 02:32:19] Probability of getting one or more extinctions for Delta=0.00373941 is 0.45
[2019-12-03 02:32:19] Found an interval for Delta critical : [0.00373941;0.00402706]
[2019-12-03 02:32:19] Now computing the probability of getting more than one extinction for ten points inside this interval (1000 runs per point)
[2019-12-03 02:32:19] Computing probability of getting one or more extinctions for Delta=0.00373941
[2019-12-03 07:57:39] Probability of getting one or more extinctions for Delta=0.00373941 is 0.427
[2019-12-03 07:57:39] Computing probability of getting one or more extinctions for Delta=0.00377138
