[2019-11-27 18:22:10] Loading metaparameters from config/configuration_comparison_NR25_NS25_s05_a05.in
[2019-11-27 18:22:10] Successfully opened ./data_output/configuration_comparison_NR25_NS25_s05_a05_matrix_list_NR25_NS25_0.out, attempting now to find the critical delta of every listed matrix 
[2019-11-27 18:22:10] Attempting now to find the critical delta for the given set of metaparameters
[2019-11-27 18:22:10] Computing probability of getting one or more extinctions for Delta=0
[2019-11-27 18:22:10] Probability of getting one or more extinctions for Delta=0 is 0
[2019-11-27 18:22:10] Computing probability of getting one or more extinctions for Delta=1
[2019-11-27 18:22:10] Probability of getting one or more extinctions for Delta=1 is 1
[2019-11-27 18:22:10] We first find a rough interval where the critical delta should lie (each point computed by the solver is estimated with 100 runs)
[2019-11-27 18:22:10] Computing probability of getting one or more extinctions for Delta=0.5
[2019-11-27 18:22:10] Probability of getting one or more extinctions for Delta=0.5 is 1
[2019-11-27 18:22:10] Computing probability of getting one or more extinctions for Delta=0.25
[2019-11-27 18:22:11] Probability of getting one or more extinctions for Delta=0.25 is 1
[2019-11-27 18:22:11] Computing probability of getting one or more extinctions for Delta=0.125
[2019-11-27 18:22:11] Probability of getting one or more extinctions for Delta=0.125 is 1
[2019-11-27 18:22:11] Computing probability of getting one or more extinctions for Delta=0.0625
[2019-11-27 18:22:12] Probability of getting one or more extinctions for Delta=0.0625 is 0.98
[2019-11-27 18:22:12] Computing probability of getting one or more extinctions for Delta=0.0318878
[2019-11-27 18:22:15] Probability of getting one or more extinctions for Delta=0.0318878 is 0.73
[2019-11-27 18:22:15] Computing probability of getting one or more extinctions for Delta=0.0125978
[2019-11-27 18:22:17] Probability of getting one or more extinctions for Delta=0.0125978 is 0
[2019-11-27 18:22:17] Computing probability of getting one or more extinctions for Delta=0.0258101
[2019-11-27 18:22:21] Probability of getting one or more extinctions for Delta=0.0258101 is 0.38
[2019-11-27 18:22:21] Computing probability of getting one or more extinctions for Delta=0.0278939
[2019-11-27 18:22:24] Probability of getting one or more extinctions for Delta=0.0278939 is 0.62
[2019-11-27 18:22:24] Found an interval for Delta critical : [0.0258101;0.0278939]
[2019-11-27 18:22:24] Now computing the probability of getting more than one extinction for ten points inside this interval (1000 runs per point)
[2019-11-27 18:22:24] Computing probability of getting one or more extinctions for Delta=0.0258101
[2019-11-27 18:23:02] Probability of getting one or more extinctions for Delta=0.0258101 is 0.415
[2019-11-27 18:23:02] Computing probability of getting one or more extinctions for Delta=0.0260416
[2019-11-27 18:23:41] Probability of getting one or more extinctions for Delta=0.0260416 is 0.439
[2019-11-27 18:23:41] Computing probability of getting one or more extinctions for Delta=0.0262732
[2019-11-27 18:24:18] Probability of getting one or more extinctions for Delta=0.0262732 is 0.47
[2019-11-27 18:24:18] Computing probability of getting one or more extinctions for Delta=0.0265047
[2019-11-27 18:24:55] Probability of getting one or more extinctions for Delta=0.0265047 is 0.468
[2019-11-27 18:24:55] Computing probability of getting one or more extinctions for Delta=0.0267362
[2019-11-27 18:25:32] Probability of getting one or more extinctions for Delta=0.0267362 is 0.514
[2019-11-27 18:25:32] Computing probability of getting one or more extinctions for Delta=0.0269678
[2019-11-27 18:26:04] Probability of getting one or more extinctions for Delta=0.0269678 is 0.506
[2019-11-27 18:26:04] Computing probability of getting one or more extinctions for Delta=0.0271993
[2019-11-27 18:26:38] Probability of getting one or more extinctions for Delta=0.0271993 is 0.519
[2019-11-27 18:26:38] Computing probability of getting one or more extinctions for Delta=0.0274308
[2019-11-27 18:27:13] Probability of getting one or more extinctions for Delta=0.0274308 is 0.518
[2019-11-27 18:27:13] Computing probability of getting one or more extinctions for Delta=0.0276623
[2019-11-27 18:27:47] Probability of getting one or more extinctions for Delta=0.0276623 is 0.526
[2019-11-27 18:27:47] Computing probability of getting one or more extinctions for Delta=0.0278939
[2019-11-27 18:28:21] Probability of getting one or more extinctions for Delta=0.0278939 is 0.569
[2019-11-27 18:28:21] Now fitting the 10 chosen into the specific function
[2019-11-27 18:28:21] Now we find the zero of the fit to determine delta critical (parameters = -642.733 71365.1 -2.64258e+06 3.26332e+07)
[2019-11-27 18:28:21] We interpret the fitting parameters as coefficients of a degree 3 polynomial (which should be true, please check that)
[2019-11-27 18:28:21]  zero estimated at 0.0268386
[2019-11-27 18:28:21] Computed critical delta for ./matrices/Nr25_Nc25/RandTrix_Nr25_Nc25_Nest0.15_Conn0.0832.txt
[2019-11-27 18:28:21] Attempting now to find the critical delta for the given set of metaparameters
[2019-11-27 18:28:21] Computing probability of getting one or more extinctions for Delta=0
[2019-11-27 18:28:21] Probability of getting one or more extinctions for Delta=0 is 0
[2019-11-27 18:28:21] Computing probability of getting one or more extinctions for Delta=1
[2019-11-27 18:28:21] Probability of getting one or more extinctions for Delta=1 is 1
[2019-11-27 18:28:21] We first find a rough interval where the critical delta should lie (each point computed by the solver is estimated with 100 runs)
[2019-11-27 18:28:21] Computing probability of getting one or more extinctions for Delta=0.5
[2019-11-27 18:28:22] Probability of getting one or more extinctions for Delta=0.5 is 1
[2019-11-27 18:28:22] Computing probability of getting one or more extinctions for Delta=0.25
[2019-11-27 18:28:22] Probability of getting one or more extinctions for Delta=0.25 is 1
[2019-11-27 18:28:22] Computing probability of getting one or more extinctions for Delta=0.125
[2019-11-27 18:28:22] Probability of getting one or more extinctions for Delta=0.125 is 1
[2019-11-27 18:28:22] Computing probability of getting one or more extinctions for Delta=0.0625
[2019-11-27 18:28:23] Probability of getting one or more extinctions for Delta=0.0625 is 1
[2019-11-27 18:28:23] Computing probability of getting one or more extinctions for Delta=0.03125
[2019-11-27 18:28:26] Probability of getting one or more extinctions for Delta=0.03125 is 0.99
[2019-11-27 18:28:26] Computing probability of getting one or more extinctions for Delta=0.0157828
[2019-11-27 18:29:31] Probability of getting one or more extinctions for Delta=0.0157828 is 0.63
[2019-11-27 18:29:31] Computing probability of getting one or more extinctions for Delta=0.01135
[2019-11-27 18:31:56] Probability of getting one or more extinctions for Delta=0.01135 is 0.45
[2019-11-27 18:31:56] Computing probability of getting one or more extinctions for Delta=0.0125813
[2019-11-27 18:33:09] Probability of getting one or more extinctions for Delta=0.0125813 is 0.37
[2019-11-27 18:33:09] Computing probability of getting one or more extinctions for Delta=0.0141821
[2019-11-27 18:35:00] Probability of getting one or more extinctions for Delta=0.0141821 is 0.42
[2019-11-27 18:35:00] Computing probability of getting one or more extinctions for Delta=0.0149825
[2019-11-27 18:35:42] Probability of getting one or more extinctions for Delta=0.0149825 is 0.54
[2019-11-27 18:35:42] Found an interval for Delta critical : [0.0141821;0.0149825]
[2019-11-27 18:35:42] Now computing the probability of getting more than one extinction for ten points inside this interval (1000 runs per point)
[2019-11-27 18:35:42] Computing probability of getting one or more extinctions for Delta=0.0141821
[2019-11-27 18:46:03] Probability of getting one or more extinctions for Delta=0.0141821 is 0.521
[2019-11-27 18:46:03] Computing probability of getting one or more extinctions for Delta=0.014271
[2019-11-27 18:55:59] Probability of getting one or more extinctions for Delta=0.014271 is 0.478
[2019-11-27 18:55:59] Computing probability of getting one or more extinctions for Delta=0.0143599
[2019-11-27 19:03:13] Probability of getting one or more extinctions for Delta=0.0143599 is 0.531
[2019-11-27 19:03:13] Computing probability of getting one or more extinctions for Delta=0.0144489
[2019-11-27 19:12:38] Probability of getting one or more extinctions for Delta=0.0144489 is 0.526
[2019-11-27 19:12:38] Computing probability of getting one or more extinctions for Delta=0.0145378
[2019-11-27 19:25:03] Probability of getting one or more extinctions for Delta=0.0145378 is 0.537
[2019-11-27 19:25:03] Computing probability of getting one or more extinctions for Delta=0.0146267
[2019-11-27 19:34:24] Probability of getting one or more extinctions for Delta=0.0146267 is 0.517
[2019-11-27 19:34:24] Computing probability of getting one or more extinctions for Delta=0.0147157
[2019-11-27 19:44:11] Probability of getting one or more extinctions for Delta=0.0147157 is 0.562
[2019-11-27 19:44:11] Computing probability of getting one or more extinctions for Delta=0.0148046
[2019-11-27 19:52:56] Probability of getting one or more extinctions for Delta=0.0148046 is 0.561
[2019-11-27 19:52:56] Computing probability of getting one or more extinctions for Delta=0.0148935
[2019-11-27 20:01:35] Probability of getting one or more extinctions for Delta=0.0148935 is 0.552
[2019-11-27 20:01:35] Computing probability of getting one or more extinctions for Delta=0.0149825
[2019-11-27 20:11:51] Probability of getting one or more extinctions for Delta=0.0149825 is 0.544
[2019-11-27 20:11:51] Now fitting the 10 chosen into the specific function
[2019-11-27 20:11:51] Now we find the zero of the fit to determine delta critical (parameters = 1695.22 -349860 2.40595e+07 -5.51307e+08)
[2019-11-27 20:11:51] We interpret the fitting parameters as coefficients of a degree 3 polynomial (which should be true, please check that)
[2019-11-27 20:11:51]  zero estimated at 0.0151289
[2019-11-27 20:11:51] Computed critical delta for ./matrices/Nr25_Nc25/RandTrix_Nr25_Nc25_Nest0.15_Conn0.128.txt
[2019-11-27 20:11:51] Attempting now to find the critical delta for the given set of metaparameters
[2019-11-27 20:11:51] Computing probability of getting one or more extinctions for Delta=0
[2019-11-27 20:11:51] Probability of getting one or more extinctions for Delta=0 is 0
[2019-11-27 20:11:51] Computing probability of getting one or more extinctions for Delta=1
[2019-11-27 20:11:52] Probability of getting one or more extinctions for Delta=1 is 1
[2019-11-27 20:11:52] We first find a rough interval where the critical delta should lie (each point computed by the solver is estimated with 100 runs)
[2019-11-27 20:11:52] Computing probability of getting one or more extinctions for Delta=0.5
[2019-11-27 20:11:52] Probability of getting one or more extinctions for Delta=0.5 is 1
[2019-11-27 20:11:52] Computing probability of getting one or more extinctions for Delta=0.25
[2019-11-27 20:11:52] Probability of getting one or more extinctions for Delta=0.25 is 1
[2019-11-27 20:11:52] Computing probability of getting one or more extinctions for Delta=0.125
[2019-11-27 20:11:53] Probability of getting one or more extinctions for Delta=0.125 is 1
[2019-11-27 20:11:53] Computing probability of getting one or more extinctions for Delta=0.0625
[2019-11-27 20:11:53] Probability of getting one or more extinctions for Delta=0.0625 is 1
[2019-11-27 20:11:53] Computing probability of getting one or more extinctions for Delta=0.03125
[2019-11-27 20:11:57] Probability of getting one or more extinctions for Delta=0.03125 is 0.99
[2019-11-27 20:11:57] Computing probability of getting one or more extinctions for Delta=0.0157828
[2019-11-27 20:12:36] Probability of getting one or more extinctions for Delta=0.0157828 is 0.8
[2019-11-27 20:12:36] Computing probability of getting one or more extinctions for Delta=0.00789141
[2019-11-27 20:17:01] Probability of getting one or more extinctions for Delta=0.00789141 is 0.4
[2019-11-27 20:17:01] Computing probability of getting one or more extinctions for Delta=0.00986427
[2019-11-27 20:19:14] Probability of getting one or more extinctions for Delta=0.00986427 is 0.59
[2019-11-27 20:19:14] Computing probability of getting one or more extinctions for Delta=0.00892976
[2019-11-27 22:36:57] Probability of getting one or more extinctions for Delta=0.00892976 is 0.6
[2019-11-27 22:36:57] Computing probability of getting one or more extinctions for Delta=0.00841059
[2019-11-28 00:45:54] Probability of getting one or more extinctions for Delta=0.00841059 is 0.51
[2019-11-28 00:45:54] Found an interval for Delta critical : [0.00789141;0.00841059]
[2019-11-28 00:45:54] Now computing the probability of getting more than one extinction for ten points inside this interval (1000 runs per point)
[2019-11-28 00:45:54] Computing probability of getting one or more extinctions for Delta=0.00789141
[2019-11-28 03:27:03] Probability of getting one or more extinctions for Delta=0.00789141 is 0.406
[2019-11-28 03:27:03] Computing probability of getting one or more extinctions for Delta=0.0079491
[2019-11-28 13:04:38] Probability of getting one or more extinctions for Delta=0.0079491 is 0.406
[2019-11-28 13:04:38] Computing probability of getting one or more extinctions for Delta=0.00800679
[2019-11-28 18:09:53] Probability of getting one or more extinctions for Delta=0.00800679 is 0.413
[2019-11-28 18:09:53] Computing probability of getting one or more extinctions for Delta=0.00806447
[2019-11-28 18:44:17] Probability of getting one or more extinctions for Delta=0.00806447 is 0.434
[2019-11-28 18:44:17] Computing probability of getting one or more extinctions for Delta=0.00812216
[2019-11-29 02:58:21] Probability of getting one or more extinctions for Delta=0.00812216 is 0.435
[2019-11-29 02:58:21] Computing probability of getting one or more extinctions for Delta=0.00817984
[2019-11-29 03:57:07] Probability of getting one or more extinctions for Delta=0.00817984 is 0.452
[2019-11-29 03:57:07] Computing probability of getting one or more extinctions for Delta=0.00823753
[2019-11-29 15:05:15] Probability of getting one or more extinctions for Delta=0.00823753 is 0.443
[2019-11-29 15:05:15] Computing probability of getting one or more extinctions for Delta=0.00829521
[2019-11-29 15:52:49] Probability of getting one or more extinctions for Delta=0.00829521 is 0.406
[2019-11-29 15:52:49] Computing probability of getting one or more extinctions for Delta=0.0083529
[2019-11-29 19:48:10] Probability of getting one or more extinctions for Delta=0.0083529 is 0.455
[2019-11-29 19:48:10] Computing probability of getting one or more extinctions for Delta=0.00841059
[2019-11-29 20:39:10] Probability of getting one or more extinctions for Delta=0.00841059 is 0.464
[2019-11-29 20:39:10] Now fitting the 10 chosen into the specific function
[2019-11-29 20:39:10] Now we find the zero of the fit to determine delta critical (parameters = -832.747 305916 -3.74653e+07 1.52953e+09)
[2019-11-29 20:39:10] We interpret the fitting parameters as coefficients of a degree 3 polynomial (which should be true, please check that)
[2019-11-29 20:39:10]  zero estimated at 0.00850659
[2019-11-29 20:39:10] Computed critical delta for ./matrices/Nr25_Nc25/RandTrix_Nr25_Nc25_Nest0.15_Conn0.176.txt
[2019-11-29 20:39:10] Attempting now to find the critical delta for the given set of metaparameters
[2019-11-29 20:39:10] Computing probability of getting one or more extinctions for Delta=0
[2019-11-29 20:39:10] Probability of getting one or more extinctions for Delta=0 is 0
[2019-11-29 20:39:10] Computing probability of getting one or more extinctions for Delta=1
[2019-11-29 20:39:11] Probability of getting one or more extinctions for Delta=1 is 1
[2019-11-29 20:39:11] We first find a rough interval where the critical delta should lie (each point computed by the solver is estimated with 100 runs)
[2019-11-29 20:39:11] Computing probability of getting one or more extinctions for Delta=0.5
[2019-11-29 20:39:11] Probability of getting one or more extinctions for Delta=0.5 is 1
[2019-11-29 20:39:11] Computing probability of getting one or more extinctions for Delta=0.25
[2019-11-29 20:39:12] Probability of getting one or more extinctions for Delta=0.25 is 1
[2019-11-29 20:39:12] Computing probability of getting one or more extinctions for Delta=0.125
[2019-11-29 20:39:13] Probability of getting one or more extinctions for Delta=0.125 is 1
[2019-11-29 20:39:13] Computing probability of getting one or more extinctions for Delta=0.0625
[2019-11-29 20:39:14] Probability of getting one or more extinctions for Delta=0.0625 is 1
[2019-11-29 20:39:14] Computing probability of getting one or more extinctions for Delta=0.03125
[2019-11-29 20:39:17] Probability of getting one or more extinctions for Delta=0.03125 is 1
[2019-11-29 20:39:17] Computing probability of getting one or more extinctions for Delta=0.015625
[2019-11-29 20:39:46] Probability of getting one or more extinctions for Delta=0.015625 is 0.62
[2019-11-29 20:39:46] Computing probability of getting one or more extinctions for Delta=0.0126008
[2019-11-29 20:40:39] Probability of getting one or more extinctions for Delta=0.0126008 is 0.35
[2019-11-29 20:40:39] Computing probability of getting one or more extinctions for Delta=0.0142809
[2019-11-29 20:41:22] Probability of getting one or more extinctions for Delta=0.0142809 is 0.49
[2019-11-29 20:41:22] Found an interval for Delta critical : [0.0142809;0.015625]
[2019-11-29 20:41:22] Now computing the probability of getting more than one extinction for ten points inside this interval (1000 runs per point)
[2019-11-29 20:41:22] Computing probability of getting one or more extinctions for Delta=0.0142809
[2019-11-30 07:48:53] Probability of getting one or more extinctions for Delta=0.0142809 is 0.535
[2019-11-30 07:48:53] Computing probability of getting one or more extinctions for Delta=0.0144303
[2019-11-30 11:24:00] Probability of getting one or more extinctions for Delta=0.0144303 is 0.503
[2019-11-30 11:24:00] Computing probability of getting one or more extinctions for Delta=0.0145796
[2019-11-30 18:38:27] Probability of getting one or more extinctions for Delta=0.0145796 is 0.524
[2019-11-30 18:38:27] Computing probability of getting one or more extinctions for Delta=0.0147289
[2019-12-01 02:05:36] Probability of getting one or more extinctions for Delta=0.0147289 is 0.551
[2019-12-01 02:05:36] Computing probability of getting one or more extinctions for Delta=0.0148783
[2019-12-01 05:52:07] Probability of getting one or more extinctions for Delta=0.0148783 is 0.545
[2019-12-01 05:52:07] Computing probability of getting one or more extinctions for Delta=0.0150276
[2019-12-01 20:09:20] Probability of getting one or more extinctions for Delta=0.0150276 is 0.556
[2019-12-01 20:09:20] Computing probability of getting one or more extinctions for Delta=0.015177
[2019-12-02 02:48:29] Probability of getting one or more extinctions for Delta=0.015177 is 0.575
[2019-12-02 02:48:29] Computing probability of getting one or more extinctions for Delta=0.0153263
[2019-12-02 02:56:03] Probability of getting one or more extinctions for Delta=0.0153263 is 0.601
[2019-12-02 02:56:03] Computing probability of getting one or more extinctions for Delta=0.0154757
[2019-12-02 06:42:06] Probability of getting one or more extinctions for Delta=0.0154757 is 0.593
[2019-12-02 06:42:06] Computing probability of getting one or more extinctions for Delta=0.015625
[2019-12-02 09:27:00] Probability of getting one or more extinctions for Delta=0.015625 is 0.583
[2019-12-02 09:27:00] Now fitting the 10 chosen into the specific function
[2019-12-02 09:27:00] Now we find the zero of the fit to determine delta critical (parameters = 546.967 -109975 7.36369e+06 -1.64179e+08)
[2019-12-02 09:27:00] We interpret the fitting parameters as coefficients of a degree 3 polynomial (which should be true, please check that)
[2019-12-02 09:27:00]  zero estimated at 0.0159715
[2019-12-02 09:27:00] Computed critical delta for ./matrices/Nr25_Nc25/RandTrix_Nr25_Nc25_Nest0.15_Conn0.1808.txt
[2019-12-02 09:27:00] Attempting now to find the critical delta for the given set of metaparameters
[2019-12-02 09:27:00] Computing probability of getting one or more extinctions for Delta=0
[2019-12-02 09:27:00] Probability of getting one or more extinctions for Delta=0 is 0
[2019-12-02 09:27:00] Computing probability of getting one or more extinctions for Delta=1
[2019-12-02 09:27:01] Probability of getting one or more extinctions for Delta=1 is 1
[2019-12-02 09:27:01] We first find a rough interval where the critical delta should lie (each point computed by the solver is estimated with 100 runs)
[2019-12-02 09:27:01] Computing probability of getting one or more extinctions for Delta=0.5
[2019-12-02 09:27:01] Probability of getting one or more extinctions for Delta=0.5 is 1
[2019-12-02 09:27:01] Computing probability of getting one or more extinctions for Delta=0.25
[2019-12-02 09:27:01] Probability of getting one or more extinctions for Delta=0.25 is 1
[2019-12-02 09:27:01] Computing probability of getting one or more extinctions for Delta=0.125
[2019-12-02 09:27:02] Probability of getting one or more extinctions for Delta=0.125 is 1
[2019-12-02 09:27:02] Computing probability of getting one or more extinctions for Delta=0.0625
[2019-12-02 09:27:02] Probability of getting one or more extinctions for Delta=0.0625 is 1
[2019-12-02 09:27:02] Computing probability of getting one or more extinctions for Delta=0.03125
[2019-12-02 09:27:05] Probability of getting one or more extinctions for Delta=0.03125 is 0.9
[2019-12-02 09:27:05] Computing probability of getting one or more extinctions for Delta=0.0173611
[2019-12-02 09:27:14] Probability of getting one or more extinctions for Delta=0.0173611 is 0.29
[2019-12-02 09:27:14] Computing probability of getting one or more extinctions for Delta=0.0221425
[2019-12-02 09:27:23] Probability of getting one or more extinctions for Delta=0.0221425 is 0.54
[2019-12-02 09:27:23] Computing probability of getting one or more extinctions for Delta=0.0213775
[2019-12-02 09:27:32] Probability of getting one or more extinctions for Delta=0.0213775 is 0.52
[2019-12-02 09:27:32] Computing probability of getting one or more extinctions for Delta=0.020679
[2019-12-02 09:27:44] Probability of getting one or more extinctions for Delta=0.020679 is 0.44
[2019-12-02 09:27:44] Found an interval for Delta critical : [0.020679;0.0213775]
[2019-12-02 09:27:44] Now computing the probability of getting more than one extinction for ten points inside this interval (1000 runs per point)
[2019-12-02 09:27:44] Computing probability of getting one or more extinctions for Delta=0.020679
[2019-12-02 09:29:04] Probability of getting one or more extinctions for Delta=0.020679 is 0.525
[2019-12-02 09:29:04] Computing probability of getting one or more extinctions for Delta=0.0207566
[2019-12-02 09:30:28] Probability of getting one or more extinctions for Delta=0.0207566 is 0.497
[2019-12-02 09:30:28] Computing probability of getting one or more extinctions for Delta=0.0208342
[2019-12-02 09:31:55] Probability of getting one or more extinctions for Delta=0.0208342 is 0.47
[2019-12-02 09:31:55] Computing probability of getting one or more extinctions for Delta=0.0209118
[2019-12-02 09:33:15] Probability of getting one or more extinctions for Delta=0.0209118 is 0.51
[2019-12-02 09:33:15] Computing probability of getting one or more extinctions for Delta=0.0209894
[2019-12-02 09:34:34] Probability of getting one or more extinctions for Delta=0.0209894 is 0.528
[2019-12-02 09:34:34] Computing probability of getting one or more extinctions for Delta=0.0210671
[2019-12-02 09:35:57] Probability of getting one or more extinctions for Delta=0.0210671 is 0.492
[2019-12-02 09:35:57] Computing probability of getting one or more extinctions for Delta=0.0211447
[2019-12-02 09:37:19] Probability of getting one or more extinctions for Delta=0.0211447 is 0.508
[2019-12-02 09:37:19] Computing probability of getting one or more extinctions for Delta=0.0212223
[2019-12-02 09:38:39] Probability of getting one or more extinctions for Delta=0.0212223 is 0.521
[2019-12-02 09:38:39] Computing probability of getting one or more extinctions for Delta=0.0212999
[2019-12-02 09:40:01] Probability of getting one or more extinctions for Delta=0.0212999 is 0.508
[2019-12-02 09:40:01] Computing probability of getting one or more extinctions for Delta=0.0213775
[2019-12-02 09:41:21] Probability of getting one or more extinctions for Delta=0.0213775 is 0.534
[2019-12-02 09:41:21] Now fitting the 10 chosen into the specific function
[2019-12-02 09:41:21] Now we find the zero of the fit to determine delta critical (parameters = 4242.59 -602246 2.84928e+07 -4.49277e+08)
[2019-12-02 09:41:21] We interpret the fitting parameters as coefficients of a degree 3 polynomial (which should be true, please check that)
[2019-12-02 09:41:21] Found three potential roots, compute which one is the best (100 runs per point)
[2019-12-02 09:41:21] Please implement the different equilibrium modes in case of three roots
[2019-12-02 09:41:21]  zero estimated at -1
[2019-12-02 09:41:21] Computed critical delta for ./matrices/Nr25_Nc25/RandTrix_Nr25_Nc25_Nest0.1_Conn0.0832.txt
[2019-12-02 09:41:21] Attempting now to find the critical delta for the given set of metaparameters
[2019-12-02 09:41:21] Computing probability of getting one or more extinctions for Delta=0
[2019-12-02 09:41:21] Probability of getting one or more extinctions for Delta=0 is 0
[2019-12-02 09:41:21] Computing probability of getting one or more extinctions for Delta=1
[2019-12-02 09:41:22] Probability of getting one or more extinctions for Delta=1 is 1
[2019-12-02 09:41:22] We first find a rough interval where the critical delta should lie (each point computed by the solver is estimated with 100 runs)
[2019-12-02 09:41:22] Computing probability of getting one or more extinctions for Delta=0.5
[2019-12-02 09:41:22] Probability of getting one or more extinctions for Delta=0.5 is 1
[2019-12-02 09:41:22] Computing probability of getting one or more extinctions for Delta=0.25
[2019-12-02 09:41:22] Probability of getting one or more extinctions for Delta=0.25 is 1
[2019-12-02 09:41:22] Computing probability of getting one or more extinctions for Delta=0.125
[2019-12-02 09:41:23] Probability of getting one or more extinctions for Delta=0.125 is 1
[2019-12-02 09:41:23] Computing probability of getting one or more extinctions for Delta=0.0625
[2019-12-02 09:41:23] Probability of getting one or more extinctions for Delta=0.0625 is 1
[2019-12-02 09:41:23] Computing probability of getting one or more extinctions for Delta=0.03125
[2019-12-02 09:41:25] Probability of getting one or more extinctions for Delta=0.03125 is 0.99
[2019-12-02 09:41:25] Computing probability of getting one or more extinctions for Delta=0.0157828
[2019-12-02 09:41:56] Probability of getting one or more extinctions for Delta=0.0157828 is 0.7
[2019-12-02 09:41:56] Computing probability of getting one or more extinctions for Delta=0.00816353
[2019-12-02 09:46:55] Probability of getting one or more extinctions for Delta=0.00816353 is 0.18
[2019-12-02 09:46:55] Computing probability of getting one or more extinctions for Delta=0.0128523
[2019-12-02 09:51:06] Probability of getting one or more extinctions for Delta=0.0128523 is 0.56
[2019-12-02 09:51:06] Computing probability of getting one or more extinctions for Delta=0.0117947
[2019-12-02 09:54:00] Probability of getting one or more extinctions for Delta=0.0117947 is 0.54
[2019-12-02 09:54:00] Computing probability of getting one or more extinctions for Delta=0.00997912
[2019-12-02 09:56:31] Probability of getting one or more extinctions for Delta=0.00997912 is 0.39
[2019-12-02 09:56:31] Computing probability of getting one or more extinctions for Delta=0.0113105
[2019-12-02 09:58:14] Probability of getting one or more extinctions for Delta=0.0113105 is 0.47
[2019-12-02 09:58:14] Found an interval for Delta critical : [0.0113105;0.0117947]
[2019-12-02 09:58:14] Now computing the probability of getting more than one extinction for ten points inside this interval (1000 runs per point)
[2019-12-02 09:58:14] Computing probability of getting one or more extinctions for Delta=0.0113105
[2019-12-02 10:20:03] Probability of getting one or more extinctions for Delta=0.0113105 is 0.495
[2019-12-02 10:20:03] Computing probability of getting one or more extinctions for Delta=0.0113643
[2019-12-02 13:06:07] Probability of getting one or more extinctions for Delta=0.0113643 is 0.483
[2019-12-02 13:06:07] Computing probability of getting one or more extinctions for Delta=0.0114181
[2019-12-02 13:25:43] Probability of getting one or more extinctions for Delta=0.0114181 is 0.496
[2019-12-02 13:25:43] Computing probability of getting one or more extinctions for Delta=0.0114719
[2019-12-02 13:46:06] Probability of getting one or more extinctions for Delta=0.0114719 is 0.503
[2019-12-02 13:46:06] Computing probability of getting one or more extinctions for Delta=0.0115257
[2019-12-02 14:00:19] Probability of getting one or more extinctions for Delta=0.0115257 is 0.513
[2019-12-02 14:00:19] Computing probability of getting one or more extinctions for Delta=0.0115795
[2019-12-02 16:18:23] Probability of getting one or more extinctions for Delta=0.0115795 is 0.509
[2019-12-02 16:18:23] Computing probability of getting one or more extinctions for Delta=0.0116333
[2019-12-02 16:36:23] Probability of getting one or more extinctions for Delta=0.0116333 is 0.484
[2019-12-02 16:36:23] Computing probability of getting one or more extinctions for Delta=0.0116871
[2019-12-02 18:52:55] Probability of getting one or more extinctions for Delta=0.0116871 is 0.52
[2019-12-02 18:52:55] Computing probability of getting one or more extinctions for Delta=0.0117409
[2019-12-02 20:59:35] Probability of getting one or more extinctions for Delta=0.0117409 is 0.487
[2019-12-02 20:59:35] Computing probability of getting one or more extinctions for Delta=0.0117947
[2019-12-02 21:19:26] Probability of getting one or more extinctions for Delta=0.0117947 is 0.543
[2019-12-02 21:19:26] Now fitting the 10 chosen into the specific function
[2019-12-02 21:19:26] Now we find the zero of the fit to determine delta critical (parameters = -3362.58 874825 -7.5863e+07 2.1928e+09)
[2019-12-02 21:19:26] We interpret the fitting parameters as coefficients of a degree 3 polynomial (which should be true, please check that)
[2019-12-02 21:19:26] Found three potential roots, compute which one is the best (100 runs per point)
[2019-12-02 21:19:26] Please implement the different equilibrium modes in case of three roots
[2019-12-02 21:19:26]  zero estimated at -1
[2019-12-02 21:19:26] Computed critical delta for ./matrices/Nr25_Nc25/RandTrix_Nr25_Nc25_Nest0.1_Conn0.1296.txt
[2019-12-02 21:19:26] Attempting now to find the critical delta for the given set of metaparameters
[2019-12-02 21:19:26] Computing probability of getting one or more extinctions for Delta=0
[2019-12-02 21:19:26] Probability of getting one or more extinctions for Delta=0 is 0
[2019-12-02 21:19:26] Computing probability of getting one or more extinctions for Delta=1
[2019-12-02 21:19:26] Probability of getting one or more extinctions for Delta=1 is 1
[2019-12-02 21:19:26] We first find a rough interval where the critical delta should lie (each point computed by the solver is estimated with 100 runs)
[2019-12-02 21:19:26] Computing probability of getting one or more extinctions for Delta=0.5
[2019-12-02 21:19:27] Probability of getting one or more extinctions for Delta=0.5 is 1
[2019-12-02 21:19:27] Computing probability of getting one or more extinctions for Delta=0.25
[2019-12-02 21:19:27] Probability of getting one or more extinctions for Delta=0.25 is 1
[2019-12-02 21:19:27] Computing probability of getting one or more extinctions for Delta=0.125
[2019-12-02 21:19:28] Probability of getting one or more extinctions for Delta=0.125 is 1
[2019-12-02 21:19:28] Computing probability of getting one or more extinctions for Delta=0.0625
[2019-12-02 21:19:28] Probability of getting one or more extinctions for Delta=0.0625 is 0.96
[2019-12-02 21:19:28] Computing probability of getting one or more extinctions for Delta=0.0325521
[2019-12-02 21:19:31] Probability of getting one or more extinctions for Delta=0.0325521 is 0.54
[2019-12-02 21:19:31] Computing probability of getting one or more extinctions for Delta=0.0299112
[2019-12-02 21:19:34] Probability of getting one or more extinctions for Delta=0.0299112 is 0.32
[2019-12-02 21:19:34] Found an interval for Delta critical : [0.0299112;0.0325521]
[2019-12-02 21:19:34] Now computing the probability of getting more than one extinction for ten points inside this interval (1000 runs per point)
[2019-12-02 21:19:34] Computing probability of getting one or more extinctions for Delta=0.0299112
[2019-12-02 21:20:06] Probability of getting one or more extinctions for Delta=0.0299112 is 0.309
[2019-12-02 21:20:06] Computing probability of getting one or more extinctions for Delta=0.0302046
[2019-12-02 21:20:43] Probability of getting one or more extinctions for Delta=0.0302046 is 0.371
[2019-12-02 21:20:43] Computing probability of getting one or more extinctions for Delta=0.030498
[2019-12-02 21:21:34] Probability of getting one or more extinctions for Delta=0.030498 is 0.355
[2019-12-02 21:21:34] Computing probability of getting one or more extinctions for Delta=0.0307915
[2019-12-02 21:22:38] Probability of getting one or more extinctions for Delta=0.0307915 is 0.378
[2019-12-02 21:22:38] Computing probability of getting one or more extinctions for Delta=0.0310849
[2019-12-02 21:23:40] Probability of getting one or more extinctions for Delta=0.0310849 is 0.397
[2019-12-02 21:23:40] Computing probability of getting one or more extinctions for Delta=0.0313783
[2019-12-02 21:24:11] Probability of getting one or more extinctions for Delta=0.0313783 is 0.413
[2019-12-02 21:24:11] Computing probability of getting one or more extinctions for Delta=0.0316718
[2019-12-02 21:25:00] Probability of getting one or more extinctions for Delta=0.0316718 is 0.43
[2019-12-02 21:25:00] Computing probability of getting one or more extinctions for Delta=0.0319652
[2019-12-02 21:25:39] Probability of getting one or more extinctions for Delta=0.0319652 is 0.463
[2019-12-02 21:25:39] Computing probability of getting one or more extinctions for Delta=0.0322586
[2019-12-02 21:26:12] Probability of getting one or more extinctions for Delta=0.0322586 is 0.448
[2019-12-02 21:26:12] Computing probability of getting one or more extinctions for Delta=0.0325521
[2019-12-02 21:26:40] Probability of getting one or more extinctions for Delta=0.0325521 is 0.48
[2019-12-02 21:26:40] Now fitting the 10 chosen into the specific function
[2019-12-02 21:26:40] Now we find the zero of the fit to determine delta critical (parameters = -128.246 12053.7 -379423 3.99791e+06)
[2019-12-02 21:26:40] We interpret the fitting parameters as coefficients of a degree 3 polynomial (which should be true, please check that)
[2019-12-02 21:26:40]  zero estimated at 0.0328905
[2019-12-02 21:26:40] Computed critical delta for ./matrices/Nr25_Nc25/RandTrix_Nr25_Nc25_Nest0.25_Conn0.0848.txt
[2019-12-02 21:26:40] Attempting now to find the critical delta for the given set of metaparameters
[2019-12-02 21:26:40] Computing probability of getting one or more extinctions for Delta=0
[2019-12-02 21:26:40] Probability of getting one or more extinctions for Delta=0 is 0
[2019-12-02 21:26:40] Computing probability of getting one or more extinctions for Delta=1
[2019-12-02 21:26:41] Probability of getting one or more extinctions for Delta=1 is 1
[2019-12-02 21:26:41] We first find a rough interval where the critical delta should lie (each point computed by the solver is estimated with 100 runs)
[2019-12-02 21:26:41] Computing probability of getting one or more extinctions for Delta=0.5
[2019-12-02 21:26:41] Probability of getting one or more extinctions for Delta=0.5 is 1
[2019-12-02 21:26:41] Computing probability of getting one or more extinctions for Delta=0.25
[2019-12-02 21:26:41] Probability of getting one or more extinctions for Delta=0.25 is 1
[2019-12-02 21:26:41] Computing probability of getting one or more extinctions for Delta=0.125
[2019-12-02 21:26:42] Probability of getting one or more extinctions for Delta=0.125 is 1
[2019-12-02 21:26:42] Computing probability of getting one or more extinctions for Delta=0.0625
[2019-12-02 21:26:42] Probability of getting one or more extinctions for Delta=0.0625 is 1
[2019-12-02 21:26:42] Computing probability of getting one or more extinctions for Delta=0.03125
[2019-12-02 21:26:47] Probability of getting one or more extinctions for Delta=0.03125 is 0.81
[2019-12-02 21:26:47] Computing probability of getting one or more extinctions for Delta=0.0192901
[2019-12-02 21:26:54] Probability of getting one or more extinctions for Delta=0.0192901 is 0.31
[2019-12-02 21:26:54] Computing probability of getting one or more extinctions for Delta=0.0238349
[2019-12-02 21:27:02] Probability of getting one or more extinctions for Delta=0.0238349 is 0.45
[2019-12-02 21:27:02] Computing probability of getting one or more extinctions for Delta=0.0252326
[2019-12-02 21:27:07] Probability of getting one or more extinctions for Delta=0.0252326 is 0.64
[2019-12-02 21:27:07] Found an interval for Delta critical : [0.0238349;0.0252326]
[2019-12-02 21:27:07] Now computing the probability of getting more than one extinction for ten points inside this interval (1000 runs per point)
[2019-12-02 21:27:07] Computing probability of getting one or more extinctions for Delta=0.0238349
[2019-12-02 21:28:16] Probability of getting one or more extinctions for Delta=0.0238349 is 0.509
[2019-12-02 21:28:16] Computing probability of getting one or more extinctions for Delta=0.0239902
[2019-12-02 21:30:05] Probability of getting one or more extinctions for Delta=0.0239902 is 0.503
[2019-12-02 21:30:05] Computing probability of getting one or more extinctions for Delta=0.0241455
[2019-12-02 21:32:22] Probability of getting one or more extinctions for Delta=0.0241455 is 0.468
[2019-12-02 21:32:22] Computing probability of getting one or more extinctions for Delta=0.0243008
[2019-12-02 21:34:12] Probability of getting one or more extinctions for Delta=0.0243008 is 0.5
[2019-12-02 21:34:12] Computing probability of getting one or more extinctions for Delta=0.0244561
[2019-12-02 21:35:57] Probability of getting one or more extinctions for Delta=0.0244561 is 0.517
[2019-12-02 21:35:57] Computing probability of getting one or more extinctions for Delta=0.0246114
[2019-12-02 21:38:02] Probability of getting one or more extinctions for Delta=0.0246114 is 0.53
[2019-12-02 21:38:02] Computing probability of getting one or more extinctions for Delta=0.0247667
[2019-12-02 21:39:31] Probability of getting one or more extinctions for Delta=0.0247667 is 0.525
[2019-12-02 21:39:31] Computing probability of getting one or more extinctions for Delta=0.024922
[2019-12-02 21:40:35] Probability of getting one or more extinctions for Delta=0.024922 is 0.52
[2019-12-02 21:40:35] Computing probability of getting one or more extinctions for Delta=0.0250773
[2019-12-02 21:41:47] Probability of getting one or more extinctions for Delta=0.0250773 is 0.563
[2019-12-02 21:41:47] Computing probability of getting one or more extinctions for Delta=0.0252326
[2019-12-02 21:42:54] Probability of getting one or more extinctions for Delta=0.0252326 is 0.581
[2019-12-02 21:42:54] Now fitting the 10 chosen into the specific function
[2019-12-02 21:42:54] Now we find the zero of the fit to determine delta critical (parameters = 473.707 -56433.3 2.23679e+06 -2.94923e+07)
[2019-12-02 21:42:54] We interpret the fitting parameters as coefficients of a degree 3 polynomial (which should be true, please check that)
[2019-12-02 21:42:54] Found three potential roots, compute which one is the best (100 runs per point)
[2019-12-02 21:42:54] Please implement the different equilibrium modes in case of three roots
[2019-12-02 21:42:54]  zero estimated at -1
[2019-12-02 21:42:54] Computed critical delta for ./matrices/Nr25_Nc25/RandTrix_Nr25_Nc25_Nest0.25_Conn0.1312.txt
[2019-12-02 21:42:54] Attempting now to find the critical delta for the given set of metaparameters
[2019-12-02 21:42:54] Computing probability of getting one or more extinctions for Delta=0
[2019-12-02 21:42:54] Probability of getting one or more extinctions for Delta=0 is 0
[2019-12-02 21:42:54] Computing probability of getting one or more extinctions for Delta=1
[2019-12-02 21:42:54] Probability of getting one or more extinctions for Delta=1 is 1
[2019-12-02 21:42:54] We first find a rough interval where the critical delta should lie (each point computed by the solver is estimated with 100 runs)
[2019-12-02 21:42:54] Computing probability of getting one or more extinctions for Delta=0.5
[2019-12-02 21:42:54] Probability of getting one or more extinctions for Delta=0.5 is 1
[2019-12-02 21:42:54] Computing probability of getting one or more extinctions for Delta=0.25
[2019-12-02 21:42:55] Probability of getting one or more extinctions for Delta=0.25 is 1
[2019-12-02 21:42:55] Computing probability of getting one or more extinctions for Delta=0.125
[2019-12-02 21:42:55] Probability of getting one or more extinctions for Delta=0.125 is 1
[2019-12-02 21:42:55] Computing probability of getting one or more extinctions for Delta=0.0625
[2019-12-02 21:42:56] Probability of getting one or more extinctions for Delta=0.0625 is 1
[2019-12-02 21:42:56] Computing probability of getting one or more extinctions for Delta=0.03125
[2019-12-02 21:43:00] Probability of getting one or more extinctions for Delta=0.03125 is 0.99
[2019-12-02 21:43:00] Computing probability of getting one or more extinctions for Delta=0.0157828
[2019-12-02 21:44:03] Probability of getting one or more extinctions for Delta=0.0157828 is 0.76
[2019-12-02 21:44:03] Computing probability of getting one or more extinctions for Delta=0.00427978
[2019-12-02 21:54:02] Probability of getting one or more extinctions for Delta=0.00427978 is 0.05
[2019-12-02 21:54:02] Computing probability of getting one or more extinctions for Delta=0.0115704
[2019-12-02 21:55:03] Probability of getting one or more extinctions for Delta=0.0115704 is 0.66
[2019-12-02 21:55:03] Computing probability of getting one or more extinctions for Delta=0.00659845
[2019-12-02 22:09:19] Probability of getting one or more extinctions for Delta=0.00659845 is 0.24
[2019-12-02 22:09:19] Computing probability of getting one or more extinctions for Delta=0.00967635
[2019-12-02 22:15:24] Probability of getting one or more extinctions for Delta=0.00967635 is 0.53
[2019-12-02 22:15:24] Computing probability of getting one or more extinctions for Delta=0.00928447
[2019-12-02 22:21:36] Probability of getting one or more extinctions for Delta=0.00928447 is 0.57
[2019-12-02 22:21:36] Computing probability of getting one or more extinctions for Delta=0.00794146
[2019-12-02 22:26:32] Probability of getting one or more extinctions for Delta=0.00794146 is 0.37
[2019-12-02 22:26:32] Computing probability of getting one or more extinctions for Delta=0.00881442
[2019-12-02 22:32:20] Probability of getting one or more extinctions for Delta=0.00881442 is 0.42
[2019-12-02 22:32:20] Found an interval for Delta critical : [0.00881442;0.00928447]
[2019-12-02 22:32:20] Now computing the probability of getting more than one extinction for ten points inside this interval (1000 runs per point)
[2019-12-02 22:32:20] Computing probability of getting one or more extinctions for Delta=0.00881442
[2019-12-02 23:34:35] Probability of getting one or more extinctions for Delta=0.00881442 is 0.438
[2019-12-02 23:34:35] Computing probability of getting one or more extinctions for Delta=0.00886665
[2019-12-03 00:11:39] Probability of getting one or more extinctions for Delta=0.00886665 is 0.47
[2019-12-03 00:11:39] Computing probability of getting one or more extinctions for Delta=0.00891887
[2019-12-03 04:35:16] Probability of getting one or more extinctions for Delta=0.00891887 is 0.436
[2019-12-03 04:35:16] Computing probability of getting one or more extinctions for Delta=0.0089711
[2019-12-03 05:15:46] Probability of getting one or more extinctions for Delta=0.0089711 is 0.459
[2019-12-03 05:15:46] Computing probability of getting one or more extinctions for Delta=0.00902333
[2019-12-03 05:44:13] Probability of getting one or more extinctions for Delta=0.00902333 is 0.445
[2019-12-03 05:44:13] Computing probability of getting one or more extinctions for Delta=0.00907556
[2019-12-03 06:13:08] Probability of getting one or more extinctions for Delta=0.00907556 is 0.47
[2019-12-03 06:13:08] Computing probability of getting one or more extinctions for Delta=0.00912779
[2019-12-03 06:47:49] Probability of getting one or more extinctions for Delta=0.00912779 is 0.458
[2019-12-03 06:47:49] Computing probability of getting one or more extinctions for Delta=0.00918002
[2019-12-03 07:27:34] Probability of getting one or more extinctions for Delta=0.00918002 is 0.462
[2019-12-03 07:27:34] Computing probability of getting one or more extinctions for Delta=0.00923224
[2019-12-03 08:01:57] Probability of getting one or more extinctions for Delta=0.00923224 is 0.462
[2019-12-03 08:01:57] Computing probability of getting one or more extinctions for Delta=0.00928447
[2019-12-03 08:46:05] Probability of getting one or more extinctions for Delta=0.00928447 is 0.474
[2019-12-03 08:46:05] Now fitting the 10 chosen into the specific function
[2019-12-03 08:46:05] Now we find the zero of the fit to determine delta critical (parameters = 1.13657 -145.656 -16414.1 2.00014e+06)
[2019-12-03 08:46:05] We interpret the fitting parameters as coefficients of a degree 3 polynomial (which should be true, please check that)
[2019-12-03 08:46:05] Found three potential roots, compute which one is the best (100 runs per point)
[2019-12-03 08:46:05] Please implement the different equilibrium modes in case of three roots
[2019-12-03 08:46:05]  zero estimated at -1
[2019-12-03 08:46:05] Computed critical delta for ./matrices/Nr25_Nc25/RandTrix_Nr25_Nc25_Nest0.25_Conn0.184.txt
[2019-12-03 08:46:05] Attempting now to find the critical delta for the given set of metaparameters
[2019-12-03 08:46:05] Computing probability of getting one or more extinctions for Delta=0
[2019-12-03 08:46:05] Probability of getting one or more extinctions for Delta=0 is 0
[2019-12-03 08:46:05] Computing probability of getting one or more extinctions for Delta=1
[2019-12-03 08:46:05] Probability of getting one or more extinctions for Delta=1 is 1
[2019-12-03 08:46:05] We first find a rough interval where the critical delta should lie (each point computed by the solver is estimated with 100 runs)
[2019-12-03 08:46:05] Computing probability of getting one or more extinctions for Delta=0.5
[2019-12-03 08:46:06] Probability of getting one or more extinctions for Delta=0.5 is 1
[2019-12-03 08:46:06] Computing probability of getting one or more extinctions for Delta=0.25
[2019-12-03 08:46:07] Probability of getting one or more extinctions for Delta=0.25 is 1
[2019-12-03 08:46:07] Computing probability of getting one or more extinctions for Delta=0.125
[2019-12-03 08:46:07] Probability of getting one or more extinctions for Delta=0.125 is 1
[2019-12-03 08:46:07] Computing probability of getting one or more extinctions for Delta=0.0625
[2019-12-03 08:46:09] Probability of getting one or more extinctions for Delta=0.0625 is 1
[2019-12-03 08:46:09] Computing probability of getting one or more extinctions for Delta=0.03125
[2019-12-03 08:46:19] Probability of getting one or more extinctions for Delta=0.03125 is 0.92
[2019-12-03 08:46:19] Computing probability of getting one or more extinctions for Delta=0.0169837
[2019-12-03 08:47:01] Probability of getting one or more extinctions for Delta=0.0169837 is 0.56
[2019-12-03 08:47:01] Computing probability of getting one or more extinctions for Delta=0.0148607
[2019-12-03 08:47:53] Probability of getting one or more extinctions for Delta=0.0148607 is 0.42
[2019-12-03 08:47:53] Computing probability of getting one or more extinctions for Delta=0.0160739
[2019-12-03 08:48:22] Probability of getting one or more extinctions for Delta=0.0160739 is 0.53
[2019-12-03 08:48:22] Found an interval for Delta critical : [0.0148607;0.0160739]
[2019-12-03 08:48:22] Now computing the probability of getting more than one extinction for ten points inside this interval (1000 runs per point)
[2019-12-03 08:48:22] Computing probability of getting one or more extinctions for Delta=0.0148607
[2019-12-03 08:52:27] Probability of getting one or more extinctions for Delta=0.0148607 is 0.419
[2019-12-03 08:52:27] Computing probability of getting one or more extinctions for Delta=0.0149955
[2019-12-03 08:58:48] Probability of getting one or more extinctions for Delta=0.0149955 is 0.411
[2019-12-03 08:58:48] Computing probability of getting one or more extinctions for Delta=0.0151303
[2019-12-03 09:03:02] Probability of getting one or more extinctions for Delta=0.0151303 is 0.403
[2019-12-03 09:03:02] Computing probability of getting one or more extinctions for Delta=0.0152651
[2019-12-03 09:07:35] Probability of getting one or more extinctions for Delta=0.0152651 is 0.416
[2019-12-03 09:07:35] Computing probability of getting one or more extinctions for Delta=0.0153999
[2019-12-03 09:14:37] Probability of getting one or more extinctions for Delta=0.0153999 is 0.418
[2019-12-03 09:14:37] Computing probability of getting one or more extinctions for Delta=0.0155347
[2019-12-03 09:19:59] Probability of getting one or more extinctions for Delta=0.0155347 is 0.43
[2019-12-03 09:19:59] Computing probability of getting one or more extinctions for Delta=0.0156695
[2019-12-03 09:24:47] Probability of getting one or more extinctions for Delta=0.0156695 is 0.466
[2019-12-03 09:24:47] Computing probability of getting one or more extinctions for Delta=0.0158043
[2019-12-03 09:28:41] Probability of getting one or more extinctions for Delta=0.0158043 is 0.46
[2019-12-03 09:28:41] Computing probability of getting one or more extinctions for Delta=0.0159391
[2019-12-03 09:33:14] Probability of getting one or more extinctions for Delta=0.0159391 is 0.475
[2019-12-03 09:33:14] Computing probability of getting one or more extinctions for Delta=0.0160739
[2019-12-03 09:36:45] Probability of getting one or more extinctions for Delta=0.0160739 is 0.478
[2019-12-03 09:36:45] Now fitting the 10 chosen into the specific function
[2019-12-03 09:36:45] Now we find the zero of the fit to determine delta critical (parameters = 629.282 -121469 7.80755e+06 -1.67123e+08)
[2019-12-03 09:36:45] We interpret the fitting parameters as coefficients of a degree 3 polynomial (which should be true, please check that)
[2019-12-03 09:36:45]  zero estimated at 0.0145585
[2019-12-03 09:36:45] Computed critical delta for ./matrices/Nr25_Nc25/RandTrix_Nr25_Nc25_Nest0.25_Conn0.2336.txt
[2019-12-03 09:36:45] Attempting now to find the critical delta for the given set of metaparameters
[2019-12-03 09:36:45] Computing probability of getting one or more extinctions for Delta=0
[2019-12-03 09:36:45] Probability of getting one or more extinctions for Delta=0 is 0
[2019-12-03 09:36:45] Computing probability of getting one or more extinctions for Delta=1
[2019-12-03 09:36:45] Probability of getting one or more extinctions for Delta=1 is 1
[2019-12-03 09:36:45] We first find a rough interval where the critical delta should lie (each point computed by the solver is estimated with 100 runs)
[2019-12-03 09:36:45] Computing probability of getting one or more extinctions for Delta=0.5
[2019-12-03 09:36:46] Probability of getting one or more extinctions for Delta=0.5 is 1
[2019-12-03 09:36:46] Computing probability of getting one or more extinctions for Delta=0.25
[2019-12-03 09:36:46] Probability of getting one or more extinctions for Delta=0.25 is 1
[2019-12-03 09:36:46] Computing probability of getting one or more extinctions for Delta=0.125
[2019-12-03 09:36:46] Probability of getting one or more extinctions for Delta=0.125 is 1
[2019-12-03 09:36:46] Computing probability of getting one or more extinctions for Delta=0.0625
[2019-12-03 09:36:47] Probability of getting one or more extinctions for Delta=0.0625 is 0.99
[2019-12-03 09:36:47] Computing probability of getting one or more extinctions for Delta=0.0315657
[2019-12-03 09:36:50] Probability of getting one or more extinctions for Delta=0.0315657 is 0.62
[2019-12-03 09:36:50] Computing probability of getting one or more extinctions for Delta=0.0234747
[2019-12-03 09:36:55] Probability of getting one or more extinctions for Delta=0.0234747 is 0.22
[2019-12-03 09:36:55] Computing probability of getting one or more extinctions for Delta=0.0291384
[2019-12-03 09:36:58] Probability of getting one or more extinctions for Delta=0.0291384 is 0.43
[2019-12-03 09:36:58] Found an interval for Delta critical : [0.0291384;0.0315657]
[2019-12-03 09:36:58] Now computing the probability of getting more than one extinction for ten points inside this interval (1000 runs per point)
[2019-12-03 09:36:58] Computing probability of getting one or more extinctions for Delta=0.0291384
[2019-12-03 09:37:32] Probability of getting one or more extinctions for Delta=0.0291384 is 0.457
[2019-12-03 09:37:32] Computing probability of getting one or more extinctions for Delta=0.0294081
[2019-12-03 09:38:04] Probability of getting one or more extinctions for Delta=0.0294081 is 0.479
[2019-12-03 09:38:04] Computing probability of getting one or more extinctions for Delta=0.0296778
[2019-12-03 09:38:50] Probability of getting one or more extinctions for Delta=0.0296778 is 0.494
[2019-12-03 09:38:50] Computing probability of getting one or more extinctions for Delta=0.0299475
[2019-12-03 09:39:49] Probability of getting one or more extinctions for Delta=0.0299475 is 0.527
[2019-12-03 09:39:49] Computing probability of getting one or more extinctions for Delta=0.0302172
[2019-12-03 09:40:50] Probability of getting one or more extinctions for Delta=0.0302172 is 0.541
[2019-12-03 09:40:50] Computing probability of getting one or more extinctions for Delta=0.0304869
[2019-12-03 11:37:48] Probability of getting one or more extinctions for Delta=0.0304869 is 0.512
[2019-12-03 11:37:48] Computing probability of getting one or more extinctions for Delta=0.0307566
[2019-12-03 11:38:19] Probability of getting one or more extinctions for Delta=0.0307566 is 0.549
[2019-12-03 11:38:19] Computing probability of getting one or more extinctions for Delta=0.0310263
[2019-12-03 11:38:49] Probability of getting one or more extinctions for Delta=0.0310263 is 0.552
[2019-12-03 11:38:49] Computing probability of getting one or more extinctions for Delta=0.031296
[2019-12-03 11:39:26] Probability of getting one or more extinctions for Delta=0.031296 is 0.58
[2019-12-03 11:39:26] Computing probability of getting one or more extinctions for Delta=0.0315657
[2019-12-03 11:39:54] Probability of getting one or more extinctions for Delta=0.0315657 is 0.614
[2019-12-03 11:39:54] Now fitting the 10 chosen into the specific function
[2019-12-03 11:39:54] Now we find the zero of the fit to determine delta critical (parameters = -777.565 76898.6 -2.53575e+06 2.78814e+07)
[2019-12-03 11:39:54] We interpret the fitting parameters as coefficients of a degree 3 polynomial (which should be true, please check that)
[2019-12-03 11:39:54]  zero estimated at 0.029607
[2019-12-03 11:39:54] Computed critical delta for ./matrices/Nr25_Nc25/RandTrix_Nr25_Nc25_Nest0.2_Conn0.0848.txt
[2019-12-03 11:39:54] Attempting now to find the critical delta for the given set of metaparameters
[2019-12-03 11:39:54] Computing probability of getting one or more extinctions for Delta=0
[2019-12-03 11:39:54] Cannot open file.
[2019-12-03 11:39:54] Returning empty food matrix
[2019-12-03 11:39:54] Problem in the food matrix, species 0 does not eat anything.
