[2019-12-01 11:08:13] Loading metaparameters from config/configuration_comparison_NR25_NS25_s05_a0.in
[2019-12-01 11:08:13] Successfully opened ./data_output/configuration_comparison_NR25_NS25_s05_a0_matrix_list_NR25_NS25_8.out, attempting now to find the critical delta of every listed matrix 
[2019-12-01 11:08:13] Attempting now to find the critical delta for the given set of metaparameters
[2019-12-01 11:08:13] Computing probability of getting one or more extinctions for Delta=0
[2019-12-01 11:08:13] Probability of getting one or more extinctions for Delta=0 is 0
[2019-12-01 11:08:13] Computing probability of getting one or more extinctions for Delta=1
[2019-12-01 11:08:13] Probability of getting one or more extinctions for Delta=1 is 1
[2019-12-01 11:08:13] We first find a rough interval where the critical delta should lie (each point computed by the solver is estimated with 100 runs)
[2019-12-01 11:08:13] Computing probability of getting one or more extinctions for Delta=0.5
[2019-12-01 11:08:14] Probability of getting one or more extinctions for Delta=0.5 is 1
[2019-12-01 11:08:14] Computing probability of getting one or more extinctions for Delta=0.25
[2019-12-01 11:08:15] Probability of getting one or more extinctions for Delta=0.25 is 1
[2019-12-01 11:08:15] Computing probability of getting one or more extinctions for Delta=0.125
[2019-12-01 11:08:16] Probability of getting one or more extinctions for Delta=0.125 is 0.99
[2019-12-01 11:08:16] Computing probability of getting one or more extinctions for Delta=0.0631313
[2019-12-01 11:08:18] Probability of getting one or more extinctions for Delta=0.0631313 is 0.87
[2019-12-01 11:08:18] Computing probability of getting one or more extinctions for Delta=0.0315657
[2019-12-01 11:08:24] Probability of getting one or more extinctions for Delta=0.0315657 is 0.3
[2019-12-01 11:08:24] Computing probability of getting one or more extinctions for Delta=0.0426413
[2019-12-01 11:08:28] Probability of getting one or more extinctions for Delta=0.0426413 is 0.69
[2019-12-01 11:08:28] Computing probability of getting one or more extinctions for Delta=0.0372455
[2019-12-01 11:08:32] Probability of getting one or more extinctions for Delta=0.0372455 is 0.7
[2019-12-01 11:08:32] Computing probability of getting one or more extinctions for Delta=0.0344056
[2019-12-01 11:08:37] Probability of getting one or more extinctions for Delta=0.0344056 is 0.48
[2019-12-01 11:08:37] Found an interval for Delta critical : [0.0344056;0.0372455]
[2019-12-01 11:08:37] Now computing the probability of getting more than one extinction for ten points inside this interval (1000 runs per point)
[2019-12-01 11:08:37] Computing probability of getting one or more extinctions for Delta=0.0344056
[2019-12-01 11:09:39] Probability of getting one or more extinctions for Delta=0.0344056 is 0.437
[2019-12-01 11:09:39] Computing probability of getting one or more extinctions for Delta=0.0347211
[2019-12-01 11:10:36] Probability of getting one or more extinctions for Delta=0.0347211 is 0.477
[2019-12-01 11:10:36] Computing probability of getting one or more extinctions for Delta=0.0350367
[2019-12-01 11:11:27] Probability of getting one or more extinctions for Delta=0.0350367 is 0.5
[2019-12-01 11:11:27] Computing probability of getting one or more extinctions for Delta=0.0353522
[2019-12-01 11:12:22] Probability of getting one or more extinctions for Delta=0.0353522 is 0.485
[2019-12-01 11:12:22] Computing probability of getting one or more extinctions for Delta=0.0356678
[2019-12-01 11:13:19] Probability of getting one or more extinctions for Delta=0.0356678 is 0.512
[2019-12-01 11:13:19] Computing probability of getting one or more extinctions for Delta=0.0359833
[2019-12-01 11:14:06] Probability of getting one or more extinctions for Delta=0.0359833 is 0.54
[2019-12-01 11:14:06] Computing probability of getting one or more extinctions for Delta=0.0362988
[2019-12-01 11:15:00] Probability of getting one or more extinctions for Delta=0.0362988 is 0.569
[2019-12-01 11:15:00] Computing probability of getting one or more extinctions for Delta=0.0366144
[2019-12-01 11:15:48] Probability of getting one or more extinctions for Delta=0.0366144 is 0.578
[2019-12-01 11:15:48] Computing probability of getting one or more extinctions for Delta=0.0369299
[2019-12-01 11:16:39] Probability of getting one or more extinctions for Delta=0.0369299 is 0.579
[2019-12-01 11:16:39] Computing probability of getting one or more extinctions for Delta=0.0372455
[2019-12-01 11:17:23] Probability of getting one or more extinctions for Delta=0.0372455 is 0.564
[2019-12-01 11:17:23] Now fitting the 10 chosen into the specific function
[2019-12-01 11:17:23] Now we find the zero of the fit to determine delta critical (parameters = 483.166 -41035.7 1.15978e+06 -1.09079e+07)
[2019-12-01 11:17:23] We interpret the fitting parameters as coefficients of a degree 3 polynomial (which should be true, please check that)
[2019-12-01 11:17:23] Found three potential roots, compute which one is the best (100 runs per point)
[2019-12-01 11:17:23] Please implement the different equilibrium modes in case of three roots
[2019-12-01 11:17:23]  zero estimated at -1
[2019-12-01 11:17:23] Computed critical delta for ./matrices/Nr25_Nc25/RandTrix_Nr25_Nc25_Nest0.4_Conn0.0752.txt
[2019-12-01 11:17:23] Attempting now to find the critical delta for the given set of metaparameters
[2019-12-01 11:17:23] Computing probability of getting one or more extinctions for Delta=0
[2019-12-01 11:17:23] Probability of getting one or more extinctions for Delta=0 is 0
[2019-12-01 11:17:23] Computing probability of getting one or more extinctions for Delta=1
[2019-12-01 11:17:23] Probability of getting one or more extinctions for Delta=1 is 1
[2019-12-01 11:17:23] We first find a rough interval where the critical delta should lie (each point computed by the solver is estimated with 100 runs)
[2019-12-01 11:17:23] Computing probability of getting one or more extinctions for Delta=0.5
[2019-12-01 11:17:24] Probability of getting one or more extinctions for Delta=0.5 is 1
[2019-12-01 11:17:24] Computing probability of getting one or more extinctions for Delta=0.25
[2019-12-01 11:17:25] Probability of getting one or more extinctions for Delta=0.25 is 1
[2019-12-01 11:17:25] Computing probability of getting one or more extinctions for Delta=0.125
[2019-12-01 11:17:26] Probability of getting one or more extinctions for Delta=0.125 is 0.99
[2019-12-01 11:17:26] Computing probability of getting one or more extinctions for Delta=0.0631313
[2019-12-01 11:17:29] Probability of getting one or more extinctions for Delta=0.0631313 is 0.77
[2019-12-01 11:17:29] Computing probability of getting one or more extinctions for Delta=0.0315657
[2019-12-01 11:17:34] Probability of getting one or more extinctions for Delta=0.0315657 is 0.14
[2019-12-01 11:17:34] Computing probability of getting one or more extinctions for Delta=0.0496032
[2019-12-01 11:17:38] Probability of getting one or more extinctions for Delta=0.0496032 is 0.57
[2019-12-01 11:17:38] Computing probability of getting one or more extinctions for Delta=0.0456391
[2019-12-01 11:17:42] Probability of getting one or more extinctions for Delta=0.0456391 is 0.54
[2019-12-01 11:17:42] Computing probability of getting one or more extinctions for Delta=0.040985
[2019-12-01 11:17:47] Probability of getting one or more extinctions for Delta=0.040985 is 0.39
[2019-12-01 11:17:47] Computing probability of getting one or more extinctions for Delta=0.044398
[2019-12-01 11:17:51] Probability of getting one or more extinctions for Delta=0.044398 is 0.57
[2019-12-01 11:17:51] Found an interval for Delta critical : [0.040985;0.044398]
[2019-12-01 11:17:51] Now computing the probability of getting more than one extinction for ten points inside this interval (1000 runs per point)
[2019-12-01 11:17:51] Computing probability of getting one or more extinctions for Delta=0.040985
[2019-12-01 11:18:39] Probability of getting one or more extinctions for Delta=0.040985 is 0.423
[2019-12-01 11:18:39] Computing probability of getting one or more extinctions for Delta=0.0413642
[2019-12-01 11:19:28] Probability of getting one or more extinctions for Delta=0.0413642 is 0.426
[2019-12-01 11:19:28] Computing probability of getting one or more extinctions for Delta=0.0417435
[2019-12-01 11:20:19] Probability of getting one or more extinctions for Delta=0.0417435 is 0.455
[2019-12-01 11:20:19] Computing probability of getting one or more extinctions for Delta=0.0421227
[2019-12-01 11:21:05] Probability of getting one or more extinctions for Delta=0.0421227 is 0.425
[2019-12-01 11:21:05] Computing probability of getting one or more extinctions for Delta=0.0425019
[2019-12-01 11:21:56] Probability of getting one or more extinctions for Delta=0.0425019 is 0.446
[2019-12-01 11:21:56] Computing probability of getting one or more extinctions for Delta=0.0428811
[2019-12-01 11:22:44] Probability of getting one or more extinctions for Delta=0.0428811 is 0.469
[2019-12-01 11:22:44] Computing probability of getting one or more extinctions for Delta=0.0432604
[2019-12-01 11:23:34] Probability of getting one or more extinctions for Delta=0.0432604 is 0.458
[2019-12-01 11:23:34] Computing probability of getting one or more extinctions for Delta=0.0436396
[2019-12-01 11:24:22] Probability of getting one or more extinctions for Delta=0.0436396 is 0.483
[2019-12-01 11:24:22] Computing probability of getting one or more extinctions for Delta=0.0440188
[2019-12-01 11:25:06] Probability of getting one or more extinctions for Delta=0.0440188 is 0.475
[2019-12-01 11:25:06] Computing probability of getting one or more extinctions for Delta=0.044398
[2019-12-01 11:25:57] Probability of getting one or more extinctions for Delta=0.044398 is 0.513
[2019-12-01 11:25:57] Now fitting the 10 chosen into the specific function
[2019-12-01 11:25:57] Now we find the zero of the fit to determine delta critical (parameters = -218.415 15504.3 -367288 2.90293e+06)
[2019-12-01 11:25:57] We interpret the fitting parameters as coefficients of a degree 3 polynomial (which should be true, please check that)
[2019-12-01 11:25:57]  zero estimated at 0.0442578
[2019-12-01 11:25:57] Computed critical delta for ./matrices/Nr25_Nc25/RandTrix_Nr25_Nc25_Nest0.4_Conn0.128.txt
[2019-12-01 11:25:57] Attempting now to find the critical delta for the given set of metaparameters
[2019-12-01 11:25:57] Computing probability of getting one or more extinctions for Delta=0
[2019-12-01 11:25:57] Probability of getting one or more extinctions for Delta=0 is 0
[2019-12-01 11:25:57] Computing probability of getting one or more extinctions for Delta=1
[2019-12-01 11:25:58] Probability of getting one or more extinctions for Delta=1 is 1
[2019-12-01 11:25:58] We first find a rough interval where the critical delta should lie (each point computed by the solver is estimated with 100 runs)
[2019-12-01 11:25:58] Computing probability of getting one or more extinctions for Delta=0.5
[2019-12-01 11:25:58] Probability of getting one or more extinctions for Delta=0.5 is 1
[2019-12-01 11:25:58] Computing probability of getting one or more extinctions for Delta=0.25
[2019-12-01 11:25:59] Probability of getting one or more extinctions for Delta=0.25 is 1
[2019-12-01 11:25:59] Computing probability of getting one or more extinctions for Delta=0.125
[2019-12-01 11:26:00] Probability of getting one or more extinctions for Delta=0.125 is 1
[2019-12-01 11:26:00] Computing probability of getting one or more extinctions for Delta=0.0625
[2019-12-01 11:26:02] Probability of getting one or more extinctions for Delta=0.0625 is 1
[2019-12-01 11:26:02] Computing probability of getting one or more extinctions for Delta=0.03125
[2019-12-01 11:27:18] Probability of getting one or more extinctions for Delta=0.03125 is 0.98
[2019-12-01 11:27:18] Computing probability of getting one or more extinctions for Delta=0.0159439
[2019-12-01 11:29:04] Probability of getting one or more extinctions for Delta=0.0159439 is 0.89
[2019-12-01 11:29:04] Computing probability of getting one or more extinctions for Delta=0.00797194
[2019-12-01 11:35:58] Probability of getting one or more extinctions for Delta=0.00797194 is 0.68
[2019-12-01 11:35:58] Computing probability of getting one or more extinctions for Delta=0.00398597
[2019-12-01 11:51:39] Probability of getting one or more extinctions for Delta=0.00398597 is 0.54
[2019-12-01 11:51:39] Computing probability of getting one or more extinctions for Delta=0.00307042
[2019-12-01 12:09:23] Probability of getting one or more extinctions for Delta=0.00307042 is 0.41
[2019-12-01 12:09:23] Computing probability of getting one or more extinctions for Delta=0.00370426
[2019-12-01 12:29:56] Probability of getting one or more extinctions for Delta=0.00370426 is 0.42
[2019-12-01 12:29:56] Found an interval for Delta critical : [0.00370426;0.00398597]
[2019-12-01 12:29:56] Now computing the probability of getting more than one extinction for ten points inside this interval (1000 runs per point)
[2019-12-01 12:29:56] Computing probability of getting one or more extinctions for Delta=0.00370426
[2019-12-01 14:20:41] Probability of getting one or more extinctions for Delta=0.00370426 is 0.458
[2019-12-01 14:20:41] Computing probability of getting one or more extinctions for Delta=0.00373556
[2019-12-01 16:55:12] Probability of getting one or more extinctions for Delta=0.00373556 is 0.494
[2019-12-01 16:55:12] Computing probability of getting one or more extinctions for Delta=0.00376686
[2019-12-01 18:31:34] Probability of getting one or more extinctions for Delta=0.00376686 is 0.473
[2019-12-01 18:31:34] Computing probability of getting one or more extinctions for Delta=0.00379817
[2019-12-01 20:57:26] Probability of getting one or more extinctions for Delta=0.00379817 is 0.45
[2019-12-01 20:57:26] Computing probability of getting one or more extinctions for Delta=0.00382947
[2019-12-01 23:25:34] Probability of getting one or more extinctions for Delta=0.00382947 is 0.461
[2019-12-01 23:25:34] Computing probability of getting one or more extinctions for Delta=0.00386077
[2019-12-02 01:27:32] Probability of getting one or more extinctions for Delta=0.00386077 is 0.506
[2019-12-02 01:27:32] Computing probability of getting one or more extinctions for Delta=0.00389207
[2019-12-02 03:32:31] Probability of getting one or more extinctions for Delta=0.00389207 is 0.486
[2019-12-02 03:32:31] Computing probability of getting one or more extinctions for Delta=0.00392337
[2019-12-02 05:26:39] Probability of getting one or more extinctions for Delta=0.00392337 is 0.487
[2019-12-02 05:26:39] Computing probability of getting one or more extinctions for Delta=0.00395467
[2019-12-02 07:14:28] Probability of getting one or more extinctions for Delta=0.00395467 is 0.482
[2019-12-02 07:14:28] Computing probability of getting one or more extinctions for Delta=0.00398597
[2019-12-02 13:28:54] Probability of getting one or more extinctions for Delta=0.00398597 is 0.515
[2019-12-02 13:28:54] Now fitting the 10 chosen into the specific function
[2019-12-02 13:28:54] Now we find the zero of the fit to determine delta critical (parameters = -141.367 112390 -2.98018e+07 2.63513e+09)
[2019-12-02 13:28:54] We interpret the fitting parameters as coefficients of a degree 3 polynomial (which should be true, please check that)
[2019-12-02 13:28:54]  zero estimated at 0.00396475
[2019-12-02 13:28:54] Computed critical delta for ./matrices/Nr25_Nc25/RandTrix_Nr25_Nc25_Nest0.4_Conn0.176.txt
[2019-12-02 13:28:54] Attempting now to find the critical delta for the given set of metaparameters
[2019-12-02 13:28:54] Computing probability of getting one or more extinctions for Delta=0
[2019-12-02 13:28:54] Probability of getting one or more extinctions for Delta=0 is 0
[2019-12-02 13:28:54] Computing probability of getting one or more extinctions for Delta=1
[2019-12-02 13:28:54] Probability of getting one or more extinctions for Delta=1 is 1
[2019-12-02 13:28:54] We first find a rough interval where the critical delta should lie (each point computed by the solver is estimated with 100 runs)
[2019-12-02 13:28:54] Computing probability of getting one or more extinctions for Delta=0.5
[2019-12-02 13:28:55] Probability of getting one or more extinctions for Delta=0.5 is 1
[2019-12-02 13:28:55] Computing probability of getting one or more extinctions for Delta=0.25
[2019-12-02 13:28:55] Probability of getting one or more extinctions for Delta=0.25 is 1
[2019-12-02 13:28:55] Computing probability of getting one or more extinctions for Delta=0.125
[2019-12-02 13:28:56] Probability of getting one or more extinctions for Delta=0.125 is 1
[2019-12-02 13:28:56] Computing probability of getting one or more extinctions for Delta=0.0625
[2019-12-02 13:28:56] Probability of getting one or more extinctions for Delta=0.0625 is 1
[2019-12-02 13:28:56] Computing probability of getting one or more extinctions for Delta=0.03125
[2019-12-02 13:29:01] Probability of getting one or more extinctions for Delta=0.03125 is 0.99
[2019-12-02 13:29:01] Computing probability of getting one or more extinctions for Delta=0.0157828
[2019-12-02 13:29:34] Probability of getting one or more extinctions for Delta=0.0157828 is 0.68
[2019-12-02 13:29:34] Computing probability of getting one or more extinctions for Delta=0.0091792
[2019-12-02 13:31:53] Probability of getting one or more extinctions for Delta=0.0091792 is 0.23
[2019-12-02 13:31:53] Computing probability of getting one or more extinctions for Delta=0.0131414
[2019-12-02 13:33:10] Probability of getting one or more extinctions for Delta=0.0131414 is 0.43
[2019-12-02 13:33:10] Computing probability of getting one or more extinctions for Delta=0.013881
[2019-12-02 13:35:23] Probability of getting one or more extinctions for Delta=0.013881 is 0.47
[2019-12-02 13:35:23] Computing probability of getting one or more extinctions for Delta=0.0143564
[2019-12-02 13:36:54] Probability of getting one or more extinctions for Delta=0.0143564 is 0.54
[2019-12-02 13:36:54] Found an interval for Delta critical : [0.013881;0.0143564]
[2019-12-02 13:36:54] Now computing the probability of getting more than one extinction for ten points inside this interval (1000 runs per point)
[2019-12-02 13:36:54] Computing probability of getting one or more extinctions for Delta=0.013881
[2019-12-02 13:50:26] Probability of getting one or more extinctions for Delta=0.013881 is 0.482
[2019-12-02 13:50:26] Computing probability of getting one or more extinctions for Delta=0.0139338
[2019-12-02 14:06:11] Probability of getting one or more extinctions for Delta=0.0139338 is 0.487
[2019-12-02 14:06:11] Computing probability of getting one or more extinctions for Delta=0.0139866
[2019-12-02 14:21:55] Probability of getting one or more extinctions for Delta=0.0139866 is 0.5
[2019-12-02 14:21:55] Computing probability of getting one or more extinctions for Delta=0.0140395
[2019-12-02 14:40:33] Probability of getting one or more extinctions for Delta=0.0140395 is 0.486
[2019-12-02 14:40:33] Computing probability of getting one or more extinctions for Delta=0.0140923
[2019-12-02 14:54:32] Probability of getting one or more extinctions for Delta=0.0140923 is 0.507
[2019-12-02 14:54:32] Computing probability of getting one or more extinctions for Delta=0.0141451
[2019-12-02 15:07:36] Probability of getting one or more extinctions for Delta=0.0141451 is 0.516
[2019-12-02 15:07:36] Computing probability of getting one or more extinctions for Delta=0.014198
[2019-12-02 15:24:05] Probability of getting one or more extinctions for Delta=0.014198 is 0.534
[2019-12-02 15:24:05] Computing probability of getting one or more extinctions for Delta=0.0142508
[2019-12-02 15:38:57] Probability of getting one or more extinctions for Delta=0.0142508 is 0.517
[2019-12-02 15:38:57] Computing probability of getting one or more extinctions for Delta=0.0143036
[2019-12-02 15:53:59] Probability of getting one or more extinctions for Delta=0.0143036 is 0.502
[2019-12-02 15:53:59] Computing probability of getting one or more extinctions for Delta=0.0143564
[2019-12-02 16:05:57] Probability of getting one or more extinctions for Delta=0.0143564 is 0.553
[2019-12-02 16:05:57] Now fitting the 10 chosen into the specific function
[2019-12-02 16:05:57] Now we find the zero of the fit to determine delta critical (parameters = 0.770585 -17.033 -17043.2 1.02155e+06)
[2019-12-02 16:05:57] We interpret the fitting parameters as coefficients of a degree 3 polynomial (which should be true, please check that)
[2019-12-02 16:05:57] Found three potential roots, compute which one is the best (100 runs per point)
[2019-12-02 16:05:57] Please implement the different equilibrium modes in case of three roots
[2019-12-02 16:05:57]  zero estimated at -1
[2019-12-02 16:05:57] Computed critical delta for ./matrices/Nr25_Nc25/RandTrix_Nr25_Nc25_Nest0.4_Conn0.2176.txt
[2019-12-02 16:05:57] Attempting now to find the critical delta for the given set of metaparameters
[2019-12-02 16:05:57] Computing probability of getting one or more extinctions for Delta=0
