[2019-12-02 03:15:30] Loading metaparameters from config/configuration_comparison_NR25_NS25_s05_a0.in
[2019-12-02 03:15:30] Successfully opened ./data_output/configuration_comparison_NR25_NS25_s05_a0_matrix_list_NR25_NS25_12.out, attempting now to find the critical delta of every listed matrix 
[2019-12-02 03:15:30] Attempting now to find the critical delta for the given set of metaparameters
[2019-12-02 03:15:30] Computing probability of getting one or more extinctions for Delta=0
[2019-12-02 03:15:30] Probability of getting one or more extinctions for Delta=0 is 0
[2019-12-02 03:15:30] Computing probability of getting one or more extinctions for Delta=1
[2019-12-02 03:15:31] Probability of getting one or more extinctions for Delta=1 is 1
[2019-12-02 03:15:31] We first find a rough interval where the critical delta should lie (each point computed by the solver is estimated with 100 runs)
[2019-12-02 03:15:31] Computing probability of getting one or more extinctions for Delta=0.5
[2019-12-02 03:15:31] Probability of getting one or more extinctions for Delta=0.5 is 1
[2019-12-02 03:15:31] Computing probability of getting one or more extinctions for Delta=0.25
[2019-12-02 03:15:32] Probability of getting one or more extinctions for Delta=0.25 is 1
[2019-12-02 03:15:32] Computing probability of getting one or more extinctions for Delta=0.125
[2019-12-02 03:15:33] Probability of getting one or more extinctions for Delta=0.125 is 1
[2019-12-02 03:15:33] Computing probability of getting one or more extinctions for Delta=0.0625
[2019-12-02 03:15:35] Probability of getting one or more extinctions for Delta=0.0625 is 0.83
[2019-12-02 03:15:35] Computing probability of getting one or more extinctions for Delta=0.0376506
[2019-12-02 03:15:40] Probability of getting one or more extinctions for Delta=0.0376506 is 0.43
[2019-12-02 03:15:40] Computing probability of getting one or more extinctions for Delta=0.0419992
[2019-12-02 03:15:46] Probability of getting one or more extinctions for Delta=0.0419992 is 0.62
[2019-12-02 03:15:46] Computing probability of getting one or more extinctions for Delta=0.0392527
[2019-12-02 03:15:52] Probability of getting one or more extinctions for Delta=0.0392527 is 0.57
[2019-12-02 03:15:52] Found an interval for Delta critical : [0.0376506;0.0392527]
[2019-12-02 03:15:52] Now computing the probability of getting more than one extinction for ten points inside this interval (1000 runs per point)
[2019-12-02 03:15:52] Computing probability of getting one or more extinctions for Delta=0.0376506
[2019-12-02 03:16:53] Probability of getting one or more extinctions for Delta=0.0376506 is 0.483
[2019-12-02 03:16:53] Computing probability of getting one or more extinctions for Delta=0.0378286
[2019-12-02 03:17:35] Probability of getting one or more extinctions for Delta=0.0378286 is 0.473
[2019-12-02 03:17:35] Computing probability of getting one or more extinctions for Delta=0.0380066
[2019-12-02 03:18:06] Probability of getting one or more extinctions for Delta=0.0380066 is 0.446
[2019-12-02 03:18:06] Computing probability of getting one or more extinctions for Delta=0.0381846
[2019-12-02 03:18:36] Probability of getting one or more extinctions for Delta=0.0381846 is 0.457
[2019-12-02 03:18:36] Computing probability of getting one or more extinctions for Delta=0.0383627
[2019-12-02 03:19:06] Probability of getting one or more extinctions for Delta=0.0383627 is 0.46
[2019-12-02 03:19:06] Computing probability of getting one or more extinctions for Delta=0.0385407
[2019-12-02 03:19:33] Probability of getting one or more extinctions for Delta=0.0385407 is 0.537
[2019-12-02 03:19:33] Computing probability of getting one or more extinctions for Delta=0.0387187
[2019-12-02 03:20:23] Probability of getting one or more extinctions for Delta=0.0387187 is 0.489
[2019-12-02 03:20:23] Computing probability of getting one or more extinctions for Delta=0.0388967
[2019-12-02 03:21:18] Probability of getting one or more extinctions for Delta=0.0388967 is 0.518
[2019-12-02 03:21:18] Computing probability of getting one or more extinctions for Delta=0.0390747
[2019-12-02 03:22:11] Probability of getting one or more extinctions for Delta=0.0390747 is 0.527
[2019-12-02 03:22:11] Computing probability of getting one or more extinctions for Delta=0.0392527
[2019-12-02 03:23:12] Probability of getting one or more extinctions for Delta=0.0392527 is 0.5
[2019-12-02 03:23:12] Now fitting the 10 chosen into the specific function
[2019-12-02 03:23:12] Now we find the zero of the fit to determine delta critical (parameters = 8780.24 -684755 1.77981e+07 -1.54178e+08)
[2019-12-02 03:23:12] We interpret the fitting parameters as coefficients of a degree 3 polynomial (which should be true, please check that)
[2019-12-02 03:23:12] Found three potential roots, compute which one is the best (100 runs per point)
[2019-12-02 03:23:12] Please implement the different equilibrium modes in case of three roots
[2019-12-02 03:23:12]  zero estimated at -1
[2019-12-02 03:23:12] Computed critical delta for ./matrices/Nr25_Nc25/RandTrix_Nr25_Nc25_Nest0.5_Conn0.128.txt
[2019-12-02 03:23:12] Attempting now to find the critical delta for the given set of metaparameters
[2019-12-02 03:23:12] Computing probability of getting one or more extinctions for Delta=0
[2019-12-02 03:23:13] Probability of getting one or more extinctions for Delta=0 is 0
[2019-12-02 03:23:13] Computing probability of getting one or more extinctions for Delta=1
[2019-12-02 03:23:13] Probability of getting one or more extinctions for Delta=1 is 1
[2019-12-02 03:23:13] We first find a rough interval where the critical delta should lie (each point computed by the solver is estimated with 100 runs)
[2019-12-02 03:23:13] Computing probability of getting one or more extinctions for Delta=0.5
[2019-12-02 03:23:14] Probability of getting one or more extinctions for Delta=0.5 is 1
[2019-12-02 03:23:14] Computing probability of getting one or more extinctions for Delta=0.25
[2019-12-02 03:23:14] Probability of getting one or more extinctions for Delta=0.25 is 1
[2019-12-02 03:23:14] Computing probability of getting one or more extinctions for Delta=0.125
[2019-12-02 03:23:15] Probability of getting one or more extinctions for Delta=0.125 is 1
[2019-12-02 03:23:15] Computing probability of getting one or more extinctions for Delta=0.0625
[2019-12-02 03:23:17] Probability of getting one or more extinctions for Delta=0.0625 is 1
[2019-12-02 03:23:17] Computing probability of getting one or more extinctions for Delta=0.03125
[2019-12-02 03:23:31] Probability of getting one or more extinctions for Delta=0.03125 is 0.42
[2019-12-02 03:23:31] Computing probability of getting one or more extinctions for Delta=0.0363814
[2019-12-02 03:23:39] Probability of getting one or more extinctions for Delta=0.0363814 is 0.57
[2019-12-02 03:23:39] Computing probability of getting one or more extinctions for Delta=0.0339867
[2019-12-02 03:23:47] Probability of getting one or more extinctions for Delta=0.0339867 is 0.55
[2019-12-02 03:23:47] Found an interval for Delta critical : [0.03125;0.0339867]
[2019-12-02 03:23:47] Now computing the probability of getting more than one extinction for ten points inside this interval (1000 runs per point)
[2019-12-02 03:23:47] Computing probability of getting one or more extinctions for Delta=0.03125
[2019-12-02 03:25:27] Probability of getting one or more extinctions for Delta=0.03125 is 0.431
[2019-12-02 03:25:27] Computing probability of getting one or more extinctions for Delta=0.0315541
[2019-12-02 03:27:00] Probability of getting one or more extinctions for Delta=0.0315541 is 0.404
[2019-12-02 03:27:00] Computing probability of getting one or more extinctions for Delta=0.0318582
[2019-12-02 03:28:43] Probability of getting one or more extinctions for Delta=0.0318582 is 0.407
[2019-12-02 03:28:43] Computing probability of getting one or more extinctions for Delta=0.0321622
[2019-12-02 03:30:16] Probability of getting one or more extinctions for Delta=0.0321622 is 0.447
[2019-12-02 03:30:16] Computing probability of getting one or more extinctions for Delta=0.0324663
[2019-12-02 03:31:44] Probability of getting one or more extinctions for Delta=0.0324663 is 0.455
[2019-12-02 03:31:44] Computing probability of getting one or more extinctions for Delta=0.0327704
[2019-12-02 03:33:12] Probability of getting one or more extinctions for Delta=0.0327704 is 0.432
[2019-12-02 03:33:12] Computing probability of getting one or more extinctions for Delta=0.0330745
[2019-12-02 03:34:51] Probability of getting one or more extinctions for Delta=0.0330745 is 0.46
[2019-12-02 03:34:51] Computing probability of getting one or more extinctions for Delta=0.0333786
[2019-12-02 03:36:28] Probability of getting one or more extinctions for Delta=0.0333786 is 0.49
[2019-12-02 03:36:28] Computing probability of getting one or more extinctions for Delta=0.0336826
[2019-12-02 03:38:03] Probability of getting one or more extinctions for Delta=0.0336826 is 0.499
[2019-12-02 03:38:03] Computing probability of getting one or more extinctions for Delta=0.0339867
[2019-12-02 03:39:29] Probability of getting one or more extinctions for Delta=0.0339867 is 0.51
[2019-12-02 03:39:29] Now fitting the 10 chosen into the specific function
[2019-12-02 03:39:29] Now we find the zero of the fit to determine delta critical (parameters = 261.17 -23735.1 717347 -7.21098e+06)
[2019-12-02 03:39:29] We interpret the fitting parameters as coefficients of a degree 3 polynomial (which should be true, please check that)
[2019-12-02 03:39:29] Found three potential roots, compute which one is the best (100 runs per point)
[2019-12-02 03:39:29] Please implement the different equilibrium modes in case of three roots
[2019-12-02 03:39:29]  zero estimated at -1
[2019-12-02 03:39:29] Computed critical delta for ./matrices/Nr25_Nc25/RandTrix_Nr25_Nc25_Nest0.5_Conn0.1776.txt
[2019-12-02 03:39:29] Attempting now to find the critical delta for the given set of metaparameters
[2019-12-02 03:39:29] Computing probability of getting one or more extinctions for Delta=0
[2019-12-02 03:39:29] Probability of getting one or more extinctions for Delta=0 is 0
[2019-12-02 03:39:29] Computing probability of getting one or more extinctions for Delta=1
[2019-12-02 03:39:30] Probability of getting one or more extinctions for Delta=1 is 1
[2019-12-02 03:39:30] We first find a rough interval where the critical delta should lie (each point computed by the solver is estimated with 100 runs)
[2019-12-02 03:39:30] Computing probability of getting one or more extinctions for Delta=0.5
[2019-12-02 03:39:31] Probability of getting one or more extinctions for Delta=0.5 is 1
[2019-12-02 03:39:31] Computing probability of getting one or more extinctions for Delta=0.25
[2019-12-02 03:39:31] Probability of getting one or more extinctions for Delta=0.25 is 1
[2019-12-02 03:39:31] Computing probability of getting one or more extinctions for Delta=0.125
[2019-12-02 03:39:33] Probability of getting one or more extinctions for Delta=0.125 is 1
[2019-12-02 03:39:33] Computing probability of getting one or more extinctions for Delta=0.0625
[2019-12-02 03:39:34] Probability of getting one or more extinctions for Delta=0.0625 is 1
[2019-12-02 03:39:34] Computing probability of getting one or more extinctions for Delta=0.03125
[2019-12-02 03:39:42] Probability of getting one or more extinctions for Delta=0.03125 is 1
[2019-12-02 03:39:42] Computing probability of getting one or more extinctions for Delta=0.015625
[2019-12-02 03:40:40] Probability of getting one or more extinctions for Delta=0.015625 is 0.72
[2019-12-02 03:40:40] Computing probability of getting one or more extinctions for Delta=0.0108507
[2019-12-02 03:42:04] Probability of getting one or more extinctions for Delta=0.0108507 is 0.24
[2019-12-02 03:42:04] Computing probability of getting one or more extinctions for Delta=0.0134368
[2019-12-02 03:43:15] Probability of getting one or more extinctions for Delta=0.0134368 is 0.56
[2019-12-02 03:43:15] Computing probability of getting one or more extinctions for Delta=0.0127701
[2019-12-02 03:44:23] Probability of getting one or more extinctions for Delta=0.0127701 is 0.52
[2019-12-02 03:44:23] Computing probability of getting one or more extinctions for Delta=0.0124735
[2019-12-02 03:45:35] Probability of getting one or more extinctions for Delta=0.0124735 is 0.49
[2019-12-02 03:45:35] Found an interval for Delta critical : [0.0124735;0.0127701]
[2019-12-02 03:45:35] Now computing the probability of getting more than one extinction for ten points inside this interval (1000 runs per point)
[2019-12-02 03:45:35] Computing probability of getting one or more extinctions for Delta=0.0124735
[2019-12-02 03:58:19] Probability of getting one or more extinctions for Delta=0.0124735 is 0.476
[2019-12-02 03:58:19] Computing probability of getting one or more extinctions for Delta=0.0125064
[2019-12-02 04:05:47] Probability of getting one or more extinctions for Delta=0.0125064 is 0.499
[2019-12-02 04:05:47] Computing probability of getting one or more extinctions for Delta=0.0125394
[2019-12-02 04:12:35] Probability of getting one or more extinctions for Delta=0.0125394 is 0.48
[2019-12-02 04:12:35] Computing probability of getting one or more extinctions for Delta=0.0125723
[2019-12-02 04:24:51] Probability of getting one or more extinctions for Delta=0.0125723 is 0.501
[2019-12-02 04:24:51] Computing probability of getting one or more extinctions for Delta=0.0126053
[2019-12-02 04:31:55] Probability of getting one or more extinctions for Delta=0.0126053 is 0.496
[2019-12-02 04:31:55] Computing probability of getting one or more extinctions for Delta=0.0126382
[2019-12-02 04:40:44] Probability of getting one or more extinctions for Delta=0.0126382 is 0.502
[2019-12-02 04:40:44] Computing probability of getting one or more extinctions for Delta=0.0126712
[2019-12-02 04:47:50] Probability of getting one or more extinctions for Delta=0.0126712 is 0.523
[2019-12-02 04:47:50] Computing probability of getting one or more extinctions for Delta=0.0127041
[2019-12-02 04:54:18] Probability of getting one or more extinctions for Delta=0.0127041 is 0.489
[2019-12-02 04:54:18] Computing probability of getting one or more extinctions for Delta=0.0127371
[2019-12-02 05:04:35] Probability of getting one or more extinctions for Delta=0.0127371 is 0.485
[2019-12-02 05:04:35] Computing probability of getting one or more extinctions for Delta=0.0127701
[2019-12-02 05:13:37] Probability of getting one or more extinctions for Delta=0.0127701 is 0.505
[2019-12-02 05:13:37] Now fitting the 10 chosen into the specific function
[2019-12-02 05:13:37] Now we find the zero of the fit to determine delta critical (parameters = -4177.63 985038 -7.74168e+07 2.02804e+09)
[2019-12-02 05:13:37] We interpret the fitting parameters as coefficients of a degree 3 polynomial (which should be true, please check that)
[2019-12-02 05:13:37] Found three potential roots, compute which one is the best (100 runs per point)
[2019-12-02 05:13:37] Please implement the different equilibrium modes in case of three roots
[2019-12-02 05:13:37]  zero estimated at -1
[2019-12-02 05:13:37] Computed critical delta for ./matrices/Nr25_Nc25/RandTrix_Nr25_Nc25_Nest0.5_Conn0.2208.txt
[2019-12-02 05:13:37] Attempting now to find the critical delta for the given set of metaparameters
[2019-12-02 05:13:37] Computing probability of getting one or more extinctions for Delta=0
[2019-12-02 05:13:37] Probability of getting one or more extinctions for Delta=0 is 0
[2019-12-02 05:13:37] Computing probability of getting one or more extinctions for Delta=1
[2019-12-02 05:13:37] Probability of getting one or more extinctions for Delta=1 is 1
[2019-12-02 05:13:37] We first find a rough interval where the critical delta should lie (each point computed by the solver is estimated with 100 runs)
[2019-12-02 05:13:37] Computing probability of getting one or more extinctions for Delta=0.5
[2019-12-02 05:13:38] Probability of getting one or more extinctions for Delta=0.5 is 1
[2019-12-02 05:13:38] Computing probability of getting one or more extinctions for Delta=0.25
[2019-12-02 05:13:38] Probability of getting one or more extinctions for Delta=0.25 is 1
[2019-12-02 05:13:38] Computing probability of getting one or more extinctions for Delta=0.125
[2019-12-02 05:13:39] Probability of getting one or more extinctions for Delta=0.125 is 1
[2019-12-02 05:13:39] Computing probability of getting one or more extinctions for Delta=0.0625
[2019-12-02 05:13:40] Probability of getting one or more extinctions for Delta=0.0625 is 1
[2019-12-02 05:13:40] Computing probability of getting one or more extinctions for Delta=0.03125
[2019-12-02 05:13:48] Probability of getting one or more extinctions for Delta=0.03125 is 1
[2019-12-02 05:13:48] Computing probability of getting one or more extinctions for Delta=0.015625
[2019-12-02 05:15:14] Probability of getting one or more extinctions for Delta=0.015625 is 0.86
[2019-12-02 05:15:14] Computing probability of getting one or more extinctions for Delta=0.0090843
[2019-12-02 05:24:13] Probability of getting one or more extinctions for Delta=0.0090843 is 0.42
[2019-12-02 05:24:13] Computing probability of getting one or more extinctions for Delta=0.0102735
[2019-12-02 05:33:34] Probability of getting one or more extinctions for Delta=0.0102735 is 0.57
[2019-12-02 05:33:34] Computing probability of getting one or more extinctions for Delta=0.00971855
[2019-12-02 05:43:36] Probability of getting one or more extinctions for Delta=0.00971855 is 0.49
[2019-12-02 05:43:36] Found an interval for Delta critical : [0.00971855;0.0102735]
[2019-12-02 05:43:36] Now computing the probability of getting more than one extinction for ten points inside this interval (1000 runs per point)
[2019-12-02 05:43:36] Computing probability of getting one or more extinctions for Delta=0.00971855
[2019-12-02 07:55:47] Probability of getting one or more extinctions for Delta=0.00971855 is 0.513
[2019-12-02 07:55:47] Computing probability of getting one or more extinctions for Delta=0.00978021
[2019-12-02 10:26:49] Probability of getting one or more extinctions for Delta=0.00978021 is 0.548
[2019-12-02 10:26:49] Computing probability of getting one or more extinctions for Delta=0.00984188
[2019-12-02 12:41:49] Probability of getting one or more extinctions for Delta=0.00984188 is 0.522
[2019-12-02 12:41:49] Computing probability of getting one or more extinctions for Delta=0.00990354
[2019-12-02 14:59:27] Probability of getting one or more extinctions for Delta=0.00990354 is 0.531
[2019-12-02 14:59:27] Computing probability of getting one or more extinctions for Delta=0.0099652
[2019-12-02 16:43:19] Probability of getting one or more extinctions for Delta=0.0099652 is 0.555
[2019-12-02 16:43:19] Computing probability of getting one or more extinctions for Delta=0.0100269
[2019-12-02 18:32:40] Probability of getting one or more extinctions for Delta=0.0100269 is 0.527
[2019-12-02 18:32:40] Computing probability of getting one or more extinctions for Delta=0.0100885
[2019-12-02 20:38:57] Probability of getting one or more extinctions for Delta=0.0100885 is 0.553
[2019-12-02 20:38:57] Computing probability of getting one or more extinctions for Delta=0.0101502
[2019-12-02 22:33:32] Probability of getting one or more extinctions for Delta=0.0101502 is 0.528
[2019-12-02 22:33:32] Computing probability of getting one or more extinctions for Delta=0.0102119
[2019-12-03 00:48:39] Probability of getting one or more extinctions for Delta=0.0102119 is 0.564
[2019-12-03 00:48:39] Computing probability of getting one or more extinctions for Delta=0.0102735
[2019-12-03 02:58:03] Probability of getting one or more extinctions for Delta=0.0102735 is 0.532
[2019-12-03 02:58:03] Now fitting the 10 chosen into the specific function
[2019-12-03 02:58:03] Now we find the zero of the fit to determine delta critical (parameters = -29.2779 7377.72 -599214 1.54637e+07)
[2019-12-03 02:58:03] We interpret the fitting parameters as coefficients of a degree 3 polynomial (which should be true, please check that)
[2019-12-03 02:58:03] Found three potential roots, compute which one is the best (100 runs per point)
[2019-12-03 02:58:03] Please implement the different equilibrium modes in case of three roots
[2019-12-03 02:58:03]  zero estimated at -1
[2019-12-03 02:58:03] Computed critical delta for ./matrices/Nr25_Nc25/RandTrix_Nr25_Nc25_Nest0.5_Conn0.2736.txt
[2019-12-03 02:58:03] Attempting now to find the critical delta for the given set of metaparameters
[2019-12-03 02:58:03] Computing probability of getting one or more extinctions for Delta=0
