[2019-11-27 18:22:10] Loading metaparameters from config/configuration_comparison_NR25_NS25_s05_a05.in
[2019-11-27 18:22:10] Successfully opened ./data_output/configuration_comparison_NR25_NS25_s05_a05_matrix_list_NR25_NS25_3.out, attempting now to find the critical delta of every listed matrix 
[2019-11-27 18:22:10] Attempting now to find the critical delta for the given set of metaparameters
[2019-11-27 18:22:10] Computing probability of getting one or more extinctions for Delta=0
[2019-11-27 18:22:10] Probability of getting one or more extinctions for Delta=0 is 0
[2019-11-27 18:22:10] Computing probability of getting one or more extinctions for Delta=1
[2019-11-27 18:22:10] Probability of getting one or more extinctions for Delta=1 is 1
[2019-11-27 18:22:10] We first find a rough interval where the critical delta should lie (each point computed by the solver is estimated with 100 runs)
[2019-11-27 18:22:10] Computing probability of getting one or more extinctions for Delta=0.5
[2019-11-27 18:22:10] Probability of getting one or more extinctions for Delta=0.5 is 1
[2019-11-27 18:22:10] Computing probability of getting one or more extinctions for Delta=0.25
[2019-11-27 18:22:11] Probability of getting one or more extinctions for Delta=0.25 is 1
[2019-11-27 18:22:11] Computing probability of getting one or more extinctions for Delta=0.125
[2019-11-27 18:22:11] Probability of getting one or more extinctions for Delta=0.125 is 0.99
[2019-11-27 18:22:11] Computing probability of getting one or more extinctions for Delta=0.0631313
[2019-11-27 18:22:13] Probability of getting one or more extinctions for Delta=0.0631313 is 0.87
[2019-11-27 18:22:13] Computing probability of getting one or more extinctions for Delta=0.0315657
[2019-11-27 18:22:15] Probability of getting one or more extinctions for Delta=0.0315657 is 0.13
[2019-11-27 18:22:15] Computing probability of getting one or more extinctions for Delta=0.0473485
[2019-11-27 18:22:17] Probability of getting one or more extinctions for Delta=0.0473485 is 0.66
[2019-11-27 18:22:17] Computing probability of getting one or more extinctions for Delta=0.0425839
[2019-11-27 18:22:20] Probability of getting one or more extinctions for Delta=0.0425839 is 0.45
[2019-11-27 18:22:20] Computing probability of getting one or more extinctions for Delta=0.0437183
[2019-11-27 18:22:21] Probability of getting one or more extinctions for Delta=0.0437183 is 0.49
[2019-11-27 18:22:21] Found an interval for Delta critical : [0.0437183;0.0473485]
[2019-11-27 18:22:21] Now computing the probability of getting more than one extinction for ten points inside this interval (1000 runs per point)
[2019-11-27 18:22:21] Computing probability of getting one or more extinctions for Delta=0.0437183
[2019-11-27 18:22:44] Probability of getting one or more extinctions for Delta=0.0437183 is 0.478
[2019-11-27 18:22:44] Computing probability of getting one or more extinctions for Delta=0.0441216
[2019-11-27 18:23:09] Probability of getting one or more extinctions for Delta=0.0441216 is 0.495
[2019-11-27 18:23:09] Computing probability of getting one or more extinctions for Delta=0.044525
[2019-11-27 18:23:33] Probability of getting one or more extinctions for Delta=0.044525 is 0.521
[2019-11-27 18:23:33] Computing probability of getting one or more extinctions for Delta=0.0449284
[2019-11-27 18:23:57] Probability of getting one or more extinctions for Delta=0.0449284 is 0.526
[2019-11-27 18:23:57] Computing probability of getting one or more extinctions for Delta=0.0453317
[2019-11-27 18:24:20] Probability of getting one or more extinctions for Delta=0.0453317 is 0.513
[2019-11-27 18:24:20] Computing probability of getting one or more extinctions for Delta=0.0457351
[2019-11-27 18:24:44] Probability of getting one or more extinctions for Delta=0.0457351 is 0.568
[2019-11-27 18:24:44] Computing probability of getting one or more extinctions for Delta=0.0461384
[2019-11-27 18:25:07] Probability of getting one or more extinctions for Delta=0.0461384 is 0.547
[2019-11-27 18:25:07] Computing probability of getting one or more extinctions for Delta=0.0465418
[2019-11-27 18:25:30] Probability of getting one or more extinctions for Delta=0.0465418 is 0.545
[2019-11-27 18:25:30] Computing probability of getting one or more extinctions for Delta=0.0469451
[2019-11-27 18:25:55] Probability of getting one or more extinctions for Delta=0.0469451 is 0.584
[2019-11-27 18:25:55] Computing probability of getting one or more extinctions for Delta=0.0473485
[2019-11-27 18:26:18] Probability of getting one or more extinctions for Delta=0.0473485 is 0.581
[2019-11-27 18:26:18] Now fitting the 10 chosen into the specific function
[2019-11-27 18:26:18] Now we find the zero of the fit to determine delta critical (parameters = -265.432 17347.3 -378275 2.75268e+06)
[2019-11-27 18:26:18] We interpret the fitting parameters as coefficients of a degree 3 polynomial (which should be true, please check that)
[2019-11-27 18:26:18]  zero estimated at 0.0441706
[2019-11-27 18:26:18] Computed critical delta for ./matrices/Nr25_Nc25/RandTrix_Nr25_Nc25_Nest0.4_Conn0.128.txt
[2019-11-27 18:26:18] Attempting now to find the critical delta for the given set of metaparameters
[2019-11-27 18:26:18] Computing probability of getting one or more extinctions for Delta=0
[2019-11-27 18:26:18] Probability of getting one or more extinctions for Delta=0 is 0
[2019-11-27 18:26:18] Computing probability of getting one or more extinctions for Delta=1
[2019-11-27 18:26:18] Probability of getting one or more extinctions for Delta=1 is 1
[2019-11-27 18:26:18] We first find a rough interval where the critical delta should lie (each point computed by the solver is estimated with 100 runs)
[2019-11-27 18:26:18] Computing probability of getting one or more extinctions for Delta=0.5
[2019-11-27 18:26:18] Probability of getting one or more extinctions for Delta=0.5 is 1
[2019-11-27 18:26:18] Computing probability of getting one or more extinctions for Delta=0.25
[2019-11-27 18:26:19] Probability of getting one or more extinctions for Delta=0.25 is 1
[2019-11-27 18:26:19] Computing probability of getting one or more extinctions for Delta=0.125
[2019-11-27 18:26:19] Probability of getting one or more extinctions for Delta=0.125 is 1
[2019-11-27 18:26:19] Computing probability of getting one or more extinctions for Delta=0.0625
[2019-11-27 18:26:20] Probability of getting one or more extinctions for Delta=0.0625 is 1
[2019-11-27 18:26:20] Computing probability of getting one or more extinctions for Delta=0.03125
[2019-11-27 18:26:44] Probability of getting one or more extinctions for Delta=0.03125 is 0.98
[2019-11-27 18:26:44] Computing probability of getting one or more extinctions for Delta=0.0159439
[2019-11-27 18:28:31] Probability of getting one or more extinctions for Delta=0.0159439 is 0.91
[2019-11-27 18:28:31] Computing probability of getting one or more extinctions for Delta=0.00797194
[2019-11-27 18:34:11] Probability of getting one or more extinctions for Delta=0.00797194 is 0.61
[2019-11-27 18:34:11] Computing probability of getting one or more extinctions for Delta=0.00571818
[2019-11-27 18:40:02] Probability of getting one or more extinctions for Delta=0.00571818 is 0.62
[2019-11-27 18:40:02] Computing probability of getting one or more extinctions for Delta=0.00285909
[2019-11-27 18:49:07] Probability of getting one or more extinctions for Delta=0.00285909 is 0.35
[2019-11-27 18:49:07] Computing probability of getting one or more extinctions for Delta=0.00444747
[2019-11-27 18:55:14] Probability of getting one or more extinctions for Delta=0.00444747 is 0.45
[2019-11-27 18:55:14] Computing probability of getting one or more extinctions for Delta=0.00482121
[2019-11-27 19:01:39] Probability of getting one or more extinctions for Delta=0.00482121 is 0.55
[2019-11-27 19:01:39] Found an interval for Delta critical : [0.00444747;0.00482121]
[2019-11-27 19:01:39] Now computing the probability of getting more than one extinction for ten points inside this interval (1000 runs per point)
[2019-11-27 19:01:39] Computing probability of getting one or more extinctions for Delta=0.00444747
[2019-11-27 20:17:02] Probability of getting one or more extinctions for Delta=0.00444747 is 0.525
[2019-11-27 20:17:02] Computing probability of getting one or more extinctions for Delta=0.004489
[2019-11-27 21:24:24] Probability of getting one or more extinctions for Delta=0.004489 is 0.514
[2019-11-27 21:24:24] Computing probability of getting one or more extinctions for Delta=0.00453052
[2019-11-27 22:33:49] Probability of getting one or more extinctions for Delta=0.00453052 is 0.53
[2019-11-27 22:33:49] Computing probability of getting one or more extinctions for Delta=0.00457205
[2019-11-27 23:48:10] Probability of getting one or more extinctions for Delta=0.00457205 is 0.504
[2019-11-27 23:48:10] Computing probability of getting one or more extinctions for Delta=0.00461358
[2019-11-28 00:55:56] Probability of getting one or more extinctions for Delta=0.00461358 is 0.504
[2019-11-28 00:55:56] Computing probability of getting one or more extinctions for Delta=0.0046551
[2019-11-28 02:11:20] Probability of getting one or more extinctions for Delta=0.0046551 is 0.497
[2019-11-28 02:11:20] Computing probability of getting one or more extinctions for Delta=0.00469663
[2019-11-28 03:21:34] Probability of getting one or more extinctions for Delta=0.00469663 is 0.519
[2019-11-28 03:21:34] Computing probability of getting one or more extinctions for Delta=0.00473816
[2019-11-28 04:39:00] Probability of getting one or more extinctions for Delta=0.00473816 is 0.504
[2019-11-28 04:39:00] Computing probability of getting one or more extinctions for Delta=0.00477968
[2019-11-28 05:55:44] Probability of getting one or more extinctions for Delta=0.00477968 is 0.498
[2019-11-28 05:55:44] Computing probability of getting one or more extinctions for Delta=0.00482121
[2019-11-28 07:03:04] Probability of getting one or more extinctions for Delta=0.00482121 is 0.533
[2019-11-28 07:03:04] Now fitting the 10 chosen into the specific function
[2019-11-28 07:03:04] Now we find the zero of the fit to determine delta critical (parameters = -280.752 184630 -4.0442e+07 2.95073e+09)
[2019-11-28 07:03:04] We interpret the fitting parameters as coefficients of a degree 3 polynomial (which should be true, please check that)
[2019-11-28 07:03:04]  zero estimated at 0.0043203
[2019-11-28 07:03:04] Computed critical delta for ./matrices/Nr25_Nc25/RandTrix_Nr25_Nc25_Nest0.4_Conn0.176.txt
[2019-11-28 07:03:04] Attempting now to find the critical delta for the given set of metaparameters
[2019-11-28 07:03:04] Computing probability of getting one or more extinctions for Delta=0
[2019-11-28 07:03:04] Probability of getting one or more extinctions for Delta=0 is 0
[2019-11-28 07:03:04] Computing probability of getting one or more extinctions for Delta=1
[2019-11-28 07:03:04] Probability of getting one or more extinctions for Delta=1 is 1
[2019-11-28 07:03:04] We first find a rough interval where the critical delta should lie (each point computed by the solver is estimated with 100 runs)
[2019-11-28 07:03:04] Computing probability of getting one or more extinctions for Delta=0.5
[2019-11-28 07:03:04] Probability of getting one or more extinctions for Delta=0.5 is 1
[2019-11-28 07:03:04] Computing probability of getting one or more extinctions for Delta=0.25
[2019-11-28 07:03:05] Probability of getting one or more extinctions for Delta=0.25 is 1
[2019-11-28 07:03:05] Computing probability of getting one or more extinctions for Delta=0.125
[2019-11-28 07:03:05] Probability of getting one or more extinctions for Delta=0.125 is 1
[2019-11-28 07:03:05] Computing probability of getting one or more extinctions for Delta=0.0625
[2019-11-28 07:03:06] Probability of getting one or more extinctions for Delta=0.0625 is 1
[2019-11-28 07:03:06] Computing probability of getting one or more extinctions for Delta=0.03125
[2019-11-28 07:03:09] Probability of getting one or more extinctions for Delta=0.03125 is 0.98
[2019-11-28 07:03:09] Computing probability of getting one or more extinctions for Delta=0.0159439
[2019-11-28 07:03:46] Probability of getting one or more extinctions for Delta=0.0159439 is 0.66
[2019-11-28 07:03:46] Computing probability of getting one or more extinctions for Delta=0.0101461
[2019-11-28 07:05:21] Probability of getting one or more extinctions for Delta=0.0101461 is 0.28
[2019-11-28 07:05:21] Computing probability of getting one or more extinctions for Delta=0.0135027
[2019-11-28 07:06:24] Probability of getting one or more extinctions for Delta=0.0135027 is 0.46
[2019-11-28 07:06:24] Computing probability of getting one or more extinctions for Delta=0.0139909
[2019-11-28 07:07:15] Probability of getting one or more extinctions for Delta=0.0139909 is 0.53
[2019-11-28 07:07:15] Found an interval for Delta critical : [0.0135027;0.0139909]
[2019-11-28 07:07:15] Now computing the probability of getting more than one extinction for ten points inside this interval (1000 runs per point)
[2019-11-28 07:07:15] Computing probability of getting one or more extinctions for Delta=0.0135027
[2019-11-28 07:17:19] Probability of getting one or more extinctions for Delta=0.0135027 is 0.5
[2019-11-28 07:17:19] Computing probability of getting one or more extinctions for Delta=0.013557
[2019-11-28 07:27:17] Probability of getting one or more extinctions for Delta=0.013557 is 0.475
[2019-11-28 07:27:17] Computing probability of getting one or more extinctions for Delta=0.0136112
[2019-11-28 07:37:33] Probability of getting one or more extinctions for Delta=0.0136112 is 0.471
[2019-11-28 07:37:33] Computing probability of getting one or more extinctions for Delta=0.0136655
[2019-11-28 07:47:56] Probability of getting one or more extinctions for Delta=0.0136655 is 0.48
[2019-11-28 07:47:56] Computing probability of getting one or more extinctions for Delta=0.0137197
[2019-11-28 07:57:52] Probability of getting one or more extinctions for Delta=0.0137197 is 0.476
[2019-11-28 07:57:52] Computing probability of getting one or more extinctions for Delta=0.013774
[2019-11-28 08:07:47] Probability of getting one or more extinctions for Delta=0.013774 is 0.476
[2019-11-28 08:07:47] Computing probability of getting one or more extinctions for Delta=0.0138282
[2019-11-28 08:18:36] Probability of getting one or more extinctions for Delta=0.0138282 is 0.485
[2019-11-28 08:18:36] Computing probability of getting one or more extinctions for Delta=0.0138824
[2019-11-28 08:29:13] Probability of getting one or more extinctions for Delta=0.0138824 is 0.471
[2019-11-28 08:29:13] Computing probability of getting one or more extinctions for Delta=0.0139367
[2019-11-28 08:39:14] Probability of getting one or more extinctions for Delta=0.0139367 is 0.491
[2019-11-28 08:39:14] Computing probability of getting one or more extinctions for Delta=0.0139909
[2019-11-28 08:48:40] Probability of getting one or more extinctions for Delta=0.0139909 is 0.506
[2019-11-28 08:48:40] Now fitting the 10 chosen into the specific function
[2019-11-28 08:48:40] Now we find the zero of the fit to determine delta critical (parameters = 480.149 -99128.4 6.79721e+06 -1.54738e+08)
[2019-11-28 08:48:40] We interpret the fitting parameters as coefficients of a degree 3 polynomial (which should be true, please check that)
[2019-11-28 08:48:40] Found three potential roots, compute which one is the best (100 runs per point)
[2019-11-28 08:48:40] Please implement the different equilibrium modes in case of three roots
[2019-11-28 08:48:40]  zero estimated at -1
[2019-11-28 08:48:40] Computed critical delta for ./matrices/Nr25_Nc25/RandTrix_Nr25_Nc25_Nest0.4_Conn0.2176.txt
[2019-11-28 08:48:40] Attempting now to find the critical delta for the given set of metaparameters
[2019-11-28 08:48:40] Computing probability of getting one or more extinctions for Delta=0
[2019-11-28 08:48:40] Probability of getting one or more extinctions for Delta=0 is 0
[2019-11-28 08:48:40] Computing probability of getting one or more extinctions for Delta=1
[2019-11-28 08:48:41] Probability of getting one or more extinctions for Delta=1 is 1
[2019-11-28 08:48:41] We first find a rough interval where the critical delta should lie (each point computed by the solver is estimated with 100 runs)
[2019-11-28 08:48:41] Computing probability of getting one or more extinctions for Delta=0.5
[2019-11-28 08:48:41] Probability of getting one or more extinctions for Delta=0.5 is 1
[2019-11-28 08:48:41] Computing probability of getting one or more extinctions for Delta=0.25
[2019-11-28 08:48:41] Probability of getting one or more extinctions for Delta=0.25 is 1
[2019-11-28 08:48:41] Computing probability of getting one or more extinctions for Delta=0.125
[2019-11-28 08:48:42] Probability of getting one or more extinctions for Delta=0.125 is 1
[2019-11-28 08:48:42] Computing probability of getting one or more extinctions for Delta=0.0625
[2019-11-28 08:48:43] Probability of getting one or more extinctions for Delta=0.0625 is 1
[2019-11-28 08:48:43] Computing probability of getting one or more extinctions for Delta=0.03125
[2019-11-28 08:48:48] Probability of getting one or more extinctions for Delta=0.03125 is 0.98
[2019-11-28 08:48:48] Computing probability of getting one or more extinctions for Delta=0.0159439
[2019-11-28 08:49:20] Probability of getting one or more extinctions for Delta=0.0159439 is 0.75
[2019-11-28 08:49:20] Computing probability of getting one or more extinctions for Delta=0.00485248
[2019-11-28 08:51:10] Probability of getting one or more extinctions for Delta=0.00485248 is 0.05
[2019-11-28 08:51:10] Computing probability of getting one or more extinctions for Delta=0.0119827
[2019-11-28 08:52:07] Probability of getting one or more extinctions for Delta=0.0119827 is 0.55
[2019-11-28 08:52:07] Computing probability of getting one or more extinctions for Delta=0.0110914
[2019-11-28 08:53:29] Probability of getting one or more extinctions for Delta=0.0110914 is 0.45
[2019-11-28 08:53:29] Found an interval for Delta critical : [0.0110914;0.0119827]
[2019-11-28 08:53:29] Now computing the probability of getting more than one extinction for ten points inside this interval (1000 runs per point)
[2019-11-28 08:53:29] Computing probability of getting one or more extinctions for Delta=0.0110914
[2019-11-28 09:05:15] Probability of getting one or more extinctions for Delta=0.0110914 is 0.52
[2019-11-28 09:05:15] Computing probability of getting one or more extinctions for Delta=0.0111904
[2019-11-28 09:17:01] Probability of getting one or more extinctions for Delta=0.0111904 is 0.522
[2019-11-28 09:17:01] Computing probability of getting one or more extinctions for Delta=0.0112895
[2019-11-28 09:28:37] Probability of getting one or more extinctions for Delta=0.0112895 is 0.567
[2019-11-28 09:28:37] Computing probability of getting one or more extinctions for Delta=0.0113885
[2019-11-28 09:40:17] Probability of getting one or more extinctions for Delta=0.0113885 is 0.575
[2019-11-28 09:40:17] Computing probability of getting one or more extinctions for Delta=0.0114875
[2019-11-28 09:51:04] Probability of getting one or more extinctions for Delta=0.0114875 is 0.574
[2019-11-28 09:51:04] Computing probability of getting one or more extinctions for Delta=0.0115865
[2019-11-28 10:06:17] Probability of getting one or more extinctions for Delta=0.0115865 is 0.568
[2019-11-28 10:06:17] Computing probability of getting one or more extinctions for Delta=0.0116856
[2019-11-28 10:17:17] Probability of getting one or more extinctions for Delta=0.0116856 is 0.569
[2019-11-28 10:17:17] Computing probability of getting one or more extinctions for Delta=0.0117846
[2019-11-28 10:28:30] Probability of getting one or more extinctions for Delta=0.0117846 is 0.567
[2019-11-28 10:28:30] Computing probability of getting one or more extinctions for Delta=0.0118836
[2019-11-28 10:41:49] Probability of getting one or more extinctions for Delta=0.0118836 is 0.571
[2019-11-28 10:41:49] Computing probability of getting one or more extinctions for Delta=0.0119827
[2019-11-28 10:51:53] Probability of getting one or more extinctions for Delta=0.0119827 is 0.579
[2019-11-28 10:51:53] Now fitting the 10 chosen into the specific function
[2019-11-28 10:51:53] Now we find the zero of the fit to determine delta critical (parameters = -647.706 166880 -1.43286e+07 4.10037e+08)
[2019-11-28 10:51:53] We interpret the fitting parameters as coefficients of a degree 3 polynomial (which should be true, please check that)
[2019-11-28 10:51:53]  zero estimated at 0.0110602
[2019-11-28 10:51:53] Computed critical delta for ./matrices/Nr25_Nc25/RandTrix_Nr25_Nc25_Nest0.4_Conn0.272.txt
[2019-11-28 10:51:53] Attempting now to find the critical delta for the given set of metaparameters
[2019-11-28 10:51:53] Computing probability of getting one or more extinctions for Delta=0
[2019-11-28 10:51:53] Probability of getting one or more extinctions for Delta=0 is 0
[2019-11-28 10:51:53] Computing probability of getting one or more extinctions for Delta=1
[2019-11-28 10:51:53] Probability of getting one or more extinctions for Delta=1 is 1
[2019-11-28 10:51:53] We first find a rough interval where the critical delta should lie (each point computed by the solver is estimated with 100 runs)
[2019-11-28 10:51:53] Computing probability of getting one or more extinctions for Delta=0.5
[2019-11-28 10:51:53] Probability of getting one or more extinctions for Delta=0.5 is 1
[2019-11-28 10:51:53] Computing probability of getting one or more extinctions for Delta=0.25
[2019-11-28 10:51:54] Probability of getting one or more extinctions for Delta=0.25 is 1
[2019-11-28 10:51:54] Computing probability of getting one or more extinctions for Delta=0.125
[2019-11-28 10:51:54] Probability of getting one or more extinctions for Delta=0.125 is 1
[2019-11-28 10:51:54] Computing probability of getting one or more extinctions for Delta=0.0625
[2019-11-28 10:51:55] Probability of getting one or more extinctions for Delta=0.0625 is 1
[2019-11-28 10:51:55] Computing probability of getting one or more extinctions for Delta=0.03125
[2019-11-28 10:52:00] Probability of getting one or more extinctions for Delta=0.03125 is 0.99
[2019-11-28 10:52:00] Computing probability of getting one or more extinctions for Delta=0.0157828
[2019-11-28 10:53:51] Probability of getting one or more extinctions for Delta=0.0157828 is 0.59
[2019-11-28 10:53:51] Computing probability of getting one or more extinctions for Delta=0.0128336
[2019-11-28 10:56:34] Probability of getting one or more extinctions for Delta=0.0128336 is 0.47
[2019-11-28 10:56:34] Computing probability of getting one or more extinctions for Delta=0.0135709
[2019-11-28 10:57:57] Probability of getting one or more extinctions for Delta=0.0135709 is 0.57
[2019-11-28 10:57:57] Found an interval for Delta critical : [0.0128336;0.0135709]
[2019-11-28 10:57:57] Now computing the probability of getting more than one extinction for ten points inside this interval (1000 runs per point)
[2019-11-28 10:57:57] Computing probability of getting one or more extinctions for Delta=0.0128336
[2019-11-28 11:20:00] Probability of getting one or more extinctions for Delta=0.0128336 is 0.506
[2019-11-28 11:20:00] Computing probability of getting one or more extinctions for Delta=0.0129155
[2019-11-28 11:41:40] Probability of getting one or more extinctions for Delta=0.0129155 is 0.523
[2019-11-28 11:41:40] Computing probability of getting one or more extinctions for Delta=0.0129974
[2019-11-28 12:05:31] Probability of getting one or more extinctions for Delta=0.0129974 is 0.498
[2019-11-28 12:05:31] Computing probability of getting one or more extinctions for Delta=0.0130794
[2019-11-28 12:25:53] Probability of getting one or more extinctions for Delta=0.0130794 is 0.517
[2019-11-28 12:25:53] Computing probability of getting one or more extinctions for Delta=0.0131613
[2019-11-28 12:47:29] Probability of getting one or more extinctions for Delta=0.0131613 is 0.516
[2019-11-28 12:47:29] Computing probability of getting one or more extinctions for Delta=0.0132432
[2019-11-28 13:10:55] Probability of getting one or more extinctions for Delta=0.0132432 is 0.546
[2019-11-28 13:10:55] Computing probability of getting one or more extinctions for Delta=0.0133251
[2019-11-28 13:33:41] Probability of getting one or more extinctions for Delta=0.0133251 is 0.522
[2019-11-28 13:33:41] Computing probability of getting one or more extinctions for Delta=0.013407
[2019-11-28 13:54:35] Probability of getting one or more extinctions for Delta=0.013407 is 0.526
[2019-11-28 13:54:35] Computing probability of getting one or more extinctions for Delta=0.013489
[2019-11-28 14:13:35] Probability of getting one or more extinctions for Delta=0.013489 is 0.531
[2019-11-28 14:13:35] Computing probability of getting one or more extinctions for Delta=0.0135709
[2019-11-28 14:35:27] Probability of getting one or more extinctions for Delta=0.0135709 is 0.536
[2019-11-28 14:35:27] Now fitting the 10 chosen into the specific function
[2019-11-28 14:35:27] Now we find the zero of the fit to determine delta critical (parameters = 278.948 -63697.2 4.84487e+06 -1.22738e+08)
[2019-11-28 14:35:27] We interpret the fitting parameters as coefficients of a degree 3 polynomial (which should be true, please check that)
[2019-11-28 14:35:27]  zero estimated at 0.013949
[2019-11-28 14:35:27] Computed critical delta for ./matrices/Nr25_Nc25/RandTrix_Nr25_Nc25_Nest0.4_Conn0.3312.txt
[2019-11-28 14:35:27] Attempting now to find the critical delta for the given set of metaparameters
[2019-11-28 14:35:27] Computing probability of getting one or more extinctions for Delta=0
[2019-11-28 14:35:27] Probability of getting one or more extinctions for Delta=0 is 0
[2019-11-28 14:35:27] Computing probability of getting one or more extinctions for Delta=1
[2019-11-28 14:35:27] Probability of getting one or more extinctions for Delta=1 is 1
[2019-11-28 14:35:27] We first find a rough interval where the critical delta should lie (each point computed by the solver is estimated with 100 runs)
[2019-11-28 14:35:27] Computing probability of getting one or more extinctions for Delta=0.5
[2019-11-28 14:35:27] Probability of getting one or more extinctions for Delta=0.5 is 1
[2019-11-28 14:35:27] Computing probability of getting one or more extinctions for Delta=0.25
[2019-11-28 14:35:28] Probability of getting one or more extinctions for Delta=0.25 is 1
[2019-11-28 14:35:28] Computing probability of getting one or more extinctions for Delta=0.125
[2019-11-28 14:35:28] Probability of getting one or more extinctions for Delta=0.125 is 1
[2019-11-28 14:35:28] Computing probability of getting one or more extinctions for Delta=0.0625
[2019-11-28 14:35:29] Probability of getting one or more extinctions for Delta=0.0625 is 1
[2019-11-28 14:35:29] Computing probability of getting one or more extinctions for Delta=0.03125
[2019-11-28 14:35:35] Probability of getting one or more extinctions for Delta=0.03125 is 0.95
[2019-11-28 14:35:35] Computing probability of getting one or more extinctions for Delta=0.0164474
[2019-11-28 14:36:23] Probability of getting one or more extinctions for Delta=0.0164474 is 0.56
[2019-11-28 14:36:23] Computing probability of getting one or more extinctions for Delta=0.014414
[2019-11-28 14:37:06] Probability of getting one or more extinctions for Delta=0.014414 is 0.47
[2019-11-28 14:37:06] Computing probability of getting one or more extinctions for Delta=0.0150918
[2019-11-28 14:37:49] Probability of getting one or more extinctions for Delta=0.0150918 is 0.33
[2019-11-28 14:37:49] Found an interval for Delta critical : [0.0150918;0.0164474]
[2019-11-28 14:37:49] Now computing the probability of getting more than one extinction for ten points inside this interval (1000 runs per point)
[2019-11-28 14:37:49] Computing probability of getting one or more extinctions for Delta=0.0150918
[2019-11-28 14:45:08] Probability of getting one or more extinctions for Delta=0.0150918 is 0.457
[2019-11-28 14:45:08] Computing probability of getting one or more extinctions for Delta=0.0152424
[2019-11-28 14:52:12] Probability of getting one or more extinctions for Delta=0.0152424 is 0.427
[2019-11-28 14:52:12] Computing probability of getting one or more extinctions for Delta=0.015393
[2019-11-28 14:59:37] Probability of getting one or more extinctions for Delta=0.015393 is 0.442
[2019-11-28 14:59:37] Computing probability of getting one or more extinctions for Delta=0.0155437
[2019-11-28 15:07:55] Probability of getting one or more extinctions for Delta=0.0155437 is 0.419
[2019-11-28 15:07:55] Computing probability of getting one or more extinctions for Delta=0.0156943
[2019-11-28 15:15:02] Probability of getting one or more extinctions for Delta=0.0156943 is 0.47
[2019-11-28 15:15:02] Computing probability of getting one or more extinctions for Delta=0.0158449
[2019-11-28 15:23:07] Probability of getting one or more extinctions for Delta=0.0158449 is 0.431
[2019-11-28 15:23:07] Computing probability of getting one or more extinctions for Delta=0.0159955
[2019-11-28 15:30:43] Probability of getting one or more extinctions for Delta=0.0159955 is 0.446
[2019-11-28 15:30:43] Computing probability of getting one or more extinctions for Delta=0.0161461
[2019-11-28 15:37:38] Probability of getting one or more extinctions for Delta=0.0161461 is 0.493
[2019-11-28 15:37:38] Computing probability of getting one or more extinctions for Delta=0.0162968
[2019-11-28 15:44:29] Probability of getting one or more extinctions for Delta=0.0162968 is 0.512
[2019-11-28 15:44:29] Computing probability of getting one or more extinctions for Delta=0.0164474
[2019-11-28 15:50:50] Probability of getting one or more extinctions for Delta=0.0164474 is 0.501
[2019-11-28 15:50:50] Now fitting the 10 chosen into the specific function
[2019-11-28 15:50:50] Now we find the zero of the fit to determine delta critical (parameters = 352.765 -65985.2 4.10726e+06 -8.50816e+07)
[2019-11-28 15:50:50] We interpret the fitting parameters as coefficients of a degree 3 polynomial (which should be true, please check that)
[2019-11-28 15:50:50] Found three potential roots, compute which one is the best (100 runs per point)
[2019-11-28 15:50:50] Please implement the different equilibrium modes in case of three roots
[2019-11-28 15:50:50]  zero estimated at -1
[2019-11-28 15:50:50] Computed critical delta for ./matrices/Nr25_Nc25/RandTrix_Nr25_Nc25_Nest0.4_Conn0.3712.txt
[2019-11-28 15:50:50] Attempting now to find the critical delta for the given set of metaparameters
[2019-11-28 15:50:50] Computing probability of getting one or more extinctions for Delta=0
[2019-11-28 15:50:50] Probability of getting one or more extinctions for Delta=0 is 0
[2019-11-28 15:50:50] Computing probability of getting one or more extinctions for Delta=1
[2019-11-28 15:50:50] Probability of getting one or more extinctions for Delta=1 is 1
[2019-11-28 15:50:50] We first find a rough interval where the critical delta should lie (each point computed by the solver is estimated with 100 runs)
[2019-11-28 15:50:50] Computing probability of getting one or more extinctions for Delta=0.5
[2019-11-28 15:50:51] Probability of getting one or more extinctions for Delta=0.5 is 1
[2019-11-28 15:50:51] Computing probability of getting one or more extinctions for Delta=0.25
[2019-11-28 15:50:51] Probability of getting one or more extinctions for Delta=0.25 is 0.96
[2019-11-28 15:50:51] Computing probability of getting one or more extinctions for Delta=0.130208
[2019-11-28 15:50:52] Probability of getting one or more extinctions for Delta=0.130208 is 0.96
[2019-11-28 15:50:52] Computing probability of getting one or more extinctions for Delta=0.0651042
[2019-11-28 15:50:53] Probability of getting one or more extinctions for Delta=0.0651042 is 0.84
[2019-11-28 15:50:53] Computing probability of getting one or more extinctions for Delta=0.0325521
[2019-11-28 15:50:55] Probability of getting one or more extinctions for Delta=0.0325521 is 0.27
[2019-11-28 15:50:55] Computing probability of getting one or more extinctions for Delta=0.0456871
[2019-11-28 15:50:57] Probability of getting one or more extinctions for Delta=0.0456871 is 0.67
[2019-11-28 15:50:57] Computing probability of getting one or more extinctions for Delta=0.0401047
[2019-11-28 15:51:00] Probability of getting one or more extinctions for Delta=0.0401047 is 0.51
[2019-11-28 15:51:00] Computing probability of getting one or more extinctions for Delta=0.0397704
[2019-11-28 15:51:02] Probability of getting one or more extinctions for Delta=0.0397704 is 0.52
[2019-11-28 15:51:02] Computing probability of getting one or more extinctions for Delta=0.0361612
[2019-11-28 15:51:04] Probability of getting one or more extinctions for Delta=0.0361612 is 0.46
[2019-11-28 15:51:04] Found an interval for Delta critical : [0.0361612;0.0397704]
[2019-11-28 15:51:04] Now computing the probability of getting more than one extinction for ten points inside this interval (1000 runs per point)
[2019-11-28 15:51:04] Computing probability of getting one or more extinctions for Delta=0.0361612
[2019-11-28 15:51:30] Probability of getting one or more extinctions for Delta=0.0361612 is 0.41
[2019-11-28 15:51:30] Computing probability of getting one or more extinctions for Delta=0.0365622
[2019-11-28 15:51:55] Probability of getting one or more extinctions for Delta=0.0365622 is 0.437
[2019-11-28 15:51:55] Computing probability of getting one or more extinctions for Delta=0.0369633
[2019-11-28 15:52:21] Probability of getting one or more extinctions for Delta=0.0369633 is 0.433
[2019-11-28 15:52:21] Computing probability of getting one or more extinctions for Delta=0.0373643
[2019-11-28 15:52:47] Probability of getting one or more extinctions for Delta=0.0373643 is 0.454
[2019-11-28 15:52:47] Computing probability of getting one or more extinctions for Delta=0.0377653
[2019-11-28 15:53:10] Probability of getting one or more extinctions for Delta=0.0377653 is 0.453
[2019-11-28 15:53:10] Computing probability of getting one or more extinctions for Delta=0.0381663
[2019-11-28 15:53:36] Probability of getting one or more extinctions for Delta=0.0381663 is 0.494
[2019-11-28 15:53:36] Computing probability of getting one or more extinctions for Delta=0.0385673
[2019-11-28 15:53:59] Probability of getting one or more extinctions for Delta=0.0385673 is 0.509
[2019-11-28 15:53:59] Computing probability of getting one or more extinctions for Delta=0.0389683
[2019-11-28 15:54:20] Probability of getting one or more extinctions for Delta=0.0389683 is 0.492
[2019-11-28 15:54:20] Computing probability of getting one or more extinctions for Delta=0.0393694
[2019-11-28 15:54:44] Probability of getting one or more extinctions for Delta=0.0393694 is 0.488
[2019-11-28 15:54:44] Computing probability of getting one or more extinctions for Delta=0.0397704
[2019-11-28 15:55:07] Probability of getting one or more extinctions for Delta=0.0397704 is 0.548
[2019-11-28 15:55:07] Now fitting the 10 chosen into the specific function
[2019-11-28 15:55:07] Now we find the zero of the fit to determine delta critical (parameters = -136.021 10690.5 -280806 2.46461e+06)
[2019-11-28 15:55:07] We interpret the fitting parameters as coefficients of a degree 3 polynomial (which should be true, please check that)
[2019-11-28 15:55:07]  zero estimated at 0.038959
[2019-11-28 15:55:07] Computed critical delta for ./matrices/Nr25_Nc25/RandTrix_Nr25_Nc25_Nest0.55_Conn0.0848.txt
[2019-11-28 15:55:07] Attempting now to find the critical delta for the given set of metaparameters
[2019-11-28 15:55:07] Computing probability of getting one or more extinctions for Delta=0
[2019-11-28 15:55:07] Probability of getting one or more extinctions for Delta=0 is 0
[2019-11-28 15:55:07] Computing probability of getting one or more extinctions for Delta=1
[2019-11-28 15:55:08] Probability of getting one or more extinctions for Delta=1 is 1
[2019-11-28 15:55:08] We first find a rough interval where the critical delta should lie (each point computed by the solver is estimated with 100 runs)
[2019-11-28 15:55:08] Computing probability of getting one or more extinctions for Delta=0.5
[2019-11-28 15:55:08] Probability of getting one or more extinctions for Delta=0.5 is 1
[2019-11-28 15:55:08] Computing probability of getting one or more extinctions for Delta=0.25
[2019-11-28 15:55:08] Probability of getting one or more extinctions for Delta=0.25 is 1
[2019-11-28 15:55:08] Computing probability of getting one or more extinctions for Delta=0.125
[2019-11-28 15:55:09] Probability of getting one or more extinctions for Delta=0.125 is 1
[2019-11-28 15:55:09] Computing probability of getting one or more extinctions for Delta=0.0625
[2019-11-28 15:55:11] Probability of getting one or more extinctions for Delta=0.0625 is 0.9
[2019-11-28 15:55:11] Computing probability of getting one or more extinctions for Delta=0.0347222
[2019-11-28 15:55:15] Probability of getting one or more extinctions for Delta=0.0347222 is 0.49
[2019-11-28 15:55:15] Computing probability of getting one or more extinctions for Delta=0.0353997
[2019-11-28 15:55:19] Probability of getting one or more extinctions for Delta=0.0353997 is 0.33
[2019-11-28 15:55:19] Computing probability of getting one or more extinctions for Delta=0.0489499
[2019-11-28 15:55:21] Probability of getting one or more extinctions for Delta=0.0489499 is 0.77
[2019-11-28 15:55:21] Computing probability of getting one or more extinctions for Delta=0.040635
[2019-11-28 15:55:25] Probability of getting one or more extinctions for Delta=0.040635 is 0.53
[2019-11-28 15:55:25] Computing probability of getting one or more extinctions for Delta=0.0398497
[2019-11-28 15:55:30] Probability of getting one or more extinctions for Delta=0.0398497 is 0.46
[2019-11-28 15:55:30] Found an interval for Delta critical : [0.0398497;0.040635]
[2019-11-28 15:55:30] Now computing the probability of getting more than one extinction for ten points inside this interval (1000 runs per point)
[2019-11-28 15:55:30] Computing probability of getting one or more extinctions for Delta=0.0398497
[2019-11-28 15:56:13] Probability of getting one or more extinctions for Delta=0.0398497 is 0.498
[2019-11-28 15:56:13] Computing probability of getting one or more extinctions for Delta=0.039937
[2019-11-28 15:56:57] Probability of getting one or more extinctions for Delta=0.039937 is 0.505
[2019-11-28 15:56:57] Computing probability of getting one or more extinctions for Delta=0.0400242
[2019-11-28 15:57:37] Probability of getting one or more extinctions for Delta=0.0400242 is 0.51
[2019-11-28 15:57:37] Computing probability of getting one or more extinctions for Delta=0.0401115
[2019-11-28 15:58:16] Probability of getting one or more extinctions for Delta=0.0401115 is 0.535
[2019-11-28 15:58:16] Computing probability of getting one or more extinctions for Delta=0.0401987
[2019-11-28 15:58:58] Probability of getting one or more extinctions for Delta=0.0401987 is 0.531
[2019-11-28 15:58:58] Computing probability of getting one or more extinctions for Delta=0.040286
[2019-11-28 15:59:39] Probability of getting one or more extinctions for Delta=0.040286 is 0.524
[2019-11-28 15:59:39] Computing probability of getting one or more extinctions for Delta=0.0403732
[2019-11-28 16:00:21] Probability of getting one or more extinctions for Delta=0.0403732 is 0.523
[2019-11-28 16:00:21] Computing probability of getting one or more extinctions for Delta=0.0404605
[2019-11-28 16:01:01] Probability of getting one or more extinctions for Delta=0.0404605 is 0.533
[2019-11-28 16:01:01] Computing probability of getting one or more extinctions for Delta=0.0405478
[2019-11-28 16:01:44] Probability of getting one or more extinctions for Delta=0.0405478 is 0.532
[2019-11-28 16:01:44] Computing probability of getting one or more extinctions for Delta=0.040635
[2019-11-28 16:02:26] Probability of getting one or more extinctions for Delta=0.040635 is 0.525
[2019-11-28 16:02:26] Now fitting the 10 chosen into the specific function
[2019-11-28 16:02:26] Now we find the zero of the fit to determine delta critical (parameters = -5632.45 415336 -1.02083e+07 8.36298e+07)
[2019-11-28 16:02:26] We interpret the fitting parameters as coefficients of a degree 3 polynomial (which should be true, please check that)
[2019-11-28 16:02:26]  zero estimated at 0.0398754
[2019-11-28 16:02:26] Computed critical delta for ./matrices/Nr25_Nc25/RandTrix_Nr25_Nc25_Nest0.55_Conn0.1232.txt
[2019-11-28 16:02:26] Attempting now to find the critical delta for the given set of metaparameters
[2019-11-28 16:02:26] Computing probability of getting one or more extinctions for Delta=0
[2019-11-28 16:02:26] Probability of getting one or more extinctions for Delta=0 is 0
[2019-11-28 16:02:26] Computing probability of getting one or more extinctions for Delta=1
[2019-11-28 16:02:26] Probability of getting one or more extinctions for Delta=1 is 1
[2019-11-28 16:02:26] We first find a rough interval where the critical delta should lie (each point computed by the solver is estimated with 100 runs)
[2019-11-28 16:02:26] Computing probability of getting one or more extinctions for Delta=0.5
[2019-11-28 16:02:27] Probability of getting one or more extinctions for Delta=0.5 is 1
[2019-11-28 16:02:27] Computing probability of getting one or more extinctions for Delta=0.25
[2019-11-28 16:02:27] Probability of getting one or more extinctions for Delta=0.25 is 1
[2019-11-28 16:02:27] Computing probability of getting one or more extinctions for Delta=0.125
[2019-11-28 16:02:28] Probability of getting one or more extinctions for Delta=0.125 is 1
[2019-11-28 16:02:28] Computing probability of getting one or more extinctions for Delta=0.0625
[2019-11-28 16:02:29] Probability of getting one or more extinctions for Delta=0.0625 is 0.99
[2019-11-28 16:02:29] Computing probability of getting one or more extinctions for Delta=0.0315657
[2019-11-28 16:02:34] Probability of getting one or more extinctions for Delta=0.0315657 is 0.91
[2019-11-28 16:02:34] Computing probability of getting one or more extinctions for Delta=0.0157828
[2019-11-28 16:02:50] Probability of getting one or more extinctions for Delta=0.0157828 is 0.29
[2019-11-28 16:02:50] Computing probability of getting one or more extinctions for Delta=0.0211286
[2019-11-28 16:03:00] Probability of getting one or more extinctions for Delta=0.0211286 is 0.59
[2019-11-28 16:03:00] Computing probability of getting one or more extinctions for Delta=0.0195249
[2019-11-28 16:03:14] Probability of getting one or more extinctions for Delta=0.0195249 is 0.46
[2019-11-28 16:03:14] Found an interval for Delta critical : [0.0195249;0.0211286]
[2019-11-28 16:03:14] Now computing the probability of getting more than one extinction for ten points inside this interval (1000 runs per point)
[2019-11-28 16:03:14] Computing probability of getting one or more extinctions for Delta=0.0195249
[2019-11-28 16:05:31] Probability of getting one or more extinctions for Delta=0.0195249 is 0.519
[2019-11-28 16:05:31] Computing probability of getting one or more extinctions for Delta=0.0197031
[2019-11-28 16:07:37] Probability of getting one or more extinctions for Delta=0.0197031 is 0.547
[2019-11-28 16:07:37] Computing probability of getting one or more extinctions for Delta=0.0198813
[2019-11-28 16:09:43] Probability of getting one or more extinctions for Delta=0.0198813 is 0.525
[2019-11-28 16:09:43] Computing probability of getting one or more extinctions for Delta=0.0200595
[2019-11-28 16:11:40] Probability of getting one or more extinctions for Delta=0.0200595 is 0.567
[2019-11-28 16:11:40] Computing probability of getting one or more extinctions for Delta=0.0202377
[2019-11-28 16:13:41] Probability of getting one or more extinctions for Delta=0.0202377 is 0.555
[2019-11-28 16:13:41] Computing probability of getting one or more extinctions for Delta=0.0204159
[2019-11-28 16:15:33] Probability of getting one or more extinctions for Delta=0.0204159 is 0.58
[2019-11-28 16:15:33] Computing probability of getting one or more extinctions for Delta=0.020594
[2019-11-28 16:17:38] Probability of getting one or more extinctions for Delta=0.020594 is 0.552
[2019-11-28 16:17:38] Computing probability of getting one or more extinctions for Delta=0.0207722
[2019-11-28 16:19:46] Probability of getting one or more extinctions for Delta=0.0207722 is 0.581
[2019-11-28 16:19:46] Computing probability of getting one or more extinctions for Delta=0.0209504
[2019-11-28 16:21:48] Probability of getting one or more extinctions for Delta=0.0209504 is 0.578
[2019-11-28 16:21:48] Computing probability of getting one or more extinctions for Delta=0.0211286
[2019-11-28 16:23:36] Probability of getting one or more extinctions for Delta=0.0211286 is 0.611
[2019-11-28 16:23:36] Now fitting the 10 chosen into the specific function
[2019-11-28 16:23:36] Now we find the zero of the fit to determine delta critical (parameters = -470.426 69467.4 -3.41986e+06 5.61342e+07)
[2019-11-28 16:23:36] We interpret the fitting parameters as coefficients of a degree 3 polynomial (which should be true, please check that)
[2019-11-28 16:23:36]  zero estimated at 0.0193886
[2019-11-28 16:23:36] Computed critical delta for ./matrices/Nr25_Nc25/RandTrix_Nr25_Nc25_Nest0.55_Conn0.168.txt
[2019-11-28 16:23:36] Attempting now to find the critical delta for the given set of metaparameters
[2019-11-28 16:23:36] Computing probability of getting one or more extinctions for Delta=0
[2019-11-28 16:23:36] Probability of getting one or more extinctions for Delta=0 is 0
[2019-11-28 16:23:36] Computing probability of getting one or more extinctions for Delta=1
[2019-11-28 16:23:37] Probability of getting one or more extinctions for Delta=1 is 1
[2019-11-28 16:23:37] We first find a rough interval where the critical delta should lie (each point computed by the solver is estimated with 100 runs)
[2019-11-28 16:23:37] Computing probability of getting one or more extinctions for Delta=0.5
[2019-11-28 16:23:37] Probability of getting one or more extinctions for Delta=0.5 is 1
[2019-11-28 16:23:37] Computing probability of getting one or more extinctions for Delta=0.25
[2019-11-28 16:23:37] Probability of getting one or more extinctions for Delta=0.25 is 1
[2019-11-28 16:23:37] Computing probability of getting one or more extinctions for Delta=0.125
[2019-11-28 16:23:38] Probability of getting one or more extinctions for Delta=0.125 is 1
[2019-11-28 16:23:38] Computing probability of getting one or more extinctions for Delta=0.0625
[2019-11-28 16:23:39] Probability of getting one or more extinctions for Delta=0.0625 is 1
[2019-11-28 16:23:39] Computing probability of getting one or more extinctions for Delta=0.03125
[2019-11-28 16:23:44] Probability of getting one or more extinctions for Delta=0.03125 is 0.98
[2019-11-28 16:23:44] Computing probability of getting one or more extinctions for Delta=0.0159439
[2019-11-28 16:24:17] Probability of getting one or more extinctions for Delta=0.0159439 is 0.75
[2019-11-28 16:24:17] Computing probability of getting one or more extinctions for Delta=0.00485248
[2019-11-28 16:26:04] Probability of getting one or more extinctions for Delta=0.00485248 is 0.02
[2019-11-28 16:26:04] Computing probability of getting one or more extinctions for Delta=0.0121455
[2019-11-28 16:26:52] Probability of getting one or more extinctions for Delta=0.0121455 is 0.59
[2019-11-28 16:26:52] Computing probability of getting one or more extinctions for Delta=0.0103462
[2019-11-28 16:28:08] Probability of getting one or more extinctions for Delta=0.0103462 is 0.31
[2019-11-28 16:28:08] Computing probability of getting one or more extinctions for Delta=0.0115671
[2019-11-28 16:29:24] Probability of getting one or more extinctions for Delta=0.0115671 is 0.48
[2019-11-28 16:29:24] Found an interval for Delta critical : [0.0115671;0.0121455]
[2019-11-28 16:29:24] Now computing the probability of getting more than one extinction for ten points inside this interval (1000 runs per point)
[2019-11-28 16:29:24] Computing probability of getting one or more extinctions for Delta=0.0115671
[2019-11-28 16:40:19] Probability of getting one or more extinctions for Delta=0.0115671 is 0.432
[2019-11-28 16:40:19] Computing probability of getting one or more extinctions for Delta=0.0116314
[2019-11-28 16:51:15] Probability of getting one or more extinctions for Delta=0.0116314 is 0.47
[2019-11-28 16:51:15] Computing probability of getting one or more extinctions for Delta=0.0116956
[2019-11-28 17:01:58] Probability of getting one or more extinctions for Delta=0.0116956 is 0.505
[2019-11-28 17:01:58] Computing probability of getting one or more extinctions for Delta=0.0117599
[2019-11-28 17:10:45] Probability of getting one or more extinctions for Delta=0.0117599 is 0.468
[2019-11-28 17:10:45] Computing probability of getting one or more extinctions for Delta=0.0118242
[2019-11-28 17:20:33] Probability of getting one or more extinctions for Delta=0.0118242 is 0.462
[2019-11-28 17:20:33] Computing probability of getting one or more extinctions for Delta=0.0118884
[2019-11-28 17:30:41] Probability of getting one or more extinctions for Delta=0.0118884 is 0.476
[2019-11-28 17:30:41] Computing probability of getting one or more extinctions for Delta=0.0119527
[2019-11-28 17:41:09] Probability of getting one or more extinctions for Delta=0.0119527 is 0.502
[2019-11-28 17:41:09] Computing probability of getting one or more extinctions for Delta=0.0120169
[2019-11-28 17:52:08] Probability of getting one or more extinctions for Delta=0.0120169 is 0.443
[2019-11-28 17:52:08] Computing probability of getting one or more extinctions for Delta=0.0120812
[2019-11-28 18:02:19] Probability of getting one or more extinctions for Delta=0.0120812 is 0.473
[2019-11-28 18:02:19] Computing probability of getting one or more extinctions for Delta=0.0121455
[2019-11-28 18:12:02] Probability of getting one or more extinctions for Delta=0.0121455 is 0.505
[2019-11-28 18:12:02] Now fitting the 10 chosen into the specific function
[2019-11-28 18:12:02] Now we find the zero of the fit to determine delta critical (parameters = -4855.87 1.22783e+06 -1.03477e+08 2.90656e+09)
[2019-11-28 18:12:02] We interpret the fitting parameters as coefficients of a degree 3 polynomial (which should be true, please check that)
[2019-11-28 18:12:02]  zero estimated at 0.0121425
[2019-11-28 18:12:02] Computed critical delta for ./matrices/Nr25_Nc25/RandTrix_Nr25_Nc25_Nest0.55_Conn0.216.txt
[2019-11-28 18:12:02] Attempting now to find the critical delta for the given set of metaparameters
[2019-11-28 18:12:02] Computing probability of getting one or more extinctions for Delta=0
[2019-11-28 18:12:02] Cannot open file.
[2019-11-28 18:12:02] Returning empty food matrix
[2019-11-28 18:12:02] Problem in the food matrix, species 0 does not eat anything.
