[2019-11-29 20:00:18] Loading metaparameters from config/configuration_comparison_NR25_NS25_s075_a0.in
[2019-11-29 20:00:18] Successfully opened ./data_output/configuration_comparison_NR25_NS25_s075_a0_matrix_list_NR25_NS25_12.out, attempting now to find the critical delta of every listed matrix 
[2019-11-29 20:00:18] Attempting now to find the critical delta for the given set of metaparameters
[2019-11-29 20:00:18] Computing probability of getting one or more extinctions for Delta=0
[2019-11-29 20:00:18] Probability of getting one or more extinctions for Delta=0 is 0
[2019-11-29 20:00:18] Computing probability of getting one or more extinctions for Delta=1
[2019-11-29 20:00:19] Probability of getting one or more extinctions for Delta=1 is 1
[2019-11-29 20:00:19] We first find a rough interval where the critical delta should lie (each point computed by the solver is estimated with 100 runs)
[2019-11-29 20:00:19] Computing probability of getting one or more extinctions for Delta=0.5
[2019-11-29 20:00:19] Probability of getting one or more extinctions for Delta=0.5 is 1
[2019-11-29 20:00:19] Computing probability of getting one or more extinctions for Delta=0.25
[2019-11-29 20:00:19] Probability of getting one or more extinctions for Delta=0.25 is 1
[2019-11-29 20:00:19] Computing probability of getting one or more extinctions for Delta=0.125
[2019-11-29 20:00:20] Probability of getting one or more extinctions for Delta=0.125 is 0.99
[2019-11-29 20:00:20] Computing probability of getting one or more extinctions for Delta=0.0631313
[2019-11-29 20:00:22] Probability of getting one or more extinctions for Delta=0.0631313 is 0.9
[2019-11-29 20:00:22] Computing probability of getting one or more extinctions for Delta=0.0315657
[2019-11-29 20:00:25] Probability of getting one or more extinctions for Delta=0.0315657 is 0.27
[2019-11-29 20:00:25] Computing probability of getting one or more extinctions for Delta=0.0430896
[2019-11-29 20:00:29] Probability of getting one or more extinctions for Delta=0.0430896 is 0.64
[2019-11-29 20:00:29] Computing probability of getting one or more extinctions for Delta=0.0387292
[2019-11-29 20:00:33] Probability of getting one or more extinctions for Delta=0.0387292 is 0.52
[2019-11-29 20:00:33] Computing probability of getting one or more extinctions for Delta=0.0380606
[2019-11-29 20:00:36] Probability of getting one or more extinctions for Delta=0.0380606 is 0.46
[2019-11-29 20:00:36] Found an interval for Delta critical : [0.0380606;0.0387292]
[2019-11-29 20:00:36] Now computing the probability of getting more than one extinction for ten points inside this interval (1000 runs per point)
[2019-11-29 20:00:36] Computing probability of getting one or more extinctions for Delta=0.0380606
[2019-11-29 20:01:13] Probability of getting one or more extinctions for Delta=0.0380606 is 0.478
[2019-11-29 20:01:13] Computing probability of getting one or more extinctions for Delta=0.0381349
[2019-11-29 20:01:52] Probability of getting one or more extinctions for Delta=0.0381349 is 0.475
[2019-11-29 20:01:52] Computing probability of getting one or more extinctions for Delta=0.0382092
[2019-11-29 20:02:32] Probability of getting one or more extinctions for Delta=0.0382092 is 0.466
[2019-11-29 20:02:32] Computing probability of getting one or more extinctions for Delta=0.0382835
[2019-11-29 20:03:04] Probability of getting one or more extinctions for Delta=0.0382835 is 0.512
[2019-11-29 20:03:04] Computing probability of getting one or more extinctions for Delta=0.0383578
[2019-11-29 20:03:51] Probability of getting one or more extinctions for Delta=0.0383578 is 0.474
[2019-11-29 20:03:51] Computing probability of getting one or more extinctions for Delta=0.0384321
[2019-11-29 20:04:33] Probability of getting one or more extinctions for Delta=0.0384321 is 0.488
[2019-11-29 20:04:33] Computing probability of getting one or more extinctions for Delta=0.0385063
[2019-11-29 20:05:19] Probability of getting one or more extinctions for Delta=0.0385063 is 0.483
[2019-11-29 20:05:19] Computing probability of getting one or more extinctions for Delta=0.0385806
[2019-11-29 20:05:53] Probability of getting one or more extinctions for Delta=0.0385806 is 0.519
[2019-11-29 20:05:53] Computing probability of getting one or more extinctions for Delta=0.0386549
[2019-11-29 20:06:39] Probability of getting one or more extinctions for Delta=0.0386549 is 0.495
[2019-11-29 20:06:39] Computing probability of getting one or more extinctions for Delta=0.0387292
[2019-11-29 20:07:16] Probability of getting one or more extinctions for Delta=0.0387292 is 0.516
[2019-11-29 20:07:16] Now fitting the 10 chosen into the specific function
[2019-11-29 20:07:16] Now we find the zero of the fit to determine delta critical (parameters = 41.0645 -1052.12 -30218.3 775013)
[2019-11-29 20:07:16] We interpret the fitting parameters as coefficients of a degree 3 polynomial (which should be true, please check that)
[2019-11-29 20:07:16] Found three potential roots, compute which one is the best (100 runs per point)
[2019-11-29 20:07:16] Please implement the different equilibrium modes in case of three roots
[2019-11-29 20:07:16]  zero estimated at -1
[2019-11-29 20:07:16] Computed critical delta for ./matrices/Nr25_Nc25/RandTrix_Nr25_Nc25_Nest0.5_Conn0.128.txt
[2019-11-29 20:07:16] Attempting now to find the critical delta for the given set of metaparameters
[2019-11-29 20:07:16] Computing probability of getting one or more extinctions for Delta=0
[2019-11-29 20:07:16] Probability of getting one or more extinctions for Delta=0 is 0
[2019-11-29 20:07:16] Computing probability of getting one or more extinctions for Delta=1
[2019-11-29 20:07:16] Probability of getting one or more extinctions for Delta=1 is 1
[2019-11-29 20:07:16] We first find a rough interval where the critical delta should lie (each point computed by the solver is estimated with 100 runs)
[2019-11-29 20:07:16] Computing probability of getting one or more extinctions for Delta=0.5
[2019-11-29 20:07:17] Probability of getting one or more extinctions for Delta=0.5 is 1
[2019-11-29 20:07:17] Computing probability of getting one or more extinctions for Delta=0.25
[2019-11-29 20:07:18] Probability of getting one or more extinctions for Delta=0.25 is 1
[2019-11-29 20:07:18] Computing probability of getting one or more extinctions for Delta=0.125
[2019-11-29 20:07:19] Probability of getting one or more extinctions for Delta=0.125 is 1
[2019-11-29 20:07:19] Computing probability of getting one or more extinctions for Delta=0.0625
[2019-11-29 20:07:21] Probability of getting one or more extinctions for Delta=0.0625 is 0.97
[2019-11-29 20:07:21] Computing probability of getting one or more extinctions for Delta=0.0322165
[2019-11-29 20:07:25] Probability of getting one or more extinctions for Delta=0.0322165 is 0.5
[2019-11-29 20:07:25] Computing probability of getting one or more extinctions for Delta=0.0322165
[2019-11-29 20:07:32] Probability of getting one or more extinctions for Delta=0.0322165 is 0.5
[2019-11-29 20:07:32] Computing probability of getting one or more extinctions for Delta=0.0161082
[2019-11-29 20:07:37] Probability of getting one or more extinctions for Delta=0.0161082 is 0
[2019-11-29 20:07:37] Computing probability of getting one or more extinctions for Delta=0.0322165
[2019-11-29 20:07:43] Probability of getting one or more extinctions for Delta=0.0322165 is 0.44
[2019-11-29 20:07:43] Found an interval for Delta critical : [0.0322165;0.0322165]
[2019-11-29 20:07:43] Now computing the probability of getting more than one extinction for ten points inside this interval (1000 runs per point)
[2019-11-29 20:07:43] Computing probability of getting one or more extinctions for Delta=0.0322165
[2019-11-29 20:08:38] Probability of getting one or more extinctions for Delta=0.0322165 is 0.451
[2019-11-29 20:08:38] Computing probability of getting one or more extinctions for Delta=0.0322165
[2019-11-29 20:09:53] Probability of getting one or more extinctions for Delta=0.0322165 is 0.449
[2019-11-29 20:09:53] Computing probability of getting one or more extinctions for Delta=0.0322165
[2019-11-29 20:11:03] Probability of getting one or more extinctions for Delta=0.0322165 is 0.431
[2019-11-29 20:11:03] Computing probability of getting one or more extinctions for Delta=0.0322165
[2019-11-29 20:12:09] Probability of getting one or more extinctions for Delta=0.0322165 is 0.455
[2019-11-29 20:12:09] Computing probability of getting one or more extinctions for Delta=0.0322165
[2019-11-29 20:13:12] Probability of getting one or more extinctions for Delta=0.0322165 is 0.446
[2019-11-29 20:13:12] Computing probability of getting one or more extinctions for Delta=0.0322165
[2019-11-29 20:14:18] Probability of getting one or more extinctions for Delta=0.0322165 is 0.455
[2019-11-29 20:14:18] Computing probability of getting one or more extinctions for Delta=0.0322165
[2019-11-29 20:15:19] Probability of getting one or more extinctions for Delta=0.0322165 is 0.465
[2019-11-29 20:15:19] Computing probability of getting one or more extinctions for Delta=0.0322165
[2019-11-29 20:16:24] Probability of getting one or more extinctions for Delta=0.0322165 is 0.444
[2019-11-29 20:16:24] Computing probability of getting one or more extinctions for Delta=0.0322165
[2019-11-29 20:17:44] Probability of getting one or more extinctions for Delta=0.0322165 is 0.466
[2019-11-29 20:17:44] Computing probability of getting one or more extinctions for Delta=0.0322165
[2019-11-29 20:19:03] Probability of getting one or more extinctions for Delta=0.0322165 is 0.469
[2019-11-29 20:19:03] Now fitting the 10 chosen into the specific function
[2019-11-29 20:19:03] Now we find the zero of the fit to determine delta critical (parameters = 0.729952 -7.38228 -259.188 -8075.03)
[2019-11-29 20:19:03] We interpret the fitting parameters as coefficients of a degree 3 polynomial (which should be true, please check that)
[2019-11-29 20:19:03]  zero estimated at 0.0312439
[2019-11-29 20:19:03] Computed critical delta for ./matrices/Nr25_Nc25/RandTrix_Nr25_Nc25_Nest0.5_Conn0.1776.txt
[2019-11-29 20:19:03] Attempting now to find the critical delta for the given set of metaparameters
[2019-11-29 20:19:03] Computing probability of getting one or more extinctions for Delta=0
[2019-11-29 20:19:03] Probability of getting one or more extinctions for Delta=0 is 0
[2019-11-29 20:19:03] Computing probability of getting one or more extinctions for Delta=1
[2019-11-29 20:19:03] Probability of getting one or more extinctions for Delta=1 is 1
[2019-11-29 20:19:03] We first find a rough interval where the critical delta should lie (each point computed by the solver is estimated with 100 runs)
[2019-11-29 20:19:03] Computing probability of getting one or more extinctions for Delta=0.5
[2019-11-29 20:19:04] Probability of getting one or more extinctions for Delta=0.5 is 1
[2019-11-29 20:19:04] Computing probability of getting one or more extinctions for Delta=0.25
[2019-11-29 20:19:05] Probability of getting one or more extinctions for Delta=0.25 is 1
[2019-11-29 20:19:05] Computing probability of getting one or more extinctions for Delta=0.125
[2019-11-29 20:19:06] Probability of getting one or more extinctions for Delta=0.125 is 1
[2019-11-29 20:19:06] Computing probability of getting one or more extinctions for Delta=0.0625
[2019-11-29 20:19:08] Probability of getting one or more extinctions for Delta=0.0625 is 1
[2019-11-29 20:19:08] Computing probability of getting one or more extinctions for Delta=0.03125
[2019-11-29 20:19:13] Probability of getting one or more extinctions for Delta=0.03125 is 1
[2019-11-29 20:19:13] Computing probability of getting one or more extinctions for Delta=0.015625
[2019-11-29 20:20:05] Probability of getting one or more extinctions for Delta=0.015625 is 0.66
[2019-11-29 20:20:05] Computing probability of getting one or more extinctions for Delta=0.0118371
[2019-11-29 20:21:04] Probability of getting one or more extinctions for Delta=0.0118371 is 0.41
[2019-11-29 20:21:04] Computing probability of getting one or more extinctions for Delta=0.0132008
[2019-11-29 20:21:52] Probability of getting one or more extinctions for Delta=0.0132008 is 0.5
[2019-11-29 20:21:52] Computing probability of getting one or more extinctions for Delta=0.0132008
[2019-11-29 20:22:35] Probability of getting one or more extinctions for Delta=0.0132008 is 0.53
[2019-11-29 20:22:35] Computing probability of getting one or more extinctions for Delta=0.0125189
[2019-11-29 20:23:13] Probability of getting one or more extinctions for Delta=0.0125189 is 0.48
[2019-11-29 20:23:13] Found an interval for Delta critical : [0.0125189;0.0132008]
[2019-11-29 20:23:13] Now computing the probability of getting more than one extinction for ten points inside this interval (1000 runs per point)
[2019-11-29 20:23:13] Computing probability of getting one or more extinctions for Delta=0.0125189
[2019-11-29 20:33:08] Probability of getting one or more extinctions for Delta=0.0125189 is 0.491
[2019-11-29 20:33:08] Computing probability of getting one or more extinctions for Delta=0.0125947
[2019-11-29 20:41:29] Probability of getting one or more extinctions for Delta=0.0125947 is 0.494
[2019-11-29 20:41:29] Computing probability of getting one or more extinctions for Delta=0.0126705
[2019-11-29 20:49:38] Probability of getting one or more extinctions for Delta=0.0126705 is 0.492
[2019-11-29 20:49:38] Computing probability of getting one or more extinctions for Delta=0.0127462
[2019-11-29 20:58:25] Probability of getting one or more extinctions for Delta=0.0127462 is 0.532
[2019-11-29 20:58:25] Computing probability of getting one or more extinctions for Delta=0.012822
[2019-11-29 21:08:58] Probability of getting one or more extinctions for Delta=0.012822 is 0.514
[2019-11-29 21:08:58] Computing probability of getting one or more extinctions for Delta=0.0128977
[2019-11-29 21:16:17] Probability of getting one or more extinctions for Delta=0.0128977 is 0.524
[2019-11-29 21:16:17] Computing probability of getting one or more extinctions for Delta=0.0129735
[2019-11-29 21:25:19] Probability of getting one or more extinctions for Delta=0.0129735 is 0.522
[2019-11-29 21:25:19] Computing probability of getting one or more extinctions for Delta=0.0130492
[2019-11-29 21:33:05] Probability of getting one or more extinctions for Delta=0.0130492 is 0.544
[2019-11-29 21:33:05] Computing probability of getting one or more extinctions for Delta=0.013125
[2019-11-29 21:40:14] Probability of getting one or more extinctions for Delta=0.013125 is 0.534
[2019-11-29 21:40:14] Computing probability of getting one or more extinctions for Delta=0.0132008
[2019-11-29 21:47:14] Probability of getting one or more extinctions for Delta=0.0132008 is 0.558
[2019-11-29 21:47:14] Now fitting the 10 chosen into the specific function
[2019-11-29 21:47:14] Now we find the zero of the fit to determine delta critical (parameters = -595.433 138777 -1.07863e+07 2.79587e+08)
[2019-11-29 21:47:14] We interpret the fitting parameters as coefficients of a degree 3 polynomial (which should be true, please check that)
[2019-11-29 21:47:14]  zero estimated at 0.0126137
[2019-11-29 21:47:14] Computed critical delta for ./matrices/Nr25_Nc25/RandTrix_Nr25_Nc25_Nest0.5_Conn0.2208.txt
[2019-11-29 21:47:14] Attempting now to find the critical delta for the given set of metaparameters
[2019-11-29 21:47:14] Computing probability of getting one or more extinctions for Delta=0
[2019-11-29 21:47:15] Probability of getting one or more extinctions for Delta=0 is 0
[2019-11-29 21:47:15] Computing probability of getting one or more extinctions for Delta=1
[2019-11-29 21:47:15] Probability of getting one or more extinctions for Delta=1 is 1
[2019-11-29 21:47:15] We first find a rough interval where the critical delta should lie (each point computed by the solver is estimated with 100 runs)
[2019-11-29 21:47:15] Computing probability of getting one or more extinctions for Delta=0.5
[2019-11-29 21:47:16] Probability of getting one or more extinctions for Delta=0.5 is 1
[2019-11-29 21:47:16] Computing probability of getting one or more extinctions for Delta=0.25
[2019-11-29 21:47:16] Probability of getting one or more extinctions for Delta=0.25 is 1
[2019-11-29 21:47:16] Computing probability of getting one or more extinctions for Delta=0.125
[2019-11-29 21:47:18] Probability of getting one or more extinctions for Delta=0.125 is 1
[2019-11-29 21:47:18] Computing probability of getting one or more extinctions for Delta=0.0625
[2019-11-29 21:47:20] Probability of getting one or more extinctions for Delta=0.0625 is 1
[2019-11-29 21:47:20] Computing probability of getting one or more extinctions for Delta=0.03125
[2019-11-29 21:47:29] Probability of getting one or more extinctions for Delta=0.03125 is 1
[2019-11-29 21:47:29] Computing probability of getting one or more extinctions for Delta=0.015625
[2019-11-29 21:53:28] Probability of getting one or more extinctions for Delta=0.015625 is 0.88
[2019-11-29 21:53:28] Computing probability of getting one or more extinctions for Delta=0.00887784
[2019-11-29 22:02:44] Probability of getting one or more extinctions for Delta=0.00887784 is 0.38
[2019-11-29 22:02:44] Computing probability of getting one or more extinctions for Delta=0.0104972
[2019-11-29 22:19:36] Probability of getting one or more extinctions for Delta=0.0104972 is 0.65
[2019-11-29 22:19:36] Computing probability of getting one or more extinctions for Delta=0.00959754
[2019-11-29 22:25:58] Probability of getting one or more extinctions for Delta=0.00959754 is 0.6
[2019-11-29 22:25:58] Found an interval for Delta critical : [0.00887784;0.00959754]
[2019-11-29 22:25:58] Now computing the probability of getting more than one extinction for ten points inside this interval (1000 runs per point)
[2019-11-29 22:25:58] Computing probability of getting one or more extinctions for Delta=0.00887784
[2019-11-30 01:05:08] Probability of getting one or more extinctions for Delta=0.00887784 is 0.482
[2019-11-30 01:05:08] Computing probability of getting one or more extinctions for Delta=0.00895781
[2019-11-30 03:43:53] Probability of getting one or more extinctions for Delta=0.00895781 is 0.457
[2019-11-30 03:43:53] Computing probability of getting one or more extinctions for Delta=0.00903777
[2019-11-30 06:02:03] Probability of getting one or more extinctions for Delta=0.00903777 is 0.476
[2019-11-30 06:02:03] Computing probability of getting one or more extinctions for Delta=0.00911774
[2019-11-30 08:02:32] Probability of getting one or more extinctions for Delta=0.00911774 is 0.494
[2019-11-30 08:02:32] Computing probability of getting one or more extinctions for Delta=0.00919771
[2019-11-30 10:06:27] Probability of getting one or more extinctions for Delta=0.00919771 is 0.482
[2019-11-30 10:06:27] Computing probability of getting one or more extinctions for Delta=0.00927767
[2019-11-30 12:26:43] Probability of getting one or more extinctions for Delta=0.00927767 is 0.497
[2019-11-30 12:26:43] Computing probability of getting one or more extinctions for Delta=0.00935764
[2019-11-30 14:33:46] Probability of getting one or more extinctions for Delta=0.00935764 is 0.479
[2019-11-30 14:33:46] Computing probability of getting one or more extinctions for Delta=0.00943761
[2019-11-30 16:58:07] Probability of getting one or more extinctions for Delta=0.00943761 is 0.515
[2019-11-30 16:58:07] Computing probability of getting one or more extinctions for Delta=0.00951757
[2019-11-30 18:58:54] Probability of getting one or more extinctions for Delta=0.00951757 is 0.486
[2019-11-30 18:58:54] Computing probability of getting one or more extinctions for Delta=0.00959754
[2019-11-30 21:15:21] Probability of getting one or more extinctions for Delta=0.00959754 is 0.506
[2019-11-30 21:15:21] Now fitting the 10 chosen into the specific function
[2019-11-30 21:15:21] Now we find the zero of the fit to determine delta critical (parameters = 141.893 -46272.8 5.02287e+06 -1.81502e+08)
[2019-11-30 21:15:21] We interpret the fitting parameters as coefficients of a degree 3 polynomial (which should be true, please check that)
[2019-11-30 21:15:21] Found three potential roots, compute which one is the best (100 runs per point)
[2019-11-30 21:15:21] Please implement the different equilibrium modes in case of three roots
[2019-11-30 21:15:21]  zero estimated at -1
[2019-11-30 21:15:21] Computed critical delta for ./matrices/Nr25_Nc25/RandTrix_Nr25_Nc25_Nest0.5_Conn0.2736.txt
[2019-11-30 21:15:21] Attempting now to find the critical delta for the given set of metaparameters
[2019-11-30 21:15:21] Computing probability of getting one or more extinctions for Delta=0
