[2019-12-03 09:17:15] Loading metaparameters from config/configuration_comparison_NR25_NS25_s025_a15.in
[2019-12-03 09:17:15] Successfully opened ./data_output/configuration_comparison_NR25_NS25_s025_a15_matrix_list_NR25_NS25_2.out, attempting now to find the critical delta of every listed matrix 
[2019-12-03 09:17:15] Attempting now to find the critical delta for the given set of metaparameters
[2019-12-03 09:17:15] Computing probability of getting one or more extinctions for Delta=0
[2019-12-03 09:17:15] Probability of getting one or more extinctions for Delta=0 is 0
[2019-12-03 09:17:15] Computing probability of getting one or more extinctions for Delta=1
[2019-12-03 09:17:15] Probability of getting one or more extinctions for Delta=1 is 1
[2019-12-03 09:17:15] We first find a rough interval where the critical delta should lie (each point computed by the solver is estimated with 100 runs)
[2019-12-03 09:17:15] Computing probability of getting one or more extinctions for Delta=0.5
[2019-12-03 09:17:16] Probability of getting one or more extinctions for Delta=0.5 is 1
[2019-12-03 09:17:16] Computing probability of getting one or more extinctions for Delta=0.25
[2019-12-03 09:17:16] Probability of getting one or more extinctions for Delta=0.25 is 1
[2019-12-03 09:17:16] Computing probability of getting one or more extinctions for Delta=0.125
[2019-12-03 09:17:17] Probability of getting one or more extinctions for Delta=0.125 is 1
[2019-12-03 09:17:17] Computing probability of getting one or more extinctions for Delta=0.0625
[2019-12-03 09:17:17] Probability of getting one or more extinctions for Delta=0.0625 is 1
[2019-12-03 09:17:17] Computing probability of getting one or more extinctions for Delta=0.03125
[2019-12-03 09:17:33] Probability of getting one or more extinctions for Delta=0.03125 is 0.96
[2019-12-03 09:17:33] Computing probability of getting one or more extinctions for Delta=0.016276
[2019-12-03 09:19:35] Probability of getting one or more extinctions for Delta=0.016276 is 0.77
[2019-12-03 09:19:35] Computing probability of getting one or more extinctions for Delta=0.00813802
[2019-12-03 09:27:26] Probability of getting one or more extinctions for Delta=0.00813802 is 0.39
[2019-12-03 09:27:26] Computing probability of getting one or more extinctions for Delta=0.0104938
[2019-12-03 09:32:23] Probability of getting one or more extinctions for Delta=0.0104938 is 0.48
[2019-12-03 09:32:23] Computing probability of getting one or more extinctions for Delta=0.0109812
[2019-12-03 09:38:04] Probability of getting one or more extinctions for Delta=0.0109812 is 0.55
[2019-12-03 09:38:04] Found an interval for Delta critical : [0.0104938;0.0109812]
[2019-12-03 09:38:04] Now computing the probability of getting more than one extinction for ten points inside this interval (1000 runs per point)
[2019-12-03 09:38:04] Computing probability of getting one or more extinctions for Delta=0.0104938
[2019-12-03 10:23:45] Probability of getting one or more extinctions for Delta=0.0104938 is 0.532
[2019-12-03 10:23:45] Computing probability of getting one or more extinctions for Delta=0.0105479
[2019-12-03 11:04:08] Probability of getting one or more extinctions for Delta=0.0105479 is 0.545
[2019-12-03 11:04:08] Computing probability of getting one or more extinctions for Delta=0.0106021
