[2019-11-28 18:35:01] Loading metaparameters from config/configuration_comparison_NR25_NS25_s09_a0.in
[2019-11-28 18:35:01] Successfully opened ./data_output/configuration_comparison_NR25_NS25_s09_a0_matrix_list_NR25_NS25_15.out, attempting now to find the critical delta of every listed matrix 
[2019-11-28 18:35:01] Attempting now to find the critical delta for the given set of metaparameters
[2019-11-28 18:35:01] Computing probability of getting one or more extinctions for Delta=0
[2019-11-28 18:35:02] Probability of getting one or more extinctions for Delta=0 is 0
[2019-11-28 18:35:02] Computing probability of getting one or more extinctions for Delta=1
[2019-11-28 18:35:02] Probability of getting one or more extinctions for Delta=1 is 1
[2019-11-28 18:35:02] We first find a rough interval where the critical delta should lie (each point computed by the solver is estimated with 100 runs)
[2019-11-28 18:35:02] Computing probability of getting one or more extinctions for Delta=0.5
[2019-11-28 18:35:03] Probability of getting one or more extinctions for Delta=0.5 is 1
[2019-11-28 18:35:03] Computing probability of getting one or more extinctions for Delta=0.25
[2019-11-28 18:35:03] Probability of getting one or more extinctions for Delta=0.25 is 1
[2019-11-28 18:35:03] Computing probability of getting one or more extinctions for Delta=0.125
[2019-11-28 18:35:05] Probability of getting one or more extinctions for Delta=0.125 is 1
[2019-11-28 18:35:05] Computing probability of getting one or more extinctions for Delta=0.0625
[2019-11-28 18:35:07] Probability of getting one or more extinctions for Delta=0.0625 is 1
[2019-11-28 18:35:07] Computing probability of getting one or more extinctions for Delta=0.03125
[2019-11-28 18:35:13] Probability of getting one or more extinctions for Delta=0.03125 is 1
[2019-11-28 18:35:13] Computing probability of getting one or more extinctions for Delta=0.015625
[2019-11-28 18:36:04] Probability of getting one or more extinctions for Delta=0.015625 is 0.87
[2019-11-28 18:36:04] Computing probability of getting one or more extinctions for Delta=0.00897989
[2019-11-28 18:38:11] Probability of getting one or more extinctions for Delta=0.00897989 is 0.53
[2019-11-28 18:38:11] Computing probability of getting one or more extinctions for Delta=0.00842674
[2019-11-28 18:40:49] Probability of getting one or more extinctions for Delta=0.00842674 is 0.5
[2019-11-28 18:40:49] Computing probability of getting one or more extinctions for Delta=0.00842674
[2019-11-28 18:42:27] Probability of getting one or more extinctions for Delta=0.00842674 is 0.59
[2019-11-28 18:42:27] Computing probability of getting one or more extinctions for Delta=0.00421337
[2019-11-28 18:48:36] Probability of getting one or more extinctions for Delta=0.00421337 is 0.05
[2019-11-28 18:48:36] Computing probability of getting one or more extinctions for Delta=0.00772451
[2019-11-28 18:51:09] Probability of getting one or more extinctions for Delta=0.00772451 is 0.49
[2019-11-28 18:51:09] Found an interval for Delta critical : [0.00772451;0.00842674]
[2019-11-28 18:51:09] Now computing the probability of getting more than one extinction for ten points inside this interval (1000 runs per point)
[2019-11-28 18:51:09] Computing probability of getting one or more extinctions for Delta=0.00772451
[2019-11-28 19:14:54] Probability of getting one or more extinctions for Delta=0.00772451 is 0.442
[2019-11-28 19:14:54] Computing probability of getting one or more extinctions for Delta=0.00780254
[2019-11-28 19:42:02] Probability of getting one or more extinctions for Delta=0.00780254 is 0.404
[2019-11-28 19:42:02] Computing probability of getting one or more extinctions for Delta=0.00788056
[2019-11-28 20:08:18] Probability of getting one or more extinctions for Delta=0.00788056 is 0.42
[2019-11-28 20:08:18] Computing probability of getting one or more extinctions for Delta=0.00795859
[2019-11-28 20:32:32] Probability of getting one or more extinctions for Delta=0.00795859 is 0.413
[2019-11-28 20:32:32] Computing probability of getting one or more extinctions for Delta=0.00803661
[2019-11-28 20:55:11] Probability of getting one or more extinctions for Delta=0.00803661 is 0.426
[2019-11-28 20:55:11] Computing probability of getting one or more extinctions for Delta=0.00811464
[2019-11-28 21:21:05] Probability of getting one or more extinctions for Delta=0.00811464 is 0.455
[2019-11-28 21:21:05] Computing probability of getting one or more extinctions for Delta=0.00819266
[2019-11-28 21:51:09] Probability of getting one or more extinctions for Delta=0.00819266 is 0.437
[2019-11-28 21:51:09] Computing probability of getting one or more extinctions for Delta=0.00827069
[2019-11-28 22:16:38] Probability of getting one or more extinctions for Delta=0.00827069 is 0.461
[2019-11-28 22:16:38] Computing probability of getting one or more extinctions for Delta=0.00834871
[2019-11-28 22:37:19] Probability of getting one or more extinctions for Delta=0.00834871 is 0.449
[2019-11-28 22:37:19] Computing probability of getting one or more extinctions for Delta=0.00842674
[2019-11-28 23:03:15] Probability of getting one or more extinctions for Delta=0.00842674 is 0.461
[2019-11-28 23:03:15] Now fitting the 10 chosen into the specific function
[2019-11-28 23:03:15] Now we find the zero of the fit to determine delta critical (parameters = 513.612 -190272 2.34744e+07 -9.646e+08)
[2019-11-28 23:03:15] We interpret the fitting parameters as coefficients of a degree 3 polynomial (which should be true, please check that)
[2019-11-28 23:03:15]  zero estimated at 0.0075825
[2019-11-28 23:03:15] Computed critical delta for ./matrices/Nr25_Nc25/RandTrix_Nr25_Nc25_Nest0.6_Conn0.3168.txt
[2019-11-28 23:03:15] Attempting now to find the critical delta for the given set of metaparameters
[2019-11-28 23:03:15] Computing probability of getting one or more extinctions for Delta=0
[2019-11-28 23:03:15] Probability of getting one or more extinctions for Delta=0 is 0
[2019-11-28 23:03:15] Computing probability of getting one or more extinctions for Delta=1
[2019-11-28 23:03:16] Probability of getting one or more extinctions for Delta=1 is 1
[2019-11-28 23:03:16] We first find a rough interval where the critical delta should lie (each point computed by the solver is estimated with 100 runs)
[2019-11-28 23:03:16] Computing probability of getting one or more extinctions for Delta=0.5
[2019-11-28 23:03:16] Probability of getting one or more extinctions for Delta=0.5 is 1
[2019-11-28 23:03:16] Computing probability of getting one or more extinctions for Delta=0.25
[2019-11-28 23:03:17] Probability of getting one or more extinctions for Delta=0.25 is 1
[2019-11-28 23:03:17] Computing probability of getting one or more extinctions for Delta=0.125
[2019-11-28 23:03:19] Probability of getting one or more extinctions for Delta=0.125 is 1
[2019-11-28 23:03:19] Computing probability of getting one or more extinctions for Delta=0.0625
[2019-11-28 23:03:21] Probability of getting one or more extinctions for Delta=0.0625 is 1
[2019-11-28 23:03:21] Computing probability of getting one or more extinctions for Delta=0.03125
[2019-11-28 23:03:44] Probability of getting one or more extinctions for Delta=0.03125 is 0.97
[2019-11-28 23:03:44] Computing probability of getting one or more extinctions for Delta=0.0161082
[2019-11-28 23:05:01] Probability of getting one or more extinctions for Delta=0.0161082 is 0.9
[2019-11-28 23:05:01] Computing probability of getting one or more extinctions for Delta=0.00805412
[2019-11-28 23:12:24] Probability of getting one or more extinctions for Delta=0.00805412 is 0.62
[2019-11-28 23:12:24] Computing probability of getting one or more extinctions for Delta=0.00544365
[2019-11-28 23:19:44] Probability of getting one or more extinctions for Delta=0.00544365 is 0.39
[2019-11-28 23:19:44] Computing probability of getting one or more extinctions for Delta=0.00669214
[2019-11-28 23:26:14] Probability of getting one or more extinctions for Delta=0.00669214 is 0.42
[2019-11-28 23:26:14] Computing probability of getting one or more extinctions for Delta=0.00737313
[2019-11-28 23:31:14] Probability of getting one or more extinctions for Delta=0.00737313 is 0.41
[2019-11-28 23:31:14] Found an interval for Delta critical : [0.00737313;0.00805412]
[2019-11-28 23:31:14] Now computing the probability of getting more than one extinction for ten points inside this interval (1000 runs per point)
[2019-11-28 23:31:14] Computing probability of getting one or more extinctions for Delta=0.00737313
[2019-11-29 00:31:55] Probability of getting one or more extinctions for Delta=0.00737313 is 0.466
[2019-11-29 00:31:55] Computing probability of getting one or more extinctions for Delta=0.0074488
[2019-11-29 01:30:55] Probability of getting one or more extinctions for Delta=0.0074488 is 0.453
[2019-11-29 01:30:55] Computing probability of getting one or more extinctions for Delta=0.00752446
[2019-11-29 02:29:28] Probability of getting one or more extinctions for Delta=0.00752446 is 0.461
[2019-11-29 02:29:28] Computing probability of getting one or more extinctions for Delta=0.00760013
[2019-11-29 03:30:56] Probability of getting one or more extinctions for Delta=0.00760013 is 0.481
[2019-11-29 03:30:56] Computing probability of getting one or more extinctions for Delta=0.00767579
[2019-11-29 04:36:00] Probability of getting one or more extinctions for Delta=0.00767579 is 0.47
[2019-11-29 04:36:00] Computing probability of getting one or more extinctions for Delta=0.00775146
[2019-11-29 05:29:20] Probability of getting one or more extinctions for Delta=0.00775146 is 0.49
[2019-11-29 05:29:20] Computing probability of getting one or more extinctions for Delta=0.00782713
[2019-11-29 06:12:23] Probability of getting one or more extinctions for Delta=0.00782713 is 0.47
[2019-11-29 06:12:23] Computing probability of getting one or more extinctions for Delta=0.00790279
[2019-11-29 07:13:38] Probability of getting one or more extinctions for Delta=0.00790279 is 0.482
[2019-11-29 07:13:38] Computing probability of getting one or more extinctions for Delta=0.00797846
[2019-11-29 08:13:57] Probability of getting one or more extinctions for Delta=0.00797846 is 0.484
[2019-11-29 08:13:57] Computing probability of getting one or more extinctions for Delta=0.00805412
[2019-11-29 09:03:12] Probability of getting one or more extinctions for Delta=0.00805412 is 0.517
[2019-11-29 09:03:12] Now fitting the 10 chosen into the specific function
[2019-11-29 09:03:12] Now we find the zero of the fit to determine delta critical (parameters = -215.907 84612.2 -1.10564e+07 4.81676e+08)
[2019-11-29 09:03:12] We interpret the fitting parameters as coefficients of a degree 3 polynomial (which should be true, please check that)
[2019-11-29 09:03:12]  zero estimated at 0.00801074
[2019-11-29 09:03:12] Computed critical delta for ./matrices/Nr25_Nc25/RandTrix_Nr25_Nc25_Nest0.6_Conn0.3712.txt
[2019-11-29 09:03:12] Attempting now to find the critical delta for the given set of metaparameters
[2019-11-29 09:03:12] Computing probability of getting one or more extinctions for Delta=0
[2019-11-29 09:03:12] Probability of getting one or more extinctions for Delta=0 is 0
[2019-11-29 09:03:12] Computing probability of getting one or more extinctions for Delta=1
[2019-11-29 09:03:13] Probability of getting one or more extinctions for Delta=1 is 1
[2019-11-29 09:03:13] We first find a rough interval where the critical delta should lie (each point computed by the solver is estimated with 100 runs)
[2019-11-29 09:03:13] Computing probability of getting one or more extinctions for Delta=0.5
[2019-11-29 09:03:13] Probability of getting one or more extinctions for Delta=0.5 is 1
[2019-11-29 09:03:13] Computing probability of getting one or more extinctions for Delta=0.25
[2019-11-29 09:03:13] Probability of getting one or more extinctions for Delta=0.25 is 1
[2019-11-29 09:03:13] Computing probability of getting one or more extinctions for Delta=0.125
[2019-11-29 09:03:14] Probability of getting one or more extinctions for Delta=0.125 is 1
[2019-11-29 09:03:14] Computing probability of getting one or more extinctions for Delta=0.0625
[2019-11-29 09:03:15] Probability of getting one or more extinctions for Delta=0.0625 is 1
[2019-11-29 09:03:15] Computing probability of getting one or more extinctions for Delta=0.03125
[2019-11-29 09:03:20] Probability of getting one or more extinctions for Delta=0.03125 is 0.98
[2019-11-29 09:03:20] Computing probability of getting one or more extinctions for Delta=0.0159439
[2019-11-29 09:04:50] Probability of getting one or more extinctions for Delta=0.0159439 is 0.81
[2019-11-29 09:04:50] Computing probability of getting one or more extinctions for Delta=0.00797194
[2019-11-29 09:09:16] Probability of getting one or more extinctions for Delta=0.00797194 is 0.39
[2019-11-29 09:09:16] Computing probability of getting one or more extinctions for Delta=0.0100598
[2019-11-29 09:12:59] Probability of getting one or more extinctions for Delta=0.0100598 is 0.42
[2019-11-29 09:12:59] Computing probability of getting one or more extinctions for Delta=0.0130019
[2019-11-29 09:15:37] Probability of getting one or more extinctions for Delta=0.0130019 is 0.6
[2019-11-29 09:15:37] Computing probability of getting one or more extinctions for Delta=0.0113674
[2019-11-29 09:19:04] Probability of getting one or more extinctions for Delta=0.0113674 is 0.61
[2019-11-29 09:19:04] Computing probability of getting one or more extinctions for Delta=0.0106104
[2019-11-29 09:23:04] Probability of getting one or more extinctions for Delta=0.0106104 is 0.48
[2019-11-29 09:23:04] Found an interval for Delta critical : [0.0106104;0.0113674]
[2019-11-29 09:23:04] Now computing the probability of getting more than one extinction for ten points inside this interval (1000 runs per point)
[2019-11-29 09:23:04] Computing probability of getting one or more extinctions for Delta=0.0106104
[2019-11-29 10:06:42] Probability of getting one or more extinctions for Delta=0.0106104 is 0.511
[2019-11-29 10:06:42] Computing probability of getting one or more extinctions for Delta=0.0106945
[2019-11-29 10:46:59] Probability of getting one or more extinctions for Delta=0.0106945 is 0.505
[2019-11-29 10:46:59] Computing probability of getting one or more extinctions for Delta=0.0107786
[2019-11-29 11:35:12] Probability of getting one or more extinctions for Delta=0.0107786 is 0.503
[2019-11-29 11:35:12] Computing probability of getting one or more extinctions for Delta=0.0108627
[2019-11-29 12:26:37] Probability of getting one or more extinctions for Delta=0.0108627 is 0.54
[2019-11-29 12:26:37] Computing probability of getting one or more extinctions for Delta=0.0109468
[2019-11-29 13:09:43] Probability of getting one or more extinctions for Delta=0.0109468 is 0.532
[2019-11-29 13:09:43] Computing probability of getting one or more extinctions for Delta=0.0110309
[2019-11-29 14:00:33] Probability of getting one or more extinctions for Delta=0.0110309 is 0.535
[2019-11-29 14:00:33] Computing probability of getting one or more extinctions for Delta=0.0111151
[2019-11-29 14:41:26] Probability of getting one or more extinctions for Delta=0.0111151 is 0.542
[2019-11-29 14:41:26] Computing probability of getting one or more extinctions for Delta=0.0111992
[2019-11-29 15:24:43] Probability of getting one or more extinctions for Delta=0.0111992 is 0.533
[2019-11-29 15:24:43] Computing probability of getting one or more extinctions for Delta=0.0112833
[2019-11-29 16:05:51] Probability of getting one or more extinctions for Delta=0.0112833 is 0.567
[2019-11-29 16:05:51] Computing probability of getting one or more extinctions for Delta=0.0113674
[2019-11-29 16:57:32] Probability of getting one or more extinctions for Delta=0.0113674 is 0.548
[2019-11-29 16:57:32] Now fitting the 10 chosen into the specific function
[2019-11-29 16:57:32] Now we find the zero of the fit to determine delta critical (parameters = 196.55 -54120.4 4.96035e+06 -1.5131e+08)
[2019-11-29 16:57:32] We interpret the fitting parameters as coefficients of a degree 3 polynomial (which should be true, please check that)
[2019-11-29 16:57:32]  zero estimated at 0.0118038
[2019-11-29 16:57:32] Computed critical delta for ./matrices/Nr25_Nc25/RandTrix_Nr25_Nc25_Nest0.6_Conn0.4176.txt
[2019-11-29 16:57:32] Attempting now to find the critical delta for the given set of metaparameters
[2019-11-29 16:57:32] Computing probability of getting one or more extinctions for Delta=0
[2019-11-29 16:57:32] Cannot open file.
[2019-11-29 16:57:32] Returning empty food matrix
[2019-11-29 16:57:32] Problem in the food matrix, species 0 does not eat anything.
