[2019-11-28 23:20:39] Loading metaparameters from config/configuration_comparison_NR25_NS25_s075_a0.in
[2019-11-28 23:20:39] Successfully opened ./data_output/configuration_comparison_NR25_NS25_s075_a0_matrix_list_NR25_NS25_14.out, attempting now to find the critical delta of every listed matrix 
[2019-11-28 23:20:39] Attempting now to find the critical delta for the given set of metaparameters
[2019-11-28 23:20:39] Computing probability of getting one or more extinctions for Delta=0
[2019-11-28 23:20:39] Probability of getting one or more extinctions for Delta=0 is 0
[2019-11-28 23:20:39] Computing probability of getting one or more extinctions for Delta=1
[2019-11-28 23:20:39] Probability of getting one or more extinctions for Delta=1 is 1
[2019-11-28 23:20:39] We first find a rough interval where the critical delta should lie (each point computed by the solver is estimated with 100 runs)
[2019-11-28 23:20:39] Computing probability of getting one or more extinctions for Delta=0.5
[2019-11-28 23:20:40] Probability of getting one or more extinctions for Delta=0.5 is 1
[2019-11-28 23:20:40] Computing probability of getting one or more extinctions for Delta=0.25
[2019-11-28 23:20:41] Probability of getting one or more extinctions for Delta=0.25 is 1
[2019-11-28 23:20:41] Computing probability of getting one or more extinctions for Delta=0.125
[2019-11-28 23:20:42] Probability of getting one or more extinctions for Delta=0.125 is 1
[2019-11-28 23:20:42] Computing probability of getting one or more extinctions for Delta=0.0625
[2019-11-28 23:20:45] Probability of getting one or more extinctions for Delta=0.0625 is 0.89
[2019-11-28 23:20:45] Computing probability of getting one or more extinctions for Delta=0.0351124
[2019-11-28 23:20:52] Probability of getting one or more extinctions for Delta=0.0351124 is 0.56
[2019-11-28 23:20:52] Computing probability of getting one or more extinctions for Delta=0.0306663
[2019-11-28 23:20:59] Probability of getting one or more extinctions for Delta=0.0306663 is 0.36
[2019-11-28 23:20:59] Computing probability of getting one or more extinctions for Delta=0.0337785
[2019-11-28 23:21:05] Probability of getting one or more extinctions for Delta=0.0337785 is 0.5
[2019-11-28 23:21:05] Computing probability of getting one or more extinctions for Delta=0.0337785
[2019-11-28 23:21:10] Probability of getting one or more extinctions for Delta=0.0337785 is 0.43
[2019-11-28 23:21:10] Found an interval for Delta critical : [0.0337785;0.0337785]
[2019-11-28 23:21:10] Now computing the probability of getting more than one extinction for ten points inside this interval (1000 runs per point)
[2019-11-28 23:21:10] Computing probability of getting one or more extinctions for Delta=0.0337785
[2019-11-28 23:22:18] Probability of getting one or more extinctions for Delta=0.0337785 is 0.476
[2019-11-28 23:22:18] Computing probability of getting one or more extinctions for Delta=0.0337785
[2019-11-28 23:23:31] Probability of getting one or more extinctions for Delta=0.0337785 is 0.471
[2019-11-28 23:23:31] Computing probability of getting one or more extinctions for Delta=0.0337785
[2019-11-28 23:24:43] Probability of getting one or more extinctions for Delta=0.0337785 is 0.468
[2019-11-28 23:24:43] Computing probability of getting one or more extinctions for Delta=0.0337785
[2019-11-28 23:25:53] Probability of getting one or more extinctions for Delta=0.0337785 is 0.465
[2019-11-28 23:25:53] Computing probability of getting one or more extinctions for Delta=0.0337785
[2019-11-28 23:27:07] Probability of getting one or more extinctions for Delta=0.0337785 is 0.496
[2019-11-28 23:27:07] Computing probability of getting one or more extinctions for Delta=0.0337785
[2019-11-28 23:28:14] Probability of getting one or more extinctions for Delta=0.0337785 is 0.491
[2019-11-28 23:28:14] Computing probability of getting one or more extinctions for Delta=0.0337785
[2019-11-28 23:28:54] Probability of getting one or more extinctions for Delta=0.0337785 is 0.481
[2019-11-28 23:28:54] Computing probability of getting one or more extinctions for Delta=0.0337785
[2019-11-28 23:29:59] Probability of getting one or more extinctions for Delta=0.0337785 is 0.48
[2019-11-28 23:29:59] Computing probability of getting one or more extinctions for Delta=0.0337785
[2019-11-28 23:30:35] Probability of getting one or more extinctions for Delta=0.0337785 is 0.466
[2019-11-28 23:30:35] Computing probability of getting one or more extinctions for Delta=0.0337785
[2019-11-28 23:31:10] Probability of getting one or more extinctions for Delta=0.0337785 is 0.47
[2019-11-28 23:31:10] Now fitting the 10 chosen into the specific function
[2019-11-28 23:31:10] Now we find the zero of the fit to determine delta critical (parameters = 0.735347 -6.83495 -230.952 -6864.32)
[2019-11-28 23:31:10] We interpret the fitting parameters as coefficients of a degree 3 polynomial (which should be true, please check that)
[2019-11-28 23:31:10]  zero estimated at 0.0332593
[2019-11-28 23:31:10] Computed critical delta for ./matrices/Nr25_Nc25/RandTrix_Nr25_Nc25_Nest0.6_Conn0.1344.txt
[2019-11-28 23:31:10] Attempting now to find the critical delta for the given set of metaparameters
[2019-11-28 23:31:10] Computing probability of getting one or more extinctions for Delta=0
[2019-11-28 23:31:10] Probability of getting one or more extinctions for Delta=0 is 0
[2019-11-28 23:31:10] Computing probability of getting one or more extinctions for Delta=1
[2019-11-28 23:31:10] Probability of getting one or more extinctions for Delta=1 is 1
[2019-11-28 23:31:10] We first find a rough interval where the critical delta should lie (each point computed by the solver is estimated with 100 runs)
[2019-11-28 23:31:10] Computing probability of getting one or more extinctions for Delta=0.5
[2019-11-28 23:31:10] Probability of getting one or more extinctions for Delta=0.5 is 1
[2019-11-28 23:31:10] Computing probability of getting one or more extinctions for Delta=0.25
[2019-11-28 23:31:11] Probability of getting one or more extinctions for Delta=0.25 is 1
[2019-11-28 23:31:11] Computing probability of getting one or more extinctions for Delta=0.125
[2019-11-28 23:31:11] Probability of getting one or more extinctions for Delta=0.125 is 1
[2019-11-28 23:31:11] Computing probability of getting one or more extinctions for Delta=0.0625
[2019-11-28 23:31:13] Probability of getting one or more extinctions for Delta=0.0625 is 0.98
[2019-11-28 23:31:13] Computing probability of getting one or more extinctions for Delta=0.0318878
[2019-11-28 23:31:19] Probability of getting one or more extinctions for Delta=0.0318878 is 0.62
[2019-11-28 23:31:19] Computing probability of getting one or more extinctions for Delta=0.0236587
[2019-11-28 23:31:31] Probability of getting one or more extinctions for Delta=0.0236587 is 0.27
[2019-11-28 23:31:31] Computing probability of getting one or more extinctions for Delta=0.0290664
[2019-11-28 23:31:43] Probability of getting one or more extinctions for Delta=0.0290664 is 0.57
[2019-11-28 23:31:43] Computing probability of getting one or more extinctions for Delta=0.026038
[2019-11-28 23:31:54] Probability of getting one or more extinctions for Delta=0.026038 is 0.45
[2019-11-28 23:31:54] Computing probability of getting one or more extinctions for Delta=0.0272998
[2019-11-28 23:32:00] Probability of getting one or more extinctions for Delta=0.0272998 is 0.52
[2019-11-28 23:32:00] Found an interval for Delta critical : [0.026038;0.0272998]
[2019-11-28 23:32:00] Now computing the probability of getting more than one extinction for ten points inside this interval (1000 runs per point)
[2019-11-28 23:32:00] Computing probability of getting one or more extinctions for Delta=0.026038
[2019-11-28 23:33:00] Probability of getting one or more extinctions for Delta=0.026038 is 0.431
[2019-11-28 23:33:00] Computing probability of getting one or more extinctions for Delta=0.0261782
[2019-11-28 23:34:25] Probability of getting one or more extinctions for Delta=0.0261782 is 0.41
[2019-11-28 23:34:25] Computing probability of getting one or more extinctions for Delta=0.0263184
[2019-11-28 23:36:26] Probability of getting one or more extinctions for Delta=0.0263184 is 0.379
[2019-11-28 23:36:26] Computing probability of getting one or more extinctions for Delta=0.0264586
[2019-11-28 23:37:37] Probability of getting one or more extinctions for Delta=0.0264586 is 0.457
[2019-11-28 23:37:37] Computing probability of getting one or more extinctions for Delta=0.0265988
[2019-11-28 23:39:41] Probability of getting one or more extinctions for Delta=0.0265988 is 0.446
[2019-11-28 23:39:41] Computing probability of getting one or more extinctions for Delta=0.026739
[2019-11-28 23:41:17] Probability of getting one or more extinctions for Delta=0.026739 is 0.441
[2019-11-28 23:41:17] Computing probability of getting one or more extinctions for Delta=0.0268792
[2019-11-28 23:43:07] Probability of getting one or more extinctions for Delta=0.0268792 is 0.459
[2019-11-28 23:43:07] Computing probability of getting one or more extinctions for Delta=0.0270194
[2019-11-28 23:45:01] Probability of getting one or more extinctions for Delta=0.0270194 is 0.441
[2019-11-28 23:45:01] Computing probability of getting one or more extinctions for Delta=0.0271596
[2019-11-28 23:46:39] Probability of getting one or more extinctions for Delta=0.0271596 is 0.459
[2019-11-28 23:46:39] Computing probability of getting one or more extinctions for Delta=0.0272998
[2019-11-28 23:48:28] Probability of getting one or more extinctions for Delta=0.0272998 is 0.466
[2019-11-28 23:48:28] Now fitting the 10 chosen into the specific function
[2019-11-28 23:48:28] Now we find the zero of the fit to determine delta critical (parameters = 1854.62 -208753 7.82942e+06 -9.78498e+07)
[2019-11-28 23:48:28] We interpret the fitting parameters as coefficients of a degree 3 polynomial (which should be true, please check that)
[2019-11-28 23:48:28]  zero estimated at 0.0255448
[2019-11-28 23:48:28] Computed critical delta for ./matrices/Nr25_Nc25/RandTrix_Nr25_Nc25_Nest0.6_Conn0.1712.txt
[2019-11-28 23:48:28] Attempting now to find the critical delta for the given set of metaparameters
[2019-11-28 23:48:28] Computing probability of getting one or more extinctions for Delta=0
[2019-11-28 23:48:29] Probability of getting one or more extinctions for Delta=0 is 0
[2019-11-28 23:48:29] Computing probability of getting one or more extinctions for Delta=1
[2019-11-28 23:48:29] Probability of getting one or more extinctions for Delta=1 is 1
[2019-11-28 23:48:29] We first find a rough interval where the critical delta should lie (each point computed by the solver is estimated with 100 runs)
[2019-11-28 23:48:29] Computing probability of getting one or more extinctions for Delta=0.5
[2019-11-28 23:48:30] Probability of getting one or more extinctions for Delta=0.5 is 1
[2019-11-28 23:48:30] Computing probability of getting one or more extinctions for Delta=0.25
[2019-11-28 23:48:30] Probability of getting one or more extinctions for Delta=0.25 is 1
[2019-11-28 23:48:30] Computing probability of getting one or more extinctions for Delta=0.125
[2019-11-28 23:48:32] Probability of getting one or more extinctions for Delta=0.125 is 1
[2019-11-28 23:48:32] Computing probability of getting one or more extinctions for Delta=0.0625
[2019-11-28 23:48:34] Probability of getting one or more extinctions for Delta=0.0625 is 1
[2019-11-28 23:48:34] Computing probability of getting one or more extinctions for Delta=0.03125
[2019-11-28 23:48:46] Probability of getting one or more extinctions for Delta=0.03125 is 0.98
[2019-11-28 23:48:46] Computing probability of getting one or more extinctions for Delta=0.0159439
[2019-11-28 23:49:42] Probability of getting one or more extinctions for Delta=0.0159439 is 0.65
[2019-11-28 23:49:42] Computing probability of getting one or more extinctions for Delta=0.0105921
[2019-11-28 23:51:00] Probability of getting one or more extinctions for Delta=0.0105921 is 0.25
[2019-11-28 23:51:00] Computing probability of getting one or more extinctions for Delta=0.013937
[2019-11-28 23:52:05] Probability of getting one or more extinctions for Delta=0.013937 is 0.49
[2019-11-28 23:52:05] Computing probability of getting one or more extinctions for Delta=0.0140624
[2019-11-28 23:53:01] Probability of getting one or more extinctions for Delta=0.0140624 is 0.61
[2019-11-28 23:53:01] Found an interval for Delta critical : [0.013937;0.0140624]
[2019-11-28 23:53:01] Now computing the probability of getting more than one extinction for ten points inside this interval (1000 runs per point)
[2019-11-28 23:53:01] Computing probability of getting one or more extinctions for Delta=0.013937
[2019-11-29 00:03:34] Probability of getting one or more extinctions for Delta=0.013937 is 0.554
[2019-11-29 00:03:34] Computing probability of getting one or more extinctions for Delta=0.0139509
[2019-11-29 00:11:48] Probability of getting one or more extinctions for Delta=0.0139509 is 0.527
[2019-11-29 00:11:48] Computing probability of getting one or more extinctions for Delta=0.0139648
[2019-11-29 00:21:44] Probability of getting one or more extinctions for Delta=0.0139648 is 0.532
[2019-11-29 00:21:44] Computing probability of getting one or more extinctions for Delta=0.0139788
[2019-11-29 00:31:35] Probability of getting one or more extinctions for Delta=0.0139788 is 0.512
[2019-11-29 00:31:35] Computing probability of getting one or more extinctions for Delta=0.0139927
[2019-11-29 00:41:01] Probability of getting one or more extinctions for Delta=0.0139927 is 0.543
[2019-11-29 00:41:01] Computing probability of getting one or more extinctions for Delta=0.0140066
[2019-11-29 00:51:04] Probability of getting one or more extinctions for Delta=0.0140066 is 0.531
[2019-11-29 00:51:04] Computing probability of getting one or more extinctions for Delta=0.0140206
[2019-11-29 00:59:48] Probability of getting one or more extinctions for Delta=0.0140206 is 0.518
[2019-11-29 00:59:48] Computing probability of getting one or more extinctions for Delta=0.0140345
[2019-11-29 01:09:24] Probability of getting one or more extinctions for Delta=0.0140345 is 0.536
[2019-11-29 01:09:24] Computing probability of getting one or more extinctions for Delta=0.0140485
[2019-11-29 01:19:05] Probability of getting one or more extinctions for Delta=0.0140485 is 0.516
[2019-11-29 01:19:05] Computing probability of getting one or more extinctions for Delta=0.0140624
[2019-11-29 01:27:36] Probability of getting one or more extinctions for Delta=0.0140624 is 0.548
[2019-11-29 01:27:36] Now fitting the 10 chosen into the specific function
[2019-11-29 01:27:36] Now we find the zero of the fit to determine delta critical (parameters = 466.704 -33299.7 -2.38288e+06 1.70029e+08)
[2019-11-29 01:27:36] We interpret the fitting parameters as coefficients of a degree 3 polynomial (which should be true, please check that)
[2019-11-29 01:27:36]  zero estimated at -0.0139947
[2019-11-29 01:27:36] Computed critical delta for ./matrices/Nr25_Nc25/RandTrix_Nr25_Nc25_Nest0.6_Conn0.2304.txt
[2019-11-29 01:27:36] Attempting now to find the critical delta for the given set of metaparameters
[2019-11-29 01:27:36] Computing probability of getting one or more extinctions for Delta=0
[2019-11-29 01:27:36] Probability of getting one or more extinctions for Delta=0 is 0
[2019-11-29 01:27:36] Computing probability of getting one or more extinctions for Delta=1
[2019-11-29 01:27:37] Probability of getting one or more extinctions for Delta=1 is 1
[2019-11-29 01:27:37] We first find a rough interval where the critical delta should lie (each point computed by the solver is estimated with 100 runs)
[2019-11-29 01:27:37] Computing probability of getting one or more extinctions for Delta=0.5
[2019-11-29 01:27:37] Probability of getting one or more extinctions for Delta=0.5 is 1
[2019-11-29 01:27:37] Computing probability of getting one or more extinctions for Delta=0.25
[2019-11-29 01:27:37] Probability of getting one or more extinctions for Delta=0.25 is 1
[2019-11-29 01:27:37] Computing probability of getting one or more extinctions for Delta=0.125
[2019-11-29 01:27:38] Probability of getting one or more extinctions for Delta=0.125 is 1
[2019-11-29 01:27:38] Computing probability of getting one or more extinctions for Delta=0.0625
[2019-11-29 01:27:39] Probability of getting one or more extinctions for Delta=0.0625 is 1
[2019-11-29 01:27:39] Computing probability of getting one or more extinctions for Delta=0.03125
[2019-11-29 01:27:44] Probability of getting one or more extinctions for Delta=0.03125 is 0.99
[2019-11-29 01:27:44] Computing probability of getting one or more extinctions for Delta=0.0157828
[2019-11-29 01:28:28] Probability of getting one or more extinctions for Delta=0.0157828 is 0.83
[2019-11-29 01:28:28] Computing probability of getting one or more extinctions for Delta=0.00789141
[2019-11-29 01:31:12] Probability of getting one or more extinctions for Delta=0.00789141 is 0.21
[2019-11-29 01:31:12] Computing probability of getting one or more extinctions for Delta=0.0115826
[2019-11-29 01:32:40] Probability of getting one or more extinctions for Delta=0.0115826 is 0.58
[2019-11-29 01:32:40] Computing probability of getting one or more extinctions for Delta=0.0107845
[2019-11-29 01:34:52] Probability of getting one or more extinctions for Delta=0.0107845 is 0.52
[2019-11-29 01:34:52] Computing probability of getting one or more extinctions for Delta=0.0105356
[2019-11-29 01:36:49] Probability of getting one or more extinctions for Delta=0.0105356 is 0.43
[2019-11-29 01:36:49] Found an interval for Delta critical : [0.0105356;0.0107845]
[2019-11-29 01:36:49] Now computing the probability of getting more than one extinction for ten points inside this interval (1000 runs per point)
[2019-11-29 01:36:49] Computing probability of getting one or more extinctions for Delta=0.0105356
[2019-11-29 01:55:08] Probability of getting one or more extinctions for Delta=0.0105356 is 0.503
[2019-11-29 01:55:08] Computing probability of getting one or more extinctions for Delta=0.0105633
[2019-11-29 02:16:44] Probability of getting one or more extinctions for Delta=0.0105633 is 0.493
[2019-11-29 02:16:44] Computing probability of getting one or more extinctions for Delta=0.0105909
[2019-11-29 02:32:06] Probability of getting one or more extinctions for Delta=0.0105909 is 0.493
[2019-11-29 02:32:06] Computing probability of getting one or more extinctions for Delta=0.0106186
[2019-11-29 02:51:49] Probability of getting one or more extinctions for Delta=0.0106186 is 0.492
[2019-11-29 02:51:49] Computing probability of getting one or more extinctions for Delta=0.0106462
[2019-11-29 03:12:27] Probability of getting one or more extinctions for Delta=0.0106462 is 0.53
[2019-11-29 03:12:27] Computing probability of getting one or more extinctions for Delta=0.0106739
[2019-11-29 03:31:37] Probability of getting one or more extinctions for Delta=0.0106739 is 0.537
[2019-11-29 03:31:37] Computing probability of getting one or more extinctions for Delta=0.0107015
[2019-11-29 03:49:34] Probability of getting one or more extinctions for Delta=0.0107015 is 0.521
[2019-11-29 03:49:34] Computing probability of getting one or more extinctions for Delta=0.0107292
[2019-11-29 04:08:42] Probability of getting one or more extinctions for Delta=0.0107292 is 0.53
[2019-11-29 04:08:42] Computing probability of getting one or more extinctions for Delta=0.0107568
[2019-11-29 04:28:09] Probability of getting one or more extinctions for Delta=0.0107568 is 0.514
[2019-11-29 04:28:09] Computing probability of getting one or more extinctions for Delta=0.0107845
[2019-11-29 04:44:19] Probability of getting one or more extinctions for Delta=0.0107845 is 0.5
[2019-11-29 04:44:19] Now fitting the 10 chosen into the specific function
[2019-11-29 04:44:19] Now we find the zero of the fit to determine delta critical (parameters = -57.5712 237.307 1.4676e+06 -9.22185e+07)
[2019-11-29 04:44:19] We interpret the fitting parameters as coefficients of a degree 3 polynomial (which should be true, please check that)
[2019-11-29 04:44:19] Found three potential roots, compute which one is the best (100 runs per point)
[2019-11-29 04:44:19] Please implement the different equilibrium modes in case of three roots
[2019-11-29 04:44:19]  zero estimated at -1
[2019-11-29 04:44:19] Computed critical delta for ./matrices/Nr25_Nc25/RandTrix_Nr25_Nc25_Nest0.6_Conn0.2768.txt
[2019-11-29 04:44:19] Attempting now to find the critical delta for the given set of metaparameters
[2019-11-29 04:44:19] Computing probability of getting one or more extinctions for Delta=0
