[2019-11-28 18:35:01] Loading metaparameters from config/configuration_comparison_NR25_NS25_s09_a0.in
[2019-11-28 18:35:01] Successfully opened ./data_output/configuration_comparison_NR25_NS25_s09_a0_matrix_list_NR25_NS25_10.out, attempting now to find the critical delta of every listed matrix 
[2019-11-28 18:35:01] Attempting now to find the critical delta for the given set of metaparameters
[2019-11-28 18:35:01] Computing probability of getting one or more extinctions for Delta=0
[2019-11-28 18:35:01] Probability of getting one or more extinctions for Delta=0 is 0
[2019-11-28 18:35:01] Computing probability of getting one or more extinctions for Delta=1
[2019-11-28 18:35:02] Probability of getting one or more extinctions for Delta=1 is 1
[2019-11-28 18:35:02] We first find a rough interval where the critical delta should lie (each point computed by the solver is estimated with 100 runs)
[2019-11-28 18:35:02] Computing probability of getting one or more extinctions for Delta=0.5
[2019-11-28 18:35:02] Probability of getting one or more extinctions for Delta=0.5 is 1
[2019-11-28 18:35:02] Computing probability of getting one or more extinctions for Delta=0.25
[2019-11-28 18:35:03] Probability of getting one or more extinctions for Delta=0.25 is 1
[2019-11-28 18:35:03] Computing probability of getting one or more extinctions for Delta=0.125
[2019-11-28 18:35:04] Probability of getting one or more extinctions for Delta=0.125 is 1
[2019-11-28 18:35:04] Computing probability of getting one or more extinctions for Delta=0.0625
[2019-11-28 18:35:07] Probability of getting one or more extinctions for Delta=0.0625 is 0.9
[2019-11-28 18:35:07] Computing probability of getting one or more extinctions for Delta=0.0347222
[2019-11-28 18:35:14] Probability of getting one or more extinctions for Delta=0.0347222 is 0.33
[2019-11-28 18:35:14] Computing probability of getting one or more extinctions for Delta=0.0430068
[2019-11-28 18:35:16] Probability of getting one or more extinctions for Delta=0.0430068 is 0.62
[2019-11-28 18:35:16] Computing probability of getting one or more extinctions for Delta=0.0395787
[2019-11-28 18:35:21] Probability of getting one or more extinctions for Delta=0.0395787 is 0.57
[2019-11-28 18:35:21] Computing probability of getting one or more extinctions for Delta=0.0361792
[2019-11-28 18:35:28] Probability of getting one or more extinctions for Delta=0.0361792 is 0.5
[2019-11-28 18:35:28] Found an interval for Delta critical : [0.0347222;0.0361792]
[2019-11-28 18:35:28] Now computing the probability of getting more than one extinction for ten points inside this interval (1000 runs per point)
[2019-11-28 18:35:28] Computing probability of getting one or more extinctions for Delta=0.0347222
[2019-11-28 18:36:33] Probability of getting one or more extinctions for Delta=0.0347222 is 0.407
[2019-11-28 18:36:33] Computing probability of getting one or more extinctions for Delta=0.0348841
[2019-11-28 18:37:54] Probability of getting one or more extinctions for Delta=0.0348841 is 0.411
[2019-11-28 18:37:54] Computing probability of getting one or more extinctions for Delta=0.035046
[2019-11-28 18:39:09] Probability of getting one or more extinctions for Delta=0.035046 is 0.38
[2019-11-28 18:39:09] Computing probability of getting one or more extinctions for Delta=0.0352079
[2019-11-28 18:40:18] Probability of getting one or more extinctions for Delta=0.0352079 is 0.412
[2019-11-28 18:40:18] Computing probability of getting one or more extinctions for Delta=0.0353698
[2019-11-28 18:41:09] Probability of getting one or more extinctions for Delta=0.0353698 is 0.394
[2019-11-28 18:41:09] Computing probability of getting one or more extinctions for Delta=0.0355316
[2019-11-28 18:42:19] Probability of getting one or more extinctions for Delta=0.0355316 is 0.414
[2019-11-28 18:42:19] Computing probability of getting one or more extinctions for Delta=0.0356935
[2019-11-28 18:43:18] Probability of getting one or more extinctions for Delta=0.0356935 is 0.403
[2019-11-28 18:43:18] Computing probability of getting one or more extinctions for Delta=0.0358554
[2019-11-28 18:44:31] Probability of getting one or more extinctions for Delta=0.0358554 is 0.43
[2019-11-28 18:44:31] Computing probability of getting one or more extinctions for Delta=0.0360173
[2019-11-28 18:45:32] Probability of getting one or more extinctions for Delta=0.0360173 is 0.432
[2019-11-28 18:45:32] Computing probability of getting one or more extinctions for Delta=0.0361792
[2019-11-28 18:46:19] Probability of getting one or more extinctions for Delta=0.0361792 is 0.451
[2019-11-28 18:46:19] Now fitting the 10 chosen into the specific function
[2019-11-28 18:46:19] Now we find the zero of the fit to determine delta critical (parameters = 382.094 -30629.1 814743 -7.1892e+06)
[2019-11-28 18:46:19] We interpret the fitting parameters as coefficients of a degree 3 polynomial (which should be true, please check that)
[2019-11-28 18:46:19] Found three potential roots, compute which one is the best (100 runs per point)
[2019-11-28 18:46:19] Please implement the different equilibrium modes in case of three roots
[2019-11-28 18:46:19]  zero estimated at -1
[2019-11-28 18:46:19] Computed critical delta for ./matrices/Nr25_Nc25/RandTrix_Nr25_Nc25_Nest0.55_Conn0.1232.txt
[2019-11-28 18:46:19] Attempting now to find the critical delta for the given set of metaparameters
[2019-11-28 18:46:19] Computing probability of getting one or more extinctions for Delta=0
[2019-11-28 18:46:19] Probability of getting one or more extinctions for Delta=0 is 0
[2019-11-28 18:46:19] Computing probability of getting one or more extinctions for Delta=1
[2019-11-28 18:46:20] Probability of getting one or more extinctions for Delta=1 is 1
[2019-11-28 18:46:20] We first find a rough interval where the critical delta should lie (each point computed by the solver is estimated with 100 runs)
[2019-11-28 18:46:20] Computing probability of getting one or more extinctions for Delta=0.5
[2019-11-28 18:46:20] Probability of getting one or more extinctions for Delta=0.5 is 1
[2019-11-28 18:46:20] Computing probability of getting one or more extinctions for Delta=0.25
[2019-11-28 18:46:20] Probability of getting one or more extinctions for Delta=0.25 is 1
[2019-11-28 18:46:20] Computing probability of getting one or more extinctions for Delta=0.125
[2019-11-28 18:46:21] Probability of getting one or more extinctions for Delta=0.125 is 1
[2019-11-28 18:46:21] Computing probability of getting one or more extinctions for Delta=0.0625
[2019-11-28 18:46:22] Probability of getting one or more extinctions for Delta=0.0625 is 1
[2019-11-28 18:46:22] Computing probability of getting one or more extinctions for Delta=0.03125
[2019-11-28 18:46:27] Probability of getting one or more extinctions for Delta=0.03125 is 0.88
[2019-11-28 18:46:27] Computing probability of getting one or more extinctions for Delta=0.0177557
[2019-11-28 18:46:40] Probability of getting one or more extinctions for Delta=0.0177557 is 0.43
[2019-11-28 18:46:40] Computing probability of getting one or more extinctions for Delta=0.0198548
[2019-11-28 18:46:53] Probability of getting one or more extinctions for Delta=0.0198548 is 0.54
[2019-11-28 18:46:53] Computing probability of getting one or more extinctions for Delta=0.0190915
[2019-11-28 18:47:07] Probability of getting one or more extinctions for Delta=0.0190915 is 0.57
[2019-11-28 18:47:07] Found an interval for Delta critical : [0.0177557;0.0190915]
[2019-11-28 18:47:07] Now computing the probability of getting more than one extinction for ten points inside this interval (1000 runs per point)
[2019-11-28 18:47:07] Computing probability of getting one or more extinctions for Delta=0.0177557
[2019-11-28 18:50:40] Probability of getting one or more extinctions for Delta=0.0177557 is 0.441
[2019-11-28 18:50:40] Computing probability of getting one or more extinctions for Delta=0.0179041
[2019-11-28 18:53:10] Probability of getting one or more extinctions for Delta=0.0179041 is 0.469
[2019-11-28 18:53:10] Computing probability of getting one or more extinctions for Delta=0.0180525
[2019-11-28 18:56:19] Probability of getting one or more extinctions for Delta=0.0180525 is 0.445
[2019-11-28 18:56:19] Computing probability of getting one or more extinctions for Delta=0.0182009
[2019-11-28 18:58:57] Probability of getting one or more extinctions for Delta=0.0182009 is 0.463
[2019-11-28 18:58:57] Computing probability of getting one or more extinctions for Delta=0.0183494
[2019-11-28 19:02:06] Probability of getting one or more extinctions for Delta=0.0183494 is 0.513
[2019-11-28 19:02:06] Computing probability of getting one or more extinctions for Delta=0.0184978
[2019-11-28 19:05:13] Probability of getting one or more extinctions for Delta=0.0184978 is 0.475
[2019-11-28 19:05:13] Computing probability of getting one or more extinctions for Delta=0.0186462
[2019-11-28 19:07:48] Probability of getting one or more extinctions for Delta=0.0186462 is 0.479
[2019-11-28 19:07:48] Computing probability of getting one or more extinctions for Delta=0.0187946
[2019-11-28 19:10:16] Probability of getting one or more extinctions for Delta=0.0187946 is 0.484
[2019-11-28 19:10:16] Computing probability of getting one or more extinctions for Delta=0.0189431
[2019-11-28 19:13:27] Probability of getting one or more extinctions for Delta=0.0189431 is 0.49
[2019-11-28 19:13:27] Computing probability of getting one or more extinctions for Delta=0.0190915
[2019-11-28 19:16:30] Probability of getting one or more extinctions for Delta=0.0190915 is 0.51
[2019-11-28 19:16:30] Now fitting the 10 chosen into the specific function
[2019-11-28 19:16:30] Now we find the zero of the fit to determine delta critical (parameters = -450.648 73081.3 -3.95155e+06 7.12362e+07)
[2019-11-28 19:16:30] We interpret the fitting parameters as coefficients of a degree 3 polynomial (which should be true, please check that)
[2019-11-28 19:16:30]  zero estimated at 0.0190263
[2019-11-28 19:16:30] Computed critical delta for ./matrices/Nr25_Nc25/RandTrix_Nr25_Nc25_Nest0.55_Conn0.168.txt
[2019-11-28 19:16:30] Attempting now to find the critical delta for the given set of metaparameters
[2019-11-28 19:16:30] Computing probability of getting one or more extinctions for Delta=0
[2019-11-28 19:16:30] Probability of getting one or more extinctions for Delta=0 is 0
[2019-11-28 19:16:30] Computing probability of getting one or more extinctions for Delta=1
[2019-11-28 19:16:30] Probability of getting one or more extinctions for Delta=1 is 1
[2019-11-28 19:16:30] We first find a rough interval where the critical delta should lie (each point computed by the solver is estimated with 100 runs)
[2019-11-28 19:16:30] Computing probability of getting one or more extinctions for Delta=0.5
[2019-11-28 19:16:31] Probability of getting one or more extinctions for Delta=0.5 is 1
[2019-11-28 19:16:31] Computing probability of getting one or more extinctions for Delta=0.25
[2019-11-28 19:16:31] Probability of getting one or more extinctions for Delta=0.25 is 1
[2019-11-28 19:16:31] Computing probability of getting one or more extinctions for Delta=0.125
[2019-11-28 19:16:32] Probability of getting one or more extinctions for Delta=0.125 is 1
[2019-11-28 19:16:32] Computing probability of getting one or more extinctions for Delta=0.0625
[2019-11-28 19:16:33] Probability of getting one or more extinctions for Delta=0.0625 is 1
[2019-11-28 19:16:33] Computing probability of getting one or more extinctions for Delta=0.03125
[2019-11-28 19:16:38] Probability of getting one or more extinctions for Delta=0.03125 is 0.97
[2019-11-28 19:16:38] Computing probability of getting one or more extinctions for Delta=0.0161082
[2019-11-28 19:17:33] Probability of getting one or more extinctions for Delta=0.0161082 is 0.75
[2019-11-28 19:17:33] Computing probability of getting one or more extinctions for Delta=0.00463722
[2019-11-28 19:19:34] Probability of getting one or more extinctions for Delta=0.00463722 is 0
[2019-11-28 19:19:34] Computing probability of getting one or more extinctions for Delta=0.0122846
[2019-11-28 19:21:00] Probability of getting one or more extinctions for Delta=0.0122846 is 0.52
[2019-11-28 19:21:00] Computing probability of getting one or more extinctions for Delta=0.0119649
[2019-11-28 19:22:38] Probability of getting one or more extinctions for Delta=0.0119649 is 0.51
[2019-11-28 19:22:38] Computing probability of getting one or more extinctions for Delta=0.0116519
[2019-11-28 19:24:00] Probability of getting one or more extinctions for Delta=0.0116519 is 0.44
[2019-11-28 19:24:00] Found an interval for Delta critical : [0.0116519;0.0119649]
[2019-11-28 19:24:00] Now computing the probability of getting more than one extinction for ten points inside this interval (1000 runs per point)
[2019-11-28 19:24:00] Computing probability of getting one or more extinctions for Delta=0.0116519
[2019-11-28 19:36:30] Probability of getting one or more extinctions for Delta=0.0116519 is 0.488
[2019-11-28 19:36:30] Computing probability of getting one or more extinctions for Delta=0.0116867
[2019-11-28 19:49:53] Probability of getting one or more extinctions for Delta=0.0116867 is 0.475
[2019-11-28 19:49:53] Computing probability of getting one or more extinctions for Delta=0.0117215
[2019-11-28 20:02:35] Probability of getting one or more extinctions for Delta=0.0117215 is 0.445
[2019-11-28 20:02:35] Computing probability of getting one or more extinctions for Delta=0.0117562
[2019-11-28 20:15:32] Probability of getting one or more extinctions for Delta=0.0117562 is 0.502
[2019-11-28 20:15:32] Computing probability of getting one or more extinctions for Delta=0.011791
[2019-11-28 20:29:33] Probability of getting one or more extinctions for Delta=0.011791 is 0.468
[2019-11-28 20:29:33] Computing probability of getting one or more extinctions for Delta=0.0118258
[2019-11-28 20:42:41] Probability of getting one or more extinctions for Delta=0.0118258 is 0.474
[2019-11-28 20:42:41] Computing probability of getting one or more extinctions for Delta=0.0118606
[2019-11-28 20:56:27] Probability of getting one or more extinctions for Delta=0.0118606 is 0.497
[2019-11-28 20:56:27] Computing probability of getting one or more extinctions for Delta=0.0118953
[2019-11-28 21:11:51] Probability of getting one or more extinctions for Delta=0.0118953 is 0.493
[2019-11-28 21:11:51] Computing probability of getting one or more extinctions for Delta=0.0119301
[2019-11-28 21:23:26] Probability of getting one or more extinctions for Delta=0.0119301 is 0.485
[2019-11-28 21:23:26] Computing probability of getting one or more extinctions for Delta=0.0119649
[2019-11-28 21:33:36] Probability of getting one or more extinctions for Delta=0.0119649 is 0.495
[2019-11-28 21:33:36] Now fitting the 10 chosen into the specific function
[2019-11-28 21:33:36] Now we find the zero of the fit to determine delta critical (parameters = 10938.3 -2.77505e+06 2.34661e+08 -6.61396e+09)
[2019-11-28 21:33:36] We interpret the fitting parameters as coefficients of a degree 3 polynomial (which should be true, please check that)
[2019-11-28 21:33:36]  zero estimated at 0.0116225
[2019-11-28 21:33:36] Computed critical delta for ./matrices/Nr25_Nc25/RandTrix_Nr25_Nc25_Nest0.55_Conn0.216.txt
[2019-11-28 21:33:36] Attempting now to find the critical delta for the given set of metaparameters
[2019-11-28 21:33:36] Computing probability of getting one or more extinctions for Delta=0
[2019-11-28 21:33:37] Probability of getting one or more extinctions for Delta=0 is 0
[2019-11-28 21:33:37] Computing probability of getting one or more extinctions for Delta=1
[2019-11-28 21:33:37] Probability of getting one or more extinctions for Delta=1 is 1
[2019-11-28 21:33:37] We first find a rough interval where the critical delta should lie (each point computed by the solver is estimated with 100 runs)
[2019-11-28 21:33:37] Computing probability of getting one or more extinctions for Delta=0.5
[2019-11-28 21:33:38] Probability of getting one or more extinctions for Delta=0.5 is 1
[2019-11-28 21:33:38] Computing probability of getting one or more extinctions for Delta=0.25
[2019-11-28 21:33:38] Probability of getting one or more extinctions for Delta=0.25 is 1
[2019-11-28 21:33:38] Computing probability of getting one or more extinctions for Delta=0.125
[2019-11-28 21:33:40] Probability of getting one or more extinctions for Delta=0.125 is 1
[2019-11-28 21:33:40] Computing probability of getting one or more extinctions for Delta=0.0625
[2019-11-28 21:33:41] Probability of getting one or more extinctions for Delta=0.0625 is 1
[2019-11-28 21:33:41] Computing probability of getting one or more extinctions for Delta=0.03125
[2019-11-28 21:33:49] Probability of getting one or more extinctions for Delta=0.03125 is 1
[2019-11-28 21:33:49] Computing probability of getting one or more extinctions for Delta=0.015625
[2019-11-28 21:34:48] Probability of getting one or more extinctions for Delta=0.015625 is 0.96
[2019-11-28 21:34:48] Computing probability of getting one or more extinctions for Delta=0.00813802
[2019-11-28 21:41:37] Probability of getting one or more extinctions for Delta=0.00813802 is 0.78
[2019-11-28 21:41:37] Computing probability of getting one or more extinctions for Delta=0.00406901
[2019-11-28 22:31:04] Probability of getting one or more extinctions for Delta=0.00406901 is 0.41
[2019-11-28 22:31:04] Computing probability of getting one or more extinctions for Delta=0.00505877
[2019-11-28 22:52:05] Probability of getting one or more extinctions for Delta=0.00505877 is 0.55
[2019-11-28 22:52:05] Computing probability of getting one or more extinctions for Delta=0.00470528
[2019-11-28 23:22:11] Probability of getting one or more extinctions for Delta=0.00470528 is 0.5
[2019-11-28 23:22:11] Computing probability of getting one or more extinctions for Delta=0.00470528
[2019-11-28 23:47:25] Probability of getting one or more extinctions for Delta=0.00470528 is 0.54
[2019-11-28 23:47:25] Computing probability of getting one or more extinctions for Delta=0.00438715
[2019-11-29 00:18:29] Probability of getting one or more extinctions for Delta=0.00438715 is 0.56
[2019-11-29 00:18:29] Found an interval for Delta critical : [0.00406901;0.00438715]
[2019-11-29 00:18:29] Now computing the probability of getting more than one extinction for ten points inside this interval (1000 runs per point)
[2019-11-29 00:18:29] Computing probability of getting one or more extinctions for Delta=0.00406901
[2019-11-29 06:07:49] Probability of getting one or more extinctions for Delta=0.00406901 is 0.436
[2019-11-29 06:07:49] Computing probability of getting one or more extinctions for Delta=0.00410436
[2019-11-29 11:30:34] Probability of getting one or more extinctions for Delta=0.00410436 is 0.463
[2019-11-29 11:30:34] Computing probability of getting one or more extinctions for Delta=0.00413971
[2019-11-29 17:16:08] Probability of getting one or more extinctions for Delta=0.00413971 is 0.466
[2019-11-29 17:16:08] Computing probability of getting one or more extinctions for Delta=0.00417506
[2019-11-29 22:35:39] Probability of getting one or more extinctions for Delta=0.00417506 is 0.454
[2019-11-29 22:35:39] Computing probability of getting one or more extinctions for Delta=0.0042104
[2019-11-30 04:03:10] Probability of getting one or more extinctions for Delta=0.0042104 is 0.473
[2019-11-30 04:03:10] Computing probability of getting one or more extinctions for Delta=0.00424575
[2019-11-30 09:15:06] Probability of getting one or more extinctions for Delta=0.00424575 is 0.487
[2019-11-30 09:15:06] Computing probability of getting one or more extinctions for Delta=0.0042811
[2019-11-30 14:26:25] Probability of getting one or more extinctions for Delta=0.0042811 is 0.491
[2019-11-30 14:26:25] Computing probability of getting one or more extinctions for Delta=0.00431645
[2019-11-30 19:08:49] Probability of getting one or more extinctions for Delta=0.00431645 is 0.491
[2019-11-30 19:08:49] Computing probability of getting one or more extinctions for Delta=0.0043518
[2019-11-30 23:33:41] Probability of getting one or more extinctions for Delta=0.0043518 is 0.531
[2019-11-30 23:33:41] Computing probability of getting one or more extinctions for Delta=0.00438715
[2019-12-01 03:51:57] Probability of getting one or more extinctions for Delta=0.00438715 is 0.497
[2019-12-01 03:51:57] Now fitting the 10 chosen into the specific function
[2019-12-01 03:51:57] Now we find the zero of the fit to determine delta critical (parameters = 188.875 -135149 3.21668e+07 -2.54696e+09)
[2019-12-01 03:51:57] We interpret the fitting parameters as coefficients of a degree 3 polynomial (which should be true, please check that)
[2019-12-01 03:51:57] Found three potential roots, compute which one is the best (100 runs per point)
[2019-12-01 03:51:57] Please implement the different equilibrium modes in case of three roots
[2019-12-01 03:51:57]  zero estimated at -1
[2019-12-01 03:51:57] Computed critical delta for ./matrices/Nr25_Nc25/RandTrix_Nr25_Nc25_Nest0.55_Conn0.2784.txt
[2019-12-01 03:51:57] Attempting now to find the critical delta for the given set of metaparameters
[2019-12-01 03:51:57] Computing probability of getting one or more extinctions for Delta=0
[2019-12-01 03:51:57] Cannot open file.
[2019-12-01 03:51:57] Returning empty food matrix
[2019-12-01 03:51:57] Problem in the food matrix, species 0 does not eat anything.
