[2019-12-01 01:11:07] Loading metaparameters from config/configuration_comparison_NR25_NS25_s05_a1.in
[2019-12-01 01:11:07] Successfully opened ./data_output/configuration_comparison_NR25_NS25_s05_a1_matrix_list_NR25_NS25_6.out, attempting now to find the critical delta of every listed matrix 
[2019-12-01 01:11:07] Attempting now to find the critical delta for the given set of metaparameters
[2019-12-01 01:11:07] Computing probability of getting one or more extinctions for Delta=0
[2019-12-01 01:11:07] Probability of getting one or more extinctions for Delta=0 is 0
[2019-12-01 01:11:07] Computing probability of getting one or more extinctions for Delta=1
[2019-12-01 01:11:07] Probability of getting one or more extinctions for Delta=1 is 1
[2019-12-01 01:11:07] We first find a rough interval where the critical delta should lie (each point computed by the solver is estimated with 100 runs)
[2019-12-01 01:11:07] Computing probability of getting one or more extinctions for Delta=0.5
[2019-12-01 01:11:08] Probability of getting one or more extinctions for Delta=0.5 is 1
[2019-12-01 01:11:08] Computing probability of getting one or more extinctions for Delta=0.25
[2019-12-01 01:11:09] Probability of getting one or more extinctions for Delta=0.25 is 0.99
[2019-12-01 01:11:09] Computing probability of getting one or more extinctions for Delta=0.126263
[2019-12-01 01:11:10] Probability of getting one or more extinctions for Delta=0.126263 is 0.99
[2019-12-01 01:11:10] Computing probability of getting one or more extinctions for Delta=0.0631313
[2019-12-01 01:11:12] Probability of getting one or more extinctions for Delta=0.0631313 is 0.87
[2019-12-01 01:11:12] Computing probability of getting one or more extinctions for Delta=0.0315657
[2019-12-01 01:11:18] Probability of getting one or more extinctions for Delta=0.0315657 is 0.29
[2019-12-01 01:11:18] Computing probability of getting one or more extinctions for Delta=0.0429946
[2019-12-01 01:11:23] Probability of getting one or more extinctions for Delta=0.0429946 is 0.65
[2019-12-01 01:11:23] Computing probability of getting one or more extinctions for Delta=0.0382325
[2019-12-01 01:11:27] Probability of getting one or more extinctions for Delta=0.0382325 is 0.66
[2019-12-01 01:11:27] Computing probability of getting one or more extinctions for Delta=0.0348991
[2019-12-01 01:11:31] Probability of getting one or more extinctions for Delta=0.0348991 is 0.45
[2019-12-01 01:11:31] Found an interval for Delta critical : [0.0348991;0.0382325]
[2019-12-01 01:11:31] Now computing the probability of getting more than one extinction for ten points inside this interval (1000 runs per point)
[2019-12-01 01:11:31] Computing probability of getting one or more extinctions for Delta=0.0348991
[2019-12-01 01:12:13] Probability of getting one or more extinctions for Delta=0.0348991 is 0.49
[2019-12-01 01:12:13] Computing probability of getting one or more extinctions for Delta=0.0352695
[2019-12-01 01:12:40] Probability of getting one or more extinctions for Delta=0.0352695 is 0.497
[2019-12-01 01:12:40] Computing probability of getting one or more extinctions for Delta=0.0356399
[2019-12-01 01:13:18] Probability of getting one or more extinctions for Delta=0.0356399 is 0.507
[2019-12-01 01:13:18] Computing probability of getting one or more extinctions for Delta=0.0360102
[2019-12-01 01:14:02] Probability of getting one or more extinctions for Delta=0.0360102 is 0.505
[2019-12-01 01:14:02] Computing probability of getting one or more extinctions for Delta=0.0363806
[2019-12-01 01:14:51] Probability of getting one or more extinctions for Delta=0.0363806 is 0.503
[2019-12-01 01:14:51] Computing probability of getting one or more extinctions for Delta=0.036751
[2019-12-01 01:15:40] Probability of getting one or more extinctions for Delta=0.036751 is 0.536
[2019-12-01 01:15:40] Computing probability of getting one or more extinctions for Delta=0.0371214
[2019-12-01 01:16:32] Probability of getting one or more extinctions for Delta=0.0371214 is 0.545
[2019-12-01 01:16:32] Computing probability of getting one or more extinctions for Delta=0.0374918
[2019-12-01 01:17:08] Probability of getting one or more extinctions for Delta=0.0374918 is 0.597
[2019-12-01 01:17:08] Computing probability of getting one or more extinctions for Delta=0.0378622
[2019-12-01 01:17:36] Probability of getting one or more extinctions for Delta=0.0378622 is 0.588
[2019-12-01 01:17:36] Computing probability of getting one or more extinctions for Delta=0.0382325
[2019-12-01 01:18:21] Probability of getting one or more extinctions for Delta=0.0382325 is 0.588
[2019-12-01 01:18:21] Now fitting the 10 chosen into the specific function
[2019-12-01 01:18:21] Now we find the zero of the fit to determine delta critical (parameters = 369.958 -30219.6 821505 -7.43144e+06)
[2019-12-01 01:18:21] We interpret the fitting parameters as coefficients of a degree 3 polynomial (which should be true, please check that)
[2019-12-01 01:18:21] Found three potential roots, compute which one is the best (100 runs per point)
[2019-12-01 01:18:21] Please implement the different equilibrium modes in case of three roots
[2019-12-01 01:18:21]  zero estimated at -1
[2019-12-01 01:18:21] Computed critical delta for ./matrices/Nr25_Nc25/RandTrix_Nr25_Nc25_Nest0.45_Conn0.08.txt
[2019-12-01 01:18:21] Attempting now to find the critical delta for the given set of metaparameters
[2019-12-01 01:18:21] Computing probability of getting one or more extinctions for Delta=0
[2019-12-01 01:18:21] Probability of getting one or more extinctions for Delta=0 is 0
[2019-12-01 01:18:21] Computing probability of getting one or more extinctions for Delta=1
[2019-12-01 01:18:22] Probability of getting one or more extinctions for Delta=1 is 1
[2019-12-01 01:18:22] We first find a rough interval where the critical delta should lie (each point computed by the solver is estimated with 100 runs)
[2019-12-01 01:18:22] Computing probability of getting one or more extinctions for Delta=0.5
[2019-12-01 01:18:22] Probability of getting one or more extinctions for Delta=0.5 is 1
[2019-12-01 01:18:22] Computing probability of getting one or more extinctions for Delta=0.25
[2019-12-01 01:18:22] Probability of getting one or more extinctions for Delta=0.25 is 1
[2019-12-01 01:18:22] Computing probability of getting one or more extinctions for Delta=0.125
[2019-12-01 01:18:23] Probability of getting one or more extinctions for Delta=0.125 is 1
[2019-12-01 01:18:23] Computing probability of getting one or more extinctions for Delta=0.0625
[2019-12-01 01:18:24] Probability of getting one or more extinctions for Delta=0.0625 is 0.98
[2019-12-01 01:18:24] Computing probability of getting one or more extinctions for Delta=0.0318878
[2019-12-01 01:18:28] Probability of getting one or more extinctions for Delta=0.0318878 is 0.38
[2019-12-01 01:18:28] Computing probability of getting one or more extinctions for Delta=0.0380102
[2019-12-01 01:18:32] Probability of getting one or more extinctions for Delta=0.0380102 is 0.56
[2019-12-01 01:18:32] Computing probability of getting one or more extinctions for Delta=0.0359694
[2019-12-01 01:18:35] Probability of getting one or more extinctions for Delta=0.0359694 is 0.66
[2019-12-01 01:18:35] Computing probability of getting one or more extinctions for Delta=0.033637
[2019-12-01 01:18:39] Probability of getting one or more extinctions for Delta=0.033637 is 0.55
[2019-12-01 01:18:39] Found an interval for Delta critical : [0.0318878;0.033637]
[2019-12-01 01:18:39] Now computing the probability of getting more than one extinction for ten points inside this interval (1000 runs per point)
[2019-12-01 01:18:39] Computing probability of getting one or more extinctions for Delta=0.0318878
[2019-12-01 01:19:21] Probability of getting one or more extinctions for Delta=0.0318878 is 0.47
[2019-12-01 01:19:21] Computing probability of getting one or more extinctions for Delta=0.0320821
[2019-12-01 01:20:05] Probability of getting one or more extinctions for Delta=0.0320821 is 0.488
[2019-12-01 01:20:05] Computing probability of getting one or more extinctions for Delta=0.0322765
[2019-12-01 01:20:47] Probability of getting one or more extinctions for Delta=0.0322765 is 0.478
[2019-12-01 01:20:47] Computing probability of getting one or more extinctions for Delta=0.0324708
[2019-12-01 01:21:28] Probability of getting one or more extinctions for Delta=0.0324708 is 0.499
[2019-12-01 01:21:28] Computing probability of getting one or more extinctions for Delta=0.0326652
[2019-12-01 01:22:21] Probability of getting one or more extinctions for Delta=0.0326652 is 0.499
[2019-12-01 01:22:21] Computing probability of getting one or more extinctions for Delta=0.0328596
[2019-12-01 01:23:31] Probability of getting one or more extinctions for Delta=0.0328596 is 0.526
[2019-12-01 01:23:31] Computing probability of getting one or more extinctions for Delta=0.0330539
[2019-12-01 01:24:24] Probability of getting one or more extinctions for Delta=0.0330539 is 0.503
[2019-12-01 01:24:24] Computing probability of getting one or more extinctions for Delta=0.0332483
[2019-12-01 01:25:32] Probability of getting one or more extinctions for Delta=0.0332483 is 0.511
[2019-12-01 01:25:32] Computing probability of getting one or more extinctions for Delta=0.0334427
[2019-12-01 01:26:50] Probability of getting one or more extinctions for Delta=0.0334427 is 0.522
[2019-12-01 01:26:50] Computing probability of getting one or more extinctions for Delta=0.033637
[2019-12-01 01:28:14] Probability of getting one or more extinctions for Delta=0.033637 is 0.543
[2019-12-01 01:28:14] Now fitting the 10 chosen into the specific function
[2019-12-01 01:28:14] Now we find the zero of the fit to determine delta critical (parameters = -918.507 84076.8 -2.56596e+06 2.61098e+07)
[2019-12-01 01:28:14] We interpret the fitting parameters as coefficients of a degree 3 polynomial (which should be true, please check that)
[2019-12-01 01:28:14]  zero estimated at 0.0325781
[2019-12-01 01:28:14] Computed critical delta for ./matrices/Nr25_Nc25/RandTrix_Nr25_Nc25_Nest0.45_Conn0.1296.txt
[2019-12-01 01:28:14] Attempting now to find the critical delta for the given set of metaparameters
[2019-12-01 01:28:14] Computing probability of getting one or more extinctions for Delta=0
[2019-12-01 01:28:14] Probability of getting one or more extinctions for Delta=0 is 0
[2019-12-01 01:28:14] Computing probability of getting one or more extinctions for Delta=1
[2019-12-01 01:28:15] Probability of getting one or more extinctions for Delta=1 is 1
[2019-12-01 01:28:15] We first find a rough interval where the critical delta should lie (each point computed by the solver is estimated with 100 runs)
[2019-12-01 01:28:15] Computing probability of getting one or more extinctions for Delta=0.5
[2019-12-01 01:28:15] Probability of getting one or more extinctions for Delta=0.5 is 1
[2019-12-01 01:28:15] Computing probability of getting one or more extinctions for Delta=0.25
[2019-12-01 01:28:16] Probability of getting one or more extinctions for Delta=0.25 is 1
[2019-12-01 01:28:16] Computing probability of getting one or more extinctions for Delta=0.125
[2019-12-01 01:28:17] Probability of getting one or more extinctions for Delta=0.125 is 1
[2019-12-01 01:28:17] Computing probability of getting one or more extinctions for Delta=0.0625
[2019-12-01 01:28:19] Probability of getting one or more extinctions for Delta=0.0625 is 0.99
[2019-12-01 01:28:19] Computing probability of getting one or more extinctions for Delta=0.0315657
[2019-12-01 01:28:37] Probability of getting one or more extinctions for Delta=0.0315657 is 0.91
[2019-12-01 01:28:37] Computing probability of getting one or more extinctions for Delta=0.0157828
[2019-12-01 01:29:10] Probability of getting one or more extinctions for Delta=0.0157828 is 0.31
[2019-12-01 01:29:10] Computing probability of getting one or more extinctions for Delta=0.0207807
[2019-12-01 01:29:52] Probability of getting one or more extinctions for Delta=0.0207807 is 0.56
[2019-12-01 01:29:52] Computing probability of getting one or more extinctions for Delta=0.0195812
[2019-12-01 01:30:17] Probability of getting one or more extinctions for Delta=0.0195812 is 0.42
[2019-12-01 01:30:17] Found an interval for Delta critical : [0.0195812;0.0207807]
[2019-12-01 01:30:17] Now computing the probability of getting more than one extinction for ten points inside this interval (1000 runs per point)
[2019-12-01 01:30:17] Computing probability of getting one or more extinctions for Delta=0.0195812
[2019-12-01 01:33:24] Probability of getting one or more extinctions for Delta=0.0195812 is 0.501
[2019-12-01 01:33:24] Computing probability of getting one or more extinctions for Delta=0.0197145
[2019-12-01 01:38:09] Probability of getting one or more extinctions for Delta=0.0197145 is 0.495
[2019-12-01 01:38:09] Computing probability of getting one or more extinctions for Delta=0.0198478
[2019-12-01 01:42:04] Probability of getting one or more extinctions for Delta=0.0198478 is 0.5
[2019-12-01 01:42:04] Computing probability of getting one or more extinctions for Delta=0.0199811
[2019-12-01 01:46:29] Probability of getting one or more extinctions for Delta=0.0199811 is 0.516
[2019-12-01 01:46:29] Computing probability of getting one or more extinctions for Delta=0.0201143
[2019-12-01 01:51:28] Probability of getting one or more extinctions for Delta=0.0201143 is 0.512
[2019-12-01 01:51:28] Computing probability of getting one or more extinctions for Delta=0.0202476
[2019-12-01 01:55:38] Probability of getting one or more extinctions for Delta=0.0202476 is 0.507
[2019-12-01 01:55:38] Computing probability of getting one or more extinctions for Delta=0.0203809
[2019-12-01 02:01:08] Probability of getting one or more extinctions for Delta=0.0203809 is 0.525
[2019-12-01 02:01:08] Computing probability of getting one or more extinctions for Delta=0.0205142
[2019-12-01 02:06:36] Probability of getting one or more extinctions for Delta=0.0205142 is 0.537
[2019-12-01 02:06:36] Computing probability of getting one or more extinctions for Delta=0.0206474
[2019-12-01 02:09:35] Probability of getting one or more extinctions for Delta=0.0206474 is 0.553
[2019-12-01 02:09:35] Computing probability of getting one or more extinctions for Delta=0.0207807
[2019-12-01 02:12:40] Probability of getting one or more extinctions for Delta=0.0207807 is 0.544
[2019-12-01 02:12:40] Now fitting the 10 chosen into the specific function
[2019-12-01 02:12:40] Now we find the zero of the fit to determine delta critical (parameters = 361.51 -53291.7 2.61577e+06 -4.27473e+07)
[2019-12-01 02:12:40] We interpret the fitting parameters as coefficients of a degree 3 polynomial (which should be true, please check that)
[2019-12-01 02:12:40] Found three potential roots, compute which one is the best (100 runs per point)
[2019-12-01 02:12:40] Please implement the different equilibrium modes in case of three roots
[2019-12-01 02:12:40]  zero estimated at -1
[2019-12-01 02:12:40] Computed critical delta for ./matrices/Nr25_Nc25/RandTrix_Nr25_Nc25_Nest0.45_Conn0.1744.txt
[2019-12-01 02:12:40] Attempting now to find the critical delta for the given set of metaparameters
[2019-12-01 02:12:40] Computing probability of getting one or more extinctions for Delta=0
[2019-12-01 02:12:40] Probability of getting one or more extinctions for Delta=0 is 0
[2019-12-01 02:12:40] Computing probability of getting one or more extinctions for Delta=1
[2019-12-01 02:12:40] Probability of getting one or more extinctions for Delta=1 is 1
[2019-12-01 02:12:40] We first find a rough interval where the critical delta should lie (each point computed by the solver is estimated with 100 runs)
[2019-12-01 02:12:40] Computing probability of getting one or more extinctions for Delta=0.5
[2019-12-01 02:12:40] Probability of getting one or more extinctions for Delta=0.5 is 1
[2019-12-01 02:12:40] Computing probability of getting one or more extinctions for Delta=0.25
[2019-12-01 02:12:41] Probability of getting one or more extinctions for Delta=0.25 is 1
[2019-12-01 02:12:41] Computing probability of getting one or more extinctions for Delta=0.125
[2019-12-01 02:12:41] Probability of getting one or more extinctions for Delta=0.125 is 1
[2019-12-01 02:12:41] Computing probability of getting one or more extinctions for Delta=0.0625
[2019-12-01 02:12:42] Probability of getting one or more extinctions for Delta=0.0625 is 1
[2019-12-01 02:12:42] Computing probability of getting one or more extinctions for Delta=0.03125
[2019-12-01 02:12:47] Probability of getting one or more extinctions for Delta=0.03125 is 1
[2019-12-01 02:12:47] Computing probability of getting one or more extinctions for Delta=0.015625
[2019-12-01 02:13:44] Probability of getting one or more extinctions for Delta=0.015625 is 0.94
[2019-12-01 02:13:44] Computing probability of getting one or more extinctions for Delta=0.00831117
[2019-12-01 02:17:43] Probability of getting one or more extinctions for Delta=0.00831117 is 0.8
[2019-12-01 02:17:43] Computing probability of getting one or more extinctions for Delta=0.00415559
[2019-12-01 02:26:30] Probability of getting one or more extinctions for Delta=0.00415559 is 0.35
[2019-12-01 02:26:30] Computing probability of getting one or more extinctions for Delta=0.00554078
[2019-12-01 02:34:05] Probability of getting one or more extinctions for Delta=0.00554078 is 0.56
[2019-12-01 02:34:05] Computing probability of getting one or more extinctions for Delta=0.00514501
[2019-12-01 02:40:32] Probability of getting one or more extinctions for Delta=0.00514501 is 0.46
[2019-12-01 02:40:32] Found an interval for Delta critical : [0.00514501;0.00554078]
[2019-12-01 02:40:32] Now computing the probability of getting more than one extinction for ten points inside this interval (1000 runs per point)
[2019-12-01 02:40:32] Computing probability of getting one or more extinctions for Delta=0.00514501
[2019-12-01 03:49:46] Probability of getting one or more extinctions for Delta=0.00514501 is 0.475
[2019-12-01 03:49:46] Computing probability of getting one or more extinctions for Delta=0.00518898
[2019-12-01 05:02:12] Probability of getting one or more extinctions for Delta=0.00518898 is 0.494
[2019-12-01 05:02:12] Computing probability of getting one or more extinctions for Delta=0.00523296
[2019-12-01 06:15:40] Probability of getting one or more extinctions for Delta=0.00523296 is 0.475
[2019-12-01 06:15:40] Computing probability of getting one or more extinctions for Delta=0.00527693
[2019-12-01 07:33:40] Probability of getting one or more extinctions for Delta=0.00527693 is 0.516
[2019-12-01 07:33:40] Computing probability of getting one or more extinctions for Delta=0.00532091
[2019-12-01 08:45:41] Probability of getting one or more extinctions for Delta=0.00532091 is 0.512
[2019-12-01 08:45:41] Computing probability of getting one or more extinctions for Delta=0.00536488
[2019-12-01 09:42:11] Probability of getting one or more extinctions for Delta=0.00536488 is 0.519
[2019-12-01 09:42:11] Computing probability of getting one or more extinctions for Delta=0.00540886
[2019-12-01 11:03:07] Probability of getting one or more extinctions for Delta=0.00540886 is 0.519
[2019-12-01 11:03:07] Computing probability of getting one or more extinctions for Delta=0.00545283
[2019-12-01 12:12:03] Probability of getting one or more extinctions for Delta=0.00545283 is 0.532
[2019-12-01 12:12:03] Computing probability of getting one or more extinctions for Delta=0.00549681
[2019-12-01 13:17:20] Probability of getting one or more extinctions for Delta=0.00549681 is 0.556
[2019-12-01 13:17:20] Computing probability of getting one or more extinctions for Delta=0.00554078
[2019-12-01 14:39:36] Probability of getting one or more extinctions for Delta=0.00554078 is 0.513
[2019-12-01 14:39:36] Now fitting the 10 chosen into the specific function
[2019-12-01 14:39:36] Now we find the zero of the fit to determine delta critical (parameters = 490.207 -277899 5.24655e+07 -3.29864e+09)
[2019-12-01 14:39:36] We interpret the fitting parameters as coefficients of a degree 3 polynomial (which should be true, please check that)
[2019-12-01 14:39:36] Found three potential roots, compute which one is the best (100 runs per point)
[2019-12-01 14:39:36] Please implement the different equilibrium modes in case of three roots
[2019-12-01 14:39:36]  zero estimated at -1
[2019-12-01 14:39:36] Computed critical delta for ./matrices/Nr25_Nc25/RandTrix_Nr25_Nc25_Nest0.45_Conn0.2336.txt
[2019-12-01 14:39:36] Attempting now to find the critical delta for the given set of metaparameters
[2019-12-01 14:39:36] Computing probability of getting one or more extinctions for Delta=0
