[2019-12-02 01:47:39] Loading metaparameters from config/configuration_comparison_NR25_NS25_s025_a1.in
[2019-12-02 01:47:39] Successfully opened ./data_output/configuration_comparison_NR25_NS25_s025_a1_matrix_list_NR25_NS25_4.out, attempting now to find the critical delta of every listed matrix 
[2019-12-02 01:47:39] Attempting now to find the critical delta for the given set of metaparameters
[2019-12-02 01:47:39] Computing probability of getting one or more extinctions for Delta=0
[2019-12-02 01:47:39] Probability of getting one or more extinctions for Delta=0 is 0
[2019-12-02 01:47:39] Computing probability of getting one or more extinctions for Delta=1
[2019-12-02 01:47:39] Probability of getting one or more extinctions for Delta=1 is 1
[2019-12-02 01:47:39] We first find a rough interval where the critical delta should lie (each point computed by the solver is estimated with 100 runs)
[2019-12-02 01:47:39] Computing probability of getting one or more extinctions for Delta=0.5
[2019-12-02 01:47:40] Probability of getting one or more extinctions for Delta=0.5 is 1
[2019-12-02 01:47:40] Computing probability of getting one or more extinctions for Delta=0.25
[2019-12-02 01:47:41] Probability of getting one or more extinctions for Delta=0.25 is 1
[2019-12-02 01:47:41] Computing probability of getting one or more extinctions for Delta=0.125
[2019-12-02 01:47:42] Probability of getting one or more extinctions for Delta=0.125 is 1
[2019-12-02 01:47:42] Computing probability of getting one or more extinctions for Delta=0.0625
[2019-12-02 01:47:44] Probability of getting one or more extinctions for Delta=0.0625 is 1
[2019-12-02 01:47:44] Computing probability of getting one or more extinctions for Delta=0.03125
[2019-12-02 01:47:58] Probability of getting one or more extinctions for Delta=0.03125 is 0.98
[2019-12-02 01:47:58] Computing probability of getting one or more extinctions for Delta=0.0159439
[2019-12-02 01:51:17] Probability of getting one or more extinctions for Delta=0.0159439 is 0.79
[2019-12-02 01:51:17] Computing probability of getting one or more extinctions for Delta=0.00797194
[2019-12-02 01:56:57] Probability of getting one or more extinctions for Delta=0.00797194 is 0.45
[2019-12-02 01:56:57] Computing probability of getting one or more extinctions for Delta=0.00914428
[2019-12-02 02:00:48] Probability of getting one or more extinctions for Delta=0.00914428 is 0.43
[2019-12-02 02:00:48] Computing probability of getting one or more extinctions for Delta=0.0125441
[2019-12-02 02:05:53] Probability of getting one or more extinctions for Delta=0.0125441 is 0.76
[2019-12-02 02:05:53] Computing probability of getting one or more extinctions for Delta=0.00986545
[2019-12-02 02:13:06] Probability of getting one or more extinctions for Delta=0.00986545 is 0.58
[2019-12-02 02:13:06] Found an interval for Delta critical : [0.00914428;0.00986545]
[2019-12-02 02:13:06] Now computing the probability of getting more than one extinction for ten points inside this interval (1000 runs per point)
[2019-12-02 02:13:06] Computing probability of getting one or more extinctions for Delta=0.00914428
[2019-12-02 03:27:24] Probability of getting one or more extinctions for Delta=0.00914428 is 0.529
[2019-12-02 03:27:24] Computing probability of getting one or more extinctions for Delta=0.00922441
[2019-12-02 05:02:21] Probability of getting one or more extinctions for Delta=0.00922441 is 0.54
[2019-12-02 05:02:21] Computing probability of getting one or more extinctions for Delta=0.00930454
[2019-12-02 06:11:08] Probability of getting one or more extinctions for Delta=0.00930454 is 0.522
[2019-12-02 06:11:08] Computing probability of getting one or more extinctions for Delta=0.00938467
[2019-12-02 07:14:52] Probability of getting one or more extinctions for Delta=0.00938467 is 0.531
[2019-12-02 07:14:52] Computing probability of getting one or more extinctions for Delta=0.0094648
[2019-12-02 08:00:21] Probability of getting one or more extinctions for Delta=0.0094648 is 0.565
[2019-12-02 08:00:21] Computing probability of getting one or more extinctions for Delta=0.00954493
[2019-12-02 09:06:57] Probability of getting one or more extinctions for Delta=0.00954493 is 0.541
[2019-12-02 09:06:57] Computing probability of getting one or more extinctions for Delta=0.00962506
[2019-12-02 10:13:23] Probability of getting one or more extinctions for Delta=0.00962506 is 0.562
[2019-12-02 10:13:23] Computing probability of getting one or more extinctions for Delta=0.00970519
[2019-12-02 11:07:25] Probability of getting one or more extinctions for Delta=0.00970519 is 0.556
[2019-12-02 11:07:25] Computing probability of getting one or more extinctions for Delta=0.00978532
[2019-12-02 11:53:16] Probability of getting one or more extinctions for Delta=0.00978532 is 0.571
[2019-12-02 11:53:16] Computing probability of getting one or more extinctions for Delta=0.00986545
[2019-12-02 12:54:28] Probability of getting one or more extinctions for Delta=0.00986545 is 0.584
[2019-12-02 12:54:28] Now fitting the 10 chosen into the specific function
[2019-12-02 12:54:28] Now we find the zero of the fit to determine delta critical (parameters = 2.72051 -319.957 -29008.2 3.47933e+06)
[2019-12-02 12:54:28] We interpret the fitting parameters as coefficients of a degree 3 polynomial (which should be true, please check that)
[2019-12-02 12:54:28]  zero estimated at -0.00963358
[2019-12-02 12:54:28] Computed critical delta for ./matrices/Nr25_Nc25/RandTrix_Nr25_Nc25_Nest0.35_Conn0.2208.txt
[2019-12-02 12:54:28] Attempting now to find the critical delta for the given set of metaparameters
[2019-12-02 12:54:28] Computing probability of getting one or more extinctions for Delta=0
[2019-12-02 12:54:28] Probability of getting one or more extinctions for Delta=0 is 0
[2019-12-02 12:54:28] Computing probability of getting one or more extinctions for Delta=1
[2019-12-02 12:54:29] Probability of getting one or more extinctions for Delta=1 is 1
[2019-12-02 12:54:29] We first find a rough interval where the critical delta should lie (each point computed by the solver is estimated with 100 runs)
[2019-12-02 12:54:29] Computing probability of getting one or more extinctions for Delta=0.5
[2019-12-02 12:54:29] Probability of getting one or more extinctions for Delta=0.5 is 1
[2019-12-02 12:54:29] Computing probability of getting one or more extinctions for Delta=0.25
[2019-12-02 12:54:30] Probability of getting one or more extinctions for Delta=0.25 is 1
[2019-12-02 12:54:30] Computing probability of getting one or more extinctions for Delta=0.125
[2019-12-02 12:54:31] Probability of getting one or more extinctions for Delta=0.125 is 1
[2019-12-02 12:54:31] Computing probability of getting one or more extinctions for Delta=0.0625
[2019-12-02 12:54:33] Probability of getting one or more extinctions for Delta=0.0625 is 1
[2019-12-02 12:54:33] Computing probability of getting one or more extinctions for Delta=0.03125
[2019-12-02 12:54:40] Probability of getting one or more extinctions for Delta=0.03125 is 0.99
[2019-12-02 12:54:40] Computing probability of getting one or more extinctions for Delta=0.0157828
[2019-12-02 12:55:37] Probability of getting one or more extinctions for Delta=0.0157828 is 0.62
[2019-12-02 12:55:37] Computing probability of getting one or more extinctions for Delta=0.0117374
[2019-12-02 12:57:38] Probability of getting one or more extinctions for Delta=0.0117374 is 0.29
[2019-12-02 12:57:38] Computing probability of getting one or more extinctions for Delta=0.0143117
[2019-12-02 12:58:54] Probability of getting one or more extinctions for Delta=0.0143117 is 0.5
[2019-12-02 12:58:54] Computing probability of getting one or more extinctions for Delta=0.0143117
[2019-12-02 12:59:55] Probability of getting one or more extinctions for Delta=0.0143117 is 0.55
[2019-12-02 12:59:55] Computing probability of getting one or more extinctions for Delta=0.0130246
[2019-12-02 13:01:05] Probability of getting one or more extinctions for Delta=0.0130246 is 0.41
[2019-12-02 13:01:05] Found an interval for Delta critical : [0.0130246;0.0143117]
[2019-12-02 13:01:05] Now computing the probability of getting more than one extinction for ten points inside this interval (1000 runs per point)
[2019-12-02 13:01:05] Computing probability of getting one or more extinctions for Delta=0.0130246
[2019-12-02 17:36:50] Probability of getting one or more extinctions for Delta=0.0130246 is 0.435
[2019-12-02 17:36:50] Computing probability of getting one or more extinctions for Delta=0.0131676
[2019-12-02 21:23:06] Probability of getting one or more extinctions for Delta=0.0131676 is 0.428
[2019-12-02 21:23:06] Computing probability of getting one or more extinctions for Delta=0.0133106
[2019-12-02 21:32:16] Probability of getting one or more extinctions for Delta=0.0133106 is 0.471
[2019-12-02 21:32:16] Computing probability of getting one or more extinctions for Delta=0.0134536
[2019-12-02 21:42:18] Probability of getting one or more extinctions for Delta=0.0134536 is 0.455
[2019-12-02 21:42:18] Computing probability of getting one or more extinctions for Delta=0.0135966
[2019-12-03 01:40:14] Probability of getting one or more extinctions for Delta=0.0135966 is 0.407
[2019-12-03 01:40:14] Computing probability of getting one or more extinctions for Delta=0.0137397
[2019-12-03 05:21:30] Probability of getting one or more extinctions for Delta=0.0137397 is 0.477
[2019-12-03 05:21:30] Computing probability of getting one or more extinctions for Delta=0.0138827
[2019-12-03 05:31:02] Probability of getting one or more extinctions for Delta=0.0138827 is 0.464
[2019-12-03 05:31:02] Computing probability of getting one or more extinctions for Delta=0.0140257
[2019-12-03 05:38:20] Probability of getting one or more extinctions for Delta=0.0140257 is 0.484
[2019-12-03 05:38:20] Computing probability of getting one or more extinctions for Delta=0.0141687
[2019-12-03 08:11:35] Probability of getting one or more extinctions for Delta=0.0141687 is 0.503
[2019-12-03 08:11:35] Computing probability of getting one or more extinctions for Delta=0.0143117
[2019-12-03 08:17:25] Probability of getting one or more extinctions for Delta=0.0143117 is 0.541
[2019-12-03 08:17:25] Now fitting the 10 chosen into the specific function
[2019-12-03 08:17:25] Now we find the zero of the fit to determine delta critical (parameters = -294.079 65659.5 -4.88844e+06 1.2134e+08)
[2019-12-03 08:17:25] We interpret the fitting parameters as coefficients of a degree 3 polynomial (which should be true, please check that)
[2019-12-03 08:17:25]  zero estimated at 0.0141421
[2019-12-03 08:17:25] Computed critical delta for ./matrices/Nr25_Nc25/RandTrix_Nr25_Nc25_Nest0.35_Conn0.272.txt
[2019-12-03 08:17:25] Attempting now to find the critical delta for the given set of metaparameters
[2019-12-03 08:17:25] Computing probability of getting one or more extinctions for Delta=0
[2019-12-03 08:17:25] Probability of getting one or more extinctions for Delta=0 is 0
[2019-12-03 08:17:25] Computing probability of getting one or more extinctions for Delta=1
[2019-12-03 08:17:25] Probability of getting one or more extinctions for Delta=1 is 1
[2019-12-03 08:17:25] We first find a rough interval where the critical delta should lie (each point computed by the solver is estimated with 100 runs)
[2019-12-03 08:17:25] Computing probability of getting one or more extinctions for Delta=0.5
[2019-12-03 08:17:25] Probability of getting one or more extinctions for Delta=0.5 is 1
[2019-12-03 08:17:25] Computing probability of getting one or more extinctions for Delta=0.25
[2019-12-03 08:17:26] Probability of getting one or more extinctions for Delta=0.25 is 1
[2019-12-03 08:17:26] Computing probability of getting one or more extinctions for Delta=0.125
[2019-12-03 08:17:26] Probability of getting one or more extinctions for Delta=0.125 is 1
[2019-12-03 08:17:26] Computing probability of getting one or more extinctions for Delta=0.0625
[2019-12-03 08:17:28] Probability of getting one or more extinctions for Delta=0.0625 is 1
[2019-12-03 08:17:28] Computing probability of getting one or more extinctions for Delta=0.03125
[2019-12-03 08:17:39] Probability of getting one or more extinctions for Delta=0.03125 is 0.97
[2019-12-03 08:17:39] Computing probability of getting one or more extinctions for Delta=0.0161082
[2019-12-03 08:18:50] Probability of getting one or more extinctions for Delta=0.0161082 is 0.81
[2019-12-03 08:18:50] Computing probability of getting one or more extinctions for Delta=0.00805412
[2019-12-03 08:22:50] Probability of getting one or more extinctions for Delta=0.00805412 is 0.33
[2019-12-03 08:22:50] Computing probability of getting one or more extinctions for Delta=0.0109066
