[2019-11-29 08:36:12] Loading metaparameters from config/configuration_comparison_NR25_NS25_s075_a0.in
[2019-11-29 08:36:12] Successfully opened ./data_output/configuration_comparison_NR25_NS25_s075_a0_matrix_list_NR25_NS25_4.out, attempting now to find the critical delta of every listed matrix 
[2019-11-29 08:36:12] Attempting now to find the critical delta for the given set of metaparameters
[2019-11-29 08:36:12] Computing probability of getting one or more extinctions for Delta=0
[2019-11-29 08:36:12] Probability of getting one or more extinctions for Delta=0 is 0
[2019-11-29 08:36:12] Computing probability of getting one or more extinctions for Delta=1
[2019-11-29 08:36:12] Probability of getting one or more extinctions for Delta=1 is 1
[2019-11-29 08:36:12] We first find a rough interval where the critical delta should lie (each point computed by the solver is estimated with 100 runs)
[2019-11-29 08:36:12] Computing probability of getting one or more extinctions for Delta=0.5
[2019-11-29 08:36:13] Probability of getting one or more extinctions for Delta=0.5 is 1
[2019-11-29 08:36:13] Computing probability of getting one or more extinctions for Delta=0.25
[2019-11-29 08:36:13] Probability of getting one or more extinctions for Delta=0.25 is 1
[2019-11-29 08:36:13] Computing probability of getting one or more extinctions for Delta=0.125
[2019-11-29 08:36:13] Probability of getting one or more extinctions for Delta=0.125 is 1
[2019-11-29 08:36:13] Computing probability of getting one or more extinctions for Delta=0.0625
[2019-11-29 08:36:14] Probability of getting one or more extinctions for Delta=0.0625 is 1
[2019-11-29 08:36:14] Computing probability of getting one or more extinctions for Delta=0.03125
[2019-11-29 08:36:18] Probability of getting one or more extinctions for Delta=0.03125 is 1
[2019-11-29 08:36:18] Computing probability of getting one or more extinctions for Delta=0.015625
[2019-11-29 08:36:44] Probability of getting one or more extinctions for Delta=0.015625 is 0.89
[2019-11-29 08:36:44] Computing probability of getting one or more extinctions for Delta=0.00877809
[2019-11-29 08:41:21] Probability of getting one or more extinctions for Delta=0.00877809 is 0.5
[2019-11-29 08:41:21] Computing probability of getting one or more extinctions for Delta=0.00877809
[2019-11-29 08:46:01] Probability of getting one or more extinctions for Delta=0.00877809 is 0.56
[2019-11-29 08:46:01] Computing probability of getting one or more extinctions for Delta=0.00438904
[2019-11-29 08:58:43] Probability of getting one or more extinctions for Delta=0.00438904 is 0.14
[2019-11-29 08:58:43] Computing probability of getting one or more extinctions for Delta=0.00815108
[2019-11-29 09:10:40] Probability of getting one or more extinctions for Delta=0.00815108 is 0.5
[2019-11-29 09:10:40] Computing probability of getting one or more extinctions for Delta=0.00815108
[2019-11-29 09:17:56] Probability of getting one or more extinctions for Delta=0.00815108 is 0.46
[2019-11-29 09:17:56] Found an interval for Delta critical : [0.00815108;0.00815108]
[2019-11-29 09:17:56] Now computing the probability of getting more than one extinction for ten points inside this interval (1000 runs per point)
[2019-11-29 09:17:56] Computing probability of getting one or more extinctions for Delta=0.00815108
[2019-11-29 10:15:14] Probability of getting one or more extinctions for Delta=0.00815108 is 0.488
[2019-11-29 10:15:14] Computing probability of getting one or more extinctions for Delta=0.00815108
[2019-11-29 11:25:07] Probability of getting one or more extinctions for Delta=0.00815108 is 0.493
[2019-11-29 11:25:07] Computing probability of getting one or more extinctions for Delta=0.00815108
[2019-11-29 12:31:59] Probability of getting one or more extinctions for Delta=0.00815108 is 0.473
[2019-11-29 12:31:59] Computing probability of getting one or more extinctions for Delta=0.00815108
[2019-11-29 13:28:38] Probability of getting one or more extinctions for Delta=0.00815108 is 0.478
[2019-11-29 13:28:38] Computing probability of getting one or more extinctions for Delta=0.00815108
[2019-11-29 14:12:14] Probability of getting one or more extinctions for Delta=0.00815108 is 0.481
[2019-11-29 14:12:14] Computing probability of getting one or more extinctions for Delta=0.00815108
[2019-11-29 15:12:15] Probability of getting one or more extinctions for Delta=0.00815108 is 0.498
[2019-11-29 15:12:15] Computing probability of getting one or more extinctions for Delta=0.00815108
[2019-11-29 16:24:46] Probability of getting one or more extinctions for Delta=0.00815108 is 0.442
[2019-11-29 16:24:46] Computing probability of getting one or more extinctions for Delta=0.00815108
[2019-11-29 17:26:00] Probability of getting one or more extinctions for Delta=0.00815108 is 0.477
[2019-11-29 17:26:00] Computing probability of getting one or more extinctions for Delta=0.00815108
[2019-11-29 18:24:06] Probability of getting one or more extinctions for Delta=0.00815108 is 0.456
[2019-11-29 18:24:06] Computing probability of getting one or more extinctions for Delta=0.00815108
[2019-11-29 19:21:01] Probability of getting one or more extinctions for Delta=0.00815108 is 0.487
[2019-11-29 19:21:01] Now fitting the 10 chosen into the specific function
[2019-11-29 19:21:01] Now we find the zero of the fit to determine delta critical (parameters = 0.741113 -30.7611 -3895.3 -469518)
[2019-11-29 19:21:01] We interpret the fitting parameters as coefficients of a degree 3 polynomial (which should be true, please check that)
[2019-11-29 19:21:01]  zero estimated at 0.00802903
[2019-11-29 19:21:01] Computed critical delta for ./matrices/Nr25_Nc25/RandTrix_Nr25_Nc25_Nest0.35_Conn0.2208.txt
[2019-11-29 19:21:01] Attempting now to find the critical delta for the given set of metaparameters
[2019-11-29 19:21:01] Computing probability of getting one or more extinctions for Delta=0
[2019-11-29 19:21:01] Probability of getting one or more extinctions for Delta=0 is 0
[2019-11-29 19:21:01] Computing probability of getting one or more extinctions for Delta=1
[2019-11-29 19:21:02] Probability of getting one or more extinctions for Delta=1 is 1
[2019-11-29 19:21:02] We first find a rough interval where the critical delta should lie (each point computed by the solver is estimated with 100 runs)
[2019-11-29 19:21:02] Computing probability of getting one or more extinctions for Delta=0.5
[2019-11-29 19:21:03] Probability of getting one or more extinctions for Delta=0.5 is 1
[2019-11-29 19:21:03] Computing probability of getting one or more extinctions for Delta=0.25
[2019-11-29 19:21:03] Probability of getting one or more extinctions for Delta=0.25 is 1
[2019-11-29 19:21:03] Computing probability of getting one or more extinctions for Delta=0.125
[2019-11-29 19:21:04] Probability of getting one or more extinctions for Delta=0.125 is 1
[2019-11-29 19:21:04] Computing probability of getting one or more extinctions for Delta=0.0625
[2019-11-29 19:21:05] Probability of getting one or more extinctions for Delta=0.0625 is 1
[2019-11-29 19:21:05] Computing probability of getting one or more extinctions for Delta=0.03125
[2019-11-29 19:21:08] Probability of getting one or more extinctions for Delta=0.03125 is 1
[2019-11-29 19:21:08] Computing probability of getting one or more extinctions for Delta=0.015625
[2019-11-29 19:21:33] Probability of getting one or more extinctions for Delta=0.015625 is 0.64
[2019-11-29 19:21:33] Computing probability of getting one or more extinctions for Delta=0.012207
[2019-11-29 19:22:24] Probability of getting one or more extinctions for Delta=0.012207 is 0.26
[2019-11-29 19:22:24] Computing probability of getting one or more extinctions for Delta=0.0143657
[2019-11-29 19:23:08] Probability of getting one or more extinctions for Delta=0.0143657 is 0.52
[2019-11-29 19:23:08] Computing probability of getting one or more extinctions for Delta=0.014172
[2019-11-29 19:23:49] Probability of getting one or more extinctions for Delta=0.014172 is 0.47
[2019-11-29 19:23:49] Found an interval for Delta critical : [0.014172;0.0143657]
[2019-11-29 19:23:49] Now computing the probability of getting more than one extinction for ten points inside this interval (1000 runs per point)
[2019-11-29 19:23:49] Computing probability of getting one or more extinctions for Delta=0.014172
[2019-11-29 19:30:16] Probability of getting one or more extinctions for Delta=0.014172 is 0.51
[2019-11-29 19:30:16] Computing probability of getting one or more extinctions for Delta=0.0141935
[2019-11-29 19:36:15] Probability of getting one or more extinctions for Delta=0.0141935 is 0.513
[2019-11-29 19:36:15] Computing probability of getting one or more extinctions for Delta=0.0142151
[2019-11-29 19:42:33] Probability of getting one or more extinctions for Delta=0.0142151 is 0.517
[2019-11-29 19:42:33] Computing probability of getting one or more extinctions for Delta=0.0142366
[2019-11-29 19:48:35] Probability of getting one or more extinctions for Delta=0.0142366 is 0.52
[2019-11-29 19:48:35] Computing probability of getting one or more extinctions for Delta=0.0142581
[2019-11-29 19:54:44] Probability of getting one or more extinctions for Delta=0.0142581 is 0.499
[2019-11-29 19:54:44] Computing probability of getting one or more extinctions for Delta=0.0142796
[2019-11-29 20:01:33] Probability of getting one or more extinctions for Delta=0.0142796 is 0.495
[2019-11-29 20:01:33] Computing probability of getting one or more extinctions for Delta=0.0143012
[2019-11-29 20:08:40] Probability of getting one or more extinctions for Delta=0.0143012 is 0.519
[2019-11-29 20:08:40] Computing probability of getting one or more extinctions for Delta=0.0143227
[2019-11-29 20:16:21] Probability of getting one or more extinctions for Delta=0.0143227 is 0.497
[2019-11-29 20:16:21] Computing probability of getting one or more extinctions for Delta=0.0143442
[2019-11-29 20:22:29] Probability of getting one or more extinctions for Delta=0.0143442 is 0.506
[2019-11-29 20:22:29] Computing probability of getting one or more extinctions for Delta=0.0143657
[2019-11-29 20:29:18] Probability of getting one or more extinctions for Delta=0.0143657 is 0.518
[2019-11-29 20:29:18] Now fitting the 10 chosen into the specific function
[2019-11-29 20:29:18] Now we find the zero of the fit to determine delta critical (parameters = -68595.6 1.4434e+07 -1.01239e+09 2.36693e+10)
[2019-11-29 20:29:18] We interpret the fitting parameters as coefficients of a degree 3 polynomial (which should be true, please check that)
[2019-11-29 20:29:18]  zero estimated at 0.0141502
[2019-11-29 20:29:18] Computed critical delta for ./matrices/Nr25_Nc25/RandTrix_Nr25_Nc25_Nest0.35_Conn0.272.txt
[2019-11-29 20:29:18] Attempting now to find the critical delta for the given set of metaparameters
[2019-11-29 20:29:18] Computing probability of getting one or more extinctions for Delta=0
[2019-11-29 20:29:18] Probability of getting one or more extinctions for Delta=0 is 0
[2019-11-29 20:29:18] Computing probability of getting one or more extinctions for Delta=1
[2019-11-29 20:29:19] Probability of getting one or more extinctions for Delta=1 is 1
[2019-11-29 20:29:19] We first find a rough interval where the critical delta should lie (each point computed by the solver is estimated with 100 runs)
[2019-11-29 20:29:19] Computing probability of getting one or more extinctions for Delta=0.5
[2019-11-29 20:29:19] Probability of getting one or more extinctions for Delta=0.5 is 1
[2019-11-29 20:29:19] Computing probability of getting one or more extinctions for Delta=0.25
[2019-11-29 20:29:20] Probability of getting one or more extinctions for Delta=0.25 is 1
[2019-11-29 20:29:20] Computing probability of getting one or more extinctions for Delta=0.125
[2019-11-29 20:29:22] Probability of getting one or more extinctions for Delta=0.125 is 1
[2019-11-29 20:29:22] Computing probability of getting one or more extinctions for Delta=0.0625
[2019-11-29 20:29:23] Probability of getting one or more extinctions for Delta=0.0625 is 1
[2019-11-29 20:29:23] Computing probability of getting one or more extinctions for Delta=0.03125
[2019-11-29 20:29:38] Probability of getting one or more extinctions for Delta=0.03125 is 0.93
[2019-11-29 20:29:38] Computing probability of getting one or more extinctions for Delta=0.0168011
[2019-11-29 20:30:21] Probability of getting one or more extinctions for Delta=0.0168011 is 0.87
[2019-11-29 20:30:21] Computing probability of getting one or more extinctions for Delta=0.00840054
[2019-11-29 20:35:21] Probability of getting one or more extinctions for Delta=0.00840054 is 0.38
[2019-11-29 20:35:21] Computing probability of getting one or more extinctions for Delta=0.0104578
[2019-11-29 20:38:58] Probability of getting one or more extinctions for Delta=0.0104578 is 0.52
[2019-11-29 20:38:58] Computing probability of getting one or more extinctions for Delta=0.0101639
[2019-11-29 20:42:12] Probability of getting one or more extinctions for Delta=0.0101639 is 0.54
[2019-11-29 20:42:12] Computing probability of getting one or more extinctions for Delta=0.00928223
[2019-11-29 20:46:14] Probability of getting one or more extinctions for Delta=0.00928223 is 0.42
[2019-11-29 20:46:14] Found an interval for Delta critical : [0.00928223;0.0101639]
[2019-11-29 20:46:14] Now computing the probability of getting more than one extinction for ten points inside this interval (1000 runs per point)
[2019-11-29 20:46:14] Computing probability of getting one or more extinctions for Delta=0.00928223
[2019-11-29 21:20:00] Probability of getting one or more extinctions for Delta=0.00928223 is 0.446
[2019-11-29 21:20:00] Computing probability of getting one or more extinctions for Delta=0.00938019
[2019-11-29 21:58:21] Probability of getting one or more extinctions for Delta=0.00938019 is 0.466
[2019-11-29 21:58:21] Computing probability of getting one or more extinctions for Delta=0.00947816
[2019-11-29 22:28:59] Probability of getting one or more extinctions for Delta=0.00947816 is 0.462
[2019-11-29 22:28:59] Computing probability of getting one or more extinctions for Delta=0.00957612
[2019-11-29 23:14:12] Probability of getting one or more extinctions for Delta=0.00957612 is 0.463
[2019-11-29 23:14:12] Computing probability of getting one or more extinctions for Delta=0.00967409
[2019-11-29 23:38:43] Probability of getting one or more extinctions for Delta=0.00967409 is 0.494
[2019-11-29 23:38:43] Computing probability of getting one or more extinctions for Delta=0.00977205
[2019-11-30 00:18:33] Probability of getting one or more extinctions for Delta=0.00977205 is 0.471
[2019-11-30 00:18:33] Computing probability of getting one or more extinctions for Delta=0.00987002
[2019-11-30 00:58:34] Probability of getting one or more extinctions for Delta=0.00987002 is 0.535
[2019-11-30 00:58:34] Computing probability of getting one or more extinctions for Delta=0.00996798
[2019-11-30 01:34:40] Probability of getting one or more extinctions for Delta=0.00996798 is 0.528
[2019-11-30 01:34:40] Computing probability of getting one or more extinctions for Delta=0.010066
[2019-11-30 01:56:55] Probability of getting one or more extinctions for Delta=0.010066 is 0.516
[2019-11-30 01:56:55] Computing probability of getting one or more extinctions for Delta=0.0101639
[2019-11-30 02:26:44] Probability of getting one or more extinctions for Delta=0.0101639 is 0.5
[2019-11-30 02:26:44] Now fitting the 10 chosen into the specific function
[2019-11-30 02:26:44] Now we find the zero of the fit to determine delta critical (parameters = 503.688 -156520 1.6195e+07 -5.57969e+08)
[2019-11-30 02:26:44] We interpret the fitting parameters as coefficients of a degree 3 polynomial (which should be true, please check that)
[2019-11-30 02:26:44] Found three potential roots, compute which one is the best (100 runs per point)
[2019-11-30 02:26:44] Please implement the different equilibrium modes in case of three roots
[2019-11-30 02:26:44]  zero estimated at -1
[2019-11-30 02:26:44] Computed critical delta for ./matrices/Nr25_Nc25/RandTrix_Nr25_Nc25_Nest0.35_Conn0.3216.txt
[2019-11-30 02:26:44] Attempting now to find the critical delta for the given set of metaparameters
[2019-11-30 02:26:44] Computing probability of getting one or more extinctions for Delta=0
[2019-11-30 02:26:44] Probability of getting one or more extinctions for Delta=0 is 0
[2019-11-30 02:26:44] Computing probability of getting one or more extinctions for Delta=1
[2019-11-30 02:26:45] Probability of getting one or more extinctions for Delta=1 is 1
[2019-11-30 02:26:45] We first find a rough interval where the critical delta should lie (each point computed by the solver is estimated with 100 runs)
[2019-11-30 02:26:45] Computing probability of getting one or more extinctions for Delta=0.5
[2019-11-30 02:26:46] Probability of getting one or more extinctions for Delta=0.5 is 1
[2019-11-30 02:26:46] Computing probability of getting one or more extinctions for Delta=0.25
[2019-11-30 02:26:46] Probability of getting one or more extinctions for Delta=0.25 is 1
[2019-11-30 02:26:46] Computing probability of getting one or more extinctions for Delta=0.125
[2019-11-30 02:26:47] Probability of getting one or more extinctions for Delta=0.125 is 1
[2019-11-30 02:26:47] Computing probability of getting one or more extinctions for Delta=0.0625
[2019-11-30 02:26:48] Probability of getting one or more extinctions for Delta=0.0625 is 1
[2019-11-30 02:26:48] Computing probability of getting one or more extinctions for Delta=0.03125
[2019-11-30 02:26:53] Probability of getting one or more extinctions for Delta=0.03125 is 0.51
[2019-11-30 02:26:53] Computing probability of getting one or more extinctions for Delta=0.0306373
[2019-11-30 02:26:58] Probability of getting one or more extinctions for Delta=0.0306373 is 0.49
[2019-11-30 02:26:58] Found an interval for Delta critical : [0.0306373;0.03125]
[2019-11-30 02:26:58] Now computing the probability of getting more than one extinction for ten points inside this interval (1000 runs per point)
[2019-11-30 02:26:58] Computing probability of getting one or more extinctions for Delta=0.0306373
[2019-11-30 02:27:35] Probability of getting one or more extinctions for Delta=0.0306373 is 0.446
[2019-11-30 02:27:35] Computing probability of getting one or more extinctions for Delta=0.0307053
[2019-11-30 02:28:05] Probability of getting one or more extinctions for Delta=0.0307053 is 0.465
[2019-11-30 02:28:05] Computing probability of getting one or more extinctions for Delta=0.0307734
[2019-11-30 02:28:44] Probability of getting one or more extinctions for Delta=0.0307734 is 0.449
[2019-11-30 02:28:44] Computing probability of getting one or more extinctions for Delta=0.0308415
[2019-11-30 02:29:33] Probability of getting one or more extinctions for Delta=0.0308415 is 0.455
[2019-11-30 02:29:33] Computing probability of getting one or more extinctions for Delta=0.0309096
[2019-11-30 02:30:31] Probability of getting one or more extinctions for Delta=0.0309096 is 0.473
[2019-11-30 02:30:31] Computing probability of getting one or more extinctions for Delta=0.0309777
[2019-11-30 02:31:26] Probability of getting one or more extinctions for Delta=0.0309777 is 0.459
[2019-11-30 02:31:26] Computing probability of getting one or more extinctions for Delta=0.0310458
[2019-11-30 02:32:07] Probability of getting one or more extinctions for Delta=0.0310458 is 0.506
[2019-11-30 02:32:07] Computing probability of getting one or more extinctions for Delta=0.0311138
[2019-11-30 02:32:33] Probability of getting one or more extinctions for Delta=0.0311138 is 0.506
[2019-11-30 02:32:33] Computing probability of getting one or more extinctions for Delta=0.0311819
[2019-11-30 02:33:02] Probability of getting one or more extinctions for Delta=0.0311819 is 0.473
[2019-11-30 02:33:02] Computing probability of getting one or more extinctions for Delta=0.03125
[2019-11-30 02:33:29] Probability of getting one or more extinctions for Delta=0.03125 is 0.492
[2019-11-30 02:33:29] Now fitting the 10 chosen into the specific function
[2019-11-30 02:33:29] Now we find the zero of the fit to determine delta critical (parameters = -17.9188 -5.3366 53832.2 -1.1302e+06)
[2019-11-30 02:33:29] We interpret the fitting parameters as coefficients of a degree 3 polynomial (which should be true, please check that)
[2019-11-30 02:33:29] Found three potential roots, compute which one is the best (100 runs per point)
[2019-11-30 02:33:29] Please implement the different equilibrium modes in case of three roots
[2019-11-30 02:33:29]  zero estimated at -1
[2019-11-30 02:33:29] Computed critical delta for ./matrices/Nr25_Nc25/RandTrix_Nr25_Nc25_Nest0.3_Conn0.0848.txt
[2019-11-30 02:33:29] Attempting now to find the critical delta for the given set of metaparameters
[2019-11-30 02:33:29] Computing probability of getting one or more extinctions for Delta=0
