[2019-12-01 12:48:15] Loading metaparameters from config/configuration_comparison_NR25_NS25_s075_a05.in
[2019-12-01 12:48:15] Successfully opened ./data_output/configuration_comparison_NR25_NS25_s075_a05_matrix_list_NR25_NS25_1.out, attempting now to find the critical delta of every listed matrix 
[2019-12-01 12:48:15] Attempting now to find the critical delta for the given set of metaparameters
[2019-12-01 12:48:15] Computing probability of getting one or more extinctions for Delta=0
[2019-12-01 12:48:15] Probability of getting one or more extinctions for Delta=0 is 0
[2019-12-01 12:48:15] Computing probability of getting one or more extinctions for Delta=1
[2019-12-01 12:48:15] Probability of getting one or more extinctions for Delta=1 is 1
[2019-12-01 12:48:15] We first find a rough interval where the critical delta should lie (each point computed by the solver is estimated with 100 runs)
[2019-12-01 12:48:15] Computing probability of getting one or more extinctions for Delta=0.5
[2019-12-01 12:48:15] Probability of getting one or more extinctions for Delta=0.5 is 1
[2019-12-01 12:48:15] Computing probability of getting one or more extinctions for Delta=0.25
[2019-12-01 12:48:16] Probability of getting one or more extinctions for Delta=0.25 is 1
[2019-12-01 12:48:16] Computing probability of getting one or more extinctions for Delta=0.125
[2019-12-01 12:48:16] Probability of getting one or more extinctions for Delta=0.125 is 1
[2019-12-01 12:48:16] Computing probability of getting one or more extinctions for Delta=0.0625
[2019-12-01 12:48:16] Probability of getting one or more extinctions for Delta=0.0625 is 1
[2019-12-01 12:48:16] Computing probability of getting one or more extinctions for Delta=0.03125
[2019-12-01 12:48:21] Probability of getting one or more extinctions for Delta=0.03125 is 0.84
[2019-12-01 12:48:21] Computing probability of getting one or more extinctions for Delta=0.0186012
[2019-12-01 12:48:30] Probability of getting one or more extinctions for Delta=0.0186012 is 0.45
[2019-12-01 12:48:30] Computing probability of getting one or more extinctions for Delta=0.0202228
[2019-12-01 12:48:36] Probability of getting one or more extinctions for Delta=0.0202228 is 0.49
[2019-12-01 12:48:36] Computing probability of getting one or more extinctions for Delta=0.0206167
[2019-12-01 12:48:46] Probability of getting one or more extinctions for Delta=0.0206167 is 0.53
[2019-12-01 12:48:46] Found an interval for Delta critical : [0.0202228;0.0206167]
[2019-12-01 12:48:46] Now computing the probability of getting more than one extinction for ten points inside this interval (1000 runs per point)
[2019-12-01 12:48:46] Computing probability of getting one or more extinctions for Delta=0.0202228
[2019-12-01 12:50:19] Probability of getting one or more extinctions for Delta=0.0202228 is 0.476
[2019-12-01 12:50:19] Computing probability of getting one or more extinctions for Delta=0.0202666
[2019-12-01 12:51:32] Probability of getting one or more extinctions for Delta=0.0202666 is 0.507
[2019-12-01 12:51:32] Computing probability of getting one or more extinctions for Delta=0.0203103
[2019-12-01 12:52:50] Probability of getting one or more extinctions for Delta=0.0203103 is 0.507
[2019-12-01 12:52:50] Computing probability of getting one or more extinctions for Delta=0.0203541
[2019-12-01 12:54:06] Probability of getting one or more extinctions for Delta=0.0203541 is 0.505
[2019-12-01 12:54:06] Computing probability of getting one or more extinctions for Delta=0.0203979
[2019-12-01 12:55:23] Probability of getting one or more extinctions for Delta=0.0203979 is 0.511
[2019-12-01 12:55:23] Computing probability of getting one or more extinctions for Delta=0.0204416
[2019-12-01 12:56:38] Probability of getting one or more extinctions for Delta=0.0204416 is 0.517
[2019-12-01 12:56:38] Computing probability of getting one or more extinctions for Delta=0.0204854
[2019-12-01 12:57:58] Probability of getting one or more extinctions for Delta=0.0204854 is 0.511
[2019-12-01 12:57:58] Computing probability of getting one or more extinctions for Delta=0.0205291
[2019-12-01 12:59:20] Probability of getting one or more extinctions for Delta=0.0205291 is 0.504
[2019-12-01 12:59:20] Computing probability of getting one or more extinctions for Delta=0.0205729
[2019-12-01 13:01:48] Probability of getting one or more extinctions for Delta=0.0205729 is 0.515
[2019-12-01 13:01:48] Computing probability of getting one or more extinctions for Delta=0.0206167
[2019-12-01 13:04:10] Probability of getting one or more extinctions for Delta=0.0206167 is 0.52
[2019-12-01 13:04:10] Now fitting the 10 chosen into the specific function
[2019-12-01 13:04:10] Now we find the zero of the fit to determine delta critical (parameters = -31420.6 4.61019e+06 -2.25474e+08 3.67578e+09)
[2019-12-01 13:04:10] We interpret the fitting parameters as coefficients of a degree 3 polynomial (which should be true, please check that)
[2019-12-01 13:04:10]  zero estimated at 0.0202739
[2019-12-01 13:04:10] Computed critical delta for ./matrices/Nr25_Nc25/RandTrix_Nr25_Nc25_Nest0.1_Conn0.0832.txt
[2019-12-01 13:04:10] Attempting now to find the critical delta for the given set of metaparameters
[2019-12-01 13:04:10] Computing probability of getting one or more extinctions for Delta=0
[2019-12-01 13:04:10] Probability of getting one or more extinctions for Delta=0 is 0
[2019-12-01 13:04:10] Computing probability of getting one or more extinctions for Delta=1
[2019-12-01 13:04:11] Probability of getting one or more extinctions for Delta=1 is 1
[2019-12-01 13:04:11] We first find a rough interval where the critical delta should lie (each point computed by the solver is estimated with 100 runs)
[2019-12-01 13:04:11] Computing probability of getting one or more extinctions for Delta=0.5
[2019-12-01 13:04:11] Probability of getting one or more extinctions for Delta=0.5 is 1
[2019-12-01 13:04:11] Computing probability of getting one or more extinctions for Delta=0.25
[2019-12-01 13:04:12] Probability of getting one or more extinctions for Delta=0.25 is 1
[2019-12-01 13:04:12] Computing probability of getting one or more extinctions for Delta=0.125
[2019-12-01 13:04:13] Probability of getting one or more extinctions for Delta=0.125 is 1
[2019-12-01 13:04:13] Computing probability of getting one or more extinctions for Delta=0.0625
[2019-12-01 13:04:14] Probability of getting one or more extinctions for Delta=0.0625 is 1
[2019-12-01 13:04:14] Computing probability of getting one or more extinctions for Delta=0.03125
[2019-12-01 13:04:18] Probability of getting one or more extinctions for Delta=0.03125 is 0.98
[2019-12-01 13:04:18] Computing probability of getting one or more extinctions for Delta=0.0159439
[2019-12-01 13:05:03] Probability of getting one or more extinctions for Delta=0.0159439 is 0.76
[2019-12-01 13:05:03] Computing probability of getting one or more extinctions for Delta=0.00404318
[2019-12-01 13:11:24] Probability of getting one or more extinctions for Delta=0.00404318 is 0.08
[2019-12-01 13:11:24] Computing probability of getting one or more extinctions for Delta=0.0113936
[2019-12-01 13:13:35] Probability of getting one or more extinctions for Delta=0.0113936 is 0.51
[2019-12-01 13:13:35] Computing probability of getting one or more extinctions for Delta=0.0112158
[2019-12-01 13:14:13] Probability of getting one or more extinctions for Delta=0.0112158 is 0.51
[2019-12-01 13:14:13] Computing probability of getting one or more extinctions for Delta=0.00762951
[2019-12-01 13:16:40] Probability of getting one or more extinctions for Delta=0.00762951 is 0.25
[2019-12-01 13:16:40] Computing probability of getting one or more extinctions for Delta=0.0110779
[2019-12-01 13:18:46] Probability of getting one or more extinctions for Delta=0.0110779 is 0.56
[2019-12-01 13:18:46] Computing probability of getting one or more extinctions for Delta=0.0093537
[2019-12-01 13:20:25] Probability of getting one or more extinctions for Delta=0.0093537 is 0.37
[2019-12-01 13:20:25] Computing probability of getting one or more extinctions for Delta=0.0105334
[2019-12-01 13:22:14] Probability of getting one or more extinctions for Delta=0.0105334 is 0.42
[2019-12-01 13:22:14] Found an interval for Delta critical : [0.0105334;0.0110779]
[2019-12-01 13:22:14] Now computing the probability of getting more than one extinction for ten points inside this interval (1000 runs per point)
[2019-12-01 13:22:14] Computing probability of getting one or more extinctions for Delta=0.0105334
[2019-12-01 13:46:55] Probability of getting one or more extinctions for Delta=0.0105334 is 0.442
[2019-12-01 13:46:55] Computing probability of getting one or more extinctions for Delta=0.0105939
[2019-12-01 14:09:15] Probability of getting one or more extinctions for Delta=0.0105939 is 0.477
[2019-12-01 14:09:15] Computing probability of getting one or more extinctions for Delta=0.0106544
[2019-12-01 17:04:57] Probability of getting one or more extinctions for Delta=0.0106544 is 0.488
[2019-12-01 17:04:57] Computing probability of getting one or more extinctions for Delta=0.0107149
[2019-12-02 01:59:45] Probability of getting one or more extinctions for Delta=0.0107149 is 0.5
[2019-12-02 01:59:45] Computing probability of getting one or more extinctions for Delta=0.0107754
[2019-12-02 02:27:11] Probability of getting one or more extinctions for Delta=0.0107754 is 0.465
[2019-12-02 02:27:11] Computing probability of getting one or more extinctions for Delta=0.0108359
[2019-12-02 08:16:47] Probability of getting one or more extinctions for Delta=0.0108359 is 0.502
[2019-12-02 08:16:47] Computing probability of getting one or more extinctions for Delta=0.0108964
[2019-12-02 16:29:43] Probability of getting one or more extinctions for Delta=0.0108964 is 0.465
[2019-12-02 16:29:43] Computing probability of getting one or more extinctions for Delta=0.0109569
[2019-12-02 21:52:01] Probability of getting one or more extinctions for Delta=0.0109569 is 0.472
[2019-12-02 21:52:01] Computing probability of getting one or more extinctions for Delta=0.0110174
[2019-12-02 22:07:46] Probability of getting one or more extinctions for Delta=0.0110174 is 0.482
[2019-12-02 22:07:46] Computing probability of getting one or more extinctions for Delta=0.0110779
[2019-12-02 22:25:42] Probability of getting one or more extinctions for Delta=0.0110779 is 0.464
[2019-12-02 22:25:42] Now fitting the 10 chosen into the specific function
[2019-12-02 22:25:42] Now we find the zero of the fit to determine delta critical (parameters = -2321.43 640550 -5.89054e+07 1.80533e+09)
[2019-12-02 22:25:42] We interpret the fitting parameters as coefficients of a degree 3 polynomial (which should be true, please check that)
[2019-12-02 22:25:42]  zero estimated at 0.0111915
[2019-12-02 22:25:42] Computed critical delta for ./matrices/Nr25_Nc25/RandTrix_Nr25_Nc25_Nest0.1_Conn0.1296.txt
[2019-12-02 22:25:42] Attempting now to find the critical delta for the given set of metaparameters
[2019-12-02 22:25:42] Computing probability of getting one or more extinctions for Delta=0
[2019-12-02 22:25:43] Probability of getting one or more extinctions for Delta=0 is 0
[2019-12-02 22:25:43] Computing probability of getting one or more extinctions for Delta=1
[2019-12-02 22:25:43] Probability of getting one or more extinctions for Delta=1 is 1
[2019-12-02 22:25:43] We first find a rough interval where the critical delta should lie (each point computed by the solver is estimated with 100 runs)
[2019-12-02 22:25:43] Computing probability of getting one or more extinctions for Delta=0.5
[2019-12-02 22:25:43] Probability of getting one or more extinctions for Delta=0.5 is 1
[2019-12-02 22:25:43] Computing probability of getting one or more extinctions for Delta=0.25
[2019-12-02 22:25:43] Probability of getting one or more extinctions for Delta=0.25 is 1
[2019-12-02 22:25:43] Computing probability of getting one or more extinctions for Delta=0.125
[2019-12-02 22:25:44] Probability of getting one or more extinctions for Delta=0.125 is 1
[2019-12-02 22:25:44] Computing probability of getting one or more extinctions for Delta=0.0625
[2019-12-02 22:25:44] Probability of getting one or more extinctions for Delta=0.0625 is 0.97
[2019-12-02 22:25:44] Computing probability of getting one or more extinctions for Delta=0.0322165
[2019-12-02 22:25:47] Probability of getting one or more extinctions for Delta=0.0322165 is 0.44
[2019-12-02 22:25:47] Computing probability of getting one or more extinctions for Delta=0.0356448
[2019-12-02 22:25:50] Probability of getting one or more extinctions for Delta=0.0356448 is 0.64
[2019-12-02 22:25:50] Computing probability of getting one or more extinctions for Delta=0.033245
[2019-12-02 22:25:52] Probability of getting one or more extinctions for Delta=0.033245 is 0.6
[2019-12-02 22:25:52] Found an interval for Delta critical : [0.0322165;0.033245]
[2019-12-02 22:25:52] Now computing the probability of getting more than one extinction for ten points inside this interval (1000 runs per point)
[2019-12-02 22:25:52] Computing probability of getting one or more extinctions for Delta=0.0322165
[2019-12-02 22:26:20] Probability of getting one or more extinctions for Delta=0.0322165 is 0.458
[2019-12-02 22:26:20] Computing probability of getting one or more extinctions for Delta=0.0323308
[2019-12-02 22:27:09] Probability of getting one or more extinctions for Delta=0.0323308 is 0.458
[2019-12-02 22:27:09] Computing probability of getting one or more extinctions for Delta=0.032445
[2019-12-02 22:27:57] Probability of getting one or more extinctions for Delta=0.032445 is 0.475
[2019-12-02 22:27:57] Computing probability of getting one or more extinctions for Delta=0.0325593
[2019-12-02 22:28:40] Probability of getting one or more extinctions for Delta=0.0325593 is 0.482
[2019-12-02 22:28:40] Computing probability of getting one or more extinctions for Delta=0.0326736
[2019-12-02 22:29:24] Probability of getting one or more extinctions for Delta=0.0326736 is 0.493
[2019-12-02 22:29:24] Computing probability of getting one or more extinctions for Delta=0.0327879
[2019-12-02 22:30:13] Probability of getting one or more extinctions for Delta=0.0327879 is 0.509
[2019-12-02 22:30:13] Computing probability of getting one or more extinctions for Delta=0.0329022
[2019-12-02 22:31:01] Probability of getting one or more extinctions for Delta=0.0329022 is 0.518
[2019-12-02 22:31:01] Computing probability of getting one or more extinctions for Delta=0.0330164
[2019-12-02 22:31:47] Probability of getting one or more extinctions for Delta=0.0330164 is 0.537
[2019-12-02 22:31:47] Computing probability of getting one or more extinctions for Delta=0.0331307
[2019-12-02 22:32:34] Probability of getting one or more extinctions for Delta=0.0331307 is 0.536
[2019-12-02 22:32:34] Computing probability of getting one or more extinctions for Delta=0.033245
[2019-12-02 22:33:23] Probability of getting one or more extinctions for Delta=0.033245 is 0.548
[2019-12-02 22:33:23] Now fitting the 10 chosen into the specific function
[2019-12-02 22:33:23] Now we find the zero of the fit to determine delta critical (parameters = 3575.96 -327952 1.0022e+07 -1.02054e+08)
[2019-12-02 22:33:23] We interpret the fitting parameters as coefficients of a degree 3 polynomial (which should be true, please check that)
[2019-12-02 22:33:23] Found three potential roots, compute which one is the best (100 runs per point)
[2019-12-02 22:33:23] Please implement the different equilibrium modes in case of three roots
[2019-12-02 22:33:23]  zero estimated at -1
[2019-12-02 22:33:23] Computed critical delta for ./matrices/Nr25_Nc25/RandTrix_Nr25_Nc25_Nest0.25_Conn0.0848.txt
[2019-12-02 22:33:23] Attempting now to find the critical delta for the given set of metaparameters
[2019-12-02 22:33:23] Computing probability of getting one or more extinctions for Delta=0
[2019-12-02 22:33:23] Probability of getting one or more extinctions for Delta=0 is 0
[2019-12-02 22:33:23] Computing probability of getting one or more extinctions for Delta=1
[2019-12-02 22:33:23] Probability of getting one or more extinctions for Delta=1 is 1
[2019-12-02 22:33:23] We first find a rough interval where the critical delta should lie (each point computed by the solver is estimated with 100 runs)
[2019-12-02 22:33:23] Computing probability of getting one or more extinctions for Delta=0.5
[2019-12-02 22:33:24] Probability of getting one or more extinctions for Delta=0.5 is 1
[2019-12-02 22:33:24] Computing probability of getting one or more extinctions for Delta=0.25
[2019-12-02 22:33:25] Probability of getting one or more extinctions for Delta=0.25 is 1
[2019-12-02 22:33:25] Computing probability of getting one or more extinctions for Delta=0.125
[2019-12-02 22:33:26] Probability of getting one or more extinctions for Delta=0.125 is 1
[2019-12-02 22:33:26] Computing probability of getting one or more extinctions for Delta=0.0625
[2019-12-02 22:33:27] Probability of getting one or more extinctions for Delta=0.0625 is 0.99
[2019-12-02 22:33:27] Computing probability of getting one or more extinctions for Delta=0.0315657
[2019-12-02 22:33:32] Probability of getting one or more extinctions for Delta=0.0315657 is 0.83
[2019-12-02 22:33:32] Computing probability of getting one or more extinctions for Delta=0.0157828
[2019-12-02 22:33:39] Probability of getting one or more extinctions for Delta=0.0157828 is 0.14
[2019-12-02 22:33:39] Computing probability of getting one or more extinctions for Delta=0.0240173
[2019-12-02 22:33:47] Probability of getting one or more extinctions for Delta=0.0240173 is 0.52
[2019-12-02 22:33:47] Computing probability of getting one or more extinctions for Delta=0.023556
[2019-12-02 22:33:58] Probability of getting one or more extinctions for Delta=0.023556 is 0.43
[2019-12-02 22:33:58] Found an interval for Delta critical : [0.023556;0.0240173]
[2019-12-02 22:33:58] Now computing the probability of getting more than one extinction for ten points inside this interval (1000 runs per point)
[2019-12-02 22:33:58] Computing probability of getting one or more extinctions for Delta=0.023556
[2019-12-02 22:35:59] Probability of getting one or more extinctions for Delta=0.023556 is 0.49
[2019-12-02 22:35:59] Computing probability of getting one or more extinctions for Delta=0.0236073
[2019-12-02 22:37:37] Probability of getting one or more extinctions for Delta=0.0236073 is 0.503
[2019-12-02 22:37:37] Computing probability of getting one or more extinctions for Delta=0.0236585
[2019-12-02 22:39:28] Probability of getting one or more extinctions for Delta=0.0236585 is 0.499
[2019-12-02 22:39:28] Computing probability of getting one or more extinctions for Delta=0.0237098
[2019-12-02 22:41:23] Probability of getting one or more extinctions for Delta=0.0237098 is 0.489
[2019-12-02 22:41:23] Computing probability of getting one or more extinctions for Delta=0.023761
[2019-12-02 22:43:15] Probability of getting one or more extinctions for Delta=0.023761 is 0.513
[2019-12-02 22:43:15] Computing probability of getting one or more extinctions for Delta=0.0238123
[2019-12-02 22:45:04] Probability of getting one or more extinctions for Delta=0.0238123 is 0.514
[2019-12-02 22:45:04] Computing probability of getting one or more extinctions for Delta=0.0238636
[2019-12-02 22:46:09] Probability of getting one or more extinctions for Delta=0.0238636 is 0.494
[2019-12-02 22:46:09] Computing probability of getting one or more extinctions for Delta=0.0239148
[2019-12-02 22:47:52] Probability of getting one or more extinctions for Delta=0.0239148 is 0.5
[2019-12-02 22:47:52] Computing probability of getting one or more extinctions for Delta=0.0239661
[2019-12-02 22:49:46] Probability of getting one or more extinctions for Delta=0.0239661 is 0.52
[2019-12-02 22:49:46] Computing probability of getting one or more extinctions for Delta=0.0240173
[2019-12-02 22:51:13] Probability of getting one or more extinctions for Delta=0.0240173 is 0.496
[2019-12-02 22:51:13] Now fitting the 10 chosen into the specific function
[2019-12-02 22:51:13] Now we find the zero of the fit to determine delta critical (parameters = 4481.64 -568523 2.40379e+07 -3.38752e+08)
[2019-12-02 22:51:13] We interpret the fitting parameters as coefficients of a degree 3 polynomial (which should be true, please check that)
[2019-12-02 22:51:13] Found three potential roots, compute which one is the best (100 runs per point)
[2019-12-02 22:51:13] Please implement the different equilibrium modes in case of three roots
[2019-12-02 22:51:13]  zero estimated at -1
[2019-12-02 22:51:13] Computed critical delta for ./matrices/Nr25_Nc25/RandTrix_Nr25_Nc25_Nest0.25_Conn0.1312.txt
[2019-12-02 22:51:13] Attempting now to find the critical delta for the given set of metaparameters
[2019-12-02 22:51:13] Computing probability of getting one or more extinctions for Delta=0
