[2019-11-28 18:35:01] Loading metaparameters from config/configuration_comparison_NR25_NS25_s09_a0.in
[2019-11-28 18:35:01] Successfully opened ./data_output/configuration_comparison_NR25_NS25_s09_a0_matrix_list_NR25_NS25_9.out, attempting now to find the critical delta of every listed matrix 
[2019-11-28 18:35:01] Attempting now to find the critical delta for the given set of metaparameters
[2019-11-28 18:35:01] Computing probability of getting one or more extinctions for Delta=0
[2019-11-28 18:35:01] Probability of getting one or more extinctions for Delta=0 is 0
[2019-11-28 18:35:01] Computing probability of getting one or more extinctions for Delta=1
[2019-11-28 18:35:02] Probability of getting one or more extinctions for Delta=1 is 1
[2019-11-28 18:35:02] We first find a rough interval where the critical delta should lie (each point computed by the solver is estimated with 100 runs)
[2019-11-28 18:35:02] Computing probability of getting one or more extinctions for Delta=0.5
[2019-11-28 18:35:02] Probability of getting one or more extinctions for Delta=0.5 is 1
[2019-11-28 18:35:02] Computing probability of getting one or more extinctions for Delta=0.25
[2019-11-28 18:35:03] Probability of getting one or more extinctions for Delta=0.25 is 1
[2019-11-28 18:35:03] Computing probability of getting one or more extinctions for Delta=0.125
[2019-11-28 18:35:04] Probability of getting one or more extinctions for Delta=0.125 is 1
[2019-11-28 18:35:04] Computing probability of getting one or more extinctions for Delta=0.0625
[2019-11-28 18:35:06] Probability of getting one or more extinctions for Delta=0.0625 is 1
[2019-11-28 18:35:06] Computing probability of getting one or more extinctions for Delta=0.03125
[2019-11-28 18:35:13] Probability of getting one or more extinctions for Delta=0.03125 is 0.98
[2019-11-28 18:35:13] Computing probability of getting one or more extinctions for Delta=0.0159439
[2019-11-28 18:36:09] Probability of getting one or more extinctions for Delta=0.0159439 is 0.75
[2019-11-28 18:36:09] Computing probability of getting one or more extinctions for Delta=0.00485248
[2019-11-28 18:39:01] Probability of getting one or more extinctions for Delta=0.00485248 is 0.06
[2019-11-28 18:39:01] Computing probability of getting one or more extinctions for Delta=0.0119253
[2019-11-28 18:40:03] Probability of getting one or more extinctions for Delta=0.0119253 is 0.53
[2019-11-28 18:40:03] Computing probability of getting one or more extinctions for Delta=0.0114122
[2019-11-28 18:41:26] Probability of getting one or more extinctions for Delta=0.0114122 is 0.55
[2019-11-28 18:41:26] Computing probability of getting one or more extinctions for Delta=0.00813236
[2019-11-28 18:43:59] Probability of getting one or more extinctions for Delta=0.00813236 is 0.32
[2019-11-28 18:43:59] Computing probability of getting one or more extinctions for Delta=0.0106992
[2019-11-28 18:45:28] Probability of getting one or more extinctions for Delta=0.0106992 is 0.56
[2019-11-28 18:45:28] Computing probability of getting one or more extinctions for Delta=0.00941579
[2019-11-28 18:47:39] Probability of getting one or more extinctions for Delta=0.00941579 is 0.44
[2019-11-28 18:47:39] Computing probability of getting one or more extinctions for Delta=0.0100575
[2019-11-28 18:49:00] Probability of getting one or more extinctions for Delta=0.0100575 is 0.47
[2019-11-28 18:49:00] Found an interval for Delta critical : [0.0100575;0.0106992]
[2019-11-28 18:49:00] Now computing the probability of getting more than one extinction for ten points inside this interval (1000 runs per point)
[2019-11-28 18:49:00] Computing probability of getting one or more extinctions for Delta=0.0100575
[2019-11-28 19:07:04] Probability of getting one or more extinctions for Delta=0.0100575 is 0.456
[2019-11-28 19:07:04] Computing probability of getting one or more extinctions for Delta=0.0101288
[2019-11-28 19:24:17] Probability of getting one or more extinctions for Delta=0.0101288 is 0.448
[2019-11-28 19:24:17] Computing probability of getting one or more extinctions for Delta=0.0102001
[2019-11-28 19:42:17] Probability of getting one or more extinctions for Delta=0.0102001 is 0.473
[2019-11-28 19:42:17] Computing probability of getting one or more extinctions for Delta=0.0102714
[2019-11-28 19:57:39] Probability of getting one or more extinctions for Delta=0.0102714 is 0.489
[2019-11-28 19:57:39] Computing probability of getting one or more extinctions for Delta=0.0103427
[2019-11-28 20:16:36] Probability of getting one or more extinctions for Delta=0.0103427 is 0.489
[2019-11-28 20:16:36] Computing probability of getting one or more extinctions for Delta=0.010414
[2019-11-28 20:36:07] Probability of getting one or more extinctions for Delta=0.010414 is 0.5
[2019-11-28 20:36:07] Computing probability of getting one or more extinctions for Delta=0.0104853
[2019-11-28 20:58:08] Probability of getting one or more extinctions for Delta=0.0104853 is 0.49
[2019-11-28 20:58:08] Computing probability of getting one or more extinctions for Delta=0.0105566
[2019-11-28 21:16:50] Probability of getting one or more extinctions for Delta=0.0105566 is 0.511
[2019-11-28 21:16:50] Computing probability of getting one or more extinctions for Delta=0.0106279
[2019-11-28 21:31:37] Probability of getting one or more extinctions for Delta=0.0106279 is 0.53
[2019-11-28 21:31:37] Computing probability of getting one or more extinctions for Delta=0.0106992
[2019-11-28 21:51:18] Probability of getting one or more extinctions for Delta=0.0106992 is 0.518
[2019-11-28 21:51:18] Now fitting the 10 chosen into the specific function
[2019-11-28 21:51:18] Now we find the zero of the fit to determine delta critical (parameters = 14.788 -5102.23 560076 -1.98312e+07)
[2019-11-28 21:51:18] We interpret the fitting parameters as coefficients of a degree 3 polynomial (which should be true, please check that)
[2019-11-28 21:51:18] Found three potential roots, compute which one is the best (100 runs per point)
[2019-11-28 21:51:18] Please implement the different equilibrium modes in case of three roots
[2019-11-28 21:51:18]  zero estimated at -1
[2019-11-28 21:51:18] Computed critical delta for ./matrices/Nr25_Nc25/RandTrix_Nr25_Nc25_Nest0.4_Conn0.272.txt
[2019-11-28 21:51:18] Attempting now to find the critical delta for the given set of metaparameters
[2019-11-28 21:51:18] Computing probability of getting one or more extinctions for Delta=0
[2019-11-28 21:51:18] Probability of getting one or more extinctions for Delta=0 is 0
[2019-11-28 21:51:18] Computing probability of getting one or more extinctions for Delta=1
[2019-11-28 21:51:18] Probability of getting one or more extinctions for Delta=1 is 1
[2019-11-28 21:51:18] We first find a rough interval where the critical delta should lie (each point computed by the solver is estimated with 100 runs)
[2019-11-28 21:51:18] Computing probability of getting one or more extinctions for Delta=0.5
[2019-11-28 21:51:19] Probability of getting one or more extinctions for Delta=0.5 is 1
[2019-11-28 21:51:19] Computing probability of getting one or more extinctions for Delta=0.25
[2019-11-28 21:51:20] Probability of getting one or more extinctions for Delta=0.25 is 1
[2019-11-28 21:51:20] Computing probability of getting one or more extinctions for Delta=0.125
[2019-11-28 21:51:21] Probability of getting one or more extinctions for Delta=0.125 is 1
[2019-11-28 21:51:21] Computing probability of getting one or more extinctions for Delta=0.0625
[2019-11-28 21:51:23] Probability of getting one or more extinctions for Delta=0.0625 is 1
[2019-11-28 21:51:23] Computing probability of getting one or more extinctions for Delta=0.03125
[2019-11-28 21:51:35] Probability of getting one or more extinctions for Delta=0.03125 is 0.96
[2019-11-28 21:51:35] Computing probability of getting one or more extinctions for Delta=0.016276
[2019-11-28 21:54:49] Probability of getting one or more extinctions for Delta=0.016276 is 0.65
[2019-11-28 21:54:49] Computing probability of getting one or more extinctions for Delta=0.0107026
[2019-11-28 21:58:31] Probability of getting one or more extinctions for Delta=0.0107026 is 0.46
[2019-11-28 21:58:31] Computing probability of getting one or more extinctions for Delta=0.011876
[2019-11-28 22:01:38] Probability of getting one or more extinctions for Delta=0.011876 is 0.39
[2019-11-28 22:01:38] Computing probability of getting one or more extinctions for Delta=0.014076
[2019-11-28 22:06:46] Probability of getting one or more extinctions for Delta=0.014076 is 0.5
[2019-11-28 22:06:46] Computing probability of getting one or more extinctions for Delta=0.014076
[2019-11-28 22:09:44] Probability of getting one or more extinctions for Delta=0.014076 is 0.56
[2019-11-28 22:09:44] Computing probability of getting one or more extinctions for Delta=0.012976
[2019-11-28 22:12:09] Probability of getting one or more extinctions for Delta=0.012976 is 0.55
[2019-11-28 22:12:09] Found an interval for Delta critical : [0.011876;0.012976]
[2019-11-28 22:12:09] Now computing the probability of getting more than one extinction for ten points inside this interval (1000 runs per point)
[2019-11-28 22:12:09] Computing probability of getting one or more extinctions for Delta=0.011876
[2019-11-28 22:45:20] Probability of getting one or more extinctions for Delta=0.011876 is 0.488
[2019-11-28 22:45:20] Computing probability of getting one or more extinctions for Delta=0.0119982
[2019-11-28 23:13:06] Probability of getting one or more extinctions for Delta=0.0119982 is 0.467
[2019-11-28 23:13:06] Computing probability of getting one or more extinctions for Delta=0.0121204
[2019-11-28 23:58:15] Probability of getting one or more extinctions for Delta=0.0121204 is 0.465
[2019-11-28 23:58:15] Computing probability of getting one or more extinctions for Delta=0.0122426
[2019-11-29 00:21:08] Probability of getting one or more extinctions for Delta=0.0122426 is 0.483
[2019-11-29 00:21:08] Computing probability of getting one or more extinctions for Delta=0.0123649
[2019-11-29 00:55:46] Probability of getting one or more extinctions for Delta=0.0123649 is 0.465
[2019-11-29 00:55:46] Computing probability of getting one or more extinctions for Delta=0.0124871
[2019-11-29 01:27:19] Probability of getting one or more extinctions for Delta=0.0124871 is 0.461
[2019-11-29 01:27:19] Computing probability of getting one or more extinctions for Delta=0.0126093
[2019-11-29 01:55:24] Probability of getting one or more extinctions for Delta=0.0126093 is 0.501
[2019-11-29 01:55:24] Computing probability of getting one or more extinctions for Delta=0.0127315
[2019-11-29 02:15:34] Probability of getting one or more extinctions for Delta=0.0127315 is 0.512
[2019-11-29 02:15:34] Computing probability of getting one or more extinctions for Delta=0.0128538
[2019-11-29 02:44:29] Probability of getting one or more extinctions for Delta=0.0128538 is 0.509
[2019-11-29 02:44:29] Computing probability of getting one or more extinctions for Delta=0.012976
[2019-11-29 03:15:09] Probability of getting one or more extinctions for Delta=0.012976 is 0.517
[2019-11-29 03:15:09] Now fitting the 10 chosen into the specific function
[2019-11-29 03:15:09] Now we find the zero of the fit to determine delta critical (parameters = 323.953 -77272.5 6.13634e+06 -1.62237e+08)
[2019-11-29 03:15:09] We interpret the fitting parameters as coefficients of a degree 3 polynomial (which should be true, please check that)
[2019-11-29 03:15:09] Found three potential roots, compute which one is the best (100 runs per point)
[2019-11-29 03:15:09] Please implement the different equilibrium modes in case of three roots
[2019-11-29 03:15:09]  zero estimated at -1
[2019-11-29 03:15:09] Computed critical delta for ./matrices/Nr25_Nc25/RandTrix_Nr25_Nc25_Nest0.4_Conn0.3312.txt
[2019-11-29 03:15:09] Attempting now to find the critical delta for the given set of metaparameters
[2019-11-29 03:15:09] Computing probability of getting one or more extinctions for Delta=0
[2019-11-29 13:07:24] Probability of getting one or more extinctions for Delta=0 is 0
[2019-11-29 13:07:24] Computing probability of getting one or more extinctions for Delta=1
[2019-11-29 13:07:24] Probability of getting one or more extinctions for Delta=1 is 1
[2019-11-29 13:07:24] We first find a rough interval where the critical delta should lie (each point computed by the solver is estimated with 100 runs)
[2019-11-29 13:07:24] Computing probability of getting one or more extinctions for Delta=0.5
[2019-11-29 13:07:24] Probability of getting one or more extinctions for Delta=0.5 is 1
[2019-11-29 13:07:24] Computing probability of getting one or more extinctions for Delta=0.25
[2019-11-29 13:07:25] Probability of getting one or more extinctions for Delta=0.25 is 1
[2019-11-29 13:07:25] Computing probability of getting one or more extinctions for Delta=0.125
[2019-11-29 13:07:25] Probability of getting one or more extinctions for Delta=0.125 is 1
[2019-11-29 13:07:25] Computing probability of getting one or more extinctions for Delta=0.0625
[2019-11-29 13:07:26] Probability of getting one or more extinctions for Delta=0.0625 is 1
[2019-11-29 13:07:26] Computing probability of getting one or more extinctions for Delta=0.03125
[2019-11-29 13:07:31] Probability of getting one or more extinctions for Delta=0.03125 is 0.95
[2019-11-29 13:07:31] Computing probability of getting one or more extinctions for Delta=0.0164474
[2019-12-02 00:43:58] Probability of getting one or more extinctions for Delta=0.0164474 is 0.49
[2019-12-02 00:43:58] Computing probability of getting one or more extinctions for Delta=0.0167692
[2019-12-02 10:26:14] Probability of getting one or more extinctions for Delta=0.0167692 is 0.64
[2019-12-02 10:26:14] Found an interval for Delta critical : [0.0164474;0.0167692]
[2019-12-02 10:26:14] Now computing the probability of getting more than one extinction for ten points inside this interval (1000 runs per point)
[2019-12-02 10:26:14] Computing probability of getting one or more extinctions for Delta=0.0164474
