[2019-11-30 15:12:54] Loading metaparameters from config/configuration_comparison_NR25_NS25_s025_a15.in
[2019-11-30 15:12:54] Successfully opened ./data_output/configuration_comparison_NR25_NS25_s025_a15_matrix_list_NR25_NS25_14.out, attempting now to find the critical delta of every listed matrix 
[2019-11-30 15:12:54] Attempting now to find the critical delta for the given set of metaparameters
[2019-11-30 15:12:54] Computing probability of getting one or more extinctions for Delta=0
[2019-11-30 15:12:54] Probability of getting one or more extinctions for Delta=0 is 0
[2019-11-30 15:12:54] Computing probability of getting one or more extinctions for Delta=1
[2019-11-30 15:12:54] Probability of getting one or more extinctions for Delta=1 is 1
[2019-11-30 15:12:54] We first find a rough interval where the critical delta should lie (each point computed by the solver is estimated with 100 runs)
[2019-11-30 15:12:54] Computing probability of getting one or more extinctions for Delta=0.5
[2019-11-30 15:12:54] Probability of getting one or more extinctions for Delta=0.5 is 1
[2019-11-30 15:12:54] Computing probability of getting one or more extinctions for Delta=0.25
[2019-11-30 15:12:55] Probability of getting one or more extinctions for Delta=0.25 is 1
[2019-11-30 15:12:55] Computing probability of getting one or more extinctions for Delta=0.125
[2019-11-30 15:12:55] Probability of getting one or more extinctions for Delta=0.125 is 0.99
[2019-11-30 15:12:55] Computing probability of getting one or more extinctions for Delta=0.0631313
[2019-11-30 15:12:57] Probability of getting one or more extinctions for Delta=0.0631313 is 0.92
[2019-11-30 15:12:57] Computing probability of getting one or more extinctions for Delta=0.0315657
[2019-11-30 15:13:01] Probability of getting one or more extinctions for Delta=0.0315657 is 0.37
[2019-11-30 15:13:01] Computing probability of getting one or more extinctions for Delta=0.0390266
[2019-11-30 15:13:07] Probability of getting one or more extinctions for Delta=0.0390266 is 0.65
[2019-11-30 15:13:07] Computing probability of getting one or more extinctions for Delta=0.0350297
[2019-11-30 15:13:13] Probability of getting one or more extinctions for Delta=0.0350297 is 0.47
[2019-11-30 15:13:13] Computing probability of getting one or more extinctions for Delta=0.0358957
[2019-11-30 15:13:18] Probability of getting one or more extinctions for Delta=0.0358957 is 0.49
[2019-11-30 15:13:18] Found an interval for Delta critical : [0.0358957;0.0390266]
[2019-11-30 15:13:18] Now computing the probability of getting more than one extinction for ten points inside this interval (1000 runs per point)
[2019-11-30 15:13:18] Computing probability of getting one or more extinctions for Delta=0.0358957
[2019-11-30 15:14:14] Probability of getting one or more extinctions for Delta=0.0358957 is 0.485
[2019-11-30 15:14:14] Computing probability of getting one or more extinctions for Delta=0.0362436
[2019-11-30 15:15:00] Probability of getting one or more extinctions for Delta=0.0362436 is 0.534
[2019-11-30 15:15:00] Computing probability of getting one or more extinctions for Delta=0.0365915
[2019-11-30 15:15:46] Probability of getting one or more extinctions for Delta=0.0365915 is 0.551
[2019-11-30 15:15:46] Computing probability of getting one or more extinctions for Delta=0.0369393
[2019-11-30 15:16:45] Probability of getting one or more extinctions for Delta=0.0369393 is 0.56
[2019-11-30 15:16:45] Computing probability of getting one or more extinctions for Delta=0.0372872
[2019-11-30 15:18:00] Probability of getting one or more extinctions for Delta=0.0372872 is 0.567
[2019-11-30 15:18:00] Computing probability of getting one or more extinctions for Delta=0.0376351
[2019-11-30 15:18:46] Probability of getting one or more extinctions for Delta=0.0376351 is 0.559
[2019-11-30 15:18:46] Computing probability of getting one or more extinctions for Delta=0.037983
[2019-11-30 15:19:28] Probability of getting one or more extinctions for Delta=0.037983 is 0.589
[2019-11-30 15:19:28] Computing probability of getting one or more extinctions for Delta=0.0383309
[2019-11-30 15:20:13] Probability of getting one or more extinctions for Delta=0.0383309 is 0.623
[2019-11-30 15:20:13] Computing probability of getting one or more extinctions for Delta=0.0386787
[2019-11-30 15:21:03] Probability of getting one or more extinctions for Delta=0.0386787 is 0.605
[2019-11-30 15:21:03] Computing probability of getting one or more extinctions for Delta=0.0390266
[2019-11-30 15:21:47] Probability of getting one or more extinctions for Delta=0.0390266 is 0.609
[2019-11-30 15:21:47] Now fitting the 10 chosen into the specific function
[2019-11-30 15:21:47] Now we find the zero of the fit to determine delta critical (parameters = -229.587 18003.4 -470972 4.11194e+06)
[2019-11-30 15:21:47] We interpret the fitting parameters as coefficients of a degree 3 polynomial (which should be true, please check that)
[2019-11-30 15:21:47]  zero estimated at 0.0359545
[2019-11-30 15:21:47] Computed critical delta for ./matrices/Nr25_Nc25/RandTrix_Nr25_Nc25_Nest0.6_Conn0.1344.txt
[2019-11-30 15:21:47] Attempting now to find the critical delta for the given set of metaparameters
[2019-11-30 15:21:47] Computing probability of getting one or more extinctions for Delta=0
[2019-11-30 15:21:48] Probability of getting one or more extinctions for Delta=0 is 0
[2019-11-30 15:21:48] Computing probability of getting one or more extinctions for Delta=1
[2019-11-30 15:21:48] Probability of getting one or more extinctions for Delta=1 is 1
[2019-11-30 15:21:48] We first find a rough interval where the critical delta should lie (each point computed by the solver is estimated with 100 runs)
[2019-11-30 15:21:48] Computing probability of getting one or more extinctions for Delta=0.5
[2019-11-30 15:21:48] Probability of getting one or more extinctions for Delta=0.5 is 1
[2019-11-30 15:21:48] Computing probability of getting one or more extinctions for Delta=0.25
[2019-11-30 15:21:49] Probability of getting one or more extinctions for Delta=0.25 is 1
[2019-11-30 15:21:49] Computing probability of getting one or more extinctions for Delta=0.125
[2019-11-30 15:21:49] Probability of getting one or more extinctions for Delta=0.125 is 1
[2019-11-30 15:21:49] Computing probability of getting one or more extinctions for Delta=0.0625
[2019-11-30 15:21:50] Probability of getting one or more extinctions for Delta=0.0625 is 1
[2019-11-30 15:21:50] Computing probability of getting one or more extinctions for Delta=0.03125
[2019-11-30 15:21:59] Probability of getting one or more extinctions for Delta=0.03125 is 0.55
[2019-11-30 15:21:59] Computing probability of getting one or more extinctions for Delta=0.0284091
[2019-11-30 15:22:07] Probability of getting one or more extinctions for Delta=0.0284091 is 0.58
[2019-11-30 15:22:07] Computing probability of getting one or more extinctions for Delta=0.0142045
[2019-11-30 15:22:15] Probability of getting one or more extinctions for Delta=0.0142045 is 0.02
[2019-11-30 15:22:15] Computing probability of getting one or more extinctions for Delta=0.0263799
[2019-11-30 15:22:24] Probability of getting one or more extinctions for Delta=0.0263799 is 0.43
[2019-11-30 15:22:24] Found an interval for Delta critical : [0.0263799;0.0284091]
[2019-11-30 15:22:24] Now computing the probability of getting more than one extinction for ten points inside this interval (1000 runs per point)
[2019-11-30 15:22:24] Computing probability of getting one or more extinctions for Delta=0.0263799
[2019-11-30 15:23:55] Probability of getting one or more extinctions for Delta=0.0263799 is 0.404
[2019-11-30 15:23:55] Computing probability of getting one or more extinctions for Delta=0.0266053
[2019-11-30 15:26:43] Probability of getting one or more extinctions for Delta=0.0266053 is 0.405
[2019-11-30 15:26:43] Computing probability of getting one or more extinctions for Delta=0.0268308
[2019-11-30 15:29:42] Probability of getting one or more extinctions for Delta=0.0268308 is 0.44
[2019-11-30 15:29:42] Computing probability of getting one or more extinctions for Delta=0.0270563
[2019-11-30 15:32:18] Probability of getting one or more extinctions for Delta=0.0270563 is 0.453
[2019-11-30 15:32:18] Computing probability of getting one or more extinctions for Delta=0.0272817
[2019-11-30 15:35:22] Probability of getting one or more extinctions for Delta=0.0272817 is 0.433
[2019-11-30 15:35:22] Computing probability of getting one or more extinctions for Delta=0.0275072
[2019-11-30 15:38:12] Probability of getting one or more extinctions for Delta=0.0275072 is 0.465
[2019-11-30 15:38:12] Computing probability of getting one or more extinctions for Delta=0.0277327
[2019-11-30 15:41:01] Probability of getting one or more extinctions for Delta=0.0277327 is 0.489
[2019-11-30 15:41:01] Computing probability of getting one or more extinctions for Delta=0.0279582
[2019-11-30 15:44:04] Probability of getting one or more extinctions for Delta=0.0279582 is 0.476
[2019-11-30 15:44:04] Computing probability of getting one or more extinctions for Delta=0.0281836
[2019-11-30 15:46:27] Probability of getting one or more extinctions for Delta=0.0281836 is 0.49
[2019-11-30 15:46:27] Computing probability of getting one or more extinctions for Delta=0.0284091
[2019-11-30 15:48:29] Probability of getting one or more extinctions for Delta=0.0284091 is 0.546
[2019-11-30 15:48:29] Now fitting the 10 chosen into the specific function
[2019-11-30 15:48:29] Now we find the zero of the fit to determine delta critical (parameters = -693.933 76239.9 -2.79344e+06 3.41317e+07)
[2019-11-30 15:48:29] We interpret the fitting parameters as coefficients of a degree 3 polynomial (which should be true, please check that)
[2019-11-30 15:48:29]  zero estimated at 0.0281323
[2019-11-30 15:48:29] Computed critical delta for ./matrices/Nr25_Nc25/RandTrix_Nr25_Nc25_Nest0.6_Conn0.1712.txt
[2019-11-30 15:48:29] Attempting now to find the critical delta for the given set of metaparameters
[2019-11-30 15:48:29] Computing probability of getting one or more extinctions for Delta=0
[2019-11-30 15:48:29] Probability of getting one or more extinctions for Delta=0 is 0
[2019-11-30 15:48:29] Computing probability of getting one or more extinctions for Delta=1
[2019-11-30 15:48:30] Probability of getting one or more extinctions for Delta=1 is 1
[2019-11-30 15:48:30] We first find a rough interval where the critical delta should lie (each point computed by the solver is estimated with 100 runs)
[2019-11-30 15:48:30] Computing probability of getting one or more extinctions for Delta=0.5
[2019-11-30 15:48:30] Probability of getting one or more extinctions for Delta=0.5 is 1
[2019-11-30 15:48:30] Computing probability of getting one or more extinctions for Delta=0.25
[2019-11-30 15:48:31] Probability of getting one or more extinctions for Delta=0.25 is 1
[2019-11-30 15:48:31] Computing probability of getting one or more extinctions for Delta=0.125
[2019-11-30 15:48:33] Probability of getting one or more extinctions for Delta=0.125 is 1
[2019-11-30 15:48:33] Computing probability of getting one or more extinctions for Delta=0.0625
[2019-11-30 15:48:35] Probability of getting one or more extinctions for Delta=0.0625 is 1
[2019-11-30 15:48:35] Computing probability of getting one or more extinctions for Delta=0.03125
[2019-11-30 15:48:49] Probability of getting one or more extinctions for Delta=0.03125 is 0.97
[2019-11-30 15:48:49] Computing probability of getting one or more extinctions for Delta=0.0161082
[2019-11-30 15:50:10] Probability of getting one or more extinctions for Delta=0.0161082 is 0.68
[2019-11-30 15:50:10] Computing probability of getting one or more extinctions for Delta=0.00919771
[2019-11-30 15:52:27] Probability of getting one or more extinctions for Delta=0.00919771 is 0.16
[2019-11-30 15:52:27] Computing probability of getting one or more extinctions for Delta=0.0137161
[2019-11-30 15:54:20] Probability of getting one or more extinctions for Delta=0.0137161 is 0.47
[2019-11-30 15:54:20] Computing probability of getting one or more extinctions for Delta=0.0140579
[2019-11-30 15:55:34] Probability of getting one or more extinctions for Delta=0.0140579 is 0.57
[2019-11-30 15:55:34] Found an interval for Delta critical : [0.0137161;0.0140579]
[2019-11-30 15:55:34] Now computing the probability of getting more than one extinction for ten points inside this interval (1000 runs per point)
[2019-11-30 15:55:34] Computing probability of getting one or more extinctions for Delta=0.0137161
[2019-11-30 20:33:16] Probability of getting one or more extinctions for Delta=0.0137161 is 0.511
[2019-11-30 20:33:16] Computing probability of getting one or more extinctions for Delta=0.0137541
[2019-12-01 01:20:35] Probability of getting one or more extinctions for Delta=0.0137541 is 0.466
[2019-12-01 01:20:35] Computing probability of getting one or more extinctions for Delta=0.0137921
[2019-12-01 06:02:19] Probability of getting one or more extinctions for Delta=0.0137921 is 0.52
[2019-12-01 06:02:19] Computing probability of getting one or more extinctions for Delta=0.01383
[2019-12-01 14:47:22] Probability of getting one or more extinctions for Delta=0.01383 is 0.493
[2019-12-01 14:47:22] Computing probability of getting one or more extinctions for Delta=0.013868
[2019-12-01 19:35:44] Probability of getting one or more extinctions for Delta=0.013868 is 0.498
[2019-12-01 19:35:44] Computing probability of getting one or more extinctions for Delta=0.013906
[2019-12-01 19:46:35] Probability of getting one or more extinctions for Delta=0.013906 is 0.501
[2019-12-01 19:46:35] Computing probability of getting one or more extinctions for Delta=0.013944
[2019-12-01 19:57:22] Probability of getting one or more extinctions for Delta=0.013944 is 0.552
[2019-12-01 19:57:22] Computing probability of getting one or more extinctions for Delta=0.0139819
[2019-12-02 04:41:01] Probability of getting one or more extinctions for Delta=0.0139819 is 0.501
[2019-12-02 04:41:01] Computing probability of getting one or more extinctions for Delta=0.0140199
[2019-12-02 04:57:09] Probability of getting one or more extinctions for Delta=0.0140199 is 0.542
[2019-12-02 04:57:09] Computing probability of getting one or more extinctions for Delta=0.0140579
[2019-12-02 05:11:52] Probability of getting one or more extinctions for Delta=0.0140579 is 0.527
[2019-12-02 05:11:52] Now fitting the 10 chosen into the specific function
[2019-12-02 05:11:52] Now we find the zero of the fit to determine delta critical (parameters = 15116.6 -3.26274e+06 2.34725e+08 -5.62836e+09)
[2019-12-02 05:11:52] We interpret the fitting parameters as coefficients of a degree 3 polynomial (which should be true, please check that)
[2019-12-02 05:11:52] Found three potential roots, compute which one is the best (100 runs per point)
[2019-12-02 05:11:52] Please implement the different equilibrium modes in case of three roots
[2019-12-02 05:11:52]  zero estimated at -1
[2019-12-02 05:11:52] Computed critical delta for ./matrices/Nr25_Nc25/RandTrix_Nr25_Nc25_Nest0.6_Conn0.2304.txt
[2019-12-02 05:11:52] Attempting now to find the critical delta for the given set of metaparameters
[2019-12-02 05:11:52] Computing probability of getting one or more extinctions for Delta=0
[2019-12-02 05:11:52] Probability of getting one or more extinctions for Delta=0 is 0
[2019-12-02 05:11:52] Computing probability of getting one or more extinctions for Delta=1
[2019-12-02 05:11:53] Probability of getting one or more extinctions for Delta=1 is 1
[2019-12-02 05:11:53] We first find a rough interval where the critical delta should lie (each point computed by the solver is estimated with 100 runs)
[2019-12-02 05:11:53] Computing probability of getting one or more extinctions for Delta=0.5
[2019-12-02 05:11:53] Probability of getting one or more extinctions for Delta=0.5 is 1
[2019-12-02 05:11:53] Computing probability of getting one or more extinctions for Delta=0.25
[2019-12-02 05:11:54] Probability of getting one or more extinctions for Delta=0.25 is 1
[2019-12-02 05:11:54] Computing probability of getting one or more extinctions for Delta=0.125
[2019-12-02 05:11:54] Probability of getting one or more extinctions for Delta=0.125 is 1
[2019-12-02 05:11:54] Computing probability of getting one or more extinctions for Delta=0.0625
[2019-12-02 05:11:56] Probability of getting one or more extinctions for Delta=0.0625 is 1
[2019-12-02 05:11:56] Computing probability of getting one or more extinctions for Delta=0.03125
[2019-12-02 05:12:06] Probability of getting one or more extinctions for Delta=0.03125 is 0.98
[2019-12-02 05:12:06] Computing probability of getting one or more extinctions for Delta=0.0159439
[2019-12-02 05:12:57] Probability of getting one or more extinctions for Delta=0.0159439 is 0.79
[2019-12-02 05:12:57] Computing probability of getting one or more extinctions for Delta=0.00797194
[2019-12-02 05:14:51] Probability of getting one or more extinctions for Delta=0.00797194 is 0.43
[2019-12-02 05:14:51] Computing probability of getting one or more extinctions for Delta=0.00952204
[2019-12-02 05:16:51] Probability of getting one or more extinctions for Delta=0.00952204 is 0.45
[2019-12-02 05:16:51] Computing probability of getting one or more extinctions for Delta=0.0128274
[2019-12-02 05:18:31] Probability of getting one or more extinctions for Delta=0.0128274 is 0.67
[2019-12-02 05:18:31] Computing probability of getting one or more extinctions for Delta=0.0102733
[2019-12-02 05:20:22] Probability of getting one or more extinctions for Delta=0.0102733 is 0.49
[2019-12-02 05:20:22] Computing probability of getting one or more extinctions for Delta=0.0104506
[2019-12-02 05:22:30] Probability of getting one or more extinctions for Delta=0.0104506 is 0.43
[2019-12-02 05:22:30] Computing probability of getting one or more extinctions for Delta=0.011639
[2019-12-02 05:24:16] Probability of getting one or more extinctions for Delta=0.011639 is 0.61
[2019-12-02 05:24:16] Computing probability of getting one or more extinctions for Delta=0.0109128
[2019-12-02 05:25:59] Probability of getting one or more extinctions for Delta=0.0109128 is 0.53
[2019-12-02 05:25:59] Found an interval for Delta critical : [0.0104506;0.0109128]
[2019-12-02 05:25:59] Now computing the probability of getting more than one extinction for ten points inside this interval (1000 runs per point)
[2019-12-02 05:25:59] Computing probability of getting one or more extinctions for Delta=0.0104506
[2019-12-02 05:48:02] Probability of getting one or more extinctions for Delta=0.0104506 is 0.483
[2019-12-02 05:48:02] Computing probability of getting one or more extinctions for Delta=0.010502
[2019-12-02 06:08:46] Probability of getting one or more extinctions for Delta=0.010502 is 0.495
[2019-12-02 06:08:46] Computing probability of getting one or more extinctions for Delta=0.0105533
[2019-12-02 06:38:41] Probability of getting one or more extinctions for Delta=0.0105533 is 0.508
[2019-12-02 06:38:41] Computing probability of getting one or more extinctions for Delta=0.0106047
[2019-12-02 07:05:19] Probability of getting one or more extinctions for Delta=0.0106047 is 0.486
[2019-12-02 07:05:19] Computing probability of getting one or more extinctions for Delta=0.010656
[2019-12-02 07:26:37] Probability of getting one or more extinctions for Delta=0.010656 is 0.512
[2019-12-02 07:26:37] Computing probability of getting one or more extinctions for Delta=0.0107074
[2019-12-02 07:57:55] Probability of getting one or more extinctions for Delta=0.0107074 is 0.547
[2019-12-02 07:57:55] Computing probability of getting one or more extinctions for Delta=0.0107587
[2019-12-02 08:20:35] Probability of getting one or more extinctions for Delta=0.0107587 is 0.521
[2019-12-02 08:20:35] Computing probability of getting one or more extinctions for Delta=0.0108101
[2019-12-02 08:48:06] Probability of getting one or more extinctions for Delta=0.0108101 is 0.507
[2019-12-02 08:48:06] Computing probability of getting one or more extinctions for Delta=0.0108614
[2019-12-02 09:12:58] Probability of getting one or more extinctions for Delta=0.0108614 is 0.554
[2019-12-02 09:12:58] Computing probability of getting one or more extinctions for Delta=0.0109128
[2019-12-02 09:37:37] Probability of getting one or more extinctions for Delta=0.0109128 is 0.526
[2019-12-02 09:37:37] Now fitting the 10 chosen into the specific function
[2019-12-02 09:37:37] Now we find the zero of the fit to determine delta critical (parameters = 835.473 -236758 2.235e+07 -7.02835e+08)
[2019-12-02 09:37:37] We interpret the fitting parameters as coefficients of a degree 3 polynomial (which should be true, please check that)
[2019-12-02 09:37:37] Found three potential roots, compute which one is the best (100 runs per point)
[2019-12-02 09:37:37] Please implement the different equilibrium modes in case of three roots
[2019-12-02 09:37:37]  zero estimated at -1
[2019-12-02 09:37:37] Computed critical delta for ./matrices/Nr25_Nc25/RandTrix_Nr25_Nc25_Nest0.6_Conn0.2768.txt
[2019-12-02 09:37:37] Attempting now to find the critical delta for the given set of metaparameters
[2019-12-02 09:37:37] Computing probability of getting one or more extinctions for Delta=0
