[2019-12-02 17:02:51] Loading metaparameters from config/configuration_comparison_NR25_NS25_s025_a05.in
[2019-12-02 17:02:51] Successfully opened ./data_output/configuration_comparison_NR25_NS25_s025_a05_matrix_list_NR25_NS25_14.out, attempting now to find the critical delta of every listed matrix 
[2019-12-02 17:02:51] Attempting now to find the critical delta for the given set of metaparameters
[2019-12-02 17:02:51] Computing probability of getting one or more extinctions for Delta=0
[2019-12-02 17:02:51] Probability of getting one or more extinctions for Delta=0 is 0
[2019-12-02 17:02:51] Computing probability of getting one or more extinctions for Delta=1
[2019-12-02 17:02:52] Probability of getting one or more extinctions for Delta=1 is 1
[2019-12-02 17:02:52] We first find a rough interval where the critical delta should lie (each point computed by the solver is estimated with 100 runs)
[2019-12-02 17:02:52] Computing probability of getting one or more extinctions for Delta=0.5
[2019-12-02 17:02:53] Probability of getting one or more extinctions for Delta=0.5 is 1
[2019-12-02 17:02:53] Computing probability of getting one or more extinctions for Delta=0.25
[2019-12-02 17:02:53] Probability of getting one or more extinctions for Delta=0.25 is 1
[2019-12-02 17:02:53] Computing probability of getting one or more extinctions for Delta=0.125
[2019-12-02 17:02:54] Probability of getting one or more extinctions for Delta=0.125 is 1
[2019-12-02 17:02:54] Computing probability of getting one or more extinctions for Delta=0.0625
[2019-12-02 17:02:57] Probability of getting one or more extinctions for Delta=0.0625 is 0.95
[2019-12-02 17:02:57] Computing probability of getting one or more extinctions for Delta=0.0328947
[2019-12-02 17:03:07] Probability of getting one or more extinctions for Delta=0.0328947 is 0.39
[2019-12-02 17:03:07] Computing probability of getting one or more extinctions for Delta=0.0387101
[2019-12-02 17:03:17] Probability of getting one or more extinctions for Delta=0.0387101 is 0.54
[2019-12-02 17:03:17] Computing probability of getting one or more extinctions for Delta=0.0371593
[2019-12-02 17:03:23] Probability of getting one or more extinctions for Delta=0.0371593 is 0.44
[2019-12-02 17:03:23] Found an interval for Delta critical : [0.0371593;0.0387101]
[2019-12-02 17:03:23] Now computing the probability of getting more than one extinction for ten points inside this interval (1000 runs per point)
[2019-12-02 17:03:23] Computing probability of getting one or more extinctions for Delta=0.0371593
[2019-12-02 17:04:33] Probability of getting one or more extinctions for Delta=0.0371593 is 0.528
[2019-12-02 17:04:33] Computing probability of getting one or more extinctions for Delta=0.0373316
[2019-12-02 17:06:02] Probability of getting one or more extinctions for Delta=0.0373316 is 0.586
[2019-12-02 17:06:02] Computing probability of getting one or more extinctions for Delta=0.0375039
[2019-12-02 17:07:34] Probability of getting one or more extinctions for Delta=0.0375039 is 0.558
[2019-12-02 17:07:34] Computing probability of getting one or more extinctions for Delta=0.0376762
[2019-12-02 17:08:39] Probability of getting one or more extinctions for Delta=0.0376762 is 0.565
[2019-12-02 17:08:39] Computing probability of getting one or more extinctions for Delta=0.0378485
[2019-12-02 17:09:51] Probability of getting one or more extinctions for Delta=0.0378485 is 0.582
[2019-12-02 17:09:51] Computing probability of getting one or more extinctions for Delta=0.0380208
[2019-12-02 17:10:51] Probability of getting one or more extinctions for Delta=0.0380208 is 0.562
[2019-12-02 17:10:51] Computing probability of getting one or more extinctions for Delta=0.0381931
[2019-12-02 17:12:17] Probability of getting one or more extinctions for Delta=0.0381931 is 0.583
[2019-12-02 17:12:17] Computing probability of getting one or more extinctions for Delta=0.0383654
[2019-12-02 17:13:54] Probability of getting one or more extinctions for Delta=0.0383654 is 0.569
[2019-12-02 17:13:54] Computing probability of getting one or more extinctions for Delta=0.0385378
[2019-12-02 17:15:23] Probability of getting one or more extinctions for Delta=0.0385378 is 0.585
[2019-12-02 17:15:23] Computing probability of getting one or more extinctions for Delta=0.0387101
[2019-12-02 17:16:15] Probability of getting one or more extinctions for Delta=0.0387101 is 0.603
[2019-12-02 17:16:15] Now fitting the 10 chosen into the specific function
[2019-12-02 17:16:15] Now we find the zero of the fit to determine delta critical (parameters = -5103.33 403530 -1.06354e+07 9.34328e+07)
[2019-12-02 17:16:15] We interpret the fitting parameters as coefficients of a degree 3 polynomial (which should be true, please check that)
[2019-12-02 17:16:15]  zero estimated at 0.0369697
[2019-12-02 17:16:15] Computed critical delta for ./matrices/Nr25_Nc25/RandTrix_Nr25_Nc25_Nest0.6_Conn0.1344.txt
[2019-12-02 17:16:15] Attempting now to find the critical delta for the given set of metaparameters
[2019-12-02 17:16:15] Computing probability of getting one or more extinctions for Delta=0
[2019-12-02 17:16:15] Probability of getting one or more extinctions for Delta=0 is 0
[2019-12-02 17:16:15] Computing probability of getting one or more extinctions for Delta=1
[2019-12-02 17:16:15] Probability of getting one or more extinctions for Delta=1 is 1
[2019-12-02 17:16:15] We first find a rough interval where the critical delta should lie (each point computed by the solver is estimated with 100 runs)
[2019-12-02 17:16:15] Computing probability of getting one or more extinctions for Delta=0.5
[2019-12-02 17:16:16] Probability of getting one or more extinctions for Delta=0.5 is 1
[2019-12-02 17:16:16] Computing probability of getting one or more extinctions for Delta=0.25
[2019-12-02 17:16:16] Probability of getting one or more extinctions for Delta=0.25 is 1
[2019-12-02 17:16:16] Computing probability of getting one or more extinctions for Delta=0.125
[2019-12-02 17:16:17] Probability of getting one or more extinctions for Delta=0.125 is 1
[2019-12-02 17:16:17] Computing probability of getting one or more extinctions for Delta=0.0625
[2019-12-02 17:16:18] Probability of getting one or more extinctions for Delta=0.0625 is 0.98
[2019-12-02 17:16:18] Computing probability of getting one or more extinctions for Delta=0.0318878
[2019-12-02 17:16:25] Probability of getting one or more extinctions for Delta=0.0318878 is 0.68
[2019-12-02 17:16:25] Computing probability of getting one or more extinctions for Delta=0.0183824
[2019-12-02 17:16:34] Probability of getting one or more extinctions for Delta=0.0183824 is 0.07
[2019-12-02 17:16:34] Computing probability of getting one or more extinctions for Delta=0.0279026
[2019-12-02 17:16:44] Probability of getting one or more extinctions for Delta=0.0279026 is 0.56
[2019-12-02 17:16:44] Computing probability of getting one or more extinctions for Delta=0.0261539
[2019-12-02 17:16:57] Probability of getting one or more extinctions for Delta=0.0261539 is 0.4
[2019-12-02 17:16:57] Found an interval for Delta critical : [0.0261539;0.0279026]
[2019-12-02 17:16:57] Now computing the probability of getting more than one extinction for ten points inside this interval (1000 runs per point)
[2019-12-02 17:16:57] Computing probability of getting one or more extinctions for Delta=0.0261539
[2019-12-02 17:19:59] Probability of getting one or more extinctions for Delta=0.0261539 is 0.403
[2019-12-02 17:19:59] Computing probability of getting one or more extinctions for Delta=0.0263482
[2019-12-02 17:22:45] Probability of getting one or more extinctions for Delta=0.0263482 is 0.404
[2019-12-02 17:22:45] Computing probability of getting one or more extinctions for Delta=0.0265425
[2019-12-02 17:24:21] Probability of getting one or more extinctions for Delta=0.0265425 is 0.444
[2019-12-02 17:24:21] Computing probability of getting one or more extinctions for Delta=0.0267368
[2019-12-02 17:26:55] Probability of getting one or more extinctions for Delta=0.0267368 is 0.432
[2019-12-02 17:26:55] Computing probability of getting one or more extinctions for Delta=0.0269311
[2019-12-02 17:28:44] Probability of getting one or more extinctions for Delta=0.0269311 is 0.441
[2019-12-02 17:28:44] Computing probability of getting one or more extinctions for Delta=0.0271254
[2019-12-02 17:31:00] Probability of getting one or more extinctions for Delta=0.0271254 is 0.438
[2019-12-02 17:31:00] Computing probability of getting one or more extinctions for Delta=0.0273197
[2019-12-02 17:33:15] Probability of getting one or more extinctions for Delta=0.0273197 is 0.469
[2019-12-02 17:33:15] Computing probability of getting one or more extinctions for Delta=0.027514
[2019-12-02 17:35:21] Probability of getting one or more extinctions for Delta=0.027514 is 0.47
[2019-12-02 17:35:21] Computing probability of getting one or more extinctions for Delta=0.0277083
[2019-12-02 17:37:24] Probability of getting one or more extinctions for Delta=0.0277083 is 0.474
[2019-12-02 17:37:24] Computing probability of getting one or more extinctions for Delta=0.0279026
[2019-12-02 17:39:39] Probability of getting one or more extinctions for Delta=0.0279026 is 0.445
[2019-12-02 17:39:39] Now fitting the 10 chosen into the specific function
[2019-12-02 17:39:39] Now we find the zero of the fit to determine delta critical (parameters = 623.322 -70080.1 2.62379e+06 -3.27163e+07)
[2019-12-02 17:39:39] We interpret the fitting parameters as coefficients of a degree 3 polynomial (which should be true, please check that)
[2019-12-02 17:39:39]  zero estimated at 0.0249917
[2019-12-02 17:39:39] Computed critical delta for ./matrices/Nr25_Nc25/RandTrix_Nr25_Nc25_Nest0.6_Conn0.1712.txt
[2019-12-02 17:39:39] Attempting now to find the critical delta for the given set of metaparameters
[2019-12-02 17:39:39] Computing probability of getting one or more extinctions for Delta=0
[2019-12-02 17:39:39] Probability of getting one or more extinctions for Delta=0 is 0
[2019-12-02 17:39:39] Computing probability of getting one or more extinctions for Delta=1
[2019-12-02 17:39:40] Probability of getting one or more extinctions for Delta=1 is 1
[2019-12-02 17:39:40] We first find a rough interval where the critical delta should lie (each point computed by the solver is estimated with 100 runs)
[2019-12-02 17:39:40] Computing probability of getting one or more extinctions for Delta=0.5
[2019-12-02 17:39:40] Probability of getting one or more extinctions for Delta=0.5 is 1
[2019-12-02 17:39:40] Computing probability of getting one or more extinctions for Delta=0.25
[2019-12-02 17:39:40] Probability of getting one or more extinctions for Delta=0.25 is 1
[2019-12-02 17:39:40] Computing probability of getting one or more extinctions for Delta=0.125
[2019-12-02 17:39:41] Probability of getting one or more extinctions for Delta=0.125 is 1
[2019-12-02 17:39:41] Computing probability of getting one or more extinctions for Delta=0.0625
[2019-12-02 17:39:42] Probability of getting one or more extinctions for Delta=0.0625 is 1
[2019-12-02 17:39:42] Computing probability of getting one or more extinctions for Delta=0.03125
[2019-12-02 17:39:59] Probability of getting one or more extinctions for Delta=0.03125 is 0.97
[2019-12-02 17:39:59] Computing probability of getting one or more extinctions for Delta=0.0161082
[2019-12-02 17:40:52] Probability of getting one or more extinctions for Delta=0.0161082 is 0.69
[2019-12-02 17:40:52] Computing probability of getting one or more extinctions for Delta=0.00866277
[2019-12-02 17:42:29] Probability of getting one or more extinctions for Delta=0.00866277 is 0.08
[2019-12-02 17:42:29] Computing probability of getting one or more extinctions for Delta=0.0137892
[2019-12-02 17:43:41] Probability of getting one or more extinctions for Delta=0.0137892 is 0.53
[2019-12-02 17:43:41] Computing probability of getting one or more extinctions for Delta=0.0133833
[2019-12-02 17:44:45] Probability of getting one or more extinctions for Delta=0.0133833 is 0.55
[2019-12-02 17:44:45] Computing probability of getting one or more extinctions for Delta=0.011023
[2019-12-02 17:46:22] Probability of getting one or more extinctions for Delta=0.011023 is 0.25
[2019-12-02 17:46:22] Computing probability of getting one or more extinctions for Delta=0.0129899
[2019-12-02 17:47:44] Probability of getting one or more extinctions for Delta=0.0129899 is 0.39
[2019-12-02 17:47:44] Found an interval for Delta critical : [0.0129899;0.0133833]
[2019-12-02 17:47:44] Now computing the probability of getting more than one extinction for ten points inside this interval (1000 runs per point)
[2019-12-02 17:47:44] Computing probability of getting one or more extinctions for Delta=0.0129899
[2019-12-02 18:01:27] Probability of getting one or more extinctions for Delta=0.0129899 is 0.435
[2019-12-02 18:01:27] Computing probability of getting one or more extinctions for Delta=0.0130337
[2019-12-02 18:14:26] Probability of getting one or more extinctions for Delta=0.0130337 is 0.438
[2019-12-02 18:14:26] Computing probability of getting one or more extinctions for Delta=0.0130774
[2019-12-02 18:28:34] Probability of getting one or more extinctions for Delta=0.0130774 is 0.443
[2019-12-02 18:28:34] Computing probability of getting one or more extinctions for Delta=0.0131211
[2019-12-02 18:39:55] Probability of getting one or more extinctions for Delta=0.0131211 is 0.432
[2019-12-02 18:39:55] Computing probability of getting one or more extinctions for Delta=0.0131648
[2019-12-02 18:49:19] Probability of getting one or more extinctions for Delta=0.0131648 is 0.455
[2019-12-02 18:49:19] Computing probability of getting one or more extinctions for Delta=0.0132085
[2019-12-02 19:04:44] Probability of getting one or more extinctions for Delta=0.0132085 is 0.451
[2019-12-02 19:04:44] Computing probability of getting one or more extinctions for Delta=0.0132522
[2019-12-02 19:18:36] Probability of getting one or more extinctions for Delta=0.0132522 is 0.454
[2019-12-02 19:18:36] Computing probability of getting one or more extinctions for Delta=0.0132959
[2019-12-02 19:28:48] Probability of getting one or more extinctions for Delta=0.0132959 is 0.478
[2019-12-02 19:28:48] Computing probability of getting one or more extinctions for Delta=0.0133396
[2019-12-02 19:42:41] Probability of getting one or more extinctions for Delta=0.0133396 is 0.477
[2019-12-02 19:42:41] Computing probability of getting one or more extinctions for Delta=0.0133833
[2019-12-03 00:04:28] Probability of getting one or more extinctions for Delta=0.0133833 is 0.461
[2019-12-03 00:04:28] Now fitting the 10 chosen into the specific function
[2019-12-03 00:04:28] Now we find the zero of the fit to determine delta critical (parameters = -0.489054 -21.1018 2991.99 86936.6)
[2019-12-03 00:04:28] We interpret the fitting parameters as coefficients of a degree 3 polynomial (which should be true, please check that)
[2019-12-03 00:04:28] Found three potential roots, compute which one is the best (100 runs per point)
[2019-12-03 00:04:28] Please implement the different equilibrium modes in case of three roots
[2019-12-03 00:04:28]  zero estimated at -1
[2019-12-03 00:04:28] Computed critical delta for ./matrices/Nr25_Nc25/RandTrix_Nr25_Nc25_Nest0.6_Conn0.2304.txt
[2019-12-03 00:04:28] Attempting now to find the critical delta for the given set of metaparameters
[2019-12-03 00:04:28] Computing probability of getting one or more extinctions for Delta=0
[2019-12-03 00:04:29] Probability of getting one or more extinctions for Delta=0 is 0
[2019-12-03 00:04:29] Computing probability of getting one or more extinctions for Delta=1
[2019-12-03 00:04:29] Probability of getting one or more extinctions for Delta=1 is 1
[2019-12-03 00:04:29] We first find a rough interval where the critical delta should lie (each point computed by the solver is estimated with 100 runs)
[2019-12-03 00:04:29] Computing probability of getting one or more extinctions for Delta=0.5
[2019-12-03 00:04:29] Probability of getting one or more extinctions for Delta=0.5 is 1
[2019-12-03 00:04:29] Computing probability of getting one or more extinctions for Delta=0.25
[2019-12-03 00:04:30] Probability of getting one or more extinctions for Delta=0.25 is 1
[2019-12-03 00:04:30] Computing probability of getting one or more extinctions for Delta=0.125
[2019-12-03 00:04:30] Probability of getting one or more extinctions for Delta=0.125 is 1
[2019-12-03 00:04:30] Computing probability of getting one or more extinctions for Delta=0.0625
[2019-12-03 00:04:32] Probability of getting one or more extinctions for Delta=0.0625 is 1
[2019-12-03 00:04:32] Computing probability of getting one or more extinctions for Delta=0.03125
[2019-12-03 00:04:38] Probability of getting one or more extinctions for Delta=0.03125 is 1
[2019-12-03 00:04:38] Computing probability of getting one or more extinctions for Delta=0.015625
[2019-12-03 00:05:36] Probability of getting one or more extinctions for Delta=0.015625 is 0.79
[2019-12-03 00:05:36] Computing probability of getting one or more extinctions for Delta=0.00988924
[2019-12-03 00:08:00] Probability of getting one or more extinctions for Delta=0.00988924 is 0.43
[2019-12-03 00:08:00] Computing probability of getting one or more extinctions for Delta=0.0110045
[2019-12-03 00:11:26] Probability of getting one or more extinctions for Delta=0.0110045 is 0.57
[2019-12-03 00:11:26] Computing probability of getting one or more extinctions for Delta=0.0104469
[2019-12-03 00:15:41] Probability of getting one or more extinctions for Delta=0.0104469 is 0.47
[2019-12-03 00:15:41] Found an interval for Delta critical : [0.0104469;0.0110045]
[2019-12-03 00:15:41] Now computing the probability of getting more than one extinction for ten points inside this interval (1000 runs per point)
[2019-12-03 00:15:41] Computing probability of getting one or more extinctions for Delta=0.0104469
[2019-12-03 00:41:45] Probability of getting one or more extinctions for Delta=0.0104469 is 0.507
[2019-12-03 00:41:45] Computing probability of getting one or more extinctions for Delta=0.0105088
[2019-12-03 01:06:04] Probability of getting one or more extinctions for Delta=0.0105088 is 0.504
[2019-12-03 01:06:04] Computing probability of getting one or more extinctions for Delta=0.0105708
[2019-12-03 01:27:18] Probability of getting one or more extinctions for Delta=0.0105708 is 0.468
[2019-12-03 01:27:18] Computing probability of getting one or more extinctions for Delta=0.0106328
[2019-12-03 01:47:22] Probability of getting one or more extinctions for Delta=0.0106328 is 0.507
[2019-12-03 01:47:22] Computing probability of getting one or more extinctions for Delta=0.0106947
[2019-12-03 02:10:33] Probability of getting one or more extinctions for Delta=0.0106947 is 0.522
[2019-12-03 02:10:33] Computing probability of getting one or more extinctions for Delta=0.0107567
[2019-12-03 02:33:22] Probability of getting one or more extinctions for Delta=0.0107567 is 0.502
[2019-12-03 02:33:22] Computing probability of getting one or more extinctions for Delta=0.0108186
[2019-12-03 02:51:33] Probability of getting one or more extinctions for Delta=0.0108186 is 0.529
[2019-12-03 02:51:33] Computing probability of getting one or more extinctions for Delta=0.0108806
[2019-12-03 03:12:03] Probability of getting one or more extinctions for Delta=0.0108806 is 0.534
[2019-12-03 03:12:03] Computing probability of getting one or more extinctions for Delta=0.0109426
[2019-12-03 03:33:35] Probability of getting one or more extinctions for Delta=0.0109426 is 0.531
[2019-12-03 03:33:35] Computing probability of getting one or more extinctions for Delta=0.0110045
[2019-12-03 04:04:02] Probability of getting one or more extinctions for Delta=0.0110045 is 0.549
[2019-12-03 04:04:02] Now fitting the 10 chosen into the specific function
[2019-12-03 04:04:02] Now we find the zero of the fit to determine delta critical (parameters = 1391.9 -387507 3.59459e+07 -1.11099e+09)
[2019-12-03 04:04:02] We interpret the fitting parameters as coefficients of a degree 3 polynomial (which should be true, please check that)
[2019-12-03 04:04:02] Found three potential roots, compute which one is the best (100 runs per point)
[2019-12-03 04:04:02] Please implement the different equilibrium modes in case of three roots
[2019-12-03 04:04:02]  zero estimated at -1
[2019-12-03 04:04:02] Computed critical delta for ./matrices/Nr25_Nc25/RandTrix_Nr25_Nc25_Nest0.6_Conn0.2768.txt
[2019-12-03 04:04:02] Attempting now to find the critical delta for the given set of metaparameters
[2019-12-03 04:04:02] Computing probability of getting one or more extinctions for Delta=0
