[2019-12-02 01:18:06] Loading metaparameters from config/configuration_comparison_NR25_NS25_s025_a1.in
[2019-12-02 01:18:06] Successfully opened ./data_output/configuration_comparison_NR25_NS25_s025_a1_matrix_list_NR25_NS25_3.out, attempting now to find the critical delta of every listed matrix 
[2019-12-02 01:18:06] Attempting now to find the critical delta for the given set of metaparameters
[2019-12-02 01:18:06] Computing probability of getting one or more extinctions for Delta=0
[2019-12-02 01:18:07] Probability of getting one or more extinctions for Delta=0 is 0
[2019-12-02 01:18:07] Computing probability of getting one or more extinctions for Delta=1
[2019-12-02 01:18:07] Probability of getting one or more extinctions for Delta=1 is 1
[2019-12-02 01:18:07] We first find a rough interval where the critical delta should lie (each point computed by the solver is estimated with 100 runs)
[2019-12-02 01:18:07] Computing probability of getting one or more extinctions for Delta=0.5
[2019-12-02 01:18:07] Probability of getting one or more extinctions for Delta=0.5 is 1
[2019-12-02 01:18:07] Computing probability of getting one or more extinctions for Delta=0.25
[2019-12-02 01:18:08] Probability of getting one or more extinctions for Delta=0.25 is 1
[2019-12-02 01:18:08] Computing probability of getting one or more extinctions for Delta=0.125
[2019-12-02 01:18:08] Probability of getting one or more extinctions for Delta=0.125 is 1
[2019-12-02 01:18:08] Computing probability of getting one or more extinctions for Delta=0.0625
[2019-12-02 01:18:09] Probability of getting one or more extinctions for Delta=0.0625 is 1
[2019-12-02 01:18:09] Computing probability of getting one or more extinctions for Delta=0.03125
[2019-12-02 01:18:15] Probability of getting one or more extinctions for Delta=0.03125 is 0.97
[2019-12-02 01:18:15] Computing probability of getting one or more extinctions for Delta=0.0161082
[2019-12-02 01:18:54] Probability of getting one or more extinctions for Delta=0.0161082 is 0.58
[2019-12-02 01:18:54] Computing probability of getting one or more extinctions for Delta=0.0134307
[2019-12-02 01:19:37] Probability of getting one or more extinctions for Delta=0.0134307 is 0.49
[2019-12-02 01:19:37] Computing probability of getting one or more extinctions for Delta=0.0137282
[2019-12-02 01:20:28] Probability of getting one or more extinctions for Delta=0.0137282 is 0.47
[2019-12-02 01:20:28] Computing probability of getting one or more extinctions for Delta=0.0149182
[2019-12-02 01:21:03] Probability of getting one or more extinctions for Delta=0.0149182 is 0.6
[2019-12-02 01:21:03] Found an interval for Delta critical : [0.0137282;0.0149182]
[2019-12-02 01:21:03] Now computing the probability of getting more than one extinction for ten points inside this interval (1000 runs per point)
[2019-12-02 01:21:03] Computing probability of getting one or more extinctions for Delta=0.0137282
[2019-12-02 01:29:12] Probability of getting one or more extinctions for Delta=0.0137282 is 0.481
[2019-12-02 01:29:12] Computing probability of getting one or more extinctions for Delta=0.0138604
[2019-12-02 01:36:47] Probability of getting one or more extinctions for Delta=0.0138604 is 0.512
[2019-12-02 01:36:47] Computing probability of getting one or more extinctions for Delta=0.0139926
[2019-12-02 01:51:02] Probability of getting one or more extinctions for Delta=0.0139926 is 0.515
[2019-12-02 01:51:02] Computing probability of getting one or more extinctions for Delta=0.0141248
[2019-12-02 02:01:14] Probability of getting one or more extinctions for Delta=0.0141248 is 0.512
[2019-12-02 02:01:14] Computing probability of getting one or more extinctions for Delta=0.0142571
[2019-12-02 02:11:32] Probability of getting one or more extinctions for Delta=0.0142571 is 0.544
[2019-12-02 02:11:32] Computing probability of getting one or more extinctions for Delta=0.0143893
[2019-12-02 02:21:39] Probability of getting one or more extinctions for Delta=0.0143893 is 0.523
[2019-12-02 02:21:39] Computing probability of getting one or more extinctions for Delta=0.0145215
[2019-12-02 02:34:28] Probability of getting one or more extinctions for Delta=0.0145215 is 0.528
[2019-12-02 02:34:28] Computing probability of getting one or more extinctions for Delta=0.0146538
[2019-12-02 02:43:58] Probability of getting one or more extinctions for Delta=0.0146538 is 0.52
[2019-12-02 02:43:58] Computing probability of getting one or more extinctions for Delta=0.014786
[2019-12-02 02:52:35] Probability of getting one or more extinctions for Delta=0.014786 is 0.53
[2019-12-02 02:52:35] Computing probability of getting one or more extinctions for Delta=0.0149182
[2019-12-02 03:01:31] Probability of getting one or more extinctions for Delta=0.0149182 is 0.565
[2019-12-02 03:01:31] Now fitting the 10 chosen into the specific function
[2019-12-02 03:01:31] Now we find the zero of the fit to determine delta critical (parameters = -707.917 148121 -1.0329e+07 2.40061e+08)
[2019-12-02 03:01:31] We interpret the fitting parameters as coefficients of a degree 3 polynomial (which should be true, please check that)
[2019-12-02 03:01:31]  zero estimated at 0.0138182
[2019-12-02 03:01:31] Computed critical delta for ./matrices/Nr25_Nc25/RandTrix_Nr25_Nc25_Nest0.2_Conn0.168.txt
[2019-12-02 03:01:31] Attempting now to find the critical delta for the given set of metaparameters
[2019-12-02 03:01:31] Computing probability of getting one or more extinctions for Delta=0
[2019-12-02 03:01:31] Probability of getting one or more extinctions for Delta=0 is 0
[2019-12-02 03:01:31] Computing probability of getting one or more extinctions for Delta=1
[2019-12-02 03:01:32] Probability of getting one or more extinctions for Delta=1 is 1
[2019-12-02 03:01:32] We first find a rough interval where the critical delta should lie (each point computed by the solver is estimated with 100 runs)
[2019-12-02 03:01:32] Computing probability of getting one or more extinctions for Delta=0.5
[2019-12-02 03:01:32] Probability of getting one or more extinctions for Delta=0.5 is 1
[2019-12-02 03:01:32] Computing probability of getting one or more extinctions for Delta=0.25
[2019-12-02 03:01:33] Probability of getting one or more extinctions for Delta=0.25 is 1
[2019-12-02 03:01:33] Computing probability of getting one or more extinctions for Delta=0.125
[2019-12-02 03:01:34] Probability of getting one or more extinctions for Delta=0.125 is 0.98
[2019-12-02 03:01:34] Computing probability of getting one or more extinctions for Delta=0.0637755
[2019-12-02 03:01:36] Probability of getting one or more extinctions for Delta=0.0637755 is 0.85
[2019-12-02 03:01:36] Computing probability of getting one or more extinctions for Delta=0.0318878
[2019-12-02 03:01:44] Probability of getting one or more extinctions for Delta=0.0318878 is 0.21
[2019-12-02 03:01:44] Computing probability of getting one or more extinctions for Delta=0.0463369
[2019-12-02 03:01:48] Probability of getting one or more extinctions for Delta=0.0463369 is 0.63
[2019-12-02 03:01:48] Computing probability of getting one or more extinctions for Delta=0.0418645
[2019-12-02 03:01:52] Probability of getting one or more extinctions for Delta=0.0418645 is 0.54
[2019-12-02 03:01:52] Computing probability of getting one or more extinctions for Delta=0.0401178
[2019-12-02 03:01:56] Probability of getting one or more extinctions for Delta=0.0401178 is 0.49
[2019-12-02 03:01:56] Found an interval for Delta critical : [0.0401178;0.0418645]
[2019-12-02 03:01:56] Now computing the probability of getting more than one extinction for ten points inside this interval (1000 runs per point)
[2019-12-02 03:01:56] Computing probability of getting one or more extinctions for Delta=0.0401178
[2019-12-02 03:02:44] Probability of getting one or more extinctions for Delta=0.0401178 is 0.453
[2019-12-02 03:02:44] Computing probability of getting one or more extinctions for Delta=0.0403119
[2019-12-02 03:03:34] Probability of getting one or more extinctions for Delta=0.0403119 is 0.457
[2019-12-02 03:03:34] Computing probability of getting one or more extinctions for Delta=0.0405059
[2019-12-02 03:04:23] Probability of getting one or more extinctions for Delta=0.0405059 is 0.45
[2019-12-02 03:04:23] Computing probability of getting one or more extinctions for Delta=0.0407
[2019-12-02 03:05:10] Probability of getting one or more extinctions for Delta=0.0407 is 0.477
[2019-12-02 03:05:10] Computing probability of getting one or more extinctions for Delta=0.0408941
[2019-12-02 03:05:58] Probability of getting one or more extinctions for Delta=0.0408941 is 0.474
[2019-12-02 03:05:58] Computing probability of getting one or more extinctions for Delta=0.0410882
[2019-12-02 03:06:47] Probability of getting one or more extinctions for Delta=0.0410882 is 0.474
[2019-12-02 03:06:47] Computing probability of getting one or more extinctions for Delta=0.0412823
[2019-12-02 03:07:36] Probability of getting one or more extinctions for Delta=0.0412823 is 0.492
[2019-12-02 03:07:36] Computing probability of getting one or more extinctions for Delta=0.0414764
[2019-12-02 03:08:28] Probability of getting one or more extinctions for Delta=0.0414764 is 0.498
[2019-12-02 03:08:28] Computing probability of getting one or more extinctions for Delta=0.0416705
[2019-12-02 03:09:18] Probability of getting one or more extinctions for Delta=0.0416705 is 0.502
[2019-12-02 03:09:18] Computing probability of getting one or more extinctions for Delta=0.0418645
[2019-12-02 03:10:03] Probability of getting one or more extinctions for Delta=0.0418645 is 0.494
[2019-12-02 03:10:03] Now fitting the 10 chosen into the specific function
[2019-12-02 03:10:03] Now we find the zero of the fit to determine delta critical (parameters = 1914.31 -140388 3.43068e+06 -2.79362e+07)
[2019-12-02 03:10:03] We interpret the fitting parameters as coefficients of a degree 3 polynomial (which should be true, please check that)
[2019-12-02 03:10:03]  zero estimated at 0.0394443
[2019-12-02 03:10:03] Computed critical delta for ./matrices/Nr25_Nc25/RandTrix_Nr25_Nc25_Nest0.35_Conn0.0832.txt
[2019-12-02 03:10:03] Attempting now to find the critical delta for the given set of metaparameters
[2019-12-02 03:10:03] Computing probability of getting one or more extinctions for Delta=0
[2019-12-02 03:10:03] Probability of getting one or more extinctions for Delta=0 is 0
[2019-12-02 03:10:03] Computing probability of getting one or more extinctions for Delta=1
[2019-12-02 03:10:04] Probability of getting one or more extinctions for Delta=1 is 1
[2019-12-02 03:10:04] We first find a rough interval where the critical delta should lie (each point computed by the solver is estimated with 100 runs)
[2019-12-02 03:10:04] Computing probability of getting one or more extinctions for Delta=0.5
[2019-12-02 03:10:04] Probability of getting one or more extinctions for Delta=0.5 is 1
[2019-12-02 03:10:04] Computing probability of getting one or more extinctions for Delta=0.25
[2019-12-02 03:10:04] Probability of getting one or more extinctions for Delta=0.25 is 1
[2019-12-02 03:10:04] Computing probability of getting one or more extinctions for Delta=0.125
[2019-12-02 03:10:05] Probability of getting one or more extinctions for Delta=0.125 is 1
[2019-12-02 03:10:05] Computing probability of getting one or more extinctions for Delta=0.0625
[2019-12-02 03:10:06] Probability of getting one or more extinctions for Delta=0.0625 is 0.97
[2019-12-02 03:10:06] Computing probability of getting one or more extinctions for Delta=0.0322165
[2019-12-02 03:10:11] Probability of getting one or more extinctions for Delta=0.0322165 is 0.51
[2019-12-02 03:10:11] Computing probability of getting one or more extinctions for Delta=0.0315711
[2019-12-02 03:10:17] Probability of getting one or more extinctions for Delta=0.0315711 is 0.5
[2019-12-02 03:10:17] Computing probability of getting one or more extinctions for Delta=0.0315711
[2019-12-02 03:10:23] Probability of getting one or more extinctions for Delta=0.0315711 is 0.5
[2019-12-02 03:10:23] Computing probability of getting one or more extinctions for Delta=0.0157855
[2019-12-02 03:10:28] Probability of getting one or more extinctions for Delta=0.0157855 is 0
[2019-12-02 03:10:28] Computing probability of getting one or more extinctions for Delta=0.0315711
[2019-12-02 03:10:35] Probability of getting one or more extinctions for Delta=0.0315711 is 0.43
[2019-12-02 03:10:35] Found an interval for Delta critical : [0.0315711;0.0315711]
[2019-12-02 03:10:35] Now computing the probability of getting more than one extinction for ten points inside this interval (1000 runs per point)
[2019-12-02 03:10:35] Computing probability of getting one or more extinctions for Delta=0.0315711
[2019-12-02 03:11:28] Probability of getting one or more extinctions for Delta=0.0315711 is 0.45
[2019-12-02 03:11:28] Computing probability of getting one or more extinctions for Delta=0.0315711
[2019-12-02 03:12:49] Probability of getting one or more extinctions for Delta=0.0315711 is 0.485
[2019-12-02 03:12:49] Computing probability of getting one or more extinctions for Delta=0.0315711
[2019-12-02 03:14:37] Probability of getting one or more extinctions for Delta=0.0315711 is 0.47
[2019-12-02 03:14:37] Computing probability of getting one or more extinctions for Delta=0.0315711
[2019-12-02 03:16:17] Probability of getting one or more extinctions for Delta=0.0315711 is 0.491
[2019-12-02 03:16:17] Computing probability of getting one or more extinctions for Delta=0.0315711
[2019-12-02 03:17:58] Probability of getting one or more extinctions for Delta=0.0315711 is 0.458
[2019-12-02 03:17:58] Computing probability of getting one or more extinctions for Delta=0.0315711
[2019-12-02 03:19:42] Probability of getting one or more extinctions for Delta=0.0315711 is 0.481
[2019-12-02 03:19:42] Computing probability of getting one or more extinctions for Delta=0.0315711
[2019-12-02 03:21:34] Probability of getting one or more extinctions for Delta=0.0315711 is 0.44
[2019-12-02 03:21:34] Computing probability of getting one or more extinctions for Delta=0.0315711
[2019-12-02 03:22:31] Probability of getting one or more extinctions for Delta=0.0315711 is 0.448
[2019-12-02 03:22:31] Computing probability of getting one or more extinctions for Delta=0.0315711
[2019-12-02 03:23:24] Probability of getting one or more extinctions for Delta=0.0315711 is 0.478
[2019-12-02 03:23:24] Computing probability of getting one or more extinctions for Delta=0.0315711
[2019-12-02 03:25:10] Probability of getting one or more extinctions for Delta=0.0315711 is 0.441
[2019-12-02 03:25:10] Now fitting the 10 chosen into the specific function
[2019-12-02 03:25:10] Now we find the zero of the fit to determine delta critical (parameters = 0.732893 -7.46052 -266.981 -8486.35)
[2019-12-02 03:25:10] We interpret the fitting parameters as coefficients of a degree 3 polynomial (which should be true, please check that)
[2019-12-02 03:25:10]  zero estimated at 0.0308392
[2019-12-02 03:25:10] Computed critical delta for ./matrices/Nr25_Nc25/RandTrix_Nr25_Nc25_Nest0.35_Conn0.1264.txt
[2019-12-02 03:25:10] Attempting now to find the critical delta for the given set of metaparameters
[2019-12-02 03:25:10] Computing probability of getting one or more extinctions for Delta=0
[2019-12-02 03:25:10] Probability of getting one or more extinctions for Delta=0 is 0
[2019-12-02 03:25:10] Computing probability of getting one or more extinctions for Delta=1
[2019-12-02 03:25:10] Probability of getting one or more extinctions for Delta=1 is 1
[2019-12-02 03:25:10] We first find a rough interval where the critical delta should lie (each point computed by the solver is estimated with 100 runs)
[2019-12-02 03:25:10] Computing probability of getting one or more extinctions for Delta=0.5
[2019-12-02 03:25:11] Probability of getting one or more extinctions for Delta=0.5 is 1
[2019-12-02 03:25:11] Computing probability of getting one or more extinctions for Delta=0.25
[2019-12-02 03:25:12] Probability of getting one or more extinctions for Delta=0.25 is 1
[2019-12-02 03:25:12] Computing probability of getting one or more extinctions for Delta=0.125
[2019-12-02 03:25:13] Probability of getting one or more extinctions for Delta=0.125 is 1
[2019-12-02 03:25:13] Computing probability of getting one or more extinctions for Delta=0.0625
[2019-12-02 03:25:15] Probability of getting one or more extinctions for Delta=0.0625 is 1
[2019-12-02 03:25:15] Computing probability of getting one or more extinctions for Delta=0.03125
[2019-12-02 03:25:23] Probability of getting one or more extinctions for Delta=0.03125 is 1
[2019-12-02 03:25:23] Computing probability of getting one or more extinctions for Delta=0.015625
[2019-12-02 03:29:39] Probability of getting one or more extinctions for Delta=0.015625 is 0.84
[2019-12-02 03:29:39] Computing probability of getting one or more extinctions for Delta=0.0093006
[2019-12-02 03:41:32] Probability of getting one or more extinctions for Delta=0.0093006 is 0.5
[2019-12-02 03:41:32] Computing probability of getting one or more extinctions for Delta=0.0093006
[2019-12-02 03:55:45] Probability of getting one or more extinctions for Delta=0.0093006 is 0.57
[2019-12-02 03:55:45] Computing probability of getting one or more extinctions for Delta=0.0046503
[2019-12-02 04:18:33] Probability of getting one or more extinctions for Delta=0.0046503 is 0.23
[2019-12-02 04:18:33] Computing probability of getting one or more extinctions for Delta=0.00834318
[2019-12-02 04:28:24] Probability of getting one or more extinctions for Delta=0.00834318 is 0.42
[2019-12-02 04:28:24] Computing probability of getting one or more extinctions for Delta=0.0088538
[2019-12-02 04:40:57] Probability of getting one or more extinctions for Delta=0.0088538 is 0.47
[2019-12-02 04:40:57] Found an interval for Delta critical : [0.0088538;0.0093006]
[2019-12-02 04:40:57] Now computing the probability of getting more than one extinction for ten points inside this interval (1000 runs per point)
[2019-12-02 04:40:57] Computing probability of getting one or more extinctions for Delta=0.0088538
[2019-12-02 06:37:28] Probability of getting one or more extinctions for Delta=0.0088538 is 0.479
[2019-12-02 06:37:28] Computing probability of getting one or more extinctions for Delta=0.00890345
[2019-12-02 08:13:59] Probability of getting one or more extinctions for Delta=0.00890345 is 0.48
[2019-12-02 08:13:59] Computing probability of getting one or more extinctions for Delta=0.00895309
[2019-12-02 10:02:39] Probability of getting one or more extinctions for Delta=0.00895309 is 0.489
[2019-12-02 10:02:39] Computing probability of getting one or more extinctions for Delta=0.00900273
[2019-12-02 11:44:17] Probability of getting one or more extinctions for Delta=0.00900273 is 0.493
[2019-12-02 11:44:17] Computing probability of getting one or more extinctions for Delta=0.00905238
[2019-12-02 13:09:00] Probability of getting one or more extinctions for Delta=0.00905238 is 0.504
[2019-12-02 13:09:00] Computing probability of getting one or more extinctions for Delta=0.00910202
[2019-12-02 14:57:33] Probability of getting one or more extinctions for Delta=0.00910202 is 0.515
[2019-12-02 14:57:33] Computing probability of getting one or more extinctions for Delta=0.00915166
[2019-12-02 16:44:05] Probability of getting one or more extinctions for Delta=0.00915166 is 0.506
[2019-12-02 16:44:05] Computing probability of getting one or more extinctions for Delta=0.00920131
[2019-12-02 18:19:58] Probability of getting one or more extinctions for Delta=0.00920131 is 0.521
[2019-12-02 18:19:58] Computing probability of getting one or more extinctions for Delta=0.00925095
[2019-12-02 19:48:28] Probability of getting one or more extinctions for Delta=0.00925095 is 0.491
[2019-12-02 19:48:28] Computing probability of getting one or more extinctions for Delta=0.0093006
[2019-12-02 21:40:29] Probability of getting one or more extinctions for Delta=0.0093006 is 0.506
[2019-12-02 21:40:29] Now fitting the 10 chosen into the specific function
[2019-12-02 21:40:29] Now we find the zero of the fit to determine delta critical (parameters = 771.578 -258433 2.8837e+07 -1.07199e+09)
[2019-12-02 21:40:29] We interpret the fitting parameters as coefficients of a degree 3 polynomial (which should be true, please check that)
[2019-12-02 21:40:29] Found three potential roots, compute which one is the best (100 runs per point)
[2019-12-02 21:40:29] Please implement the different equilibrium modes in case of three roots
[2019-12-02 21:40:29]  zero estimated at -1
[2019-12-02 21:40:29] Computed critical delta for ./matrices/Nr25_Nc25/RandTrix_Nr25_Nc25_Nest0.35_Conn0.1712.txt
[2019-12-02 21:40:29] Attempting now to find the critical delta for the given set of metaparameters
[2019-12-02 21:40:29] Computing probability of getting one or more extinctions for Delta=0
