[2019-11-28 18:35:01] Loading metaparameters from config/configuration_comparison_NR25_NS25_s09_a0.in
[2019-11-28 18:35:01] Successfully opened ./data_output/configuration_comparison_NR25_NS25_s09_a0_matrix_list_NR25_NS25_13.out, attempting now to find the critical delta of every listed matrix 
[2019-11-28 18:35:01] Attempting now to find the critical delta for the given set of metaparameters
[2019-11-28 18:35:01] Computing probability of getting one or more extinctions for Delta=0
[2019-11-28 18:35:01] Probability of getting one or more extinctions for Delta=0 is 0
[2019-11-28 18:35:01] Computing probability of getting one or more extinctions for Delta=1
[2019-11-28 18:35:02] Probability of getting one or more extinctions for Delta=1 is 1
[2019-11-28 18:35:02] We first find a rough interval where the critical delta should lie (each point computed by the solver is estimated with 100 runs)
[2019-11-28 18:35:02] Computing probability of getting one or more extinctions for Delta=0.5
[2019-11-28 18:35:02] Probability of getting one or more extinctions for Delta=0.5 is 1
[2019-11-28 18:35:02] Computing probability of getting one or more extinctions for Delta=0.25
[2019-11-28 18:35:02] Probability of getting one or more extinctions for Delta=0.25 is 1
[2019-11-28 18:35:02] Computing probability of getting one or more extinctions for Delta=0.125
[2019-11-28 18:35:03] Probability of getting one or more extinctions for Delta=0.125 is 1
[2019-11-28 18:35:03] Computing probability of getting one or more extinctions for Delta=0.0625
[2019-11-28 18:35:04] Probability of getting one or more extinctions for Delta=0.0625 is 1
[2019-11-28 18:35:04] Computing probability of getting one or more extinctions for Delta=0.03125
[2019-11-28 18:35:27] Probability of getting one or more extinctions for Delta=0.03125 is 0.99
[2019-11-28 18:35:27] Computing probability of getting one or more extinctions for Delta=0.0157828
[2019-11-28 18:37:17] Probability of getting one or more extinctions for Delta=0.0157828 is 0.8
[2019-11-28 18:37:17] Computing probability of getting one or more extinctions for Delta=0.00789141
[2019-11-28 18:48:39] Probability of getting one or more extinctions for Delta=0.00789141 is 0.45
[2019-11-28 18:48:39] Computing probability of getting one or more extinctions for Delta=0.00901876
[2019-11-28 18:51:15] Probability of getting one or more extinctions for Delta=0.00901876 is 0.48
[2019-11-28 18:51:15] Computing probability of getting one or more extinctions for Delta=0.00972335
[2019-11-28 18:55:05] Probability of getting one or more extinctions for Delta=0.00972335 is 0.59
[2019-11-28 18:55:05] Found an interval for Delta critical : [0.00901876;0.00972335]
[2019-11-28 18:55:05] Now computing the probability of getting more than one extinction for ten points inside this interval (1000 runs per point)
[2019-11-28 18:55:05] Computing probability of getting one or more extinctions for Delta=0.00901876
[2019-11-28 19:43:18] Probability of getting one or more extinctions for Delta=0.00901876 is 0.537
[2019-11-28 19:43:18] Computing probability of getting one or more extinctions for Delta=0.00909705
[2019-11-28 20:28:56] Probability of getting one or more extinctions for Delta=0.00909705 is 0.505
[2019-11-28 20:28:56] Computing probability of getting one or more extinctions for Delta=0.00917533
[2019-11-28 21:04:13] Probability of getting one or more extinctions for Delta=0.00917533 is 0.51
[2019-11-28 21:04:13] Computing probability of getting one or more extinctions for Delta=0.00925362
[2019-11-28 21:41:57] Probability of getting one or more extinctions for Delta=0.00925362 is 0.538
[2019-11-28 21:41:57] Computing probability of getting one or more extinctions for Delta=0.00933191
[2019-11-28 22:20:57] Probability of getting one or more extinctions for Delta=0.00933191 is 0.526
[2019-11-28 22:20:57] Computing probability of getting one or more extinctions for Delta=0.0094102
[2019-11-28 23:01:57] Probability of getting one or more extinctions for Delta=0.0094102 is 0.536
[2019-11-28 23:01:57] Computing probability of getting one or more extinctions for Delta=0.00948849
[2019-11-28 23:33:01] Probability of getting one or more extinctions for Delta=0.00948849 is 0.55
[2019-11-28 23:33:01] Computing probability of getting one or more extinctions for Delta=0.00956677
[2019-11-29 00:17:48] Probability of getting one or more extinctions for Delta=0.00956677 is 0.546
[2019-11-29 00:17:48] Computing probability of getting one or more extinctions for Delta=0.00964506
[2019-11-29 00:58:40] Probability of getting one or more extinctions for Delta=0.00964506 is 0.536
[2019-11-29 00:58:40] Computing probability of getting one or more extinctions for Delta=0.00972335
[2019-11-29 01:45:59] Probability of getting one or more extinctions for Delta=0.00972335 is 0.587
[2019-11-29 01:45:59] Now fitting the 10 chosen into the specific function
[2019-11-29 01:45:59] Now we find the zero of the fit to determine delta critical (parameters = 41.8692 -12044.7 1.13357e+06 -3.465e+07)
[2019-11-29 01:45:59] We interpret the fitting parameters as coefficients of a degree 3 polynomial (which should be true, please check that)
[2019-11-29 01:45:59]  zero estimated at 0.0144187
[2019-11-29 01:45:59] Computed critical delta for ./matrices/Nr25_Nc25/RandTrix_Nr25_Nc25_Nest0.5_Conn0.32.txt
[2019-11-29 01:45:59] Attempting now to find the critical delta for the given set of metaparameters
[2019-11-29 01:45:59] Computing probability of getting one or more extinctions for Delta=0
[2019-11-29 01:46:00] Probability of getting one or more extinctions for Delta=0 is 0
[2019-11-29 01:46:00] Computing probability of getting one or more extinctions for Delta=1
[2019-11-29 01:46:00] Probability of getting one or more extinctions for Delta=1 is 1
[2019-11-29 01:46:00] We first find a rough interval where the critical delta should lie (each point computed by the solver is estimated with 100 runs)
[2019-11-29 01:46:00] Computing probability of getting one or more extinctions for Delta=0.5
[2019-11-29 01:46:01] Probability of getting one or more extinctions for Delta=0.5 is 1
[2019-11-29 01:46:01] Computing probability of getting one or more extinctions for Delta=0.25
[2019-11-29 01:46:01] Probability of getting one or more extinctions for Delta=0.25 is 1
[2019-11-29 01:46:01] Computing probability of getting one or more extinctions for Delta=0.125
[2019-11-29 01:46:03] Probability of getting one or more extinctions for Delta=0.125 is 1
[2019-11-29 01:46:03] Computing probability of getting one or more extinctions for Delta=0.0625
[2019-11-29 01:46:05] Probability of getting one or more extinctions for Delta=0.0625 is 1
[2019-11-29 01:46:05] Computing probability of getting one or more extinctions for Delta=0.03125
[2019-11-29 12:12:40] Probability of getting one or more extinctions for Delta=0.03125 is 0.85
[2019-11-29 12:12:40] Computing probability of getting one or more extinctions for Delta=0.0183824
[2019-11-29 12:14:54] Probability of getting one or more extinctions for Delta=0.0183824 is 0.47
[2019-11-29 12:14:54] Computing probability of getting one or more extinctions for Delta=0.0193982
[2019-11-29 22:28:29] Probability of getting one or more extinctions for Delta=0.0193982 is 0.5
[2019-11-29 22:28:29] Found an interval for Delta critical : [0.0183824;0.0193982]
[2019-11-29 22:28:29] Now computing the probability of getting more than one extinction for ten points inside this interval (1000 runs per point)
[2019-11-29 22:28:29] Computing probability of getting one or more extinctions for Delta=0.0183824
[2019-11-30 09:03:31] Probability of getting one or more extinctions for Delta=0.0183824 is 0.435
[2019-11-30 09:03:31] Computing probability of getting one or more extinctions for Delta=0.0184952
[2019-12-01 06:36:24] Probability of getting one or more extinctions for Delta=0.0184952 is 0.426
[2019-12-01 06:36:24] Computing probability of getting one or more extinctions for Delta=0.0186081
[2019-12-03 00:04:26] Probability of getting one or more extinctions for Delta=0.0186081 is 0.426
[2019-12-03 00:04:26] Computing probability of getting one or more extinctions for Delta=0.018721
