[2019-11-30 06:39:23] Loading metaparameters from config/configuration_comparison_NR25_NS25_s05_a0.in
[2019-11-30 06:39:23] Successfully opened ./data_output/configuration_comparison_NR25_NS25_s05_a0_matrix_list_NR25_NS25_6.out, attempting now to find the critical delta of every listed matrix 
[2019-11-30 06:39:23] Attempting now to find the critical delta for the given set of metaparameters
[2019-11-30 06:39:23] Computing probability of getting one or more extinctions for Delta=0
[2019-11-30 06:39:23] Probability of getting one or more extinctions for Delta=0 is 0
[2019-11-30 06:39:23] Computing probability of getting one or more extinctions for Delta=1
[2019-11-30 06:39:24] Probability of getting one or more extinctions for Delta=1 is 1
[2019-11-30 06:39:24] We first find a rough interval where the critical delta should lie (each point computed by the solver is estimated with 100 runs)
[2019-11-30 06:39:24] Computing probability of getting one or more extinctions for Delta=0.5
[2019-11-30 06:39:25] Probability of getting one or more extinctions for Delta=0.5 is 1
[2019-11-30 06:39:25] Computing probability of getting one or more extinctions for Delta=0.25
[2019-11-30 06:39:26] Probability of getting one or more extinctions for Delta=0.25 is 1
[2019-11-30 06:39:26] Computing probability of getting one or more extinctions for Delta=0.125
[2019-11-30 06:39:27] Probability of getting one or more extinctions for Delta=0.125 is 0.99
[2019-11-30 06:39:27] Computing probability of getting one or more extinctions for Delta=0.0631313
[2019-11-30 06:39:29] Probability of getting one or more extinctions for Delta=0.0631313 is 0.94
[2019-11-30 06:39:29] Computing probability of getting one or more extinctions for Delta=0.0315657
[2019-11-30 06:39:35] Probability of getting one or more extinctions for Delta=0.0315657 is 0.26
[2019-11-30 06:39:35] Computing probability of getting one or more extinctions for Delta=0.0427065
[2019-11-30 06:39:38] Probability of getting one or more extinctions for Delta=0.0427065 is 0.74
[2019-11-30 06:39:38] Computing probability of getting one or more extinctions for Delta=0.0371361
[2019-11-30 06:39:42] Probability of getting one or more extinctions for Delta=0.0371361 is 0.66
[2019-11-30 06:39:42] Computing probability of getting one or more extinctions for Delta=0.0349079
[2019-11-30 06:39:47] Probability of getting one or more extinctions for Delta=0.0349079 is 0.41
[2019-11-30 06:39:47] Found an interval for Delta critical : [0.0349079;0.0371361]
[2019-11-30 06:39:47] Now computing the probability of getting more than one extinction for ten points inside this interval (1000 runs per point)
[2019-11-30 06:39:47] Computing probability of getting one or more extinctions for Delta=0.0349079
[2019-11-30 06:40:38] Probability of getting one or more extinctions for Delta=0.0349079 is 0.486
[2019-11-30 06:40:38] Computing probability of getting one or more extinctions for Delta=0.0351555
[2019-11-30 06:41:27] Probability of getting one or more extinctions for Delta=0.0351555 is 0.503
[2019-11-30 06:41:27] Computing probability of getting one or more extinctions for Delta=0.0354031
[2019-11-30 06:42:02] Probability of getting one or more extinctions for Delta=0.0354031 is 0.492
[2019-11-30 06:42:02] Computing probability of getting one or more extinctions for Delta=0.0356506
[2019-11-30 06:42:28] Probability of getting one or more extinctions for Delta=0.0356506 is 0.486
[2019-11-30 06:42:28] Computing probability of getting one or more extinctions for Delta=0.0358982
[2019-11-30 06:42:54] Probability of getting one or more extinctions for Delta=0.0358982 is 0.491
[2019-11-30 06:42:54] Computing probability of getting one or more extinctions for Delta=0.0361458
[2019-11-30 06:43:20] Probability of getting one or more extinctions for Delta=0.0361458 is 0.525
[2019-11-30 06:43:20] Computing probability of getting one or more extinctions for Delta=0.0363933
[2019-11-30 06:43:49] Probability of getting one or more extinctions for Delta=0.0363933 is 0.524
[2019-11-30 06:43:49] Computing probability of getting one or more extinctions for Delta=0.0366409
[2019-11-30 06:44:15] Probability of getting one or more extinctions for Delta=0.0366409 is 0.536
[2019-11-30 06:44:15] Computing probability of getting one or more extinctions for Delta=0.0368885
[2019-11-30 06:44:46] Probability of getting one or more extinctions for Delta=0.0368885 is 0.568
[2019-11-30 06:44:46] Computing probability of getting one or more extinctions for Delta=0.0371361
[2019-11-30 06:45:37] Probability of getting one or more extinctions for Delta=0.0371361 is 0.574
[2019-11-30 06:45:37] Now fitting the 10 chosen into the specific function
[2019-11-30 06:45:37] Now we find the zero of the fit to determine delta critical (parameters = 232.603 -18612.2 494412 -4.35778e+06)
[2019-11-30 06:45:37] We interpret the fitting parameters as coefficients of a degree 3 polynomial (which should be true, please check that)
[2019-11-30 06:45:37] Found three potential roots, compute which one is the best (100 runs per point)
[2019-11-30 06:45:37] Please implement the different equilibrium modes in case of three roots
[2019-11-30 06:45:37]  zero estimated at -1
[2019-11-30 06:45:37] Computed critical delta for ./matrices/Nr25_Nc25/RandTrix_Nr25_Nc25_Nest0.45_Conn0.08.txt
[2019-11-30 06:45:37] Attempting now to find the critical delta for the given set of metaparameters
[2019-11-30 06:45:37] Computing probability of getting one or more extinctions for Delta=0
[2019-11-30 06:45:37] Probability of getting one or more extinctions for Delta=0 is 0
[2019-11-30 06:45:37] Computing probability of getting one or more extinctions for Delta=1
[2019-11-30 06:45:37] Probability of getting one or more extinctions for Delta=1 is 1
[2019-11-30 06:45:37] We first find a rough interval where the critical delta should lie (each point computed by the solver is estimated with 100 runs)
[2019-11-30 06:45:37] Computing probability of getting one or more extinctions for Delta=0.5
[2019-11-30 06:45:38] Probability of getting one or more extinctions for Delta=0.5 is 1
[2019-11-30 06:45:38] Computing probability of getting one or more extinctions for Delta=0.25
[2019-11-30 06:45:39] Probability of getting one or more extinctions for Delta=0.25 is 1
[2019-11-30 06:45:39] Computing probability of getting one or more extinctions for Delta=0.125
[2019-11-30 06:45:40] Probability of getting one or more extinctions for Delta=0.125 is 1
[2019-11-30 06:45:40] Computing probability of getting one or more extinctions for Delta=0.0625
[2019-11-30 06:45:42] Probability of getting one or more extinctions for Delta=0.0625 is 0.94
[2019-11-30 06:45:42] Computing probability of getting one or more extinctions for Delta=0.0332447
[2019-11-30 06:45:49] Probability of getting one or more extinctions for Delta=0.0332447 is 0.58
[2019-11-30 06:45:49] Computing probability of getting one or more extinctions for Delta=0.0276402
[2019-11-30 06:45:58] Probability of getting one or more extinctions for Delta=0.0276402 is 0.35
[2019-11-30 06:45:58] Computing probability of getting one or more extinctions for Delta=0.0312953
[2019-11-30 06:46:08] Probability of getting one or more extinctions for Delta=0.0312953 is 0.49
[2019-11-30 06:46:08] Found an interval for Delta critical : [0.0312953;0.0332447]
[2019-11-30 06:46:08] Now computing the probability of getting more than one extinction for ten points inside this interval (1000 runs per point)
[2019-11-30 06:46:08] Computing probability of getting one or more extinctions for Delta=0.0312953
[2019-11-30 06:47:28] Probability of getting one or more extinctions for Delta=0.0312953 is 0.432
[2019-11-30 06:47:28] Computing probability of getting one or more extinctions for Delta=0.0315119
[2019-11-30 06:48:29] Probability of getting one or more extinctions for Delta=0.0315119 is 0.463
[2019-11-30 06:48:29] Computing probability of getting one or more extinctions for Delta=0.0317285
[2019-11-30 06:49:21] Probability of getting one or more extinctions for Delta=0.0317285 is 0.457
[2019-11-30 06:49:21] Computing probability of getting one or more extinctions for Delta=0.0319451
[2019-11-30 06:50:45] Probability of getting one or more extinctions for Delta=0.0319451 is 0.472
[2019-11-30 06:50:45] Computing probability of getting one or more extinctions for Delta=0.0321617
[2019-11-30 06:52:07] Probability of getting one or more extinctions for Delta=0.0321617 is 0.458
[2019-11-30 06:52:07] Computing probability of getting one or more extinctions for Delta=0.0323783
[2019-11-30 06:53:28] Probability of getting one or more extinctions for Delta=0.0323783 is 0.457
[2019-11-30 06:53:28] Computing probability of getting one or more extinctions for Delta=0.0325949
[2019-11-30 06:54:29] Probability of getting one or more extinctions for Delta=0.0325949 is 0.488
[2019-11-30 06:54:29] Computing probability of getting one or more extinctions for Delta=0.0328115
[2019-11-30 06:55:12] Probability of getting one or more extinctions for Delta=0.0328115 is 0.525
[2019-11-30 06:55:12] Computing probability of getting one or more extinctions for Delta=0.0330281
[2019-11-30 06:56:07] Probability of getting one or more extinctions for Delta=0.0330281 is 0.523
[2019-11-30 06:56:07] Computing probability of getting one or more extinctions for Delta=0.0332447
[2019-11-30 06:57:06] Probability of getting one or more extinctions for Delta=0.0332447 is 0.539
[2019-11-30 06:57:06] Now fitting the 10 chosen into the specific function
[2019-11-30 06:57:06] Now we find the zero of the fit to determine delta critical (parameters = -483.791 45614.2 -1.43459e+06 1.50488e+07)
[2019-11-30 06:57:06] We interpret the fitting parameters as coefficients of a degree 3 polynomial (which should be true, please check that)
[2019-11-30 06:57:06]  zero estimated at 0.0327725
[2019-11-30 06:57:06] Computed critical delta for ./matrices/Nr25_Nc25/RandTrix_Nr25_Nc25_Nest0.45_Conn0.1296.txt
[2019-11-30 06:57:06] Attempting now to find the critical delta for the given set of metaparameters
[2019-11-30 06:57:06] Computing probability of getting one or more extinctions for Delta=0
[2019-11-30 06:57:06] Probability of getting one or more extinctions for Delta=0 is 0
[2019-11-30 06:57:06] Computing probability of getting one or more extinctions for Delta=1
[2019-11-30 06:57:06] Probability of getting one or more extinctions for Delta=1 is 1
[2019-11-30 06:57:06] We first find a rough interval where the critical delta should lie (each point computed by the solver is estimated with 100 runs)
[2019-11-30 06:57:06] Computing probability of getting one or more extinctions for Delta=0.5
[2019-11-30 06:57:06] Probability of getting one or more extinctions for Delta=0.5 is 1
[2019-11-30 06:57:06] Computing probability of getting one or more extinctions for Delta=0.25
[2019-11-30 06:57:07] Probability of getting one or more extinctions for Delta=0.25 is 1
[2019-11-30 06:57:07] Computing probability of getting one or more extinctions for Delta=0.125
[2019-11-30 06:57:07] Probability of getting one or more extinctions for Delta=0.125 is 1
[2019-11-30 06:57:07] Computing probability of getting one or more extinctions for Delta=0.0625
[2019-11-30 06:57:08] Probability of getting one or more extinctions for Delta=0.0625 is 1
[2019-11-30 06:57:08] Computing probability of getting one or more extinctions for Delta=0.03125
[2019-11-30 06:57:18] Probability of getting one or more extinctions for Delta=0.03125 is 0.83
[2019-11-30 06:57:18] Computing probability of getting one or more extinctions for Delta=0.0188253
[2019-11-30 06:57:36] Probability of getting one or more extinctions for Delta=0.0188253 is 0.46
[2019-11-30 06:57:36] Computing probability of getting one or more extinctions for Delta=0.0201685
[2019-11-30 06:57:56] Probability of getting one or more extinctions for Delta=0.0201685 is 0.47
[2019-11-30 06:57:56] Computing probability of getting one or more extinctions for Delta=0.0238623
[2019-11-30 06:58:13] Probability of getting one or more extinctions for Delta=0.0238623 is 0.67
[2019-11-30 06:58:13] Computing probability of getting one or more extinctions for Delta=0.0207226
[2019-11-30 06:58:33] Probability of getting one or more extinctions for Delta=0.0207226 is 0.5
[2019-11-30 06:58:33] Found an interval for Delta critical : [0.0201685;0.0207226]
[2019-11-30 06:58:33] Now computing the probability of getting more than one extinction for ten points inside this interval (1000 runs per point)
[2019-11-30 06:58:33] Computing probability of getting one or more extinctions for Delta=0.0201685
[2019-11-30 07:03:16] Probability of getting one or more extinctions for Delta=0.0201685 is 0.522
[2019-11-30 07:03:16] Computing probability of getting one or more extinctions for Delta=0.0202301
[2019-11-30 07:06:07] Probability of getting one or more extinctions for Delta=0.0202301 is 0.506
[2019-11-30 07:06:07] Computing probability of getting one or more extinctions for Delta=0.0202916
[2019-11-30 11:47:41] Probability of getting one or more extinctions for Delta=0.0202916 is 0.526
[2019-11-30 11:47:41] Computing probability of getting one or more extinctions for Delta=0.0203532
[2019-11-30 11:52:48] Probability of getting one or more extinctions for Delta=0.0203532 is 0.486
[2019-11-30 11:52:48] Computing probability of getting one or more extinctions for Delta=0.0204148
[2019-11-30 11:57:00] Probability of getting one or more extinctions for Delta=0.0204148 is 0.545
[2019-11-30 11:57:00] Computing probability of getting one or more extinctions for Delta=0.0204763
[2019-11-30 12:01:30] Probability of getting one or more extinctions for Delta=0.0204763 is 0.528
[2019-11-30 12:01:30] Computing probability of getting one or more extinctions for Delta=0.0205379
[2019-11-30 12:05:17] Probability of getting one or more extinctions for Delta=0.0205379 is 0.532
[2019-11-30 12:05:17] Computing probability of getting one or more extinctions for Delta=0.0205995
[2019-11-30 12:08:09] Probability of getting one or more extinctions for Delta=0.0205995 is 0.54
[2019-11-30 12:08:09] Computing probability of getting one or more extinctions for Delta=0.020661
[2019-11-30 12:12:14] Probability of getting one or more extinctions for Delta=0.020661 is 0.559
[2019-11-30 12:12:14] Computing probability of getting one or more extinctions for Delta=0.0207226
[2019-11-30 12:17:09] Probability of getting one or more extinctions for Delta=0.0207226 is 0.531
[2019-11-30 12:17:09] Now fitting the 10 chosen into the specific function
[2019-11-30 12:17:09] Now we find the zero of the fit to determine delta critical (parameters = 14819.8 -2.17411e+06 1.06309e+08 -1.73261e+09)
[2019-11-30 12:17:09] We interpret the fitting parameters as coefficients of a degree 3 polynomial (which should be true, please check that)
[2019-11-30 12:17:09]  zero estimated at 0.0208203
[2019-11-30 12:17:09] Computed critical delta for ./matrices/Nr25_Nc25/RandTrix_Nr25_Nc25_Nest0.45_Conn0.1744.txt
[2019-11-30 12:17:09] Attempting now to find the critical delta for the given set of metaparameters
[2019-11-30 12:17:09] Computing probability of getting one or more extinctions for Delta=0
[2019-11-30 12:17:09] Probability of getting one or more extinctions for Delta=0 is 0
[2019-11-30 12:17:09] Computing probability of getting one or more extinctions for Delta=1
[2019-11-30 12:17:09] Probability of getting one or more extinctions for Delta=1 is 1
[2019-11-30 12:17:09] We first find a rough interval where the critical delta should lie (each point computed by the solver is estimated with 100 runs)
[2019-11-30 12:17:09] Computing probability of getting one or more extinctions for Delta=0.5
[2019-11-30 12:17:10] Probability of getting one or more extinctions for Delta=0.5 is 1
[2019-11-30 12:17:10] Computing probability of getting one or more extinctions for Delta=0.25
[2019-11-30 12:17:11] Probability of getting one or more extinctions for Delta=0.25 is 1
[2019-11-30 12:17:11] Computing probability of getting one or more extinctions for Delta=0.125
[2019-11-30 12:17:12] Probability of getting one or more extinctions for Delta=0.125 is 1
[2019-11-30 12:17:12] Computing probability of getting one or more extinctions for Delta=0.0625
[2019-11-30 12:17:14] Probability of getting one or more extinctions for Delta=0.0625 is 1
[2019-11-30 12:17:14] Computing probability of getting one or more extinctions for Delta=0.03125
[2019-11-30 12:17:21] Probability of getting one or more extinctions for Delta=0.03125 is 1
[2019-11-30 12:17:21] Computing probability of getting one or more extinctions for Delta=0.015625
[2019-11-30 12:18:34] Probability of getting one or more extinctions for Delta=0.015625 is 0.95
[2019-11-30 12:18:34] Computing probability of getting one or more extinctions for Delta=0.00822368
[2019-11-30 12:24:53] Probability of getting one or more extinctions for Delta=0.00822368 is 0.74
[2019-11-30 12:24:53] Computing probability of getting one or more extinctions for Delta=0.00250838
[2019-11-30 12:40:13] Probability of getting one or more extinctions for Delta=0.00250838 is 0.15
[2019-11-30 12:40:13] Computing probability of getting one or more extinctions for Delta=0.00589882
[2019-11-30 12:49:18] Probability of getting one or more extinctions for Delta=0.00589882 is 0.62
[2019-11-30 12:49:18] Computing probability of getting one or more extinctions for Delta=0.00416753
[2019-11-30 12:59:58] Probability of getting one or more extinctions for Delta=0.00416753 is 0.34
[2019-11-30 12:59:58] Computing probability of getting one or more extinctions for Delta=0.00515684
[2019-11-30 13:06:27] Probability of getting one or more extinctions for Delta=0.00515684 is 0.49
[2019-11-30 13:06:27] Computing probability of getting one or more extinctions for Delta=0.00521391
[2019-11-30 13:12:19] Probability of getting one or more extinctions for Delta=0.00521391 is 0.47
[2019-11-30 13:12:19] Computing probability of getting one or more extinctions for Delta=0.00555636
[2019-11-30 13:21:08] Probability of getting one or more extinctions for Delta=0.00555636 is 0.56
[2019-11-30 13:21:08] Found an interval for Delta critical : [0.00521391;0.00555636]
[2019-11-30 13:21:08] Now computing the probability of getting more than one extinction for ten points inside this interval (1000 runs per point)
[2019-11-30 13:21:08] Computing probability of getting one or more extinctions for Delta=0.00521391
[2019-11-30 14:33:38] Probability of getting one or more extinctions for Delta=0.00521391 is 0.487
[2019-11-30 14:33:38] Computing probability of getting one or more extinctions for Delta=0.00525196
[2019-11-30 15:46:39] Probability of getting one or more extinctions for Delta=0.00525196 is 0.487
[2019-11-30 15:46:39] Computing probability of getting one or more extinctions for Delta=0.00529001
[2019-11-30 16:54:21] Probability of getting one or more extinctions for Delta=0.00529001 is 0.526
[2019-11-30 16:54:21] Computing probability of getting one or more extinctions for Delta=0.00532806
[2019-11-30 17:59:33] Probability of getting one or more extinctions for Delta=0.00532806 is 0.514
[2019-11-30 17:59:33] Computing probability of getting one or more extinctions for Delta=0.00536611
[2019-11-30 19:12:05] Probability of getting one or more extinctions for Delta=0.00536611 is 0.525
[2019-11-30 19:12:05] Computing probability of getting one or more extinctions for Delta=0.00540416
[2019-11-30 20:17:55] Probability of getting one or more extinctions for Delta=0.00540416 is 0.531
[2019-11-30 20:17:55] Computing probability of getting one or more extinctions for Delta=0.00544221
[2019-11-30 21:22:14] Probability of getting one or more extinctions for Delta=0.00544221 is 0.541
[2019-11-30 21:22:14] Computing probability of getting one or more extinctions for Delta=0.00548026
[2019-11-30 22:40:39] Probability of getting one or more extinctions for Delta=0.00548026 is 0.531
[2019-11-30 22:40:39] Computing probability of getting one or more extinctions for Delta=0.00551831
[2019-11-30 23:57:59] Probability of getting one or more extinctions for Delta=0.00551831 is 0.525
[2019-11-30 23:57:59] Computing probability of getting one or more extinctions for Delta=0.00555636
[2019-12-01 01:11:07] Probability of getting one or more extinctions for Delta=0.00555636 is 0.498
[2019-12-01 01:11:07] Now fitting the 10 chosen into the specific function
[2019-12-01 01:11:07] Now we find the zero of the fit to determine delta critical (parameters = 596.126 -339615 6.44349e+07 -4.07136e+09)
[2019-12-01 01:11:07] We interpret the fitting parameters as coefficients of a degree 3 polynomial (which should be true, please check that)
[2019-12-01 01:11:07] Found three potential roots, compute which one is the best (100 runs per point)
[2019-12-01 01:11:07] Please implement the different equilibrium modes in case of three roots
[2019-12-01 01:11:07]  zero estimated at -1
[2019-12-01 01:11:07] Computed critical delta for ./matrices/Nr25_Nc25/RandTrix_Nr25_Nc25_Nest0.45_Conn0.2336.txt
[2019-12-01 01:11:07] Attempting now to find the critical delta for the given set of metaparameters
[2019-12-01 01:11:07] Computing probability of getting one or more extinctions for Delta=0
