[2019-11-29 20:42:06] Loading metaparameters from config/configuration_comparison_NR25_NS25_s075_a05.in
[2019-11-29 20:42:06] Successfully opened ./data_output/configuration_comparison_NR25_NS25_s075_a05_matrix_list_NR25_NS25_2.out, attempting now to find the critical delta of every listed matrix 
[2019-11-29 20:42:06] Attempting now to find the critical delta for the given set of metaparameters
[2019-11-29 20:42:06] Computing probability of getting one or more extinctions for Delta=0
[2019-11-29 20:42:07] Probability of getting one or more extinctions for Delta=0 is 0
[2019-11-29 20:42:07] Computing probability of getting one or more extinctions for Delta=1
[2019-11-29 20:42:07] Probability of getting one or more extinctions for Delta=1 is 1
[2019-11-29 20:42:07] We first find a rough interval where the critical delta should lie (each point computed by the solver is estimated with 100 runs)
[2019-11-29 20:42:07] Computing probability of getting one or more extinctions for Delta=0.5
[2019-11-29 20:42:07] Probability of getting one or more extinctions for Delta=0.5 is 1
[2019-11-29 20:42:07] Computing probability of getting one or more extinctions for Delta=0.25
[2019-11-29 20:42:08] Probability of getting one or more extinctions for Delta=0.25 is 1
[2019-11-29 20:42:08] Computing probability of getting one or more extinctions for Delta=0.125
[2019-11-29 20:42:08] Probability of getting one or more extinctions for Delta=0.125 is 1
[2019-11-29 20:42:08] Computing probability of getting one or more extinctions for Delta=0.0625
[2019-11-29 20:42:09] Probability of getting one or more extinctions for Delta=0.0625 is 1
[2019-11-29 20:42:09] Computing probability of getting one or more extinctions for Delta=0.03125
[2019-11-29 20:42:12] Probability of getting one or more extinctions for Delta=0.03125 is 0.99
[2019-11-29 20:42:12] Computing probability of getting one or more extinctions for Delta=0.0157828
[2019-11-29 20:44:05] Probability of getting one or more extinctions for Delta=0.0157828 is 0.85
[2019-11-29 20:44:05] Computing probability of getting one or more extinctions for Delta=0.00789141
[2019-11-29 20:53:22] Probability of getting one or more extinctions for Delta=0.00789141 is 0.36
[2019-11-29 20:53:22] Computing probability of getting one or more extinctions for Delta=0.0101461
[2019-11-29 20:55:12] Probability of getting one or more extinctions for Delta=0.0101461 is 0.57
[2019-11-29 20:55:12] Computing probability of getting one or more extinctions for Delta=0.00939454
[2019-11-29 21:03:14] Probability of getting one or more extinctions for Delta=0.00939454 is 0.42
[2019-11-29 21:03:14] Found an interval for Delta critical : [0.00939454;0.0101461]
[2019-11-29 21:03:14] Now computing the probability of getting more than one extinction for ten points inside this interval (1000 runs per point)
[2019-11-29 21:03:14] Computing probability of getting one or more extinctions for Delta=0.00939454
[2019-11-29 21:42:20] Probability of getting one or more extinctions for Delta=0.00939454 is 0.491
[2019-11-29 21:42:20] Computing probability of getting one or more extinctions for Delta=0.00947805
[2019-11-29 22:22:33] Probability of getting one or more extinctions for Delta=0.00947805 is 0.483
[2019-11-29 22:22:33] Computing probability of getting one or more extinctions for Delta=0.00956155
[2019-11-29 23:00:05] Probability of getting one or more extinctions for Delta=0.00956155 is 0.51
[2019-11-29 23:00:05] Computing probability of getting one or more extinctions for Delta=0.00964506
[2019-11-29 23:37:44] Probability of getting one or more extinctions for Delta=0.00964506 is 0.49
[2019-11-29 23:37:44] Computing probability of getting one or more extinctions for Delta=0.00972857
[2019-11-30 00:09:32] Probability of getting one or more extinctions for Delta=0.00972857 is 0.491
[2019-11-30 00:09:32] Computing probability of getting one or more extinctions for Delta=0.00981208
[2019-11-30 00:43:07] Probability of getting one or more extinctions for Delta=0.00981208 is 0.534
[2019-11-30 00:43:07] Computing probability of getting one or more extinctions for Delta=0.00989558
[2019-11-30 01:15:21] Probability of getting one or more extinctions for Delta=0.00989558 is 0.542
[2019-11-30 01:15:21] Computing probability of getting one or more extinctions for Delta=0.00997909
[2019-11-30 01:51:29] Probability of getting one or more extinctions for Delta=0.00997909 is 0.5
[2019-11-30 01:51:29] Computing probability of getting one or more extinctions for Delta=0.0100626
[2019-11-30 02:28:23] Probability of getting one or more extinctions for Delta=0.0100626 is 0.541
[2019-11-30 02:28:23] Computing probability of getting one or more extinctions for Delta=0.0101461
[2019-11-30 03:09:30] Probability of getting one or more extinctions for Delta=0.0101461 is 0.517
[2019-11-30 03:09:30] Now fitting the 10 chosen into the specific function
[2019-11-30 03:09:30] Now we find the zero of the fit to determine delta critical (parameters = 458.767 -141662 1.457e+07 -4.99122e+08)
[2019-11-30 03:09:30] We interpret the fitting parameters as coefficients of a degree 3 polynomial (which should be true, please check that)
[2019-11-30 03:09:30] Found three potential roots, compute which one is the best (100 runs per point)
[2019-11-30 03:09:30] Please implement the different equilibrium modes in case of three roots
[2019-11-30 03:09:30]  zero estimated at -1
[2019-11-30 03:09:30] Computed critical delta for ./matrices/Nr25_Nc25/RandTrix_Nr25_Nc25_Nest0.25_Conn0.184.txt
[2019-11-30 03:09:30] Attempting now to find the critical delta for the given set of metaparameters
[2019-11-30 03:09:30] Computing probability of getting one or more extinctions for Delta=0
[2019-11-30 03:09:30] Probability of getting one or more extinctions for Delta=0 is 0
[2019-11-30 03:09:30] Computing probability of getting one or more extinctions for Delta=1
[2019-11-30 03:09:30] Probability of getting one or more extinctions for Delta=1 is 1
[2019-11-30 03:09:30] We first find a rough interval where the critical delta should lie (each point computed by the solver is estimated with 100 runs)
[2019-11-30 03:09:30] Computing probability of getting one or more extinctions for Delta=0.5
[2019-11-30 03:09:30] Probability of getting one or more extinctions for Delta=0.5 is 1
[2019-11-30 03:09:30] Computing probability of getting one or more extinctions for Delta=0.25
[2019-11-30 03:09:31] Probability of getting one or more extinctions for Delta=0.25 is 1
[2019-11-30 03:09:31] Computing probability of getting one or more extinctions for Delta=0.125
[2019-11-30 03:09:31] Probability of getting one or more extinctions for Delta=0.125 is 1
[2019-11-30 03:09:31] Computing probability of getting one or more extinctions for Delta=0.0625
[2019-11-30 03:09:32] Probability of getting one or more extinctions for Delta=0.0625 is 1
[2019-11-30 03:09:32] Computing probability of getting one or more extinctions for Delta=0.03125
[2019-11-30 03:09:37] Probability of getting one or more extinctions for Delta=0.03125 is 0.92
[2019-11-30 03:09:37] Computing probability of getting one or more extinctions for Delta=0.0169837
[2019-11-30 03:09:54] Probability of getting one or more extinctions for Delta=0.0169837 is 0.57
[2019-11-30 03:09:54] Computing probability of getting one or more extinctions for Delta=0.0144808
[2019-11-30 03:10:12] Probability of getting one or more extinctions for Delta=0.0144808 is 0.45
[2019-11-30 03:10:12] Computing probability of getting one or more extinctions for Delta=0.0155237
[2019-11-30 03:10:34] Probability of getting one or more extinctions for Delta=0.0155237 is 0.46
[2019-11-30 03:10:34] Found an interval for Delta critical : [0.0155237;0.0169837]
[2019-11-30 03:10:34] Now computing the probability of getting more than one extinction for ten points inside this interval (1000 runs per point)
[2019-11-30 03:10:34] Computing probability of getting one or more extinctions for Delta=0.0155237
[2019-11-30 03:16:02] Probability of getting one or more extinctions for Delta=0.0155237 is 0.457
[2019-11-30 03:16:02] Computing probability of getting one or more extinctions for Delta=0.0156859
[2019-11-30 03:21:25] Probability of getting one or more extinctions for Delta=0.0156859 is 0.467
[2019-11-30 03:21:25] Computing probability of getting one or more extinctions for Delta=0.0158481
[2019-11-30 03:27:17] Probability of getting one or more extinctions for Delta=0.0158481 is 0.471
[2019-11-30 03:27:17] Computing probability of getting one or more extinctions for Delta=0.0160104
[2019-11-30 03:32:03] Probability of getting one or more extinctions for Delta=0.0160104 is 0.451
[2019-11-30 03:32:03] Computing probability of getting one or more extinctions for Delta=0.0161726
[2019-11-30 03:35:50] Probability of getting one or more extinctions for Delta=0.0161726 is 0.473
[2019-11-30 03:35:50] Computing probability of getting one or more extinctions for Delta=0.0163348
[2019-11-30 03:39:00] Probability of getting one or more extinctions for Delta=0.0163348 is 0.501
[2019-11-30 03:39:00] Computing probability of getting one or more extinctions for Delta=0.016497
[2019-11-30 03:41:53] Probability of getting one or more extinctions for Delta=0.016497 is 0.526
[2019-11-30 03:41:53] Computing probability of getting one or more extinctions for Delta=0.0166593
[2019-11-30 03:44:47] Probability of getting one or more extinctions for Delta=0.0166593 is 0.532
[2019-11-30 03:44:47] Computing probability of getting one or more extinctions for Delta=0.0168215
[2019-11-30 03:47:25] Probability of getting one or more extinctions for Delta=0.0168215 is 0.548
[2019-11-30 03:47:25] Computing probability of getting one or more extinctions for Delta=0.0169837
[2019-11-30 03:50:12] Probability of getting one or more extinctions for Delta=0.0169837 is 0.526
[2019-11-30 03:50:12] Now fitting the 10 chosen into the specific function
[2019-11-30 03:50:12] Now we find the zero of the fit to determine delta critical (parameters = 594.196 -109682 6.7413e+06 -1.37962e+08)
[2019-11-30 03:50:12] We interpret the fitting parameters as coefficients of a degree 3 polynomial (which should be true, please check that)
[2019-11-30 03:50:12] Found three potential roots, compute which one is the best (100 runs per point)
[2019-11-30 03:50:12] Please implement the different equilibrium modes in case of three roots
[2019-11-30 03:50:12]  zero estimated at -1
[2019-11-30 03:50:12] Computed critical delta for ./matrices/Nr25_Nc25/RandTrix_Nr25_Nc25_Nest0.25_Conn0.2336.txt
[2019-11-30 03:50:12] Attempting now to find the critical delta for the given set of metaparameters
[2019-11-30 03:50:12] Computing probability of getting one or more extinctions for Delta=0
[2019-11-30 03:50:12] Probability of getting one or more extinctions for Delta=0 is 0
[2019-11-30 03:50:12] Computing probability of getting one or more extinctions for Delta=1
[2019-11-30 03:50:12] Probability of getting one or more extinctions for Delta=1 is 1
[2019-11-30 03:50:12] We first find a rough interval where the critical delta should lie (each point computed by the solver is estimated with 100 runs)
[2019-11-30 03:50:12] Computing probability of getting one or more extinctions for Delta=0.5
[2019-11-30 03:50:13] Probability of getting one or more extinctions for Delta=0.5 is 1
[2019-11-30 03:50:13] Computing probability of getting one or more extinctions for Delta=0.25
[2019-11-30 03:50:13] Probability of getting one or more extinctions for Delta=0.25 is 1
[2019-11-30 03:50:13] Computing probability of getting one or more extinctions for Delta=0.125
[2019-11-30 03:50:13] Probability of getting one or more extinctions for Delta=0.125 is 1
[2019-11-30 03:50:13] Computing probability of getting one or more extinctions for Delta=0.0625
[2019-11-30 03:50:14] Probability of getting one or more extinctions for Delta=0.0625 is 1
[2019-11-30 03:50:14] Computing probability of getting one or more extinctions for Delta=0.03125
[2019-11-30 03:50:16] Probability of getting one or more extinctions for Delta=0.03125 is 0.64
[2019-11-30 03:50:16] Computing probability of getting one or more extinctions for Delta=0.0244141
[2019-11-30 03:50:19] Probability of getting one or more extinctions for Delta=0.0244141 is 0.2
[2019-11-30 03:50:19] Computing probability of getting one or more extinctions for Delta=0.0290749
[2019-11-30 03:50:23] Probability of getting one or more extinctions for Delta=0.0290749 is 0.44
[2019-11-30 03:50:23] Found an interval for Delta critical : [0.0290749;0.03125]
[2019-11-30 03:50:23] Now computing the probability of getting more than one extinction for ten points inside this interval (1000 runs per point)
[2019-11-30 03:50:23] Computing probability of getting one or more extinctions for Delta=0.0290749
[2019-11-30 07:19:47] Probability of getting one or more extinctions for Delta=0.0290749 is 0.464
[2019-11-30 07:19:47] Computing probability of getting one or more extinctions for Delta=0.0293166
[2019-11-30 07:20:43] Probability of getting one or more extinctions for Delta=0.0293166 is 0.473
[2019-11-30 07:20:43] Computing probability of getting one or more extinctions for Delta=0.0295583
[2019-11-30 07:21:46] Probability of getting one or more extinctions for Delta=0.0295583 is 0.467
[2019-11-30 07:21:46] Computing probability of getting one or more extinctions for Delta=0.0298
[2019-11-30 07:22:44] Probability of getting one or more extinctions for Delta=0.0298 is 0.499
[2019-11-30 07:22:44] Computing probability of getting one or more extinctions for Delta=0.0300416
[2019-11-30 07:23:40] Probability of getting one or more extinctions for Delta=0.0300416 is 0.528
[2019-11-30 07:23:40] Computing probability of getting one or more extinctions for Delta=0.0302833
[2019-11-30 07:24:31] Probability of getting one or more extinctions for Delta=0.0302833 is 0.54
[2019-11-30 07:24:31] Computing probability of getting one or more extinctions for Delta=0.030525
[2019-11-30 07:25:24] Probability of getting one or more extinctions for Delta=0.030525 is 0.549
[2019-11-30 07:25:24] Computing probability of getting one or more extinctions for Delta=0.0307667
[2019-11-30 07:26:13] Probability of getting one or more extinctions for Delta=0.0307667 is 0.584
[2019-11-30 07:26:13] Computing probability of getting one or more extinctions for Delta=0.0310083
[2019-11-30 09:55:07] Probability of getting one or more extinctions for Delta=0.0310083 is 0.564
[2019-11-30 09:55:07] Computing probability of getting one or more extinctions for Delta=0.03125
[2019-11-30 09:56:05] Probability of getting one or more extinctions for Delta=0.03125 is 0.561
[2019-11-30 09:56:05] Now fitting the 10 chosen into the specific function
[2019-11-30 09:56:05] Now we find the zero of the fit to determine delta critical (parameters = 1111.66 -111223 3.70627e+06 -4.11331e+07)
[2019-11-30 09:56:05] We interpret the fitting parameters as coefficients of a degree 3 polynomial (which should be true, please check that)
[2019-11-30 09:56:05] Found three potential roots, compute which one is the best (100 runs per point)
[2019-11-30 09:56:05] Please implement the different equilibrium modes in case of three roots
[2019-11-30 09:56:05]  zero estimated at -1
[2019-11-30 09:56:05] Computed critical delta for ./matrices/Nr25_Nc25/RandTrix_Nr25_Nc25_Nest0.2_Conn0.0848.txt
[2019-11-30 09:56:05] Attempting now to find the critical delta for the given set of metaparameters
[2019-11-30 09:56:05] Computing probability of getting one or more extinctions for Delta=0
[2019-11-30 09:56:05] Probability of getting one or more extinctions for Delta=0 is 0
[2019-11-30 09:56:05] Computing probability of getting one or more extinctions for Delta=1
[2019-11-30 09:56:05] Probability of getting one or more extinctions for Delta=1 is 1
[2019-11-30 09:56:05] We first find a rough interval where the critical delta should lie (each point computed by the solver is estimated with 100 runs)
[2019-11-30 09:56:05] Computing probability of getting one or more extinctions for Delta=0.5
[2019-11-30 09:56:06] Probability of getting one or more extinctions for Delta=0.5 is 1
[2019-11-30 09:56:06] Computing probability of getting one or more extinctions for Delta=0.25
[2019-11-30 09:56:07] Probability of getting one or more extinctions for Delta=0.25 is 1
[2019-11-30 09:56:07] Computing probability of getting one or more extinctions for Delta=0.125
[2019-11-30 09:56:07] Probability of getting one or more extinctions for Delta=0.125 is 1
[2019-11-30 09:56:07] Computing probability of getting one or more extinctions for Delta=0.0625
[2019-11-30 09:56:09] Probability of getting one or more extinctions for Delta=0.0625 is 1
[2019-11-30 09:56:09] Computing probability of getting one or more extinctions for Delta=0.03125
[2019-11-30 09:56:43] Probability of getting one or more extinctions for Delta=0.03125 is 0.97
[2019-11-30 09:56:43] Computing probability of getting one or more extinctions for Delta=0.0161082
[2019-11-30 09:58:31] Probability of getting one or more extinctions for Delta=0.0161082 is 0.63
[2019-11-30 09:58:31] Computing probability of getting one or more extinctions for Delta=0.0115134
[2019-11-30 10:04:13] Probability of getting one or more extinctions for Delta=0.0115134 is 0.55
[2019-11-30 10:04:13] Computing probability of getting one or more extinctions for Delta=0.00901825
[2019-11-30 10:10:16] Probability of getting one or more extinctions for Delta=0.00901825 is 0.38
[2019-11-30 10:10:16] Computing probability of getting one or more extinctions for Delta=0.0107795
[2019-11-30 10:13:56] Probability of getting one or more extinctions for Delta=0.0107795 is 0.44
[2019-11-30 10:13:56] Found an interval for Delta critical : [0.0107795;0.0115134]
[2019-11-30 10:13:56] Now computing the probability of getting more than one extinction for ten points inside this interval (1000 runs per point)
[2019-11-30 10:13:56] Computing probability of getting one or more extinctions for Delta=0.0107795
[2019-11-30 11:06:54] Probability of getting one or more extinctions for Delta=0.0107795 is 0.439
[2019-11-30 11:06:54] Computing probability of getting one or more extinctions for Delta=0.0108611
[2019-11-30 11:38:54] Probability of getting one or more extinctions for Delta=0.0108611 is 0.469
[2019-11-30 11:38:54] Computing probability of getting one or more extinctions for Delta=0.0109426
[2019-11-30 12:27:25] Probability of getting one or more extinctions for Delta=0.0109426 is 0.451
[2019-11-30 12:27:25] Computing probability of getting one or more extinctions for Delta=0.0110242
[2019-11-30 13:16:54] Probability of getting one or more extinctions for Delta=0.0110242 is 0.485
[2019-11-30 13:16:54] Computing probability of getting one or more extinctions for Delta=0.0111057
[2019-11-30 14:08:26] Probability of getting one or more extinctions for Delta=0.0111057 is 0.458
[2019-11-30 14:08:26] Computing probability of getting one or more extinctions for Delta=0.0111872
[2019-11-30 14:46:00] Probability of getting one or more extinctions for Delta=0.0111872 is 0.478
[2019-11-30 14:46:00] Computing probability of getting one or more extinctions for Delta=0.0112688
[2019-11-30 15:25:46] Probability of getting one or more extinctions for Delta=0.0112688 is 0.472
[2019-11-30 15:25:46] Computing probability of getting one or more extinctions for Delta=0.0113503
[2019-11-30 15:57:11] Probability of getting one or more extinctions for Delta=0.0113503 is 0.47
[2019-11-30 15:57:11] Computing probability of getting one or more extinctions for Delta=0.0114319
[2019-11-30 16:35:00] Probability of getting one or more extinctions for Delta=0.0114319 is 0.479
[2019-11-30 16:35:00] Computing probability of getting one or more extinctions for Delta=0.0115134
[2019-11-30 17:18:28] Probability of getting one or more extinctions for Delta=0.0115134 is 0.487
[2019-11-30 17:18:28] Now fitting the 10 chosen into the specific function
[2019-11-30 17:18:28] Now we find the zero of the fit to determine delta critical (parameters = -687.728 184566 -1.65109e+07 4.92323e+08)
[2019-11-30 17:18:28] We interpret the fitting parameters as coefficients of a degree 3 polynomial (which should be true, please check that)
[2019-11-30 17:18:28]  zero estimated at 0.0115784
[2019-11-30 17:18:28] Computed critical delta for ./matrices/Nr25_Nc25/RandTrix_Nr25_Nc25_Nest0.2_Conn0.1312.txt
[2019-11-30 17:18:28] Attempting now to find the critical delta for the given set of metaparameters
[2019-11-30 17:18:28] Computing probability of getting one or more extinctions for Delta=0
