2.500000000000000000e+01 2.500000000000000000e+01 1.499999999999999944e-01 8.000000000000000167e-02 5.714201270069298033e+01
2.500000000000000000e+01 2.500000000000000000e+01 1.499999999999999944e-01 1.199999999999999956e-01 3.019165764555206621e+01
2.500000000000000000e+01 2.500000000000000000e+01 1.499999999999999944e-01 1.807999999999999885e-01 2.058670517499016361e-01
2.500000000000000000e+01 2.500000000000000000e+01 1.000000000000000056e-01 8.160000000000000586e-02 1.966158214339467492e+01
2.500000000000000000e+01 2.500000000000000000e+01 1.000000000000000056e-01 1.295999999999999930e-01 1.877061926201127051e-01
2.500000000000000000e+01 2.500000000000000000e+01 2.500000000000000000e-01 8.319999999999999618e-02 6.705959965209486029e+01
2.500000000000000000e+01 2.500000000000000000e+01 2.500000000000000000e-01 1.391999999999999904e-01 8.005767509702225482e+01
2.500000000000000000e+01 2.500000000000000000e+01 2.500000000000000000e-01 1.839999999999999969e-01 6.414560407831848465e+01
2.500000000000000000e+01 2.500000000000000000e+01 2.500000000000000000e-01 2.336000000000000021e-01 5.463421898877979244e-01
2.500000000000000000e+01 2.500000000000000000e+01 2.000000000000000111e-01 8.959999999999999909e-02 6.684446804096869243e+01
2.500000000000000000e+01 2.500000000000000000e+01 2.000000000000000111e-01 1.328000000000000014e-01 5.354304147306838502e+01
2.500000000000000000e+01 2.500000000000000000e+01 2.000000000000000111e-01 1.680000000000000104e-01 7.200307455280886870e+01
2.500000000000000000e+01 2.500000000000000000e+01 3.499999999999999778e-01 8.000000000000000167e-02 7.365101985219999392e+01
2.500000000000000000e+01 2.500000000000000000e+01 3.499999999999999778e-01 1.328000000000000014e-01 9.287294887559907863e+01
2.500000000000000000e+01 2.500000000000000000e+01 3.499999999999999778e-01 1.711999999999999911e-01 9.024724466557577784e+01
2.500000000000000000e+01 2.500000000000000000e+01 3.499999999999999778e-01 2.207999999999999963e-01 6.213998781204983146e+01
2.500000000000000000e+01 2.500000000000000000e+01 3.499999999999999778e-01 2.720000000000000195e-01 7.946693482644057838e+00
2.500000000000000000e+01 2.500000000000000000e+01 3.499999999999999778e-01 3.215999999999999970e-01 5.550180706670698738e-01
2.500000000000000000e+01 2.500000000000000000e+01 2.999999999999999889e-01 8.160000000000000586e-02 7.326862242173042716e+01
2.500000000000000000e+01 2.500000000000000000e+01 2.999999999999999889e-01 1.280000000000000027e-01 8.223587822590613428e+01
2.500000000000000000e+01 2.500000000000000000e+01 2.999999999999999889e-01 1.776000000000000079e-01 7.442687480794776889e+01
2.500000000000000000e+01 2.500000000000000000e+01 2.999999999999999889e-01 2.272000000000000131e-01 3.990845244517623058e+01
2.500000000000000000e+01 2.500000000000000000e+01 2.999999999999999889e-01 2.816000000000000170e-01 3.911495481214775527e+00
2.500000000000000000e+01 2.500000000000000000e+01 4.500000000000000111e-01 8.160000000000000586e-02 7.411802391875671958e+01
2.500000000000000000e+01 2.500000000000000000e+01 4.500000000000000111e-01 1.232000000000000040e-01 8.809678076256361123e+01
2.500000000000000000e+01 2.500000000000000000e+01 4.500000000000000111e-01 1.855999999999999872e-01 1.042726973266397295e+02
2.500000000000000000e+01 2.500000000000000000e+01 4.500000000000000111e-01 2.159999999999999976e-01 1.074584644837879779e+02
2.500000000000000000e+01 2.500000000000000000e+01 4.500000000000000111e-01 2.671999999999999931e-01 1.000395175012955349e+02
2.500000000000000000e+01 2.500000000000000000e+01 4.500000000000000111e-01 3.168000000000000260e-01 5.111962533016292554e+01
2.500000000000000000e+01 2.500000000000000000e+01 4.500000000000000111e-01 3.840000000000000080e-01 1.383767024990534189e+01
2.500000000000000000e+01 2.500000000000000000e+01 4.500000000000000111e-01 4.239999999999999880e-01 1.390688287141289692e+01
2.500000000000000000e+01 2.500000000000000000e+01 4.000000000000000222e-01 7.839999999999999747e-02 7.440963505782471543e+01
2.500000000000000000e+01 2.500000000000000000e+01 4.000000000000000222e-01 1.232000000000000040e-01 8.932088713158741200e+01
2.500000000000000000e+01 2.500000000000000000e+01 4.000000000000000222e-01 2.031999999999999917e-01 6.733174122921283811e+01
2.500000000000000000e+01 2.500000000000000000e+01 4.000000000000000222e-01 2.288000000000000034e-01 1.038837491383946769e+02
2.500000000000000000e+01 2.500000000000000000e+01 4.000000000000000222e-01 2.720000000000000195e-01 9.836705910327324887e+01
2.500000000000000000e+01 2.500000000000000000e+01 4.000000000000000222e-01 3.311999999999999944e-01 4.900023084434097598e+01
2.500000000000000000e+01 2.500000000000000000e+01 4.000000000000000222e-01 3.711999999999999744e-01 5.868618601273738467e-01
2.500000000000000000e+01 2.500000000000000000e+01 5.500000000000000444e-01 9.919999999999999651e-02 7.797843080473052169e+01
2.500000000000000000e+01 2.500000000000000000e+01 5.500000000000000444e-01 1.247999999999999943e-01 9.159569933645279605e+01
2.500000000000000000e+01 2.500000000000000000e+01 5.500000000000000444e-01 1.839999999999999969e-01 1.150969582120474826e+02
2.500000000000000000e+01 2.500000000000000000e+01 5.500000000000000444e-01 2.303999999999999937e-01 1.246488725045755359e+02
2.500000000000000000e+01 2.500000000000000000e+01 5.500000000000000444e-01 3.024000000000000021e-01 1.177130558263174720e+02
2.500000000000000000e+01 2.500000000000000000e+01 5.500000000000000444e-01 3.343999999999999750e-01 8.390564287336319182e+01
2.500000000000000000e+01 2.500000000000000000e+01 5.500000000000000444e-01 3.824000000000000177e-01 8.186108833243289951e+01
2.500000000000000000e+01 2.500000000000000000e+01 5.500000000000000444e-01 4.176000000000000267e-01 3.878327662450040947e+01
2.500000000000000000e+01 2.500000000000000000e+01 5.000000000000000000e-01 9.120000000000000329e-02 7.696566035692399055e+01
2.500000000000000000e+01 2.500000000000000000e+01 5.000000000000000000e-01 1.247999999999999943e-01 9.391446574174739226e+01
2.500000000000000000e+01 2.500000000000000000e+01 5.000000000000000000e-01 1.743999999999999995e-01 1.082888222360906525e+02
2.500000000000000000e+01 2.500000000000000000e+01 5.000000000000000000e-01 2.495999999999999885e-01 1.182816234107247055e+02
2.500000000000000000e+01 2.500000000000000000e+01 5.000000000000000000e-01 2.928000000000000047e-01 7.707555701379446589e+01
2.500000000000000000e+01 2.500000000000000000e+01 5.000000000000000000e-01 3.200000000000000067e-01 5.839264059188769096e+01
2.500000000000000000e+01 2.500000000000000000e+01 5.000000000000000000e-01 3.824000000000000177e-01 4.742890377203746510e+01
2.500000000000000000e+01 2.500000000000000000e+01 5.000000000000000000e-01 4.159999999999999809e-01 5.993620677299348642e+01
2.500000000000000000e+01 2.500000000000000000e+01 5.999999999999999778e-01 1.199999999999999956e-01 8.659494948708255890e+01
2.500000000000000000e+01 2.500000000000000000e+01 5.999999999999999778e-01 1.600000000000000033e-01 8.913158009148061467e+01
2.500000000000000000e+01 2.500000000000000000e+01 5.999999999999999778e-01 2.048000000000000098e-01 1.104453184387379849e+02
2.500000000000000000e+01 2.500000000000000000e+01 5.999999999999999778e-01 3.168000000000000260e-01 1.249808746373139599e+02
2.500000000000000000e+01 2.500000000000000000e+01 5.999999999999999778e-01 3.711999999999999744e-01 8.323409389937329195e+01
2.500000000000000000e+01 2.500000000000000000e+01 5.999999999999999778e-01 4.400000000000000022e-01 5.850745099476565514e+01
