2.500000000000000000e+01 2.500000000000000000e+01 1.499999999999999944e-01 8.000000000000000167e-02 3.386079994586130510e+02
2.500000000000000000e+01 2.500000000000000000e+01 1.499999999999999944e-01 1.199999999999999956e-01 2.675255789773687525e+02
2.500000000000000000e+01 2.500000000000000000e+01 1.499999999999999944e-01 1.807999999999999885e-01 1.646590363519125333e+01
2.500000000000000000e+01 2.500000000000000000e+01 1.000000000000000056e-01 8.160000000000000586e-02 2.766045103584624485e+02
2.500000000000000000e+01 2.500000000000000000e+01 1.000000000000000056e-01 1.295999999999999930e-01 7.247348386170554591e+01
2.500000000000000000e+01 2.500000000000000000e+01 2.500000000000000000e-01 8.319999999999999618e-02 3.480018952904360390e+02
2.500000000000000000e+01 2.500000000000000000e+01 2.500000000000000000e-01 1.391999999999999904e-01 3.360163944884117200e+02
2.500000000000000000e+01 2.500000000000000000e+01 2.500000000000000000e-01 1.839999999999999969e-01 2.955639550054064557e+02
2.500000000000000000e+01 2.500000000000000000e+01 2.500000000000000000e-01 2.336000000000000021e-01 9.423586256897192470e+01
2.500000000000000000e+01 2.500000000000000000e+01 2.000000000000000111e-01 8.959999999999999909e-02 3.641906059778730196e+02
2.500000000000000000e+01 2.500000000000000000e+01 2.000000000000000111e-01 1.328000000000000014e-01 2.916643265185541054e+02
2.500000000000000000e+01 2.500000000000000000e+01 2.000000000000000111e-01 1.680000000000000104e-01 2.965831591289928042e+02
2.500000000000000000e+01 2.500000000000000000e+01 3.499999999999999778e-01 8.000000000000000167e-02 4.143216860145792566e+02
2.500000000000000000e+01 2.500000000000000000e+01 3.499999999999999778e-01 1.328000000000000014e-01 4.075264399077075268e+02
2.500000000000000000e+01 2.500000000000000000e+01 3.499999999999999778e-01 1.711999999999999911e-01 3.814485458165781893e+02
2.500000000000000000e+01 2.500000000000000000e+01 3.499999999999999778e-01 2.207999999999999963e-01 1.673242582205034523e+02
2.500000000000000000e+01 2.500000000000000000e+01 3.499999999999999778e-01 2.720000000000000195e-01 8.056377741724871555e+01
2.500000000000000000e+01 2.500000000000000000e+01 3.499999999999999778e-01 3.215999999999999970e-01 6.140971753741452943e+01
2.500000000000000000e+01 2.500000000000000000e+01 2.999999999999999889e-01 8.160000000000000586e-02 3.848239028714220353e+02
2.500000000000000000e+01 2.500000000000000000e+01 2.999999999999999889e-01 1.280000000000000027e-01 3.848422154577232845e+02
2.500000000000000000e+01 2.500000000000000000e+01 2.999999999999999889e-01 1.776000000000000079e-01 3.097893827234222499e+02
2.500000000000000000e+01 2.500000000000000000e+01 2.999999999999999889e-01 2.272000000000000131e-01 1.541091820302931694e+02
2.500000000000000000e+01 2.500000000000000000e+01 2.999999999999999889e-01 2.816000000000000170e-01 9.641883906403195681e+01
2.500000000000000000e+01 2.500000000000000000e+01 4.500000000000000111e-01 8.160000000000000586e-02 4.244181583306847187e+02
2.500000000000000000e+01 2.500000000000000000e+01 4.500000000000000111e-01 1.232000000000000040e-01 4.137531643703090367e+02
2.500000000000000000e+01 2.500000000000000000e+01 4.500000000000000111e-01 1.855999999999999872e-01 3.735265949738388258e+02
2.500000000000000000e+01 2.500000000000000000e+01 4.500000000000000111e-01 2.159999999999999976e-01 3.873212126452626194e+02
2.500000000000000000e+01 2.500000000000000000e+01 4.500000000000000111e-01 2.671999999999999931e-01 3.398657670014376322e+02
2.500000000000000000e+01 2.500000000000000000e+01 4.500000000000000111e-01 3.168000000000000260e-01 1.136333111758358996e+02
2.500000000000000000e+01 2.500000000000000000e+01 4.500000000000000111e-01 3.840000000000000080e-01 5.819958579111216324e+01
2.500000000000000000e+01 2.500000000000000000e+01 4.500000000000000111e-01 4.239999999999999880e-01 6.461432565300191300e+01
2.500000000000000000e+01 2.500000000000000000e+01 4.000000000000000222e-01 7.839999999999999747e-02 4.195314454107324877e+02
2.500000000000000000e+01 2.500000000000000000e+01 4.000000000000000222e-01 1.232000000000000040e-01 3.720690285905581618e+02
2.500000000000000000e+01 2.500000000000000000e+01 4.000000000000000222e-01 2.031999999999999917e-01 1.807302768394927455e+02
2.500000000000000000e+01 2.500000000000000000e+01 4.000000000000000222e-01 2.288000000000000034e-01 3.627553595990503936e+02
2.500000000000000000e+01 2.500000000000000000e+01 4.000000000000000222e-01 2.720000000000000195e-01 3.396218923866283035e+02
2.500000000000000000e+01 2.500000000000000000e+01 4.000000000000000222e-01 3.311999999999999944e-01 1.108686616324242351e+02
2.500000000000000000e+01 2.500000000000000000e+01 4.000000000000000222e-01 3.711999999999999744e-01 5.233289612786849432e+01
2.500000000000000000e+01 2.500000000000000000e+01 5.500000000000000444e-01 9.919999999999999651e-02 4.227519580763667477e+02
2.500000000000000000e+01 2.500000000000000000e+01 5.500000000000000444e-01 1.247999999999999943e-01 4.244998304458142115e+02
2.500000000000000000e+01 2.500000000000000000e+01 5.500000000000000444e-01 1.839999999999999969e-01 4.052651544987979264e+02
2.500000000000000000e+01 2.500000000000000000e+01 5.500000000000000444e-01 2.303999999999999937e-01 4.082350234068802592e+02
2.500000000000000000e+01 2.500000000000000000e+01 5.500000000000000444e-01 3.024000000000000021e-01 3.676129957607719234e+02
2.500000000000000000e+01 2.500000000000000000e+01 5.500000000000000444e-01 3.343999999999999750e-01 1.792667217742215655e+02
2.500000000000000000e+01 2.500000000000000000e+01 5.500000000000000444e-01 3.824000000000000177e-01 1.735736357258584803e+02
2.500000000000000000e+01 2.500000000000000000e+01 5.500000000000000444e-01 4.176000000000000267e-01 7.149179895869917800e+01
2.500000000000000000e+01 2.500000000000000000e+01 5.000000000000000000e-01 9.120000000000000329e-02 4.242142524239704358e+02
2.500000000000000000e+01 2.500000000000000000e+01 5.000000000000000000e-01 1.247999999999999943e-01 4.167436791733783252e+02
2.500000000000000000e+01 2.500000000000000000e+01 5.000000000000000000e-01 1.743999999999999995e-01 3.902496979104847128e+02
2.500000000000000000e+01 2.500000000000000000e+01 5.000000000000000000e-01 2.495999999999999885e-01 3.666430680423771378e+02
2.500000000000000000e+01 2.500000000000000000e+01 5.000000000000000000e-01 2.928000000000000047e-01 1.740567025250005599e+02
2.500000000000000000e+01 2.500000000000000000e+01 5.000000000000000000e-01 3.200000000000000067e-01 1.179865942858229744e+02
2.500000000000000000e+01 2.500000000000000000e+01 5.000000000000000000e-01 3.824000000000000177e-01 8.908800402000709084e+01
2.500000000000000000e+01 2.500000000000000000e+01 5.000000000000000000e-01 4.159999999999999809e-01 1.147091504501431984e+02
2.500000000000000000e+01 2.500000000000000000e+01 5.999999999999999778e-01 1.199999999999999956e-01 4.222915644850518220e+02
2.500000000000000000e+01 2.500000000000000000e+01 5.999999999999999778e-01 1.600000000000000033e-01 4.027173173167239497e+02
2.500000000000000000e+01 2.500000000000000000e+01 5.999999999999999778e-01 2.048000000000000098e-01 4.125132122144306663e+02
2.500000000000000000e+01 2.500000000000000000e+01 5.999999999999999778e-01 3.168000000000000260e-01 3.689336535490773485e+02
2.500000000000000000e+01 2.500000000000000000e+01 5.999999999999999778e-01 3.711999999999999744e-01 1.758393678888920988e+02
2.500000000000000000e+01 2.500000000000000000e+01 5.999999999999999778e-01 4.400000000000000022e-01 9.579691849686530247e+01
