4.879310344827589851e-01 1.000000000000000021e-02
4.879310344827589851e-01 4.413793103448279687e-02
4.879310344827589851e-01 7.827586206896550158e-02
5.220689655172410237e-01 1.000000000000000021e-02
5.220689655172410237e-01 4.413793103448279687e-02
5.220689655172410237e-01 7.827586206896550158e-02
5.562068965517239505e-01 1.000000000000000021e-02
5.562068965517239505e-01 4.413793103448279687e-02
5.903448275862069883e-01 1.000000000000000021e-02
5.903448275862069883e-01 4.413793103448279687e-02
6.244827586206900261e-01 1.000000000000000021e-02
6.244827586206900261e-01 4.413793103448279687e-02
6.586206896551719536e-01 1.000000000000000021e-02
6.586206896551719536e-01 4.413793103448279687e-02
6.927586206896549914e-01 1.000000000000000021e-02
6.927586206896549914e-01 4.413793103448279687e-02
7.268965517241380292e-01 1.000000000000000021e-02
7.268965517241380292e-01 4.413793103448279687e-02
7.610344827586209560e-01 1.000000000000000021e-02
7.610344827586209560e-01 4.413793103448279687e-02
7.951724137931029945e-01 1.000000000000000021e-02
7.951724137931029945e-01 4.413793103448279687e-02
8.293103448275860323e-01 1.000000000000000021e-02
8.293103448275860323e-01 4.413793103448279687e-02
8.634482758620689591e-01 1.000000000000000021e-02
8.634482758620689591e-01 4.413793103448279687e-02
8.975862068965519969e-01 1.000000000000000021e-02
8.975862068965519969e-01 4.413793103448279687e-02
9.317241379310340355e-01 1.000000000000000021e-02
9.317241379310340355e-01 4.413793103448279687e-02
9.658620689655169622e-01 1.000000000000000021e-02
9.658620689655169622e-01 4.413793103448279687e-02
1.000000000000000000e+00 1.000000000000000021e-02
