# File opened on Sat Mar 21 21:06:04 2020
optimal_matrices/consumption/Nr25_Nc25/RandTrix_Nr25_Nc25_Nest0.15_Conn0.1808.txt 0.01 0.01 0 0.01 1 0 1 0.01 1 1 1 0 
optimal_matrices/consumption/Nr25_Nc25/RandTrix_Nr25_Nc25_Nest0.1_Conn0.1296.txt 0.01 0.01 0 0.01 1 0 1 0.01 1 1 1 0 
# File opened on Sat Mar 21 21:06:11 2020
optimal_matrices/consumption/Nr25_Nc25/RandTrix_Nr25_Nc25_Nest0.15_Conn0.1808.txt 0.01 0.01 0 0.01 1 0 1 0.01 1 1 1 0 
optimal_matrices/consumption/Nr25_Nc25/RandTrix_Nr25_Nc25_Nest0.1_Conn0.1296.txt 0.01 0.01 0 0.01 1 0 1 0.01 1 1 1 0 
optimal_matrices/consumption/Nr25_Nc25/RandTrix_Nr25_Nc25_Nest0.25_Conn0.184.txt 0.01 0.01 0 0.01 1 0 1 0.01 0.03 1 1 0 
optimal_matrices/consumption/Nr25_Nc25/RandTrix_Nr25_Nc25_Nest0.25_Conn0.2336.txt 0.01 0.01 0 0.01 1 0 1 0.01 1 1 1 0 
optimal_matrices/consumption/Nr25_Nc25/RandTrix_Nr25_Nc25_Nest0.2_Conn0.168.txt 0.01 0.01 0 0.01 1 0 1 0.01 0 1 1 0 
optimal_matrices/consumption/Nr25_Nc25/RandTrix_Nr25_Nc25_Nest0.35_Conn0.2208.txt 0.01 0.01 0 0.01 1 0 1 0.01 1 1 1 0 
optimal_matrices/consumption/Nr25_Nc25/RandTrix_Nr25_Nc25_Nest0.35_Conn0.272.txt 0.01 0.01 0 0.01 1 0 1 0.01 1 1 1 0 
optimal_matrices/consumption/Nr25_Nc25/RandTrix_Nr25_Nc25_Nest0.35_Conn0.3216.txt 0.01 0.01 0 0.01 1 0 1 0.01 1 1 1 0 
optimal_matrices/consumption/Nr25_Nc25/RandTrix_Nr25_Nc25_Nest0.3_Conn0.2272.txt 0.01 0.01 0 0.01 1 0 1 0.01 1 1 1 0 
optimal_matrices/consumption/Nr25_Nc25/RandTrix_Nr25_Nc25_Nest0.3_Conn0.2816.txt 0.01 0.01 0 0.01 1 0 1 0.01 1 1 1 0 
optimal_matrices/consumption/Nr25_Nc25/RandTrix_Nr25_Nc25_Nest0.45_Conn0.2672.txt 0.01 0.01 0 0.01 1 0 1 0.01 0.031 1 1 0 
optimal_matrices/consumption/Nr25_Nc25/RandTrix_Nr25_Nc25_Nest0.45_Conn0.3168.txt 0.01 0.01 0 0.01 1 0 1 0.01 1 1 1 0 
optimal_matrices/consumption/Nr25_Nc25/RandTrix_Nr25_Nc25_Nest0.45_Conn0.384.txt 0.01 0.01 0 0.01 1 0 1 0.01 1 1 1 0 
optimal_matrices/consumption/Nr25_Nc25/RandTrix_Nr25_Nc25_Nest0.45_Conn0.424.txt 0.01 0.01 0 0.01 1 0 1 0.01 1 1 1 0 
optimal_matrices/consumption/Nr25_Nc25/RandTrix_Nr25_Nc25_Nest0.4_Conn0.272.txt 0.01 0.01 0 0.01 1 0 1 0.01 0.034 1 1 0 
optimal_matrices/consumption/Nr25_Nc25/RandTrix_Nr25_Nc25_Nest0.4_Conn0.3312.txt 0.01 0.01 0 0.01 1 0 1 0.01 1 1 1 0 
optimal_matrices/consumption/Nr25_Nc25/RandTrix_Nr25_Nc25_Nest0.4_Conn0.3712.txt 0.01 0.01 0 0.01 1 0 1 0.01 1 1 1 0 
optimal_matrices/consumption/Nr25_Nc25/RandTrix_Nr25_Nc25_Nest0.55_Conn0.3344.txt 0.01 0.01 0 0.01 1 0 1 0.01 1 1 1 0 
optimal_matrices/consumption/Nr25_Nc25/RandTrix_Nr25_Nc25_Nest0.55_Conn0.3824.txt 0.01 0.01 0 0.01 1 0 1 0.01 1 1 1 0 
optimal_matrices/consumption/Nr25_Nc25/RandTrix_Nr25_Nc25_Nest0.55_Conn0.4176.txt 0.01 0.01 0 0.01 1 0 1 0.01 1 1 1 0 
optimal_matrices/consumption/Nr25_Nc25/RandTrix_Nr25_Nc25_Nest0.5_Conn0.32.txt 0.01 0.01 0 0.01 1 0 1 0.01 1 1 1 0 
optimal_matrices/consumption/Nr25_Nc25/RandTrix_Nr25_Nc25_Nest0.5_Conn0.3824.txt 0.01 0.01 0 0.01 1 0 1 0.01 1 1 1 0 
optimal_matrices/consumption/Nr25_Nc25/RandTrix_Nr25_Nc25_Nest0.5_Conn0.416.txt 0.01 0.01 0 0.01 1 0 1 0.01 1 1 1 0 
optimal_matrices/consumption/Nr25_Nc25/RandTrix_Nr25_Nc25_Nest0.6_Conn0.3168.txt 0.01 0.01 0 0.01 1 0 1 0.01 0.025 1 1 0 
optimal_matrices/consumption/Nr25_Nc25/RandTrix_Nr25_Nc25_Nest0.6_Conn0.3712.txt 0.01 0.01 0 0.01 1 0 1 0.01 1 1 1 0 
optimal_matrices/consumption/Nr25_Nc25/RandTrix_Nr25_Nc25_Nest0.6_Conn0.4176.txt 0.01 0.01 0 0.01 1 0 1 0.01 1 1 1 0 
