5.000000000000000000e+01 2.500000000000000000e+01 1.499999999999999944e-01 8.480000000000000038e-02 7.964571042547015622e+01
5.000000000000000000e+01 2.500000000000000000e+01 1.499999999999999944e-01 1.199999999999999956e-01 2.228833651029495400e+01
5.000000000000000000e+01 2.500000000000000000e+01 1.000000000000000056e-01 8.319999999999999618e-02 6.196149149374442544e+01
5.000000000000000000e+01 2.500000000000000000e+01 2.500000000000000000e-01 1.223999999999999949e-01 1.024470612075202922e+02
5.000000000000000000e+01 2.500000000000000000e+01 2.500000000000000000e-01 1.655999999999999972e-01 6.255560908566566525e+01
5.000000000000000000e+01 2.500000000000000000e+01 2.500000000000000000e-01 2.223999999999999866e-01 2.595411934339617233e+01
5.000000000000000000e+01 2.500000000000000000e+01 2.000000000000000111e-01 1.192000000000000004e-01 8.883946585977278687e+01
5.000000000000000000e+01 2.500000000000000000e+01 2.000000000000000111e-01 1.680000000000000104e-01 1.199565834887265758e+01
5.000000000000000000e+01 2.500000000000000000e+01 3.499999999999999778e-01 1.807999999999999885e-01 6.041850148877907856e+01
5.000000000000000000e+01 2.500000000000000000e+01 3.499999999999999778e-01 2.295999999999999985e-01 6.646786061038346816e+01
5.000000000000000000e+01 2.500000000000000000e+01 3.499999999999999778e-01 2.792000000000000037e-01 4.334501309583916395e+01
5.000000000000000000e+01 2.500000000000000000e+01 3.499999999999999778e-01 3.320000000000000173e-01 2.669755579564262149e+01
5.000000000000000000e+01 2.500000000000000000e+01 2.999999999999999889e-01 1.791999999999999982e-01 5.946975934783098694e+01
5.000000000000000000e+01 2.500000000000000000e+01 2.999999999999999889e-01 2.295999999999999985e-01 5.242623242820926777e+01
5.000000000000000000e+01 2.500000000000000000e+01 2.999999999999999889e-01 2.792000000000000037e-01 2.606609248702889303e+01
5.000000000000000000e+01 2.500000000000000000e+01 4.500000000000000111e-01 1.703999999999999959e-01 8.808893881150243033e+01
5.000000000000000000e+01 2.500000000000000000e+01 4.500000000000000111e-01 2.295999999999999985e-01 1.606934443401080443e+02
5.000000000000000000e+01 2.500000000000000000e+01 4.500000000000000111e-01 2.767999999999999905e-01 7.629501682289321707e+01
5.000000000000000000e+01 2.500000000000000000e+01 4.500000000000000111e-01 3.327999999999999847e-01 4.411061778315761472e+01
5.000000000000000000e+01 2.500000000000000000e+01 4.500000000000000111e-01 3.824000000000000177e-01 3.324547760864093249e+01
5.000000000000000000e+01 2.500000000000000000e+01 4.500000000000000111e-01 4.335999999999999854e-01 2.728540066283072463e+01
5.000000000000000000e+01 2.500000000000000000e+01 4.000000000000000222e-01 1.759999999999999898e-01 1.216760061550550773e+02
5.000000000000000000e+01 2.500000000000000000e+01 4.000000000000000222e-01 2.200000000000000011e-01 8.566520495934753399e+01
5.000000000000000000e+01 2.500000000000000000e+01 4.000000000000000222e-01 2.752000000000000002e-01 5.698313675418987856e+01
5.000000000000000000e+01 2.500000000000000000e+01 4.000000000000000222e-01 3.200000000000000067e-01 4.648244133135629852e+01
5.000000000000000000e+01 2.500000000000000000e+01 4.000000000000000222e-01 3.847999999999999754e-01 2.996624612538226273e+01
5.000000000000000000e+01 2.500000000000000000e+01 5.500000000000000444e-01 2.175999999999999879e-01 1.561983268240943232e+02
5.000000000000000000e+01 2.500000000000000000e+01 5.500000000000000444e-01 2.776000000000000134e-01 7.163691893612019612e+01
5.000000000000000000e+01 2.500000000000000000e+01 5.500000000000000444e-01 3.320000000000000173e-01 6.607749515103786564e+01
5.000000000000000000e+01 2.500000000000000000e+01 5.500000000000000444e-01 3.679999999999999938e-01 7.127387405112959584e+01
5.000000000000000000e+01 2.500000000000000000e+01 5.500000000000000444e-01 4.344000000000000083e-01 3.981338116697596519e+01
5.000000000000000000e+01 2.500000000000000000e+01 5.000000000000000000e-01 2.240000000000000047e-01 1.045937173194766814e+02
5.000000000000000000e+01 2.500000000000000000e+01 5.000000000000000000e-01 2.736000000000000099e-01 7.939722813465773754e+01
5.000000000000000000e+01 2.500000000000000000e+01 5.000000000000000000e-01 3.287999999999999812e-01 4.702901828396771577e+01
5.000000000000000000e+01 2.500000000000000000e+01 5.000000000000000000e-01 3.672000000000000264e-01 8.002289417821275208e+01
5.000000000000000000e+01 2.500000000000000000e+01 5.000000000000000000e-01 4.272000000000000242e-01 3.305036513980916624e+01
5.000000000000000000e+01 2.500000000000000000e+01 5.999999999999999778e-01 2.343999999999999972e-01 1.695654264601974432e+02
5.000000000000000000e+01 2.500000000000000000e+01 5.999999999999999778e-01 2.680000000000000160e-01 8.890745602549102955e+01
5.000000000000000000e+01 2.500000000000000000e+01 5.999999999999999778e-01 3.343999999999999750e-01 7.539329828454081905e+01
5.000000000000000000e+01 2.500000000000000000e+01 5.999999999999999778e-01 3.831999999999999851e-01 1.070255769563306245e+02
5.000000000000000000e+01 2.500000000000000000e+01 5.999999999999999778e-01 4.272000000000000242e-01 4.760016268370083026e+01
