5.000000000000000000e+01 2.500000000000000000e+01 1.499999999999999944e-01 8.480000000000000038e-02 6.608066546828179071e+02
5.000000000000000000e+01 2.500000000000000000e+01 1.499999999999999944e-01 1.199999999999999956e-01 2.659448681826636971e+02
5.000000000000000000e+01 2.500000000000000000e+01 1.000000000000000056e-01 8.319999999999999618e-02 6.093525335227374171e+02
5.000000000000000000e+01 2.500000000000000000e+01 2.500000000000000000e-01 1.223999999999999949e-01 6.928873297122171380e+02
5.000000000000000000e+01 2.500000000000000000e+01 2.500000000000000000e-01 1.655999999999999972e-01 3.129753029622743838e+02
5.000000000000000000e+01 2.500000000000000000e+01 2.500000000000000000e-01 2.223999999999999866e-01 8.328491811812948242e+01
5.000000000000000000e+01 2.500000000000000000e+01 2.000000000000000111e-01 1.192000000000000004e-01 6.357137442028222267e+02
5.000000000000000000e+01 2.500000000000000000e+01 2.000000000000000111e-01 1.680000000000000104e-01 1.462588479026392463e+02
5.000000000000000000e+01 2.500000000000000000e+01 3.499999999999999778e-01 1.807999999999999885e-01 2.240893411447007963e+02
5.000000000000000000e+01 2.500000000000000000e+01 3.499999999999999778e-01 2.295999999999999985e-01 2.223219981407713135e+02
5.000000000000000000e+01 2.500000000000000000e+01 3.499999999999999778e-01 2.792000000000000037e-01 1.168166662762377683e+02
5.000000000000000000e+01 2.500000000000000000e+01 3.499999999999999778e-01 3.320000000000000173e-01 6.886868905109055561e+01
5.000000000000000000e+01 2.500000000000000000e+01 2.999999999999999889e-01 1.791999999999999982e-01 2.280167123576516417e+02
5.000000000000000000e+01 2.500000000000000000e+01 2.999999999999999889e-01 2.295999999999999985e-01 1.663633637456129009e+02
5.000000000000000000e+01 2.500000000000000000e+01 2.999999999999999889e-01 2.792000000000000037e-01 7.123881845973419047e+01
5.000000000000000000e+01 2.500000000000000000e+01 4.500000000000000111e-01 1.703999999999999959e-01 3.649452658419270392e+02
5.000000000000000000e+01 2.500000000000000000e+01 4.500000000000000111e-01 2.295999999999999985e-01 7.206407047726169139e+02
5.000000000000000000e+01 2.500000000000000000e+01 4.500000000000000111e-01 2.767999999999999905e-01 2.227785299505632395e+02
5.000000000000000000e+01 2.500000000000000000e+01 4.500000000000000111e-01 3.327999999999999847e-01 1.041808928906253016e+02
5.000000000000000000e+01 2.500000000000000000e+01 4.500000000000000111e-01 3.824000000000000177e-01 6.304002756560661425e+01
5.000000000000000000e+01 2.500000000000000000e+01 4.500000000000000111e-01 4.335999999999999854e-01 3.990516602147670255e+01
5.000000000000000000e+01 2.500000000000000000e+01 4.000000000000000222e-01 1.759999999999999898e-01 6.865910131906164224e+02
5.000000000000000000e+01 2.500000000000000000e+01 4.000000000000000222e-01 2.200000000000000011e-01 3.418882581604559618e+02
5.000000000000000000e+01 2.500000000000000000e+01 4.000000000000000222e-01 2.752000000000000002e-01 1.680652969769407150e+02
5.000000000000000000e+01 2.500000000000000000e+01 4.000000000000000222e-01 3.200000000000000067e-01 1.174711299166374232e+02
5.000000000000000000e+01 2.500000000000000000e+01 4.000000000000000222e-01 3.847999999999999754e-01 5.612793674701491398e+01
5.000000000000000000e+01 2.500000000000000000e+01 5.500000000000000444e-01 2.175999999999999879e-01 7.288452224487782587e+02
5.000000000000000000e+01 2.500000000000000000e+01 5.500000000000000444e-01 2.776000000000000134e-01 1.798915884106524175e+02
5.000000000000000000e+01 2.500000000000000000e+01 5.500000000000000444e-01 3.320000000000000173e-01 1.424645384233576806e+02
5.000000000000000000e+01 2.500000000000000000e+01 5.500000000000000444e-01 3.679999999999999938e-01 1.430811199810921721e+02
5.000000000000000000e+01 2.500000000000000000e+01 5.500000000000000444e-01 4.344000000000000083e-01 6.160028936159547897e+01
5.000000000000000000e+01 2.500000000000000000e+01 5.000000000000000000e-01 2.240000000000000047e-01 3.746342051245941320e+02
5.000000000000000000e+01 2.500000000000000000e+01 5.000000000000000000e-01 2.736000000000000099e-01 2.311459226787448529e+02
5.000000000000000000e+01 2.500000000000000000e+01 5.000000000000000000e-01 3.287999999999999812e-01 1.055616200217247354e+02
5.000000000000000000e+01 2.500000000000000000e+01 5.000000000000000000e-01 3.672000000000000264e-01 1.776643247588707766e+02
5.000000000000000000e+01 2.500000000000000000e+01 5.000000000000000000e-01 4.272000000000000242e-01 5.478285164091092696e+01
5.000000000000000000e+01 2.500000000000000000e+01 5.999999999999999778e-01 2.343999999999999972e-01 7.424361040293490532e+02
5.000000000000000000e+01 2.500000000000000000e+01 5.999999999999999778e-01 2.680000000000000160e-01 2.431359924137032351e+02
5.000000000000000000e+01 2.500000000000000000e+01 5.999999999999999778e-01 3.343999999999999750e-01 1.785923621807866937e+02
5.000000000000000000e+01 2.500000000000000000e+01 5.999999999999999778e-01 3.831999999999999851e-01 2.384009656565006026e+02
5.000000000000000000e+01 2.500000000000000000e+01 5.999999999999999778e-01 4.272000000000000242e-01 8.071091451260812732e+01
