2.500000000000000000e+01 2.500000000000000000e+01 1.499999999999999944e-01 1.807999999999999885e-01 5.618967170383768206e+01
2.500000000000000000e+01 2.500000000000000000e+01 1.000000000000000056e-01 1.295999999999999930e-01 1.169091995489545184e+02
2.500000000000000000e+01 2.500000000000000000e+01 2.500000000000000000e-01 1.839999999999999969e-01 3.998286753334222681e+02
2.500000000000000000e+01 2.500000000000000000e+01 2.500000000000000000e-01 2.336000000000000021e-01 1.272238833541259595e+02
2.500000000000000000e+01 2.500000000000000000e+01 2.000000000000000111e-01 1.680000000000000104e-01 3.882511438144028375e+02
2.500000000000000000e+01 2.500000000000000000e+01 3.499999999999999778e-01 2.207999999999999963e-01 2.118147028132775063e+02
2.500000000000000000e+01 2.500000000000000000e+01 3.499999999999999778e-01 2.720000000000000195e-01 1.073480935613307992e+02
2.500000000000000000e+01 2.500000000000000000e+01 3.499999999999999778e-01 3.215999999999999970e-01 8.801448033517961278e+01
2.500000000000000000e+01 2.500000000000000000e+01 2.999999999999999889e-01 2.272000000000000131e-01 2.005820917666009677e+02
2.500000000000000000e+01 2.500000000000000000e+01 2.999999999999999889e-01 2.816000000000000170e-01 1.279048957893959653e+02
2.500000000000000000e+01 2.500000000000000000e+01 4.500000000000000111e-01 2.671999999999999931e-01 4.548011574454143897e+02
2.500000000000000000e+01 2.500000000000000000e+01 4.500000000000000111e-01 3.168000000000000260e-01 1.474032570532527018e+02
2.500000000000000000e+01 2.500000000000000000e+01 4.500000000000000111e-01 3.840000000000000080e-01 8.123533614821602100e+01
2.500000000000000000e+01 2.500000000000000000e+01 4.500000000000000111e-01 4.239999999999999880e-01 9.059338345534655446e+01
2.500000000000000000e+01 2.500000000000000000e+01 4.000000000000000222e-01 2.720000000000000195e-01 4.568469668003855304e+02
2.500000000000000000e+01 2.500000000000000000e+01 4.000000000000000222e-01 3.311999999999999944e-01 1.449940500845608540e+02
2.500000000000000000e+01 2.500000000000000000e+01 4.000000000000000222e-01 3.711999999999999744e-01 7.634699930034150839e+01
2.500000000000000000e+01 2.500000000000000000e+01 5.500000000000000444e-01 3.343999999999999750e-01 2.287070144608062492e+02
2.500000000000000000e+01 2.500000000000000000e+01 5.500000000000000444e-01 3.824000000000000177e-01 2.259196143852915384e+02
2.500000000000000000e+01 2.500000000000000000e+01 5.500000000000000444e-01 4.176000000000000267e-01 9.750539598643224792e+01
2.500000000000000000e+01 2.500000000000000000e+01 5.000000000000000000e-01 3.200000000000000067e-01 1.486511293669581164e+02
2.500000000000000000e+01 2.500000000000000000e+01 5.000000000000000000e-01 3.824000000000000177e-01 1.162072947766057212e+02
2.500000000000000000e+01 2.500000000000000000e+01 5.000000000000000000e-01 4.159999999999999809e-01 1.477795810026649121e+02
2.500000000000000000e+01 2.500000000000000000e+01 5.999999999999999778e-01 3.168000000000000260e-01 4.918813933485591861e+02
2.500000000000000000e+01 2.500000000000000000e+01 5.999999999999999778e-01 3.711999999999999744e-01 2.296995652038749824e+02
2.500000000000000000e+01 2.500000000000000000e+01 5.999999999999999778e-01 4.176000000000000267e-01 1.570016428938271247e+02
