2.500000000000000000e+01 2.500000000000000000e+01 1.499999999999999944e-01 1.807999999999999885e-01 2.620398716227346725e+01
2.500000000000000000e+01 2.500000000000000000e+01 1.000000000000000056e-01 1.295999999999999930e-01 1.323966200179612827e+02
2.500000000000000000e+01 2.500000000000000000e+01 2.500000000000000000e-01 1.839999999999999969e-01 3.965219371400596060e+02
2.500000000000000000e+01 2.500000000000000000e+01 2.500000000000000000e-01 2.336000000000000021e-01 1.157942528097656520e+02
2.500000000000000000e+01 2.500000000000000000e+01 2.000000000000000111e-01 1.680000000000000104e-01 3.818206990210262575e+02
2.500000000000000000e+01 2.500000000000000000e+01 3.499999999999999778e-01 2.207999999999999963e-01 1.974735738073232483e+02
2.500000000000000000e+01 2.500000000000000000e+01 3.499999999999999778e-01 2.720000000000000195e-01 9.838382264345428041e+01
2.500000000000000000e+01 2.500000000000000000e+01 3.499999999999999778e-01 3.215999999999999970e-01 7.703821730977537641e+01
2.500000000000000000e+01 2.500000000000000000e+01 2.999999999999999889e-01 2.272000000000000131e-01 1.905502136964284716e+02
2.500000000000000000e+01 2.500000000000000000e+01 2.999999999999999889e-01 2.816000000000000170e-01 1.147077875947096572e+02
2.500000000000000000e+01 2.500000000000000000e+01 4.500000000000000111e-01 2.671999999999999931e-01 4.433183643042673339e+02
2.500000000000000000e+01 2.500000000000000000e+01 4.500000000000000111e-01 3.168000000000000260e-01 1.318151377541837235e+02
2.500000000000000000e+01 2.500000000000000000e+01 4.500000000000000111e-01 3.840000000000000080e-01 6.718712936961743765e+01
2.500000000000000000e+01 2.500000000000000000e+01 4.500000000000000111e-01 4.239999999999999880e-01 7.479698783056747402e+01
2.500000000000000000e+01 2.500000000000000000e+01 4.000000000000000222e-01 2.720000000000000195e-01 4.356465324300984889e+02
2.500000000000000000e+01 2.500000000000000000e+01 4.000000000000000222e-01 3.311999999999999944e-01 1.282561222510425125e+02
2.500000000000000000e+01 2.500000000000000000e+01 4.000000000000000222e-01 3.711999999999999744e-01 6.385467511408815966e+01
2.500000000000000000e+01 2.500000000000000000e+01 5.500000000000000444e-01 3.343999999999999750e-01 2.073694814426677908e+02
2.500000000000000000e+01 2.500000000000000000e+01 5.500000000000000444e-01 3.824000000000000177e-01 2.091994092352764483e+02
2.500000000000000000e+01 2.500000000000000000e+01 5.500000000000000444e-01 4.176000000000000267e-01 8.196158143905920213e+01
2.500000000000000000e+01 2.500000000000000000e+01 5.000000000000000000e-01 3.200000000000000067e-01 1.321790966758369734e+02
2.500000000000000000e+01 2.500000000000000000e+01 5.000000000000000000e-01 3.824000000000000177e-01 1.062707845923858514e+02
2.500000000000000000e+01 2.500000000000000000e+01 5.000000000000000000e-01 4.159999999999999809e-01 1.315564091859588700e+02
2.500000000000000000e+01 2.500000000000000000e+01 5.999999999999999778e-01 3.168000000000000260e-01 4.572131174314230861e+02
2.500000000000000000e+01 2.500000000000000000e+01 5.999999999999999778e-01 3.711999999999999744e-01 2.089084862636081255e+02
2.500000000000000000e+01 2.500000000000000000e+01 5.999999999999999778e-01 4.176000000000000267e-01 1.397323729740936074e+02
