2.500000000000000000e+01 2.500000000000000000e+01 1.499999999999999944e-01 8.000000000000000167e-02 2.374294321854558731e+01
2.500000000000000000e+01 2.500000000000000000e+01 1.499999999999999944e-01 1.199999999999999956e-01 3.076376389864564231e+01
2.500000000000000000e+01 2.500000000000000000e+01 1.499999999999999944e-01 1.807999999999999885e-01 2.082263655798205493e-01
2.500000000000000000e+01 2.500000000000000000e+01 1.000000000000000056e-01 8.160000000000000586e-02 6.695341036035584725e-01
2.500000000000000000e+01 2.500000000000000000e+01 1.000000000000000056e-01 1.295999999999999930e-01 2.289336308117753960e-01
2.500000000000000000e+01 2.500000000000000000e+01 2.500000000000000000e-01 8.319999999999999618e-02 5.408261513573489054e+01
2.500000000000000000e+01 2.500000000000000000e+01 2.500000000000000000e-01 1.391999999999999904e-01 8.773266365008984735e+01
2.500000000000000000e+01 2.500000000000000000e+01 2.500000000000000000e-01 1.839999999999999969e-01 9.415953363811723875e+01
2.500000000000000000e+01 2.500000000000000000e+01 2.500000000000000000e-01 2.336000000000000021e-01 1.826202197416090522e-01
2.500000000000000000e+01 2.500000000000000000e+01 2.000000000000000111e-01 8.959999999999999909e-02 6.773420453657037399e+01
2.500000000000000000e+01 2.500000000000000000e+01 2.000000000000000111e-01 1.328000000000000014e-01 2.343225415341231255e+01
2.500000000000000000e+01 2.500000000000000000e+01 2.000000000000000111e-01 1.680000000000000104e-01 7.551039453314237448e+01
2.500000000000000000e+01 2.500000000000000000e+01 3.499999999999999778e-01 8.000000000000000167e-02 8.970320665627173184e+01
2.500000000000000000e+01 2.500000000000000000e+01 3.499999999999999778e-01 1.328000000000000014e-01 1.298730952362139703e+02
2.500000000000000000e+01 2.500000000000000000e+01 3.499999999999999778e-01 1.711999999999999911e-01 1.146371706509712993e+02
2.500000000000000000e+01 2.500000000000000000e+01 3.499999999999999778e-01 2.207999999999999963e-01 5.798564802896721204e+01
2.500000000000000000e+01 2.500000000000000000e+01 3.499999999999999778e-01 2.720000000000000195e-01 2.928203940948388873e+00
2.500000000000000000e+01 2.500000000000000000e+01 3.499999999999999778e-01 3.215999999999999970e-01 2.910819817895658357e+00
2.500000000000000000e+01 2.500000000000000000e+01 2.999999999999999889e-01 8.160000000000000586e-02 7.987089192270737215e+01
2.500000000000000000e+01 2.500000000000000000e+01 2.999999999999999889e-01 1.280000000000000027e-01 6.386831639368121927e+01
2.500000000000000000e+01 2.500000000000000000e+01 2.999999999999999889e-01 1.776000000000000079e-01 1.063223522871227544e+02
2.500000000000000000e+01 2.500000000000000000e+01 2.999999999999999889e-01 2.272000000000000131e-01 6.421985980187832865e+01
2.500000000000000000e+01 2.500000000000000000e+01 2.999999999999999889e-01 2.816000000000000170e-01 1.518464204933263950e+01
2.500000000000000000e+01 2.500000000000000000e+01 4.500000000000000111e-01 8.160000000000000586e-02 6.406099266256413216e+01
2.500000000000000000e+01 2.500000000000000000e+01 4.500000000000000111e-01 1.232000000000000040e-01 6.270330862268789929e+01
2.500000000000000000e+01 2.500000000000000000e+01 4.500000000000000111e-01 1.855999999999999872e-01 1.311056966087745650e+02
2.500000000000000000e+01 2.500000000000000000e+01 4.500000000000000111e-01 2.159999999999999976e-01 1.028137662214481765e+02
2.500000000000000000e+01 2.500000000000000000e+01 4.500000000000000111e-01 2.671999999999999931e-01 1.307690948485745821e+02
2.500000000000000000e+01 2.500000000000000000e+01 4.500000000000000111e-01 3.168000000000000260e-01 4.688219054755992943e+01
2.500000000000000000e+01 2.500000000000000000e+01 4.500000000000000111e-01 3.840000000000000080e-01 7.387050741633019335e+00
2.500000000000000000e+01 2.500000000000000000e+01 4.500000000000000111e-01 4.239999999999999880e-01 8.226872367792159579e+00
2.500000000000000000e+01 2.500000000000000000e+01 4.000000000000000222e-01 7.839999999999999747e-02 7.645571233352629292e+01
2.500000000000000000e+01 2.500000000000000000e+01 4.000000000000000222e-01 1.232000000000000040e-01 9.030370590815778087e+01
2.500000000000000000e+01 2.500000000000000000e+01 4.000000000000000222e-01 2.031999999999999917e-01 6.465784619486922224e+01
2.500000000000000000e+01 2.500000000000000000e+01 4.000000000000000222e-01 2.288000000000000034e-01 1.203162615083800517e+02
2.500000000000000000e+01 2.500000000000000000e+01 4.000000000000000222e-01 2.720000000000000195e-01 1.305952529095559669e+02
2.500000000000000000e+01 2.500000000000000000e+01 4.000000000000000222e-01 3.311999999999999944e-01 3.890883343085783963e+01
2.500000000000000000e+01 2.500000000000000000e+01 4.000000000000000222e-01 3.711999999999999744e-01 9.442787755754443069e+00
2.500000000000000000e+01 2.500000000000000000e+01 5.500000000000000444e-01 9.919999999999999651e-02 4.907769689434581295e+01
2.500000000000000000e+01 2.500000000000000000e+01 5.500000000000000444e-01 1.247999999999999943e-01 8.059205694993234204e+01
2.500000000000000000e+01 2.500000000000000000e+01 5.500000000000000444e-01 1.839999999999999969e-01 1.414054231919520817e+02
2.500000000000000000e+01 2.500000000000000000e+01 5.500000000000000444e-01 2.303999999999999937e-01 1.333312025054724472e+02
2.500000000000000000e+01 2.500000000000000000e+01 5.500000000000000444e-01 3.024000000000000021e-01 1.417997524954338360e+02
2.500000000000000000e+01 2.500000000000000000e+01 5.500000000000000444e-01 3.343999999999999750e-01 9.470793782237636549e+01
2.500000000000000000e+01 2.500000000000000000e+01 5.500000000000000444e-01 3.824000000000000177e-01 5.880943328557400207e+01
2.500000000000000000e+01 2.500000000000000000e+01 5.500000000000000444e-01 4.176000000000000267e-01 4.975477565238220024e+01
2.500000000000000000e+01 2.500000000000000000e+01 5.000000000000000000e-01 9.120000000000000329e-02 5.859125974229088740e+01
2.500000000000000000e+01 2.500000000000000000e+01 5.000000000000000000e-01 1.247999999999999943e-01 9.125217672076152553e+01
2.500000000000000000e+01 2.500000000000000000e+01 5.000000000000000000e-01 1.743999999999999995e-01 1.352727882201287457e+02
2.500000000000000000e+01 2.500000000000000000e+01 5.000000000000000000e-01 2.495999999999999885e-01 1.206501256403669515e+02
2.500000000000000000e+01 2.500000000000000000e+01 5.000000000000000000e-01 2.928000000000000047e-01 7.798490442628450126e+01
2.500000000000000000e+01 2.500000000000000000e+01 5.000000000000000000e-01 3.200000000000000067e-01 7.032563078911175580e+01
2.500000000000000000e+01 2.500000000000000000e+01 5.000000000000000000e-01 3.824000000000000177e-01 2.928398719777323933e+01
2.500000000000000000e+01 2.500000000000000000e+01 5.000000000000000000e-01 4.159999999999999809e-01 4.750515096586646990e+01
2.500000000000000000e+01 2.500000000000000000e+01 5.999999999999999778e-01 1.199999999999999956e-01 8.419751530406239226e+01
2.500000000000000000e+01 2.500000000000000000e+01 5.999999999999999778e-01 1.600000000000000033e-01 9.099836642950066334e+01
2.500000000000000000e+01 2.500000000000000000e+01 5.999999999999999778e-01 2.048000000000000098e-01 1.243739885310435511e+02
2.500000000000000000e+01 2.500000000000000000e+01 5.999999999999999778e-01 3.168000000000000260e-01 1.420993878444438963e+02
2.500000000000000000e+01 2.500000000000000000e+01 5.999999999999999778e-01 3.711999999999999744e-01 9.606402681810277500e+01
2.500000000000000000e+01 2.500000000000000000e+01 5.999999999999999778e-01 4.400000000000000022e-01 6.576861622844592148e+01
