# File last opened on Thu Jan  5 18:37:54 2023
# We are writing, in that order, G-matrix location, A-matrix location, G connectance, G nestedness, A connectance, A nestedness, A-mode, alpha0 value, total number of simulations, proportion of feasible, stable, unstable, marginal and dominant eigenvalue
# File last opened on Thu Jan  5 18:37:54 2023
# We are writing, in that order, G-matrix location, A-matrix location, G connectance, G nestedness, A connectance, A nestedness, A-mode, alpha0 value, total number of simulations, proportion of feasible, stable, unstable, marginal and dominant eigenvalue
# File last opened on Thu Jan  5 18:37:54 2023
# We are writing, in that order, G-matrix location, A-matrix location, G connectance, G nestedness, A connectance, A nestedness, A-mode, alpha0 value, total number of simulations, proportion of feasible, stable, unstable, marginal and dominant eigenvalue
# File last opened on Thu Jan  5 18:37:54 2023
# We are writing, in that order, G-matrix location, A-matrix location, G connectance, G nestedness, A connectance, A nestedness, A-mode, alpha0 value, total number of simulations, proportion of feasible, stable, unstable, marginal and dominant eigenvalue
matrices/Nr25_Nc25/consumption/RandTrix_Nr25_Nc25_Nest0.55_Conn0.4176.txt matrices/Nr25_Nc25/syntrophy/optimized/previous_run_matrices/Metamatrices 0.4176 0.546571541815299 0.4175793504 0.480557098532394 random_structure 0.0013 1000000 0.208763 0.194572 0.014191 0 -2.95056821222515e-06
matrices/Nr25_Nc25/consumption/RandTrix_Nr25_Nc25_Nest0.55_Conn0.4176.txt matrices/Nr25_Nc25/syntrophy/optimized/previous_run_matrices/Metamatrices 0.4176 0.546571541815299 0.4249011728 0.546724316303722 optimized_matrix 0.0065 1000000 0.177848 0.157267 0.020581 0 -3.7960397332066e-06
matrices/Nr25_Nc25/consumption/RandTrix_Nr25_Nc25_Nest0.45_Conn0.424.txt matrices/Nr25_Nc25/syntrophy/optimized/previous_run_matrices/Metamatrices 0.424 0.454737583656217 0.4176218096 0.460824474180873 optimized_matrix 0.0013 1000000 0.249775 0.24935 0.000425 0 -2.37403125631546e-05
matrices/Nr25_Nc25/consumption/RandTrix_Nr25_Nc25_Nest0.15_Conn0.08.txt matrices/Nr25_Nc25/syntrophy/optimized/previous_run_matrices/Metamatrices 0.0816 0.15 0.0615626224000004 0.245334649593943 optimized_matrix 0.0013 1000000 0.281596 0.281596 0 0 -5.04910877702918e-05
matrices/Nr25_Nc25/consumption/RandTrix_Nr25_Nc25_Nest0.5_Conn0.0912.txt matrices/Nr25_Nc25/syntrophy/optimized/previous_run_matrices/Metamatrices 0.0912 0.50278293135436 0.0752323727999998 0.479997425811831 optimized_matrix 0.0065 1000000 0.04743 0.04743 0 0 -0.00018324435231148
matrices/Nr25_Nc25/consumption/RandTrix_Nr25_Nc25_Nest0.5_Conn0.0912.txt matrices/Nr25_Nc25/syntrophy/optimized/previous_run_matrices/Metamatrices 0.0912 0.50278293135436 0.0912003056 0.138319097709968 random_structure 0.0013 1000000 0.158992 0.158992 0 0 -6.81321151574361e-05
matrices/Nr25_Nc25/consumption/RandTrix_Nr25_Nc25_Nest0.4_Conn0.0784.txt matrices/Nr25_Nc25/syntrophy/optimized/previous_run_matrices/Metamatrices 0.0784 0.4 0.0570183968000004 0.61891832240454 optimized_matrix 0.0013 1000000 0.132024 0.132024 0 0 -0.000131909199359714
matrices/Nr25_Nc25/consumption/RandTrix_Nr25_Nc25_Nest0.5_Conn0.1248.txt matrices/Nr25_Nc25/syntrophy/optimized/previous_run_matrices/Metamatrices 0.1248 0.5 0.1183843104 0.374154210487041 optimized_matrix 0.0065 1000000 0.110459 0.110459 0 0 -7.54627655305284e-05
matrices/Nr25_Nc25/consumption/RandTrix_Nr25_Nc25_Nest0.5_Conn0.1248.txt matrices/Nr25_Nc25/syntrophy/optimized/previous_run_matrices/Metamatrices 0.1248 0.5 0.1248106576 0.175350266225124 random_structure 0.0013 1000000 0.173549 0.173549 0 0 -4.85214511762882e-05
matrices/Nr25_Nc25/consumption/RandTrix_Nr25_Nc25_Nest0.5_Conn0.1744.txt matrices/Nr25_Nc25/syntrophy/optimized/previous_run_matrices/Metamatrices 0.1744 0.5 0.220601032 0.442813130328214 optimized_matrix 0.0065 1000000 0.086925 0.086925 0 0 -6.99337904773614e-05
matrices/Nr25_Nc25/consumption/RandTrix_Nr25_Nc25_Nest0.4_Conn0.1232.txt matrices/Nr25_Nc25/syntrophy/optimized/previous_run_matrices/Metamatrices 0.1232 0.399558498896247 0.2084141376 0.498908419764522 optimized_matrix 0.0013 1000000 0.217338 0.217338 0 0 -0.000127336787398861
matrices/Nr25_Nc25/consumption/RandTrix_Nr25_Nc25_Nest0.5_Conn0.1744.txt matrices/Nr25_Nc25/syntrophy/optimized/previous_run_matrices/Metamatrices 0.1744 0.5 0.1744145104 0.229014380261305 random_structure 0.0013 1000000 0.213956 0.213956 0 0 -3.45159273729889e-05
matrices/Nr25_Nc25/consumption/RandTrix_Nr25_Nc25_Nest0.15_Conn0.12.txt matrices/Nr25_Nc25/syntrophy/optimized/previous_run_matrices/Metamatrices 0.12 0.151419558359621 0.11456884 0.170656275244193 optimized_matrix 0.0013 1000000 0.44499 0.44499 0 0 -1.29586626497553e-05
matrices/Nr25_Nc25/consumption/RandTrix_Nr25_Nc25_Nest0.5_Conn0.2496.txt matrices/Nr25_Nc25/syntrophy/optimized/previous_run_matrices/Metamatrices 0.2496 0.5 0.2775636288 0.471384630290337 optimized_matrix 0.0065 1000000 0.12107 0.12107 0 0 -1.86647763521736e-05
matrices/Nr25_Nc25/consumption/RandTrix_Nr25_Nc25_Nest0.5_Conn0.2496.txt matrices/Nr25_Nc25/syntrophy/optimized/previous_run_matrices/Metamatrices 0.2496 0.5 0.2495949728 0.308561160862582 random_structure 0.0013 1000000 0.220726 0.220725 1e-06 0 -1.18145167476749e-05
matrices/Nr25_Nc25/consumption/RandTrix_Nr25_Nc25_Nest0.4_Conn0.2032.txt matrices/Nr25_Nc25/syntrophy/optimized/previous_run_matrices/Metamatrices 0.2032 0.4 0.2021162192 0.356480517350272 optimized_matrix 0.0013 1000000 0.216868 0.216734 0.000134 0 -9.23971049012343e-06
matrices/Nr25_Nc25/consumption/RandTrix_Nr25_Nc25_Nest0.5_Conn0.2928.txt matrices/Nr25_Nc25/syntrophy/optimized/previous_run_matrices/Metamatrices 0.2928 0.5 0.3066075568 0.481753703035408 optimized_matrix 0.0065 1000000 0.161742 0.161171 0.000571 0 -1.02400323586242e-05
matrices/Nr25_Nc25/consumption/RandTrix_Nr25_Nc25_Nest0.5_Conn0.2928.txt matrices/Nr25_Nc25/syntrophy/optimized/previous_run_matrices/Metamatrices 0.2928 0.5 0.2927914384 0.35351210950396 random_structure 0.0013 1000000 0.220235 0.219184 0.001051 0 -7.56151216075463e-06
matrices/Nr25_Nc25/consumption/RandTrix_Nr25_Nc25_Nest0.15_Conn0.1808.txt matrices/Nr25_Nc25/syntrophy/optimized/previous_run_matrices/Metamatrices 0.1808 0.158059467918623 0.1783130016 0.162655858063406 optimized_matrix 0.0013 1000000 0.466756 0.466753 3e-06 0 -6.93621463528013e-05
matrices/Nr25_Nc25/consumption/RandTrix_Nr25_Nc25_Nest0.4_Conn0.2288.txt matrices/Nr25_Nc25/syntrophy/optimized/previous_run_matrices/Metamatrices 0.2288 0.4 0.2465790352 0.393630449322662 optimized_matrix 0.0013 1000000 0.229912 0.223899 0.006013 0 -1.19025116885938e-06
matrices/Nr25_Nc25/consumption/RandTrix_Nr25_Nc25_Nest0.5_Conn0.32.txt matrices/Nr25_Nc25/syntrophy/optimized/previous_run_matrices/Metamatrices 0.32 0.498845265588915 0.3192125232 0.490452471047376 optimized_matrix 0.0065 1000000 0.192508 0.183145 0.009363 0 -5.44888808399394e-06
matrices/Nr25_Nc25/consumption/RandTrix_Nr25_Nc25_Nest0.5_Conn0.32.txt matrices/Nr25_Nc25/syntrophy/optimized/previous_run_matrices/Metamatrices 0.32 0.498845265588915 0.3199856688 0.381533438475749 random_structure 0.0013 1000000 0.215051 0.207574 0.007477 0 -4.64091934303446e-06
matrices/Nr25_Nc25/consumption/RandTrix_Nr25_Nc25_Nest0.4_Conn0.272.txt matrices/Nr25_Nc25/syntrophy/optimized/previous_run_matrices/Metamatrices 0.272 0.397260273972603 0.2716976512 0.392020737461401 optimized_matrix 0.0013 1000000 0.248362 0.248219 0.000143 0 -1.14881994946111e-05
matrices/Nr25_Nc25/consumption/RandTrix_Nr25_Nc25_Nest0.5_Conn0.3824.txt matrices/Nr25_Nc25/syntrophy/optimized/previous_run_matrices/Metamatrices 0.3824 0.496305953933073 0.3792483616 0.497011644070148 optimized_matrix 0.0065 1000000 0.190644 0.177939 0.012705 0 -6.47550269077045e-06
matrices/Nr25_Nc25/consumption/RandTrix_Nr25_Nc25_Nest0.5_Conn0.3824.txt matrices/Nr25_Nc25/syntrophy/optimized/previous_run_matrices/Metamatrices 0.3824 0.496305953933073 0.3823856336 0.445098704118338 random_structure 0.0013 1000000 0.213058 0.20619 0.006868 0 -5.67598758425042e-06
matrices/Nr25_Nc25/consumption/RandTrix_Nr25_Nc25_Nest0.1_Conn0.0816.txt matrices/Nr25_Nc25/syntrophy/optimized/previous_run_matrices/Metamatrices 0.0816 0.1 0.0651038816000002 0.131894033168464 optimized_matrix 0.0013 1000000 0.444543 0.444543 0 0 -0.000191187113604869
matrices/Nr25_Nc25/consumption/RandTrix_Nr25_Nc25_Nest0.5_Conn0.416.txt matrices/Nr25_Nc25/syntrophy/optimized/previous_run_matrices/Metamatrices 0.416 0.504988488104375 0.4164911488 0.508412744580718 optimized_matrix 0.0065 1000000 0.187186 0.175008 0.012178 0 -7.08932961921753e-06
matrices/Nr25_Nc25/consumption/RandTrix_Nr25_Nc25_Nest0.5_Conn0.416.txt matrices/Nr25_Nc25/syntrophy/optimized/previous_run_matrices/Metamatrices 0.416 0.504988488104375 0.4160089808 0.478987332232109 random_structure 0.0013 1000000 0.217382 0.208977 0.008405 0 -5.5870193547384e-06
matrices/Nr25_Nc25/consumption/RandTrix_Nr25_Nc25_Nest0.4_Conn0.3312.txt matrices/Nr25_Nc25/syntrophy/optimized/previous_run_matrices/Metamatrices 0.3312 0.396235521235521 0.3278150992 0.404950744573005 optimized_matrix 0.0013 1000000 0.245279 0.241223 0.004055 1e-06 -6.58542660761554e-06
matrices/Nr25_Nc25/consumption/RandTrix_Nr25_Nc25_Nest0.6_Conn0.12.txt matrices/Nr25_Nc25/syntrophy/optimized/previous_run_matrices/Metamatrices 0.12 0.6 0.1102767232 0.440077089972448 optimized_matrix 0.0065 1000000 0.05622 0.05622 0 0 -0.000130373530985953
matrices/Nr25_Nc25/consumption/RandTrix_Nr25_Nc25_Nest0.6_Conn0.12.txt matrices/Nr25_Nc25/syntrophy/optimized/previous_run_matrices/Metamatrices 0.12 0.6 0.1200146928 0.170098865537184 random_structure 0.0013 1000000 0.149625 0.149625 0 0 -5.60963387845757e-05
matrices/Nr25_Nc25/consumption/RandTrix_Nr25_Nc25_Nest0.6_Conn0.16.txt matrices/Nr25_Nc25/syntrophy/optimized/previous_run_matrices/Metamatrices 0.16 0.6 0.1521243616 0.446430480125595 optimized_matrix 0.0065 1000000 0.052121 0.052121 0 0 -1.8339700614305e-05
matrices/Nr25_Nc25/consumption/RandTrix_Nr25_Nc25_Nest0.6_Conn0.16.txt matrices/Nr25_Nc25/syntrophy/optimized/previous_run_matrices/Metamatrices 0.16 0.6 0.1599727168 0.213493281659189 random_structure 0.0013 1000000 0.138578 0.138575 3e-06 0 -8.48547729971147e-06
matrices/Nr25_Nc25/consumption/RandTrix_Nr25_Nc25_Nest0.4_Conn0.3712.txt matrices/Nr25_Nc25/syntrophy/optimized/previous_run_matrices/Metamatrices 0.3712 0.40494527766518 0.367622056 0.413594955368108 optimized_matrix 0.0013 1000000 0.256178 0.256117 6.1e-05 0 -3.42559358841425e-05
matrices/Nr25_Nc25/consumption/RandTrix_Nr25_Nc25_Nest0.6_Conn0.2048.txt matrices/Nr25_Nc25/syntrophy/optimized/previous_run_matrices/Metamatrices 0.2048 0.6 0.2094359984 0.473696092878605 optimized_matrix 0.0065 1000000 0.067017 0.067017 0 0 -8.4973878489727e-06
matrices/Nr25_Nc25/consumption/RandTrix_Nr25_Nc25_Nest0.1_Conn0.1296.txt matrices/Nr25_Nc25/syntrophy/optimized/previous_run_matrices/Metamatrices 0.1296 0.10479375696767 0.1247698832 0.10981157480632 optimized_matrix 0.0013 1000000 0.546856 0.541911 0.004944 1e-06 -1.17250680399512e-05
matrices/Nr25_Nc25/consumption/RandTrix_Nr25_Nc25_Nest0.6_Conn0.2048.txt matrices/Nr25_Nc25/syntrophy/optimized/previous_run_matrices/Metamatrices 0.2048 0.6 0.2047909584 0.261386077637722 random_structure 0.0013 1000000 0.140395 0.14035 4.5e-05 0 -4.46722005151057e-06
matrices/Nr25_Nc25/consumption/RandTrix_Nr25_Nc25_Nest0.55_Conn0.0992.txt matrices/Nr25_Nc25/syntrophy/optimized/previous_run_matrices/Metamatrices 0.0992 0.548109965635739 0.0862343264 0.475814422660457 optimized_matrix 0.0013 1000000 0.113919 0.113919 0 0 -9.17439353252878e-05
matrices/Nr25_Nc25/consumption/RandTrix_Nr25_Nc25_Nest0.6_Conn0.3168.txt matrices/Nr25_Nc25/syntrophy/optimized/previous_run_matrices/Metamatrices 0.3168 0.599869024230517 0.3258758672 0.571302167375992 optimized_matrix 0.0065 1000000 0.120057 0.119936 0.000121 0 -7.97469568430736e-06
matrices/Nr25_Nc25/consumption/RandTrix_Nr25_Nc25_Nest0.6_Conn0.3168.txt matrices/Nr25_Nc25/syntrophy/optimized/previous_run_matrices/Metamatrices 0.3168 0.599869024230517 0.316789672 0.378226507249626 random_structure 0.0013 1000000 0.167449 0.16738 6.9e-05 0 -5.80356238906801e-06
matrices/Nr25_Nc25/consumption/RandTrix_Nr25_Nc25_Nest0.55_Conn0.1248.txt matrices/Nr25_Nc25/syntrophy/optimized/previous_run_matrices/Metamatrices 0.1248 0.55 0.1137176624 0.44450751455631 optimized_matrix 0.0013 1000000 0.147332 0.147332 0 0 -3.34928701392611e-05
matrices/Nr25_Nc25/consumption/RandTrix_Nr25_Nc25_Nest0.25_Conn0.0832.txt matrices/Nr25_Nc25/syntrophy/optimized/previous_run_matrices/Metamatrices 0.0832 0.25 0.0868133216 0.461110267694233 optimized_matrix 0.0013 1000000 0.275099 0.275099 0 0 -0.000348674224475119
matrices/Nr25_Nc25/consumption/RandTrix_Nr25_Nc25_Nest0.6_Conn0.3712.txt matrices/Nr25_Nc25/syntrophy/optimized/previous_run_matrices/Metamatrices 0.3712 0.595085995085995 0.3793450528 0.575328424927568 optimized_matrix 0.0065 1000000 0.145572 0.135188 0.010384 0 -3.43353688475719e-06
matrices/Nr25_Nc25/consumption/RandTrix_Nr25_Nc25_Nest0.6_Conn0.3712.txt matrices/Nr25_Nc25/syntrophy/optimized/previous_run_matrices/Metamatrices 0.3712 0.595085995085995 0.3712079088 0.433803656349749 random_structure 0.0013 1000000 0.183797 0.174735 0.009062 0 -2.63949878372444e-06
matrices/Nr25_Nc25/consumption/RandTrix_Nr25_Nc25_Nest0.55_Conn0.184.txt matrices/Nr25_Nc25/syntrophy/optimized/previous_run_matrices/Metamatrices 0.184 0.55019556714472 0.1850386352 0.516268639123078 optimized_matrix 0.0013 1000000 0.197809 0.197809 0 0 -1.04187100423561e-05
matrices/Nr25_Nc25/consumption/RandTrix_Nr25_Nc25_Nest0.6_Conn0.44.txt matrices/Nr25_Nc25/syntrophy/optimized/previous_run_matrices/Metamatrices 0.44 0.6 0.444358952 0.592122227361451 optimized_matrix 0.0065 1000000 0.141148 0.138007 0.003141 0 -1.32375721633298e-05
# File last opened on Thu Jan  5 23:59:38 2023
# We are writing, in that order, G-matrix location, A-matrix location, G connectance, G nestedness, A connectance, A nestedness, A-mode, alpha0 value, total number of simulations, proportion of feasible, stable, unstable, marginal and dominant eigenvalue
matrices/Nr25_Nc25/consumption/RandTrix_Nr25_Nc25_Nest0.6_Conn0.44.txt matrices/Nr25_Nc25/syntrophy/optimized/previous_run_matrices/Metamatrices 0.44 0.6 0.4399969216 0.503019865677874 random_structure 0.0013 1000000 0.177753 0.174878 0.002875 0 -1.00854616766697e-05
# File last opened on Thu Jan  5 23:59:44 2023
# We are writing, in that order, G-matrix location, A-matrix location, G connectance, G nestedness, A connectance, A nestedness, A-mode, alpha0 value, total number of simulations, proportion of feasible, stable, unstable, marginal and dominant eigenvalue
matrices/Nr25_Nc25/consumption/RandTrix_Nr25_Nc25_Nest0.25_Conn0.1392.txt matrices/Nr25_Nc25/syntrophy/optimized/previous_run_matrices/Metamatrices 0.1392 0.25 0.1267977648 0.255167516870897 optimized_matrix 0.0013 1000000 0.306989 0.306989 0 0 -3.37753961791191e-05
matrices/Nr25_Nc25/consumption/RandTrix_Nr25_Nc25_Nest0.55_Conn0.2304.txt matrices/Nr25_Nc25/syntrophy/optimized/previous_run_matrices/Metamatrices 0.2304 0.55 0.2344112128 0.482172992672999 optimized_matrix 0.0013 1000000 0.166822 0.166819 3e-06 0 -3.71354341395652e-06
matrices/Nr25_Nc25/consumption/RandTrix_Nr25_Nc25_Nest0.55_Conn0.4176.txt matrices/Nr25_Nc25/syntrophy/optimized/previous_run_matrices/Metamatrices 0.4176 0.546571541815299 0.4175793504 0.480557098532394 random_structure 0.014 1000000 0.118439 0.095633 0.022806 0 -5.50391062184485e-06
matrices/Nr25_Nc25/consumption/RandTrix_Nr25_Nc25_Nest0.55_Conn0.4176.txt matrices/Nr25_Nc25/syntrophy/optimized/previous_run_matrices/Metamatrices 0.4176 0.546571541815299 0.4175793504 0.480557098532394 random_structure 0.0104 1000000 0.136286 0.112377 0.023909 0 -4.85153533545738e-06
matrices/Nr25_Nc25/consumption/RandTrix_Nr25_Nc25_Nest0.5_Conn0.0912.txt matrices/Nr25_Nc25/syntrophy/optimized/previous_run_matrices/Metamatrices 0.0912 0.50278293135436 0.0912003056 0.138319097709968 random_structure 0.014 1000000 0.064305 0.064305 0 0 -0.000135520554885069
matrices/Nr25_Nc25/consumption/RandTrix_Nr25_Nc25_Nest0.5_Conn0.0912.txt matrices/Nr25_Nc25/syntrophy/optimized/previous_run_matrices/Metamatrices 0.0912 0.50278293135436 0.0912003056 0.138319097709968 random_structure 0.0104 1000000 0.077633 0.077633 0 0 -0.000120549525093634
matrices/Nr25_Nc25/consumption/RandTrix_Nr25_Nc25_Nest0.5_Conn0.1248.txt matrices/Nr25_Nc25/syntrophy/optimized/previous_run_matrices/Metamatrices 0.1248 0.5 0.1248106576 0.175350266225124 random_structure 0.014 1000000 0.059123 0.059123 0 0 -0.000103589255579183
matrices/Nr25_Nc25/consumption/RandTrix_Nr25_Nc25_Nest0.5_Conn0.1248.txt matrices/Nr25_Nc25/syntrophy/optimized/previous_run_matrices/Metamatrices 0.1248 0.5 0.1248106576 0.175350266225124 random_structure 0.0104 1000000 0.074377 0.074377 0 0 -9.1501469900418e-05
matrices/Nr25_Nc25/consumption/RandTrix_Nr25_Nc25_Nest0.55_Conn0.3024.txt matrices/Nr25_Nc25/syntrophy/optimized/previous_run_matrices/Metamatrices 0.3024 0.550095724313976 0.3087706128 0.526016092745773 optimized_matrix 0.0013 1000000 0.186885 0.185221 0.001664 0 -2.67324108410842e-06
matrices/Nr25_Nc25/consumption/RandTrix_Nr25_Nc25_Nest0.25_Conn0.184.txt matrices/Nr25_Nc25/syntrophy/optimized/previous_run_matrices/Metamatrices 0.184 0.245901639344262 0.1845147936 0.242748619538259 optimized_matrix 0.0013 1000000 0.32904 0.320257 0.008783 0 -2.84236044304249e-06
matrices/Nr25_Nc25/consumption/RandTrix_Nr25_Nc25_Nest0.5_Conn0.1744.txt matrices/Nr25_Nc25/syntrophy/optimized/previous_run_matrices/Metamatrices 0.1744 0.5 0.1744145104 0.229014380261305 random_structure 0.014 1000000 0.061081 0.061081 0 0 -7.65315548541993e-05
matrices/Nr25_Nc25/consumption/RandTrix_Nr25_Nc25_Nest0.5_Conn0.1744.txt matrices/Nr25_Nc25/syntrophy/optimized/previous_run_matrices/Metamatrices 0.1744 0.5 0.1744145104 0.229014380261305 random_structure 0.0104 1000000 0.081239 0.081239 0 0 -6.74298975096317e-05
matrices/Nr25_Nc25/consumption/RandTrix_Nr25_Nc25_Nest0.5_Conn0.2496.txt matrices/Nr25_Nc25/syntrophy/optimized/previous_run_matrices/Metamatrices 0.2496 0.5 0.2495949728 0.308561160862582 random_structure 0.014 1000000 0.056198 0.056196 2e-06 0 -2.68071511404876e-05
matrices/Nr25_Nc25/consumption/RandTrix_Nr25_Nc25_Nest0.5_Conn0.2496.txt matrices/Nr25_Nc25/syntrophy/optimized/previous_run_matrices/Metamatrices 0.2496 0.5 0.2495949728 0.308561160862582 random_structure 0.0104 1000000 0.077923 0.077923 0 0 -2.35416635002199e-05
matrices/Nr25_Nc25/consumption/RandTrix_Nr25_Nc25_Nest0.55_Conn0.3344.txt matrices/Nr25_Nc25/syntrophy/optimized/previous_run_matrices/Metamatrices 0.3344 0.547425474254743 0.3431507936 0.532372684568569 optimized_matrix 0.0013 1000000 0.201025 0.200235 0.00079 0 -8.61716649086624e-06
matrices/Nr25_Nc25/consumption/RandTrix_Nr25_Nc25_Nest0.5_Conn0.2928.txt matrices/Nr25_Nc25/syntrophy/optimized/previous_run_matrices/Metamatrices 0.2928 0.5 0.2927914384 0.35351210950396 random_structure 0.014 1000000 0.087208 0.08557 0.001638 0 -1.53034033222871e-05
matrices/Nr25_Nc25/consumption/RandTrix_Nr25_Nc25_Nest0.5_Conn0.2928.txt matrices/Nr25_Nc25/syntrophy/optimized/previous_run_matrices/Metamatrices 0.2928 0.5 0.2927914384 0.35351210950396 random_structure 0.0104 1000000 0.107054 0.105413 0.001641 0 -1.35042341339854e-05
matrices/Nr25_Nc25/consumption/RandTrix_Nr25_Nc25_Nest0.5_Conn0.32.txt matrices/Nr25_Nc25/syntrophy/optimized/previous_run_matrices/Metamatrices 0.32 0.498845265588915 0.3199856688 0.381533438475749 random_structure 0.014 1000000 0.10376 0.093168 0.010592 0 -8.9307329336514e-06
matrices/Nr25_Nc25/consumption/RandTrix_Nr25_Nc25_Nest0.25_Conn0.2336.txt matrices/Nr25_Nc25/syntrophy/optimized/previous_run_matrices/Metamatrices 0.2336 0.252631578947368 0.230285830399999 0.26438404232998 optimized_matrix 0.0013 1000000 0.337296 0.337296 0 0 -5.92997653024118e-05
matrices/Nr25_Nc25/consumption/RandTrix_Nr25_Nc25_Nest0.5_Conn0.32.txt matrices/Nr25_Nc25/syntrophy/optimized/previous_run_matrices/Metamatrices 0.32 0.498845265588915 0.3199856688 0.381533438475749 random_structure 0.0104 1000000 0.12264 0.111254 0.011386 0 -7.89720347826823e-06
matrices/Nr25_Nc25/consumption/RandTrix_Nr25_Nc25_Nest0.55_Conn0.3824.txt matrices/Nr25_Nc25/syntrophy/optimized/previous_run_matrices/Metamatrices 0.3824 0.547794117647059 0.3848809776 0.531934885818616 optimized_matrix 0.0013 1000000 0.204372 0.195089 0.009283 0 -1.44215152096325e-06
# File last opened on Fri Jan  6 01:38:59 2023
# We are writing, in that order, G-matrix location, A-matrix location, G connectance, G nestedness, A connectance, A nestedness, A-mode, alpha0 value, total number of simulations, proportion of feasible, stable, unstable, marginal and dominant eigenvalue
matrices/Nr25_Nc25/consumption/RandTrix_Nr25_Nc25_Nest0.5_Conn0.3824.txt matrices/Nr25_Nc25/syntrophy/optimized/previous_run_matrices/Metamatrices 0.3824 0.496305953933073 0.3823856336 0.445098704118338 random_structure 0.014 1000000 0.115951 0.104119 0.011832 0 -1.03068346476064e-05
matrices/Nr25_Nc25/consumption/RandTrix_Nr25_Nc25_Nest0.5_Conn0.3824.txt matrices/Nr25_Nc25/syntrophy/optimized/previous_run_matrices/Metamatrices 0.3824 0.496305953933073 0.3823856336 0.445098704118338 random_structure 0.0104 1000000 0.134178 0.121742 0.012436 0 -9.14550974007668e-06
matrices/Nr25_Nc25/consumption/RandTrix_Nr25_Nc25_Nest0.5_Conn0.416.txt matrices/Nr25_Nc25/syntrophy/optimized/previous_run_matrices/Metamatrices 0.416 0.504988488104375 0.4160089808 0.478987332232109 random_structure 0.014 1000000 0.103432 0.092085 0.011347 0 -1.08960341696005e-05
matrices/Nr25_Nc25/consumption/RandTrix_Nr25_Nc25_Nest0.2_Conn0.0896.txt matrices/Nr25_Nc25/syntrophy/optimized/previous_run_matrices/Metamatrices 0.0896 0.2 0.0743839375999998 0.166409598955902 optimized_matrix 0.0013 1000000 0.276173 0.276173 0 0 -3.07867620884231e-05
matrices/Nr25_Nc25/consumption/RandTrix_Nr25_Nc25_Nest0.35_Conn0.2208.txt matrices/Nr25_Nc25/syntrophy/optimized/previous_run_matrices/Metamatrices 0.2208 0.347043701799486 0.2210308992 0.351713104086388 optimized_matrix 0.014 1000000 0.17283 0.157404 0.015426 0 -2.59993466449898e-06
matrices/Nr25_Nc25/consumption/RandTrix_Nr25_Nc25_Nest0.6_Conn0.12.txt matrices/Nr25_Nc25/syntrophy/optimized/previous_run_matrices/Metamatrices 0.12 0.6 0.1200146928 0.170098865537184 random_structure 0.014 1000000 0.055184 0.055184 0 0 -0.000116720738454482
matrices/Nr25_Nc25/consumption/RandTrix_Nr25_Nc25_Nest0.5_Conn0.416.txt matrices/Nr25_Nc25/syntrophy/optimized/previous_run_matrices/Metamatrices 0.416 0.504988488104375 0.4160089808 0.478987332232109 random_structure 0.0104 1000000 0.122368 0.110139 0.012229 0 -9.63280051776009e-06
matrices/Nr25_Nc25/consumption/RandTrix_Nr25_Nc25_Nest0.6_Conn0.16.txt matrices/Nr25_Nc25/syntrophy/optimized/previous_run_matrices/Metamatrices 0.16 0.6 0.1599727168 0.213493281659189 random_structure 0.014 1000000 0.050228 0.050222 6e-06 0 -1.79498966678016e-05
matrices/Nr25_Nc25/consumption/RandTrix_Nr25_Nc25_Nest0.6_Conn0.12.txt matrices/Nr25_Nc25/syntrophy/optimized/previous_run_matrices/Metamatrices 0.12 0.6 0.1200146928 0.170098865537184 random_structure 0.0104 1000000 0.067771 0.067771 0 0 -0.000103631203931219
matrices/Nr25_Nc25/consumption/RandTrix_Nr25_Nc25_Nest0.6_Conn0.2048.txt matrices/Nr25_Nc25/syntrophy/optimized/previous_run_matrices/Metamatrices 0.2048 0.6 0.2047909584 0.261386077637722 random_structure 0.014 1000000 0.04135 0.041281 6.9e-05 0 -9.95517739854113e-06
matrices/Nr25_Nc25/consumption/RandTrix_Nr25_Nc25_Nest0.6_Conn0.16.txt matrices/Nr25_Nc25/syntrophy/optimized/previous_run_matrices/Metamatrices 0.16 0.6 0.1599727168 0.213493281659189 random_structure 0.0104 1000000 0.061866 0.061858 8e-06 0 -1.58942932913616e-05
matrices/Nr25_Nc25/consumption/RandTrix_Nr25_Nc25_Nest0.6_Conn0.3168.txt matrices/Nr25_Nc25/syntrophy/optimized/previous_run_matrices/Metamatrices 0.3168 0.599869024230517 0.316789672 0.378226507249626 random_structure 0.014 1000000 0.041782 0.041712 7e-05 0 -1.31243697577035e-05
matrices/Nr25_Nc25/consumption/RandTrix_Nr25_Nc25_Nest0.35_Conn0.272.txt matrices/Nr25_Nc25/syntrophy/optimized/previous_run_matrices/Metamatrices 0.272 0.346769413159455 0.269405608 0.35540577922339 optimized_matrix 0.014 1000000 0.21476 0.21462 0.00014 0 -4.38638242393146e-05
matrices/Nr25_Nc25/consumption/RandTrix_Nr25_Nc25_Nest0.6_Conn0.2048.txt matrices/Nr25_Nc25/syntrophy/optimized/previous_run_matrices/Metamatrices 0.2048 0.6 0.2047909584 0.261386077637722 random_structure 0.0104 1000000 0.053711 0.053644 6.7e-05 0 -8.79069236078014e-06
matrices/Nr25_Nc25/consumption/RandTrix_Nr25_Nc25_Nest0.6_Conn0.3712.txt matrices/Nr25_Nc25/syntrophy/optimized/previous_run_matrices/Metamatrices 0.3712 0.595085995085995 0.3712079088 0.433803656349749 random_structure 0.014 1000000 0.069435 0.061027 0.008408 0 -5.85325564985858e-06
matrices/Nr25_Nc25/consumption/RandTrix_Nr25_Nc25_Nest0.2_Conn0.1328.txt matrices/Nr25_Nc25/syntrophy/optimized/previous_run_matrices/Metamatrices 0.1328 0.2 0.1241504848 0.205648790089566 optimized_matrix 0.0013 1000000 0.383763 0.383754 9e-06 0 -3.87786960437105e-06
matrices/Nr25_Nc25/consumption/RandTrix_Nr25_Nc25_Nest0.6_Conn0.3168.txt matrices/Nr25_Nc25/syntrophy/optimized/previous_run_matrices/Metamatrices 0.3168 0.599869024230517 0.316789672 0.378226507249626 random_structure 0.0104 1000000 0.057585 0.05751 7.5e-05 0 -1.15903850421037e-05
matrices/Nr25_Nc25/consumption/RandTrix_Nr25_Nc25_Nest0.6_Conn0.44.txt matrices/Nr25_Nc25/syntrophy/optimized/previous_run_matrices/Metamatrices 0.44 0.6 0.4399969216 0.503019865677874 random_structure 0.014 1000000 0.086217 0.082153 0.004064 0 -1.91994964584749e-05
# File last opened on Fri Jan  6 02:57:02 2023
# We are writing, in that order, G-matrix location, A-matrix location, G connectance, G nestedness, A connectance, A nestedness, A-mode, alpha0 value, total number of simulations, proportion of feasible, stable, unstable, marginal and dominant eigenvalue
matrices/Nr25_Nc25/consumption/RandTrix_Nr25_Nc25_Nest0.6_Conn0.3712.txt matrices/Nr25_Nc25/syntrophy/optimized/previous_run_matrices/Metamatrices 0.3712 0.595085995085995 0.3712079088 0.433803656349749 random_structure 0.0104 1000000 0.085271 0.075954 0.009317 0 -5.1170791829341e-06
matrices/Nr25_Nc25/consumption/RandTrix_Nr25_Nc25_Nest0.35_Conn0.3216.txt matrices/Nr25_Nc25/syntrophy/optimized/previous_run_matrices/Metamatrices 0.3216 0.354089219330855 0.3186052128 0.368855641055095 optimized_matrix 0.014 1000000 0.221622 0.212336 0.009286 0 -1.33265893419183e-05
matrices/Nr25_Nc25/consumption/RandTrix_Nr25_Nc25_Nest0.6_Conn0.44.txt matrices/Nr25_Nc25/syntrophy/optimized/previous_run_matrices/Metamatrices 0.44 0.6 0.4399969216 0.503019865677874 random_structure 0.0104 1000000 0.101105 0.096827 0.004278 0 -1.70021698888143e-05
# File last opened on Fri Jan  6 03:19:38 2023
# We are writing, in that order, G-matrix location, A-matrix location, G connectance, G nestedness, A connectance, A nestedness, A-mode, alpha0 value, total number of simulations, proportion of feasible, stable, unstable, marginal and dominant eigenvalue
matrices/Nr25_Nc25/consumption/RandTrix_Nr25_Nc25_Nest0.55_Conn0.4176.txt matrices/Nr25_Nc25/syntrophy/optimized/previous_run_matrices/Metamatrices 0.4176 0.546571541815299 0.4249011728 0.546724316303722 optimized_matrix 0.014 1000000 0.135797 0.115802 0.019995 0 -5.13226658724266e-06
matrices/Nr25_Nc25/consumption/RandTrix_Nr25_Nc25_Nest0.3_Conn0.0816.txt matrices/Nr25_Nc25/syntrophy/optimized/previous_run_matrices/Metamatrices 0.0816 0.297435897435897 0.0642613376000003 0.512229315252742 optimized_matrix 0.014 1000000 0.054959 0.054959 0 0 -0.000491239263678692
matrices/Nr25_Nc25/consumption/RandTrix_Nr25_Nc25_Nest0.2_Conn0.168.txt matrices/Nr25_Nc25/syntrophy/optimized/previous_run_matrices/Metamatrices 0.168 0.202270381836945 0.1658678512 0.210899263268712 optimized_matrix 0.0013 1000000 0.358581 0.358576 5e-06 0 -1.14941766826145e-05
matrices/Nr25_Nc25/consumption/RandTrix_Nr25_Nc25_Nest0.5_Conn0.0912.txt matrices/Nr25_Nc25/syntrophy/optimized/previous_run_matrices/Metamatrices 0.0912 0.50278293135436 0.0752323727999998 0.479997425811831 optimized_matrix 0.014 1000000 0.014928 0.014928 0 0 -0.000283840814224505
matrices/Nr25_Nc25/consumption/RandTrix_Nr25_Nc25_Nest0.3_Conn0.128.txt matrices/Nr25_Nc25/syntrophy/optimized/previous_run_matrices/Metamatrices 0.128 0.3 0.1210306448 0.278858084095714 optimized_matrix 0.014 1000000 0.067836 0.067836 0 0 -3.81055867945545e-05
matrices/Nr25_Nc25/consumption/RandTrix_Nr25_Nc25_Nest0.15_Conn0.08.txt matrices/Nr25_Nc25/syntrophy/optimized/previous_run_matrices/Metamatrices 0.0816 0.15 0.0615626224000004 0.245334649593943 optimized_matrix 0.0078 1000000 0.1265 0.1265 0 0 -9.01522626182966e-05
matrices/Nr25_Nc25/consumption/RandTrix_Nr25_Nc25_Nest0.5_Conn0.1248.txt matrices/Nr25_Nc25/syntrophy/optimized/previous_run_matrices/Metamatrices 0.1248 0.5 0.1183843104 0.374154210487041 optimized_matrix 0.014 1000000 0.070365 0.070365 0 0 -0.000104806689294449
matrices/Nr25_Nc25/consumption/RandTrix_Nr25_Nc25_Nest0.35_Conn0.08.txt matrices/Nr25_Nc25/syntrophy/optimized/previous_run_matrices/Metamatrices 0.08 0.35 0.0620526688000004 0.50113512741941 optimized_matrix 0.0013 1000000 0.137997 0.137997 0 0 -0.00014473487796738
matrices/Nr25_Nc25/consumption/RandTrix_Nr25_Nc25_Nest0.5_Conn0.1744.txt matrices/Nr25_Nc25/syntrophy/optimized/previous_run_matrices/Metamatrices 0.1744 0.5 0.220601032 0.442813130328214 optimized_matrix 0.014 1000000 0.034583 0.034583 0 0 -0.000101902298291843
matrices/Nr25_Nc25/consumption/RandTrix_Nr25_Nc25_Nest0.3_Conn0.1776.txt matrices/Nr25_Nc25/syntrophy/optimized/previous_run_matrices/Metamatrices 0.1776 0.3 0.1790782384 0.314302003175637 optimized_matrix 0.014 1000000 0.151118 0.151118 0 0 -6.27157479739982e-05
matrices/Nr25_Nc25/consumption/RandTrix_Nr25_Nc25_Nest0.35_Conn0.1328.txt matrices/Nr25_Nc25/syntrophy/optimized/previous_run_matrices/Metamatrices 0.1328 0.35 0.1309229168 0.272960124078989 optimized_matrix 0.0013 1000000 0.176611 0.176611 0 0 -1.00866124494424e-05
matrices/Nr25_Nc25/consumption/RandTrix_Nr25_Nc25_Nest0.5_Conn0.2496.txt matrices/Nr25_Nc25/syntrophy/optimized/previous_run_matrices/Metamatrices 0.2496 0.5 0.2775636288 0.471384630290337 optimized_matrix 0.014 1000000 0.064573 0.064573 0 0 -2.57470247008187e-05
matrices/Nr25_Nc25/consumption/RandTrix_Nr25_Nc25_Nest0.15_Conn0.12.txt matrices/Nr25_Nc25/syntrophy/optimized/previous_run_matrices/Metamatrices 0.12 0.151419558359621 0.11456884 0.170656275244193 optimized_matrix 0.0078 1000000 0.366451 0.36645 1e-06 0 -1.58507858812349e-05
matrices/Nr25_Nc25/consumption/RandTrix_Nr25_Nc25_Nest0.3_Conn0.2272.txt matrices/Nr25_Nc25/syntrophy/optimized/previous_run_matrices/Metamatrices 0.2272 0.297439759036145 0.223255184 0.304823005903793 optimized_matrix 0.014 1000000 0.237218 0.237063 0.000155 0 -4.27066616723769e-05
matrices/Nr25_Nc25/consumption/RandTrix_Nr25_Nc25_Nest0.5_Conn0.2928.txt matrices/Nr25_Nc25/syntrophy/optimized/previous_run_matrices/Metamatrices 0.2928 0.5 0.3066075568 0.481753703035408 optimized_matrix 0.014 1000000 0.10979 0.109333 0.000457 0 -1.37493009915446e-05
matrices/Nr25_Nc25/consumption/RandTrix_Nr25_Nc25_Nest0.35_Conn0.1712.txt matrices/Nr25_Nc25/syntrophy/optimized/previous_run_matrices/Metamatrices 0.1712 0.35 0.17575872 0.299949184261635 optimized_matrix 0.0013 1000000 0.188115 0.188112 3e-06 0 -1.33770136077672e-06
# File last opened on Fri Jan  6 04:41:50 2023
# We are writing, in that order, G-matrix location, A-matrix location, G connectance, G nestedness, A connectance, A nestedness, A-mode, alpha0 value, total number of simulations, proportion of feasible, stable, unstable, marginal and dominant eigenvalue
matrices/Nr25_Nc25/consumption/RandTrix_Nr25_Nc25_Nest0.5_Conn0.32.txt matrices/Nr25_Nc25/syntrophy/optimized/previous_run_matrices/Metamatrices 0.32 0.498845265588915 0.3192125232 0.490452471047376 optimized_matrix 0.014 1000000 0.152321 0.142285 0.010036 0 -6.96916260908252e-06
matrices/Nr25_Nc25/consumption/RandTrix_Nr25_Nc25_Nest0.3_Conn0.2816.txt matrices/Nr25_Nc25/syntrophy/optimized/previous_run_matrices/Metamatrices 0.2816 0.302762430939227 0.2822515696 0.305601606865783 optimized_matrix 0.014 1000000 0.246578 0.234676 0.011902 0 -1.71310300425711e-05
matrices/Nr25_Nc25/consumption/RandTrix_Nr25_Nc25_Nest0.15_Conn0.08.txt matrices/Nr25_Nc25/syntrophy/optimized/previous_run_matrices/Metamatrices 0.0816 0.15 0.0815999743999999 0.127721748250806 random_structure 0.0039 1000000 0.263064 0.263063 1e-06 0 -5.3470971701569e-05
matrices/Nr25_Nc25/consumption/RandTrix_Nr25_Nc25_Nest0.45_Conn0.0816.txt matrices/Nr25_Nc25/syntrophy/optimized/previous_run_matrices/Metamatrices 0.0816 0.452 0.0677488672 0.787431653599424 optimized_matrix 0.014 1000000 0.000311 0.000311 0 0 -0.0004229131703284
matrices/Nr25_Nc25/consumption/RandTrix_Nr25_Nc25_Nest0.15_Conn0.1808.txt matrices/Nr25_Nc25/syntrophy/optimized/previous_run_matrices/Metamatrices 0.1808 0.158059467918623 0.1783130016 0.162655858063406 optimized_matrix 0.0078 1000000 0.441555 0.441489 6.6e-05 0 -7.33369562167715e-05
matrices/Nr25_Nc25/consumption/RandTrix_Nr25_Nc25_Nest0.5_Conn0.3824.txt matrices/Nr25_Nc25/syntrophy/optimized/previous_run_matrices/Metamatrices 0.3824 0.496305953933073 0.3792483616 0.497011644070148 optimized_matrix 0.014 1000000 0.151653 0.13776 0.013893 0 -8.05268724199834e-06
matrices/Nr25_Nc25/consumption/RandTrix_Nr25_Nc25_Nest0.45_Conn0.1232.txt matrices/Nr25_Nc25/syntrophy/optimized/previous_run_matrices/Metamatrices 0.1232 0.45 0.122081056 0.262354929328616 optimized_matrix 0.014 1000000 0.069012 0.069012 0 0 -5.29168122145165e-05
matrices/Nr25_Nc25/consumption/RandTrix_Nr25_Nc25_Nest0.45_Conn0.1856.txt matrices/Nr25_Nc25/syntrophy/optimized/previous_run_matrices/Metamatrices 0.1856 0.449874686716792 0.2049023632 0.39614511255605 optimized_matrix 0.014 1000000 0.069467 0.069467 0 0 -4.58196201010667e-05
matrices/Nr25_Nc25/consumption/RandTrix_Nr25_Nc25_Nest0.5_Conn0.416.txt matrices/Nr25_Nc25/syntrophy/optimized/previous_run_matrices/Metamatrices 0.416 0.504988488104375 0.4164911488 0.508412744580718 optimized_matrix 0.014 1000000 0.14244 0.130527 0.011913 0 -9.4366333955966e-06
matrices/Nr25_Nc25/consumption/RandTrix_Nr25_Nc25_Nest0.15_Conn0.12.txt matrices/Nr25_Nc25/syntrophy/optimized/previous_run_matrices/Metamatrices 0.12 0.151419558359621 0.1199768848 0.170077550045662 random_structure 0.0039 1000000 0.383266 0.382872 0.000394 0 -1.49156739673635e-05
matrices/Nr25_Nc25/consumption/RandTrix_Nr25_Nc25_Nest0.6_Conn0.12.txt matrices/Nr25_Nc25/syntrophy/optimized/previous_run_matrices/Metamatrices 0.12 0.6 0.1102767232 0.440077089972448 optimized_matrix 0.014 1000000 0.024904 0.024904 0 0 -0.000196543588944078
matrices/Nr25_Nc25/consumption/RandTrix_Nr25_Nc25_Nest0.1_Conn0.0816.txt matrices/Nr25_Nc25/syntrophy/optimized/previous_run_matrices/Metamatrices 0.0816 0.1 0.0651038816000002 0.131894033168464 optimized_matrix 0.0078 1000000 0.33787 0.33787 0 0 -0.000254127897590577
matrices/Nr25_Nc25/consumption/RandTrix_Nr25_Nc25_Nest0.45_Conn0.216.txt matrices/Nr25_Nc25/syntrophy/optimized/previous_run_matrices/Metamatrices 0.216 0.45 0.2294263568 0.398416237463086 optimized_matrix 0.014 1000000 0.044724 0.044724 0 0 -1.32357450457675e-05
matrices/Nr25_Nc25/consumption/RandTrix_Nr25_Nc25_Nest0.6_Conn0.16.txt matrices/Nr25_Nc25/syntrophy/optimized/previous_run_matrices/Metamatrices 0.16 0.6 0.1521243616 0.446430480125595 optimized_matrix 0.014 1000000 0.023094 0.023094 0 0 -2.67809778026757e-05
matrices/Nr25_Nc25/consumption/RandTrix_Nr25_Nc25_Nest0.45_Conn0.2672.txt matrices/Nr25_Nc25/syntrophy/optimized/previous_run_matrices/Metamatrices 0.2672 0.446518305814788 0.27392868 0.445202765256742 optimized_matrix 0.014 1000000 0.105097 0.102684 0.002413 0 -7.1348481658579e-06
matrices/Nr25_Nc25/consumption/RandTrix_Nr25_Nc25_Nest0.6_Conn0.2048.txt matrices/Nr25_Nc25/syntrophy/optimized/previous_run_matrices/Metamatrices 0.2048 0.6 0.2094359984 0.473696092878605 optimized_matrix 0.014 1000000 0.035136 0.035136 0 0 -1.22898457565912e-05
matrices/Nr25_Nc25/consumption/RandTrix_Nr25_Nc25_Nest0.15_Conn0.1808.txt matrices/Nr25_Nc25/syntrophy/optimized/previous_run_matrices/Metamatrices 0.1808 0.158059467918623 0.1807910288 0.23585295820892 random_structure 0.0039 1000000 0.44688 0.446334 0.000546 0 -7.27860553651024e-05
matrices/Nr25_Nc25/consumption/RandTrix_Nr25_Nc25_Nest0.6_Conn0.3168.txt matrices/Nr25_Nc25/syntrophy/optimized/previous_run_matrices/Metamatrices 0.3168 0.599869024230517 0.3258758672 0.571302167375992 optimized_matrix 0.014 1000000 0.078106 0.077977 0.000129 0 -1.07788511114538e-05
matrices/Nr25_Nc25/consumption/RandTrix_Nr25_Nc25_Nest0.45_Conn0.3168.txt matrices/Nr25_Nc25/syntrophy/optimized/previous_run_matrices/Metamatrices 0.3168 0.445459430413756 0.3184897312 0.438560486693017 optimized_matrix 0.014 1000000 0.151196 0.144194 0.007002 0 -9.55448973114426e-06
matrices/Nr25_Nc25/consumption/RandTrix_Nr25_Nc25_Nest0.1_Conn0.1296.txt matrices/Nr25_Nc25/syntrophy/optimized/previous_run_matrices/Metamatrices 0.1296 0.10479375696767 0.1247698832 0.10981157480632 optimized_matrix 0.0078 1000000 0.519962 0.502338 0.017624 0 -1.30482704270432e-05
matrices/Nr25_Nc25/consumption/RandTrix_Nr25_Nc25_Nest0.6_Conn0.3712.txt matrices/Nr25_Nc25/syntrophy/optimized/previous_run_matrices/Metamatrices 0.3712 0.595085995085995 0.3793450528 0.575328424927568 optimized_matrix 0.014 1000000 0.10338 0.094085 0.009295 0 -4.64263494916328e-06
matrices/Nr25_Nc25/consumption/RandTrix_Nr25_Nc25_Nest0.45_Conn0.384.txt matrices/Nr25_Nc25/syntrophy/optimized/previous_run_matrices/Metamatrices 0.384 0.452352708580467 0.3807300992 0.471873042815374 optimized_matrix 0.014 1000000 0.160563 0.159433 0.00113 0 -3.24821596655904e-05
# File last opened on Fri Jan  6 07:13:00 2023
# We are writing, in that order, G-matrix location, A-matrix location, G connectance, G nestedness, A connectance, A nestedness, A-mode, alpha0 value, total number of simulations, proportion of feasible, stable, unstable, marginal and dominant eigenvalue
matrices/Nr25_Nc25/consumption/RandTrix_Nr25_Nc25_Nest0.25_Conn0.0832.txt matrices/Nr25_Nc25/syntrophy/optimized/previous_run_matrices/Metamatrices 0.0832 0.25 0.0868133216 0.461110267694233 optimized_matrix 0.0078 1000000 0.113574 0.113574 0 0 -0.000686869444736404
matrices/Nr25_Nc25/consumption/RandTrix_Nr25_Nc25_Nest0.6_Conn0.44.txt matrices/Nr25_Nc25/syntrophy/optimized/previous_run_matrices/Metamatrices 0.44 0.6 0.444358952 0.592122227361451 optimized_matrix 0.014 1000000 0.102918 0.100049 0.002869 0 -1.77519001303866e-05
# File last opened on Fri Jan  6 07:23:38 2023
# We are writing, in that order, G-matrix location, A-matrix location, G connectance, G nestedness, A connectance, A nestedness, A-mode, alpha0 value, total number of simulations, proportion of feasible, stable, unstable, marginal and dominant eigenvalue
matrices/Nr25_Nc25/consumption/RandTrix_Nr25_Nc25_Nest0.1_Conn0.0816.txt matrices/Nr25_Nc25/syntrophy/optimized/previous_run_matrices/Metamatrices 0.0816 0.1 0.0815970415999999 0.12766613602 random_structure 0.0039 1000000 0.395064 0.395064 0 0 -0.00021104667704646
matrices/Nr25_Nc25/consumption/RandTrix_Nr25_Nc25_Nest0.35_Conn0.2208.txt matrices/Nr25_Nc25/syntrophy/optimized/previous_run_matrices/Metamatrices 0.2208 0.347043701799486 0.2210308992 0.351713104086388 optimized_matrix 0.0065 1000000 0.229144 0.213391 0.015753 0 -1.91683109761305e-06
matrices/Nr25_Nc25/consumption/RandTrix_Nr25_Nc25_Nest0.25_Conn0.1392.txt matrices/Nr25_Nc25/syntrophy/optimized/previous_run_matrices/Metamatrices 0.1392 0.25 0.1267977648 0.255167516870897 optimized_matrix 0.0078 1000000 0.209151 0.209151 0 0 -4.82462915658723e-05
matrices/Nr25_Nc25/consumption/RandTrix_Nr25_Nc25_Nest0.55_Conn0.4176.txt matrices/Nr25_Nc25/syntrophy/optimized/previous_run_matrices/Metamatrices 0.4176 0.546571541815299 0.4249011728 0.546724316303722 optimized_matrix 0.0026 1000000 0.203413 0.188385 0.015028 0 -3.09058562368337e-06
matrices/Nr25_Nc25/consumption/RandTrix_Nr25_Nc25_Nest0.5_Conn0.0912.txt matrices/Nr25_Nc25/syntrophy/optimized/previous_run_matrices/Metamatrices 0.0912 0.50278293135436 0.0752323727999998 0.479997425811831 optimized_matrix 0.0026 1000000 0.088155 0.088155 0 0 -0.00011974798605446
matrices/Nr25_Nc25/consumption/RandTrix_Nr25_Nc25_Nest0.35_Conn0.272.txt matrices/Nr25_Nc25/syntrophy/optimized/previous_run_matrices/Metamatrices 0.272 0.346769413159455 0.269405608 0.35540577922339 optimized_matrix 0.0065 1000000 0.251043 0.250982 6.1e-05 0 -3.79399582700222e-05
matrices/Nr25_Nc25/consumption/RandTrix_Nr25_Nc25_Nest0.1_Conn0.1296.txt matrices/Nr25_Nc25/syntrophy/optimized/previous_run_matrices/Metamatrices 0.1296 0.10479375696767 0.1296167584 0.1806037628255 random_structure 0.0039 1000000 0.520069 0.492765 0.027304 0 -1.28607558982048e-05
matrices/Nr25_Nc25/consumption/RandTrix_Nr25_Nc25_Nest0.25_Conn0.184.txt matrices/Nr25_Nc25/syntrophy/optimized/previous_run_matrices/Metamatrices 0.184 0.245901639344262 0.1845147936 0.242748619538259 optimized_matrix 0.0078 1000000 0.275156 0.254168 0.020988 0 -3.70591620934206e-06
matrices/Nr25_Nc25/consumption/RandTrix_Nr25_Nc25_Nest0.5_Conn0.1248.txt matrices/Nr25_Nc25/syntrophy/optimized/previous_run_matrices/Metamatrices 0.1248 0.5 0.1183843104 0.374154210487041 optimized_matrix 0.0026 1000000 0.157184 0.157184 0 0 -5.51110034323479e-05
matrices/Nr25_Nc25/consumption/RandTrix_Nr25_Nc25_Nest0.25_Conn0.0832.txt matrices/Nr25_Nc25/syntrophy/optimized/previous_run_matrices/Metamatrices 0.0832 0.25 0.0832107664 0.12951657691153 random_structure 0.0039 1000000 0.252188 0.252188 0 0 -0.000365819371912368
matrices/Nr25_Nc25/consumption/RandTrix_Nr25_Nc25_Nest0.35_Conn0.3216.txt matrices/Nr25_Nc25/syntrophy/optimized/previous_run_matrices/Metamatrices 0.3216 0.354089219330855 0.3186052128 0.368855641055095 optimized_matrix 0.0065 1000000 0.255435 0.248653 0.006782 0 -1.14286606625288e-05
matrices/Nr25_Nc25/consumption/RandTrix_Nr25_Nc25_Nest0.5_Conn0.1744.txt matrices/Nr25_Nc25/syntrophy/optimized/previous_run_matrices/Metamatrices 0.1744 0.5 0.220601032 0.442813130328214 optimized_matrix 0.0026 1000000 0.151345 0.151345 0 0 -4.78417850719199e-05
matrices/Nr25_Nc25/consumption/RandTrix_Nr25_Nc25_Nest0.25_Conn0.2336.txt matrices/Nr25_Nc25/syntrophy/optimized/previous_run_matrices/Metamatrices 0.2336 0.252631578947368 0.230285830399999 0.26438404232998 optimized_matrix 0.0078 1000000 0.30764 0.307638 2e-06 0 -6.58291038826066e-05
matrices/Nr25_Nc25/consumption/RandTrix_Nr25_Nc25_Nest0.3_Conn0.0816.txt matrices/Nr25_Nc25/syntrophy/optimized/previous_run_matrices/Metamatrices 0.0816 0.297435897435897 0.0642613376000003 0.512229315252742 optimized_matrix 0.0065 1000000 0.113213 0.113213 0 0 -0.000334364714716675
matrices/Nr25_Nc25/consumption/RandTrix_Nr25_Nc25_Nest0.25_Conn0.1392.txt matrices/Nr25_Nc25/syntrophy/optimized/previous_run_matrices/Metamatrices 0.1392 0.25 0.1392103632 0.191032834888657 random_structure 0.0039 1000000 0.236286 0.236286 0 0 -4.22070953471461e-05
matrices/Nr25_Nc25/consumption/RandTrix_Nr25_Nc25_Nest0.5_Conn0.2496.txt matrices/Nr25_Nc25/syntrophy/optimized/previous_run_matrices/Metamatrices 0.2496 0.5 0.2775636288 0.471384630290337 optimized_matrix 0.0026 1000000 0.188486 0.188486 0 0 -1.35369294091682e-05
matrices/Nr25_Nc25/consumption/RandTrix_Nr25_Nc25_Nest0.3_Conn0.128.txt matrices/Nr25_Nc25/syntrophy/optimized/previous_run_matrices/Metamatrices 0.128 0.3 0.1210306448 0.278858084095714 optimized_matrix 0.0065 1000000 0.118299 0.118299 0 0 -2.70211150427625e-05
matrices/Nr25_Nc25/consumption/RandTrix_Nr25_Nc25_Nest0.2_Conn0.0896.txt matrices/Nr25_Nc25/syntrophy/optimized/previous_run_matrices/Metamatrices 0.0896 0.2 0.0743839375999998 0.166409598955902 optimized_matrix 0.0078 1000000 0.222456 0.222456 0 0 -3.96770670246121e-05
matrices/Nr25_Nc25/consumption/RandTrix_Nr25_Nc25_Nest0.25_Conn0.184.txt matrices/Nr25_Nc25/syntrophy/optimized/previous_run_matrices/Metamatrices 0.184 0.245901639344262 0.184006416 0.239307478491953 random_structure 0.0039 1000000 0.264096 0.242845 0.021251 0 -3.64773288331292e-06
matrices/Nr25_Nc25/consumption/RandTrix_Nr25_Nc25_Nest0.5_Conn0.2928.txt matrices/Nr25_Nc25/syntrophy/optimized/previous_run_matrices/Metamatrices 0.2928 0.5 0.3066075568 0.481753703035408 optimized_matrix 0.0026 1000000 0.209935 0.209451 0.000484 0 -8.03907585943371e-06
matrices/Nr25_Nc25/consumption/RandTrix_Nr25_Nc25_Nest0.3_Conn0.1776.txt matrices/Nr25_Nc25/syntrophy/optimized/previous_run_matrices/Metamatrices 0.1776 0.3 0.1790782384 0.314302003175637 optimized_matrix 0.0065 1000000 0.231022 0.231022 0 0 -4.69591533910581e-05
matrices/Nr25_Nc25/consumption/RandTrix_Nr25_Nc25_Nest0.2_Conn0.1328.txt matrices/Nr25_Nc25/syntrophy/optimized/previous_run_matrices/Metamatrices 0.1328 0.2 0.1241504848 0.205648790089566 optimized_matrix 0.0078 1000000 0.307846 0.307819 2.7e-05 0 -4.98684103127135e-06
matrices/Nr25_Nc25/consumption/RandTrix_Nr25_Nc25_Nest0.25_Conn0.2336.txt matrices/Nr25_Nc25/syntrophy/optimized/previous_run_matrices/Metamatrices 0.2336 0.252631578947368 0.2335827632 0.291809857193748 random_structure 0.0039 1000000 0.312491 0.312327 0.000164 0 -6.43529190933833e-05
matrices/Nr25_Nc25/consumption/RandTrix_Nr25_Nc25_Nest0.5_Conn0.32.txt matrices/Nr25_Nc25/syntrophy/optimized/previous_run_matrices/Metamatrices 0.32 0.498845265588915 0.3192125232 0.490452471047376 optimized_matrix 0.0026 1000000 0.215097 0.208887 0.00621 0 -4.68821847250273e-06
matrices/Nr25_Nc25/consumption/RandTrix_Nr25_Nc25_Nest0.3_Conn0.2272.txt matrices/Nr25_Nc25/syntrophy/optimized/previous_run_matrices/Metamatrices 0.2272 0.297439759036145 0.223255184 0.304823005903793 optimized_matrix 0.0065 1000000 0.283972 0.283868 0.000104 0 -3.60549391207183e-05
matrices/Nr25_Nc25/consumption/RandTrix_Nr25_Nc25_Nest0.2_Conn0.0896.txt matrices/Nr25_Nc25/syntrophy/optimized/previous_run_matrices/Metamatrices 0.0896 0.2 0.089578408 0.136580502939491 random_structure 0.0039 1000000 0.218185 0.218185 0 0 -3.78036811448007e-05
matrices/Nr25_Nc25/consumption/RandTrix_Nr25_Nc25_Nest0.2_Conn0.168.txt matrices/Nr25_Nc25/syntrophy/optimized/previous_run_matrices/Metamatrices 0.168 0.202270381836945 0.1658678512 0.210899263268712 optimized_matrix 0.0078 1000000 0.25779 0.257764 2.6e-05 0 -1.53710852927734e-05
matrices/Nr25_Nc25/consumption/RandTrix_Nr25_Nc25_Nest0.5_Conn0.3824.txt matrices/Nr25_Nc25/syntrophy/optimized/previous_run_matrices/Metamatrices 0.3824 0.496305953933073 0.3792483616 0.497011644070148 optimized_matrix 0.0026 1000000 0.212105 0.203877 0.008228 0 -5.69494972150018e-06
matrices/Nr25_Nc25/consumption/RandTrix_Nr25_Nc25_Nest0.35_Conn0.08.txt matrices/Nr25_Nc25/syntrophy/optimized/previous_run_matrices/Metamatrices 0.08 0.35 0.0620526688000004 0.50113512741941 optimized_matrix 0.0078 1000000 0.039228 0.039228 0 0 -0.00032914461593461
matrices/Nr25_Nc25/consumption/RandTrix_Nr25_Nc25_Nest0.3_Conn0.2816.txt matrices/Nr25_Nc25/syntrophy/optimized/previous_run_matrices/Metamatrices 0.2816 0.302762430939227 0.2822515696 0.305601606865783 optimized_matrix 0.0065 1000000 0.292442 0.283695 0.008747 0 -1.46037506001468e-05
matrices/Nr25_Nc25/consumption/RandTrix_Nr25_Nc25_Nest0.35_Conn0.1328.txt matrices/Nr25_Nc25/syntrophy/optimized/previous_run_matrices/Metamatrices 0.1328 0.35 0.1309229168 0.272960124078989 optimized_matrix 0.0078 1000000 0.0843 0.0843 0 0 -1.83232023125283e-05
matrices/Nr25_Nc25/consumption/RandTrix_Nr25_Nc25_Nest0.2_Conn0.1328.txt matrices/Nr25_Nc25/syntrophy/optimized/previous_run_matrices/Metamatrices 0.1328 0.2 0.1328043296 0.184054487967126 random_structure 0.0039 1000000 0.318062 0.314593 0.003469 0 -4.65419840788675e-06
matrices/Nr25_Nc25/consumption/RandTrix_Nr25_Nc25_Nest0.5_Conn0.416.txt matrices/Nr25_Nc25/syntrophy/optimized/previous_run_matrices/Metamatrices 0.416 0.504988488104375 0.4164911488 0.508412744580718 optimized_matrix 0.0026 1000000 0.215495 0.206627 0.008868 0 -5.84871449603896e-06
matrices/Nr25_Nc25/consumption/RandTrix_Nr25_Nc25_Nest0.45_Conn0.0816.txt matrices/Nr25_Nc25/syntrophy/optimized/previous_run_matrices/Metamatrices 0.0816 0.452 0.0677488672 0.787431653599424 optimized_matrix 0.0065 1000000 0.028254 0.028254 0 0 -0.000264037052559739
matrices/Nr25_Nc25/consumption/RandTrix_Nr25_Nc25_Nest0.35_Conn0.1712.txt matrices/Nr25_Nc25/syntrophy/optimized/previous_run_matrices/Metamatrices 0.1712 0.35 0.17575872 0.299949184261635 optimized_matrix 0.0078 1000000 0.092152 0.092145 7e-06 0 -2.3820849892574e-06
# File last opened on Fri Jan  6 11:34:40 2023
# We are writing, in that order, G-matrix location, A-matrix location, G connectance, G nestedness, A connectance, A nestedness, A-mode, alpha0 value, total number of simulations, proportion of feasible, stable, unstable, marginal and dominant eigenvalue
matrices/Nr25_Nc25/consumption/RandTrix_Nr25_Nc25_Nest0.6_Conn0.12.txt matrices/Nr25_Nc25/syntrophy/optimized/previous_run_matrices/Metamatrices 0.12 0.6 0.1102767232 0.440077089972448 optimized_matrix 0.0026 1000000 0.095894 0.095894 0 0 -8.70806599494568e-05
matrices/Nr25_Nc25/consumption/RandTrix_Nr25_Nc25_Nest0.45_Conn0.1232.txt matrices/Nr25_Nc25/syntrophy/optimized/previous_run_matrices/Metamatrices 0.1232 0.45 0.122081056 0.262354929328616 optimized_matrix 0.0065 1000000 0.107392 0.107392 0 0 -3.88624172523374e-05
matrices/Nr25_Nc25/consumption/RandTrix_Nr25_Nc25_Nest0.2_Conn0.168.txt matrices/Nr25_Nc25/syntrophy/optimized/previous_run_matrices/Metamatrices 0.168 0.202270381836945 0.1679914464 0.222130988702653 random_structure 0.0039 1000000 0.288688 0.288491 0.000197 0 -1.41525039316103e-05
matrices/Nr25_Nc25/consumption/RandTrix_Nr25_Nc25_Nest0.6_Conn0.16.txt matrices/Nr25_Nc25/syntrophy/optimized/previous_run_matrices/Metamatrices 0.16 0.6 0.1521243616 0.446430480125595 optimized_matrix 0.0026 1000000 0.088156 0.088156 0 0 -1.26423220076225e-05
matrices/Nr25_Nc25/consumption/RandTrix_Nr25_Nc25_Nest0.15_Conn0.08.txt matrices/Nr25_Nc25/syntrophy/optimized/previous_run_matrices/Metamatrices 0.0816 0.15 0.0615626224000004 0.245334649593943 optimized_matrix 0.0052 1000000 0.167447 0.167447 0 0 -7.61812673914587e-05
matrices/Nr25_Nc25/consumption/RandTrix_Nr25_Nc25_Nest0.35_Conn0.08.txt matrices/Nr25_Nc25/syntrophy/optimized/previous_run_matrices/Metamatrices 0.08 0.35 0.0799850767999999 0.125902935361452 random_structure 0.0039 1000000 0.149123 0.149123 0 0 -0.00012914578537257
matrices/Nr25_Nc25/consumption/RandTrix_Nr25_Nc25_Nest0.45_Conn0.1856.txt matrices/Nr25_Nc25/syntrophy/optimized/previous_run_matrices/Metamatrices 0.1856 0.449874686716792 0.2049023632 0.39614511255605 optimized_matrix 0.0065 1000000 0.126963 0.126963 0 0 -3.26964563939365e-05
matrices/Nr25_Nc25/consumption/RandTrix_Nr25_Nc25_Nest0.6_Conn0.2048.txt matrices/Nr25_Nc25/syntrophy/optimized/previous_run_matrices/Metamatrices 0.2048 0.6 0.2094359984 0.473696092878605 optimized_matrix 0.0026 1000000 0.106921 0.106921 0 0 -5.89447713668727e-06
matrices/Nr25_Nc25/consumption/RandTrix_Nr25_Nc25_Nest0.35_Conn0.1328.txt matrices/Nr25_Nc25/syntrophy/optimized/previous_run_matrices/Metamatrices 0.1328 0.35 0.1327961136 0.184054593909653 random_structure 0.0039 1000000 0.13322 0.133212 8e-06 0 -1.27125367808956e-05
matrices/Nr25_Nc25/consumption/RandTrix_Nr25_Nc25_Nest0.45_Conn0.216.txt matrices/Nr25_Nc25/syntrophy/optimized/previous_run_matrices/Metamatrices 0.216 0.45 0.2294263568 0.398416237463086 optimized_matrix 0.0065 1000000 0.086028 0.086027 1e-06 0 -9.14333420359862e-06
matrices/Nr25_Nc25/consumption/RandTrix_Nr25_Nc25_Nest0.6_Conn0.3168.txt matrices/Nr25_Nc25/syntrophy/optimized/previous_run_matrices/Metamatrices 0.3168 0.599869024230517 0.3258758672 0.571302167375992 optimized_matrix 0.0026 1000000 0.165967 0.165876 9.1e-05 0 -6.02253800754945e-06
matrices/Nr25_Nc25/consumption/RandTrix_Nr25_Nc25_Nest0.35_Conn0.1712.txt matrices/Nr25_Nc25/syntrophy/optimized/previous_run_matrices/Metamatrices 0.1712 0.35 0.1712106224 0.225569742058741 random_structure 0.0039 1000000 0.140958 0.139759 0.001199 0 -1.76077789044476e-06
# File last opened on Fri Jan  6 12:40:37 2023
# We are writing, in that order, G-matrix location, A-matrix location, G connectance, G nestedness, A connectance, A nestedness, A-mode, alpha0 value, total number of simulations, proportion of feasible, stable, unstable, marginal and dominant eigenvalue
matrices/Nr25_Nc25/consumption/RandTrix_Nr25_Nc25_Nest0.15_Conn0.12.txt matrices/Nr25_Nc25/syntrophy/optimized/previous_run_matrices/Metamatrices 0.12 0.151419558359621 0.11456884 0.170656275244193 optimized_matrix 0.0052 1000000 0.397679 0.397679 0 0 -1.46339107308559e-05
matrices/Nr25_Nc25/consumption/RandTrix_Nr25_Nc25_Nest0.45_Conn0.2672.txt matrices/Nr25_Nc25/syntrophy/optimized/previous_run_matrices/Metamatrices 0.2672 0.446518305814788 0.27392868 0.445202765256742 optimized_matrix 0.0065 1000000 0.16296 0.160192 0.002768 0 -5.28912676328376e-06
matrices/Nr25_Nc25/consumption/RandTrix_Nr25_Nc25_Nest0.15_Conn0.08.txt matrices/Nr25_Nc25/syntrophy/optimized/previous_run_matrices/Metamatrices 0.0816 0.15 0.0815999743999999 0.127721748250806 random_structure 0.0104 1000000 0.176728 0.176728 0 0 -7.18666577089734e-05
matrices/Nr25_Nc25/consumption/RandTrix_Nr25_Nc25_Nest0.6_Conn0.3712.txt matrices/Nr25_Nc25/syntrophy/optimized/previous_run_matrices/Metamatrices 0.3712 0.595085995085995 0.3793450528 0.575328424927568 optimized_matrix 0.0026 1000000 0.182321 0.173563 0.008758 0 -2.69544559974028e-06
matrices/Nr25_Nc25/consumption/RandTrix_Nr25_Nc25_Nest0.45_Conn0.3168.txt matrices/Nr25_Nc25/syntrophy/optimized/previous_run_matrices/Metamatrices 0.3168 0.445459430413756 0.3184897312 0.438560486693017 optimized_matrix 0.0065 1000000 0.196132 0.189665 0.006467 0 -7.46323139012288e-06
